[2024-11-28T10:09:46.915+0700] {local_task_job_runner.py:123} INFO - ::group::Pre task execution logs
[2024-11-28T10:09:46.920+0700] {taskinstance.py:2612} INFO - Dependencies all met for dep_context=non-requeueable deps ti=<TaskInstance: rocket_launch_pipeline.fetch_rocket_data manual__2024-11-06T11:32:35.199417+00:00 [queued]>
[2024-11-28T10:09:46.923+0700] {taskinstance.py:2612} INFO - Dependencies all met for dep_context=requeueable deps ti=<TaskInstance: rocket_launch_pipeline.fetch_rocket_data manual__2024-11-06T11:32:35.199417+00:00 [queued]>
[2024-11-28T10:09:46.923+0700] {taskinstance.py:2865} INFO - Starting attempt 1 of 4
[2024-11-28T10:09:46.930+0700] {taskinstance.py:2888} INFO - Executing <Task(BashOperator): fetch_rocket_data> on 2024-11-06 11:32:35.199417+00:00
[2024-11-28T10:09:46.931+0700] {standard_task_runner.py:72} INFO - Started process 76430 to run task
[2024-11-28T10:09:46.933+0700] {standard_task_runner.py:104} INFO - Running: ['airflow', 'tasks', 'run', 'rocket_launch_pipeline', 'fetch_rocket_data', 'manual__2024-11-06T11:32:35.199417+00:00', '--job-id', '103', '--raw', '--subdir', 'DAGS_FOLDER/dag.py', '--cfg-path', '/tmp/tmpu8vmcq5g']
[2024-11-28T10:09:46.933+0700] {standard_task_runner.py:105} INFO - Job 103: Subtask fetch_rocket_data
[2024-11-28T10:09:46.953+0700] {task_command.py:467} INFO - Running <TaskInstance: rocket_launch_pipeline.fetch_rocket_data manual__2024-11-06T11:32:35.199417+00:00 [running]> on host Web-container
[2024-11-28T10:09:46.986+0700] {taskinstance.py:3131} INFO - Exporting env vars: AIRFLOW_CTX_DAG_OWNER='airflow' AIRFLOW_CTX_DAG_ID='rocket_launch_pipeline' AIRFLOW_CTX_TASK_ID='fetch_rocket_data' AIRFLOW_CTX_EXECUTION_DATE='2024-11-06T11:32:35.199417+00:00' AIRFLOW_CTX_TRY_NUMBER='1' AIRFLOW_CTX_DAG_RUN_ID='manual__2024-11-06T11:32:35.199417+00:00'
[2024-11-28T10:09:46.987+0700] {logging_mixin.py:190} INFO - Task instance is in running state
[2024-11-28T10:09:46.987+0700] {logging_mixin.py:190} INFO -  Previous state of the Task instance: queued
[2024-11-28T10:09:46.987+0700] {logging_mixin.py:190} INFO - Current task name:fetch_rocket_data state:running start_date:2024-11-28 03:09:46.920298+00:00
[2024-11-28T10:09:46.987+0700] {logging_mixin.py:190} INFO - Dag name:rocket_launch_pipeline and current dag run status:running
[2024-11-28T10:09:46.987+0700] {taskinstance.py:731} INFO - ::endgroup::
[2024-11-28T10:09:46.987+0700] {subprocess.py:63} INFO - Tmp dir root location: /tmp
[2024-11-28T10:09:46.988+0700] {subprocess.py:75} INFO - Running command: ['/usr/bin/bash', '-c', 'curl -L -o /tmp/launches.json https://ll.thespacedevs.com/2.2.0/launch/upcoming']
[2024-11-28T10:09:46.992+0700] {subprocess.py:86} INFO - Output:
[2024-11-28T10:09:46.995+0700] {subprocess.py:93} INFO -   % Total    % Received % Xferd  Average Speed   Time    Time     Time  Current
[2024-11-28T10:09:46.996+0700] {subprocess.py:93} INFO -                                  Dload  Upload   Total   Spent    Left  Speed
[2024-11-28T10:09:48.070+0700] {subprocess.py:93} INFO -   0     0    0     0    0     0      0      0 --:--:-- --:--:-- --:--:--     0  0     0    0     0    0     0      0      0 --:--:-- --:--:-- --:--:--     0  0     0    0     0    0     0      0      0 --:--:--  0:00:01 --:--:--     0
[2024-11-28T10:09:48.538+0700] {subprocess.py:93} INFO -  36 44583   36 16384    0     0  11374      0  0:00:03  0:00:01  0:00:02 11374100 44583  100 44583    0     0  28899      0  0:00:01  0:00:01 --:--:--  269k
[2024-11-28T10:09:48.542+0700] {subprocess.py:97} INFO - Command exited with return code 0
[2024-11-28T10:09:48.561+0700] {taskinstance.py:340} INFO - ::group::Post task execution logs
[2024-11-28T10:09:48.561+0700] {taskinstance.py:352} INFO - Marking task as SUCCESS. dag_id=rocket_launch_pipeline, task_id=fetch_rocket_data, run_id=manual__2024-11-06T11:32:35.199417+00:00, execution_date=20241106T113235, start_date=20241128T030946, end_date=20241128T030948
[2024-11-28T10:09:48.573+0700] {logging_mixin.py:190} INFO - Task instance in success state
[2024-11-28T10:09:48.573+0700] {logging_mixin.py:190} INFO -  Previous state of the Task instance: running
[2024-11-28T10:09:48.574+0700] {logging_mixin.py:190} INFO - Dag name:rocket_launch_pipeline queued_at:2024-11-06 11:32:35.220780+00:00
[2024-11-28T10:09:48.574+0700] {logging_mixin.py:190} INFO - Task hostname:Web-container operator:BashOperator
[2024-11-28T10:09:48.595+0700] {local_task_job_runner.py:266} INFO - Task exited with return code 0
[2024-11-28T10:09:48.615+0700] {taskinstance.py:3900} INFO - 1 downstream tasks scheduled from follow-on schedule check
[2024-11-28T10:09:48.618+0700] {local_task_job_runner.py:245} INFO - ::endgroup::
