[2024-11-06T17:07:53.950+0700] {processor.py:186} INFO - Started process (PID=3822) to work on /home/fawzan/airflow/.venv/lib/python3.10/site-packages/airflow/example_dags/subdags/subdag.py
[2024-11-06T17:07:53.951+0700] {processor.py:914} INFO - Processing file /home/fawzan/airflow/.venv/lib/python3.10/site-packages/airflow/example_dags/subdags/subdag.py for tasks to queue
[2024-11-06T17:07:53.952+0700] {logging_mixin.py:190} INFO - [2024-11-06T17:07:53.952+0700] {dagbag.py:588} INFO - Filling up the DagBag from /home/fawzan/airflow/.venv/lib/python3.10/site-packages/airflow/example_dags/subdags/subdag.py
[2024-11-06T17:07:53.954+0700] {processor.py:927} WARNING - No viable dags retrieved from /home/fawzan/airflow/.venv/lib/python3.10/site-packages/airflow/example_dags/subdags/subdag.py
[2024-11-06T17:07:53.962+0700] {processor.py:208} INFO - Processing /home/fawzan/airflow/.venv/lib/python3.10/site-packages/airflow/example_dags/subdags/subdag.py took 0.018 seconds
[2024-11-06T17:13:24.779+0700] {processor.py:186} INFO - Started process (PID=3996) to work on /home/fawzan/airflow/.venv/lib/python3.10/site-packages/airflow/example_dags/subdags/subdag.py
[2024-11-06T17:13:24.782+0700] {processor.py:914} INFO - Processing file /home/fawzan/airflow/.venv/lib/python3.10/site-packages/airflow/example_dags/subdags/subdag.py for tasks to queue
[2024-11-06T17:13:24.784+0700] {logging_mixin.py:190} INFO - [2024-11-06T17:13:24.784+0700] {dagbag.py:588} INFO - Filling up the DagBag from /home/fawzan/airflow/.venv/lib/python3.10/site-packages/airflow/example_dags/subdags/subdag.py
[2024-11-06T17:13:24.786+0700] {processor.py:927} WARNING - No viable dags retrieved from /home/fawzan/airflow/.venv/lib/python3.10/site-packages/airflow/example_dags/subdags/subdag.py
[2024-11-06T17:13:24.795+0700] {processor.py:208} INFO - Processing /home/fawzan/airflow/.venv/lib/python3.10/site-packages/airflow/example_dags/subdags/subdag.py took 0.022 seconds
[2024-11-06T17:14:21.721+0700] {processor.py:186} INFO - Started process (PID=4068) to work on /home/fawzan/airflow/.venv/lib/python3.10/site-packages/airflow/example_dags/subdags/subdag.py
[2024-11-06T17:14:21.724+0700] {processor.py:914} INFO - Processing file /home/fawzan/airflow/.venv/lib/python3.10/site-packages/airflow/example_dags/subdags/subdag.py for tasks to queue
[2024-11-06T17:14:21.726+0700] {logging_mixin.py:190} INFO - [2024-11-06T17:14:21.726+0700] {dagbag.py:588} INFO - Filling up the DagBag from /home/fawzan/airflow/.venv/lib/python3.10/site-packages/airflow/example_dags/subdags/subdag.py
[2024-11-06T17:14:21.728+0700] {processor.py:927} WARNING - No viable dags retrieved from /home/fawzan/airflow/.venv/lib/python3.10/site-packages/airflow/example_dags/subdags/subdag.py
[2024-11-06T17:14:21.737+0700] {processor.py:208} INFO - Processing /home/fawzan/airflow/.venv/lib/python3.10/site-packages/airflow/example_dags/subdags/subdag.py took 0.020 seconds
[2024-11-06T17:15:14.345+0700] {processor.py:186} INFO - Started process (PID=4140) to work on /home/fawzan/airflow/.venv/lib/python3.10/site-packages/airflow/example_dags/subdags/subdag.py
[2024-11-06T17:15:14.348+0700] {processor.py:914} INFO - Processing file /home/fawzan/airflow/.venv/lib/python3.10/site-packages/airflow/example_dags/subdags/subdag.py for tasks to queue
[2024-11-06T17:15:14.352+0700] {logging_mixin.py:190} INFO - [2024-11-06T17:15:14.351+0700] {dagbag.py:588} INFO - Filling up the DagBag from /home/fawzan/airflow/.venv/lib/python3.10/site-packages/airflow/example_dags/subdags/subdag.py
[2024-11-06T17:15:14.355+0700] {processor.py:927} WARNING - No viable dags retrieved from /home/fawzan/airflow/.venv/lib/python3.10/site-packages/airflow/example_dags/subdags/subdag.py
[2024-11-06T17:15:14.367+0700] {processor.py:208} INFO - Processing /home/fawzan/airflow/.venv/lib/python3.10/site-packages/airflow/example_dags/subdags/subdag.py took 0.029 seconds
[2024-11-06T17:16:07.969+0700] {processor.py:186} INFO - Started process (PID=4204) to work on /home/fawzan/airflow/.venv/lib/python3.10/site-packages/airflow/example_dags/subdags/subdag.py
[2024-11-06T17:16:07.972+0700] {processor.py:914} INFO - Processing file /home/fawzan/airflow/.venv/lib/python3.10/site-packages/airflow/example_dags/subdags/subdag.py for tasks to queue
[2024-11-06T17:16:07.974+0700] {logging_mixin.py:190} INFO - [2024-11-06T17:16:07.974+0700] {dagbag.py:588} INFO - Filling up the DagBag from /home/fawzan/airflow/.venv/lib/python3.10/site-packages/airflow/example_dags/subdags/subdag.py
[2024-11-06T17:16:07.976+0700] {processor.py:927} WARNING - No viable dags retrieved from /home/fawzan/airflow/.venv/lib/python3.10/site-packages/airflow/example_dags/subdags/subdag.py
[2024-11-06T17:16:07.985+0700] {processor.py:208} INFO - Processing /home/fawzan/airflow/.venv/lib/python3.10/site-packages/airflow/example_dags/subdags/subdag.py took 0.020 seconds
[2024-11-06T18:13:13.017+0700] {processor.py:186} INFO - Started process (PID=2724) to work on /home/fawzan/airflow/.venv/lib/python3.10/site-packages/airflow/example_dags/subdags/subdag.py
[2024-11-06T18:13:13.018+0700] {processor.py:914} INFO - Processing file /home/fawzan/airflow/.venv/lib/python3.10/site-packages/airflow/example_dags/subdags/subdag.py for tasks to queue
[2024-11-06T18:13:13.020+0700] {logging_mixin.py:190} INFO - [2024-11-06T18:13:13.019+0700] {dagbag.py:588} INFO - Filling up the DagBag from /home/fawzan/airflow/.venv/lib/python3.10/site-packages/airflow/example_dags/subdags/subdag.py
[2024-11-06T18:13:13.021+0700] {processor.py:927} WARNING - No viable dags retrieved from /home/fawzan/airflow/.venv/lib/python3.10/site-packages/airflow/example_dags/subdags/subdag.py
[2024-11-06T18:13:13.029+0700] {processor.py:208} INFO - Processing /home/fawzan/airflow/.venv/lib/python3.10/site-packages/airflow/example_dags/subdags/subdag.py took 0.018 seconds
[2024-11-06T18:14:09.616+0700] {processor.py:186} INFO - Started process (PID=3325) to work on /home/fawzan/airflow/.venv/lib/python3.10/site-packages/airflow/example_dags/subdags/subdag.py
[2024-11-06T18:14:09.619+0700] {processor.py:914} INFO - Processing file /home/fawzan/airflow/.venv/lib/python3.10/site-packages/airflow/example_dags/subdags/subdag.py for tasks to queue
[2024-11-06T18:14:09.621+0700] {logging_mixin.py:190} INFO - [2024-11-06T18:14:09.621+0700] {dagbag.py:588} INFO - Filling up the DagBag from /home/fawzan/airflow/.venv/lib/python3.10/site-packages/airflow/example_dags/subdags/subdag.py
[2024-11-06T18:14:09.622+0700] {processor.py:927} WARNING - No viable dags retrieved from /home/fawzan/airflow/.venv/lib/python3.10/site-packages/airflow/example_dags/subdags/subdag.py
[2024-11-06T18:14:09.628+0700] {processor.py:208} INFO - Processing /home/fawzan/airflow/.venv/lib/python3.10/site-packages/airflow/example_dags/subdags/subdag.py took 0.017 seconds
[2024-11-06T18:15:00.188+0700] {processor.py:186} INFO - Started process (PID=3473) to work on /home/fawzan/airflow/.venv/lib/python3.10/site-packages/airflow/example_dags/subdags/subdag.py
[2024-11-06T18:15:00.191+0700] {processor.py:914} INFO - Processing file /home/fawzan/airflow/.venv/lib/python3.10/site-packages/airflow/example_dags/subdags/subdag.py for tasks to queue
[2024-11-06T18:15:00.194+0700] {logging_mixin.py:190} INFO - [2024-11-06T18:15:00.193+0700] {dagbag.py:588} INFO - Filling up the DagBag from /home/fawzan/airflow/.venv/lib/python3.10/site-packages/airflow/example_dags/subdags/subdag.py
[2024-11-06T18:15:00.196+0700] {processor.py:927} WARNING - No viable dags retrieved from /home/fawzan/airflow/.venv/lib/python3.10/site-packages/airflow/example_dags/subdags/subdag.py
[2024-11-06T18:15:00.203+0700] {processor.py:208} INFO - Processing /home/fawzan/airflow/.venv/lib/python3.10/site-packages/airflow/example_dags/subdags/subdag.py took 0.021 seconds
[2024-11-06T18:15:57.919+0700] {processor.py:186} INFO - Started process (PID=3635) to work on /home/fawzan/airflow/.venv/lib/python3.10/site-packages/airflow/example_dags/subdags/subdag.py
[2024-11-06T18:15:57.923+0700] {processor.py:914} INFO - Processing file /home/fawzan/airflow/.venv/lib/python3.10/site-packages/airflow/example_dags/subdags/subdag.py for tasks to queue
[2024-11-06T18:15:57.925+0700] {logging_mixin.py:190} INFO - [2024-11-06T18:15:57.924+0700] {dagbag.py:588} INFO - Filling up the DagBag from /home/fawzan/airflow/.venv/lib/python3.10/site-packages/airflow/example_dags/subdags/subdag.py
[2024-11-06T18:15:57.927+0700] {processor.py:927} WARNING - No viable dags retrieved from /home/fawzan/airflow/.venv/lib/python3.10/site-packages/airflow/example_dags/subdags/subdag.py
[2024-11-06T18:15:57.934+0700] {processor.py:208} INFO - Processing /home/fawzan/airflow/.venv/lib/python3.10/site-packages/airflow/example_dags/subdags/subdag.py took 0.022 seconds
[2024-11-06T18:17:12.797+0700] {processor.py:186} INFO - Started process (PID=3860) to work on /home/fawzan/airflow/.venv/lib/python3.10/site-packages/airflow/example_dags/subdags/subdag.py
[2024-11-06T18:17:12.800+0700] {processor.py:914} INFO - Processing file /home/fawzan/airflow/.venv/lib/python3.10/site-packages/airflow/example_dags/subdags/subdag.py for tasks to queue
[2024-11-06T18:17:12.802+0700] {logging_mixin.py:190} INFO - [2024-11-06T18:17:12.801+0700] {dagbag.py:588} INFO - Filling up the DagBag from /home/fawzan/airflow/.venv/lib/python3.10/site-packages/airflow/example_dags/subdags/subdag.py
[2024-11-06T18:17:12.804+0700] {processor.py:927} WARNING - No viable dags retrieved from /home/fawzan/airflow/.venv/lib/python3.10/site-packages/airflow/example_dags/subdags/subdag.py
[2024-11-06T18:17:12.813+0700] {processor.py:208} INFO - Processing /home/fawzan/airflow/.venv/lib/python3.10/site-packages/airflow/example_dags/subdags/subdag.py took 0.022 seconds
[2024-11-06T18:18:03.447+0700] {processor.py:186} INFO - Started process (PID=3981) to work on /home/fawzan/airflow/.venv/lib/python3.10/site-packages/airflow/example_dags/subdags/subdag.py
[2024-11-06T18:18:03.450+0700] {processor.py:914} INFO - Processing file /home/fawzan/airflow/.venv/lib/python3.10/site-packages/airflow/example_dags/subdags/subdag.py for tasks to queue
[2024-11-06T18:18:03.452+0700] {logging_mixin.py:190} INFO - [2024-11-06T18:18:03.451+0700] {dagbag.py:588} INFO - Filling up the DagBag from /home/fawzan/airflow/.venv/lib/python3.10/site-packages/airflow/example_dags/subdags/subdag.py
[2024-11-06T18:18:03.454+0700] {processor.py:927} WARNING - No viable dags retrieved from /home/fawzan/airflow/.venv/lib/python3.10/site-packages/airflow/example_dags/subdags/subdag.py
[2024-11-06T18:18:03.462+0700] {processor.py:208} INFO - Processing /home/fawzan/airflow/.venv/lib/python3.10/site-packages/airflow/example_dags/subdags/subdag.py took 0.021 seconds
[2024-11-06T18:18:56.713+0700] {processor.py:186} INFO - Started process (PID=4082) to work on /home/fawzan/airflow/.venv/lib/python3.10/site-packages/airflow/example_dags/subdags/subdag.py
[2024-11-06T18:18:56.717+0700] {processor.py:914} INFO - Processing file /home/fawzan/airflow/.venv/lib/python3.10/site-packages/airflow/example_dags/subdags/subdag.py for tasks to queue
[2024-11-06T18:18:56.719+0700] {logging_mixin.py:190} INFO - [2024-11-06T18:18:56.719+0700] {dagbag.py:588} INFO - Filling up the DagBag from /home/fawzan/airflow/.venv/lib/python3.10/site-packages/airflow/example_dags/subdags/subdag.py
[2024-11-06T18:18:56.722+0700] {processor.py:927} WARNING - No viable dags retrieved from /home/fawzan/airflow/.venv/lib/python3.10/site-packages/airflow/example_dags/subdags/subdag.py
[2024-11-06T18:18:56.730+0700] {processor.py:208} INFO - Processing /home/fawzan/airflow/.venv/lib/python3.10/site-packages/airflow/example_dags/subdags/subdag.py took 0.022 seconds
[2024-11-06T18:19:49.076+0700] {processor.py:186} INFO - Started process (PID=4181) to work on /home/fawzan/airflow/.venv/lib/python3.10/site-packages/airflow/example_dags/subdags/subdag.py
[2024-11-06T18:19:49.080+0700] {processor.py:914} INFO - Processing file /home/fawzan/airflow/.venv/lib/python3.10/site-packages/airflow/example_dags/subdags/subdag.py for tasks to queue
[2024-11-06T18:19:49.082+0700] {logging_mixin.py:190} INFO - [2024-11-06T18:19:49.082+0700] {dagbag.py:588} INFO - Filling up the DagBag from /home/fawzan/airflow/.venv/lib/python3.10/site-packages/airflow/example_dags/subdags/subdag.py
[2024-11-06T18:19:49.084+0700] {processor.py:927} WARNING - No viable dags retrieved from /home/fawzan/airflow/.venv/lib/python3.10/site-packages/airflow/example_dags/subdags/subdag.py
[2024-11-06T18:19:49.093+0700] {processor.py:208} INFO - Processing /home/fawzan/airflow/.venv/lib/python3.10/site-packages/airflow/example_dags/subdags/subdag.py took 0.023 seconds
[2024-11-06T18:20:45.788+0700] {processor.py:186} INFO - Started process (PID=4284) to work on /home/fawzan/airflow/.venv/lib/python3.10/site-packages/airflow/example_dags/subdags/subdag.py
[2024-11-06T18:20:45.788+0700] {processor.py:914} INFO - Processing file /home/fawzan/airflow/.venv/lib/python3.10/site-packages/airflow/example_dags/subdags/subdag.py for tasks to queue
[2024-11-06T18:20:45.789+0700] {logging_mixin.py:190} INFO - [2024-11-06T18:20:45.789+0700] {dagbag.py:588} INFO - Filling up the DagBag from /home/fawzan/airflow/.venv/lib/python3.10/site-packages/airflow/example_dags/subdags/subdag.py
[2024-11-06T18:20:45.790+0700] {processor.py:927} WARNING - No viable dags retrieved from /home/fawzan/airflow/.venv/lib/python3.10/site-packages/airflow/example_dags/subdags/subdag.py
[2024-11-06T18:20:45.796+0700] {processor.py:208} INFO - Processing /home/fawzan/airflow/.venv/lib/python3.10/site-packages/airflow/example_dags/subdags/subdag.py took 0.013 seconds
[2024-11-06T18:21:55.192+0700] {processor.py:186} INFO - Started process (PID=4501) to work on /home/fawzan/airflow/.venv/lib/python3.10/site-packages/airflow/example_dags/subdags/subdag.py
[2024-11-06T18:21:55.195+0700] {processor.py:914} INFO - Processing file /home/fawzan/airflow/.venv/lib/python3.10/site-packages/airflow/example_dags/subdags/subdag.py for tasks to queue
[2024-11-06T18:21:55.197+0700] {logging_mixin.py:190} INFO - [2024-11-06T18:21:55.197+0700] {dagbag.py:588} INFO - Filling up the DagBag from /home/fawzan/airflow/.venv/lib/python3.10/site-packages/airflow/example_dags/subdags/subdag.py
[2024-11-06T18:21:55.200+0700] {processor.py:927} WARNING - No viable dags retrieved from /home/fawzan/airflow/.venv/lib/python3.10/site-packages/airflow/example_dags/subdags/subdag.py
[2024-11-06T18:21:55.209+0700] {processor.py:208} INFO - Processing /home/fawzan/airflow/.venv/lib/python3.10/site-packages/airflow/example_dags/subdags/subdag.py took 0.022 seconds
[2024-11-06T18:22:51.498+0700] {processor.py:186} INFO - Started process (PID=4632) to work on /home/fawzan/airflow/.venv/lib/python3.10/site-packages/airflow/example_dags/subdags/subdag.py
[2024-11-06T18:22:51.501+0700] {processor.py:914} INFO - Processing file /home/fawzan/airflow/.venv/lib/python3.10/site-packages/airflow/example_dags/subdags/subdag.py for tasks to queue
[2024-11-06T18:22:51.503+0700] {logging_mixin.py:190} INFO - [2024-11-06T18:22:51.502+0700] {dagbag.py:588} INFO - Filling up the DagBag from /home/fawzan/airflow/.venv/lib/python3.10/site-packages/airflow/example_dags/subdags/subdag.py
[2024-11-06T18:22:51.506+0700] {processor.py:927} WARNING - No viable dags retrieved from /home/fawzan/airflow/.venv/lib/python3.10/site-packages/airflow/example_dags/subdags/subdag.py
[2024-11-06T18:22:51.515+0700] {processor.py:208} INFO - Processing /home/fawzan/airflow/.venv/lib/python3.10/site-packages/airflow/example_dags/subdags/subdag.py took 0.022 seconds
[2024-11-06T18:23:46.995+0700] {processor.py:186} INFO - Started process (PID=4726) to work on /home/fawzan/airflow/.venv/lib/python3.10/site-packages/airflow/example_dags/subdags/subdag.py
[2024-11-06T18:23:46.998+0700] {processor.py:914} INFO - Processing file /home/fawzan/airflow/.venv/lib/python3.10/site-packages/airflow/example_dags/subdags/subdag.py for tasks to queue
[2024-11-06T18:23:47.000+0700] {logging_mixin.py:190} INFO - [2024-11-06T18:23:47.000+0700] {dagbag.py:588} INFO - Filling up the DagBag from /home/fawzan/airflow/.venv/lib/python3.10/site-packages/airflow/example_dags/subdags/subdag.py
[2024-11-06T18:23:47.003+0700] {processor.py:927} WARNING - No viable dags retrieved from /home/fawzan/airflow/.venv/lib/python3.10/site-packages/airflow/example_dags/subdags/subdag.py
[2024-11-06T18:23:47.011+0700] {processor.py:208} INFO - Processing /home/fawzan/airflow/.venv/lib/python3.10/site-packages/airflow/example_dags/subdags/subdag.py took 0.023 seconds
[2024-11-06T18:32:29.173+0700] {processor.py:186} INFO - Started process (PID=5150) to work on /home/fawzan/airflow/.venv/lib/python3.10/site-packages/airflow/example_dags/subdags/subdag.py
[2024-11-06T18:32:29.176+0700] {processor.py:914} INFO - Processing file /home/fawzan/airflow/.venv/lib/python3.10/site-packages/airflow/example_dags/subdags/subdag.py for tasks to queue
[2024-11-06T18:32:29.179+0700] {logging_mixin.py:190} INFO - [2024-11-06T18:32:29.178+0700] {dagbag.py:588} INFO - Filling up the DagBag from /home/fawzan/airflow/.venv/lib/python3.10/site-packages/airflow/example_dags/subdags/subdag.py
[2024-11-06T18:32:29.181+0700] {processor.py:927} WARNING - No viable dags retrieved from /home/fawzan/airflow/.venv/lib/python3.10/site-packages/airflow/example_dags/subdags/subdag.py
[2024-11-06T18:32:29.189+0700] {processor.py:208} INFO - Processing /home/fawzan/airflow/.venv/lib/python3.10/site-packages/airflow/example_dags/subdags/subdag.py took 0.022 seconds
[2024-11-06T18:33:27.541+0700] {processor.py:186} INFO - Started process (PID=5266) to work on /home/fawzan/airflow/.venv/lib/python3.10/site-packages/airflow/example_dags/subdags/subdag.py
[2024-11-06T18:33:27.544+0700] {processor.py:914} INFO - Processing file /home/fawzan/airflow/.venv/lib/python3.10/site-packages/airflow/example_dags/subdags/subdag.py for tasks to queue
[2024-11-06T18:33:27.547+0700] {logging_mixin.py:190} INFO - [2024-11-06T18:33:27.546+0700] {dagbag.py:588} INFO - Filling up the DagBag from /home/fawzan/airflow/.venv/lib/python3.10/site-packages/airflow/example_dags/subdags/subdag.py
[2024-11-06T18:33:27.549+0700] {processor.py:927} WARNING - No viable dags retrieved from /home/fawzan/airflow/.venv/lib/python3.10/site-packages/airflow/example_dags/subdags/subdag.py
[2024-11-06T18:33:27.557+0700] {processor.py:208} INFO - Processing /home/fawzan/airflow/.venv/lib/python3.10/site-packages/airflow/example_dags/subdags/subdag.py took 0.020 seconds
