[2024-11-28T10:13:10.523+0700] {local_task_job_runner.py:123} INFO - ::group::Pre task execution logs
[2024-11-28T10:13:10.528+0700] {taskinstance.py:2612} INFO - Dependencies all met for dep_context=non-requeueable deps ti=<TaskInstance: rocket_launch_pipeline.fetch_rocket_data manual__2024-11-06T11:32:37.854453+00:00 [queued]>
[2024-11-28T10:13:10.531+0700] {taskinstance.py:2612} INFO - Dependencies all met for dep_context=requeueable deps ti=<TaskInstance: rocket_launch_pipeline.fetch_rocket_data manual__2024-11-06T11:32:37.854453+00:00 [queued]>
[2024-11-28T10:13:10.531+0700] {taskinstance.py:2865} INFO - Starting attempt 1 of 4
[2024-11-28T10:13:10.539+0700] {taskinstance.py:2888} INFO - Executing <Task(BashOperator): fetch_rocket_data> on 2024-11-06 11:32:37.854453+00:00
[2024-11-28T10:13:10.541+0700] {standard_task_runner.py:72} INFO - Started process 79202 to run task
[2024-11-28T10:13:10.543+0700] {standard_task_runner.py:104} INFO - Running: ['airflow', 'tasks', 'run', 'rocket_launch_pipeline', 'fetch_rocket_data', 'manual__2024-11-06T11:32:37.854453+00:00', '--job-id', '121', '--raw', '--subdir', 'DAGS_FOLDER/dag.py', '--cfg-path', '/tmp/tmpqd5ssgrw']
[2024-11-28T10:13:10.543+0700] {standard_task_runner.py:105} INFO - Job 121: Subtask fetch_rocket_data
[2024-11-28T10:13:10.564+0700] {task_command.py:467} INFO - Running <TaskInstance: rocket_launch_pipeline.fetch_rocket_data manual__2024-11-06T11:32:37.854453+00:00 [running]> on host Web-container
[2024-11-28T10:13:10.596+0700] {taskinstance.py:3131} INFO - Exporting env vars: AIRFLOW_CTX_DAG_OWNER='airflow' AIRFLOW_CTX_DAG_ID='rocket_launch_pipeline' AIRFLOW_CTX_TASK_ID='fetch_rocket_data' AIRFLOW_CTX_EXECUTION_DATE='2024-11-06T11:32:37.854453+00:00' AIRFLOW_CTX_TRY_NUMBER='1' AIRFLOW_CTX_DAG_RUN_ID='manual__2024-11-06T11:32:37.854453+00:00'
[2024-11-28T10:13:10.596+0700] {logging_mixin.py:190} INFO - Task instance is in running state
[2024-11-28T10:13:10.596+0700] {logging_mixin.py:190} INFO -  Previous state of the Task instance: queued
[2024-11-28T10:13:10.597+0700] {logging_mixin.py:190} INFO - Current task name:fetch_rocket_data state:running start_date:2024-11-28 03:13:10.528852+00:00
[2024-11-28T10:13:10.597+0700] {logging_mixin.py:190} INFO - Dag name:rocket_launch_pipeline and current dag run status:running
[2024-11-28T10:13:10.597+0700] {taskinstance.py:731} INFO - ::endgroup::
[2024-11-28T10:13:10.597+0700] {subprocess.py:63} INFO - Tmp dir root location: /tmp
[2024-11-28T10:13:10.597+0700] {subprocess.py:75} INFO - Running command: ['/usr/bin/bash', '-c', 'curl -L -o /tmp/launches.json https://ll.thespacedevs.com/2.2.0/launch/upcoming']
[2024-11-28T10:13:10.601+0700] {subprocess.py:86} INFO - Output:
[2024-11-28T10:13:10.605+0700] {subprocess.py:93} INFO -   % Total    % Received % Xferd  Average Speed   Time    Time     Time  Current
[2024-11-28T10:13:10.605+0700] {subprocess.py:93} INFO -                                  Dload  Upload   Total   Spent    Left  Speed
[2024-11-28T10:13:11.802+0700] {subprocess.py:93} INFO -   0     0    0     0    0     0      0      0 --:--:-- --:--:-- --:--:--     0  0     0    0     0    0     0      0      0 --:--:-- --:--:-- --:--:--     0  0     0    0     0    0     0      0      0 --:--:--  0:00:01 --:--:--     0
[2024-11-28T10:13:12.534+0700] {subprocess.py:93} INFO -   0 44583    0     0    0     0      0      0 --:--:--  0:00:01 --:--:--     0100 44583  100 44583    0     0  23114      0  0:00:01  0:00:01 --:--:--  468k
[2024-11-28T10:13:12.539+0700] {subprocess.py:97} INFO - Command exited with return code 0
[2024-11-28T10:13:12.558+0700] {taskinstance.py:340} INFO - ::group::Post task execution logs
[2024-11-28T10:13:12.558+0700] {taskinstance.py:352} INFO - Marking task as SUCCESS. dag_id=rocket_launch_pipeline, task_id=fetch_rocket_data, run_id=manual__2024-11-06T11:32:37.854453+00:00, execution_date=20241106T113237, start_date=20241128T031310, end_date=20241128T031312
[2024-11-28T10:13:12.568+0700] {logging_mixin.py:190} INFO - Task instance in success state
[2024-11-28T10:13:12.568+0700] {logging_mixin.py:190} INFO -  Previous state of the Task instance: running
[2024-11-28T10:13:12.569+0700] {logging_mixin.py:190} INFO - Dag name:rocket_launch_pipeline queued_at:2024-11-06 11:32:37.862802+00:00
[2024-11-28T10:13:12.569+0700] {logging_mixin.py:190} INFO - Task hostname:Web-container operator:BashOperator
[2024-11-28T10:13:12.609+0700] {local_task_job_runner.py:266} INFO - Task exited with return code 0
[2024-11-28T10:13:12.631+0700] {taskinstance.py:3900} INFO - 1 downstream tasks scheduled from follow-on schedule check
[2024-11-28T10:13:12.635+0700] {local_task_job_runner.py:245} INFO - ::endgroup::
