[2024-11-28T10:09:38.920+0700] {processor.py:186} INFO - Started process (PID=76289) to work on /home/fawzan/airflow/dags/dag.py
[2024-11-28T10:09:38.921+0700] {processor.py:914} INFO - Processing file /home/fawzan/airflow/dags/dag.py for tasks to queue
[2024-11-28T10:09:38.926+0700] {logging_mixin.py:190} INFO - [2024-11-28T10:09:38.926+0700] {dagbag.py:588} INFO - Filling up the DagBag from /home/fawzan/airflow/dags/dag.py
[2024-11-28T10:09:38.996+0700] {processor.py:925} INFO - DAG(s) 'rocket_launch_pipeline' retrieved from /home/fawzan/airflow/dags/dag.py
[2024-11-28T10:09:39.007+0700] {logging_mixin.py:190} INFO - [2024-11-28T10:09:39.007+0700] {dag.py:3239} INFO - Sync 1 DAGs
[2024-11-28T10:09:39.027+0700] {processor.py:208} INFO - Processing /home/fawzan/airflow/dags/dag.py took 0.110 seconds
[2024-11-28T10:12:21.409+0700] {processor.py:186} INFO - Started process (PID=78483) to work on /home/fawzan/airflow/dags/dag.py
[2024-11-28T10:12:21.410+0700] {processor.py:914} INFO - Processing file /home/fawzan/airflow/dags/dag.py for tasks to queue
[2024-11-28T10:12:21.410+0700] {logging_mixin.py:190} INFO - [2024-11-28T10:12:21.410+0700] {dagbag.py:588} INFO - Filling up the DagBag from /home/fawzan/airflow/dags/dag.py
[2024-11-28T10:12:21.415+0700] {processor.py:925} INFO - DAG(s) 'rocket_launch_pipeline' retrieved from /home/fawzan/airflow/dags/dag.py
[2024-11-28T10:12:21.427+0700] {logging_mixin.py:190} INFO - [2024-11-28T10:12:21.427+0700] {dag.py:3239} INFO - Sync 1 DAGs
[2024-11-28T10:12:21.448+0700] {processor.py:208} INFO - Processing /home/fawzan/airflow/dags/dag.py took 0.042 seconds
[2024-11-28T10:14:54.168+0700] {processor.py:186} INFO - Started process (PID=80713) to work on /home/fawzan/airflow/dags/dag.py
[2024-11-28T10:14:54.169+0700] {processor.py:914} INFO - Processing file /home/fawzan/airflow/dags/dag.py for tasks to queue
[2024-11-28T10:14:54.169+0700] {logging_mixin.py:190} INFO - [2024-11-28T10:14:54.169+0700] {dagbag.py:588} INFO - Filling up the DagBag from /home/fawzan/airflow/dags/dag.py
[2024-11-28T10:14:54.173+0700] {processor.py:925} INFO - DAG(s) 'rocket_launch_pipeline' retrieved from /home/fawzan/airflow/dags/dag.py
[2024-11-28T10:14:54.185+0700] {logging_mixin.py:190} INFO - [2024-11-28T10:14:54.184+0700] {dag.py:3239} INFO - Sync 1 DAGs
[2024-11-28T10:14:54.194+0700] {logging_mixin.py:190} INFO - [2024-11-28T10:14:54.194+0700] {dag.py:4180} INFO - Setting next_dagrun for rocket_launch_pipeline to 2024-01-16 00:00:00+00:00, run_after=2024-01-17 00:00:00+00:00
[2024-11-28T10:14:54.205+0700] {processor.py:208} INFO - Processing /home/fawzan/airflow/dags/dag.py took 0.039 seconds
[2024-11-28T10:16:06.057+0700] {processor.py:186} INFO - Started process (PID=81575) to work on /home/fawzan/airflow/dags/dag.py
[2024-11-28T10:16:06.058+0700] {processor.py:914} INFO - Processing file /home/fawzan/airflow/dags/dag.py for tasks to queue
[2024-11-28T10:16:06.060+0700] {logging_mixin.py:190} INFO - [2024-11-28T10:16:06.060+0700] {dagbag.py:588} INFO - Filling up the DagBag from /home/fawzan/airflow/dags/dag.py
[2024-11-28T10:16:06.066+0700] {processor.py:925} INFO - DAG(s) 'rocket_launch_pipeline' retrieved from /home/fawzan/airflow/dags/dag.py
[2024-11-28T10:16:06.075+0700] {logging_mixin.py:190} INFO - [2024-11-28T10:16:06.075+0700] {dag.py:3239} INFO - Sync 1 DAGs
[2024-11-28T10:16:06.095+0700] {processor.py:208} INFO - Processing /home/fawzan/airflow/dags/dag.py took 0.044 seconds
