[2024-11-07T12:03:05.944+0700] {local_task_job_runner.py:123} INFO - ::group::Pre task execution logs
[2024-11-07T12:03:05.949+0700] {taskinstance.py:2612} INFO - Dependencies all met for dep_context=non-requeueable deps ti=<TaskInstance: rocket_launch_pipeline.extract_images scheduled__2024-01-01T00:00:00+00:00 [queued]>
[2024-11-07T12:03:05.953+0700] {taskinstance.py:2612} INFO - Dependencies all met for dep_context=requeueable deps ti=<TaskInstance: rocket_launch_pipeline.extract_images scheduled__2024-01-01T00:00:00+00:00 [queued]>
[2024-11-07T12:03:05.953+0700] {taskinstance.py:2865} INFO - Starting attempt 1 of 4
[2024-11-07T12:03:05.960+0700] {taskinstance.py:2888} INFO - Executing <Task(PythonOperator): extract_images> on 2024-01-01 00:00:00+00:00
[2024-11-07T12:03:05.963+0700] {standard_task_runner.py:72} INFO - Started process 32862 to run task
[2024-11-07T12:03:05.965+0700] {standard_task_runner.py:104} INFO - Running: ['airflow', 'tasks', 'run', 'rocket_launch_pipeline', 'extract_images', 'scheduled__2024-01-01T00:00:00+00:00', '--job-id', '73', '--raw', '--subdir', 'DAGS_FOLDER/dag.py', '--cfg-path', '/tmp/tmpgun2391p']
[2024-11-07T12:03:05.965+0700] {standard_task_runner.py:105} INFO - Job 73: Subtask extract_images
[2024-11-07T12:03:05.988+0700] {task_command.py:467} INFO - Running <TaskInstance: rocket_launch_pipeline.extract_images scheduled__2024-01-01T00:00:00+00:00 [running]> on host fawzan-HP-Pavilion-x360-2-in-1-Laptop-14-ek1xxx
[2024-11-07T12:03:06.027+0700] {taskinstance.py:3131} INFO - Exporting env vars: AIRFLOW_CTX_DAG_OWNER='airflow' AIRFLOW_CTX_DAG_ID='rocket_launch_pipeline' AIRFLOW_CTX_TASK_ID='extract_images' AIRFLOW_CTX_EXECUTION_DATE='2024-01-01T00:00:00+00:00' AIRFLOW_CTX_TRY_NUMBER='1' AIRFLOW_CTX_DAG_RUN_ID='scheduled__2024-01-01T00:00:00+00:00'
[2024-11-07T12:03:06.028+0700] {logging_mixin.py:190} INFO - Task instance is in running state
[2024-11-07T12:03:06.028+0700] {logging_mixin.py:190} INFO -  Previous state of the Task instance: queued
[2024-11-07T12:03:06.028+0700] {logging_mixin.py:190} INFO - Current task name:extract_images state:running start_date:2024-11-07 05:03:05.950058+00:00
[2024-11-07T12:03:06.028+0700] {logging_mixin.py:190} INFO - Dag name:rocket_launch_pipeline and current dag run status:running
[2024-11-07T12:03:06.028+0700] {taskinstance.py:731} INFO - ::endgroup::
[2024-11-07T12:03:28.367+0700] {python.py:240} INFO - Done. Returned value was: None
[2024-11-07T12:03:28.372+0700] {taskinstance.py:340} INFO - ::group::Post task execution logs
[2024-11-07T12:03:28.373+0700] {taskinstance.py:352} INFO - Marking task as SUCCESS. dag_id=rocket_launch_pipeline, task_id=extract_images, run_id=scheduled__2024-01-01T00:00:00+00:00, execution_date=20240101T000000, start_date=20241107T050305, end_date=20241107T050328
[2024-11-07T12:03:28.384+0700] {logging_mixin.py:190} INFO - Task instance in success state
[2024-11-07T12:03:28.384+0700] {logging_mixin.py:190} INFO -  Previous state of the Task instance: running
[2024-11-07T12:03:28.384+0700] {logging_mixin.py:190} INFO - Dag name:rocket_launch_pipeline queued_at:2024-11-06 11:15:45.344448+00:00
[2024-11-07T12:03:28.385+0700] {logging_mixin.py:190} INFO - Task hostname:fawzan-HP-Pavilion-x360-2-in-1-Laptop-14-ek1xxx operator:PythonOperator
[2024-11-07T12:03:28.399+0700] {local_task_job_runner.py:266} INFO - Task exited with return code 0
[2024-11-07T12:03:28.409+0700] {taskinstance.py:3900} INFO - 0 downstream tasks scheduled from follow-on schedule check
[2024-11-07T12:03:28.410+0700] {local_task_job_runner.py:245} INFO - ::endgroup::
