[2024-11-27T21:51:55.122+0700] {local_task_job_runner.py:123} INFO - ::group::Pre task execution logs
[2024-11-27T21:51:55.127+0700] {taskinstance.py:2612} INFO - Dependencies all met for dep_context=non-requeueable deps ti=<TaskInstance: rocket_launch_pipeline.fetch_rocket_data manual__2024-11-06T11:18:14.851315+00:00 [queued]>
[2024-11-27T21:51:55.130+0700] {taskinstance.py:2612} INFO - Dependencies all met for dep_context=requeueable deps ti=<TaskInstance: rocket_launch_pipeline.fetch_rocket_data manual__2024-11-06T11:18:14.851315+00:00 [queued]>
[2024-11-27T21:51:55.130+0700] {taskinstance.py:2865} INFO - Starting attempt 1 of 4
[2024-11-27T21:51:55.138+0700] {taskinstance.py:2888} INFO - Executing <Task(BashOperator): fetch_rocket_data> on 2024-11-06 11:18:14.851315+00:00
[2024-11-27T21:51:55.140+0700] {standard_task_runner.py:72} INFO - Started process 32893 to run task
[2024-11-27T21:51:55.142+0700] {standard_task_runner.py:104} INFO - Running: ['airflow', 'tasks', 'run', 'rocket_launch_pipeline', 'fetch_rocket_data', 'manual__2024-11-06T11:18:14.851315+00:00', '--job-id', '87', '--raw', '--subdir', 'DAGS_FOLDER/dag.py', '--cfg-path', '/tmp/tmpdab3h0yw']
[2024-11-27T21:51:55.142+0700] {standard_task_runner.py:105} INFO - Job 87: Subtask fetch_rocket_data
[2024-11-27T21:51:55.162+0700] {task_command.py:467} INFO - Running <TaskInstance: rocket_launch_pipeline.fetch_rocket_data manual__2024-11-06T11:18:14.851315+00:00 [running]> on host Web-container
[2024-11-27T21:51:55.195+0700] {taskinstance.py:3131} INFO - Exporting env vars: AIRFLOW_CTX_DAG_OWNER='airflow' AIRFLOW_CTX_DAG_ID='rocket_launch_pipeline' AIRFLOW_CTX_TASK_ID='fetch_rocket_data' AIRFLOW_CTX_EXECUTION_DATE='2024-11-06T11:18:14.851315+00:00' AIRFLOW_CTX_TRY_NUMBER='1' AIRFLOW_CTX_DAG_RUN_ID='manual__2024-11-06T11:18:14.851315+00:00'
[2024-11-27T21:51:55.196+0700] {logging_mixin.py:190} INFO - Task instance is in running state
[2024-11-27T21:51:55.196+0700] {logging_mixin.py:190} INFO -  Previous state of the Task instance: queued
[2024-11-27T21:51:55.196+0700] {logging_mixin.py:190} INFO - Current task name:fetch_rocket_data state:running start_date:2024-11-27 14:51:55.127142+00:00
[2024-11-27T21:51:55.196+0700] {logging_mixin.py:190} INFO - Dag name:rocket_launch_pipeline and current dag run status:running
[2024-11-27T21:51:55.196+0700] {taskinstance.py:731} INFO - ::endgroup::
[2024-11-27T21:51:55.196+0700] {subprocess.py:63} INFO - Tmp dir root location: /tmp
[2024-11-27T21:51:55.197+0700] {subprocess.py:75} INFO - Running command: ['/usr/bin/bash', '-c', 'curl -L -o /tmp/launches.json https://ll.thespacedevs.com/2.2.0/launch/upcoming']
[2024-11-27T21:51:55.200+0700] {subprocess.py:86} INFO - Output:
[2024-11-27T21:51:55.203+0700] {subprocess.py:93} INFO -   % Total    % Received % Xferd  Average Speed   Time    Time     Time  Current
[2024-11-27T21:51:55.203+0700] {subprocess.py:93} INFO -                                  Dload  Upload   Total   Spent    Left  Speed
[2024-11-27T21:51:56.855+0700] {subprocess.py:93} INFO -   0     0    0     0    0     0      0      0 --:--:-- --:--:-- --:--:--     0  0     0    0     0    0     0      0      0 --:--:-- --:--:-- --:--:--     0  0     0    0     0    0     0      0      0 --:--:--  0:00:01 --:--:--     0
[2024-11-27T21:51:57.676+0700] {subprocess.py:93} INFO -  63 42006   63 26587    0     0  10781      0  0:00:03  0:00:02  0:00:01 10781100 42006  100 42006    0     0  16992      0  0:00:02  0:00:02 --:--:-- 2509k
[2024-11-27T21:51:57.679+0700] {subprocess.py:97} INFO - Command exited with return code 0
[2024-11-27T21:51:57.722+0700] {taskinstance.py:340} INFO - ::group::Post task execution logs
[2024-11-27T21:51:57.724+0700] {taskinstance.py:352} INFO - Marking task as SUCCESS. dag_id=rocket_launch_pipeline, task_id=fetch_rocket_data, run_id=manual__2024-11-06T11:18:14.851315+00:00, execution_date=20241106T111814, start_date=20241127T145155, end_date=20241127T145157
[2024-11-27T21:51:57.746+0700] {logging_mixin.py:190} INFO - Task instance in success state
[2024-11-27T21:51:57.746+0700] {logging_mixin.py:190} INFO -  Previous state of the Task instance: running
[2024-11-27T21:51:57.747+0700] {logging_mixin.py:190} INFO - Dag name:rocket_launch_pipeline queued_at:2024-11-06 11:18:14.858931+00:00
[2024-11-27T21:51:57.747+0700] {logging_mixin.py:190} INFO - Task hostname:Web-container operator:BashOperator
[2024-11-27T21:51:57.767+0700] {local_task_job_runner.py:266} INFO - Task exited with return code 0
[2024-11-27T21:51:57.785+0700] {taskinstance.py:3900} INFO - 1 downstream tasks scheduled from follow-on schedule check
[2024-11-27T21:51:57.788+0700] {local_task_job_runner.py:245} INFO - ::endgroup::
[2024-11-27T21:53:21.751+0700] {local_task_job_runner.py:123} INFO - ::group::Pre task execution logs
[2024-11-27T21:53:21.754+0700] {taskinstance.py:2602} INFO - Dependencies not met for <TaskInstance: rocket_launch_pipeline.fetch_rocket_data manual__2024-11-06T11:18:14.851315+00:00 [success]>, dependency 'Task Instance State' FAILED: Task is in the 'success' state.
[2024-11-27T21:53:21.756+0700] {local_task_job_runner.py:166} INFO - Task is not able to be run
