[2024-11-07T12:02:22.596+0700] {local_task_job_runner.py:123} INFO - ::group::Pre task execution logs
[2024-11-07T12:02:22.601+0700] {taskinstance.py:2612} INFO - Dependencies all met for dep_context=non-requeueable deps ti=<TaskInstance: rocket_launch_pipeline.fetch_rocket_data scheduled__2024-01-04T00:00:00+00:00 [queued]>
[2024-11-07T12:02:22.604+0700] {taskinstance.py:2612} INFO - Dependencies all met for dep_context=requeueable deps ti=<TaskInstance: rocket_launch_pipeline.fetch_rocket_data scheduled__2024-01-04T00:00:00+00:00 [queued]>
[2024-11-07T12:02:22.604+0700] {taskinstance.py:2865} INFO - Starting attempt 4 of 4
[2024-11-07T12:02:22.612+0700] {taskinstance.py:2888} INFO - Executing <Task(BashOperator): fetch_rocket_data> on 2024-01-04 00:00:00+00:00
[2024-11-07T12:02:22.614+0700] {standard_task_runner.py:72} INFO - Started process 32298 to run task
[2024-11-07T12:02:22.615+0700] {standard_task_runner.py:104} INFO - Running: ['airflow', 'tasks', 'run', 'rocket_launch_pipeline', 'fetch_rocket_data', 'scheduled__2024-01-04T00:00:00+00:00', '--job-id', '59', '--raw', '--subdir', 'DAGS_FOLDER/dag.py', '--cfg-path', '/tmp/tmpcj7sfyqm']
[2024-11-07T12:02:22.616+0700] {standard_task_runner.py:105} INFO - Job 59: Subtask fetch_rocket_data
[2024-11-07T12:02:22.636+0700] {task_command.py:467} INFO - Running <TaskInstance: rocket_launch_pipeline.fetch_rocket_data scheduled__2024-01-04T00:00:00+00:00 [running]> on host fawzan-HP-Pavilion-x360-2-in-1-Laptop-14-ek1xxx
[2024-11-07T12:02:22.664+0700] {taskinstance.py:3131} INFO - Exporting env vars: AIRFLOW_CTX_DAG_OWNER='airflow' AIRFLOW_CTX_DAG_ID='rocket_launch_pipeline' AIRFLOW_CTX_TASK_ID='fetch_rocket_data' AIRFLOW_CTX_EXECUTION_DATE='2024-01-04T00:00:00+00:00' AIRFLOW_CTX_TRY_NUMBER='4' AIRFLOW_CTX_DAG_RUN_ID='scheduled__2024-01-04T00:00:00+00:00'
[2024-11-07T12:02:22.664+0700] {logging_mixin.py:190} INFO - Task instance is in running state
[2024-11-07T12:02:22.664+0700] {logging_mixin.py:190} INFO -  Previous state of the Task instance: queued
[2024-11-07T12:02:22.664+0700] {logging_mixin.py:190} INFO - Current task name:fetch_rocket_data state:running start_date:2024-11-07 05:02:22.601591+00:00
[2024-11-07T12:02:22.664+0700] {logging_mixin.py:190} INFO - Dag name:rocket_launch_pipeline and current dag run status:running
[2024-11-07T12:02:22.664+0700] {taskinstance.py:731} INFO - ::endgroup::
[2024-11-07T12:02:22.665+0700] {subprocess.py:63} INFO - Tmp dir root location: /tmp
[2024-11-07T12:02:22.665+0700] {subprocess.py:75} INFO - Running command: ['/usr/bin/bash', '-c', 'curl -L -o /tmp/launches.json https://ll.thespacedevs.com/2.2.0/launch/upcoming']
[2024-11-07T12:02:22.669+0700] {subprocess.py:86} INFO - Output:
[2024-11-07T12:02:22.672+0700] {subprocess.py:93} INFO -   % Total    % Received % Xferd  Average Speed   Time    Time     Time  Current
[2024-11-07T12:02:22.673+0700] {subprocess.py:93} INFO -                                  Dload  Upload   Total   Spent    Left  Speed
[2024-11-07T12:02:23.732+0700] {subprocess.py:93} INFO -   0     0    0     0    0     0      0      0 --:--:-- --:--:-- --:--:--     0  0     0    0     0    0     0      0      0 --:--:--  0:00:01 --:--:--     0  0     0    0     0    0     0      0      0 --:--:--  0:00:01 --:--:--     0
[2024-11-07T12:02:24.374+0700] {subprocess.py:93} INFO -  88 46574   88 40960    0     0  24171      0  0:00:01  0:00:01 --:--:-- 24171100 46574  100 46574    0     0  27373      0  0:00:01  0:00:01 --:--:--  913k
[2024-11-07T12:02:24.380+0700] {subprocess.py:97} INFO - Command exited with return code 0
[2024-11-07T12:02:24.398+0700] {taskinstance.py:340} INFO - ::group::Post task execution logs
[2024-11-07T12:02:24.398+0700] {taskinstance.py:352} INFO - Marking task as SUCCESS. dag_id=rocket_launch_pipeline, task_id=fetch_rocket_data, run_id=scheduled__2024-01-04T00:00:00+00:00, execution_date=20240104T000000, start_date=20241107T050222, end_date=20241107T050224
[2024-11-07T12:02:24.406+0700] {logging_mixin.py:190} INFO - Task instance in success state
[2024-11-07T12:02:24.406+0700] {logging_mixin.py:190} INFO -  Previous state of the Task instance: running
[2024-11-07T12:02:24.406+0700] {logging_mixin.py:190} INFO - Dag name:rocket_launch_pipeline queued_at:2024-11-06 11:15:52.672088+00:00
[2024-11-07T12:02:24.406+0700] {logging_mixin.py:190} INFO - Task hostname:fawzan-HP-Pavilion-x360-2-in-1-Laptop-14-ek1xxx operator:BashOperator
[2024-11-07T12:02:24.439+0700] {local_task_job_runner.py:266} INFO - Task exited with return code 0
[2024-11-07T12:02:24.458+0700] {taskinstance.py:3900} INFO - 1 downstream tasks scheduled from follow-on schedule check
[2024-11-07T12:02:24.461+0700] {local_task_job_runner.py:245} INFO - ::endgroup::
