[2024-11-28T10:15:22.052+0700] {processor.py:186} INFO - Started process (PID=81169) to work on /home/fawzan/airflow/.venv/lib/python3.10/site-packages/airflow/example_dags/example_subdag_operator.py
[2024-11-28T10:15:22.053+0700] {processor.py:914} INFO - Processing file /home/fawzan/airflow/.venv/lib/python3.10/site-packages/airflow/example_dags/example_subdag_operator.py for tasks to queue
[2024-11-28T10:15:22.054+0700] {logging_mixin.py:190} INFO - [2024-11-28T10:15:22.053+0700] {dagbag.py:588} INFO - Filling up the DagBag from /home/fawzan/airflow/.venv/lib/python3.10/site-packages/airflow/example_dags/example_subdag_operator.py
[2024-11-28T10:15:22.068+0700] {processor.py:925} INFO - DAG(s) 'example_subdag_operator.section-1', 'example_subdag_operator.section-2', 'example_subdag_operator' retrieved from /home/fawzan/airflow/.venv/lib/python3.10/site-packages/airflow/example_dags/example_subdag_operator.py
[2024-11-28T10:15:22.077+0700] {logging_mixin.py:190} INFO - [2024-11-28T10:15:22.077+0700] {dag.py:3239} INFO - Sync 3 DAGs
[2024-11-28T10:15:22.086+0700] {logging_mixin.py:190} INFO - [2024-11-28T10:15:22.086+0700] {dag.py:4180} INFO - Setting next_dagrun for example_subdag_operator to 2022-01-01 00:00:00+00:00, run_after=2022-01-01 00:00:00+00:00
[2024-11-28T10:15:22.088+0700] {logging_mixin.py:190} INFO - [2024-11-28T10:15:22.087+0700] {dag.py:4180} INFO - Setting next_dagrun for example_subdag_operator.section-1 to None, run_after=None
[2024-11-28T10:15:22.088+0700] {logging_mixin.py:190} INFO - [2024-11-28T10:15:22.088+0700] {dag.py:4180} INFO - Setting next_dagrun for example_subdag_operator.section-2 to None, run_after=None
[2024-11-28T10:15:22.091+0700] {logging_mixin.py:190} INFO - [2024-11-28T10:15:22.091+0700] {dag.py:3239} INFO - Sync 2 DAGs
[2024-11-28T10:15:22.093+0700] {logging_mixin.py:190} INFO - [2024-11-28T10:15:22.092+0700] {dag.py:4180} INFO - Setting next_dagrun for example_subdag_operator.section-1 to None, run_after=None
[2024-11-28T10:15:22.093+0700] {logging_mixin.py:190} INFO - [2024-11-28T10:15:22.093+0700] {dag.py:4180} INFO - Setting next_dagrun for example_subdag_operator.section-2 to None, run_after=None
[2024-11-28T10:15:22.103+0700] {processor.py:208} INFO - Processing /home/fawzan/airflow/.venv/lib/python3.10/site-packages/airflow/example_dags/example_subdag_operator.py took 0.058 seconds
[2024-11-28T10:16:19.203+0700] {processor.py:186} INFO - Started process (PID=81733) to work on /home/fawzan/airflow/.venv/lib/python3.10/site-packages/airflow/example_dags/example_subdag_operator.py
[2024-11-28T10:16:19.206+0700] {processor.py:914} INFO - Processing file /home/fawzan/airflow/.venv/lib/python3.10/site-packages/airflow/example_dags/example_subdag_operator.py for tasks to queue
[2024-11-28T10:16:19.208+0700] {logging_mixin.py:190} INFO - [2024-11-28T10:16:19.208+0700] {dagbag.py:588} INFO - Filling up the DagBag from /home/fawzan/airflow/.venv/lib/python3.10/site-packages/airflow/example_dags/example_subdag_operator.py
[2024-11-28T10:16:19.227+0700] {processor.py:925} INFO - DAG(s) 'example_subdag_operator.section-1', 'example_subdag_operator.section-2', 'example_subdag_operator' retrieved from /home/fawzan/airflow/.venv/lib/python3.10/site-packages/airflow/example_dags/example_subdag_operator.py
[2024-11-28T10:16:19.234+0700] {logging_mixin.py:190} INFO - [2024-11-28T10:16:19.234+0700] {dag.py:3239} INFO - Sync 3 DAGs
[2024-11-28T10:16:19.243+0700] {logging_mixin.py:190} INFO - [2024-11-28T10:16:19.243+0700] {dag.py:4180} INFO - Setting next_dagrun for example_subdag_operator to 2022-01-01 00:00:00+00:00, run_after=2022-01-01 00:00:00+00:00
[2024-11-28T10:16:19.244+0700] {logging_mixin.py:190} INFO - [2024-11-28T10:16:19.244+0700] {dag.py:4180} INFO - Setting next_dagrun for example_subdag_operator.section-1 to None, run_after=None
[2024-11-28T10:16:19.245+0700] {logging_mixin.py:190} INFO - [2024-11-28T10:16:19.245+0700] {dag.py:4180} INFO - Setting next_dagrun for example_subdag_operator.section-2 to None, run_after=None
[2024-11-28T10:16:19.247+0700] {logging_mixin.py:190} INFO - [2024-11-28T10:16:19.247+0700] {dag.py:3239} INFO - Sync 2 DAGs
[2024-11-28T10:16:19.249+0700] {logging_mixin.py:190} INFO - [2024-11-28T10:16:19.249+0700] {dag.py:4180} INFO - Setting next_dagrun for example_subdag_operator.section-1 to None, run_after=None
[2024-11-28T10:16:19.250+0700] {logging_mixin.py:190} INFO - [2024-11-28T10:16:19.250+0700] {dag.py:4180} INFO - Setting next_dagrun for example_subdag_operator.section-2 to None, run_after=None
[2024-11-28T10:16:19.258+0700] {processor.py:208} INFO - Processing /home/fawzan/airflow/.venv/lib/python3.10/site-packages/airflow/example_dags/example_subdag_operator.py took 0.059 seconds
