[2024-11-28T10:13:29.696+0700] {processor.py:186} INFO - Started process (PID=79521) to work on /home/fawzan/airflow/.venv/lib/python3.10/site-packages/airflow/example_dags/example_time_delta_sensor_async.py
[2024-11-28T10:13:29.696+0700] {processor.py:914} INFO - Processing file /home/fawzan/airflow/.venv/lib/python3.10/site-packages/airflow/example_dags/example_time_delta_sensor_async.py for tasks to queue
[2024-11-28T10:13:29.698+0700] {logging_mixin.py:190} INFO - [2024-11-28T10:13:29.698+0700] {dagbag.py:588} INFO - Filling up the DagBag from /home/fawzan/airflow/.venv/lib/python3.10/site-packages/airflow/example_dags/example_time_delta_sensor_async.py
[2024-11-28T10:13:29.701+0700] {processor.py:925} INFO - DAG(s) 'example_time_delta_sensor_async' retrieved from /home/fawzan/airflow/.venv/lib/python3.10/site-packages/airflow/example_dags/example_time_delta_sensor_async.py
[2024-11-28T10:13:29.718+0700] {logging_mixin.py:190} INFO - [2024-11-28T10:13:29.718+0700] {dag.py:3239} INFO - Sync 1 DAGs
[2024-11-28T10:13:29.725+0700] {logging_mixin.py:190} INFO - [2024-11-28T10:13:29.725+0700] {dag.py:4180} INFO - Setting next_dagrun for example_time_delta_sensor_async to None, run_after=None
[2024-11-28T10:13:29.738+0700] {processor.py:208} INFO - Processing /home/fawzan/airflow/.venv/lib/python3.10/site-packages/airflow/example_dags/example_time_delta_sensor_async.py took 0.047 seconds
[2024-11-28T10:15:10.852+0700] {processor.py:186} INFO - Started process (PID=80973) to work on /home/fawzan/airflow/.venv/lib/python3.10/site-packages/airflow/example_dags/example_time_delta_sensor_async.py
[2024-11-28T10:15:10.853+0700] {processor.py:914} INFO - Processing file /home/fawzan/airflow/.venv/lib/python3.10/site-packages/airflow/example_dags/example_time_delta_sensor_async.py for tasks to queue
[2024-11-28T10:15:10.853+0700] {logging_mixin.py:190} INFO - [2024-11-28T10:15:10.853+0700] {dagbag.py:588} INFO - Filling up the DagBag from /home/fawzan/airflow/.venv/lib/python3.10/site-packages/airflow/example_dags/example_time_delta_sensor_async.py
[2024-11-28T10:15:10.857+0700] {processor.py:925} INFO - DAG(s) 'example_time_delta_sensor_async' retrieved from /home/fawzan/airflow/.venv/lib/python3.10/site-packages/airflow/example_dags/example_time_delta_sensor_async.py
[2024-11-28T10:15:10.868+0700] {logging_mixin.py:190} INFO - [2024-11-28T10:15:10.868+0700] {dag.py:3239} INFO - Sync 1 DAGs
[2024-11-28T10:15:10.874+0700] {logging_mixin.py:190} INFO - [2024-11-28T10:15:10.874+0700] {dag.py:4180} INFO - Setting next_dagrun for example_time_delta_sensor_async to None, run_after=None
[2024-11-28T10:15:10.887+0700] {processor.py:208} INFO - Processing /home/fawzan/airflow/.venv/lib/python3.10/site-packages/airflow/example_dags/example_time_delta_sensor_async.py took 0.040 seconds
[2024-11-28T10:16:07.657+0700] {processor.py:186} INFO - Started process (PID=81594) to work on /home/fawzan/airflow/.venv/lib/python3.10/site-packages/airflow/example_dags/example_time_delta_sensor_async.py
[2024-11-28T10:16:07.660+0700] {processor.py:914} INFO - Processing file /home/fawzan/airflow/.venv/lib/python3.10/site-packages/airflow/example_dags/example_time_delta_sensor_async.py for tasks to queue
[2024-11-28T10:16:07.662+0700] {logging_mixin.py:190} INFO - [2024-11-28T10:16:07.661+0700] {dagbag.py:588} INFO - Filling up the DagBag from /home/fawzan/airflow/.venv/lib/python3.10/site-packages/airflow/example_dags/example_time_delta_sensor_async.py
[2024-11-28T10:16:07.667+0700] {processor.py:925} INFO - DAG(s) 'example_time_delta_sensor_async' retrieved from /home/fawzan/airflow/.venv/lib/python3.10/site-packages/airflow/example_dags/example_time_delta_sensor_async.py
[2024-11-28T10:16:07.680+0700] {logging_mixin.py:190} INFO - [2024-11-28T10:16:07.680+0700] {dag.py:3239} INFO - Sync 1 DAGs
[2024-11-28T10:16:07.686+0700] {logging_mixin.py:190} INFO - [2024-11-28T10:16:07.686+0700] {dag.py:4180} INFO - Setting next_dagrun for example_time_delta_sensor_async to None, run_after=None
[2024-11-28T10:16:07.698+0700] {processor.py:208} INFO - Processing /home/fawzan/airflow/.venv/lib/python3.10/site-packages/airflow/example_dags/example_time_delta_sensor_async.py took 0.046 seconds
