[2024-11-28T10:15:31.045+0700] {processor.py:186} INFO - Started process (PID=81234) to work on /home/fawzan/airflow/.venv/lib/python3.10/site-packages/airflow/example_dags/example_local_kubernetes_executor.py
[2024-11-28T10:15:31.046+0700] {processor.py:914} INFO - Processing file /home/fawzan/airflow/.venv/lib/python3.10/site-packages/airflow/example_dags/example_local_kubernetes_executor.py for tasks to queue
[2024-11-28T10:15:31.047+0700] {logging_mixin.py:190} INFO - [2024-11-28T10:15:31.047+0700] {dagbag.py:588} INFO - Filling up the DagBag from /home/fawzan/airflow/.venv/lib/python3.10/site-packages/airflow/example_dags/example_local_kubernetes_executor.py
[2024-11-28T10:15:31.050+0700] {logging_mixin.py:190} INFO - [2024-11-28T10:15:31.050+0700] {example_local_kubernetes_executor.py:40} WARNING - Could not import DAGs in example_local_kubernetes_executor.py
Traceback (most recent call last):
  File "/home/fawzan/airflow/.venv/lib/python3.10/site-packages/airflow/example_dags/example_local_kubernetes_executor.py", line 38, in <module>
    from kubernetes.client import models as k8s
ModuleNotFoundError: No module named 'kubernetes'
[2024-11-28T10:15:31.051+0700] {logging_mixin.py:190} INFO - [2024-11-28T10:15:31.051+0700] {example_local_kubernetes_executor.py:41} WARNING - Install Kubernetes dependencies with: pip install apache-airflow[cncf.kubernetes]
[2024-11-28T10:15:31.051+0700] {processor.py:927} WARNING - No viable dags retrieved from /home/fawzan/airflow/.venv/lib/python3.10/site-packages/airflow/example_dags/example_local_kubernetes_executor.py
[2024-11-28T10:15:31.059+0700] {processor.py:208} INFO - Processing /home/fawzan/airflow/.venv/lib/python3.10/site-packages/airflow/example_dags/example_local_kubernetes_executor.py took 0.019 seconds
[2024-11-28T10:16:28.396+0700] {processor.py:186} INFO - Started process (PID=81818) to work on /home/fawzan/airflow/.venv/lib/python3.10/site-packages/airflow/example_dags/example_local_kubernetes_executor.py
[2024-11-28T10:16:28.399+0700] {processor.py:914} INFO - Processing file /home/fawzan/airflow/.venv/lib/python3.10/site-packages/airflow/example_dags/example_local_kubernetes_executor.py for tasks to queue
[2024-11-28T10:16:28.400+0700] {logging_mixin.py:190} INFO - [2024-11-28T10:16:28.400+0700] {dagbag.py:588} INFO - Filling up the DagBag from /home/fawzan/airflow/.venv/lib/python3.10/site-packages/airflow/example_dags/example_local_kubernetes_executor.py
[2024-11-28T10:16:28.404+0700] {logging_mixin.py:190} INFO - [2024-11-28T10:16:28.403+0700] {example_local_kubernetes_executor.py:40} WARNING - Could not import DAGs in example_local_kubernetes_executor.py
Traceback (most recent call last):
  File "/home/fawzan/airflow/.venv/lib/python3.10/site-packages/airflow/example_dags/example_local_kubernetes_executor.py", line 38, in <module>
    from kubernetes.client import models as k8s
ModuleNotFoundError: No module named 'kubernetes'
[2024-11-28T10:16:28.404+0700] {logging_mixin.py:190} INFO - [2024-11-28T10:16:28.404+0700] {example_local_kubernetes_executor.py:41} WARNING - Install Kubernetes dependencies with: pip install apache-airflow[cncf.kubernetes]
[2024-11-28T10:16:28.404+0700] {processor.py:927} WARNING - No viable dags retrieved from /home/fawzan/airflow/.venv/lib/python3.10/site-packages/airflow/example_dags/example_local_kubernetes_executor.py
[2024-11-28T10:16:28.411+0700] {processor.py:208} INFO - Processing /home/fawzan/airflow/.venv/lib/python3.10/site-packages/airflow/example_dags/example_local_kubernetes_executor.py took 0.023 seconds
