[2024-11-28T10:15:36.424+0700] {processor.py:186} INFO - Started process (PID=81276) to work on /home/fawzan/airflow/.venv/lib/python3.10/site-packages/airflow/example_dags/example_datasets.py
[2024-11-28T10:15:36.425+0700] {processor.py:914} INFO - Processing file /home/fawzan/airflow/.venv/lib/python3.10/site-packages/airflow/example_dags/example_datasets.py for tasks to queue
[2024-11-28T10:15:36.426+0700] {logging_mixin.py:190} INFO - [2024-11-28T10:15:36.425+0700] {dagbag.py:588} INFO - Filling up the DagBag from /home/fawzan/airflow/.venv/lib/python3.10/site-packages/airflow/example_dags/example_datasets.py
[2024-11-28T10:15:36.436+0700] {processor.py:925} INFO - DAG(s) 'conditional_dataset_and_time_based_timetable', 'dataset_consumes_unknown_never_scheduled', 'consume_1_and_2_with_dataset_expressions', 'dataset_consumes_1', 'dataset_produces_1', 'consume_1_or_2_with_dataset_expressions', 'dataset_consumes_1_and_2', 'dataset_produces_2', 'dataset_consumes_1_never_scheduled', 'consume_1_or_both_2_and_3_with_dataset_expressions' retrieved from /home/fawzan/airflow/.venv/lib/python3.10/site-packages/airflow/example_dags/example_datasets.py
[2024-11-28T10:15:36.456+0700] {logging_mixin.py:190} INFO - [2024-11-28T10:15:36.456+0700] {dag.py:3239} INFO - Sync 10 DAGs
[2024-11-28T10:15:36.470+0700] {logging_mixin.py:190} INFO - [2024-11-28T10:15:36.470+0700] {dag.py:4180} INFO - Setting next_dagrun for conditional_dataset_and_time_based_timetable to 2024-11-27 01:00:00+00:00, run_after=2024-11-27 01:00:00+00:00
[2024-11-28T10:15:36.471+0700] {logging_mixin.py:190} INFO - [2024-11-28T10:15:36.471+0700] {dag.py:4180} INFO - Setting next_dagrun for consume_1_and_2_with_dataset_expressions to None, run_after=None
[2024-11-28T10:15:36.472+0700] {logging_mixin.py:190} INFO - [2024-11-28T10:15:36.472+0700] {dag.py:4180} INFO - Setting next_dagrun for consume_1_or_2_with_dataset_expressions to None, run_after=None
[2024-11-28T10:15:36.472+0700] {logging_mixin.py:190} INFO - [2024-11-28T10:15:36.472+0700] {dag.py:4180} INFO - Setting next_dagrun for consume_1_or_both_2_and_3_with_dataset_expressions to None, run_after=None
[2024-11-28T10:15:36.473+0700] {logging_mixin.py:190} INFO - [2024-11-28T10:15:36.473+0700] {dag.py:4180} INFO - Setting next_dagrun for dataset_consumes_1 to None, run_after=None
[2024-11-28T10:15:36.473+0700] {logging_mixin.py:190} INFO - [2024-11-28T10:15:36.473+0700] {dag.py:4180} INFO - Setting next_dagrun for dataset_consumes_1_and_2 to None, run_after=None
[2024-11-28T10:15:36.474+0700] {logging_mixin.py:190} INFO - [2024-11-28T10:15:36.473+0700] {dag.py:4180} INFO - Setting next_dagrun for dataset_consumes_1_never_scheduled to None, run_after=None
[2024-11-28T10:15:36.474+0700] {logging_mixin.py:190} INFO - [2024-11-28T10:15:36.474+0700] {dag.py:4180} INFO - Setting next_dagrun for dataset_consumes_unknown_never_scheduled to None, run_after=None
[2024-11-28T10:15:36.475+0700] {logging_mixin.py:190} INFO - [2024-11-28T10:15:36.475+0700] {dag.py:4180} INFO - Setting next_dagrun for dataset_produces_1 to 2024-11-27 00:00:00+00:00, run_after=2024-11-28 00:00:00+00:00
[2024-11-28T10:15:36.476+0700] {logging_mixin.py:190} INFO - [2024-11-28T10:15:36.476+0700] {dag.py:4180} INFO - Setting next_dagrun for dataset_produces_2 to None, run_after=None
[2024-11-28T10:15:36.492+0700] {processor.py:208} INFO - Processing /home/fawzan/airflow/.venv/lib/python3.10/site-packages/airflow/example_dags/example_datasets.py took 0.074 seconds
[2024-11-28T10:16:34.788+0700] {processor.py:186} INFO - Started process (PID=81860) to work on /home/fawzan/airflow/.venv/lib/python3.10/site-packages/airflow/example_dags/example_datasets.py
[2024-11-28T10:16:34.789+0700] {processor.py:914} INFO - Processing file /home/fawzan/airflow/.venv/lib/python3.10/site-packages/airflow/example_dags/example_datasets.py for tasks to queue
[2024-11-28T10:16:34.790+0700] {logging_mixin.py:190} INFO - [2024-11-28T10:16:34.789+0700] {dagbag.py:588} INFO - Filling up the DagBag from /home/fawzan/airflow/.venv/lib/python3.10/site-packages/airflow/example_dags/example_datasets.py
[2024-11-28T10:16:34.797+0700] {processor.py:925} INFO - DAG(s) 'dataset_produces_1', 'dataset_produces_2', 'consume_1_or_2_with_dataset_expressions', 'consume_1_or_both_2_and_3_with_dataset_expressions', 'dataset_consumes_1_never_scheduled', 'dataset_consumes_unknown_never_scheduled', 'consume_1_and_2_with_dataset_expressions', 'dataset_consumes_1', 'conditional_dataset_and_time_based_timetable', 'dataset_consumes_1_and_2' retrieved from /home/fawzan/airflow/.venv/lib/python3.10/site-packages/airflow/example_dags/example_datasets.py
[2024-11-28T10:16:34.818+0700] {logging_mixin.py:190} INFO - [2024-11-28T10:16:34.817+0700] {dag.py:3239} INFO - Sync 10 DAGs
[2024-11-28T10:16:34.829+0700] {logging_mixin.py:190} INFO - [2024-11-28T10:16:34.828+0700] {dag.py:4180} INFO - Setting next_dagrun for conditional_dataset_and_time_based_timetable to 2024-11-27 01:00:00+00:00, run_after=2024-11-27 01:00:00+00:00
[2024-11-28T10:16:34.830+0700] {logging_mixin.py:190} INFO - [2024-11-28T10:16:34.830+0700] {dag.py:4180} INFO - Setting next_dagrun for consume_1_and_2_with_dataset_expressions to None, run_after=None
[2024-11-28T10:16:34.831+0700] {logging_mixin.py:190} INFO - [2024-11-28T10:16:34.831+0700] {dag.py:4180} INFO - Setting next_dagrun for consume_1_or_2_with_dataset_expressions to None, run_after=None
[2024-11-28T10:16:34.831+0700] {logging_mixin.py:190} INFO - [2024-11-28T10:16:34.831+0700] {dag.py:4180} INFO - Setting next_dagrun for consume_1_or_both_2_and_3_with_dataset_expressions to None, run_after=None
[2024-11-28T10:16:34.832+0700] {logging_mixin.py:190} INFO - [2024-11-28T10:16:34.832+0700] {dag.py:4180} INFO - Setting next_dagrun for dataset_consumes_1 to None, run_after=None
[2024-11-28T10:16:34.832+0700] {logging_mixin.py:190} INFO - [2024-11-28T10:16:34.832+0700] {dag.py:4180} INFO - Setting next_dagrun for dataset_consumes_1_and_2 to None, run_after=None
[2024-11-28T10:16:34.833+0700] {logging_mixin.py:190} INFO - [2024-11-28T10:16:34.833+0700] {dag.py:4180} INFO - Setting next_dagrun for dataset_consumes_1_never_scheduled to None, run_after=None
[2024-11-28T10:16:34.833+0700] {logging_mixin.py:190} INFO - [2024-11-28T10:16:34.833+0700] {dag.py:4180} INFO - Setting next_dagrun for dataset_consumes_unknown_never_scheduled to None, run_after=None
[2024-11-28T10:16:34.834+0700] {logging_mixin.py:190} INFO - [2024-11-28T10:16:34.834+0700] {dag.py:4180} INFO - Setting next_dagrun for dataset_produces_1 to 2024-11-27 00:00:00+00:00, run_after=2024-11-28 00:00:00+00:00
[2024-11-28T10:16:34.835+0700] {logging_mixin.py:190} INFO - [2024-11-28T10:16:34.835+0700] {dag.py:4180} INFO - Setting next_dagrun for dataset_produces_2 to None, run_after=None
[2024-11-28T10:16:34.850+0700] {processor.py:208} INFO - Processing /home/fawzan/airflow/.venv/lib/python3.10/site-packages/airflow/example_dags/example_datasets.py took 0.068 seconds
