[2024-11-07T12:05:36.298+0700] {local_task_job_runner.py:123} INFO - ::group::Pre task execution logs
[2024-11-07T12:05:36.307+0700] {taskinstance.py:2612} INFO - Dependencies all met for dep_context=non-requeueable deps ti=<TaskInstance: rocket_launch_pipeline.extract_images scheduled__2024-01-05T00:00:00+00:00 [queued]>
[2024-11-07T12:05:36.312+0700] {taskinstance.py:2612} INFO - Dependencies all met for dep_context=requeueable deps ti=<TaskInstance: rocket_launch_pipeline.extract_images scheduled__2024-01-05T00:00:00+00:00 [queued]>
[2024-11-07T12:05:36.312+0700] {taskinstance.py:2865} INFO - Starting attempt 2 of 4
[2024-11-07T12:05:36.330+0700] {taskinstance.py:2888} INFO - Executing <Task(PythonOperator): extract_images> on 2024-01-05 00:00:00+00:00
[2024-11-07T12:05:36.332+0700] {standard_task_runner.py:72} INFO - Started process 33632 to run task
[2024-11-07T12:05:36.335+0700] {standard_task_runner.py:104} INFO - Running: ['airflow', 'tasks', 'run', 'rocket_launch_pipeline', 'extract_images', 'scheduled__2024-01-05T00:00:00+00:00', '--job-id', '78', '--raw', '--subdir', 'DAGS_FOLDER/dag.py', '--cfg-path', '/tmp/tmpzn3dtw0x']
[2024-11-07T12:05:36.335+0700] {standard_task_runner.py:105} INFO - Job 78: Subtask extract_images
[2024-11-07T12:05:36.397+0700] {task_command.py:467} INFO - Running <TaskInstance: rocket_launch_pipeline.extract_images scheduled__2024-01-05T00:00:00+00:00 [running]> on host fawzan-HP-Pavilion-x360-2-in-1-Laptop-14-ek1xxx
[2024-11-07T12:05:36.462+0700] {taskinstance.py:3131} INFO - Exporting env vars: AIRFLOW_CTX_DAG_OWNER='airflow' AIRFLOW_CTX_DAG_ID='rocket_launch_pipeline' AIRFLOW_CTX_TASK_ID='extract_images' AIRFLOW_CTX_EXECUTION_DATE='2024-01-05T00:00:00+00:00' AIRFLOW_CTX_TRY_NUMBER='2' AIRFLOW_CTX_DAG_RUN_ID='scheduled__2024-01-05T00:00:00+00:00'
[2024-11-07T12:05:36.462+0700] {logging_mixin.py:190} INFO - Task instance is in running state
[2024-11-07T12:05:36.462+0700] {logging_mixin.py:190} INFO -  Previous state of the Task instance: queued
[2024-11-07T12:05:36.462+0700] {logging_mixin.py:190} INFO - Current task name:extract_images state:running start_date:2024-11-07 05:05:36.307844+00:00
[2024-11-07T12:05:36.463+0700] {logging_mixin.py:190} INFO - Dag name:rocket_launch_pipeline and current dag run status:running
[2024-11-07T12:05:36.463+0700] {taskinstance.py:731} INFO - ::endgroup::
[2024-11-07T12:05:56.907+0700] {python.py:240} INFO - Done. Returned value was: None
[2024-11-07T12:05:56.913+0700] {taskinstance.py:340} INFO - ::group::Post task execution logs
[2024-11-07T12:05:56.914+0700] {taskinstance.py:352} INFO - Marking task as SUCCESS. dag_id=rocket_launch_pipeline, task_id=extract_images, run_id=scheduled__2024-01-05T00:00:00+00:00, execution_date=20240105T000000, start_date=20241107T050536, end_date=20241107T050556
[2024-11-07T12:05:56.926+0700] {logging_mixin.py:190} INFO - Task instance in success state
[2024-11-07T12:05:56.926+0700] {logging_mixin.py:190} INFO -  Previous state of the Task instance: running
[2024-11-07T12:05:56.927+0700] {logging_mixin.py:190} INFO - Dag name:rocket_launch_pipeline queued_at:2024-11-06 11:15:54.484517+00:00
[2024-11-07T12:05:56.927+0700] {logging_mixin.py:190} INFO - Task hostname:fawzan-HP-Pavilion-x360-2-in-1-Laptop-14-ek1xxx operator:PythonOperator
[2024-11-07T12:05:56.935+0700] {local_task_job_runner.py:266} INFO - Task exited with return code 0
[2024-11-07T12:05:56.943+0700] {taskinstance.py:3900} INFO - 0 downstream tasks scheduled from follow-on schedule check
[2024-11-07T12:05:56.943+0700] {local_task_job_runner.py:245} INFO - ::endgroup::
[2024-11-07T12:07:14.928+0700] {local_task_job_runner.py:123} INFO - ::group::Pre task execution logs
[2024-11-07T12:07:14.934+0700] {taskinstance.py:2602} INFO - Dependencies not met for <TaskInstance: rocket_launch_pipeline.extract_images scheduled__2024-01-05T00:00:00+00:00 [success]>, dependency 'Task Instance State' FAILED: Task is in the 'success' state.
[2024-11-07T12:07:14.934+0700] {local_task_job_runner.py:166} INFO - Task is not able to be run
