[2024-11-06T17:08:10.885+0700] {processor.py:186} INFO - Started process (PID=3855) to work on /home/fawzan/airflow/.venv/lib/python3.10/site-packages/airflow/example_dags/example_external_task_marker_dag.py
[2024-11-06T17:08:10.885+0700] {processor.py:914} INFO - Processing file /home/fawzan/airflow/.venv/lib/python3.10/site-packages/airflow/example_dags/example_external_task_marker_dag.py for tasks to queue
[2024-11-06T17:08:10.887+0700] {logging_mixin.py:190} INFO - [2024-11-06T17:08:10.887+0700] {dagbag.py:588} INFO - Filling up the DagBag from /home/fawzan/airflow/.venv/lib/python3.10/site-packages/airflow/example_dags/example_external_task_marker_dag.py
[2024-11-06T17:08:10.892+0700] {processor.py:925} INFO - DAG(s) 'example_external_task_marker_child', 'example_external_task_marker_parent' retrieved from /home/fawzan/airflow/.venv/lib/python3.10/site-packages/airflow/example_dags/example_external_task_marker_dag.py
[2024-11-06T17:08:10.948+0700] {logging_mixin.py:190} INFO - [2024-11-06T17:08:10.947+0700] {override.py:1900} INFO - Created Permission View: can edit on DAG:example_external_task_marker_child
[2024-11-06T17:08:10.955+0700] {logging_mixin.py:190} INFO - [2024-11-06T17:08:10.955+0700] {override.py:1900} INFO - Created Permission View: can delete on DAG:example_external_task_marker_child
[2024-11-06T17:08:10.960+0700] {logging_mixin.py:190} INFO - [2024-11-06T17:08:10.960+0700] {override.py:1900} INFO - Created Permission View: can read on DAG:example_external_task_marker_child
[2024-11-06T17:08:10.969+0700] {logging_mixin.py:190} INFO - [2024-11-06T17:08:10.969+0700] {override.py:1900} INFO - Created Permission View: can delete on DAG Run:example_external_task_marker_child
[2024-11-06T17:08:10.974+0700] {logging_mixin.py:190} INFO - [2024-11-06T17:08:10.974+0700] {override.py:1900} INFO - Created Permission View: can create on DAG Run:example_external_task_marker_child
[2024-11-06T17:08:10.980+0700] {logging_mixin.py:190} INFO - [2024-11-06T17:08:10.979+0700] {override.py:1900} INFO - Created Permission View: menu access on DAG Run:example_external_task_marker_child
[2024-11-06T17:08:10.985+0700] {logging_mixin.py:190} INFO - [2024-11-06T17:08:10.984+0700] {override.py:1900} INFO - Created Permission View: can read on DAG Run:example_external_task_marker_child
[2024-11-06T17:08:10.997+0700] {logging_mixin.py:190} INFO - [2024-11-06T17:08:10.997+0700] {override.py:1900} INFO - Created Permission View: can edit on DAG:example_external_task_marker_parent
[2024-11-06T17:08:11.006+0700] {logging_mixin.py:190} INFO - [2024-11-06T17:08:11.006+0700] {override.py:1900} INFO - Created Permission View: can delete on DAG:example_external_task_marker_parent
[2024-11-06T17:08:11.017+0700] {logging_mixin.py:190} INFO - [2024-11-06T17:08:11.016+0700] {override.py:1900} INFO - Created Permission View: can read on DAG:example_external_task_marker_parent
[2024-11-06T17:08:11.031+0700] {logging_mixin.py:190} INFO - [2024-11-06T17:08:11.030+0700] {override.py:1900} INFO - Created Permission View: can delete on DAG Run:example_external_task_marker_parent
[2024-11-06T17:08:11.040+0700] {logging_mixin.py:190} INFO - [2024-11-06T17:08:11.040+0700] {override.py:1900} INFO - Created Permission View: can create on DAG Run:example_external_task_marker_parent
[2024-11-06T17:08:11.051+0700] {logging_mixin.py:190} INFO - [2024-11-06T17:08:11.050+0700] {override.py:1900} INFO - Created Permission View: menu access on DAG Run:example_external_task_marker_parent
[2024-11-06T17:08:11.059+0700] {logging_mixin.py:190} INFO - [2024-11-06T17:08:11.059+0700] {override.py:1900} INFO - Created Permission View: can read on DAG Run:example_external_task_marker_parent
[2024-11-06T17:08:11.060+0700] {logging_mixin.py:190} INFO - [2024-11-06T17:08:11.059+0700] {dag.py:3239} INFO - Sync 2 DAGs
[2024-11-06T17:08:11.069+0700] {logging_mixin.py:190} INFO - [2024-11-06T17:08:11.068+0700] {dag.py:3262} INFO - Creating ORM DAG for example_external_task_marker_child
[2024-11-06T17:08:11.069+0700] {logging_mixin.py:190} INFO - [2024-11-06T17:08:11.069+0700] {dag.py:3262} INFO - Creating ORM DAG for example_external_task_marker_parent
[2024-11-06T17:08:11.069+0700] {logging_mixin.py:190} INFO - [2024-11-06T17:08:11.069+0700] {dag.py:4180} INFO - Setting next_dagrun for example_external_task_marker_child to None, run_after=None
[2024-11-06T17:08:11.069+0700] {logging_mixin.py:190} INFO - [2024-11-06T17:08:11.069+0700] {dag.py:4180} INFO - Setting next_dagrun for example_external_task_marker_parent to None, run_after=None
[2024-11-06T17:08:11.085+0700] {processor.py:208} INFO - Processing /home/fawzan/airflow/.venv/lib/python3.10/site-packages/airflow/example_dags/example_external_task_marker_dag.py took 0.207 seconds
[2024-11-06T17:13:39.094+0700] {processor.py:186} INFO - Started process (PID=4013) to work on /home/fawzan/airflow/.venv/lib/python3.10/site-packages/airflow/example_dags/example_external_task_marker_dag.py
[2024-11-06T17:13:39.096+0700] {processor.py:914} INFO - Processing file /home/fawzan/airflow/.venv/lib/python3.10/site-packages/airflow/example_dags/example_external_task_marker_dag.py for tasks to queue
[2024-11-06T17:13:39.098+0700] {logging_mixin.py:190} INFO - [2024-11-06T17:13:39.098+0700] {dagbag.py:588} INFO - Filling up the DagBag from /home/fawzan/airflow/.venv/lib/python3.10/site-packages/airflow/example_dags/example_external_task_marker_dag.py
[2024-11-06T17:13:39.106+0700] {processor.py:925} INFO - DAG(s) 'example_external_task_marker_parent', 'example_external_task_marker_child' retrieved from /home/fawzan/airflow/.venv/lib/python3.10/site-packages/airflow/example_dags/example_external_task_marker_dag.py
[2024-11-06T17:13:39.117+0700] {logging_mixin.py:190} INFO - [2024-11-06T17:13:39.117+0700] {dag.py:3239} INFO - Sync 2 DAGs
[2024-11-06T17:13:39.123+0700] {logging_mixin.py:190} INFO - [2024-11-06T17:13:39.123+0700] {dag.py:4180} INFO - Setting next_dagrun for example_external_task_marker_child to None, run_after=None
[2024-11-06T17:13:39.125+0700] {logging_mixin.py:190} INFO - [2024-11-06T17:13:39.125+0700] {dag.py:4180} INFO - Setting next_dagrun for example_external_task_marker_parent to None, run_after=None
[2024-11-06T17:13:39.135+0700] {processor.py:208} INFO - Processing /home/fawzan/airflow/.venv/lib/python3.10/site-packages/airflow/example_dags/example_external_task_marker_dag.py took 0.047 seconds
[2024-11-06T17:14:37.115+0700] {processor.py:186} INFO - Started process (PID=4101) to work on /home/fawzan/airflow/.venv/lib/python3.10/site-packages/airflow/example_dags/example_external_task_marker_dag.py
[2024-11-06T17:14:37.118+0700] {processor.py:914} INFO - Processing file /home/fawzan/airflow/.venv/lib/python3.10/site-packages/airflow/example_dags/example_external_task_marker_dag.py for tasks to queue
[2024-11-06T17:14:37.121+0700] {logging_mixin.py:190} INFO - [2024-11-06T17:14:37.120+0700] {dagbag.py:588} INFO - Filling up the DagBag from /home/fawzan/airflow/.venv/lib/python3.10/site-packages/airflow/example_dags/example_external_task_marker_dag.py
[2024-11-06T17:14:37.128+0700] {processor.py:925} INFO - DAG(s) 'example_external_task_marker_parent', 'example_external_task_marker_child' retrieved from /home/fawzan/airflow/.venv/lib/python3.10/site-packages/airflow/example_dags/example_external_task_marker_dag.py
[2024-11-06T17:14:37.139+0700] {logging_mixin.py:190} INFO - [2024-11-06T17:14:37.139+0700] {dag.py:3239} INFO - Sync 2 DAGs
[2024-11-06T17:14:37.146+0700] {logging_mixin.py:190} INFO - [2024-11-06T17:14:37.146+0700] {dag.py:4180} INFO - Setting next_dagrun for example_external_task_marker_child to None, run_after=None
[2024-11-06T17:14:37.147+0700] {logging_mixin.py:190} INFO - [2024-11-06T17:14:37.147+0700] {dag.py:4180} INFO - Setting next_dagrun for example_external_task_marker_parent to None, run_after=None
[2024-11-06T17:14:37.159+0700] {processor.py:208} INFO - Processing /home/fawzan/airflow/.venv/lib/python3.10/site-packages/airflow/example_dags/example_external_task_marker_dag.py took 0.050 seconds
[2024-11-06T17:15:32.667+0700] {processor.py:186} INFO - Started process (PID=4159) to work on /home/fawzan/airflow/.venv/lib/python3.10/site-packages/airflow/example_dags/example_external_task_marker_dag.py
[2024-11-06T17:15:32.670+0700] {processor.py:914} INFO - Processing file /home/fawzan/airflow/.venv/lib/python3.10/site-packages/airflow/example_dags/example_external_task_marker_dag.py for tasks to queue
[2024-11-06T17:15:32.672+0700] {logging_mixin.py:190} INFO - [2024-11-06T17:15:32.672+0700] {dagbag.py:588} INFO - Filling up the DagBag from /home/fawzan/airflow/.venv/lib/python3.10/site-packages/airflow/example_dags/example_external_task_marker_dag.py
[2024-11-06T17:15:32.680+0700] {processor.py:925} INFO - DAG(s) 'example_external_task_marker_parent', 'example_external_task_marker_child' retrieved from /home/fawzan/airflow/.venv/lib/python3.10/site-packages/airflow/example_dags/example_external_task_marker_dag.py
[2024-11-06T17:15:32.691+0700] {logging_mixin.py:190} INFO - [2024-11-06T17:15:32.691+0700] {dag.py:3239} INFO - Sync 2 DAGs
[2024-11-06T17:15:32.698+0700] {logging_mixin.py:190} INFO - [2024-11-06T17:15:32.697+0700] {dag.py:4180} INFO - Setting next_dagrun for example_external_task_marker_child to None, run_after=None
[2024-11-06T17:15:32.700+0700] {logging_mixin.py:190} INFO - [2024-11-06T17:15:32.699+0700] {dag.py:4180} INFO - Setting next_dagrun for example_external_task_marker_parent to None, run_after=None
[2024-11-06T17:15:32.710+0700] {processor.py:208} INFO - Processing /home/fawzan/airflow/.venv/lib/python3.10/site-packages/airflow/example_dags/example_external_task_marker_dag.py took 0.048 seconds
[2024-11-06T18:13:28.496+0700] {processor.py:186} INFO - Started process (PID=2754) to work on /home/fawzan/airflow/.venv/lib/python3.10/site-packages/airflow/example_dags/example_external_task_marker_dag.py
[2024-11-06T18:13:28.497+0700] {processor.py:914} INFO - Processing file /home/fawzan/airflow/.venv/lib/python3.10/site-packages/airflow/example_dags/example_external_task_marker_dag.py for tasks to queue
[2024-11-06T18:13:28.499+0700] {logging_mixin.py:190} INFO - [2024-11-06T18:13:28.499+0700] {dagbag.py:588} INFO - Filling up the DagBag from /home/fawzan/airflow/.venv/lib/python3.10/site-packages/airflow/example_dags/example_external_task_marker_dag.py
[2024-11-06T18:13:28.506+0700] {processor.py:925} INFO - DAG(s) 'example_external_task_marker_child', 'example_external_task_marker_parent' retrieved from /home/fawzan/airflow/.venv/lib/python3.10/site-packages/airflow/example_dags/example_external_task_marker_dag.py
[2024-11-06T18:13:28.518+0700] {logging_mixin.py:190} INFO - [2024-11-06T18:13:28.518+0700] {dag.py:3239} INFO - Sync 2 DAGs
[2024-11-06T18:13:28.524+0700] {logging_mixin.py:190} INFO - [2024-11-06T18:13:28.524+0700] {dag.py:4180} INFO - Setting next_dagrun for example_external_task_marker_child to None, run_after=None
[2024-11-06T18:13:28.526+0700] {logging_mixin.py:190} INFO - [2024-11-06T18:13:28.526+0700] {dag.py:4180} INFO - Setting next_dagrun for example_external_task_marker_parent to None, run_after=None
[2024-11-06T18:13:28.537+0700] {processor.py:208} INFO - Processing /home/fawzan/airflow/.venv/lib/python3.10/site-packages/airflow/example_dags/example_external_task_marker_dag.py took 0.047 seconds
[2024-11-06T18:14:24.530+0700] {processor.py:186} INFO - Started process (PID=3353) to work on /home/fawzan/airflow/.venv/lib/python3.10/site-packages/airflow/example_dags/example_external_task_marker_dag.py
[2024-11-06T18:14:24.533+0700] {processor.py:914} INFO - Processing file /home/fawzan/airflow/.venv/lib/python3.10/site-packages/airflow/example_dags/example_external_task_marker_dag.py for tasks to queue
[2024-11-06T18:14:24.535+0700] {logging_mixin.py:190} INFO - [2024-11-06T18:14:24.534+0700] {dagbag.py:588} INFO - Filling up the DagBag from /home/fawzan/airflow/.venv/lib/python3.10/site-packages/airflow/example_dags/example_external_task_marker_dag.py
[2024-11-06T18:14:24.540+0700] {processor.py:925} INFO - DAG(s) 'example_external_task_marker_parent', 'example_external_task_marker_child' retrieved from /home/fawzan/airflow/.venv/lib/python3.10/site-packages/airflow/example_dags/example_external_task_marker_dag.py
[2024-11-06T18:14:24.552+0700] {logging_mixin.py:190} INFO - [2024-11-06T18:14:24.551+0700] {dag.py:3239} INFO - Sync 2 DAGs
[2024-11-06T18:14:24.559+0700] {logging_mixin.py:190} INFO - [2024-11-06T18:14:24.559+0700] {dag.py:4180} INFO - Setting next_dagrun for example_external_task_marker_child to None, run_after=None
[2024-11-06T18:14:24.561+0700] {logging_mixin.py:190} INFO - [2024-11-06T18:14:24.561+0700] {dag.py:4180} INFO - Setting next_dagrun for example_external_task_marker_parent to None, run_after=None
[2024-11-06T18:14:24.572+0700] {processor.py:208} INFO - Processing /home/fawzan/airflow/.venv/lib/python3.10/site-packages/airflow/example_dags/example_external_task_marker_dag.py took 0.047 seconds
[2024-11-06T18:15:19.329+0700] {processor.py:186} INFO - Started process (PID=3504) to work on /home/fawzan/airflow/.venv/lib/python3.10/site-packages/airflow/example_dags/example_external_task_marker_dag.py
[2024-11-06T18:15:19.332+0700] {processor.py:914} INFO - Processing file /home/fawzan/airflow/.venv/lib/python3.10/site-packages/airflow/example_dags/example_external_task_marker_dag.py for tasks to queue
[2024-11-06T18:15:19.334+0700] {logging_mixin.py:190} INFO - [2024-11-06T18:15:19.334+0700] {dagbag.py:588} INFO - Filling up the DagBag from /home/fawzan/airflow/.venv/lib/python3.10/site-packages/airflow/example_dags/example_external_task_marker_dag.py
[2024-11-06T18:15:19.342+0700] {processor.py:925} INFO - DAG(s) 'example_external_task_marker_child', 'example_external_task_marker_parent' retrieved from /home/fawzan/airflow/.venv/lib/python3.10/site-packages/airflow/example_dags/example_external_task_marker_dag.py
[2024-11-06T18:15:19.353+0700] {logging_mixin.py:190} INFO - [2024-11-06T18:15:19.353+0700] {dag.py:3239} INFO - Sync 2 DAGs
[2024-11-06T18:15:19.359+0700] {logging_mixin.py:190} INFO - [2024-11-06T18:15:19.359+0700] {dag.py:4180} INFO - Setting next_dagrun for example_external_task_marker_child to None, run_after=None
[2024-11-06T18:15:19.361+0700] {logging_mixin.py:190} INFO - [2024-11-06T18:15:19.361+0700] {dag.py:4180} INFO - Setting next_dagrun for example_external_task_marker_parent to None, run_after=None
[2024-11-06T18:15:19.372+0700] {processor.py:208} INFO - Processing /home/fawzan/airflow/.venv/lib/python3.10/site-packages/airflow/example_dags/example_external_task_marker_dag.py took 0.048 seconds
[2024-11-06T18:16:36.020+0700] {processor.py:186} INFO - Started process (PID=3767) to work on /home/fawzan/airflow/.venv/lib/python3.10/site-packages/airflow/example_dags/example_external_task_marker_dag.py
[2024-11-06T18:16:36.023+0700] {processor.py:914} INFO - Processing file /home/fawzan/airflow/.venv/lib/python3.10/site-packages/airflow/example_dags/example_external_task_marker_dag.py for tasks to queue
[2024-11-06T18:16:36.025+0700] {logging_mixin.py:190} INFO - [2024-11-06T18:16:36.025+0700] {dagbag.py:588} INFO - Filling up the DagBag from /home/fawzan/airflow/.venv/lib/python3.10/site-packages/airflow/example_dags/example_external_task_marker_dag.py
[2024-11-06T18:16:36.033+0700] {processor.py:925} INFO - DAG(s) 'example_external_task_marker_parent', 'example_external_task_marker_child' retrieved from /home/fawzan/airflow/.venv/lib/python3.10/site-packages/airflow/example_dags/example_external_task_marker_dag.py
[2024-11-06T18:16:36.046+0700] {logging_mixin.py:190} INFO - [2024-11-06T18:16:36.045+0700] {dag.py:3239} INFO - Sync 2 DAGs
[2024-11-06T18:16:36.053+0700] {logging_mixin.py:190} INFO - [2024-11-06T18:16:36.053+0700] {dag.py:4180} INFO - Setting next_dagrun for example_external_task_marker_child to None, run_after=None
[2024-11-06T18:16:36.054+0700] {logging_mixin.py:190} INFO - [2024-11-06T18:16:36.054+0700] {dag.py:4180} INFO - Setting next_dagrun for example_external_task_marker_parent to None, run_after=None
[2024-11-06T18:16:36.065+0700] {processor.py:208} INFO - Processing /home/fawzan/airflow/.venv/lib/python3.10/site-packages/airflow/example_dags/example_external_task_marker_dag.py took 0.050 seconds
[2024-11-06T18:17:32.866+0700] {processor.py:186} INFO - Started process (PID=3911) to work on /home/fawzan/airflow/.venv/lib/python3.10/site-packages/airflow/example_dags/example_external_task_marker_dag.py
[2024-11-06T18:17:32.870+0700] {processor.py:914} INFO - Processing file /home/fawzan/airflow/.venv/lib/python3.10/site-packages/airflow/example_dags/example_external_task_marker_dag.py for tasks to queue
[2024-11-06T18:17:32.872+0700] {logging_mixin.py:190} INFO - [2024-11-06T18:17:32.871+0700] {dagbag.py:588} INFO - Filling up the DagBag from /home/fawzan/airflow/.venv/lib/python3.10/site-packages/airflow/example_dags/example_external_task_marker_dag.py
[2024-11-06T18:17:32.881+0700] {processor.py:925} INFO - DAG(s) 'example_external_task_marker_parent', 'example_external_task_marker_child' retrieved from /home/fawzan/airflow/.venv/lib/python3.10/site-packages/airflow/example_dags/example_external_task_marker_dag.py
[2024-11-06T18:17:32.893+0700] {logging_mixin.py:190} INFO - [2024-11-06T18:17:32.893+0700] {dag.py:3239} INFO - Sync 2 DAGs
[2024-11-06T18:17:32.900+0700] {logging_mixin.py:190} INFO - [2024-11-06T18:17:32.900+0700] {dag.py:4180} INFO - Setting next_dagrun for example_external_task_marker_child to None, run_after=None
[2024-11-06T18:17:32.902+0700] {logging_mixin.py:190} INFO - [2024-11-06T18:17:32.902+0700] {dag.py:4180} INFO - Setting next_dagrun for example_external_task_marker_parent to None, run_after=None
[2024-11-06T18:17:32.914+0700] {processor.py:208} INFO - Processing /home/fawzan/airflow/.venv/lib/python3.10/site-packages/airflow/example_dags/example_external_task_marker_dag.py took 0.053 seconds
[2024-11-06T18:18:23.790+0700] {processor.py:186} INFO - Started process (PID=4019) to work on /home/fawzan/airflow/.venv/lib/python3.10/site-packages/airflow/example_dags/example_external_task_marker_dag.py
[2024-11-06T18:18:23.793+0700] {processor.py:914} INFO - Processing file /home/fawzan/airflow/.venv/lib/python3.10/site-packages/airflow/example_dags/example_external_task_marker_dag.py for tasks to queue
[2024-11-06T18:18:23.795+0700] {logging_mixin.py:190} INFO - [2024-11-06T18:18:23.795+0700] {dagbag.py:588} INFO - Filling up the DagBag from /home/fawzan/airflow/.venv/lib/python3.10/site-packages/airflow/example_dags/example_external_task_marker_dag.py
[2024-11-06T18:18:23.803+0700] {processor.py:925} INFO - DAG(s) 'example_external_task_marker_parent', 'example_external_task_marker_child' retrieved from /home/fawzan/airflow/.venv/lib/python3.10/site-packages/airflow/example_dags/example_external_task_marker_dag.py
[2024-11-06T18:18:23.813+0700] {logging_mixin.py:190} INFO - [2024-11-06T18:18:23.813+0700] {dag.py:3239} INFO - Sync 2 DAGs
[2024-11-06T18:18:23.819+0700] {logging_mixin.py:190} INFO - [2024-11-06T18:18:23.819+0700] {dag.py:4180} INFO - Setting next_dagrun for example_external_task_marker_child to None, run_after=None
[2024-11-06T18:18:23.821+0700] {logging_mixin.py:190} INFO - [2024-11-06T18:18:23.821+0700] {dag.py:4180} INFO - Setting next_dagrun for example_external_task_marker_parent to None, run_after=None
[2024-11-06T18:18:23.832+0700] {processor.py:208} INFO - Processing /home/fawzan/airflow/.venv/lib/python3.10/site-packages/airflow/example_dags/example_external_task_marker_dag.py took 0.048 seconds
[2024-11-06T18:19:16.325+0700] {processor.py:186} INFO - Started process (PID=4121) to work on /home/fawzan/airflow/.venv/lib/python3.10/site-packages/airflow/example_dags/example_external_task_marker_dag.py
[2024-11-06T18:19:16.328+0700] {processor.py:914} INFO - Processing file /home/fawzan/airflow/.venv/lib/python3.10/site-packages/airflow/example_dags/example_external_task_marker_dag.py for tasks to queue
[2024-11-06T18:19:16.330+0700] {logging_mixin.py:190} INFO - [2024-11-06T18:19:16.330+0700] {dagbag.py:588} INFO - Filling up the DagBag from /home/fawzan/airflow/.venv/lib/python3.10/site-packages/airflow/example_dags/example_external_task_marker_dag.py
[2024-11-06T18:19:16.338+0700] {processor.py:925} INFO - DAG(s) 'example_external_task_marker_child', 'example_external_task_marker_parent' retrieved from /home/fawzan/airflow/.venv/lib/python3.10/site-packages/airflow/example_dags/example_external_task_marker_dag.py
[2024-11-06T18:19:16.350+0700] {logging_mixin.py:190} INFO - [2024-11-06T18:19:16.350+0700] {dag.py:3239} INFO - Sync 2 DAGs
[2024-11-06T18:19:16.357+0700] {logging_mixin.py:190} INFO - [2024-11-06T18:19:16.357+0700] {dag.py:4180} INFO - Setting next_dagrun for example_external_task_marker_child to None, run_after=None
[2024-11-06T18:19:16.358+0700] {logging_mixin.py:190} INFO - [2024-11-06T18:19:16.358+0700] {dag.py:4180} INFO - Setting next_dagrun for example_external_task_marker_parent to None, run_after=None
[2024-11-06T18:19:16.369+0700] {processor.py:208} INFO - Processing /home/fawzan/airflow/.venv/lib/python3.10/site-packages/airflow/example_dags/example_external_task_marker_dag.py took 0.049 seconds
[2024-11-06T18:20:11.077+0700] {processor.py:186} INFO - Started process (PID=4220) to work on /home/fawzan/airflow/.venv/lib/python3.10/site-packages/airflow/example_dags/example_external_task_marker_dag.py
[2024-11-06T18:20:11.081+0700] {processor.py:914} INFO - Processing file /home/fawzan/airflow/.venv/lib/python3.10/site-packages/airflow/example_dags/example_external_task_marker_dag.py for tasks to queue
[2024-11-06T18:20:11.083+0700] {logging_mixin.py:190} INFO - [2024-11-06T18:20:11.082+0700] {dagbag.py:588} INFO - Filling up the DagBag from /home/fawzan/airflow/.venv/lib/python3.10/site-packages/airflow/example_dags/example_external_task_marker_dag.py
[2024-11-06T18:20:11.090+0700] {processor.py:925} INFO - DAG(s) 'example_external_task_marker_parent', 'example_external_task_marker_child' retrieved from /home/fawzan/airflow/.venv/lib/python3.10/site-packages/airflow/example_dags/example_external_task_marker_dag.py
[2024-11-06T18:20:11.102+0700] {logging_mixin.py:190} INFO - [2024-11-06T18:20:11.101+0700] {dag.py:3239} INFO - Sync 2 DAGs
[2024-11-06T18:20:11.108+0700] {logging_mixin.py:190} INFO - [2024-11-06T18:20:11.108+0700] {dag.py:4180} INFO - Setting next_dagrun for example_external_task_marker_child to None, run_after=None
[2024-11-06T18:20:11.110+0700] {logging_mixin.py:190} INFO - [2024-11-06T18:20:11.110+0700] {dag.py:4180} INFO - Setting next_dagrun for example_external_task_marker_parent to None, run_after=None
[2024-11-06T18:20:11.121+0700] {processor.py:208} INFO - Processing /home/fawzan/airflow/.venv/lib/python3.10/site-packages/airflow/example_dags/example_external_task_marker_dag.py took 0.050 seconds
[2024-11-06T18:21:18.772+0700] {processor.py:186} INFO - Started process (PID=4441) to work on /home/fawzan/airflow/.venv/lib/python3.10/site-packages/airflow/example_dags/example_external_task_marker_dag.py
[2024-11-06T18:21:18.775+0700] {processor.py:914} INFO - Processing file /home/fawzan/airflow/.venv/lib/python3.10/site-packages/airflow/example_dags/example_external_task_marker_dag.py for tasks to queue
[2024-11-06T18:21:18.777+0700] {logging_mixin.py:190} INFO - [2024-11-06T18:21:18.777+0700] {dagbag.py:588} INFO - Filling up the DagBag from /home/fawzan/airflow/.venv/lib/python3.10/site-packages/airflow/example_dags/example_external_task_marker_dag.py
[2024-11-06T18:21:18.785+0700] {processor.py:925} INFO - DAG(s) 'example_external_task_marker_parent', 'example_external_task_marker_child' retrieved from /home/fawzan/airflow/.venv/lib/python3.10/site-packages/airflow/example_dags/example_external_task_marker_dag.py
[2024-11-06T18:21:18.797+0700] {logging_mixin.py:190} INFO - [2024-11-06T18:21:18.797+0700] {dag.py:3239} INFO - Sync 2 DAGs
[2024-11-06T18:21:18.804+0700] {logging_mixin.py:190} INFO - [2024-11-06T18:21:18.804+0700] {dag.py:4180} INFO - Setting next_dagrun for example_external_task_marker_child to None, run_after=None
[2024-11-06T18:21:18.805+0700] {logging_mixin.py:190} INFO - [2024-11-06T18:21:18.805+0700] {dag.py:4180} INFO - Setting next_dagrun for example_external_task_marker_parent to None, run_after=None
[2024-11-06T18:21:18.821+0700] {processor.py:208} INFO - Processing /home/fawzan/airflow/.venv/lib/python3.10/site-packages/airflow/example_dags/example_external_task_marker_dag.py took 0.054 seconds
[2024-11-06T18:22:15.930+0700] {processor.py:186} INFO - Started process (PID=4552) to work on /home/fawzan/airflow/.venv/lib/python3.10/site-packages/airflow/example_dags/example_external_task_marker_dag.py
[2024-11-06T18:22:15.934+0700] {processor.py:914} INFO - Processing file /home/fawzan/airflow/.venv/lib/python3.10/site-packages/airflow/example_dags/example_external_task_marker_dag.py for tasks to queue
[2024-11-06T18:22:15.936+0700] {logging_mixin.py:190} INFO - [2024-11-06T18:22:15.935+0700] {dagbag.py:588} INFO - Filling up the DagBag from /home/fawzan/airflow/.venv/lib/python3.10/site-packages/airflow/example_dags/example_external_task_marker_dag.py
[2024-11-06T18:22:15.943+0700] {processor.py:925} INFO - DAG(s) 'example_external_task_marker_child', 'example_external_task_marker_parent' retrieved from /home/fawzan/airflow/.venv/lib/python3.10/site-packages/airflow/example_dags/example_external_task_marker_dag.py
[2024-11-06T18:22:15.954+0700] {logging_mixin.py:190} INFO - [2024-11-06T18:22:15.954+0700] {dag.py:3239} INFO - Sync 2 DAGs
[2024-11-06T18:22:15.961+0700] {logging_mixin.py:190} INFO - [2024-11-06T18:22:15.961+0700] {dag.py:4180} INFO - Setting next_dagrun for example_external_task_marker_child to None, run_after=None
[2024-11-06T18:22:15.963+0700] {logging_mixin.py:190} INFO - [2024-11-06T18:22:15.963+0700] {dag.py:4180} INFO - Setting next_dagrun for example_external_task_marker_parent to None, run_after=None
[2024-11-06T18:22:15.975+0700] {processor.py:208} INFO - Processing /home/fawzan/airflow/.venv/lib/python3.10/site-packages/airflow/example_dags/example_external_task_marker_dag.py took 0.050 seconds
[2024-11-06T18:23:09.031+0700] {processor.py:186} INFO - Started process (PID=4655) to work on /home/fawzan/airflow/.venv/lib/python3.10/site-packages/airflow/example_dags/example_external_task_marker_dag.py
[2024-11-06T18:23:09.034+0700] {processor.py:914} INFO - Processing file /home/fawzan/airflow/.venv/lib/python3.10/site-packages/airflow/example_dags/example_external_task_marker_dag.py for tasks to queue
[2024-11-06T18:23:09.036+0700] {logging_mixin.py:190} INFO - [2024-11-06T18:23:09.036+0700] {dagbag.py:588} INFO - Filling up the DagBag from /home/fawzan/airflow/.venv/lib/python3.10/site-packages/airflow/example_dags/example_external_task_marker_dag.py
[2024-11-06T18:23:09.044+0700] {processor.py:925} INFO - DAG(s) 'example_external_task_marker_parent', 'example_external_task_marker_child' retrieved from /home/fawzan/airflow/.venv/lib/python3.10/site-packages/airflow/example_dags/example_external_task_marker_dag.py
[2024-11-06T18:23:09.056+0700] {logging_mixin.py:190} INFO - [2024-11-06T18:23:09.056+0700] {dag.py:3239} INFO - Sync 2 DAGs
[2024-11-06T18:23:09.065+0700] {logging_mixin.py:190} INFO - [2024-11-06T18:23:09.065+0700] {dag.py:4180} INFO - Setting next_dagrun for example_external_task_marker_child to None, run_after=None
[2024-11-06T18:23:09.068+0700] {logging_mixin.py:190} INFO - [2024-11-06T18:23:09.068+0700] {dag.py:4180} INFO - Setting next_dagrun for example_external_task_marker_parent to None, run_after=None
[2024-11-06T18:23:09.085+0700] {processor.py:208} INFO - Processing /home/fawzan/airflow/.venv/lib/python3.10/site-packages/airflow/example_dags/example_external_task_marker_dag.py took 0.060 seconds
[2024-11-06T18:24:05.183+0700] {processor.py:186} INFO - Started process (PID=4764) to work on /home/fawzan/airflow/.venv/lib/python3.10/site-packages/airflow/example_dags/example_external_task_marker_dag.py
[2024-11-06T18:24:05.186+0700] {processor.py:914} INFO - Processing file /home/fawzan/airflow/.venv/lib/python3.10/site-packages/airflow/example_dags/example_external_task_marker_dag.py for tasks to queue
[2024-11-06T18:24:05.188+0700] {logging_mixin.py:190} INFO - [2024-11-06T18:24:05.188+0700] {dagbag.py:588} INFO - Filling up the DagBag from /home/fawzan/airflow/.venv/lib/python3.10/site-packages/airflow/example_dags/example_external_task_marker_dag.py
[2024-11-06T18:24:05.196+0700] {processor.py:925} INFO - DAG(s) 'example_external_task_marker_parent', 'example_external_task_marker_child' retrieved from /home/fawzan/airflow/.venv/lib/python3.10/site-packages/airflow/example_dags/example_external_task_marker_dag.py
[2024-11-06T18:24:05.209+0700] {logging_mixin.py:190} INFO - [2024-11-06T18:24:05.209+0700] {dag.py:3239} INFO - Sync 2 DAGs
[2024-11-06T18:24:05.216+0700] {logging_mixin.py:190} INFO - [2024-11-06T18:24:05.215+0700] {dag.py:4180} INFO - Setting next_dagrun for example_external_task_marker_child to None, run_after=None
[2024-11-06T18:24:05.217+0700] {logging_mixin.py:190} INFO - [2024-11-06T18:24:05.217+0700] {dag.py:4180} INFO - Setting next_dagrun for example_external_task_marker_parent to None, run_after=None
[2024-11-06T18:24:05.230+0700] {processor.py:208} INFO - Processing /home/fawzan/airflow/.venv/lib/python3.10/site-packages/airflow/example_dags/example_external_task_marker_dag.py took 0.053 seconds
[2024-11-06T18:32:45.797+0700] {processor.py:186} INFO - Started process (PID=5190) to work on /home/fawzan/airflow/.venv/lib/python3.10/site-packages/airflow/example_dags/example_external_task_marker_dag.py
[2024-11-06T18:32:45.801+0700] {processor.py:914} INFO - Processing file /home/fawzan/airflow/.venv/lib/python3.10/site-packages/airflow/example_dags/example_external_task_marker_dag.py for tasks to queue
[2024-11-06T18:32:45.804+0700] {logging_mixin.py:190} INFO - [2024-11-06T18:32:45.804+0700] {dagbag.py:588} INFO - Filling up the DagBag from /home/fawzan/airflow/.venv/lib/python3.10/site-packages/airflow/example_dags/example_external_task_marker_dag.py
[2024-11-06T18:32:45.812+0700] {processor.py:925} INFO - DAG(s) 'example_external_task_marker_child', 'example_external_task_marker_parent' retrieved from /home/fawzan/airflow/.venv/lib/python3.10/site-packages/airflow/example_dags/example_external_task_marker_dag.py
[2024-11-06T18:32:45.825+0700] {logging_mixin.py:190} INFO - [2024-11-06T18:32:45.825+0700] {dag.py:3239} INFO - Sync 2 DAGs
[2024-11-06T18:32:45.832+0700] {logging_mixin.py:190} INFO - [2024-11-06T18:32:45.832+0700] {dag.py:4180} INFO - Setting next_dagrun for example_external_task_marker_child to None, run_after=None
[2024-11-06T18:32:45.834+0700] {logging_mixin.py:190} INFO - [2024-11-06T18:32:45.834+0700] {dag.py:4180} INFO - Setting next_dagrun for example_external_task_marker_parent to None, run_after=None
[2024-11-06T18:32:45.845+0700] {processor.py:208} INFO - Processing /home/fawzan/airflow/.venv/lib/python3.10/site-packages/airflow/example_dags/example_external_task_marker_dag.py took 0.054 seconds
