[2024-11-06T17:08:18.876+0700] {processor.py:186} INFO - Started process (PID=3862) to work on /home/fawzan/airflow/.venv/lib/python3.10/site-packages/airflow/example_dags/example_branch_operator.py
[2024-11-06T17:08:18.877+0700] {processor.py:914} INFO - Processing file /home/fawzan/airflow/.venv/lib/python3.10/site-packages/airflow/example_dags/example_branch_operator.py for tasks to queue
[2024-11-06T17:08:18.878+0700] {logging_mixin.py:190} INFO - [2024-11-06T17:08:18.878+0700] {dagbag.py:588} INFO - Filling up the DagBag from /home/fawzan/airflow/.venv/lib/python3.10/site-packages/airflow/example_dags/example_branch_operator.py
[2024-11-06T17:08:18.881+0700] {processor.py:927} WARNING - No viable dags retrieved from /home/fawzan/airflow/.venv/lib/python3.10/site-packages/airflow/example_dags/example_branch_operator.py
[2024-11-06T17:08:18.892+0700] {processor.py:208} INFO - Processing /home/fawzan/airflow/.venv/lib/python3.10/site-packages/airflow/example_dags/example_branch_operator.py took 0.023 seconds
[2024-11-06T17:13:46.560+0700] {processor.py:186} INFO - Started process (PID=4020) to work on /home/fawzan/airflow/.venv/lib/python3.10/site-packages/airflow/example_dags/example_branch_operator.py
[2024-11-06T17:13:46.563+0700] {processor.py:914} INFO - Processing file /home/fawzan/airflow/.venv/lib/python3.10/site-packages/airflow/example_dags/example_branch_operator.py for tasks to queue
[2024-11-06T17:13:46.565+0700] {logging_mixin.py:190} INFO - [2024-11-06T17:13:46.564+0700] {dagbag.py:588} INFO - Filling up the DagBag from /home/fawzan/airflow/.venv/lib/python3.10/site-packages/airflow/example_dags/example_branch_operator.py
[2024-11-06T17:13:46.567+0700] {processor.py:927} WARNING - No viable dags retrieved from /home/fawzan/airflow/.venv/lib/python3.10/site-packages/airflow/example_dags/example_branch_operator.py
[2024-11-06T17:13:46.576+0700] {processor.py:208} INFO - Processing /home/fawzan/airflow/.venv/lib/python3.10/site-packages/airflow/example_dags/example_branch_operator.py took 0.022 seconds
[2024-11-06T17:14:43.414+0700] {processor.py:186} INFO - Started process (PID=4108) to work on /home/fawzan/airflow/.venv/lib/python3.10/site-packages/airflow/example_dags/example_branch_operator.py
[2024-11-06T17:14:43.415+0700] {processor.py:914} INFO - Processing file /home/fawzan/airflow/.venv/lib/python3.10/site-packages/airflow/example_dags/example_branch_operator.py for tasks to queue
[2024-11-06T17:14:43.417+0700] {logging_mixin.py:190} INFO - [2024-11-06T17:14:43.416+0700] {dagbag.py:588} INFO - Filling up the DagBag from /home/fawzan/airflow/.venv/lib/python3.10/site-packages/airflow/example_dags/example_branch_operator.py
[2024-11-06T17:14:43.419+0700] {processor.py:927} WARNING - No viable dags retrieved from /home/fawzan/airflow/.venv/lib/python3.10/site-packages/airflow/example_dags/example_branch_operator.py
[2024-11-06T17:14:43.427+0700] {processor.py:208} INFO - Processing /home/fawzan/airflow/.venv/lib/python3.10/site-packages/airflow/example_dags/example_branch_operator.py took 0.018 seconds
[2024-11-06T17:15:39.807+0700] {processor.py:186} INFO - Started process (PID=4166) to work on /home/fawzan/airflow/.venv/lib/python3.10/site-packages/airflow/example_dags/example_branch_operator.py
[2024-11-06T17:15:39.810+0700] {processor.py:914} INFO - Processing file /home/fawzan/airflow/.venv/lib/python3.10/site-packages/airflow/example_dags/example_branch_operator.py for tasks to queue
[2024-11-06T17:15:39.812+0700] {logging_mixin.py:190} INFO - [2024-11-06T17:15:39.812+0700] {dagbag.py:588} INFO - Filling up the DagBag from /home/fawzan/airflow/.venv/lib/python3.10/site-packages/airflow/example_dags/example_branch_operator.py
[2024-11-06T17:15:39.815+0700] {processor.py:927} WARNING - No viable dags retrieved from /home/fawzan/airflow/.venv/lib/python3.10/site-packages/airflow/example_dags/example_branch_operator.py
[2024-11-06T17:15:39.824+0700] {processor.py:208} INFO - Processing /home/fawzan/airflow/.venv/lib/python3.10/site-packages/airflow/example_dags/example_branch_operator.py took 0.023 seconds
[2024-11-06T18:13:35.952+0700] {processor.py:186} INFO - Started process (PID=2775) to work on /home/fawzan/airflow/.venv/lib/python3.10/site-packages/airflow/example_dags/example_branch_operator.py
[2024-11-06T18:13:35.956+0700] {processor.py:914} INFO - Processing file /home/fawzan/airflow/.venv/lib/python3.10/site-packages/airflow/example_dags/example_branch_operator.py for tasks to queue
[2024-11-06T18:13:35.958+0700] {logging_mixin.py:190} INFO - [2024-11-06T18:13:35.957+0700] {dagbag.py:588} INFO - Filling up the DagBag from /home/fawzan/airflow/.venv/lib/python3.10/site-packages/airflow/example_dags/example_branch_operator.py
[2024-11-06T18:13:35.960+0700] {processor.py:927} WARNING - No viable dags retrieved from /home/fawzan/airflow/.venv/lib/python3.10/site-packages/airflow/example_dags/example_branch_operator.py
[2024-11-06T18:13:35.969+0700] {processor.py:208} INFO - Processing /home/fawzan/airflow/.venv/lib/python3.10/site-packages/airflow/example_dags/example_branch_operator.py took 0.022 seconds
[2024-11-06T18:14:30.229+0700] {processor.py:186} INFO - Started process (PID=3390) to work on /home/fawzan/airflow/.venv/lib/python3.10/site-packages/airflow/example_dags/example_branch_operator.py
[2024-11-06T18:14:30.232+0700] {processor.py:914} INFO - Processing file /home/fawzan/airflow/.venv/lib/python3.10/site-packages/airflow/example_dags/example_branch_operator.py for tasks to queue
[2024-11-06T18:14:30.234+0700] {logging_mixin.py:190} INFO - [2024-11-06T18:14:30.234+0700] {dagbag.py:588} INFO - Filling up the DagBag from /home/fawzan/airflow/.venv/lib/python3.10/site-packages/airflow/example_dags/example_branch_operator.py
[2024-11-06T18:14:30.237+0700] {processor.py:927} WARNING - No viable dags retrieved from /home/fawzan/airflow/.venv/lib/python3.10/site-packages/airflow/example_dags/example_branch_operator.py
[2024-11-06T18:14:30.246+0700] {processor.py:208} INFO - Processing /home/fawzan/airflow/.venv/lib/python3.10/site-packages/airflow/example_dags/example_branch_operator.py took 0.021 seconds
[2024-11-06T18:15:26.392+0700] {processor.py:186} INFO - Started process (PID=3517) to work on /home/fawzan/airflow/.venv/lib/python3.10/site-packages/airflow/example_dags/example_branch_operator.py
[2024-11-06T18:15:26.395+0700] {processor.py:914} INFO - Processing file /home/fawzan/airflow/.venv/lib/python3.10/site-packages/airflow/example_dags/example_branch_operator.py for tasks to queue
[2024-11-06T18:15:26.398+0700] {logging_mixin.py:190} INFO - [2024-11-06T18:15:26.397+0700] {dagbag.py:588} INFO - Filling up the DagBag from /home/fawzan/airflow/.venv/lib/python3.10/site-packages/airflow/example_dags/example_branch_operator.py
[2024-11-06T18:15:26.400+0700] {processor.py:927} WARNING - No viable dags retrieved from /home/fawzan/airflow/.venv/lib/python3.10/site-packages/airflow/example_dags/example_branch_operator.py
[2024-11-06T18:15:26.408+0700] {processor.py:208} INFO - Processing /home/fawzan/airflow/.venv/lib/python3.10/site-packages/airflow/example_dags/example_branch_operator.py took 0.022 seconds
[2024-11-06T18:16:42.832+0700] {processor.py:186} INFO - Started process (PID=3783) to work on /home/fawzan/airflow/.venv/lib/python3.10/site-packages/airflow/example_dags/example_branch_operator.py
[2024-11-06T18:16:42.833+0700] {processor.py:914} INFO - Processing file /home/fawzan/airflow/.venv/lib/python3.10/site-packages/airflow/example_dags/example_branch_operator.py for tasks to queue
[2024-11-06T18:16:42.834+0700] {logging_mixin.py:190} INFO - [2024-11-06T18:16:42.834+0700] {dagbag.py:588} INFO - Filling up the DagBag from /home/fawzan/airflow/.venv/lib/python3.10/site-packages/airflow/example_dags/example_branch_operator.py
[2024-11-06T18:16:42.837+0700] {processor.py:927} WARNING - No viable dags retrieved from /home/fawzan/airflow/.venv/lib/python3.10/site-packages/airflow/example_dags/example_branch_operator.py
[2024-11-06T18:16:42.845+0700] {processor.py:208} INFO - Processing /home/fawzan/airflow/.venv/lib/python3.10/site-packages/airflow/example_dags/example_branch_operator.py took 0.019 seconds
[2024-11-06T18:17:39.142+0700] {processor.py:186} INFO - Started process (PID=3926) to work on /home/fawzan/airflow/.venv/lib/python3.10/site-packages/airflow/example_dags/example_branch_operator.py
[2024-11-06T18:17:39.145+0700] {processor.py:914} INFO - Processing file /home/fawzan/airflow/.venv/lib/python3.10/site-packages/airflow/example_dags/example_branch_operator.py for tasks to queue
[2024-11-06T18:17:39.147+0700] {logging_mixin.py:190} INFO - [2024-11-06T18:17:39.147+0700] {dagbag.py:588} INFO - Filling up the DagBag from /home/fawzan/airflow/.venv/lib/python3.10/site-packages/airflow/example_dags/example_branch_operator.py
[2024-11-06T18:17:39.150+0700] {processor.py:927} WARNING - No viable dags retrieved from /home/fawzan/airflow/.venv/lib/python3.10/site-packages/airflow/example_dags/example_branch_operator.py
[2024-11-06T18:17:39.157+0700] {processor.py:208} INFO - Processing /home/fawzan/airflow/.venv/lib/python3.10/site-packages/airflow/example_dags/example_branch_operator.py took 0.021 seconds
[2024-11-06T18:18:31.361+0700] {processor.py:186} INFO - Started process (PID=4034) to work on /home/fawzan/airflow/.venv/lib/python3.10/site-packages/airflow/example_dags/example_branch_operator.py
[2024-11-06T18:18:31.362+0700] {processor.py:914} INFO - Processing file /home/fawzan/airflow/.venv/lib/python3.10/site-packages/airflow/example_dags/example_branch_operator.py for tasks to queue
[2024-11-06T18:18:31.364+0700] {logging_mixin.py:190} INFO - [2024-11-06T18:18:31.363+0700] {dagbag.py:588} INFO - Filling up the DagBag from /home/fawzan/airflow/.venv/lib/python3.10/site-packages/airflow/example_dags/example_branch_operator.py
[2024-11-06T18:18:31.365+0700] {processor.py:927} WARNING - No viable dags retrieved from /home/fawzan/airflow/.venv/lib/python3.10/site-packages/airflow/example_dags/example_branch_operator.py
[2024-11-06T18:18:31.371+0700] {processor.py:208} INFO - Processing /home/fawzan/airflow/.venv/lib/python3.10/site-packages/airflow/example_dags/example_branch_operator.py took 0.015 seconds
[2024-11-06T18:19:23.302+0700] {processor.py:186} INFO - Started process (PID=4138) to work on /home/fawzan/airflow/.venv/lib/python3.10/site-packages/airflow/example_dags/example_branch_operator.py
[2024-11-06T18:19:23.305+0700] {processor.py:914} INFO - Processing file /home/fawzan/airflow/.venv/lib/python3.10/site-packages/airflow/example_dags/example_branch_operator.py for tasks to queue
[2024-11-06T18:19:23.306+0700] {logging_mixin.py:190} INFO - [2024-11-06T18:19:23.306+0700] {dagbag.py:588} INFO - Filling up the DagBag from /home/fawzan/airflow/.venv/lib/python3.10/site-packages/airflow/example_dags/example_branch_operator.py
[2024-11-06T18:19:23.309+0700] {processor.py:927} WARNING - No viable dags retrieved from /home/fawzan/airflow/.venv/lib/python3.10/site-packages/airflow/example_dags/example_branch_operator.py
[2024-11-06T18:19:23.318+0700] {processor.py:208} INFO - Processing /home/fawzan/airflow/.venv/lib/python3.10/site-packages/airflow/example_dags/example_branch_operator.py took 0.021 seconds
[2024-11-06T18:20:18.237+0700] {processor.py:186} INFO - Started process (PID=4234) to work on /home/fawzan/airflow/.venv/lib/python3.10/site-packages/airflow/example_dags/example_branch_operator.py
[2024-11-06T18:20:18.240+0700] {processor.py:914} INFO - Processing file /home/fawzan/airflow/.venv/lib/python3.10/site-packages/airflow/example_dags/example_branch_operator.py for tasks to queue
[2024-11-06T18:20:18.242+0700] {logging_mixin.py:190} INFO - [2024-11-06T18:20:18.242+0700] {dagbag.py:588} INFO - Filling up the DagBag from /home/fawzan/airflow/.venv/lib/python3.10/site-packages/airflow/example_dags/example_branch_operator.py
[2024-11-06T18:20:18.245+0700] {processor.py:927} WARNING - No viable dags retrieved from /home/fawzan/airflow/.venv/lib/python3.10/site-packages/airflow/example_dags/example_branch_operator.py
[2024-11-06T18:20:18.254+0700] {processor.py:208} INFO - Processing /home/fawzan/airflow/.venv/lib/python3.10/site-packages/airflow/example_dags/example_branch_operator.py took 0.023 seconds
[2024-11-06T18:21:25.619+0700] {processor.py:186} INFO - Started process (PID=4453) to work on /home/fawzan/airflow/.venv/lib/python3.10/site-packages/airflow/example_dags/example_branch_operator.py
[2024-11-06T18:21:25.622+0700] {processor.py:914} INFO - Processing file /home/fawzan/airflow/.venv/lib/python3.10/site-packages/airflow/example_dags/example_branch_operator.py for tasks to queue
[2024-11-06T18:21:25.624+0700] {logging_mixin.py:190} INFO - [2024-11-06T18:21:25.624+0700] {dagbag.py:588} INFO - Filling up the DagBag from /home/fawzan/airflow/.venv/lib/python3.10/site-packages/airflow/example_dags/example_branch_operator.py
[2024-11-06T18:21:25.627+0700] {processor.py:927} WARNING - No viable dags retrieved from /home/fawzan/airflow/.venv/lib/python3.10/site-packages/airflow/example_dags/example_branch_operator.py
[2024-11-06T18:21:25.636+0700] {processor.py:208} INFO - Processing /home/fawzan/airflow/.venv/lib/python3.10/site-packages/airflow/example_dags/example_branch_operator.py took 0.022 seconds
[2024-11-06T18:22:22.346+0700] {processor.py:186} INFO - Started process (PID=4575) to work on /home/fawzan/airflow/.venv/lib/python3.10/site-packages/airflow/example_dags/example_branch_operator.py
[2024-11-06T18:22:22.350+0700] {processor.py:914} INFO - Processing file /home/fawzan/airflow/.venv/lib/python3.10/site-packages/airflow/example_dags/example_branch_operator.py for tasks to queue
[2024-11-06T18:22:22.352+0700] {logging_mixin.py:190} INFO - [2024-11-06T18:22:22.351+0700] {dagbag.py:588} INFO - Filling up the DagBag from /home/fawzan/airflow/.venv/lib/python3.10/site-packages/airflow/example_dags/example_branch_operator.py
[2024-11-06T18:22:22.354+0700] {processor.py:927} WARNING - No viable dags retrieved from /home/fawzan/airflow/.venv/lib/python3.10/site-packages/airflow/example_dags/example_branch_operator.py
[2024-11-06T18:22:22.363+0700] {processor.py:208} INFO - Processing /home/fawzan/airflow/.venv/lib/python3.10/site-packages/airflow/example_dags/example_branch_operator.py took 0.023 seconds
[2024-11-06T18:23:15.842+0700] {processor.py:186} INFO - Started process (PID=4668) to work on /home/fawzan/airflow/.venv/lib/python3.10/site-packages/airflow/example_dags/example_branch_operator.py
[2024-11-06T18:23:15.845+0700] {processor.py:914} INFO - Processing file /home/fawzan/airflow/.venv/lib/python3.10/site-packages/airflow/example_dags/example_branch_operator.py for tasks to queue
[2024-11-06T18:23:15.847+0700] {logging_mixin.py:190} INFO - [2024-11-06T18:23:15.847+0700] {dagbag.py:588} INFO - Filling up the DagBag from /home/fawzan/airflow/.venv/lib/python3.10/site-packages/airflow/example_dags/example_branch_operator.py
[2024-11-06T18:23:15.850+0700] {processor.py:927} WARNING - No viable dags retrieved from /home/fawzan/airflow/.venv/lib/python3.10/site-packages/airflow/example_dags/example_branch_operator.py
[2024-11-06T18:23:15.859+0700] {processor.py:208} INFO - Processing /home/fawzan/airflow/.venv/lib/python3.10/site-packages/airflow/example_dags/example_branch_operator.py took 0.022 seconds
[2024-11-06T18:24:11.769+0700] {processor.py:186} INFO - Started process (PID=4782) to work on /home/fawzan/airflow/.venv/lib/python3.10/site-packages/airflow/example_dags/example_branch_operator.py
[2024-11-06T18:24:11.772+0700] {processor.py:914} INFO - Processing file /home/fawzan/airflow/.venv/lib/python3.10/site-packages/airflow/example_dags/example_branch_operator.py for tasks to queue
[2024-11-06T18:24:11.774+0700] {logging_mixin.py:190} INFO - [2024-11-06T18:24:11.774+0700] {dagbag.py:588} INFO - Filling up the DagBag from /home/fawzan/airflow/.venv/lib/python3.10/site-packages/airflow/example_dags/example_branch_operator.py
[2024-11-06T18:24:11.777+0700] {processor.py:927} WARNING - No viable dags retrieved from /home/fawzan/airflow/.venv/lib/python3.10/site-packages/airflow/example_dags/example_branch_operator.py
[2024-11-06T18:24:11.785+0700] {processor.py:208} INFO - Processing /home/fawzan/airflow/.venv/lib/python3.10/site-packages/airflow/example_dags/example_branch_operator.py took 0.020 seconds
[2024-11-06T18:32:52.352+0700] {processor.py:186} INFO - Started process (PID=5204) to work on /home/fawzan/airflow/.venv/lib/python3.10/site-packages/airflow/example_dags/example_branch_operator.py
[2024-11-06T18:32:52.353+0700] {processor.py:914} INFO - Processing file /home/fawzan/airflow/.venv/lib/python3.10/site-packages/airflow/example_dags/example_branch_operator.py for tasks to queue
[2024-11-06T18:32:52.355+0700] {logging_mixin.py:190} INFO - [2024-11-06T18:32:52.354+0700] {dagbag.py:588} INFO - Filling up the DagBag from /home/fawzan/airflow/.venv/lib/python3.10/site-packages/airflow/example_dags/example_branch_operator.py
[2024-11-06T18:32:52.356+0700] {processor.py:927} WARNING - No viable dags retrieved from /home/fawzan/airflow/.venv/lib/python3.10/site-packages/airflow/example_dags/example_branch_operator.py
[2024-11-06T18:32:52.362+0700] {processor.py:208} INFO - Processing /home/fawzan/airflow/.venv/lib/python3.10/site-packages/airflow/example_dags/example_branch_operator.py took 0.017 seconds
