[2024-11-06T17:08:06.283+0700] {processor.py:186} INFO - Started process (PID=3851) to work on /home/fawzan/airflow/.venv/lib/python3.10/site-packages/airflow/example_dags/example_datasets.py
[2024-11-06T17:08:06.284+0700] {processor.py:914} INFO - Processing file /home/fawzan/airflow/.venv/lib/python3.10/site-packages/airflow/example_dags/example_datasets.py for tasks to queue
[2024-11-06T17:08:06.285+0700] {logging_mixin.py:190} INFO - [2024-11-06T17:08:06.285+0700] {dagbag.py:588} INFO - Filling up the DagBag from /home/fawzan/airflow/.venv/lib/python3.10/site-packages/airflow/example_dags/example_datasets.py
[2024-11-06T17:08:06.293+0700] {processor.py:925} INFO - DAG(s) 'dataset_consumes_1', 'consume_1_or_2_with_dataset_expressions', 'dataset_produces_1', 'dataset_consumes_1_never_scheduled', 'dataset_consumes_unknown_never_scheduled', 'dataset_produces_2', 'consume_1_and_2_with_dataset_expressions', 'consume_1_or_both_2_and_3_with_dataset_expressions', 'dataset_consumes_1_and_2', 'conditional_dataset_and_time_based_timetable' retrieved from /home/fawzan/airflow/.venv/lib/python3.10/site-packages/airflow/example_dags/example_datasets.py
[2024-11-06T17:08:06.346+0700] {logging_mixin.py:190} INFO - [2024-11-06T17:08:06.346+0700] {override.py:1900} INFO - Created Permission View: can edit on DAG:dataset_consumes_1
[2024-11-06T17:08:06.353+0700] {logging_mixin.py:190} INFO - [2024-11-06T17:08:06.353+0700] {override.py:1900} INFO - Created Permission View: can delete on DAG:dataset_consumes_1
[2024-11-06T17:08:06.359+0700] {logging_mixin.py:190} INFO - [2024-11-06T17:08:06.359+0700] {override.py:1900} INFO - Created Permission View: can read on DAG:dataset_consumes_1
[2024-11-06T17:08:06.367+0700] {logging_mixin.py:190} INFO - [2024-11-06T17:08:06.367+0700] {override.py:1900} INFO - Created Permission View: can delete on DAG Run:dataset_consumes_1
[2024-11-06T17:08:06.372+0700] {logging_mixin.py:190} INFO - [2024-11-06T17:08:06.372+0700] {override.py:1900} INFO - Created Permission View: can create on DAG Run:dataset_consumes_1
[2024-11-06T17:08:06.378+0700] {logging_mixin.py:190} INFO - [2024-11-06T17:08:06.378+0700] {override.py:1900} INFO - Created Permission View: menu access on DAG Run:dataset_consumes_1
[2024-11-06T17:08:06.383+0700] {logging_mixin.py:190} INFO - [2024-11-06T17:08:06.383+0700] {override.py:1900} INFO - Created Permission View: can read on DAG Run:dataset_consumes_1
[2024-11-06T17:08:06.395+0700] {logging_mixin.py:190} INFO - [2024-11-06T17:08:06.394+0700] {override.py:1900} INFO - Created Permission View: can edit on DAG:consume_1_or_2_with_dataset_expressions
[2024-11-06T17:08:06.400+0700] {logging_mixin.py:190} INFO - [2024-11-06T17:08:06.400+0700] {override.py:1900} INFO - Created Permission View: can delete on DAG:consume_1_or_2_with_dataset_expressions
[2024-11-06T17:08:06.405+0700] {logging_mixin.py:190} INFO - [2024-11-06T17:08:06.405+0700] {override.py:1900} INFO - Created Permission View: can read on DAG:consume_1_or_2_with_dataset_expressions
[2024-11-06T17:08:06.413+0700] {logging_mixin.py:190} INFO - [2024-11-06T17:08:06.413+0700] {override.py:1900} INFO - Created Permission View: can delete on DAG Run:consume_1_or_2_with_dataset_expressions
[2024-11-06T17:08:06.418+0700] {logging_mixin.py:190} INFO - [2024-11-06T17:08:06.418+0700] {override.py:1900} INFO - Created Permission View: can create on DAG Run:consume_1_or_2_with_dataset_expressions
[2024-11-06T17:08:06.423+0700] {logging_mixin.py:190} INFO - [2024-11-06T17:08:06.423+0700] {override.py:1900} INFO - Created Permission View: menu access on DAG Run:consume_1_or_2_with_dataset_expressions
[2024-11-06T17:08:06.429+0700] {logging_mixin.py:190} INFO - [2024-11-06T17:08:06.429+0700] {override.py:1900} INFO - Created Permission View: can read on DAG Run:consume_1_or_2_with_dataset_expressions
[2024-11-06T17:08:06.442+0700] {logging_mixin.py:190} INFO - [2024-11-06T17:08:06.441+0700] {override.py:1900} INFO - Created Permission View: can edit on DAG:dataset_produces_1
[2024-11-06T17:08:06.450+0700] {logging_mixin.py:190} INFO - [2024-11-06T17:08:06.450+0700] {override.py:1900} INFO - Created Permission View: can delete on DAG:dataset_produces_1
[2024-11-06T17:08:06.457+0700] {logging_mixin.py:190} INFO - [2024-11-06T17:08:06.457+0700] {override.py:1900} INFO - Created Permission View: can read on DAG:dataset_produces_1
[2024-11-06T17:08:06.466+0700] {logging_mixin.py:190} INFO - [2024-11-06T17:08:06.466+0700] {override.py:1900} INFO - Created Permission View: can delete on DAG Run:dataset_produces_1
[2024-11-06T17:08:06.472+0700] {logging_mixin.py:190} INFO - [2024-11-06T17:08:06.471+0700] {override.py:1900} INFO - Created Permission View: can create on DAG Run:dataset_produces_1
[2024-11-06T17:08:06.477+0700] {logging_mixin.py:190} INFO - [2024-11-06T17:08:06.477+0700] {override.py:1900} INFO - Created Permission View: menu access on DAG Run:dataset_produces_1
[2024-11-06T17:08:06.483+0700] {logging_mixin.py:190} INFO - [2024-11-06T17:08:06.483+0700] {override.py:1900} INFO - Created Permission View: can read on DAG Run:dataset_produces_1
[2024-11-06T17:08:06.499+0700] {logging_mixin.py:190} INFO - [2024-11-06T17:08:06.499+0700] {override.py:1900} INFO - Created Permission View: can edit on DAG:dataset_consumes_1_never_scheduled
[2024-11-06T17:08:06.508+0700] {logging_mixin.py:190} INFO - [2024-11-06T17:08:06.508+0700] {override.py:1900} INFO - Created Permission View: can delete on DAG:dataset_consumes_1_never_scheduled
[2024-11-06T17:08:06.518+0700] {logging_mixin.py:190} INFO - [2024-11-06T17:08:06.518+0700] {override.py:1900} INFO - Created Permission View: can read on DAG:dataset_consumes_1_never_scheduled
[2024-11-06T17:08:06.530+0700] {logging_mixin.py:190} INFO - [2024-11-06T17:08:06.530+0700] {override.py:1900} INFO - Created Permission View: can delete on DAG Run:dataset_consumes_1_never_scheduled
[2024-11-06T17:08:06.537+0700] {logging_mixin.py:190} INFO - [2024-11-06T17:08:06.536+0700] {override.py:1900} INFO - Created Permission View: can create on DAG Run:dataset_consumes_1_never_scheduled
[2024-11-06T17:08:06.543+0700] {logging_mixin.py:190} INFO - [2024-11-06T17:08:06.542+0700] {override.py:1900} INFO - Created Permission View: menu access on DAG Run:dataset_consumes_1_never_scheduled
[2024-11-06T17:08:06.548+0700] {logging_mixin.py:190} INFO - [2024-11-06T17:08:06.548+0700] {override.py:1900} INFO - Created Permission View: can read on DAG Run:dataset_consumes_1_never_scheduled
[2024-11-06T17:08:06.560+0700] {logging_mixin.py:190} INFO - [2024-11-06T17:08:06.560+0700] {override.py:1900} INFO - Created Permission View: can edit on DAG:dataset_consumes_unknown_never_scheduled
[2024-11-06T17:08:06.566+0700] {logging_mixin.py:190} INFO - [2024-11-06T17:08:06.565+0700] {override.py:1900} INFO - Created Permission View: can delete on DAG:dataset_consumes_unknown_never_scheduled
[2024-11-06T17:08:06.573+0700] {logging_mixin.py:190} INFO - [2024-11-06T17:08:06.573+0700] {override.py:1900} INFO - Created Permission View: can read on DAG:dataset_consumes_unknown_never_scheduled
[2024-11-06T17:08:06.585+0700] {logging_mixin.py:190} INFO - [2024-11-06T17:08:06.584+0700] {override.py:1900} INFO - Created Permission View: can delete on DAG Run:dataset_consumes_unknown_never_scheduled
[2024-11-06T17:08:06.592+0700] {logging_mixin.py:190} INFO - [2024-11-06T17:08:06.592+0700] {override.py:1900} INFO - Created Permission View: can create on DAG Run:dataset_consumes_unknown_never_scheduled
[2024-11-06T17:08:06.598+0700] {logging_mixin.py:190} INFO - [2024-11-06T17:08:06.598+0700] {override.py:1900} INFO - Created Permission View: menu access on DAG Run:dataset_consumes_unknown_never_scheduled
[2024-11-06T17:08:06.604+0700] {logging_mixin.py:190} INFO - [2024-11-06T17:08:06.604+0700] {override.py:1900} INFO - Created Permission View: can read on DAG Run:dataset_consumes_unknown_never_scheduled
[2024-11-06T17:08:06.615+0700] {logging_mixin.py:190} INFO - [2024-11-06T17:08:06.615+0700] {override.py:1900} INFO - Created Permission View: can edit on DAG:dataset_produces_2
[2024-11-06T17:08:06.620+0700] {logging_mixin.py:190} INFO - [2024-11-06T17:08:06.620+0700] {override.py:1900} INFO - Created Permission View: can delete on DAG:dataset_produces_2
[2024-11-06T17:08:06.625+0700] {logging_mixin.py:190} INFO - [2024-11-06T17:08:06.625+0700] {override.py:1900} INFO - Created Permission View: can read on DAG:dataset_produces_2
[2024-11-06T17:08:06.633+0700] {logging_mixin.py:190} INFO - [2024-11-06T17:08:06.633+0700] {override.py:1900} INFO - Created Permission View: can delete on DAG Run:dataset_produces_2
[2024-11-06T17:08:06.638+0700] {logging_mixin.py:190} INFO - [2024-11-06T17:08:06.638+0700] {override.py:1900} INFO - Created Permission View: can create on DAG Run:dataset_produces_2
[2024-11-06T17:08:06.643+0700] {logging_mixin.py:190} INFO - [2024-11-06T17:08:06.643+0700] {override.py:1900} INFO - Created Permission View: menu access on DAG Run:dataset_produces_2
[2024-11-06T17:08:06.648+0700] {logging_mixin.py:190} INFO - [2024-11-06T17:08:06.648+0700] {override.py:1900} INFO - Created Permission View: can read on DAG Run:dataset_produces_2
[2024-11-06T17:08:06.660+0700] {logging_mixin.py:190} INFO - [2024-11-06T17:08:06.660+0700] {override.py:1900} INFO - Created Permission View: can edit on DAG:consume_1_and_2_with_dataset_expressions
[2024-11-06T17:08:06.666+0700] {logging_mixin.py:190} INFO - [2024-11-06T17:08:06.666+0700] {override.py:1900} INFO - Created Permission View: can delete on DAG:consume_1_and_2_with_dataset_expressions
[2024-11-06T17:08:06.672+0700] {logging_mixin.py:190} INFO - [2024-11-06T17:08:06.671+0700] {override.py:1900} INFO - Created Permission View: can read on DAG:consume_1_and_2_with_dataset_expressions
[2024-11-06T17:08:06.680+0700] {logging_mixin.py:190} INFO - [2024-11-06T17:08:06.680+0700] {override.py:1900} INFO - Created Permission View: can delete on DAG Run:consume_1_and_2_with_dataset_expressions
[2024-11-06T17:08:06.685+0700] {logging_mixin.py:190} INFO - [2024-11-06T17:08:06.685+0700] {override.py:1900} INFO - Created Permission View: can create on DAG Run:consume_1_and_2_with_dataset_expressions
[2024-11-06T17:08:06.690+0700] {logging_mixin.py:190} INFO - [2024-11-06T17:08:06.690+0700] {override.py:1900} INFO - Created Permission View: menu access on DAG Run:consume_1_and_2_with_dataset_expressions
[2024-11-06T17:08:06.695+0700] {logging_mixin.py:190} INFO - [2024-11-06T17:08:06.695+0700] {override.py:1900} INFO - Created Permission View: can read on DAG Run:consume_1_and_2_with_dataset_expressions
[2024-11-06T17:08:06.706+0700] {logging_mixin.py:190} INFO - [2024-11-06T17:08:06.706+0700] {override.py:1900} INFO - Created Permission View: can edit on DAG:consume_1_or_both_2_and_3_with_dataset_expressions
[2024-11-06T17:08:06.711+0700] {logging_mixin.py:190} INFO - [2024-11-06T17:08:06.711+0700] {override.py:1900} INFO - Created Permission View: can delete on DAG:consume_1_or_both_2_and_3_with_dataset_expressions
[2024-11-06T17:08:06.716+0700] {logging_mixin.py:190} INFO - [2024-11-06T17:08:06.715+0700] {override.py:1900} INFO - Created Permission View: can read on DAG:consume_1_or_both_2_and_3_with_dataset_expressions
[2024-11-06T17:08:06.723+0700] {logging_mixin.py:190} INFO - [2024-11-06T17:08:06.723+0700] {override.py:1900} INFO - Created Permission View: can delete on DAG Run:consume_1_or_both_2_and_3_with_dataset_expressions
[2024-11-06T17:08:06.728+0700] {logging_mixin.py:190} INFO - [2024-11-06T17:08:06.728+0700] {override.py:1900} INFO - Created Permission View: can create on DAG Run:consume_1_or_both_2_and_3_with_dataset_expressions
[2024-11-06T17:08:06.733+0700] {logging_mixin.py:190} INFO - [2024-11-06T17:08:06.733+0700] {override.py:1900} INFO - Created Permission View: menu access on DAG Run:consume_1_or_both_2_and_3_with_dataset_expressions
[2024-11-06T17:08:06.738+0700] {logging_mixin.py:190} INFO - [2024-11-06T17:08:06.738+0700] {override.py:1900} INFO - Created Permission View: can read on DAG Run:consume_1_or_both_2_and_3_with_dataset_expressions
[2024-11-06T17:08:06.750+0700] {logging_mixin.py:190} INFO - [2024-11-06T17:08:06.750+0700] {override.py:1900} INFO - Created Permission View: can edit on DAG:dataset_consumes_1_and_2
[2024-11-06T17:08:06.755+0700] {logging_mixin.py:190} INFO - [2024-11-06T17:08:06.755+0700] {override.py:1900} INFO - Created Permission View: can delete on DAG:dataset_consumes_1_and_2
[2024-11-06T17:08:06.760+0700] {logging_mixin.py:190} INFO - [2024-11-06T17:08:06.760+0700] {override.py:1900} INFO - Created Permission View: can read on DAG:dataset_consumes_1_and_2
[2024-11-06T17:08:06.769+0700] {logging_mixin.py:190} INFO - [2024-11-06T17:08:06.768+0700] {override.py:1900} INFO - Created Permission View: can delete on DAG Run:dataset_consumes_1_and_2
[2024-11-06T17:08:06.774+0700] {logging_mixin.py:190} INFO - [2024-11-06T17:08:06.774+0700] {override.py:1900} INFO - Created Permission View: can create on DAG Run:dataset_consumes_1_and_2
[2024-11-06T17:08:06.779+0700] {logging_mixin.py:190} INFO - [2024-11-06T17:08:06.779+0700] {override.py:1900} INFO - Created Permission View: menu access on DAG Run:dataset_consumes_1_and_2
[2024-11-06T17:08:06.784+0700] {logging_mixin.py:190} INFO - [2024-11-06T17:08:06.784+0700] {override.py:1900} INFO - Created Permission View: can read on DAG Run:dataset_consumes_1_and_2
[2024-11-06T17:08:06.796+0700] {logging_mixin.py:190} INFO - [2024-11-06T17:08:06.796+0700] {override.py:1900} INFO - Created Permission View: can edit on DAG:conditional_dataset_and_time_based_timetable
[2024-11-06T17:08:06.801+0700] {logging_mixin.py:190} INFO - [2024-11-06T17:08:06.801+0700] {override.py:1900} INFO - Created Permission View: can delete on DAG:conditional_dataset_and_time_based_timetable
[2024-11-06T17:08:06.806+0700] {logging_mixin.py:190} INFO - [2024-11-06T17:08:06.806+0700] {override.py:1900} INFO - Created Permission View: can read on DAG:conditional_dataset_and_time_based_timetable
[2024-11-06T17:08:06.814+0700] {logging_mixin.py:190} INFO - [2024-11-06T17:08:06.814+0700] {override.py:1900} INFO - Created Permission View: can delete on DAG Run:conditional_dataset_and_time_based_timetable
[2024-11-06T17:08:06.819+0700] {logging_mixin.py:190} INFO - [2024-11-06T17:08:06.819+0700] {override.py:1900} INFO - Created Permission View: can create on DAG Run:conditional_dataset_and_time_based_timetable
[2024-11-06T17:08:06.824+0700] {logging_mixin.py:190} INFO - [2024-11-06T17:08:06.824+0700] {override.py:1900} INFO - Created Permission View: menu access on DAG Run:conditional_dataset_and_time_based_timetable
[2024-11-06T17:08:06.829+0700] {logging_mixin.py:190} INFO - [2024-11-06T17:08:06.829+0700] {override.py:1900} INFO - Created Permission View: can read on DAG Run:conditional_dataset_and_time_based_timetable
[2024-11-06T17:08:06.829+0700] {logging_mixin.py:190} INFO - [2024-11-06T17:08:06.829+0700] {dag.py:3239} INFO - Sync 10 DAGs
[2024-11-06T17:08:06.835+0700] {logging_mixin.py:190} INFO - [2024-11-06T17:08:06.835+0700] {dag.py:3262} INFO - Creating ORM DAG for consume_1_or_2_with_dataset_expressions
[2024-11-06T17:08:06.835+0700] {logging_mixin.py:190} INFO - [2024-11-06T17:08:06.835+0700] {dag.py:3262} INFO - Creating ORM DAG for consume_1_and_2_with_dataset_expressions
[2024-11-06T17:08:06.836+0700] {logging_mixin.py:190} INFO - [2024-11-06T17:08:06.836+0700] {dag.py:3262} INFO - Creating ORM DAG for dataset_produces_2
[2024-11-06T17:08:06.836+0700] {logging_mixin.py:190} INFO - [2024-11-06T17:08:06.836+0700] {dag.py:3262} INFO - Creating ORM DAG for dataset_consumes_unknown_never_scheduled
[2024-11-06T17:08:06.836+0700] {logging_mixin.py:190} INFO - [2024-11-06T17:08:06.836+0700] {dag.py:3262} INFO - Creating ORM DAG for consume_1_or_both_2_and_3_with_dataset_expressions
[2024-11-06T17:08:06.836+0700] {logging_mixin.py:190} INFO - [2024-11-06T17:08:06.836+0700] {dag.py:3262} INFO - Creating ORM DAG for dataset_produces_1
[2024-11-06T17:08:06.837+0700] {logging_mixin.py:190} INFO - [2024-11-06T17:08:06.837+0700] {dag.py:3262} INFO - Creating ORM DAG for dataset_consumes_1
[2024-11-06T17:08:06.837+0700] {logging_mixin.py:190} INFO - [2024-11-06T17:08:06.837+0700] {dag.py:3262} INFO - Creating ORM DAG for dataset_consumes_1_never_scheduled
[2024-11-06T17:08:06.837+0700] {logging_mixin.py:190} INFO - [2024-11-06T17:08:06.837+0700] {dag.py:3262} INFO - Creating ORM DAG for conditional_dataset_and_time_based_timetable
[2024-11-06T17:08:06.837+0700] {logging_mixin.py:190} INFO - [2024-11-06T17:08:06.837+0700] {dag.py:3262} INFO - Creating ORM DAG for dataset_consumes_1_and_2
[2024-11-06T17:08:06.842+0700] {logging_mixin.py:190} INFO - [2024-11-06T17:08:06.842+0700] {dag.py:4180} INFO - Setting next_dagrun for conditional_dataset_and_time_based_timetable to 2024-11-06 01:00:00+00:00, run_after=2024-11-06 01:00:00+00:00
[2024-11-06T17:08:06.843+0700] {logging_mixin.py:190} INFO - [2024-11-06T17:08:06.843+0700] {dag.py:4180} INFO - Setting next_dagrun for consume_1_and_2_with_dataset_expressions to None, run_after=None
[2024-11-06T17:08:06.843+0700] {logging_mixin.py:190} INFO - [2024-11-06T17:08:06.843+0700] {dag.py:4180} INFO - Setting next_dagrun for consume_1_or_2_with_dataset_expressions to None, run_after=None
[2024-11-06T17:08:06.843+0700] {logging_mixin.py:190} INFO - [2024-11-06T17:08:06.843+0700] {dag.py:4180} INFO - Setting next_dagrun for consume_1_or_both_2_and_3_with_dataset_expressions to None, run_after=None
[2024-11-06T17:08:06.843+0700] {logging_mixin.py:190} INFO - [2024-11-06T17:08:06.843+0700] {dag.py:4180} INFO - Setting next_dagrun for dataset_consumes_1 to None, run_after=None
[2024-11-06T17:08:06.843+0700] {logging_mixin.py:190} INFO - [2024-11-06T17:08:06.843+0700] {dag.py:4180} INFO - Setting next_dagrun for dataset_consumes_1_and_2 to None, run_after=None
[2024-11-06T17:08:06.844+0700] {logging_mixin.py:190} INFO - [2024-11-06T17:08:06.844+0700] {dag.py:4180} INFO - Setting next_dagrun for dataset_consumes_1_never_scheduled to None, run_after=None
[2024-11-06T17:08:06.844+0700] {logging_mixin.py:190} INFO - [2024-11-06T17:08:06.844+0700] {dag.py:4180} INFO - Setting next_dagrun for dataset_consumes_unknown_never_scheduled to None, run_after=None
[2024-11-06T17:08:06.845+0700] {logging_mixin.py:190} INFO - [2024-11-06T17:08:06.845+0700] {dag.py:4180} INFO - Setting next_dagrun for dataset_produces_1 to 2024-11-05 00:00:00+00:00, run_after=2024-11-06 00:00:00+00:00
[2024-11-06T17:08:06.845+0700] {logging_mixin.py:190} INFO - [2024-11-06T17:08:06.845+0700] {dag.py:4180} INFO - Setting next_dagrun for dataset_produces_2 to None, run_after=None
[2024-11-06T17:08:06.863+0700] {processor.py:208} INFO - Processing /home/fawzan/airflow/.venv/lib/python3.10/site-packages/airflow/example_dags/example_datasets.py took 0.585 seconds
[2024-11-06T17:13:36.241+0700] {processor.py:186} INFO - Started process (PID=4008) to work on /home/fawzan/airflow/.venv/lib/python3.10/site-packages/airflow/example_dags/example_datasets.py
[2024-11-06T17:13:36.244+0700] {processor.py:914} INFO - Processing file /home/fawzan/airflow/.venv/lib/python3.10/site-packages/airflow/example_dags/example_datasets.py for tasks to queue
[2024-11-06T17:13:36.246+0700] {logging_mixin.py:190} INFO - [2024-11-06T17:13:36.246+0700] {dagbag.py:588} INFO - Filling up the DagBag from /home/fawzan/airflow/.venv/lib/python3.10/site-packages/airflow/example_dags/example_datasets.py
[2024-11-06T17:13:36.259+0700] {processor.py:925} INFO - DAG(s) 'dataset_consumes_1_never_scheduled', 'dataset_consumes_1', 'dataset_consumes_unknown_never_scheduled', 'consume_1_or_2_with_dataset_expressions', 'consume_1_or_both_2_and_3_with_dataset_expressions', 'conditional_dataset_and_time_based_timetable', 'dataset_consumes_1_and_2', 'dataset_produces_1', 'dataset_produces_2', 'consume_1_and_2_with_dataset_expressions' retrieved from /home/fawzan/airflow/.venv/lib/python3.10/site-packages/airflow/example_dags/example_datasets.py
[2024-11-06T17:13:36.280+0700] {logging_mixin.py:190} INFO - [2024-11-06T17:13:36.280+0700] {dag.py:3239} INFO - Sync 10 DAGs
[2024-11-06T17:13:36.292+0700] {logging_mixin.py:190} INFO - [2024-11-06T17:13:36.292+0700] {dag.py:4180} INFO - Setting next_dagrun for conditional_dataset_and_time_based_timetable to 2024-11-06 01:00:00+00:00, run_after=2024-11-06 01:00:00+00:00
[2024-11-06T17:13:36.294+0700] {logging_mixin.py:190} INFO - [2024-11-06T17:13:36.294+0700] {dag.py:4180} INFO - Setting next_dagrun for consume_1_and_2_with_dataset_expressions to None, run_after=None
[2024-11-06T17:13:36.294+0700] {logging_mixin.py:190} INFO - [2024-11-06T17:13:36.294+0700] {dag.py:4180} INFO - Setting next_dagrun for consume_1_or_2_with_dataset_expressions to None, run_after=None
[2024-11-06T17:13:36.295+0700] {logging_mixin.py:190} INFO - [2024-11-06T17:13:36.295+0700] {dag.py:4180} INFO - Setting next_dagrun for consume_1_or_both_2_and_3_with_dataset_expressions to None, run_after=None
[2024-11-06T17:13:36.295+0700] {logging_mixin.py:190} INFO - [2024-11-06T17:13:36.295+0700] {dag.py:4180} INFO - Setting next_dagrun for dataset_consumes_1 to None, run_after=None
[2024-11-06T17:13:36.296+0700] {logging_mixin.py:190} INFO - [2024-11-06T17:13:36.296+0700] {dag.py:4180} INFO - Setting next_dagrun for dataset_consumes_1_and_2 to None, run_after=None
[2024-11-06T17:13:36.296+0700] {logging_mixin.py:190} INFO - [2024-11-06T17:13:36.296+0700] {dag.py:4180} INFO - Setting next_dagrun for dataset_consumes_1_never_scheduled to None, run_after=None
[2024-11-06T17:13:36.297+0700] {logging_mixin.py:190} INFO - [2024-11-06T17:13:36.297+0700] {dag.py:4180} INFO - Setting next_dagrun for dataset_consumes_unknown_never_scheduled to None, run_after=None
[2024-11-06T17:13:36.298+0700] {logging_mixin.py:190} INFO - [2024-11-06T17:13:36.298+0700] {dag.py:4180} INFO - Setting next_dagrun for dataset_produces_1 to 2024-11-05 00:00:00+00:00, run_after=2024-11-06 00:00:00+00:00
[2024-11-06T17:13:36.298+0700] {logging_mixin.py:190} INFO - [2024-11-06T17:13:36.298+0700] {dag.py:4180} INFO - Setting next_dagrun for dataset_produces_2 to None, run_after=None
[2024-11-06T17:13:36.315+0700] {processor.py:208} INFO - Processing /home/fawzan/airflow/.venv/lib/python3.10/site-packages/airflow/example_dags/example_datasets.py took 0.080 seconds
[2024-11-06T17:14:33.097+0700] {processor.py:186} INFO - Started process (PID=4082) to work on /home/fawzan/airflow/.venv/lib/python3.10/site-packages/airflow/example_dags/example_datasets.py
[2024-11-06T17:14:33.098+0700] {processor.py:914} INFO - Processing file /home/fawzan/airflow/.venv/lib/python3.10/site-packages/airflow/example_dags/example_datasets.py for tasks to queue
[2024-11-06T17:14:33.099+0700] {logging_mixin.py:190} INFO - [2024-11-06T17:14:33.099+0700] {dagbag.py:588} INFO - Filling up the DagBag from /home/fawzan/airflow/.venv/lib/python3.10/site-packages/airflow/example_dags/example_datasets.py
[2024-11-06T17:14:33.107+0700] {processor.py:925} INFO - DAG(s) 'dataset_consumes_1', 'dataset_consumes_unknown_never_scheduled', 'consume_1_or_both_2_and_3_with_dataset_expressions', 'consume_1_and_2_with_dataset_expressions', 'conditional_dataset_and_time_based_timetable', 'dataset_consumes_1_never_scheduled', 'dataset_produces_1', 'dataset_consumes_1_and_2', 'consume_1_or_2_with_dataset_expressions', 'dataset_produces_2' retrieved from /home/fawzan/airflow/.venv/lib/python3.10/site-packages/airflow/example_dags/example_datasets.py
[2024-11-06T17:14:33.126+0700] {logging_mixin.py:190} INFO - [2024-11-06T17:14:33.126+0700] {dag.py:3239} INFO - Sync 10 DAGs
[2024-11-06T17:14:33.138+0700] {logging_mixin.py:190} INFO - [2024-11-06T17:14:33.138+0700] {dag.py:4180} INFO - Setting next_dagrun for conditional_dataset_and_time_based_timetable to 2024-11-06 01:00:00+00:00, run_after=2024-11-06 01:00:00+00:00
[2024-11-06T17:14:33.139+0700] {logging_mixin.py:190} INFO - [2024-11-06T17:14:33.139+0700] {dag.py:4180} INFO - Setting next_dagrun for consume_1_and_2_with_dataset_expressions to None, run_after=None
[2024-11-06T17:14:33.140+0700] {logging_mixin.py:190} INFO - [2024-11-06T17:14:33.140+0700] {dag.py:4180} INFO - Setting next_dagrun for consume_1_or_2_with_dataset_expressions to None, run_after=None
[2024-11-06T17:14:33.140+0700] {logging_mixin.py:190} INFO - [2024-11-06T17:14:33.140+0700] {dag.py:4180} INFO - Setting next_dagrun for consume_1_or_both_2_and_3_with_dataset_expressions to None, run_after=None
[2024-11-06T17:14:33.141+0700] {logging_mixin.py:190} INFO - [2024-11-06T17:14:33.141+0700] {dag.py:4180} INFO - Setting next_dagrun for dataset_consumes_1 to None, run_after=None
[2024-11-06T17:14:33.141+0700] {logging_mixin.py:190} INFO - [2024-11-06T17:14:33.141+0700] {dag.py:4180} INFO - Setting next_dagrun for dataset_consumes_1_and_2 to None, run_after=None
[2024-11-06T17:14:33.142+0700] {logging_mixin.py:190} INFO - [2024-11-06T17:14:33.142+0700] {dag.py:4180} INFO - Setting next_dagrun for dataset_consumes_1_never_scheduled to None, run_after=None
[2024-11-06T17:14:33.142+0700] {logging_mixin.py:190} INFO - [2024-11-06T17:14:33.142+0700] {dag.py:4180} INFO - Setting next_dagrun for dataset_consumes_unknown_never_scheduled to None, run_after=None
[2024-11-06T17:14:33.143+0700] {logging_mixin.py:190} INFO - [2024-11-06T17:14:33.143+0700] {dag.py:4180} INFO - Setting next_dagrun for dataset_produces_1 to 2024-11-05 00:00:00+00:00, run_after=2024-11-06 00:00:00+00:00
[2024-11-06T17:14:33.144+0700] {logging_mixin.py:190} INFO - [2024-11-06T17:14:33.144+0700] {dag.py:4180} INFO - Setting next_dagrun for dataset_produces_2 to None, run_after=None
[2024-11-06T17:14:33.160+0700] {processor.py:208} INFO - Processing /home/fawzan/airflow/.venv/lib/python3.10/site-packages/airflow/example_dags/example_datasets.py took 0.066 seconds
[2024-11-06T17:15:28.673+0700] {processor.py:186} INFO - Started process (PID=4155) to work on /home/fawzan/airflow/.venv/lib/python3.10/site-packages/airflow/example_dags/example_datasets.py
[2024-11-06T17:15:28.676+0700] {processor.py:914} INFO - Processing file /home/fawzan/airflow/.venv/lib/python3.10/site-packages/airflow/example_dags/example_datasets.py for tasks to queue
[2024-11-06T17:15:28.678+0700] {logging_mixin.py:190} INFO - [2024-11-06T17:15:28.678+0700] {dagbag.py:588} INFO - Filling up the DagBag from /home/fawzan/airflow/.venv/lib/python3.10/site-packages/airflow/example_dags/example_datasets.py
[2024-11-06T17:15:28.690+0700] {processor.py:925} INFO - DAG(s) 'dataset_consumes_1_never_scheduled', 'dataset_consumes_1', 'consume_1_or_both_2_and_3_with_dataset_expressions', 'consume_1_and_2_with_dataset_expressions', 'dataset_produces_1', 'consume_1_or_2_with_dataset_expressions', 'dataset_consumes_1_and_2', 'dataset_consumes_unknown_never_scheduled', 'dataset_produces_2', 'conditional_dataset_and_time_based_timetable' retrieved from /home/fawzan/airflow/.venv/lib/python3.10/site-packages/airflow/example_dags/example_datasets.py
[2024-11-06T17:15:28.709+0700] {logging_mixin.py:190} INFO - [2024-11-06T17:15:28.708+0700] {dag.py:3239} INFO - Sync 10 DAGs
[2024-11-06T17:15:28.721+0700] {logging_mixin.py:190} INFO - [2024-11-06T17:15:28.720+0700] {dag.py:4180} INFO - Setting next_dagrun for conditional_dataset_and_time_based_timetable to 2024-11-06 01:00:00+00:00, run_after=2024-11-06 01:00:00+00:00
[2024-11-06T17:15:28.722+0700] {logging_mixin.py:190} INFO - [2024-11-06T17:15:28.722+0700] {dag.py:4180} INFO - Setting next_dagrun for consume_1_and_2_with_dataset_expressions to None, run_after=None
[2024-11-06T17:15:28.723+0700] {logging_mixin.py:190} INFO - [2024-11-06T17:15:28.723+0700] {dag.py:4180} INFO - Setting next_dagrun for consume_1_or_2_with_dataset_expressions to None, run_after=None
[2024-11-06T17:15:28.723+0700] {logging_mixin.py:190} INFO - [2024-11-06T17:15:28.723+0700] {dag.py:4180} INFO - Setting next_dagrun for consume_1_or_both_2_and_3_with_dataset_expressions to None, run_after=None
[2024-11-06T17:15:28.724+0700] {logging_mixin.py:190} INFO - [2024-11-06T17:15:28.724+0700] {dag.py:4180} INFO - Setting next_dagrun for dataset_consumes_1 to None, run_after=None
[2024-11-06T17:15:28.724+0700] {logging_mixin.py:190} INFO - [2024-11-06T17:15:28.724+0700] {dag.py:4180} INFO - Setting next_dagrun for dataset_consumes_1_and_2 to None, run_after=None
[2024-11-06T17:15:28.725+0700] {logging_mixin.py:190} INFO - [2024-11-06T17:15:28.725+0700] {dag.py:4180} INFO - Setting next_dagrun for dataset_consumes_1_never_scheduled to None, run_after=None
[2024-11-06T17:15:28.725+0700] {logging_mixin.py:190} INFO - [2024-11-06T17:15:28.725+0700] {dag.py:4180} INFO - Setting next_dagrun for dataset_consumes_unknown_never_scheduled to None, run_after=None
[2024-11-06T17:15:28.726+0700] {logging_mixin.py:190} INFO - [2024-11-06T17:15:28.726+0700] {dag.py:4180} INFO - Setting next_dagrun for dataset_produces_1 to 2024-11-05 00:00:00+00:00, run_after=2024-11-06 00:00:00+00:00
[2024-11-06T17:15:28.727+0700] {logging_mixin.py:190} INFO - [2024-11-06T17:15:28.727+0700] {dag.py:4180} INFO - Setting next_dagrun for dataset_produces_2 to None, run_after=None
[2024-11-06T17:15:28.742+0700] {processor.py:208} INFO - Processing /home/fawzan/airflow/.venv/lib/python3.10/site-packages/airflow/example_dags/example_datasets.py took 0.075 seconds
[2024-11-06T17:16:23.411+0700] {processor.py:186} INFO - Started process (PID=4220) to work on /home/fawzan/airflow/.venv/lib/python3.10/site-packages/airflow/example_dags/example_datasets.py
[2024-11-06T17:16:23.414+0700] {processor.py:914} INFO - Processing file /home/fawzan/airflow/.venv/lib/python3.10/site-packages/airflow/example_dags/example_datasets.py for tasks to queue
[2024-11-06T17:16:23.416+0700] {logging_mixin.py:190} INFO - [2024-11-06T17:16:23.416+0700] {dagbag.py:588} INFO - Filling up the DagBag from /home/fawzan/airflow/.venv/lib/python3.10/site-packages/airflow/example_dags/example_datasets.py
[2024-11-06T17:16:23.429+0700] {processor.py:925} INFO - DAG(s) 'dataset_consumes_1_and_2', 'consume_1_or_2_with_dataset_expressions', 'consume_1_and_2_with_dataset_expressions', 'dataset_consumes_1_never_scheduled', 'consume_1_or_both_2_and_3_with_dataset_expressions', 'dataset_consumes_1', 'dataset_consumes_unknown_never_scheduled', 'dataset_produces_2', 'dataset_produces_1', 'conditional_dataset_and_time_based_timetable' retrieved from /home/fawzan/airflow/.venv/lib/python3.10/site-packages/airflow/example_dags/example_datasets.py
[2024-11-06T17:16:23.447+0700] {logging_mixin.py:190} INFO - [2024-11-06T17:16:23.447+0700] {dag.py:3239} INFO - Sync 10 DAGs
[2024-11-06T17:16:23.459+0700] {logging_mixin.py:190} INFO - [2024-11-06T17:16:23.459+0700] {dag.py:4180} INFO - Setting next_dagrun for conditional_dataset_and_time_based_timetable to 2024-11-06 01:00:00+00:00, run_after=2024-11-06 01:00:00+00:00
[2024-11-06T17:16:23.461+0700] {logging_mixin.py:190} INFO - [2024-11-06T17:16:23.461+0700] {dag.py:4180} INFO - Setting next_dagrun for consume_1_and_2_with_dataset_expressions to None, run_after=None
[2024-11-06T17:16:23.461+0700] {logging_mixin.py:190} INFO - [2024-11-06T17:16:23.461+0700] {dag.py:4180} INFO - Setting next_dagrun for consume_1_or_2_with_dataset_expressions to None, run_after=None
[2024-11-06T17:16:23.462+0700] {logging_mixin.py:190} INFO - [2024-11-06T17:16:23.462+0700] {dag.py:4180} INFO - Setting next_dagrun for consume_1_or_both_2_and_3_with_dataset_expressions to None, run_after=None
[2024-11-06T17:16:23.462+0700] {logging_mixin.py:190} INFO - [2024-11-06T17:16:23.462+0700] {dag.py:4180} INFO - Setting next_dagrun for dataset_consumes_1 to None, run_after=None
[2024-11-06T17:16:23.463+0700] {logging_mixin.py:190} INFO - [2024-11-06T17:16:23.463+0700] {dag.py:4180} INFO - Setting next_dagrun for dataset_consumes_1_and_2 to None, run_after=None
[2024-11-06T17:16:23.463+0700] {logging_mixin.py:190} INFO - [2024-11-06T17:16:23.463+0700] {dag.py:4180} INFO - Setting next_dagrun for dataset_consumes_1_never_scheduled to None, run_after=None
[2024-11-06T17:16:23.464+0700] {logging_mixin.py:190} INFO - [2024-11-06T17:16:23.464+0700] {dag.py:4180} INFO - Setting next_dagrun for dataset_consumes_unknown_never_scheduled to None, run_after=None
[2024-11-06T17:16:23.465+0700] {logging_mixin.py:190} INFO - [2024-11-06T17:16:23.465+0700] {dag.py:4180} INFO - Setting next_dagrun for dataset_produces_1 to 2024-11-05 00:00:00+00:00, run_after=2024-11-06 00:00:00+00:00
[2024-11-06T17:16:23.466+0700] {logging_mixin.py:190} INFO - [2024-11-06T17:16:23.466+0700] {dag.py:4180} INFO - Setting next_dagrun for dataset_produces_2 to None, run_after=None
[2024-11-06T17:16:23.483+0700] {processor.py:208} INFO - Processing /home/fawzan/airflow/.venv/lib/python3.10/site-packages/airflow/example_dags/example_datasets.py took 0.077 seconds
[2024-11-06T18:13:24.495+0700] {processor.py:186} INFO - Started process (PID=2747) to work on /home/fawzan/airflow/.venv/lib/python3.10/site-packages/airflow/example_dags/example_datasets.py
[2024-11-06T18:13:24.495+0700] {processor.py:914} INFO - Processing file /home/fawzan/airflow/.venv/lib/python3.10/site-packages/airflow/example_dags/example_datasets.py for tasks to queue
[2024-11-06T18:13:24.496+0700] {logging_mixin.py:190} INFO - [2024-11-06T18:13:24.496+0700] {dagbag.py:588} INFO - Filling up the DagBag from /home/fawzan/airflow/.venv/lib/python3.10/site-packages/airflow/example_dags/example_datasets.py
[2024-11-06T18:13:24.504+0700] {processor.py:925} INFO - DAG(s) 'dataset_produces_2', 'dataset_consumes_1', 'consume_1_or_both_2_and_3_with_dataset_expressions', 'consume_1_or_2_with_dataset_expressions', 'dataset_consumes_1_never_scheduled', 'dataset_consumes_unknown_never_scheduled', 'dataset_consumes_1_and_2', 'dataset_produces_1', 'consume_1_and_2_with_dataset_expressions', 'conditional_dataset_and_time_based_timetable' retrieved from /home/fawzan/airflow/.venv/lib/python3.10/site-packages/airflow/example_dags/example_datasets.py
[2024-11-06T18:13:24.523+0700] {logging_mixin.py:190} INFO - [2024-11-06T18:13:24.523+0700] {dag.py:3239} INFO - Sync 10 DAGs
[2024-11-06T18:13:24.535+0700] {logging_mixin.py:190} INFO - [2024-11-06T18:13:24.535+0700] {dag.py:4180} INFO - Setting next_dagrun for conditional_dataset_and_time_based_timetable to 2024-11-06 01:00:00+00:00, run_after=2024-11-06 01:00:00+00:00
[2024-11-06T18:13:24.537+0700] {logging_mixin.py:190} INFO - [2024-11-06T18:13:24.536+0700] {dag.py:4180} INFO - Setting next_dagrun for consume_1_and_2_with_dataset_expressions to None, run_after=None
[2024-11-06T18:13:24.537+0700] {logging_mixin.py:190} INFO - [2024-11-06T18:13:24.537+0700] {dag.py:4180} INFO - Setting next_dagrun for consume_1_or_2_with_dataset_expressions to None, run_after=None
[2024-11-06T18:13:24.538+0700] {logging_mixin.py:190} INFO - [2024-11-06T18:13:24.537+0700] {dag.py:4180} INFO - Setting next_dagrun for consume_1_or_both_2_and_3_with_dataset_expressions to None, run_after=None
[2024-11-06T18:13:24.538+0700] {logging_mixin.py:190} INFO - [2024-11-06T18:13:24.538+0700] {dag.py:4180} INFO - Setting next_dagrun for dataset_consumes_1 to None, run_after=None
[2024-11-06T18:13:24.538+0700] {logging_mixin.py:190} INFO - [2024-11-06T18:13:24.538+0700] {dag.py:4180} INFO - Setting next_dagrun for dataset_consumes_1_and_2 to None, run_after=None
[2024-11-06T18:13:24.539+0700] {logging_mixin.py:190} INFO - [2024-11-06T18:13:24.539+0700] {dag.py:4180} INFO - Setting next_dagrun for dataset_consumes_1_never_scheduled to None, run_after=None
[2024-11-06T18:13:24.539+0700] {logging_mixin.py:190} INFO - [2024-11-06T18:13:24.539+0700] {dag.py:4180} INFO - Setting next_dagrun for dataset_consumes_unknown_never_scheduled to None, run_after=None
[2024-11-06T18:13:24.540+0700] {logging_mixin.py:190} INFO - [2024-11-06T18:13:24.540+0700] {dag.py:4180} INFO - Setting next_dagrun for dataset_produces_1 to 2024-11-05 00:00:00+00:00, run_after=2024-11-06 00:00:00+00:00
[2024-11-06T18:13:24.541+0700] {logging_mixin.py:190} INFO - [2024-11-06T18:13:24.541+0700] {dag.py:4180} INFO - Setting next_dagrun for dataset_produces_2 to None, run_after=None
[2024-11-06T18:13:24.557+0700] {processor.py:208} INFO - Processing /home/fawzan/airflow/.venv/lib/python3.10/site-packages/airflow/example_dags/example_datasets.py took 0.066 seconds
[2024-11-06T18:14:19.943+0700] {processor.py:186} INFO - Started process (PID=3341) to work on /home/fawzan/airflow/.venv/lib/python3.10/site-packages/airflow/example_dags/example_datasets.py
[2024-11-06T18:14:19.946+0700] {processor.py:914} INFO - Processing file /home/fawzan/airflow/.venv/lib/python3.10/site-packages/airflow/example_dags/example_datasets.py for tasks to queue
[2024-11-06T18:14:19.948+0700] {logging_mixin.py:190} INFO - [2024-11-06T18:14:19.948+0700] {dagbag.py:588} INFO - Filling up the DagBag from /home/fawzan/airflow/.venv/lib/python3.10/site-packages/airflow/example_dags/example_datasets.py
[2024-11-06T18:14:19.965+0700] {processor.py:925} INFO - DAG(s) 'dataset_produces_2', 'dataset_consumes_unknown_never_scheduled', 'dataset_consumes_1_never_scheduled', 'conditional_dataset_and_time_based_timetable', 'consume_1_or_2_with_dataset_expressions', 'dataset_consumes_1_and_2', 'consume_1_or_both_2_and_3_with_dataset_expressions', 'dataset_consumes_1', 'consume_1_and_2_with_dataset_expressions', 'dataset_produces_1' retrieved from /home/fawzan/airflow/.venv/lib/python3.10/site-packages/airflow/example_dags/example_datasets.py
[2024-11-06T18:14:19.985+0700] {logging_mixin.py:190} INFO - [2024-11-06T18:14:19.985+0700] {dag.py:3239} INFO - Sync 10 DAGs
[2024-11-06T18:14:19.997+0700] {logging_mixin.py:190} INFO - [2024-11-06T18:14:19.997+0700] {dag.py:4180} INFO - Setting next_dagrun for conditional_dataset_and_time_based_timetable to 2024-11-06 01:00:00+00:00, run_after=2024-11-06 01:00:00+00:00
[2024-11-06T18:14:19.999+0700] {logging_mixin.py:190} INFO - [2024-11-06T18:14:19.999+0700] {dag.py:4180} INFO - Setting next_dagrun for consume_1_and_2_with_dataset_expressions to None, run_after=None
[2024-11-06T18:14:19.999+0700] {logging_mixin.py:190} INFO - [2024-11-06T18:14:19.999+0700] {dag.py:4180} INFO - Setting next_dagrun for consume_1_or_2_with_dataset_expressions to None, run_after=None
[2024-11-06T18:14:20.000+0700] {logging_mixin.py:190} INFO - [2024-11-06T18:14:20.000+0700] {dag.py:4180} INFO - Setting next_dagrun for consume_1_or_both_2_and_3_with_dataset_expressions to None, run_after=None
[2024-11-06T18:14:20.000+0700] {logging_mixin.py:190} INFO - [2024-11-06T18:14:20.000+0700] {dag.py:4180} INFO - Setting next_dagrun for dataset_consumes_1 to None, run_after=None
[2024-11-06T18:14:20.001+0700] {logging_mixin.py:190} INFO - [2024-11-06T18:14:20.000+0700] {dag.py:4180} INFO - Setting next_dagrun for dataset_consumes_1_and_2 to None, run_after=None
[2024-11-06T18:14:20.001+0700] {logging_mixin.py:190} INFO - [2024-11-06T18:14:20.001+0700] {dag.py:4180} INFO - Setting next_dagrun for dataset_consumes_1_never_scheduled to None, run_after=None
[2024-11-06T18:14:20.001+0700] {logging_mixin.py:190} INFO - [2024-11-06T18:14:20.001+0700] {dag.py:4180} INFO - Setting next_dagrun for dataset_consumes_unknown_never_scheduled to None, run_after=None
[2024-11-06T18:14:20.003+0700] {logging_mixin.py:190} INFO - [2024-11-06T18:14:20.003+0700] {dag.py:4180} INFO - Setting next_dagrun for dataset_produces_1 to 2024-11-05 00:00:00+00:00, run_after=2024-11-06 00:00:00+00:00
[2024-11-06T18:14:20.003+0700] {logging_mixin.py:190} INFO - [2024-11-06T18:14:20.003+0700] {dag.py:4180} INFO - Setting next_dagrun for dataset_produces_2 to None, run_after=None
[2024-11-06T18:14:20.020+0700] {processor.py:208} INFO - Processing /home/fawzan/airflow/.venv/lib/python3.10/site-packages/airflow/example_dags/example_datasets.py took 0.082 seconds
[2024-11-06T18:15:16.077+0700] {processor.py:186} INFO - Started process (PID=3498) to work on /home/fawzan/airflow/.venv/lib/python3.10/site-packages/airflow/example_dags/example_datasets.py
[2024-11-06T18:15:16.080+0700] {processor.py:914} INFO - Processing file /home/fawzan/airflow/.venv/lib/python3.10/site-packages/airflow/example_dags/example_datasets.py for tasks to queue
[2024-11-06T18:15:16.082+0700] {logging_mixin.py:190} INFO - [2024-11-06T18:15:16.082+0700] {dagbag.py:588} INFO - Filling up the DagBag from /home/fawzan/airflow/.venv/lib/python3.10/site-packages/airflow/example_dags/example_datasets.py
[2024-11-06T18:15:16.095+0700] {processor.py:925} INFO - DAG(s) 'dataset_consumes_1_and_2', 'dataset_produces_1', 'consume_1_and_2_with_dataset_expressions', 'dataset_consumes_unknown_never_scheduled', 'dataset_consumes_1', 'dataset_consumes_1_never_scheduled', 'consume_1_or_both_2_and_3_with_dataset_expressions', 'consume_1_or_2_with_dataset_expressions', 'dataset_produces_2', 'conditional_dataset_and_time_based_timetable' retrieved from /home/fawzan/airflow/.venv/lib/python3.10/site-packages/airflow/example_dags/example_datasets.py
[2024-11-06T18:15:16.114+0700] {logging_mixin.py:190} INFO - [2024-11-06T18:15:16.114+0700] {dag.py:3239} INFO - Sync 10 DAGs
[2024-11-06T18:15:16.127+0700] {logging_mixin.py:190} INFO - [2024-11-06T18:15:16.126+0700] {dag.py:4180} INFO - Setting next_dagrun for conditional_dataset_and_time_based_timetable to 2024-11-06 01:00:00+00:00, run_after=2024-11-06 01:00:00+00:00
[2024-11-06T18:15:16.128+0700] {logging_mixin.py:190} INFO - [2024-11-06T18:15:16.128+0700] {dag.py:4180} INFO - Setting next_dagrun for consume_1_and_2_with_dataset_expressions to None, run_after=None
[2024-11-06T18:15:16.129+0700] {logging_mixin.py:190} INFO - [2024-11-06T18:15:16.129+0700] {dag.py:4180} INFO - Setting next_dagrun for consume_1_or_2_with_dataset_expressions to None, run_after=None
[2024-11-06T18:15:16.129+0700] {logging_mixin.py:190} INFO - [2024-11-06T18:15:16.129+0700] {dag.py:4180} INFO - Setting next_dagrun for consume_1_or_both_2_and_3_with_dataset_expressions to None, run_after=None
[2024-11-06T18:15:16.130+0700] {logging_mixin.py:190} INFO - [2024-11-06T18:15:16.130+0700] {dag.py:4180} INFO - Setting next_dagrun for dataset_consumes_1 to None, run_after=None
[2024-11-06T18:15:16.130+0700] {logging_mixin.py:190} INFO - [2024-11-06T18:15:16.130+0700] {dag.py:4180} INFO - Setting next_dagrun for dataset_consumes_1_and_2 to None, run_after=None
[2024-11-06T18:15:16.131+0700] {logging_mixin.py:190} INFO - [2024-11-06T18:15:16.131+0700] {dag.py:4180} INFO - Setting next_dagrun for dataset_consumes_1_never_scheduled to None, run_after=None
[2024-11-06T18:15:16.131+0700] {logging_mixin.py:190} INFO - [2024-11-06T18:15:16.131+0700] {dag.py:4180} INFO - Setting next_dagrun for dataset_consumes_unknown_never_scheduled to None, run_after=None
[2024-11-06T18:15:16.132+0700] {logging_mixin.py:190} INFO - [2024-11-06T18:15:16.132+0700] {dag.py:4180} INFO - Setting next_dagrun for dataset_produces_1 to 2024-11-05 00:00:00+00:00, run_after=2024-11-06 00:00:00+00:00
[2024-11-06T18:15:16.133+0700] {logging_mixin.py:190} INFO - [2024-11-06T18:15:16.133+0700] {dag.py:4180} INFO - Setting next_dagrun for dataset_produces_2 to None, run_after=None
[2024-11-06T18:15:16.150+0700] {processor.py:208} INFO - Processing /home/fawzan/airflow/.venv/lib/python3.10/site-packages/airflow/example_dags/example_datasets.py took 0.079 seconds
[2024-11-06T18:16:32.215+0700] {processor.py:186} INFO - Started process (PID=3760) to work on /home/fawzan/airflow/.venv/lib/python3.10/site-packages/airflow/example_dags/example_datasets.py
[2024-11-06T18:16:32.219+0700] {processor.py:914} INFO - Processing file /home/fawzan/airflow/.venv/lib/python3.10/site-packages/airflow/example_dags/example_datasets.py for tasks to queue
[2024-11-06T18:16:32.221+0700] {logging_mixin.py:190} INFO - [2024-11-06T18:16:32.220+0700] {dagbag.py:588} INFO - Filling up the DagBag from /home/fawzan/airflow/.venv/lib/python3.10/site-packages/airflow/example_dags/example_datasets.py
[2024-11-06T18:16:32.234+0700] {processor.py:925} INFO - DAG(s) 'conditional_dataset_and_time_based_timetable', 'dataset_consumes_1_and_2', 'consume_1_or_2_with_dataset_expressions', 'dataset_consumes_1_never_scheduled', 'dataset_consumes_1', 'dataset_consumes_unknown_never_scheduled', 'dataset_produces_1', 'dataset_produces_2', 'consume_1_or_both_2_and_3_with_dataset_expressions', 'consume_1_and_2_with_dataset_expressions' retrieved from /home/fawzan/airflow/.venv/lib/python3.10/site-packages/airflow/example_dags/example_datasets.py
[2024-11-06T18:16:32.253+0700] {logging_mixin.py:190} INFO - [2024-11-06T18:16:32.253+0700] {dag.py:3239} INFO - Sync 10 DAGs
[2024-11-06T18:16:32.265+0700] {logging_mixin.py:190} INFO - [2024-11-06T18:16:32.265+0700] {dag.py:4180} INFO - Setting next_dagrun for conditional_dataset_and_time_based_timetable to 2024-11-06 01:00:00+00:00, run_after=2024-11-06 01:00:00+00:00
[2024-11-06T18:16:32.267+0700] {logging_mixin.py:190} INFO - [2024-11-06T18:16:32.267+0700] {dag.py:4180} INFO - Setting next_dagrun for consume_1_and_2_with_dataset_expressions to None, run_after=None
[2024-11-06T18:16:32.268+0700] {logging_mixin.py:190} INFO - [2024-11-06T18:16:32.268+0700] {dag.py:4180} INFO - Setting next_dagrun for consume_1_or_2_with_dataset_expressions to None, run_after=None
[2024-11-06T18:16:32.268+0700] {logging_mixin.py:190} INFO - [2024-11-06T18:16:32.268+0700] {dag.py:4180} INFO - Setting next_dagrun for consume_1_or_both_2_and_3_with_dataset_expressions to None, run_after=None
[2024-11-06T18:16:32.269+0700] {logging_mixin.py:190} INFO - [2024-11-06T18:16:32.268+0700] {dag.py:4180} INFO - Setting next_dagrun for dataset_consumes_1 to None, run_after=None
[2024-11-06T18:16:32.269+0700] {logging_mixin.py:190} INFO - [2024-11-06T18:16:32.269+0700] {dag.py:4180} INFO - Setting next_dagrun for dataset_consumes_1_and_2 to None, run_after=None
[2024-11-06T18:16:32.269+0700] {logging_mixin.py:190} INFO - [2024-11-06T18:16:32.269+0700] {dag.py:4180} INFO - Setting next_dagrun for dataset_consumes_1_never_scheduled to None, run_after=None
[2024-11-06T18:16:32.270+0700] {logging_mixin.py:190} INFO - [2024-11-06T18:16:32.270+0700] {dag.py:4180} INFO - Setting next_dagrun for dataset_consumes_unknown_never_scheduled to None, run_after=None
[2024-11-06T18:16:32.271+0700] {logging_mixin.py:190} INFO - [2024-11-06T18:16:32.271+0700] {dag.py:4180} INFO - Setting next_dagrun for dataset_produces_1 to 2024-11-05 00:00:00+00:00, run_after=2024-11-06 00:00:00+00:00
[2024-11-06T18:16:32.272+0700] {logging_mixin.py:190} INFO - [2024-11-06T18:16:32.271+0700] {dag.py:4180} INFO - Setting next_dagrun for dataset_produces_2 to None, run_after=None
[2024-11-06T18:16:32.289+0700] {processor.py:208} INFO - Processing /home/fawzan/airflow/.venv/lib/python3.10/site-packages/airflow/example_dags/example_datasets.py took 0.080 seconds
[2024-11-06T18:17:28.865+0700] {processor.py:186} INFO - Started process (PID=3904) to work on /home/fawzan/airflow/.venv/lib/python3.10/site-packages/airflow/example_dags/example_datasets.py
[2024-11-06T18:17:28.868+0700] {processor.py:914} INFO - Processing file /home/fawzan/airflow/.venv/lib/python3.10/site-packages/airflow/example_dags/example_datasets.py for tasks to queue
[2024-11-06T18:17:28.870+0700] {logging_mixin.py:190} INFO - [2024-11-06T18:17:28.870+0700] {dagbag.py:588} INFO - Filling up the DagBag from /home/fawzan/airflow/.venv/lib/python3.10/site-packages/airflow/example_dags/example_datasets.py
[2024-11-06T18:17:28.882+0700] {processor.py:925} INFO - DAG(s) 'consume_1_or_2_with_dataset_expressions', 'dataset_produces_2', 'conditional_dataset_and_time_based_timetable', 'consume_1_and_2_with_dataset_expressions', 'consume_1_or_both_2_and_3_with_dataset_expressions', 'dataset_consumes_unknown_never_scheduled', 'dataset_consumes_1', 'dataset_consumes_1_and_2', 'dataset_consumes_1_never_scheduled', 'dataset_produces_1' retrieved from /home/fawzan/airflow/.venv/lib/python3.10/site-packages/airflow/example_dags/example_datasets.py
[2024-11-06T18:17:28.902+0700] {logging_mixin.py:190} INFO - [2024-11-06T18:17:28.902+0700] {dag.py:3239} INFO - Sync 10 DAGs
[2024-11-06T18:17:28.915+0700] {logging_mixin.py:190} INFO - [2024-11-06T18:17:28.914+0700] {dag.py:4180} INFO - Setting next_dagrun for conditional_dataset_and_time_based_timetable to 2024-11-06 01:00:00+00:00, run_after=2024-11-06 01:00:00+00:00
[2024-11-06T18:17:28.916+0700] {logging_mixin.py:190} INFO - [2024-11-06T18:17:28.916+0700] {dag.py:4180} INFO - Setting next_dagrun for consume_1_and_2_with_dataset_expressions to None, run_after=None
[2024-11-06T18:17:28.917+0700] {logging_mixin.py:190} INFO - [2024-11-06T18:17:28.917+0700] {dag.py:4180} INFO - Setting next_dagrun for consume_1_or_2_with_dataset_expressions to None, run_after=None
[2024-11-06T18:17:28.917+0700] {logging_mixin.py:190} INFO - [2024-11-06T18:17:28.917+0700] {dag.py:4180} INFO - Setting next_dagrun for consume_1_or_both_2_and_3_with_dataset_expressions to None, run_after=None
[2024-11-06T18:17:28.918+0700] {logging_mixin.py:190} INFO - [2024-11-06T18:17:28.918+0700] {dag.py:4180} INFO - Setting next_dagrun for dataset_consumes_1 to None, run_after=None
[2024-11-06T18:17:28.918+0700] {logging_mixin.py:190} INFO - [2024-11-06T18:17:28.918+0700] {dag.py:4180} INFO - Setting next_dagrun for dataset_consumes_1_and_2 to None, run_after=None
[2024-11-06T18:17:28.919+0700] {logging_mixin.py:190} INFO - [2024-11-06T18:17:28.919+0700] {dag.py:4180} INFO - Setting next_dagrun for dataset_consumes_1_never_scheduled to None, run_after=None
[2024-11-06T18:17:28.919+0700] {logging_mixin.py:190} INFO - [2024-11-06T18:17:28.919+0700] {dag.py:4180} INFO - Setting next_dagrun for dataset_consumes_unknown_never_scheduled to None, run_after=None
[2024-11-06T18:17:28.920+0700] {logging_mixin.py:190} INFO - [2024-11-06T18:17:28.920+0700] {dag.py:4180} INFO - Setting next_dagrun for dataset_produces_1 to 2024-11-05 00:00:00+00:00, run_after=2024-11-06 00:00:00+00:00
[2024-11-06T18:17:28.921+0700] {logging_mixin.py:190} INFO - [2024-11-06T18:17:28.921+0700] {dag.py:4180} INFO - Setting next_dagrun for dataset_produces_2 to None, run_after=None
[2024-11-06T18:17:28.938+0700] {processor.py:208} INFO - Processing /home/fawzan/airflow/.venv/lib/python3.10/site-packages/airflow/example_dags/example_datasets.py took 0.078 seconds
[2024-11-06T18:18:20.643+0700] {processor.py:186} INFO - Started process (PID=4010) to work on /home/fawzan/airflow/.venv/lib/python3.10/site-packages/airflow/example_dags/example_datasets.py
[2024-11-06T18:18:20.646+0700] {processor.py:914} INFO - Processing file /home/fawzan/airflow/.venv/lib/python3.10/site-packages/airflow/example_dags/example_datasets.py for tasks to queue
[2024-11-06T18:18:20.648+0700] {logging_mixin.py:190} INFO - [2024-11-06T18:18:20.648+0700] {dagbag.py:588} INFO - Filling up the DagBag from /home/fawzan/airflow/.venv/lib/python3.10/site-packages/airflow/example_dags/example_datasets.py
[2024-11-06T18:18:20.662+0700] {processor.py:925} INFO - DAG(s) 'dataset_consumes_1_and_2', 'dataset_consumes_1', 'dataset_consumes_1_never_scheduled', 'consume_1_or_both_2_and_3_with_dataset_expressions', 'conditional_dataset_and_time_based_timetable', 'consume_1_and_2_with_dataset_expressions', 'consume_1_or_2_with_dataset_expressions', 'dataset_produces_2', 'dataset_consumes_unknown_never_scheduled', 'dataset_produces_1' retrieved from /home/fawzan/airflow/.venv/lib/python3.10/site-packages/airflow/example_dags/example_datasets.py
[2024-11-06T18:18:20.681+0700] {logging_mixin.py:190} INFO - [2024-11-06T18:18:20.681+0700] {dag.py:3239} INFO - Sync 10 DAGs
[2024-11-06T18:18:20.693+0700] {logging_mixin.py:190} INFO - [2024-11-06T18:18:20.693+0700] {dag.py:4180} INFO - Setting next_dagrun for conditional_dataset_and_time_based_timetable to 2024-11-06 01:00:00+00:00, run_after=2024-11-06 01:00:00+00:00
[2024-11-06T18:18:20.695+0700] {logging_mixin.py:190} INFO - [2024-11-06T18:18:20.694+0700] {dag.py:4180} INFO - Setting next_dagrun for consume_1_and_2_with_dataset_expressions to None, run_after=None
[2024-11-06T18:18:20.695+0700] {logging_mixin.py:190} INFO - [2024-11-06T18:18:20.695+0700] {dag.py:4180} INFO - Setting next_dagrun for consume_1_or_2_with_dataset_expressions to None, run_after=None
[2024-11-06T18:18:20.696+0700] {logging_mixin.py:190} INFO - [2024-11-06T18:18:20.695+0700] {dag.py:4180} INFO - Setting next_dagrun for consume_1_or_both_2_and_3_with_dataset_expressions to None, run_after=None
[2024-11-06T18:18:20.696+0700] {logging_mixin.py:190} INFO - [2024-11-06T18:18:20.696+0700] {dag.py:4180} INFO - Setting next_dagrun for dataset_consumes_1 to None, run_after=None
[2024-11-06T18:18:20.696+0700] {logging_mixin.py:190} INFO - [2024-11-06T18:18:20.696+0700] {dag.py:4180} INFO - Setting next_dagrun for dataset_consumes_1_and_2 to None, run_after=None
[2024-11-06T18:18:20.697+0700] {logging_mixin.py:190} INFO - [2024-11-06T18:18:20.697+0700] {dag.py:4180} INFO - Setting next_dagrun for dataset_consumes_1_never_scheduled to None, run_after=None
[2024-11-06T18:18:20.697+0700] {logging_mixin.py:190} INFO - [2024-11-06T18:18:20.697+0700] {dag.py:4180} INFO - Setting next_dagrun for dataset_consumes_unknown_never_scheduled to None, run_after=None
[2024-11-06T18:18:20.699+0700] {logging_mixin.py:190} INFO - [2024-11-06T18:18:20.698+0700] {dag.py:4180} INFO - Setting next_dagrun for dataset_produces_1 to 2024-11-05 00:00:00+00:00, run_after=2024-11-06 00:00:00+00:00
[2024-11-06T18:18:20.699+0700] {logging_mixin.py:190} INFO - [2024-11-06T18:18:20.699+0700] {dag.py:4180} INFO - Setting next_dagrun for dataset_produces_2 to None, run_after=None
[2024-11-06T18:18:20.717+0700] {processor.py:208} INFO - Processing /home/fawzan/airflow/.venv/lib/python3.10/site-packages/airflow/example_dags/example_datasets.py took 0.079 seconds
[2024-11-06T18:19:12.928+0700] {processor.py:186} INFO - Started process (PID=4110) to work on /home/fawzan/airflow/.venv/lib/python3.10/site-packages/airflow/example_dags/example_datasets.py
[2024-11-06T18:19:12.931+0700] {processor.py:914} INFO - Processing file /home/fawzan/airflow/.venv/lib/python3.10/site-packages/airflow/example_dags/example_datasets.py for tasks to queue
[2024-11-06T18:19:12.934+0700] {logging_mixin.py:190} INFO - [2024-11-06T18:19:12.933+0700] {dagbag.py:588} INFO - Filling up the DagBag from /home/fawzan/airflow/.venv/lib/python3.10/site-packages/airflow/example_dags/example_datasets.py
[2024-11-06T18:19:12.949+0700] {processor.py:925} INFO - DAG(s) 'dataset_consumes_unknown_never_scheduled', 'dataset_consumes_1', 'dataset_produces_2', 'conditional_dataset_and_time_based_timetable', 'dataset_produces_1', 'consume_1_and_2_with_dataset_expressions', 'consume_1_or_both_2_and_3_with_dataset_expressions', 'dataset_consumes_1_and_2', 'consume_1_or_2_with_dataset_expressions', 'dataset_consumes_1_never_scheduled' retrieved from /home/fawzan/airflow/.venv/lib/python3.10/site-packages/airflow/example_dags/example_datasets.py
[2024-11-06T18:19:12.968+0700] {logging_mixin.py:190} INFO - [2024-11-06T18:19:12.968+0700] {dag.py:3239} INFO - Sync 10 DAGs
[2024-11-06T18:19:12.981+0700] {logging_mixin.py:190} INFO - [2024-11-06T18:19:12.981+0700] {dag.py:4180} INFO - Setting next_dagrun for conditional_dataset_and_time_based_timetable to 2024-11-06 01:00:00+00:00, run_after=2024-11-06 01:00:00+00:00
[2024-11-06T18:19:12.982+0700] {logging_mixin.py:190} INFO - [2024-11-06T18:19:12.982+0700] {dag.py:4180} INFO - Setting next_dagrun for consume_1_and_2_with_dataset_expressions to None, run_after=None
[2024-11-06T18:19:12.983+0700] {logging_mixin.py:190} INFO - [2024-11-06T18:19:12.983+0700] {dag.py:4180} INFO - Setting next_dagrun for consume_1_or_2_with_dataset_expressions to None, run_after=None
[2024-11-06T18:19:12.983+0700] {logging_mixin.py:190} INFO - [2024-11-06T18:19:12.983+0700] {dag.py:4180} INFO - Setting next_dagrun for consume_1_or_both_2_and_3_with_dataset_expressions to None, run_after=None
[2024-11-06T18:19:12.984+0700] {logging_mixin.py:190} INFO - [2024-11-06T18:19:12.984+0700] {dag.py:4180} INFO - Setting next_dagrun for dataset_consumes_1 to None, run_after=None
[2024-11-06T18:19:12.984+0700] {logging_mixin.py:190} INFO - [2024-11-06T18:19:12.984+0700] {dag.py:4180} INFO - Setting next_dagrun for dataset_consumes_1_and_2 to None, run_after=None
[2024-11-06T18:19:12.985+0700] {logging_mixin.py:190} INFO - [2024-11-06T18:19:12.985+0700] {dag.py:4180} INFO - Setting next_dagrun for dataset_consumes_1_never_scheduled to None, run_after=None
[2024-11-06T18:19:12.985+0700] {logging_mixin.py:190} INFO - [2024-11-06T18:19:12.985+0700] {dag.py:4180} INFO - Setting next_dagrun for dataset_consumes_unknown_never_scheduled to None, run_after=None
[2024-11-06T18:19:12.986+0700] {logging_mixin.py:190} INFO - [2024-11-06T18:19:12.986+0700] {dag.py:4180} INFO - Setting next_dagrun for dataset_produces_1 to 2024-11-05 00:00:00+00:00, run_after=2024-11-06 00:00:00+00:00
[2024-11-06T18:19:12.987+0700] {logging_mixin.py:190} INFO - [2024-11-06T18:19:12.987+0700] {dag.py:4180} INFO - Setting next_dagrun for dataset_produces_2 to None, run_after=None
[2024-11-06T18:19:13.005+0700] {processor.py:208} INFO - Processing /home/fawzan/airflow/.venv/lib/python3.10/site-packages/airflow/example_dags/example_datasets.py took 0.084 seconds
[2024-11-06T18:20:06.857+0700] {processor.py:186} INFO - Started process (PID=4211) to work on /home/fawzan/airflow/.venv/lib/python3.10/site-packages/airflow/example_dags/example_datasets.py
[2024-11-06T18:20:06.857+0700] {processor.py:914} INFO - Processing file /home/fawzan/airflow/.venv/lib/python3.10/site-packages/airflow/example_dags/example_datasets.py for tasks to queue
[2024-11-06T18:20:06.859+0700] {logging_mixin.py:190} INFO - [2024-11-06T18:20:06.858+0700] {dagbag.py:588} INFO - Filling up the DagBag from /home/fawzan/airflow/.venv/lib/python3.10/site-packages/airflow/example_dags/example_datasets.py
[2024-11-06T18:20:06.867+0700] {processor.py:925} INFO - DAG(s) 'dataset_consumes_unknown_never_scheduled', 'consume_1_or_both_2_and_3_with_dataset_expressions', 'dataset_consumes_1', 'dataset_consumes_1_and_2', 'consume_1_or_2_with_dataset_expressions', 'conditional_dataset_and_time_based_timetable', 'dataset_consumes_1_never_scheduled', 'consume_1_and_2_with_dataset_expressions', 'dataset_produces_2', 'dataset_produces_1' retrieved from /home/fawzan/airflow/.venv/lib/python3.10/site-packages/airflow/example_dags/example_datasets.py
[2024-11-06T18:20:06.886+0700] {logging_mixin.py:190} INFO - [2024-11-06T18:20:06.886+0700] {dag.py:3239} INFO - Sync 10 DAGs
[2024-11-06T18:20:06.898+0700] {logging_mixin.py:190} INFO - [2024-11-06T18:20:06.898+0700] {dag.py:4180} INFO - Setting next_dagrun for conditional_dataset_and_time_based_timetable to 2024-11-06 01:00:00+00:00, run_after=2024-11-06 01:00:00+00:00
[2024-11-06T18:20:06.900+0700] {logging_mixin.py:190} INFO - [2024-11-06T18:20:06.900+0700] {dag.py:4180} INFO - Setting next_dagrun for consume_1_and_2_with_dataset_expressions to None, run_after=None
[2024-11-06T18:20:06.901+0700] {logging_mixin.py:190} INFO - [2024-11-06T18:20:06.901+0700] {dag.py:4180} INFO - Setting next_dagrun for consume_1_or_2_with_dataset_expressions to None, run_after=None
[2024-11-06T18:20:06.901+0700] {logging_mixin.py:190} INFO - [2024-11-06T18:20:06.901+0700] {dag.py:4180} INFO - Setting next_dagrun for consume_1_or_both_2_and_3_with_dataset_expressions to None, run_after=None
[2024-11-06T18:20:06.902+0700] {logging_mixin.py:190} INFO - [2024-11-06T18:20:06.901+0700] {dag.py:4180} INFO - Setting next_dagrun for dataset_consumes_1 to None, run_after=None
[2024-11-06T18:20:06.902+0700] {logging_mixin.py:190} INFO - [2024-11-06T18:20:06.902+0700] {dag.py:4180} INFO - Setting next_dagrun for dataset_consumes_1_and_2 to None, run_after=None
[2024-11-06T18:20:06.902+0700] {logging_mixin.py:190} INFO - [2024-11-06T18:20:06.902+0700] {dag.py:4180} INFO - Setting next_dagrun for dataset_consumes_1_never_scheduled to None, run_after=None
[2024-11-06T18:20:06.903+0700] {logging_mixin.py:190} INFO - [2024-11-06T18:20:06.903+0700] {dag.py:4180} INFO - Setting next_dagrun for dataset_consumes_unknown_never_scheduled to None, run_after=None
[2024-11-06T18:20:06.904+0700] {logging_mixin.py:190} INFO - [2024-11-06T18:20:06.904+0700] {dag.py:4180} INFO - Setting next_dagrun for dataset_produces_1 to 2024-11-05 00:00:00+00:00, run_after=2024-11-06 00:00:00+00:00
[2024-11-06T18:20:06.904+0700] {logging_mixin.py:190} INFO - [2024-11-06T18:20:06.904+0700] {dag.py:4180} INFO - Setting next_dagrun for dataset_produces_2 to None, run_after=None
[2024-11-06T18:20:06.922+0700] {processor.py:208} INFO - Processing /home/fawzan/airflow/.venv/lib/python3.10/site-packages/airflow/example_dags/example_datasets.py took 0.070 seconds
[2024-11-06T18:21:13.866+0700] {processor.py:186} INFO - Started process (PID=4427) to work on /home/fawzan/airflow/.venv/lib/python3.10/site-packages/airflow/example_dags/example_datasets.py
[2024-11-06T18:21:13.869+0700] {processor.py:914} INFO - Processing file /home/fawzan/airflow/.venv/lib/python3.10/site-packages/airflow/example_dags/example_datasets.py for tasks to queue
[2024-11-06T18:21:13.871+0700] {logging_mixin.py:190} INFO - [2024-11-06T18:21:13.871+0700] {dagbag.py:588} INFO - Filling up the DagBag from /home/fawzan/airflow/.venv/lib/python3.10/site-packages/airflow/example_dags/example_datasets.py
[2024-11-06T18:21:13.881+0700] {processor.py:925} INFO - DAG(s) 'consume_1_or_both_2_and_3_with_dataset_expressions', 'dataset_consumes_1_and_2', 'dataset_produces_2', 'consume_1_and_2_with_dataset_expressions', 'dataset_consumes_1', 'dataset_consumes_1_never_scheduled', 'consume_1_or_2_with_dataset_expressions', 'dataset_consumes_unknown_never_scheduled', 'conditional_dataset_and_time_based_timetable', 'dataset_produces_1' retrieved from /home/fawzan/airflow/.venv/lib/python3.10/site-packages/airflow/example_dags/example_datasets.py
[2024-11-06T18:21:13.899+0700] {logging_mixin.py:190} INFO - [2024-11-06T18:21:13.899+0700] {dag.py:3239} INFO - Sync 10 DAGs
[2024-11-06T18:21:13.911+0700] {logging_mixin.py:190} INFO - [2024-11-06T18:21:13.911+0700] {dag.py:4180} INFO - Setting next_dagrun for conditional_dataset_and_time_based_timetable to 2024-11-06 01:00:00+00:00, run_after=2024-11-06 01:00:00+00:00
[2024-11-06T18:21:13.913+0700] {logging_mixin.py:190} INFO - [2024-11-06T18:21:13.913+0700] {dag.py:4180} INFO - Setting next_dagrun for consume_1_and_2_with_dataset_expressions to None, run_after=None
[2024-11-06T18:21:13.913+0700] {logging_mixin.py:190} INFO - [2024-11-06T18:21:13.913+0700] {dag.py:4180} INFO - Setting next_dagrun for consume_1_or_2_with_dataset_expressions to None, run_after=None
[2024-11-06T18:21:13.914+0700] {logging_mixin.py:190} INFO - [2024-11-06T18:21:13.914+0700] {dag.py:4180} INFO - Setting next_dagrun for consume_1_or_both_2_and_3_with_dataset_expressions to None, run_after=None
[2024-11-06T18:21:13.914+0700] {logging_mixin.py:190} INFO - [2024-11-06T18:21:13.914+0700] {dag.py:4180} INFO - Setting next_dagrun for dataset_consumes_1 to None, run_after=None
[2024-11-06T18:21:13.915+0700] {logging_mixin.py:190} INFO - [2024-11-06T18:21:13.915+0700] {dag.py:4180} INFO - Setting next_dagrun for dataset_consumes_1_and_2 to None, run_after=None
[2024-11-06T18:21:13.915+0700] {logging_mixin.py:190} INFO - [2024-11-06T18:21:13.915+0700] {dag.py:4180} INFO - Setting next_dagrun for dataset_consumes_1_never_scheduled to None, run_after=None
[2024-11-06T18:21:13.916+0700] {logging_mixin.py:190} INFO - [2024-11-06T18:21:13.916+0700] {dag.py:4180} INFO - Setting next_dagrun for dataset_consumes_unknown_never_scheduled to None, run_after=None
[2024-11-06T18:21:13.917+0700] {logging_mixin.py:190} INFO - [2024-11-06T18:21:13.917+0700] {dag.py:4180} INFO - Setting next_dagrun for dataset_produces_1 to 2024-11-05 00:00:00+00:00, run_after=2024-11-06 00:00:00+00:00
[2024-11-06T18:21:13.917+0700] {logging_mixin.py:190} INFO - [2024-11-06T18:21:13.917+0700] {dag.py:4180} INFO - Setting next_dagrun for dataset_produces_2 to None, run_after=None
[2024-11-06T18:21:13.933+0700] {processor.py:208} INFO - Processing /home/fawzan/airflow/.venv/lib/python3.10/site-packages/airflow/example_dags/example_datasets.py took 0.073 seconds
[2024-11-06T18:22:11.927+0700] {processor.py:186} INFO - Started process (PID=4534) to work on /home/fawzan/airflow/.venv/lib/python3.10/site-packages/airflow/example_dags/example_datasets.py
[2024-11-06T18:22:11.930+0700] {processor.py:914} INFO - Processing file /home/fawzan/airflow/.venv/lib/python3.10/site-packages/airflow/example_dags/example_datasets.py for tasks to queue
[2024-11-06T18:22:11.933+0700] {logging_mixin.py:190} INFO - [2024-11-06T18:22:11.932+0700] {dagbag.py:588} INFO - Filling up the DagBag from /home/fawzan/airflow/.venv/lib/python3.10/site-packages/airflow/example_dags/example_datasets.py
[2024-11-06T18:22:11.946+0700] {processor.py:925} INFO - DAG(s) 'dataset_consumes_1_and_2', 'dataset_consumes_unknown_never_scheduled', 'conditional_dataset_and_time_based_timetable', 'dataset_consumes_1', 'consume_1_or_2_with_dataset_expressions', 'consume_1_or_both_2_and_3_with_dataset_expressions', 'dataset_consumes_1_never_scheduled', 'dataset_produces_2', 'dataset_produces_1', 'consume_1_and_2_with_dataset_expressions' retrieved from /home/fawzan/airflow/.venv/lib/python3.10/site-packages/airflow/example_dags/example_datasets.py
[2024-11-06T18:22:11.966+0700] {logging_mixin.py:190} INFO - [2024-11-06T18:22:11.966+0700] {dag.py:3239} INFO - Sync 10 DAGs
[2024-11-06T18:22:11.979+0700] {logging_mixin.py:190} INFO - [2024-11-06T18:22:11.978+0700] {dag.py:4180} INFO - Setting next_dagrun for conditional_dataset_and_time_based_timetable to 2024-11-06 01:00:00+00:00, run_after=2024-11-06 01:00:00+00:00
[2024-11-06T18:22:11.980+0700] {logging_mixin.py:190} INFO - [2024-11-06T18:22:11.980+0700] {dag.py:4180} INFO - Setting next_dagrun for consume_1_and_2_with_dataset_expressions to None, run_after=None
[2024-11-06T18:22:11.981+0700] {logging_mixin.py:190} INFO - [2024-11-06T18:22:11.981+0700] {dag.py:4180} INFO - Setting next_dagrun for consume_1_or_2_with_dataset_expressions to None, run_after=None
[2024-11-06T18:22:11.981+0700] {logging_mixin.py:190} INFO - [2024-11-06T18:22:11.981+0700] {dag.py:4180} INFO - Setting next_dagrun for consume_1_or_both_2_and_3_with_dataset_expressions to None, run_after=None
[2024-11-06T18:22:11.982+0700] {logging_mixin.py:190} INFO - [2024-11-06T18:22:11.982+0700] {dag.py:4180} INFO - Setting next_dagrun for dataset_consumes_1 to None, run_after=None
[2024-11-06T18:22:11.982+0700] {logging_mixin.py:190} INFO - [2024-11-06T18:22:11.982+0700] {dag.py:4180} INFO - Setting next_dagrun for dataset_consumes_1_and_2 to None, run_after=None
[2024-11-06T18:22:11.983+0700] {logging_mixin.py:190} INFO - [2024-11-06T18:22:11.983+0700] {dag.py:4180} INFO - Setting next_dagrun for dataset_consumes_1_never_scheduled to None, run_after=None
[2024-11-06T18:22:11.983+0700] {logging_mixin.py:190} INFO - [2024-11-06T18:22:11.983+0700] {dag.py:4180} INFO - Setting next_dagrun for dataset_consumes_unknown_never_scheduled to None, run_after=None
[2024-11-06T18:22:11.984+0700] {logging_mixin.py:190} INFO - [2024-11-06T18:22:11.984+0700] {dag.py:4180} INFO - Setting next_dagrun for dataset_produces_1 to 2024-11-05 00:00:00+00:00, run_after=2024-11-06 00:00:00+00:00
[2024-11-06T18:22:11.985+0700] {logging_mixin.py:190} INFO - [2024-11-06T18:22:11.985+0700] {dag.py:4180} INFO - Setting next_dagrun for dataset_produces_2 to None, run_after=None
[2024-11-06T18:22:12.003+0700] {processor.py:208} INFO - Processing /home/fawzan/airflow/.venv/lib/python3.10/site-packages/airflow/example_dags/example_datasets.py took 0.080 seconds
[2024-11-06T18:23:04.256+0700] {processor.py:186} INFO - Started process (PID=4649) to work on /home/fawzan/airflow/.venv/lib/python3.10/site-packages/airflow/example_dags/example_datasets.py
[2024-11-06T18:23:04.256+0700] {processor.py:914} INFO - Processing file /home/fawzan/airflow/.venv/lib/python3.10/site-packages/airflow/example_dags/example_datasets.py for tasks to queue
[2024-11-06T18:23:04.257+0700] {logging_mixin.py:190} INFO - [2024-11-06T18:23:04.257+0700] {dagbag.py:588} INFO - Filling up the DagBag from /home/fawzan/airflow/.venv/lib/python3.10/site-packages/airflow/example_dags/example_datasets.py
[2024-11-06T18:23:04.266+0700] {processor.py:925} INFO - DAG(s) 'dataset_produces_1', 'dataset_consumes_1_never_scheduled', 'dataset_produces_2', 'consume_1_and_2_with_dataset_expressions', 'dataset_consumes_1', 'dataset_consumes_1_and_2', 'dataset_consumes_unknown_never_scheduled', 'consume_1_or_2_with_dataset_expressions', 'consume_1_or_both_2_and_3_with_dataset_expressions', 'conditional_dataset_and_time_based_timetable' retrieved from /home/fawzan/airflow/.venv/lib/python3.10/site-packages/airflow/example_dags/example_datasets.py
[2024-11-06T18:23:04.285+0700] {logging_mixin.py:190} INFO - [2024-11-06T18:23:04.284+0700] {dag.py:3239} INFO - Sync 10 DAGs
[2024-11-06T18:23:04.297+0700] {logging_mixin.py:190} INFO - [2024-11-06T18:23:04.297+0700] {dag.py:4180} INFO - Setting next_dagrun for conditional_dataset_and_time_based_timetable to 2024-11-06 01:00:00+00:00, run_after=2024-11-06 01:00:00+00:00
[2024-11-06T18:23:04.299+0700] {logging_mixin.py:190} INFO - [2024-11-06T18:23:04.299+0700] {dag.py:4180} INFO - Setting next_dagrun for consume_1_and_2_with_dataset_expressions to None, run_after=None
[2024-11-06T18:23:04.299+0700] {logging_mixin.py:190} INFO - [2024-11-06T18:23:04.299+0700] {dag.py:4180} INFO - Setting next_dagrun for consume_1_or_2_with_dataset_expressions to None, run_after=None
[2024-11-06T18:23:04.300+0700] {logging_mixin.py:190} INFO - [2024-11-06T18:23:04.300+0700] {dag.py:4180} INFO - Setting next_dagrun for consume_1_or_both_2_and_3_with_dataset_expressions to None, run_after=None
[2024-11-06T18:23:04.300+0700] {logging_mixin.py:190} INFO - [2024-11-06T18:23:04.300+0700] {dag.py:4180} INFO - Setting next_dagrun for dataset_consumes_1 to None, run_after=None
[2024-11-06T18:23:04.301+0700] {logging_mixin.py:190} INFO - [2024-11-06T18:23:04.301+0700] {dag.py:4180} INFO - Setting next_dagrun for dataset_consumes_1_and_2 to None, run_after=None
[2024-11-06T18:23:04.301+0700] {logging_mixin.py:190} INFO - [2024-11-06T18:23:04.301+0700] {dag.py:4180} INFO - Setting next_dagrun for dataset_consumes_1_never_scheduled to None, run_after=None
[2024-11-06T18:23:04.302+0700] {logging_mixin.py:190} INFO - [2024-11-06T18:23:04.302+0700] {dag.py:4180} INFO - Setting next_dagrun for dataset_consumes_unknown_never_scheduled to None, run_after=None
[2024-11-06T18:23:04.303+0700] {logging_mixin.py:190} INFO - [2024-11-06T18:23:04.303+0700] {dag.py:4180} INFO - Setting next_dagrun for dataset_produces_1 to 2024-11-05 00:00:00+00:00, run_after=2024-11-06 00:00:00+00:00
[2024-11-06T18:23:04.303+0700] {logging_mixin.py:190} INFO - [2024-11-06T18:23:04.303+0700] {dag.py:4180} INFO - Setting next_dagrun for dataset_produces_2 to None, run_after=None
[2024-11-06T18:23:04.320+0700] {processor.py:208} INFO - Processing /home/fawzan/airflow/.venv/lib/python3.10/site-packages/airflow/example_dags/example_datasets.py took 0.070 seconds
[2024-11-06T18:24:01.389+0700] {processor.py:186} INFO - Started process (PID=4755) to work on /home/fawzan/airflow/.venv/lib/python3.10/site-packages/airflow/example_dags/example_datasets.py
[2024-11-06T18:24:01.390+0700] {processor.py:914} INFO - Processing file /home/fawzan/airflow/.venv/lib/python3.10/site-packages/airflow/example_dags/example_datasets.py for tasks to queue
[2024-11-06T18:24:01.392+0700] {logging_mixin.py:190} INFO - [2024-11-06T18:24:01.391+0700] {dagbag.py:588} INFO - Filling up the DagBag from /home/fawzan/airflow/.venv/lib/python3.10/site-packages/airflow/example_dags/example_datasets.py
[2024-11-06T18:24:01.403+0700] {processor.py:925} INFO - DAG(s) 'dataset_consumes_1', 'consume_1_or_2_with_dataset_expressions', 'conditional_dataset_and_time_based_timetable', 'consume_1_or_both_2_and_3_with_dataset_expressions', 'dataset_produces_1', 'dataset_produces_2', 'dataset_consumes_1_never_scheduled', 'dataset_consumes_1_and_2', 'consume_1_and_2_with_dataset_expressions', 'dataset_consumes_unknown_never_scheduled' retrieved from /home/fawzan/airflow/.venv/lib/python3.10/site-packages/airflow/example_dags/example_datasets.py
[2024-11-06T18:24:01.423+0700] {logging_mixin.py:190} INFO - [2024-11-06T18:24:01.423+0700] {dag.py:3239} INFO - Sync 10 DAGs
[2024-11-06T18:24:01.436+0700] {logging_mixin.py:190} INFO - [2024-11-06T18:24:01.436+0700] {dag.py:4180} INFO - Setting next_dagrun for conditional_dataset_and_time_based_timetable to 2024-11-06 01:00:00+00:00, run_after=2024-11-06 01:00:00+00:00
[2024-11-06T18:24:01.437+0700] {logging_mixin.py:190} INFO - [2024-11-06T18:24:01.437+0700] {dag.py:4180} INFO - Setting next_dagrun for consume_1_and_2_with_dataset_expressions to None, run_after=None
[2024-11-06T18:24:01.438+0700] {logging_mixin.py:190} INFO - [2024-11-06T18:24:01.438+0700] {dag.py:4180} INFO - Setting next_dagrun for consume_1_or_2_with_dataset_expressions to None, run_after=None
[2024-11-06T18:24:01.438+0700] {logging_mixin.py:190} INFO - [2024-11-06T18:24:01.438+0700] {dag.py:4180} INFO - Setting next_dagrun for consume_1_or_both_2_and_3_with_dataset_expressions to None, run_after=None
[2024-11-06T18:24:01.439+0700] {logging_mixin.py:190} INFO - [2024-11-06T18:24:01.439+0700] {dag.py:4180} INFO - Setting next_dagrun for dataset_consumes_1 to None, run_after=None
[2024-11-06T18:24:01.439+0700] {logging_mixin.py:190} INFO - [2024-11-06T18:24:01.439+0700] {dag.py:4180} INFO - Setting next_dagrun for dataset_consumes_1_and_2 to None, run_after=None
[2024-11-06T18:24:01.440+0700] {logging_mixin.py:190} INFO - [2024-11-06T18:24:01.440+0700] {dag.py:4180} INFO - Setting next_dagrun for dataset_consumes_1_never_scheduled to None, run_after=None
[2024-11-06T18:24:01.440+0700] {logging_mixin.py:190} INFO - [2024-11-06T18:24:01.440+0700] {dag.py:4180} INFO - Setting next_dagrun for dataset_consumes_unknown_never_scheduled to None, run_after=None
[2024-11-06T18:24:01.441+0700] {logging_mixin.py:190} INFO - [2024-11-06T18:24:01.441+0700] {dag.py:4180} INFO - Setting next_dagrun for dataset_produces_1 to 2024-11-05 00:00:00+00:00, run_after=2024-11-06 00:00:00+00:00
[2024-11-06T18:24:01.442+0700] {logging_mixin.py:190} INFO - [2024-11-06T18:24:01.442+0700] {dag.py:4180} INFO - Setting next_dagrun for dataset_produces_2 to None, run_after=None
[2024-11-06T18:24:01.459+0700] {processor.py:208} INFO - Processing /home/fawzan/airflow/.venv/lib/python3.10/site-packages/airflow/example_dags/example_datasets.py took 0.077 seconds
[2024-11-06T18:32:41.941+0700] {processor.py:186} INFO - Started process (PID=5177) to work on /home/fawzan/airflow/.venv/lib/python3.10/site-packages/airflow/example_dags/example_datasets.py
[2024-11-06T18:32:41.945+0700] {processor.py:914} INFO - Processing file /home/fawzan/airflow/.venv/lib/python3.10/site-packages/airflow/example_dags/example_datasets.py for tasks to queue
[2024-11-06T18:32:41.947+0700] {logging_mixin.py:190} INFO - [2024-11-06T18:32:41.946+0700] {dagbag.py:588} INFO - Filling up the DagBag from /home/fawzan/airflow/.venv/lib/python3.10/site-packages/airflow/example_dags/example_datasets.py
[2024-11-06T18:32:41.958+0700] {processor.py:925} INFO - DAG(s) 'dataset_consumes_1_never_scheduled', 'consume_1_and_2_with_dataset_expressions', 'dataset_consumes_1', 'dataset_consumes_unknown_never_scheduled', 'consume_1_or_2_with_dataset_expressions', 'dataset_consumes_1_and_2', 'conditional_dataset_and_time_based_timetable', 'consume_1_or_both_2_and_3_with_dataset_expressions', 'dataset_produces_1', 'dataset_produces_2' retrieved from /home/fawzan/airflow/.venv/lib/python3.10/site-packages/airflow/example_dags/example_datasets.py
[2024-11-06T18:32:41.979+0700] {logging_mixin.py:190} INFO - [2024-11-06T18:32:41.979+0700] {dag.py:3239} INFO - Sync 10 DAGs
[2024-11-06T18:32:41.991+0700] {logging_mixin.py:190} INFO - [2024-11-06T18:32:41.991+0700] {dag.py:4180} INFO - Setting next_dagrun for conditional_dataset_and_time_based_timetable to 2024-11-06 01:00:00+00:00, run_after=2024-11-06 01:00:00+00:00
[2024-11-06T18:32:41.993+0700] {logging_mixin.py:190} INFO - [2024-11-06T18:32:41.993+0700] {dag.py:4180} INFO - Setting next_dagrun for consume_1_and_2_with_dataset_expressions to None, run_after=None
[2024-11-06T18:32:41.993+0700] {logging_mixin.py:190} INFO - [2024-11-06T18:32:41.993+0700] {dag.py:4180} INFO - Setting next_dagrun for consume_1_or_2_with_dataset_expressions to None, run_after=None
[2024-11-06T18:32:41.994+0700] {logging_mixin.py:190} INFO - [2024-11-06T18:32:41.994+0700] {dag.py:4180} INFO - Setting next_dagrun for consume_1_or_both_2_and_3_with_dataset_expressions to None, run_after=None
[2024-11-06T18:32:41.994+0700] {logging_mixin.py:190} INFO - [2024-11-06T18:32:41.994+0700] {dag.py:4180} INFO - Setting next_dagrun for dataset_consumes_1 to None, run_after=None
[2024-11-06T18:32:41.995+0700] {logging_mixin.py:190} INFO - [2024-11-06T18:32:41.995+0700] {dag.py:4180} INFO - Setting next_dagrun for dataset_consumes_1_and_2 to None, run_after=None
[2024-11-06T18:32:41.995+0700] {logging_mixin.py:190} INFO - [2024-11-06T18:32:41.995+0700] {dag.py:4180} INFO - Setting next_dagrun for dataset_consumes_1_never_scheduled to None, run_after=None
[2024-11-06T18:32:41.996+0700] {logging_mixin.py:190} INFO - [2024-11-06T18:32:41.996+0700] {dag.py:4180} INFO - Setting next_dagrun for dataset_consumes_unknown_never_scheduled to None, run_after=None
[2024-11-06T18:32:41.997+0700] {logging_mixin.py:190} INFO - [2024-11-06T18:32:41.997+0700] {dag.py:4180} INFO - Setting next_dagrun for dataset_produces_1 to 2024-11-05 00:00:00+00:00, run_after=2024-11-06 00:00:00+00:00
[2024-11-06T18:32:41.997+0700] {logging_mixin.py:190} INFO - [2024-11-06T18:32:41.997+0700] {dag.py:4180} INFO - Setting next_dagrun for dataset_produces_2 to None, run_after=None
[2024-11-06T18:32:42.015+0700] {processor.py:208} INFO - Processing /home/fawzan/airflow/.venv/lib/python3.10/site-packages/airflow/example_dags/example_datasets.py took 0.080 seconds
