[2024-11-06T17:08:12.237+0700] {processor.py:186} INFO - Started process (PID=3856) to work on /home/fawzan/airflow/.venv/lib/python3.10/site-packages/airflow/example_dags/example_setup_teardown_taskflow.py
[2024-11-06T17:08:12.238+0700] {processor.py:914} INFO - Processing file /home/fawzan/airflow/.venv/lib/python3.10/site-packages/airflow/example_dags/example_setup_teardown_taskflow.py for tasks to queue
[2024-11-06T17:08:12.241+0700] {logging_mixin.py:190} INFO - [2024-11-06T17:08:12.240+0700] {dagbag.py:588} INFO - Filling up the DagBag from /home/fawzan/airflow/.venv/lib/python3.10/site-packages/airflow/example_dags/example_setup_teardown_taskflow.py
[2024-11-06T17:08:12.251+0700] {processor.py:925} INFO - DAG(s) 'example_setup_teardown_taskflow' retrieved from /home/fawzan/airflow/.venv/lib/python3.10/site-packages/airflow/example_dags/example_setup_teardown_taskflow.py
[2024-11-06T17:08:12.324+0700] {logging_mixin.py:190} INFO - [2024-11-06T17:08:12.324+0700] {override.py:1900} INFO - Created Permission View: can edit on DAG:example_setup_teardown_taskflow
[2024-11-06T17:08:12.335+0700] {logging_mixin.py:190} INFO - [2024-11-06T17:08:12.335+0700] {override.py:1900} INFO - Created Permission View: can delete on DAG:example_setup_teardown_taskflow
[2024-11-06T17:08:12.341+0700] {logging_mixin.py:190} INFO - [2024-11-06T17:08:12.340+0700] {override.py:1900} INFO - Created Permission View: can read on DAG:example_setup_teardown_taskflow
[2024-11-06T17:08:12.349+0700] {logging_mixin.py:190} INFO - [2024-11-06T17:08:12.348+0700] {override.py:1900} INFO - Created Permission View: can delete on DAG Run:example_setup_teardown_taskflow
[2024-11-06T17:08:12.354+0700] {logging_mixin.py:190} INFO - [2024-11-06T17:08:12.353+0700] {override.py:1900} INFO - Created Permission View: can create on DAG Run:example_setup_teardown_taskflow
[2024-11-06T17:08:12.359+0700] {logging_mixin.py:190} INFO - [2024-11-06T17:08:12.358+0700] {override.py:1900} INFO - Created Permission View: menu access on DAG Run:example_setup_teardown_taskflow
[2024-11-06T17:08:12.364+0700] {logging_mixin.py:190} INFO - [2024-11-06T17:08:12.364+0700] {override.py:1900} INFO - Created Permission View: can read on DAG Run:example_setup_teardown_taskflow
[2024-11-06T17:08:12.364+0700] {logging_mixin.py:190} INFO - [2024-11-06T17:08:12.364+0700] {dag.py:3239} INFO - Sync 1 DAGs
[2024-11-06T17:08:12.371+0700] {logging_mixin.py:190} INFO - [2024-11-06T17:08:12.371+0700] {dag.py:3262} INFO - Creating ORM DAG for example_setup_teardown_taskflow
[2024-11-06T17:08:12.371+0700] {logging_mixin.py:190} INFO - [2024-11-06T17:08:12.371+0700] {dag.py:4180} INFO - Setting next_dagrun for example_setup_teardown_taskflow to None, run_after=None
[2024-11-06T17:08:12.385+0700] {processor.py:208} INFO - Processing /home/fawzan/airflow/.venv/lib/python3.10/site-packages/airflow/example_dags/example_setup_teardown_taskflow.py took 0.155 seconds
[2024-11-06T17:13:40.247+0700] {processor.py:186} INFO - Started process (PID=4014) to work on /home/fawzan/airflow/.venv/lib/python3.10/site-packages/airflow/example_dags/example_setup_teardown_taskflow.py
[2024-11-06T17:13:40.250+0700] {processor.py:914} INFO - Processing file /home/fawzan/airflow/.venv/lib/python3.10/site-packages/airflow/example_dags/example_setup_teardown_taskflow.py for tasks to queue
[2024-11-06T17:13:40.253+0700] {logging_mixin.py:190} INFO - [2024-11-06T17:13:40.252+0700] {dagbag.py:588} INFO - Filling up the DagBag from /home/fawzan/airflow/.venv/lib/python3.10/site-packages/airflow/example_dags/example_setup_teardown_taskflow.py
[2024-11-06T17:13:40.263+0700] {processor.py:925} INFO - DAG(s) 'example_setup_teardown_taskflow' retrieved from /home/fawzan/airflow/.venv/lib/python3.10/site-packages/airflow/example_dags/example_setup_teardown_taskflow.py
[2024-11-06T17:13:40.273+0700] {logging_mixin.py:190} INFO - [2024-11-06T17:13:40.273+0700] {dag.py:3239} INFO - Sync 1 DAGs
[2024-11-06T17:13:40.279+0700] {logging_mixin.py:190} INFO - [2024-11-06T17:13:40.279+0700] {dag.py:4180} INFO - Setting next_dagrun for example_setup_teardown_taskflow to None, run_after=None
[2024-11-06T17:13:40.291+0700] {processor.py:208} INFO - Processing /home/fawzan/airflow/.venv/lib/python3.10/site-packages/airflow/example_dags/example_setup_teardown_taskflow.py took 0.049 seconds
[2024-11-06T17:14:38.260+0700] {processor.py:186} INFO - Started process (PID=4102) to work on /home/fawzan/airflow/.venv/lib/python3.10/site-packages/airflow/example_dags/example_setup_teardown_taskflow.py
[2024-11-06T17:14:38.263+0700] {processor.py:914} INFO - Processing file /home/fawzan/airflow/.venv/lib/python3.10/site-packages/airflow/example_dags/example_setup_teardown_taskflow.py for tasks to queue
[2024-11-06T17:14:38.265+0700] {logging_mixin.py:190} INFO - [2024-11-06T17:14:38.265+0700] {dagbag.py:588} INFO - Filling up the DagBag from /home/fawzan/airflow/.venv/lib/python3.10/site-packages/airflow/example_dags/example_setup_teardown_taskflow.py
[2024-11-06T17:14:38.275+0700] {processor.py:925} INFO - DAG(s) 'example_setup_teardown_taskflow' retrieved from /home/fawzan/airflow/.venv/lib/python3.10/site-packages/airflow/example_dags/example_setup_teardown_taskflow.py
[2024-11-06T17:14:38.285+0700] {logging_mixin.py:190} INFO - [2024-11-06T17:14:38.285+0700] {dag.py:3239} INFO - Sync 1 DAGs
[2024-11-06T17:14:38.291+0700] {logging_mixin.py:190} INFO - [2024-11-06T17:14:38.291+0700] {dag.py:4180} INFO - Setting next_dagrun for example_setup_teardown_taskflow to None, run_after=None
[2024-11-06T17:14:38.310+0700] {processor.py:208} INFO - Processing /home/fawzan/airflow/.venv/lib/python3.10/site-packages/airflow/example_dags/example_setup_teardown_taskflow.py took 0.055 seconds
[2024-11-06T17:15:33.824+0700] {processor.py:186} INFO - Started process (PID=4160) to work on /home/fawzan/airflow/.venv/lib/python3.10/site-packages/airflow/example_dags/example_setup_teardown_taskflow.py
[2024-11-06T17:15:33.827+0700] {processor.py:914} INFO - Processing file /home/fawzan/airflow/.venv/lib/python3.10/site-packages/airflow/example_dags/example_setup_teardown_taskflow.py for tasks to queue
[2024-11-06T17:15:33.829+0700] {logging_mixin.py:190} INFO - [2024-11-06T17:15:33.829+0700] {dagbag.py:588} INFO - Filling up the DagBag from /home/fawzan/airflow/.venv/lib/python3.10/site-packages/airflow/example_dags/example_setup_teardown_taskflow.py
[2024-11-06T17:15:33.839+0700] {processor.py:925} INFO - DAG(s) 'example_setup_teardown_taskflow' retrieved from /home/fawzan/airflow/.venv/lib/python3.10/site-packages/airflow/example_dags/example_setup_teardown_taskflow.py
[2024-11-06T17:15:33.850+0700] {logging_mixin.py:190} INFO - [2024-11-06T17:15:33.849+0700] {dag.py:3239} INFO - Sync 1 DAGs
[2024-11-06T17:15:33.857+0700] {logging_mixin.py:190} INFO - [2024-11-06T17:15:33.857+0700] {dag.py:4180} INFO - Setting next_dagrun for example_setup_teardown_taskflow to None, run_after=None
[2024-11-06T17:15:33.870+0700] {processor.py:208} INFO - Processing /home/fawzan/airflow/.venv/lib/python3.10/site-packages/airflow/example_dags/example_setup_teardown_taskflow.py took 0.052 seconds
[2024-11-06T18:13:29.658+0700] {processor.py:186} INFO - Started process (PID=2757) to work on /home/fawzan/airflow/.venv/lib/python3.10/site-packages/airflow/example_dags/example_setup_teardown_taskflow.py
[2024-11-06T18:13:29.659+0700] {processor.py:914} INFO - Processing file /home/fawzan/airflow/.venv/lib/python3.10/site-packages/airflow/example_dags/example_setup_teardown_taskflow.py for tasks to queue
[2024-11-06T18:13:29.661+0700] {logging_mixin.py:190} INFO - [2024-11-06T18:13:29.661+0700] {dagbag.py:588} INFO - Filling up the DagBag from /home/fawzan/airflow/.venv/lib/python3.10/site-packages/airflow/example_dags/example_setup_teardown_taskflow.py
[2024-11-06T18:13:29.671+0700] {processor.py:925} INFO - DAG(s) 'example_setup_teardown_taskflow' retrieved from /home/fawzan/airflow/.venv/lib/python3.10/site-packages/airflow/example_dags/example_setup_teardown_taskflow.py
[2024-11-06T18:13:29.680+0700] {logging_mixin.py:190} INFO - [2024-11-06T18:13:29.680+0700] {dag.py:3239} INFO - Sync 1 DAGs
[2024-11-06T18:13:29.687+0700] {logging_mixin.py:190} INFO - [2024-11-06T18:13:29.687+0700] {dag.py:4180} INFO - Setting next_dagrun for example_setup_teardown_taskflow to None, run_after=None
[2024-11-06T18:13:29.699+0700] {processor.py:208} INFO - Processing /home/fawzan/airflow/.venv/lib/python3.10/site-packages/airflow/example_dags/example_setup_teardown_taskflow.py took 0.046 seconds
[2024-11-06T18:14:25.088+0700] {processor.py:186} INFO - Started process (PID=3355) to work on /home/fawzan/airflow/.venv/lib/python3.10/site-packages/airflow/example_dags/example_setup_teardown_taskflow.py
[2024-11-06T18:14:25.091+0700] {processor.py:914} INFO - Processing file /home/fawzan/airflow/.venv/lib/python3.10/site-packages/airflow/example_dags/example_setup_teardown_taskflow.py for tasks to queue
[2024-11-06T18:14:25.093+0700] {logging_mixin.py:190} INFO - [2024-11-06T18:14:25.092+0700] {dagbag.py:588} INFO - Filling up the DagBag from /home/fawzan/airflow/.venv/lib/python3.10/site-packages/airflow/example_dags/example_setup_teardown_taskflow.py
[2024-11-06T18:14:25.102+0700] {processor.py:925} INFO - DAG(s) 'example_setup_teardown_taskflow' retrieved from /home/fawzan/airflow/.venv/lib/python3.10/site-packages/airflow/example_dags/example_setup_teardown_taskflow.py
[2024-11-06T18:14:25.112+0700] {logging_mixin.py:190} INFO - [2024-11-06T18:14:25.112+0700] {dag.py:3239} INFO - Sync 1 DAGs
[2024-11-06T18:14:25.119+0700] {logging_mixin.py:190} INFO - [2024-11-06T18:14:25.119+0700] {dag.py:4180} INFO - Setting next_dagrun for example_setup_teardown_taskflow to None, run_after=None
[2024-11-06T18:14:25.132+0700] {processor.py:208} INFO - Processing /home/fawzan/airflow/.venv/lib/python3.10/site-packages/airflow/example_dags/example_setup_teardown_taskflow.py took 0.050 seconds
[2024-11-06T18:15:20.479+0700] {processor.py:186} INFO - Started process (PID=3506) to work on /home/fawzan/airflow/.venv/lib/python3.10/site-packages/airflow/example_dags/example_setup_teardown_taskflow.py
[2024-11-06T18:15:20.482+0700] {processor.py:914} INFO - Processing file /home/fawzan/airflow/.venv/lib/python3.10/site-packages/airflow/example_dags/example_setup_teardown_taskflow.py for tasks to queue
[2024-11-06T18:15:20.484+0700] {logging_mixin.py:190} INFO - [2024-11-06T18:15:20.484+0700] {dagbag.py:588} INFO - Filling up the DagBag from /home/fawzan/airflow/.venv/lib/python3.10/site-packages/airflow/example_dags/example_setup_teardown_taskflow.py
[2024-11-06T18:15:20.494+0700] {processor.py:925} INFO - DAG(s) 'example_setup_teardown_taskflow' retrieved from /home/fawzan/airflow/.venv/lib/python3.10/site-packages/airflow/example_dags/example_setup_teardown_taskflow.py
[2024-11-06T18:15:20.503+0700] {logging_mixin.py:190} INFO - [2024-11-06T18:15:20.503+0700] {dag.py:3239} INFO - Sync 1 DAGs
[2024-11-06T18:15:20.510+0700] {logging_mixin.py:190} INFO - [2024-11-06T18:15:20.510+0700] {dag.py:4180} INFO - Setting next_dagrun for example_setup_teardown_taskflow to None, run_after=None
[2024-11-06T18:15:20.522+0700] {processor.py:208} INFO - Processing /home/fawzan/airflow/.venv/lib/python3.10/site-packages/airflow/example_dags/example_setup_teardown_taskflow.py took 0.048 seconds
[2024-11-06T18:16:37.207+0700] {processor.py:186} INFO - Started process (PID=3769) to work on /home/fawzan/airflow/.venv/lib/python3.10/site-packages/airflow/example_dags/example_setup_teardown_taskflow.py
[2024-11-06T18:16:37.210+0700] {processor.py:914} INFO - Processing file /home/fawzan/airflow/.venv/lib/python3.10/site-packages/airflow/example_dags/example_setup_teardown_taskflow.py for tasks to queue
[2024-11-06T18:16:37.212+0700] {logging_mixin.py:190} INFO - [2024-11-06T18:16:37.212+0700] {dagbag.py:588} INFO - Filling up the DagBag from /home/fawzan/airflow/.venv/lib/python3.10/site-packages/airflow/example_dags/example_setup_teardown_taskflow.py
[2024-11-06T18:16:37.222+0700] {processor.py:925} INFO - DAG(s) 'example_setup_teardown_taskflow' retrieved from /home/fawzan/airflow/.venv/lib/python3.10/site-packages/airflow/example_dags/example_setup_teardown_taskflow.py
[2024-11-06T18:16:37.232+0700] {logging_mixin.py:190} INFO - [2024-11-06T18:16:37.232+0700] {dag.py:3239} INFO - Sync 1 DAGs
[2024-11-06T18:16:37.239+0700] {logging_mixin.py:190} INFO - [2024-11-06T18:16:37.239+0700] {dag.py:4180} INFO - Setting next_dagrun for example_setup_teardown_taskflow to None, run_after=None
[2024-11-06T18:16:37.251+0700] {processor.py:208} INFO - Processing /home/fawzan/airflow/.venv/lib/python3.10/site-packages/airflow/example_dags/example_setup_teardown_taskflow.py took 0.050 seconds
[2024-11-06T18:17:33.089+0700] {processor.py:186} INFO - Started process (PID=3915) to work on /home/fawzan/airflow/.venv/lib/python3.10/site-packages/airflow/example_dags/example_setup_teardown_taskflow.py
[2024-11-06T18:17:33.093+0700] {processor.py:914} INFO - Processing file /home/fawzan/airflow/.venv/lib/python3.10/site-packages/airflow/example_dags/example_setup_teardown_taskflow.py for tasks to queue
[2024-11-06T18:17:33.094+0700] {logging_mixin.py:190} INFO - [2024-11-06T18:17:33.094+0700] {dagbag.py:588} INFO - Filling up the DagBag from /home/fawzan/airflow/.venv/lib/python3.10/site-packages/airflow/example_dags/example_setup_teardown_taskflow.py
[2024-11-06T18:17:33.102+0700] {processor.py:925} INFO - DAG(s) 'example_setup_teardown_taskflow' retrieved from /home/fawzan/airflow/.venv/lib/python3.10/site-packages/airflow/example_dags/example_setup_teardown_taskflow.py
[2024-11-06T18:17:33.113+0700] {logging_mixin.py:190} INFO - [2024-11-06T18:17:33.113+0700] {dag.py:3239} INFO - Sync 1 DAGs
[2024-11-06T18:17:33.120+0700] {logging_mixin.py:190} INFO - [2024-11-06T18:17:33.120+0700] {dag.py:4180} INFO - Setting next_dagrun for example_setup_teardown_taskflow to None, run_after=None
[2024-11-06T18:17:33.134+0700] {processor.py:208} INFO - Processing /home/fawzan/airflow/.venv/lib/python3.10/site-packages/airflow/example_dags/example_setup_teardown_taskflow.py took 0.049 seconds
[2024-11-06T18:18:24.976+0700] {processor.py:186} INFO - Started process (PID=4020) to work on /home/fawzan/airflow/.venv/lib/python3.10/site-packages/airflow/example_dags/example_setup_teardown_taskflow.py
[2024-11-06T18:18:24.979+0700] {processor.py:914} INFO - Processing file /home/fawzan/airflow/.venv/lib/python3.10/site-packages/airflow/example_dags/example_setup_teardown_taskflow.py for tasks to queue
[2024-11-06T18:18:24.980+0700] {logging_mixin.py:190} INFO - [2024-11-06T18:18:24.979+0700] {dagbag.py:588} INFO - Filling up the DagBag from /home/fawzan/airflow/.venv/lib/python3.10/site-packages/airflow/example_dags/example_setup_teardown_taskflow.py
[2024-11-06T18:18:24.985+0700] {processor.py:925} INFO - DAG(s) 'example_setup_teardown_taskflow' retrieved from /home/fawzan/airflow/.venv/lib/python3.10/site-packages/airflow/example_dags/example_setup_teardown_taskflow.py
[2024-11-06T18:18:24.994+0700] {logging_mixin.py:190} INFO - [2024-11-06T18:18:24.994+0700] {dag.py:3239} INFO - Sync 1 DAGs
[2024-11-06T18:18:25.001+0700] {logging_mixin.py:190} INFO - [2024-11-06T18:18:25.000+0700] {dag.py:4180} INFO - Setting next_dagrun for example_setup_teardown_taskflow to None, run_after=None
[2024-11-06T18:18:25.012+0700] {processor.py:208} INFO - Processing /home/fawzan/airflow/.venv/lib/python3.10/site-packages/airflow/example_dags/example_setup_teardown_taskflow.py took 0.039 seconds
[2024-11-06T18:19:17.515+0700] {processor.py:186} INFO - Started process (PID=4122) to work on /home/fawzan/airflow/.venv/lib/python3.10/site-packages/airflow/example_dags/example_setup_teardown_taskflow.py
[2024-11-06T18:19:17.518+0700] {processor.py:914} INFO - Processing file /home/fawzan/airflow/.venv/lib/python3.10/site-packages/airflow/example_dags/example_setup_teardown_taskflow.py for tasks to queue
[2024-11-06T18:19:17.520+0700] {logging_mixin.py:190} INFO - [2024-11-06T18:19:17.520+0700] {dagbag.py:588} INFO - Filling up the DagBag from /home/fawzan/airflow/.venv/lib/python3.10/site-packages/airflow/example_dags/example_setup_teardown_taskflow.py
[2024-11-06T18:19:17.531+0700] {processor.py:925} INFO - DAG(s) 'example_setup_teardown_taskflow' retrieved from /home/fawzan/airflow/.venv/lib/python3.10/site-packages/airflow/example_dags/example_setup_teardown_taskflow.py
[2024-11-06T18:19:17.541+0700] {logging_mixin.py:190} INFO - [2024-11-06T18:19:17.541+0700] {dag.py:3239} INFO - Sync 1 DAGs
[2024-11-06T18:19:17.547+0700] {logging_mixin.py:190} INFO - [2024-11-06T18:19:17.547+0700] {dag.py:4180} INFO - Setting next_dagrun for example_setup_teardown_taskflow to None, run_after=None
[2024-11-06T18:19:17.559+0700] {processor.py:208} INFO - Processing /home/fawzan/airflow/.venv/lib/python3.10/site-packages/airflow/example_dags/example_setup_teardown_taskflow.py took 0.050 seconds
[2024-11-06T18:20:12.269+0700] {processor.py:186} INFO - Started process (PID=4222) to work on /home/fawzan/airflow/.venv/lib/python3.10/site-packages/airflow/example_dags/example_setup_teardown_taskflow.py
[2024-11-06T18:20:12.272+0700] {processor.py:914} INFO - Processing file /home/fawzan/airflow/.venv/lib/python3.10/site-packages/airflow/example_dags/example_setup_teardown_taskflow.py for tasks to queue
[2024-11-06T18:20:12.274+0700] {logging_mixin.py:190} INFO - [2024-11-06T18:20:12.274+0700] {dagbag.py:588} INFO - Filling up the DagBag from /home/fawzan/airflow/.venv/lib/python3.10/site-packages/airflow/example_dags/example_setup_teardown_taskflow.py
[2024-11-06T18:20:12.284+0700] {processor.py:925} INFO - DAG(s) 'example_setup_teardown_taskflow' retrieved from /home/fawzan/airflow/.venv/lib/python3.10/site-packages/airflow/example_dags/example_setup_teardown_taskflow.py
[2024-11-06T18:20:12.293+0700] {logging_mixin.py:190} INFO - [2024-11-06T18:20:12.293+0700] {dag.py:3239} INFO - Sync 1 DAGs
[2024-11-06T18:20:12.299+0700] {logging_mixin.py:190} INFO - [2024-11-06T18:20:12.299+0700] {dag.py:4180} INFO - Setting next_dagrun for example_setup_teardown_taskflow to None, run_after=None
[2024-11-06T18:20:12.311+0700] {processor.py:208} INFO - Processing /home/fawzan/airflow/.venv/lib/python3.10/site-packages/airflow/example_dags/example_setup_teardown_taskflow.py took 0.046 seconds
[2024-11-06T18:21:19.968+0700] {processor.py:186} INFO - Started process (PID=4442) to work on /home/fawzan/airflow/.venv/lib/python3.10/site-packages/airflow/example_dags/example_setup_teardown_taskflow.py
[2024-11-06T18:21:19.971+0700] {processor.py:914} INFO - Processing file /home/fawzan/airflow/.venv/lib/python3.10/site-packages/airflow/example_dags/example_setup_teardown_taskflow.py for tasks to queue
[2024-11-06T18:21:19.974+0700] {logging_mixin.py:190} INFO - [2024-11-06T18:21:19.973+0700] {dagbag.py:588} INFO - Filling up the DagBag from /home/fawzan/airflow/.venv/lib/python3.10/site-packages/airflow/example_dags/example_setup_teardown_taskflow.py
[2024-11-06T18:21:19.984+0700] {processor.py:925} INFO - DAG(s) 'example_setup_teardown_taskflow' retrieved from /home/fawzan/airflow/.venv/lib/python3.10/site-packages/airflow/example_dags/example_setup_teardown_taskflow.py
[2024-11-06T18:21:19.994+0700] {logging_mixin.py:190} INFO - [2024-11-06T18:21:19.994+0700] {dag.py:3239} INFO - Sync 1 DAGs
[2024-11-06T18:21:20.001+0700] {logging_mixin.py:190} INFO - [2024-11-06T18:21:20.001+0700] {dag.py:4180} INFO - Setting next_dagrun for example_setup_teardown_taskflow to None, run_after=None
[2024-11-06T18:21:20.013+0700] {processor.py:208} INFO - Processing /home/fawzan/airflow/.venv/lib/python3.10/site-packages/airflow/example_dags/example_setup_teardown_taskflow.py took 0.049 seconds
[2024-11-06T18:22:17.119+0700] {processor.py:186} INFO - Started process (PID=4563) to work on /home/fawzan/airflow/.venv/lib/python3.10/site-packages/airflow/example_dags/example_setup_teardown_taskflow.py
[2024-11-06T18:22:17.122+0700] {processor.py:914} INFO - Processing file /home/fawzan/airflow/.venv/lib/python3.10/site-packages/airflow/example_dags/example_setup_teardown_taskflow.py for tasks to queue
[2024-11-06T18:22:17.124+0700] {logging_mixin.py:190} INFO - [2024-11-06T18:22:17.124+0700] {dagbag.py:588} INFO - Filling up the DagBag from /home/fawzan/airflow/.venv/lib/python3.10/site-packages/airflow/example_dags/example_setup_teardown_taskflow.py
[2024-11-06T18:22:17.134+0700] {processor.py:925} INFO - DAG(s) 'example_setup_teardown_taskflow' retrieved from /home/fawzan/airflow/.venv/lib/python3.10/site-packages/airflow/example_dags/example_setup_teardown_taskflow.py
[2024-11-06T18:22:17.144+0700] {logging_mixin.py:190} INFO - [2024-11-06T18:22:17.144+0700] {dag.py:3239} INFO - Sync 1 DAGs
[2024-11-06T18:22:17.151+0700] {logging_mixin.py:190} INFO - [2024-11-06T18:22:17.151+0700] {dag.py:4180} INFO - Setting next_dagrun for example_setup_teardown_taskflow to None, run_after=None
[2024-11-06T18:22:17.163+0700] {processor.py:208} INFO - Processing /home/fawzan/airflow/.venv/lib/python3.10/site-packages/airflow/example_dags/example_setup_teardown_taskflow.py took 0.049 seconds
[2024-11-06T18:23:09.451+0700] {processor.py:186} INFO - Started process (PID=4656) to work on /home/fawzan/airflow/.venv/lib/python3.10/site-packages/airflow/example_dags/example_setup_teardown_taskflow.py
[2024-11-06T18:23:09.454+0700] {processor.py:914} INFO - Processing file /home/fawzan/airflow/.venv/lib/python3.10/site-packages/airflow/example_dags/example_setup_teardown_taskflow.py for tasks to queue
[2024-11-06T18:23:09.456+0700] {logging_mixin.py:190} INFO - [2024-11-06T18:23:09.456+0700] {dagbag.py:588} INFO - Filling up the DagBag from /home/fawzan/airflow/.venv/lib/python3.10/site-packages/airflow/example_dags/example_setup_teardown_taskflow.py
[2024-11-06T18:23:09.466+0700] {processor.py:925} INFO - DAG(s) 'example_setup_teardown_taskflow' retrieved from /home/fawzan/airflow/.venv/lib/python3.10/site-packages/airflow/example_dags/example_setup_teardown_taskflow.py
[2024-11-06T18:23:09.476+0700] {logging_mixin.py:190} INFO - [2024-11-06T18:23:09.476+0700] {dag.py:3239} INFO - Sync 1 DAGs
[2024-11-06T18:23:09.483+0700] {logging_mixin.py:190} INFO - [2024-11-06T18:23:09.483+0700] {dag.py:4180} INFO - Setting next_dagrun for example_setup_teardown_taskflow to None, run_after=None
[2024-11-06T18:23:09.495+0700] {processor.py:208} INFO - Processing /home/fawzan/airflow/.venv/lib/python3.10/site-packages/airflow/example_dags/example_setup_teardown_taskflow.py took 0.050 seconds
[2024-11-06T18:24:06.378+0700] {processor.py:186} INFO - Started process (PID=4768) to work on /home/fawzan/airflow/.venv/lib/python3.10/site-packages/airflow/example_dags/example_setup_teardown_taskflow.py
[2024-11-06T18:24:06.381+0700] {processor.py:914} INFO - Processing file /home/fawzan/airflow/.venv/lib/python3.10/site-packages/airflow/example_dags/example_setup_teardown_taskflow.py for tasks to queue
[2024-11-06T18:24:06.384+0700] {logging_mixin.py:190} INFO - [2024-11-06T18:24:06.383+0700] {dagbag.py:588} INFO - Filling up the DagBag from /home/fawzan/airflow/.venv/lib/python3.10/site-packages/airflow/example_dags/example_setup_teardown_taskflow.py
[2024-11-06T18:24:06.394+0700] {processor.py:925} INFO - DAG(s) 'example_setup_teardown_taskflow' retrieved from /home/fawzan/airflow/.venv/lib/python3.10/site-packages/airflow/example_dags/example_setup_teardown_taskflow.py
[2024-11-06T18:24:06.404+0700] {logging_mixin.py:190} INFO - [2024-11-06T18:24:06.404+0700] {dag.py:3239} INFO - Sync 1 DAGs
[2024-11-06T18:24:06.411+0700] {logging_mixin.py:190} INFO - [2024-11-06T18:24:06.411+0700] {dag.py:4180} INFO - Setting next_dagrun for example_setup_teardown_taskflow to None, run_after=None
[2024-11-06T18:24:06.423+0700] {processor.py:208} INFO - Processing /home/fawzan/airflow/.venv/lib/python3.10/site-packages/airflow/example_dags/example_setup_teardown_taskflow.py took 0.050 seconds
[2024-11-06T18:32:47.005+0700] {processor.py:186} INFO - Started process (PID=5194) to work on /home/fawzan/airflow/.venv/lib/python3.10/site-packages/airflow/example_dags/example_setup_teardown_taskflow.py
[2024-11-06T18:32:47.011+0700] {processor.py:914} INFO - Processing file /home/fawzan/airflow/.venv/lib/python3.10/site-packages/airflow/example_dags/example_setup_teardown_taskflow.py for tasks to queue
[2024-11-06T18:32:47.013+0700] {logging_mixin.py:190} INFO - [2024-11-06T18:32:47.013+0700] {dagbag.py:588} INFO - Filling up the DagBag from /home/fawzan/airflow/.venv/lib/python3.10/site-packages/airflow/example_dags/example_setup_teardown_taskflow.py
[2024-11-06T18:32:47.020+0700] {processor.py:925} INFO - DAG(s) 'example_setup_teardown_taskflow' retrieved from /home/fawzan/airflow/.venv/lib/python3.10/site-packages/airflow/example_dags/example_setup_teardown_taskflow.py
[2024-11-06T18:32:47.030+0700] {logging_mixin.py:190} INFO - [2024-11-06T18:32:47.030+0700] {dag.py:3239} INFO - Sync 1 DAGs
[2024-11-06T18:32:47.037+0700] {logging_mixin.py:190} INFO - [2024-11-06T18:32:47.036+0700] {dag.py:4180} INFO - Setting next_dagrun for example_setup_teardown_taskflow to None, run_after=None
[2024-11-06T18:32:47.052+0700] {processor.py:208} INFO - Processing /home/fawzan/airflow/.venv/lib/python3.10/site-packages/airflow/example_dags/example_setup_teardown_taskflow.py took 0.053 seconds
