[2024-11-06T17:13:59.916+0700] {processor.py:186} INFO - Started process (PID=4039) to work on /home/fawzan/airflow/.venv/lib/python3.10/site-packages/airflow/example_dags/example_bash_operator.py
[2024-11-06T17:13:59.917+0700] {processor.py:914} INFO - Processing file /home/fawzan/airflow/.venv/lib/python3.10/site-packages/airflow/example_dags/example_bash_operator.py for tasks to queue
[2024-11-06T17:13:59.919+0700] {logging_mixin.py:190} INFO - [2024-11-06T17:13:59.918+0700] {dagbag.py:588} INFO - Filling up the DagBag from /home/fawzan/airflow/.venv/lib/python3.10/site-packages/airflow/example_dags/example_bash_operator.py
[2024-11-06T17:13:59.929+0700] {processor.py:925} INFO - DAG(s) 'example_bash_operator' retrieved from /home/fawzan/airflow/.venv/lib/python3.10/site-packages/airflow/example_dags/example_bash_operator.py
[2024-11-06T17:13:59.986+0700] {logging_mixin.py:190} INFO - [2024-11-06T17:13:59.986+0700] {override.py:1900} INFO - Created Permission View: can delete on DAG:example_bash_operator
[2024-11-06T17:13:59.993+0700] {logging_mixin.py:190} INFO - [2024-11-06T17:13:59.993+0700] {override.py:1900} INFO - Created Permission View: can read on DAG:example_bash_operator
[2024-11-06T17:13:59.998+0700] {logging_mixin.py:190} INFO - [2024-11-06T17:13:59.998+0700] {override.py:1900} INFO - Created Permission View: can edit on DAG:example_bash_operator
[2024-11-06T17:14:00.006+0700] {logging_mixin.py:190} INFO - [2024-11-06T17:14:00.006+0700] {override.py:1900} INFO - Created Permission View: can create on DAG Run:example_bash_operator
[2024-11-06T17:14:00.011+0700] {logging_mixin.py:190} INFO - [2024-11-06T17:14:00.010+0700] {override.py:1900} INFO - Created Permission View: can delete on DAG Run:example_bash_operator
[2024-11-06T17:14:00.016+0700] {logging_mixin.py:190} INFO - [2024-11-06T17:14:00.015+0700] {override.py:1900} INFO - Created Permission View: can read on DAG Run:example_bash_operator
[2024-11-06T17:14:00.021+0700] {logging_mixin.py:190} INFO - [2024-11-06T17:14:00.020+0700] {override.py:1900} INFO - Created Permission View: menu access on DAG Run:example_bash_operator
[2024-11-06T17:14:00.021+0700] {logging_mixin.py:190} INFO - [2024-11-06T17:14:00.021+0700] {dag.py:3239} INFO - Sync 1 DAGs
[2024-11-06T17:14:00.028+0700] {logging_mixin.py:190} INFO - [2024-11-06T17:14:00.028+0700] {dag.py:3262} INFO - Creating ORM DAG for example_bash_operator
[2024-11-06T17:14:00.033+0700] {logging_mixin.py:190} INFO - [2024-11-06T17:14:00.033+0700] {dag.py:4180} INFO - Setting next_dagrun for example_bash_operator to 2024-11-05 00:00:00+00:00, run_after=2024-11-06 00:00:00+00:00
[2024-11-06T17:14:00.044+0700] {processor.py:208} INFO - Processing /home/fawzan/airflow/.venv/lib/python3.10/site-packages/airflow/example_dags/example_bash_operator.py took 0.134 seconds
[2024-11-06T17:14:55.609+0700] {processor.py:186} INFO - Started process (PID=4121) to work on /home/fawzan/airflow/.venv/lib/python3.10/site-packages/airflow/example_dags/example_bash_operator.py
[2024-11-06T17:14:55.612+0700] {processor.py:914} INFO - Processing file /home/fawzan/airflow/.venv/lib/python3.10/site-packages/airflow/example_dags/example_bash_operator.py for tasks to queue
[2024-11-06T17:14:55.614+0700] {logging_mixin.py:190} INFO - [2024-11-06T17:14:55.614+0700] {dagbag.py:588} INFO - Filling up the DagBag from /home/fawzan/airflow/.venv/lib/python3.10/site-packages/airflow/example_dags/example_bash_operator.py
[2024-11-06T17:14:55.626+0700] {processor.py:925} INFO - DAG(s) 'example_bash_operator' retrieved from /home/fawzan/airflow/.venv/lib/python3.10/site-packages/airflow/example_dags/example_bash_operator.py
[2024-11-06T17:14:55.639+0700] {logging_mixin.py:190} INFO - [2024-11-06T17:14:55.639+0700] {dag.py:3239} INFO - Sync 1 DAGs
[2024-11-06T17:14:55.650+0700] {logging_mixin.py:190} INFO - [2024-11-06T17:14:55.650+0700] {dag.py:4180} INFO - Setting next_dagrun for example_bash_operator to 2024-11-05 00:00:00+00:00, run_after=2024-11-06 00:00:00+00:00
[2024-11-06T17:14:55.662+0700] {processor.py:208} INFO - Processing /home/fawzan/airflow/.venv/lib/python3.10/site-packages/airflow/example_dags/example_bash_operator.py took 0.059 seconds
[2024-11-06T17:16:15.984+0700] {processor.py:186} INFO - Started process (PID=4213) to work on /home/fawzan/airflow/.venv/lib/python3.10/site-packages/airflow/example_dags/example_bash_operator.py
[2024-11-06T17:16:15.987+0700] {processor.py:914} INFO - Processing file /home/fawzan/airflow/.venv/lib/python3.10/site-packages/airflow/example_dags/example_bash_operator.py for tasks to queue
[2024-11-06T17:16:15.990+0700] {logging_mixin.py:190} INFO - [2024-11-06T17:16:15.990+0700] {dagbag.py:588} INFO - Filling up the DagBag from /home/fawzan/airflow/.venv/lib/python3.10/site-packages/airflow/example_dags/example_bash_operator.py
[2024-11-06T17:16:16.001+0700] {processor.py:925} INFO - DAG(s) 'example_bash_operator' retrieved from /home/fawzan/airflow/.venv/lib/python3.10/site-packages/airflow/example_dags/example_bash_operator.py
[2024-11-06T17:16:16.013+0700] {logging_mixin.py:190} INFO - [2024-11-06T17:16:16.013+0700] {dag.py:3239} INFO - Sync 1 DAGs
[2024-11-06T17:16:16.023+0700] {logging_mixin.py:190} INFO - [2024-11-06T17:16:16.023+0700] {dag.py:4180} INFO - Setting next_dagrun for example_bash_operator to 2024-11-05 00:00:00+00:00, run_after=2024-11-06 00:00:00+00:00
[2024-11-06T17:16:16.035+0700] {processor.py:208} INFO - Processing /home/fawzan/airflow/.venv/lib/python3.10/site-packages/airflow/example_dags/example_bash_operator.py took 0.057 seconds
[2024-11-06T18:13:49.099+0700] {processor.py:186} INFO - Started process (PID=3260) to work on /home/fawzan/airflow/.venv/lib/python3.10/site-packages/airflow/example_dags/example_bash_operator.py
[2024-11-06T18:13:49.102+0700] {processor.py:914} INFO - Processing file /home/fawzan/airflow/.venv/lib/python3.10/site-packages/airflow/example_dags/example_bash_operator.py for tasks to queue
[2024-11-06T18:13:49.104+0700] {logging_mixin.py:190} INFO - [2024-11-06T18:13:49.104+0700] {dagbag.py:588} INFO - Filling up the DagBag from /home/fawzan/airflow/.venv/lib/python3.10/site-packages/airflow/example_dags/example_bash_operator.py
[2024-11-06T18:13:49.113+0700] {processor.py:925} INFO - DAG(s) 'example_bash_operator' retrieved from /home/fawzan/airflow/.venv/lib/python3.10/site-packages/airflow/example_dags/example_bash_operator.py
[2024-11-06T18:13:49.126+0700] {logging_mixin.py:190} INFO - [2024-11-06T18:13:49.126+0700] {dag.py:3239} INFO - Sync 1 DAGs
[2024-11-06T18:13:49.138+0700] {logging_mixin.py:190} INFO - [2024-11-06T18:13:49.138+0700] {dag.py:4180} INFO - Setting next_dagrun for example_bash_operator to 2024-11-05 00:00:00+00:00, run_after=2024-11-06 00:00:00+00:00
[2024-11-06T18:13:49.149+0700] {processor.py:208} INFO - Processing /home/fawzan/airflow/.venv/lib/python3.10/site-packages/airflow/example_dags/example_bash_operator.py took 0.058 seconds
[2024-11-06T18:14:43.587+0700] {processor.py:186} INFO - Started process (PID=3412) to work on /home/fawzan/airflow/.venv/lib/python3.10/site-packages/airflow/example_dags/example_bash_operator.py
[2024-11-06T18:14:43.590+0700] {processor.py:914} INFO - Processing file /home/fawzan/airflow/.venv/lib/python3.10/site-packages/airflow/example_dags/example_bash_operator.py for tasks to queue
[2024-11-06T18:14:43.592+0700] {logging_mixin.py:190} INFO - [2024-11-06T18:14:43.592+0700] {dagbag.py:588} INFO - Filling up the DagBag from /home/fawzan/airflow/.venv/lib/python3.10/site-packages/airflow/example_dags/example_bash_operator.py
[2024-11-06T18:14:43.604+0700] {processor.py:925} INFO - DAG(s) 'example_bash_operator' retrieved from /home/fawzan/airflow/.venv/lib/python3.10/site-packages/airflow/example_dags/example_bash_operator.py
[2024-11-06T18:14:43.616+0700] {logging_mixin.py:190} INFO - [2024-11-06T18:14:43.616+0700] {dag.py:3239} INFO - Sync 1 DAGs
[2024-11-06T18:14:43.627+0700] {logging_mixin.py:190} INFO - [2024-11-06T18:14:43.626+0700] {dag.py:4180} INFO - Setting next_dagrun for example_bash_operator to 2024-11-05 00:00:00+00:00, run_after=2024-11-06 00:00:00+00:00
[2024-11-06T18:14:43.639+0700] {processor.py:208} INFO - Processing /home/fawzan/airflow/.venv/lib/python3.10/site-packages/airflow/example_dags/example_bash_operator.py took 0.056 seconds
[2024-11-06T18:16:12.046+0700] {processor.py:186} INFO - Started process (PID=3712) to work on /home/fawzan/airflow/.venv/lib/python3.10/site-packages/airflow/example_dags/example_bash_operator.py
[2024-11-06T18:16:12.047+0700] {processor.py:914} INFO - Processing file /home/fawzan/airflow/.venv/lib/python3.10/site-packages/airflow/example_dags/example_bash_operator.py for tasks to queue
[2024-11-06T18:16:12.048+0700] {logging_mixin.py:190} INFO - [2024-11-06T18:16:12.048+0700] {dagbag.py:588} INFO - Filling up the DagBag from /home/fawzan/airflow/.venv/lib/python3.10/site-packages/airflow/example_dags/example_bash_operator.py
[2024-11-06T18:16:12.059+0700] {processor.py:925} INFO - DAG(s) 'example_bash_operator' retrieved from /home/fawzan/airflow/.venv/lib/python3.10/site-packages/airflow/example_dags/example_bash_operator.py
[2024-11-06T18:16:12.071+0700] {logging_mixin.py:190} INFO - [2024-11-06T18:16:12.071+0700] {dag.py:3239} INFO - Sync 1 DAGs
[2024-11-06T18:16:12.082+0700] {logging_mixin.py:190} INFO - [2024-11-06T18:16:12.081+0700] {dag.py:4180} INFO - Setting next_dagrun for example_bash_operator to 2024-11-05 00:00:00+00:00, run_after=2024-11-06 00:00:00+00:00
[2024-11-06T18:16:12.094+0700] {processor.py:208} INFO - Processing /home/fawzan/airflow/.venv/lib/python3.10/site-packages/airflow/example_dags/example_bash_operator.py took 0.052 seconds
[2024-11-06T18:17:21.407+0700] {processor.py:186} INFO - Started process (PID=3892) to work on /home/fawzan/airflow/.venv/lib/python3.10/site-packages/airflow/example_dags/example_bash_operator.py
[2024-11-06T18:17:21.410+0700] {processor.py:914} INFO - Processing file /home/fawzan/airflow/.venv/lib/python3.10/site-packages/airflow/example_dags/example_bash_operator.py for tasks to queue
[2024-11-06T18:17:21.413+0700] {logging_mixin.py:190} INFO - [2024-11-06T18:17:21.413+0700] {dagbag.py:588} INFO - Filling up the DagBag from /home/fawzan/airflow/.venv/lib/python3.10/site-packages/airflow/example_dags/example_bash_operator.py
[2024-11-06T18:17:21.423+0700] {processor.py:925} INFO - DAG(s) 'example_bash_operator' retrieved from /home/fawzan/airflow/.venv/lib/python3.10/site-packages/airflow/example_dags/example_bash_operator.py
[2024-11-06T18:17:21.436+0700] {logging_mixin.py:190} INFO - [2024-11-06T18:17:21.436+0700] {dag.py:3239} INFO - Sync 1 DAGs
[2024-11-06T18:17:21.448+0700] {logging_mixin.py:190} INFO - [2024-11-06T18:17:21.448+0700] {dag.py:4180} INFO - Setting next_dagrun for example_bash_operator to 2024-11-05 00:00:00+00:00, run_after=2024-11-06 00:00:00+00:00
[2024-11-06T18:17:21.460+0700] {processor.py:208} INFO - Processing /home/fawzan/airflow/.venv/lib/python3.10/site-packages/airflow/example_dags/example_bash_operator.py took 0.059 seconds
[2024-11-06T18:18:37.753+0700] {processor.py:186} INFO - Started process (PID=4047) to work on /home/fawzan/airflow/.venv/lib/python3.10/site-packages/airflow/example_dags/example_bash_operator.py
[2024-11-06T18:18:37.757+0700] {processor.py:914} INFO - Processing file /home/fawzan/airflow/.venv/lib/python3.10/site-packages/airflow/example_dags/example_bash_operator.py for tasks to queue
[2024-11-06T18:18:37.759+0700] {logging_mixin.py:190} INFO - [2024-11-06T18:18:37.758+0700] {dagbag.py:588} INFO - Filling up the DagBag from /home/fawzan/airflow/.venv/lib/python3.10/site-packages/airflow/example_dags/example_bash_operator.py
[2024-11-06T18:18:37.770+0700] {processor.py:925} INFO - DAG(s) 'example_bash_operator' retrieved from /home/fawzan/airflow/.venv/lib/python3.10/site-packages/airflow/example_dags/example_bash_operator.py
[2024-11-06T18:18:37.783+0700] {logging_mixin.py:190} INFO - [2024-11-06T18:18:37.783+0700] {dag.py:3239} INFO - Sync 1 DAGs
[2024-11-06T18:18:37.795+0700] {logging_mixin.py:190} INFO - [2024-11-06T18:18:37.794+0700] {dag.py:4180} INFO - Setting next_dagrun for example_bash_operator to 2024-11-05 00:00:00+00:00, run_after=2024-11-06 00:00:00+00:00
[2024-11-06T18:18:37.806+0700] {processor.py:208} INFO - Processing /home/fawzan/airflow/.venv/lib/python3.10/site-packages/airflow/example_dags/example_bash_operator.py took 0.059 seconds
[2024-11-06T18:19:59.468+0700] {processor.py:186} INFO - Started process (PID=4199) to work on /home/fawzan/airflow/.venv/lib/python3.10/site-packages/airflow/example_dags/example_bash_operator.py
[2024-11-06T18:19:59.471+0700] {processor.py:914} INFO - Processing file /home/fawzan/airflow/.venv/lib/python3.10/site-packages/airflow/example_dags/example_bash_operator.py for tasks to queue
[2024-11-06T18:19:59.473+0700] {logging_mixin.py:190} INFO - [2024-11-06T18:19:59.473+0700] {dagbag.py:588} INFO - Filling up the DagBag from /home/fawzan/airflow/.venv/lib/python3.10/site-packages/airflow/example_dags/example_bash_operator.py
[2024-11-06T18:19:59.485+0700] {processor.py:925} INFO - DAG(s) 'example_bash_operator' retrieved from /home/fawzan/airflow/.venv/lib/python3.10/site-packages/airflow/example_dags/example_bash_operator.py
[2024-11-06T18:19:59.498+0700] {logging_mixin.py:190} INFO - [2024-11-06T18:19:59.498+0700] {dag.py:3239} INFO - Sync 1 DAGs
[2024-11-06T18:19:59.510+0700] {logging_mixin.py:190} INFO - [2024-11-06T18:19:59.510+0700] {dag.py:4180} INFO - Setting next_dagrun for example_bash_operator to 2024-11-05 00:00:00+00:00, run_after=2024-11-06 00:00:00+00:00
[2024-11-06T18:19:59.521+0700] {processor.py:208} INFO - Processing /home/fawzan/airflow/.venv/lib/python3.10/site-packages/airflow/example_dags/example_bash_operator.py took 0.059 seconds
[2024-11-06T18:21:36.021+0700] {processor.py:186} INFO - Started process (PID=4471) to work on /home/fawzan/airflow/.venv/lib/python3.10/site-packages/airflow/example_dags/example_bash_operator.py
[2024-11-06T18:21:36.024+0700] {processor.py:914} INFO - Processing file /home/fawzan/airflow/.venv/lib/python3.10/site-packages/airflow/example_dags/example_bash_operator.py for tasks to queue
[2024-11-06T18:21:36.027+0700] {logging_mixin.py:190} INFO - [2024-11-06T18:21:36.026+0700] {dagbag.py:588} INFO - Filling up the DagBag from /home/fawzan/airflow/.venv/lib/python3.10/site-packages/airflow/example_dags/example_bash_operator.py
[2024-11-06T18:21:36.039+0700] {processor.py:925} INFO - DAG(s) 'example_bash_operator' retrieved from /home/fawzan/airflow/.venv/lib/python3.10/site-packages/airflow/example_dags/example_bash_operator.py
[2024-11-06T18:21:36.052+0700] {logging_mixin.py:190} INFO - [2024-11-06T18:21:36.052+0700] {dag.py:3239} INFO - Sync 1 DAGs
[2024-11-06T18:21:36.063+0700] {logging_mixin.py:190} INFO - [2024-11-06T18:21:36.063+0700] {dag.py:4180} INFO - Setting next_dagrun for example_bash_operator to 2024-11-05 00:00:00+00:00, run_after=2024-11-06 00:00:00+00:00
[2024-11-06T18:21:36.075+0700] {processor.py:208} INFO - Processing /home/fawzan/airflow/.venv/lib/python3.10/site-packages/airflow/example_dags/example_bash_operator.py took 0.061 seconds
[2024-11-06T18:22:32.313+0700] {processor.py:186} INFO - Started process (PID=4594) to work on /home/fawzan/airflow/.venv/lib/python3.10/site-packages/airflow/example_dags/example_bash_operator.py
[2024-11-06T18:22:32.316+0700] {processor.py:914} INFO - Processing file /home/fawzan/airflow/.venv/lib/python3.10/site-packages/airflow/example_dags/example_bash_operator.py for tasks to queue
[2024-11-06T18:22:32.319+0700] {logging_mixin.py:190} INFO - [2024-11-06T18:22:32.318+0700] {dagbag.py:588} INFO - Filling up the DagBag from /home/fawzan/airflow/.venv/lib/python3.10/site-packages/airflow/example_dags/example_bash_operator.py
[2024-11-06T18:22:32.331+0700] {processor.py:925} INFO - DAG(s) 'example_bash_operator' retrieved from /home/fawzan/airflow/.venv/lib/python3.10/site-packages/airflow/example_dags/example_bash_operator.py
[2024-11-06T18:22:32.344+0700] {logging_mixin.py:190} INFO - [2024-11-06T18:22:32.344+0700] {dag.py:3239} INFO - Sync 1 DAGs
[2024-11-06T18:22:32.355+0700] {logging_mixin.py:190} INFO - [2024-11-06T18:22:32.355+0700] {dag.py:4180} INFO - Setting next_dagrun for example_bash_operator to 2024-11-05 00:00:00+00:00, run_after=2024-11-06 00:00:00+00:00
[2024-11-06T18:22:32.367+0700] {processor.py:208} INFO - Processing /home/fawzan/airflow/.venv/lib/python3.10/site-packages/airflow/example_dags/example_bash_operator.py took 0.058 seconds
[2024-11-06T18:23:56.191+0700] {processor.py:186} INFO - Started process (PID=4739) to work on /home/fawzan/airflow/.venv/lib/python3.10/site-packages/airflow/example_dags/example_bash_operator.py
[2024-11-06T18:23:56.194+0700] {processor.py:914} INFO - Processing file /home/fawzan/airflow/.venv/lib/python3.10/site-packages/airflow/example_dags/example_bash_operator.py for tasks to queue
[2024-11-06T18:23:56.198+0700] {logging_mixin.py:190} INFO - [2024-11-06T18:23:56.197+0700] {dagbag.py:588} INFO - Filling up the DagBag from /home/fawzan/airflow/.venv/lib/python3.10/site-packages/airflow/example_dags/example_bash_operator.py
[2024-11-06T18:23:56.209+0700] {processor.py:925} INFO - DAG(s) 'example_bash_operator' retrieved from /home/fawzan/airflow/.venv/lib/python3.10/site-packages/airflow/example_dags/example_bash_operator.py
[2024-11-06T18:23:56.221+0700] {logging_mixin.py:190} INFO - [2024-11-06T18:23:56.221+0700] {dag.py:3239} INFO - Sync 1 DAGs
[2024-11-06T18:23:56.233+0700] {logging_mixin.py:190} INFO - [2024-11-06T18:23:56.233+0700] {dag.py:4180} INFO - Setting next_dagrun for example_bash_operator to 2024-11-05 00:00:00+00:00, run_after=2024-11-06 00:00:00+00:00
[2024-11-06T18:23:56.250+0700] {processor.py:208} INFO - Processing /home/fawzan/airflow/.venv/lib/python3.10/site-packages/airflow/example_dags/example_bash_operator.py took 0.066 seconds
[2024-11-06T18:33:06.166+0700] {processor.py:186} INFO - Started process (PID=5231) to work on /home/fawzan/airflow/.venv/lib/python3.10/site-packages/airflow/example_dags/example_bash_operator.py
[2024-11-06T18:33:06.168+0700] {processor.py:914} INFO - Processing file /home/fawzan/airflow/.venv/lib/python3.10/site-packages/airflow/example_dags/example_bash_operator.py for tasks to queue
[2024-11-06T18:33:06.170+0700] {logging_mixin.py:190} INFO - [2024-11-06T18:33:06.169+0700] {dagbag.py:588} INFO - Filling up the DagBag from /home/fawzan/airflow/.venv/lib/python3.10/site-packages/airflow/example_dags/example_bash_operator.py
[2024-11-06T18:33:06.178+0700] {processor.py:925} INFO - DAG(s) 'example_bash_operator' retrieved from /home/fawzan/airflow/.venv/lib/python3.10/site-packages/airflow/example_dags/example_bash_operator.py
[2024-11-06T18:33:06.193+0700] {logging_mixin.py:190} INFO - [2024-11-06T18:33:06.193+0700] {dag.py:3239} INFO - Sync 1 DAGs
[2024-11-06T18:33:06.206+0700] {logging_mixin.py:190} INFO - [2024-11-06T18:33:06.206+0700] {dag.py:4180} INFO - Setting next_dagrun for example_bash_operator to 2024-11-05 00:00:00+00:00, run_after=2024-11-06 00:00:00+00:00
[2024-11-06T18:33:06.218+0700] {processor.py:208} INFO - Processing /home/fawzan/airflow/.venv/lib/python3.10/site-packages/airflow/example_dags/example_bash_operator.py took 0.058 seconds
