[2024-11-06T17:08:00.253+0700] {processor.py:186} INFO - Started process (PID=3841) to work on /home/fawzan/airflow/.venv/lib/python3.10/site-packages/airflow/example_dags/example_local_kubernetes_executor.py
[2024-11-06T17:08:00.254+0700] {processor.py:914} INFO - Processing file /home/fawzan/airflow/.venv/lib/python3.10/site-packages/airflow/example_dags/example_local_kubernetes_executor.py for tasks to queue
[2024-11-06T17:08:00.256+0700] {logging_mixin.py:190} INFO - [2024-11-06T17:08:00.256+0700] {dagbag.py:588} INFO - Filling up the DagBag from /home/fawzan/airflow/.venv/lib/python3.10/site-packages/airflow/example_dags/example_local_kubernetes_executor.py
[2024-11-06T17:08:00.259+0700] {logging_mixin.py:190} INFO - [2024-11-06T17:08:00.258+0700] {example_local_kubernetes_executor.py:40} WARNING - Could not import DAGs in example_local_kubernetes_executor.py
Traceback (most recent call last):
  File "/home/fawzan/airflow/.venv/lib/python3.10/site-packages/airflow/example_dags/example_local_kubernetes_executor.py", line 38, in <module>
    from kubernetes.client import models as k8s
ModuleNotFoundError: No module named 'kubernetes'
[2024-11-06T17:08:00.259+0700] {logging_mixin.py:190} INFO - [2024-11-06T17:08:00.259+0700] {example_local_kubernetes_executor.py:41} WARNING - Install Kubernetes dependencies with: pip install apache-airflow[cncf.kubernetes]
[2024-11-06T17:08:00.259+0700] {processor.py:927} WARNING - No viable dags retrieved from /home/fawzan/airflow/.venv/lib/python3.10/site-packages/airflow/example_dags/example_local_kubernetes_executor.py
[2024-11-06T17:08:00.266+0700] {processor.py:208} INFO - Processing /home/fawzan/airflow/.venv/lib/python3.10/site-packages/airflow/example_dags/example_local_kubernetes_executor.py took 0.019 seconds
[2024-11-06T17:13:29.933+0700] {processor.py:186} INFO - Started process (PID=4002) to work on /home/fawzan/airflow/.venv/lib/python3.10/site-packages/airflow/example_dags/example_local_kubernetes_executor.py
[2024-11-06T17:13:29.936+0700] {processor.py:914} INFO - Processing file /home/fawzan/airflow/.venv/lib/python3.10/site-packages/airflow/example_dags/example_local_kubernetes_executor.py for tasks to queue
[2024-11-06T17:13:29.939+0700] {logging_mixin.py:190} INFO - [2024-11-06T17:13:29.938+0700] {dagbag.py:588} INFO - Filling up the DagBag from /home/fawzan/airflow/.venv/lib/python3.10/site-packages/airflow/example_dags/example_local_kubernetes_executor.py
[2024-11-06T17:13:29.942+0700] {logging_mixin.py:190} INFO - [2024-11-06T17:13:29.941+0700] {example_local_kubernetes_executor.py:40} WARNING - Could not import DAGs in example_local_kubernetes_executor.py
Traceback (most recent call last):
  File "/home/fawzan/airflow/.venv/lib/python3.10/site-packages/airflow/example_dags/example_local_kubernetes_executor.py", line 38, in <module>
    from kubernetes.client import models as k8s
ModuleNotFoundError: No module named 'kubernetes'
[2024-11-06T17:13:29.942+0700] {logging_mixin.py:190} INFO - [2024-11-06T17:13:29.942+0700] {example_local_kubernetes_executor.py:41} WARNING - Install Kubernetes dependencies with: pip install apache-airflow[cncf.kubernetes]
[2024-11-06T17:13:29.942+0700] {processor.py:927} WARNING - No viable dags retrieved from /home/fawzan/airflow/.venv/lib/python3.10/site-packages/airflow/example_dags/example_local_kubernetes_executor.py
[2024-11-06T17:13:29.951+0700] {processor.py:208} INFO - Processing /home/fawzan/airflow/.venv/lib/python3.10/site-packages/airflow/example_dags/example_local_kubernetes_executor.py took 0.022 seconds
[2024-11-06T17:14:26.877+0700] {processor.py:186} INFO - Started process (PID=4074) to work on /home/fawzan/airflow/.venv/lib/python3.10/site-packages/airflow/example_dags/example_local_kubernetes_executor.py
[2024-11-06T17:14:26.880+0700] {processor.py:914} INFO - Processing file /home/fawzan/airflow/.venv/lib/python3.10/site-packages/airflow/example_dags/example_local_kubernetes_executor.py for tasks to queue
[2024-11-06T17:14:26.882+0700] {logging_mixin.py:190} INFO - [2024-11-06T17:14:26.882+0700] {dagbag.py:588} INFO - Filling up the DagBag from /home/fawzan/airflow/.venv/lib/python3.10/site-packages/airflow/example_dags/example_local_kubernetes_executor.py
[2024-11-06T17:14:26.886+0700] {logging_mixin.py:190} INFO - [2024-11-06T17:14:26.885+0700] {example_local_kubernetes_executor.py:40} WARNING - Could not import DAGs in example_local_kubernetes_executor.py
Traceback (most recent call last):
  File "/home/fawzan/airflow/.venv/lib/python3.10/site-packages/airflow/example_dags/example_local_kubernetes_executor.py", line 38, in <module>
    from kubernetes.client import models as k8s
ModuleNotFoundError: No module named 'kubernetes'
[2024-11-06T17:14:26.886+0700] {logging_mixin.py:190} INFO - [2024-11-06T17:14:26.886+0700] {example_local_kubernetes_executor.py:41} WARNING - Install Kubernetes dependencies with: pip install apache-airflow[cncf.kubernetes]
[2024-11-06T17:14:26.886+0700] {processor.py:927} WARNING - No viable dags retrieved from /home/fawzan/airflow/.venv/lib/python3.10/site-packages/airflow/example_dags/example_local_kubernetes_executor.py
[2024-11-06T17:14:26.895+0700] {processor.py:208} INFO - Processing /home/fawzan/airflow/.venv/lib/python3.10/site-packages/airflow/example_dags/example_local_kubernetes_executor.py took 0.024 seconds
[2024-11-06T17:15:20.301+0700] {processor.py:186} INFO - Started process (PID=4146) to work on /home/fawzan/airflow/.venv/lib/python3.10/site-packages/airflow/example_dags/example_local_kubernetes_executor.py
[2024-11-06T17:15:20.304+0700] {processor.py:914} INFO - Processing file /home/fawzan/airflow/.venv/lib/python3.10/site-packages/airflow/example_dags/example_local_kubernetes_executor.py for tasks to queue
[2024-11-06T17:15:20.306+0700] {logging_mixin.py:190} INFO - [2024-11-06T17:15:20.306+0700] {dagbag.py:588} INFO - Filling up the DagBag from /home/fawzan/airflow/.venv/lib/python3.10/site-packages/airflow/example_dags/example_local_kubernetes_executor.py
[2024-11-06T17:15:20.309+0700] {logging_mixin.py:190} INFO - [2024-11-06T17:15:20.309+0700] {example_local_kubernetes_executor.py:40} WARNING - Could not import DAGs in example_local_kubernetes_executor.py
Traceback (most recent call last):
  File "/home/fawzan/airflow/.venv/lib/python3.10/site-packages/airflow/example_dags/example_local_kubernetes_executor.py", line 38, in <module>
    from kubernetes.client import models as k8s
ModuleNotFoundError: No module named 'kubernetes'
[2024-11-06T17:15:20.310+0700] {logging_mixin.py:190} INFO - [2024-11-06T17:15:20.310+0700] {example_local_kubernetes_executor.py:41} WARNING - Install Kubernetes dependencies with: pip install apache-airflow[cncf.kubernetes]
[2024-11-06T17:15:20.310+0700] {processor.py:927} WARNING - No viable dags retrieved from /home/fawzan/airflow/.venv/lib/python3.10/site-packages/airflow/example_dags/example_local_kubernetes_executor.py
[2024-11-06T17:15:20.317+0700] {processor.py:208} INFO - Processing /home/fawzan/airflow/.venv/lib/python3.10/site-packages/airflow/example_dags/example_local_kubernetes_executor.py took 0.022 seconds
[2024-11-06T17:16:13.371+0700] {processor.py:186} INFO - Started process (PID=4210) to work on /home/fawzan/airflow/.venv/lib/python3.10/site-packages/airflow/example_dags/example_local_kubernetes_executor.py
[2024-11-06T17:16:13.375+0700] {processor.py:914} INFO - Processing file /home/fawzan/airflow/.venv/lib/python3.10/site-packages/airflow/example_dags/example_local_kubernetes_executor.py for tasks to queue
[2024-11-06T17:16:13.377+0700] {logging_mixin.py:190} INFO - [2024-11-06T17:16:13.377+0700] {dagbag.py:588} INFO - Filling up the DagBag from /home/fawzan/airflow/.venv/lib/python3.10/site-packages/airflow/example_dags/example_local_kubernetes_executor.py
[2024-11-06T17:16:13.381+0700] {logging_mixin.py:190} INFO - [2024-11-06T17:16:13.381+0700] {example_local_kubernetes_executor.py:40} WARNING - Could not import DAGs in example_local_kubernetes_executor.py
Traceback (most recent call last):
  File "/home/fawzan/airflow/.venv/lib/python3.10/site-packages/airflow/example_dags/example_local_kubernetes_executor.py", line 38, in <module>
    from kubernetes.client import models as k8s
ModuleNotFoundError: No module named 'kubernetes'
[2024-11-06T17:16:13.382+0700] {logging_mixin.py:190} INFO - [2024-11-06T17:16:13.381+0700] {example_local_kubernetes_executor.py:41} WARNING - Install Kubernetes dependencies with: pip install apache-airflow[cncf.kubernetes]
[2024-11-06T17:16:13.382+0700] {processor.py:927} WARNING - No viable dags retrieved from /home/fawzan/airflow/.venv/lib/python3.10/site-packages/airflow/example_dags/example_local_kubernetes_executor.py
[2024-11-06T17:16:13.398+0700] {processor.py:208} INFO - Processing /home/fawzan/airflow/.venv/lib/python3.10/site-packages/airflow/example_dags/example_local_kubernetes_executor.py took 0.035 seconds
[2024-11-06T18:13:18.176+0700] {processor.py:186} INFO - Started process (PID=2737) to work on /home/fawzan/airflow/.venv/lib/python3.10/site-packages/airflow/example_dags/example_local_kubernetes_executor.py
[2024-11-06T18:13:18.180+0700] {processor.py:914} INFO - Processing file /home/fawzan/airflow/.venv/lib/python3.10/site-packages/airflow/example_dags/example_local_kubernetes_executor.py for tasks to queue
[2024-11-06T18:13:18.182+0700] {logging_mixin.py:190} INFO - [2024-11-06T18:13:18.182+0700] {dagbag.py:588} INFO - Filling up the DagBag from /home/fawzan/airflow/.venv/lib/python3.10/site-packages/airflow/example_dags/example_local_kubernetes_executor.py
[2024-11-06T18:13:18.185+0700] {logging_mixin.py:190} INFO - [2024-11-06T18:13:18.185+0700] {example_local_kubernetes_executor.py:40} WARNING - Could not import DAGs in example_local_kubernetes_executor.py
Traceback (most recent call last):
  File "/home/fawzan/airflow/.venv/lib/python3.10/site-packages/airflow/example_dags/example_local_kubernetes_executor.py", line 38, in <module>
    from kubernetes.client import models as k8s
ModuleNotFoundError: No module named 'kubernetes'
[2024-11-06T18:13:18.185+0700] {logging_mixin.py:190} INFO - [2024-11-06T18:13:18.185+0700] {example_local_kubernetes_executor.py:41} WARNING - Install Kubernetes dependencies with: pip install apache-airflow[cncf.kubernetes]
[2024-11-06T18:13:18.186+0700] {processor.py:927} WARNING - No viable dags retrieved from /home/fawzan/airflow/.venv/lib/python3.10/site-packages/airflow/example_dags/example_local_kubernetes_executor.py
[2024-11-06T18:13:18.193+0700] {processor.py:208} INFO - Processing /home/fawzan/airflow/.venv/lib/python3.10/site-packages/airflow/example_dags/example_local_kubernetes_executor.py took 0.022 seconds
[2024-11-06T18:14:14.779+0700] {processor.py:186} INFO - Started process (PID=3333) to work on /home/fawzan/airflow/.venv/lib/python3.10/site-packages/airflow/example_dags/example_local_kubernetes_executor.py
[2024-11-06T18:14:14.782+0700] {processor.py:914} INFO - Processing file /home/fawzan/airflow/.venv/lib/python3.10/site-packages/airflow/example_dags/example_local_kubernetes_executor.py for tasks to queue
[2024-11-06T18:14:14.784+0700] {logging_mixin.py:190} INFO - [2024-11-06T18:14:14.784+0700] {dagbag.py:588} INFO - Filling up the DagBag from /home/fawzan/airflow/.venv/lib/python3.10/site-packages/airflow/example_dags/example_local_kubernetes_executor.py
[2024-11-06T18:14:14.788+0700] {logging_mixin.py:190} INFO - [2024-11-06T18:14:14.787+0700] {example_local_kubernetes_executor.py:40} WARNING - Could not import DAGs in example_local_kubernetes_executor.py
Traceback (most recent call last):
  File "/home/fawzan/airflow/.venv/lib/python3.10/site-packages/airflow/example_dags/example_local_kubernetes_executor.py", line 38, in <module>
    from kubernetes.client import models as k8s
ModuleNotFoundError: No module named 'kubernetes'
[2024-11-06T18:14:14.788+0700] {logging_mixin.py:190} INFO - [2024-11-06T18:14:14.788+0700] {example_local_kubernetes_executor.py:41} WARNING - Install Kubernetes dependencies with: pip install apache-airflow[cncf.kubernetes]
[2024-11-06T18:14:14.788+0700] {processor.py:927} WARNING - No viable dags retrieved from /home/fawzan/airflow/.venv/lib/python3.10/site-packages/airflow/example_dags/example_local_kubernetes_executor.py
[2024-11-06T18:14:14.797+0700] {processor.py:208} INFO - Processing /home/fawzan/airflow/.venv/lib/python3.10/site-packages/airflow/example_dags/example_local_kubernetes_executor.py took 0.022 seconds
[2024-11-06T18:15:09.187+0700] {processor.py:186} INFO - Started process (PID=3486) to work on /home/fawzan/airflow/.venv/lib/python3.10/site-packages/airflow/example_dags/example_local_kubernetes_executor.py
[2024-11-06T18:15:09.188+0700] {processor.py:914} INFO - Processing file /home/fawzan/airflow/.venv/lib/python3.10/site-packages/airflow/example_dags/example_local_kubernetes_executor.py for tasks to queue
[2024-11-06T18:15:09.190+0700] {logging_mixin.py:190} INFO - [2024-11-06T18:15:09.190+0700] {dagbag.py:588} INFO - Filling up the DagBag from /home/fawzan/airflow/.venv/lib/python3.10/site-packages/airflow/example_dags/example_local_kubernetes_executor.py
[2024-11-06T18:15:09.194+0700] {logging_mixin.py:190} INFO - [2024-11-06T18:15:09.193+0700] {example_local_kubernetes_executor.py:40} WARNING - Could not import DAGs in example_local_kubernetes_executor.py
Traceback (most recent call last):
  File "/home/fawzan/airflow/.venv/lib/python3.10/site-packages/airflow/example_dags/example_local_kubernetes_executor.py", line 38, in <module>
    from kubernetes.client import models as k8s
ModuleNotFoundError: No module named 'kubernetes'
[2024-11-06T18:15:09.194+0700] {logging_mixin.py:190} INFO - [2024-11-06T18:15:09.194+0700] {example_local_kubernetes_executor.py:41} WARNING - Install Kubernetes dependencies with: pip install apache-airflow[cncf.kubernetes]
[2024-11-06T18:15:09.194+0700] {processor.py:927} WARNING - No viable dags retrieved from /home/fawzan/airflow/.venv/lib/python3.10/site-packages/airflow/example_dags/example_local_kubernetes_executor.py
[2024-11-06T18:15:09.202+0700] {processor.py:208} INFO - Processing /home/fawzan/airflow/.venv/lib/python3.10/site-packages/airflow/example_dags/example_local_kubernetes_executor.py took 0.021 seconds
[2024-11-06T18:16:26.838+0700] {processor.py:186} INFO - Started process (PID=3745) to work on /home/fawzan/airflow/.venv/lib/python3.10/site-packages/airflow/example_dags/example_local_kubernetes_executor.py
[2024-11-06T18:16:26.842+0700] {processor.py:914} INFO - Processing file /home/fawzan/airflow/.venv/lib/python3.10/site-packages/airflow/example_dags/example_local_kubernetes_executor.py for tasks to queue
[2024-11-06T18:16:26.844+0700] {logging_mixin.py:190} INFO - [2024-11-06T18:16:26.843+0700] {dagbag.py:588} INFO - Filling up the DagBag from /home/fawzan/airflow/.venv/lib/python3.10/site-packages/airflow/example_dags/example_local_kubernetes_executor.py
[2024-11-06T18:16:26.847+0700] {logging_mixin.py:190} INFO - [2024-11-06T18:16:26.846+0700] {example_local_kubernetes_executor.py:40} WARNING - Could not import DAGs in example_local_kubernetes_executor.py
Traceback (most recent call last):
  File "/home/fawzan/airflow/.venv/lib/python3.10/site-packages/airflow/example_dags/example_local_kubernetes_executor.py", line 38, in <module>
    from kubernetes.client import models as k8s
ModuleNotFoundError: No module named 'kubernetes'
[2024-11-06T18:16:26.847+0700] {logging_mixin.py:190} INFO - [2024-11-06T18:16:26.847+0700] {example_local_kubernetes_executor.py:41} WARNING - Install Kubernetes dependencies with: pip install apache-airflow[cncf.kubernetes]
[2024-11-06T18:16:26.848+0700] {processor.py:927} WARNING - No viable dags retrieved from /home/fawzan/airflow/.venv/lib/python3.10/site-packages/airflow/example_dags/example_local_kubernetes_executor.py
[2024-11-06T18:16:26.858+0700] {processor.py:208} INFO - Processing /home/fawzan/airflow/.venv/lib/python3.10/site-packages/airflow/example_dags/example_local_kubernetes_executor.py took 0.028 seconds
[2024-11-06T18:17:22.945+0700] {processor.py:186} INFO - Started process (PID=3895) to work on /home/fawzan/airflow/.venv/lib/python3.10/site-packages/airflow/example_dags/example_local_kubernetes_executor.py
[2024-11-06T18:17:22.948+0700] {processor.py:914} INFO - Processing file /home/fawzan/airflow/.venv/lib/python3.10/site-packages/airflow/example_dags/example_local_kubernetes_executor.py for tasks to queue
[2024-11-06T18:17:22.950+0700] {logging_mixin.py:190} INFO - [2024-11-06T18:17:22.949+0700] {dagbag.py:588} INFO - Filling up the DagBag from /home/fawzan/airflow/.venv/lib/python3.10/site-packages/airflow/example_dags/example_local_kubernetes_executor.py
[2024-11-06T18:17:22.953+0700] {logging_mixin.py:190} INFO - [2024-11-06T18:17:22.953+0700] {example_local_kubernetes_executor.py:40} WARNING - Could not import DAGs in example_local_kubernetes_executor.py
Traceback (most recent call last):
  File "/home/fawzan/airflow/.venv/lib/python3.10/site-packages/airflow/example_dags/example_local_kubernetes_executor.py", line 38, in <module>
    from kubernetes.client import models as k8s
ModuleNotFoundError: No module named 'kubernetes'
[2024-11-06T18:17:22.953+0700] {logging_mixin.py:190} INFO - [2024-11-06T18:17:22.953+0700] {example_local_kubernetes_executor.py:41} WARNING - Install Kubernetes dependencies with: pip install apache-airflow[cncf.kubernetes]
[2024-11-06T18:17:22.954+0700] {processor.py:927} WARNING - No viable dags retrieved from /home/fawzan/airflow/.venv/lib/python3.10/site-packages/airflow/example_dags/example_local_kubernetes_executor.py
[2024-11-06T18:17:22.962+0700] {processor.py:208} INFO - Processing /home/fawzan/airflow/.venv/lib/python3.10/site-packages/airflow/example_dags/example_local_kubernetes_executor.py took 0.022 seconds
[2024-11-06T18:18:13.601+0700] {processor.py:186} INFO - Started process (PID=3997) to work on /home/fawzan/airflow/.venv/lib/python3.10/site-packages/airflow/example_dags/example_local_kubernetes_executor.py
[2024-11-06T18:18:13.604+0700] {processor.py:914} INFO - Processing file /home/fawzan/airflow/.venv/lib/python3.10/site-packages/airflow/example_dags/example_local_kubernetes_executor.py for tasks to queue
[2024-11-06T18:18:13.607+0700] {logging_mixin.py:190} INFO - [2024-11-06T18:18:13.607+0700] {dagbag.py:588} INFO - Filling up the DagBag from /home/fawzan/airflow/.venv/lib/python3.10/site-packages/airflow/example_dags/example_local_kubernetes_executor.py
[2024-11-06T18:18:13.611+0700] {logging_mixin.py:190} INFO - [2024-11-06T18:18:13.610+0700] {example_local_kubernetes_executor.py:40} WARNING - Could not import DAGs in example_local_kubernetes_executor.py
Traceback (most recent call last):
  File "/home/fawzan/airflow/.venv/lib/python3.10/site-packages/airflow/example_dags/example_local_kubernetes_executor.py", line 38, in <module>
    from kubernetes.client import models as k8s
ModuleNotFoundError: No module named 'kubernetes'
[2024-11-06T18:18:13.611+0700] {logging_mixin.py:190} INFO - [2024-11-06T18:18:13.611+0700] {example_local_kubernetes_executor.py:41} WARNING - Install Kubernetes dependencies with: pip install apache-airflow[cncf.kubernetes]
[2024-11-06T18:18:13.611+0700] {processor.py:927} WARNING - No viable dags retrieved from /home/fawzan/airflow/.venv/lib/python3.10/site-packages/airflow/example_dags/example_local_kubernetes_executor.py
[2024-11-06T18:18:13.618+0700] {processor.py:208} INFO - Processing /home/fawzan/airflow/.venv/lib/python3.10/site-packages/airflow/example_dags/example_local_kubernetes_executor.py took 0.023 seconds
[2024-11-06T18:19:06.901+0700] {processor.py:186} INFO - Started process (PID=4099) to work on /home/fawzan/airflow/.venv/lib/python3.10/site-packages/airflow/example_dags/example_local_kubernetes_executor.py
[2024-11-06T18:19:06.904+0700] {processor.py:914} INFO - Processing file /home/fawzan/airflow/.venv/lib/python3.10/site-packages/airflow/example_dags/example_local_kubernetes_executor.py for tasks to queue
[2024-11-06T18:19:06.907+0700] {logging_mixin.py:190} INFO - [2024-11-06T18:19:06.907+0700] {dagbag.py:588} INFO - Filling up the DagBag from /home/fawzan/airflow/.venv/lib/python3.10/site-packages/airflow/example_dags/example_local_kubernetes_executor.py
[2024-11-06T18:19:06.910+0700] {logging_mixin.py:190} INFO - [2024-11-06T18:19:06.910+0700] {example_local_kubernetes_executor.py:40} WARNING - Could not import DAGs in example_local_kubernetes_executor.py
Traceback (most recent call last):
  File "/home/fawzan/airflow/.venv/lib/python3.10/site-packages/airflow/example_dags/example_local_kubernetes_executor.py", line 38, in <module>
    from kubernetes.client import models as k8s
ModuleNotFoundError: No module named 'kubernetes'
[2024-11-06T18:19:06.911+0700] {logging_mixin.py:190} INFO - [2024-11-06T18:19:06.911+0700] {example_local_kubernetes_executor.py:41} WARNING - Install Kubernetes dependencies with: pip install apache-airflow[cncf.kubernetes]
[2024-11-06T18:19:06.911+0700] {processor.py:927} WARNING - No viable dags retrieved from /home/fawzan/airflow/.venv/lib/python3.10/site-packages/airflow/example_dags/example_local_kubernetes_executor.py
[2024-11-06T18:19:06.920+0700] {processor.py:208} INFO - Processing /home/fawzan/airflow/.venv/lib/python3.10/site-packages/airflow/example_dags/example_local_kubernetes_executor.py took 0.024 seconds
[2024-11-06T18:20:01.325+0700] {processor.py:186} INFO - Started process (PID=4201) to work on /home/fawzan/airflow/.venv/lib/python3.10/site-packages/airflow/example_dags/example_local_kubernetes_executor.py
[2024-11-06T18:20:01.328+0700] {processor.py:914} INFO - Processing file /home/fawzan/airflow/.venv/lib/python3.10/site-packages/airflow/example_dags/example_local_kubernetes_executor.py for tasks to queue
[2024-11-06T18:20:01.330+0700] {logging_mixin.py:190} INFO - [2024-11-06T18:20:01.330+0700] {dagbag.py:588} INFO - Filling up the DagBag from /home/fawzan/airflow/.venv/lib/python3.10/site-packages/airflow/example_dags/example_local_kubernetes_executor.py
[2024-11-06T18:20:01.333+0700] {logging_mixin.py:190} INFO - [2024-11-06T18:20:01.333+0700] {example_local_kubernetes_executor.py:40} WARNING - Could not import DAGs in example_local_kubernetes_executor.py
Traceback (most recent call last):
  File "/home/fawzan/airflow/.venv/lib/python3.10/site-packages/airflow/example_dags/example_local_kubernetes_executor.py", line 38, in <module>
    from kubernetes.client import models as k8s
ModuleNotFoundError: No module named 'kubernetes'
[2024-11-06T18:20:01.334+0700] {logging_mixin.py:190} INFO - [2024-11-06T18:20:01.334+0700] {example_local_kubernetes_executor.py:41} WARNING - Install Kubernetes dependencies with: pip install apache-airflow[cncf.kubernetes]
[2024-11-06T18:20:01.334+0700] {processor.py:927} WARNING - No viable dags retrieved from /home/fawzan/airflow/.venv/lib/python3.10/site-packages/airflow/example_dags/example_local_kubernetes_executor.py
[2024-11-06T18:20:01.342+0700] {processor.py:208} INFO - Processing /home/fawzan/airflow/.venv/lib/python3.10/site-packages/airflow/example_dags/example_local_kubernetes_executor.py took 0.022 seconds
[2024-11-06T18:21:03.850+0700] {processor.py:186} INFO - Started process (PID=4373) to work on /home/fawzan/airflow/.venv/lib/python3.10/site-packages/airflow/example_dags/example_local_kubernetes_executor.py
[2024-11-06T18:21:03.851+0700] {processor.py:914} INFO - Processing file /home/fawzan/airflow/.venv/lib/python3.10/site-packages/airflow/example_dags/example_local_kubernetes_executor.py for tasks to queue
[2024-11-06T18:21:03.853+0700] {logging_mixin.py:190} INFO - [2024-11-06T18:21:03.853+0700] {dagbag.py:588} INFO - Filling up the DagBag from /home/fawzan/airflow/.venv/lib/python3.10/site-packages/airflow/example_dags/example_local_kubernetes_executor.py
[2024-11-06T18:21:03.855+0700] {logging_mixin.py:190} INFO - [2024-11-06T18:21:03.855+0700] {example_local_kubernetes_executor.py:40} WARNING - Could not import DAGs in example_local_kubernetes_executor.py
Traceback (most recent call last):
  File "/home/fawzan/airflow/.venv/lib/python3.10/site-packages/airflow/example_dags/example_local_kubernetes_executor.py", line 38, in <module>
    from kubernetes.client import models as k8s
ModuleNotFoundError: No module named 'kubernetes'
[2024-11-06T18:21:03.855+0700] {logging_mixin.py:190} INFO - [2024-11-06T18:21:03.855+0700] {example_local_kubernetes_executor.py:41} WARNING - Install Kubernetes dependencies with: pip install apache-airflow[cncf.kubernetes]
[2024-11-06T18:21:03.856+0700] {processor.py:927} WARNING - No viable dags retrieved from /home/fawzan/airflow/.venv/lib/python3.10/site-packages/airflow/example_dags/example_local_kubernetes_executor.py
[2024-11-06T18:21:03.861+0700] {processor.py:208} INFO - Processing /home/fawzan/airflow/.venv/lib/python3.10/site-packages/airflow/example_dags/example_local_kubernetes_executor.py took 0.017 seconds
[2024-11-06T18:22:00.718+0700] {processor.py:186} INFO - Started process (PID=4511) to work on /home/fawzan/airflow/.venv/lib/python3.10/site-packages/airflow/example_dags/example_local_kubernetes_executor.py
[2024-11-06T18:22:00.721+0700] {processor.py:914} INFO - Processing file /home/fawzan/airflow/.venv/lib/python3.10/site-packages/airflow/example_dags/example_local_kubernetes_executor.py for tasks to queue
[2024-11-06T18:22:00.723+0700] {logging_mixin.py:190} INFO - [2024-11-06T18:22:00.723+0700] {dagbag.py:588} INFO - Filling up the DagBag from /home/fawzan/airflow/.venv/lib/python3.10/site-packages/airflow/example_dags/example_local_kubernetes_executor.py
[2024-11-06T18:22:00.726+0700] {logging_mixin.py:190} INFO - [2024-11-06T18:22:00.726+0700] {example_local_kubernetes_executor.py:40} WARNING - Could not import DAGs in example_local_kubernetes_executor.py
Traceback (most recent call last):
  File "/home/fawzan/airflow/.venv/lib/python3.10/site-packages/airflow/example_dags/example_local_kubernetes_executor.py", line 38, in <module>
    from kubernetes.client import models as k8s
ModuleNotFoundError: No module named 'kubernetes'
[2024-11-06T18:22:00.727+0700] {logging_mixin.py:190} INFO - [2024-11-06T18:22:00.727+0700] {example_local_kubernetes_executor.py:41} WARNING - Install Kubernetes dependencies with: pip install apache-airflow[cncf.kubernetes]
[2024-11-06T18:22:00.727+0700] {processor.py:927} WARNING - No viable dags retrieved from /home/fawzan/airflow/.venv/lib/python3.10/site-packages/airflow/example_dags/example_local_kubernetes_executor.py
[2024-11-06T18:22:00.736+0700] {processor.py:208} INFO - Processing /home/fawzan/airflow/.venv/lib/python3.10/site-packages/airflow/example_dags/example_local_kubernetes_executor.py took 0.023 seconds
[2024-11-06T18:22:57.864+0700] {processor.py:186} INFO - Started process (PID=4641) to work on /home/fawzan/airflow/.venv/lib/python3.10/site-packages/airflow/example_dags/example_local_kubernetes_executor.py
[2024-11-06T18:22:57.867+0700] {processor.py:914} INFO - Processing file /home/fawzan/airflow/.venv/lib/python3.10/site-packages/airflow/example_dags/example_local_kubernetes_executor.py for tasks to queue
[2024-11-06T18:22:57.868+0700] {logging_mixin.py:190} INFO - [2024-11-06T18:22:57.868+0700] {dagbag.py:588} INFO - Filling up the DagBag from /home/fawzan/airflow/.venv/lib/python3.10/site-packages/airflow/example_dags/example_local_kubernetes_executor.py
[2024-11-06T18:22:57.870+0700] {logging_mixin.py:190} INFO - [2024-11-06T18:22:57.870+0700] {example_local_kubernetes_executor.py:40} WARNING - Could not import DAGs in example_local_kubernetes_executor.py
Traceback (most recent call last):
  File "/home/fawzan/airflow/.venv/lib/python3.10/site-packages/airflow/example_dags/example_local_kubernetes_executor.py", line 38, in <module>
    from kubernetes.client import models as k8s
ModuleNotFoundError: No module named 'kubernetes'
[2024-11-06T18:22:57.870+0700] {logging_mixin.py:190} INFO - [2024-11-06T18:22:57.870+0700] {example_local_kubernetes_executor.py:41} WARNING - Install Kubernetes dependencies with: pip install apache-airflow[cncf.kubernetes]
[2024-11-06T18:22:57.871+0700] {processor.py:927} WARNING - No viable dags retrieved from /home/fawzan/airflow/.venv/lib/python3.10/site-packages/airflow/example_dags/example_local_kubernetes_executor.py
[2024-11-06T18:22:57.880+0700] {processor.py:208} INFO - Processing /home/fawzan/airflow/.venv/lib/python3.10/site-packages/airflow/example_dags/example_local_kubernetes_executor.py took 0.020 seconds
[2024-11-06T18:23:52.213+0700] {processor.py:186} INFO - Started process (PID=4733) to work on /home/fawzan/airflow/.venv/lib/python3.10/site-packages/airflow/example_dags/example_local_kubernetes_executor.py
[2024-11-06T18:23:52.217+0700] {processor.py:914} INFO - Processing file /home/fawzan/airflow/.venv/lib/python3.10/site-packages/airflow/example_dags/example_local_kubernetes_executor.py for tasks to queue
[2024-11-06T18:23:52.218+0700] {logging_mixin.py:190} INFO - [2024-11-06T18:23:52.218+0700] {dagbag.py:588} INFO - Filling up the DagBag from /home/fawzan/airflow/.venv/lib/python3.10/site-packages/airflow/example_dags/example_local_kubernetes_executor.py
[2024-11-06T18:23:52.222+0700] {logging_mixin.py:190} INFO - [2024-11-06T18:23:52.221+0700] {example_local_kubernetes_executor.py:40} WARNING - Could not import DAGs in example_local_kubernetes_executor.py
Traceback (most recent call last):
  File "/home/fawzan/airflow/.venv/lib/python3.10/site-packages/airflow/example_dags/example_local_kubernetes_executor.py", line 38, in <module>
    from kubernetes.client import models as k8s
ModuleNotFoundError: No module named 'kubernetes'
[2024-11-06T18:23:52.222+0700] {logging_mixin.py:190} INFO - [2024-11-06T18:23:52.222+0700] {example_local_kubernetes_executor.py:41} WARNING - Install Kubernetes dependencies with: pip install apache-airflow[cncf.kubernetes]
[2024-11-06T18:23:52.222+0700] {processor.py:927} WARNING - No viable dags retrieved from /home/fawzan/airflow/.venv/lib/python3.10/site-packages/airflow/example_dags/example_local_kubernetes_executor.py
[2024-11-06T18:23:52.231+0700] {processor.py:208} INFO - Processing /home/fawzan/airflow/.venv/lib/python3.10/site-packages/airflow/example_dags/example_local_kubernetes_executor.py took 0.023 seconds
[2024-11-06T18:32:35.534+0700] {processor.py:186} INFO - Started process (PID=5163) to work on /home/fawzan/airflow/.venv/lib/python3.10/site-packages/airflow/example_dags/example_local_kubernetes_executor.py
[2024-11-06T18:32:35.538+0700] {processor.py:914} INFO - Processing file /home/fawzan/airflow/.venv/lib/python3.10/site-packages/airflow/example_dags/example_local_kubernetes_executor.py for tasks to queue
[2024-11-06T18:32:35.543+0700] {logging_mixin.py:190} INFO - [2024-11-06T18:32:35.542+0700] {dagbag.py:588} INFO - Filling up the DagBag from /home/fawzan/airflow/.venv/lib/python3.10/site-packages/airflow/example_dags/example_local_kubernetes_executor.py
[2024-11-06T18:32:35.549+0700] {logging_mixin.py:190} INFO - [2024-11-06T18:32:35.548+0700] {example_local_kubernetes_executor.py:40} WARNING - Could not import DAGs in example_local_kubernetes_executor.py
Traceback (most recent call last):
  File "/home/fawzan/airflow/.venv/lib/python3.10/site-packages/airflow/example_dags/example_local_kubernetes_executor.py", line 38, in <module>
    from kubernetes.client import models as k8s
ModuleNotFoundError: No module named 'kubernetes'
[2024-11-06T18:32:35.550+0700] {logging_mixin.py:190} INFO - [2024-11-06T18:32:35.549+0700] {example_local_kubernetes_executor.py:41} WARNING - Install Kubernetes dependencies with: pip install apache-airflow[cncf.kubernetes]
[2024-11-06T18:32:35.550+0700] {processor.py:927} WARNING - No viable dags retrieved from /home/fawzan/airflow/.venv/lib/python3.10/site-packages/airflow/example_dags/example_local_kubernetes_executor.py
[2024-11-06T18:32:35.563+0700] {processor.py:208} INFO - Processing /home/fawzan/airflow/.venv/lib/python3.10/site-packages/airflow/example_dags/example_local_kubernetes_executor.py took 0.033 seconds
