[2024-11-06T17:08:13.512+0700] {processor.py:186} INFO - Started process (PID=3857) to work on /home/fawzan/airflow/.venv/lib/python3.10/site-packages/airflow/example_dags/example_params_trigger_ui.py
[2024-11-06T17:08:13.513+0700] {processor.py:914} INFO - Processing file /home/fawzan/airflow/.venv/lib/python3.10/site-packages/airflow/example_dags/example_params_trigger_ui.py for tasks to queue
[2024-11-06T17:08:13.514+0700] {logging_mixin.py:190} INFO - [2024-11-06T17:08:13.514+0700] {dagbag.py:588} INFO - Filling up the DagBag from /home/fawzan/airflow/.venv/lib/python3.10/site-packages/airflow/example_dags/example_params_trigger_ui.py
[2024-11-06T17:08:13.522+0700] {processor.py:925} INFO - DAG(s) 'example_params_trigger_ui' retrieved from /home/fawzan/airflow/.venv/lib/python3.10/site-packages/airflow/example_dags/example_params_trigger_ui.py
[2024-11-06T17:08:13.591+0700] {logging_mixin.py:190} INFO - [2024-11-06T17:08:13.591+0700] {override.py:1900} INFO - Created Permission View: can edit on DAG:example_params_trigger_ui
[2024-11-06T17:08:13.598+0700] {logging_mixin.py:190} INFO - [2024-11-06T17:08:13.598+0700] {override.py:1900} INFO - Created Permission View: can delete on DAG:example_params_trigger_ui
[2024-11-06T17:08:13.604+0700] {logging_mixin.py:190} INFO - [2024-11-06T17:08:13.603+0700] {override.py:1900} INFO - Created Permission View: can read on DAG:example_params_trigger_ui
[2024-11-06T17:08:13.615+0700] {logging_mixin.py:190} INFO - [2024-11-06T17:08:13.615+0700] {override.py:1900} INFO - Created Permission View: can delete on DAG Run:example_params_trigger_ui
[2024-11-06T17:08:13.624+0700] {logging_mixin.py:190} INFO - [2024-11-06T17:08:13.623+0700] {override.py:1900} INFO - Created Permission View: can create on DAG Run:example_params_trigger_ui
[2024-11-06T17:08:13.633+0700] {logging_mixin.py:190} INFO - [2024-11-06T17:08:13.633+0700] {override.py:1900} INFO - Created Permission View: menu access on DAG Run:example_params_trigger_ui
[2024-11-06T17:08:13.640+0700] {logging_mixin.py:190} INFO - [2024-11-06T17:08:13.640+0700] {override.py:1900} INFO - Created Permission View: can read on DAG Run:example_params_trigger_ui
[2024-11-06T17:08:13.641+0700] {logging_mixin.py:190} INFO - [2024-11-06T17:08:13.641+0700] {dag.py:3239} INFO - Sync 1 DAGs
[2024-11-06T17:08:13.652+0700] {logging_mixin.py:190} INFO - [2024-11-06T17:08:13.652+0700] {dag.py:3262} INFO - Creating ORM DAG for example_params_trigger_ui
[2024-11-06T17:08:13.653+0700] {logging_mixin.py:190} INFO - [2024-11-06T17:08:13.653+0700] {dag.py:4180} INFO - Setting next_dagrun for example_params_trigger_ui to None, run_after=None
[2024-11-06T17:08:13.670+0700] {processor.py:208} INFO - Processing /home/fawzan/airflow/.venv/lib/python3.10/site-packages/airflow/example_dags/example_params_trigger_ui.py took 0.165 seconds
[2024-11-06T17:13:41.393+0700] {processor.py:186} INFO - Started process (PID=4015) to work on /home/fawzan/airflow/.venv/lib/python3.10/site-packages/airflow/example_dags/example_params_trigger_ui.py
[2024-11-06T17:13:41.396+0700] {processor.py:914} INFO - Processing file /home/fawzan/airflow/.venv/lib/python3.10/site-packages/airflow/example_dags/example_params_trigger_ui.py for tasks to queue
[2024-11-06T17:13:41.398+0700] {logging_mixin.py:190} INFO - [2024-11-06T17:13:41.398+0700] {dagbag.py:588} INFO - Filling up the DagBag from /home/fawzan/airflow/.venv/lib/python3.10/site-packages/airflow/example_dags/example_params_trigger_ui.py
[2024-11-06T17:13:41.409+0700] {processor.py:925} INFO - DAG(s) 'example_params_trigger_ui' retrieved from /home/fawzan/airflow/.venv/lib/python3.10/site-packages/airflow/example_dags/example_params_trigger_ui.py
[2024-11-06T17:13:41.432+0700] {logging_mixin.py:190} INFO - [2024-11-06T17:13:41.431+0700] {dag.py:3239} INFO - Sync 1 DAGs
[2024-11-06T17:13:41.438+0700] {logging_mixin.py:190} INFO - [2024-11-06T17:13:41.438+0700] {dag.py:4180} INFO - Setting next_dagrun for example_params_trigger_ui to None, run_after=None
[2024-11-06T17:13:41.450+0700] {processor.py:208} INFO - Processing /home/fawzan/airflow/.venv/lib/python3.10/site-packages/airflow/example_dags/example_params_trigger_ui.py took 0.062 seconds
[2024-11-06T17:14:39.314+0700] {processor.py:186} INFO - Started process (PID=4103) to work on /home/fawzan/airflow/.venv/lib/python3.10/site-packages/airflow/example_dags/example_params_trigger_ui.py
[2024-11-06T17:14:39.315+0700] {processor.py:914} INFO - Processing file /home/fawzan/airflow/.venv/lib/python3.10/site-packages/airflow/example_dags/example_params_trigger_ui.py for tasks to queue
[2024-11-06T17:14:39.316+0700] {logging_mixin.py:190} INFO - [2024-11-06T17:14:39.316+0700] {dagbag.py:588} INFO - Filling up the DagBag from /home/fawzan/airflow/.venv/lib/python3.10/site-packages/airflow/example_dags/example_params_trigger_ui.py
[2024-11-06T17:14:39.326+0700] {processor.py:925} INFO - DAG(s) 'example_params_trigger_ui' retrieved from /home/fawzan/airflow/.venv/lib/python3.10/site-packages/airflow/example_dags/example_params_trigger_ui.py
[2024-11-06T17:14:39.359+0700] {logging_mixin.py:190} INFO - [2024-11-06T17:14:39.359+0700] {dag.py:3239} INFO - Sync 1 DAGs
[2024-11-06T17:14:39.367+0700] {logging_mixin.py:190} INFO - [2024-11-06T17:14:39.367+0700] {dag.py:4180} INFO - Setting next_dagrun for example_params_trigger_ui to None, run_after=None
[2024-11-06T17:14:39.382+0700] {processor.py:208} INFO - Processing /home/fawzan/airflow/.venv/lib/python3.10/site-packages/airflow/example_dags/example_params_trigger_ui.py took 0.071 seconds
[2024-11-06T17:15:34.966+0700] {processor.py:186} INFO - Started process (PID=4161) to work on /home/fawzan/airflow/.venv/lib/python3.10/site-packages/airflow/example_dags/example_params_trigger_ui.py
[2024-11-06T17:15:34.969+0700] {processor.py:914} INFO - Processing file /home/fawzan/airflow/.venv/lib/python3.10/site-packages/airflow/example_dags/example_params_trigger_ui.py for tasks to queue
[2024-11-06T17:15:34.971+0700] {logging_mixin.py:190} INFO - [2024-11-06T17:15:34.971+0700] {dagbag.py:588} INFO - Filling up the DagBag from /home/fawzan/airflow/.venv/lib/python3.10/site-packages/airflow/example_dags/example_params_trigger_ui.py
[2024-11-06T17:15:34.982+0700] {processor.py:925} INFO - DAG(s) 'example_params_trigger_ui' retrieved from /home/fawzan/airflow/.venv/lib/python3.10/site-packages/airflow/example_dags/example_params_trigger_ui.py
[2024-11-06T17:15:35.005+0700] {logging_mixin.py:190} INFO - [2024-11-06T17:15:35.004+0700] {dag.py:3239} INFO - Sync 1 DAGs
[2024-11-06T17:15:35.011+0700] {logging_mixin.py:190} INFO - [2024-11-06T17:15:35.011+0700] {dag.py:4180} INFO - Setting next_dagrun for example_params_trigger_ui to None, run_after=None
[2024-11-06T17:15:35.023+0700] {processor.py:208} INFO - Processing /home/fawzan/airflow/.venv/lib/python3.10/site-packages/airflow/example_dags/example_params_trigger_ui.py took 0.062 seconds
[2024-11-06T18:13:30.799+0700] {processor.py:186} INFO - Started process (PID=2759) to work on /home/fawzan/airflow/.venv/lib/python3.10/site-packages/airflow/example_dags/example_params_trigger_ui.py
[2024-11-06T18:13:30.802+0700] {processor.py:914} INFO - Processing file /home/fawzan/airflow/.venv/lib/python3.10/site-packages/airflow/example_dags/example_params_trigger_ui.py for tasks to queue
[2024-11-06T18:13:30.804+0700] {logging_mixin.py:190} INFO - [2024-11-06T18:13:30.803+0700] {dagbag.py:588} INFO - Filling up the DagBag from /home/fawzan/airflow/.venv/lib/python3.10/site-packages/airflow/example_dags/example_params_trigger_ui.py
[2024-11-06T18:13:30.814+0700] {processor.py:925} INFO - DAG(s) 'example_params_trigger_ui' retrieved from /home/fawzan/airflow/.venv/lib/python3.10/site-packages/airflow/example_dags/example_params_trigger_ui.py
[2024-11-06T18:13:30.836+0700] {logging_mixin.py:190} INFO - [2024-11-06T18:13:30.836+0700] {dag.py:3239} INFO - Sync 1 DAGs
[2024-11-06T18:13:30.843+0700] {logging_mixin.py:190} INFO - [2024-11-06T18:13:30.843+0700] {dag.py:4180} INFO - Setting next_dagrun for example_params_trigger_ui to None, run_after=None
[2024-11-06T18:13:30.855+0700] {processor.py:208} INFO - Processing /home/fawzan/airflow/.venv/lib/python3.10/site-packages/airflow/example_dags/example_params_trigger_ui.py took 0.061 seconds
[2024-11-06T18:14:26.230+0700] {processor.py:186} INFO - Started process (PID=3380) to work on /home/fawzan/airflow/.venv/lib/python3.10/site-packages/airflow/example_dags/example_params_trigger_ui.py
[2024-11-06T18:14:26.234+0700] {processor.py:914} INFO - Processing file /home/fawzan/airflow/.venv/lib/python3.10/site-packages/airflow/example_dags/example_params_trigger_ui.py for tasks to queue
[2024-11-06T18:14:26.236+0700] {logging_mixin.py:190} INFO - [2024-11-06T18:14:26.235+0700] {dagbag.py:588} INFO - Filling up the DagBag from /home/fawzan/airflow/.venv/lib/python3.10/site-packages/airflow/example_dags/example_params_trigger_ui.py
[2024-11-06T18:14:26.246+0700] {processor.py:925} INFO - DAG(s) 'example_params_trigger_ui' retrieved from /home/fawzan/airflow/.venv/lib/python3.10/site-packages/airflow/example_dags/example_params_trigger_ui.py
[2024-11-06T18:14:26.279+0700] {logging_mixin.py:190} INFO - [2024-11-06T18:14:26.279+0700] {dag.py:3239} INFO - Sync 1 DAGs
[2024-11-06T18:14:26.288+0700] {logging_mixin.py:190} INFO - [2024-11-06T18:14:26.287+0700] {dag.py:4180} INFO - Setting next_dagrun for example_params_trigger_ui to None, run_after=None
[2024-11-06T18:14:26.300+0700] {processor.py:208} INFO - Processing /home/fawzan/airflow/.venv/lib/python3.10/site-packages/airflow/example_dags/example_params_trigger_ui.py took 0.075 seconds
[2024-11-06T18:15:21.624+0700] {processor.py:186} INFO - Started process (PID=3508) to work on /home/fawzan/airflow/.venv/lib/python3.10/site-packages/airflow/example_dags/example_params_trigger_ui.py
[2024-11-06T18:15:21.628+0700] {processor.py:914} INFO - Processing file /home/fawzan/airflow/.venv/lib/python3.10/site-packages/airflow/example_dags/example_params_trigger_ui.py for tasks to queue
[2024-11-06T18:15:21.630+0700] {logging_mixin.py:190} INFO - [2024-11-06T18:15:21.629+0700] {dagbag.py:588} INFO - Filling up the DagBag from /home/fawzan/airflow/.venv/lib/python3.10/site-packages/airflow/example_dags/example_params_trigger_ui.py
[2024-11-06T18:15:21.640+0700] {processor.py:925} INFO - DAG(s) 'example_params_trigger_ui' retrieved from /home/fawzan/airflow/.venv/lib/python3.10/site-packages/airflow/example_dags/example_params_trigger_ui.py
[2024-11-06T18:15:21.664+0700] {logging_mixin.py:190} INFO - [2024-11-06T18:15:21.664+0700] {dag.py:3239} INFO - Sync 1 DAGs
[2024-11-06T18:15:21.672+0700] {logging_mixin.py:190} INFO - [2024-11-06T18:15:21.671+0700] {dag.py:4180} INFO - Setting next_dagrun for example_params_trigger_ui to None, run_after=None
[2024-11-06T18:15:21.684+0700] {processor.py:208} INFO - Processing /home/fawzan/airflow/.venv/lib/python3.10/site-packages/airflow/example_dags/example_params_trigger_ui.py took 0.066 seconds
[2024-11-06T18:16:37.630+0700] {processor.py:186} INFO - Started process (PID=3770) to work on /home/fawzan/airflow/.venv/lib/python3.10/site-packages/airflow/example_dags/example_params_trigger_ui.py
[2024-11-06T18:16:37.633+0700] {processor.py:914} INFO - Processing file /home/fawzan/airflow/.venv/lib/python3.10/site-packages/airflow/example_dags/example_params_trigger_ui.py for tasks to queue
[2024-11-06T18:16:37.635+0700] {logging_mixin.py:190} INFO - [2024-11-06T18:16:37.635+0700] {dagbag.py:588} INFO - Filling up the DagBag from /home/fawzan/airflow/.venv/lib/python3.10/site-packages/airflow/example_dags/example_params_trigger_ui.py
[2024-11-06T18:16:37.642+0700] {processor.py:925} INFO - DAG(s) 'example_params_trigger_ui' retrieved from /home/fawzan/airflow/.venv/lib/python3.10/site-packages/airflow/example_dags/example_params_trigger_ui.py
[2024-11-06T18:16:37.664+0700] {logging_mixin.py:190} INFO - [2024-11-06T18:16:37.664+0700] {dag.py:3239} INFO - Sync 1 DAGs
[2024-11-06T18:16:37.671+0700] {logging_mixin.py:190} INFO - [2024-11-06T18:16:37.671+0700] {dag.py:4180} INFO - Setting next_dagrun for example_params_trigger_ui to None, run_after=None
[2024-11-06T18:16:37.683+0700] {processor.py:208} INFO - Processing /home/fawzan/airflow/.venv/lib/python3.10/site-packages/airflow/example_dags/example_params_trigger_ui.py took 0.059 seconds
[2024-11-06T18:17:34.228+0700] {processor.py:186} INFO - Started process (PID=3919) to work on /home/fawzan/airflow/.venv/lib/python3.10/site-packages/airflow/example_dags/example_params_trigger_ui.py
[2024-11-06T18:17:34.231+0700] {processor.py:914} INFO - Processing file /home/fawzan/airflow/.venv/lib/python3.10/site-packages/airflow/example_dags/example_params_trigger_ui.py for tasks to queue
[2024-11-06T18:17:34.232+0700] {logging_mixin.py:190} INFO - [2024-11-06T18:17:34.232+0700] {dagbag.py:588} INFO - Filling up the DagBag from /home/fawzan/airflow/.venv/lib/python3.10/site-packages/airflow/example_dags/example_params_trigger_ui.py
[2024-11-06T18:17:34.238+0700] {processor.py:925} INFO - DAG(s) 'example_params_trigger_ui' retrieved from /home/fawzan/airflow/.venv/lib/python3.10/site-packages/airflow/example_dags/example_params_trigger_ui.py
[2024-11-06T18:17:34.261+0700] {logging_mixin.py:190} INFO - [2024-11-06T18:17:34.261+0700] {dag.py:3239} INFO - Sync 1 DAGs
[2024-11-06T18:17:34.269+0700] {logging_mixin.py:190} INFO - [2024-11-06T18:17:34.269+0700] {dag.py:4180} INFO - Setting next_dagrun for example_params_trigger_ui to None, run_after=None
[2024-11-06T18:17:34.282+0700] {processor.py:208} INFO - Processing /home/fawzan/airflow/.venv/lib/python3.10/site-packages/airflow/example_dags/example_params_trigger_ui.py took 0.057 seconds
[2024-11-06T18:18:26.172+0700] {processor.py:186} INFO - Started process (PID=4022) to work on /home/fawzan/airflow/.venv/lib/python3.10/site-packages/airflow/example_dags/example_params_trigger_ui.py
[2024-11-06T18:18:26.175+0700] {processor.py:914} INFO - Processing file /home/fawzan/airflow/.venv/lib/python3.10/site-packages/airflow/example_dags/example_params_trigger_ui.py for tasks to queue
[2024-11-06T18:18:26.177+0700] {logging_mixin.py:190} INFO - [2024-11-06T18:18:26.177+0700] {dagbag.py:588} INFO - Filling up the DagBag from /home/fawzan/airflow/.venv/lib/python3.10/site-packages/airflow/example_dags/example_params_trigger_ui.py
[2024-11-06T18:18:26.188+0700] {processor.py:925} INFO - DAG(s) 'example_params_trigger_ui' retrieved from /home/fawzan/airflow/.venv/lib/python3.10/site-packages/airflow/example_dags/example_params_trigger_ui.py
[2024-11-06T18:18:26.211+0700] {logging_mixin.py:190} INFO - [2024-11-06T18:18:26.210+0700] {dag.py:3239} INFO - Sync 1 DAGs
[2024-11-06T18:18:26.217+0700] {logging_mixin.py:190} INFO - [2024-11-06T18:18:26.217+0700] {dag.py:4180} INFO - Setting next_dagrun for example_params_trigger_ui to None, run_after=None
[2024-11-06T18:18:26.230+0700] {processor.py:208} INFO - Processing /home/fawzan/airflow/.venv/lib/python3.10/site-packages/airflow/example_dags/example_params_trigger_ui.py took 0.062 seconds
[2024-11-06T18:19:18.111+0700] {processor.py:186} INFO - Started process (PID=4125) to work on /home/fawzan/airflow/.venv/lib/python3.10/site-packages/airflow/example_dags/example_params_trigger_ui.py
[2024-11-06T18:19:18.114+0700] {processor.py:914} INFO - Processing file /home/fawzan/airflow/.venv/lib/python3.10/site-packages/airflow/example_dags/example_params_trigger_ui.py for tasks to queue
[2024-11-06T18:19:18.116+0700] {logging_mixin.py:190} INFO - [2024-11-06T18:19:18.116+0700] {dagbag.py:588} INFO - Filling up the DagBag from /home/fawzan/airflow/.venv/lib/python3.10/site-packages/airflow/example_dags/example_params_trigger_ui.py
[2024-11-06T18:19:18.126+0700] {processor.py:925} INFO - DAG(s) 'example_params_trigger_ui' retrieved from /home/fawzan/airflow/.venv/lib/python3.10/site-packages/airflow/example_dags/example_params_trigger_ui.py
[2024-11-06T18:19:18.148+0700] {logging_mixin.py:190} INFO - [2024-11-06T18:19:18.148+0700] {dag.py:3239} INFO - Sync 1 DAGs
[2024-11-06T18:19:18.155+0700] {logging_mixin.py:190} INFO - [2024-11-06T18:19:18.155+0700] {dag.py:4180} INFO - Setting next_dagrun for example_params_trigger_ui to None, run_after=None
[2024-11-06T18:19:18.167+0700] {processor.py:208} INFO - Processing /home/fawzan/airflow/.venv/lib/python3.10/site-packages/airflow/example_dags/example_params_trigger_ui.py took 0.063 seconds
[2024-11-06T18:20:13.464+0700] {processor.py:186} INFO - Started process (PID=4224) to work on /home/fawzan/airflow/.venv/lib/python3.10/site-packages/airflow/example_dags/example_params_trigger_ui.py
[2024-11-06T18:20:13.467+0700] {processor.py:914} INFO - Processing file /home/fawzan/airflow/.venv/lib/python3.10/site-packages/airflow/example_dags/example_params_trigger_ui.py for tasks to queue
[2024-11-06T18:20:13.469+0700] {logging_mixin.py:190} INFO - [2024-11-06T18:20:13.469+0700] {dagbag.py:588} INFO - Filling up the DagBag from /home/fawzan/airflow/.venv/lib/python3.10/site-packages/airflow/example_dags/example_params_trigger_ui.py
[2024-11-06T18:20:13.479+0700] {processor.py:925} INFO - DAG(s) 'example_params_trigger_ui' retrieved from /home/fawzan/airflow/.venv/lib/python3.10/site-packages/airflow/example_dags/example_params_trigger_ui.py
[2024-11-06T18:20:13.502+0700] {logging_mixin.py:190} INFO - [2024-11-06T18:20:13.502+0700] {dag.py:3239} INFO - Sync 1 DAGs
[2024-11-06T18:20:13.508+0700] {logging_mixin.py:190} INFO - [2024-11-06T18:20:13.508+0700] {dag.py:4180} INFO - Setting next_dagrun for example_params_trigger_ui to None, run_after=None
[2024-11-06T18:20:13.521+0700] {processor.py:208} INFO - Processing /home/fawzan/airflow/.venv/lib/python3.10/site-packages/airflow/example_dags/example_params_trigger_ui.py took 0.062 seconds
[2024-11-06T18:21:20.424+0700] {processor.py:186} INFO - Started process (PID=4444) to work on /home/fawzan/airflow/.venv/lib/python3.10/site-packages/airflow/example_dags/example_params_trigger_ui.py
[2024-11-06T18:21:20.428+0700] {processor.py:914} INFO - Processing file /home/fawzan/airflow/.venv/lib/python3.10/site-packages/airflow/example_dags/example_params_trigger_ui.py for tasks to queue
[2024-11-06T18:21:20.430+0700] {logging_mixin.py:190} INFO - [2024-11-06T18:21:20.429+0700] {dagbag.py:588} INFO - Filling up the DagBag from /home/fawzan/airflow/.venv/lib/python3.10/site-packages/airflow/example_dags/example_params_trigger_ui.py
[2024-11-06T18:21:20.440+0700] {processor.py:925} INFO - DAG(s) 'example_params_trigger_ui' retrieved from /home/fawzan/airflow/.venv/lib/python3.10/site-packages/airflow/example_dags/example_params_trigger_ui.py
[2024-11-06T18:21:20.463+0700] {logging_mixin.py:190} INFO - [2024-11-06T18:21:20.462+0700] {dag.py:3239} INFO - Sync 1 DAGs
[2024-11-06T18:21:20.469+0700] {logging_mixin.py:190} INFO - [2024-11-06T18:21:20.469+0700] {dag.py:4180} INFO - Setting next_dagrun for example_params_trigger_ui to None, run_after=None
[2024-11-06T18:21:20.481+0700] {processor.py:208} INFO - Processing /home/fawzan/airflow/.venv/lib/python3.10/site-packages/airflow/example_dags/example_params_trigger_ui.py took 0.063 seconds
[2024-11-06T18:22:17.556+0700] {processor.py:186} INFO - Started process (PID=4564) to work on /home/fawzan/airflow/.venv/lib/python3.10/site-packages/airflow/example_dags/example_params_trigger_ui.py
[2024-11-06T18:22:17.560+0700] {processor.py:914} INFO - Processing file /home/fawzan/airflow/.venv/lib/python3.10/site-packages/airflow/example_dags/example_params_trigger_ui.py for tasks to queue
[2024-11-06T18:22:17.562+0700] {logging_mixin.py:190} INFO - [2024-11-06T18:22:17.561+0700] {dagbag.py:588} INFO - Filling up the DagBag from /home/fawzan/airflow/.venv/lib/python3.10/site-packages/airflow/example_dags/example_params_trigger_ui.py
[2024-11-06T18:22:17.571+0700] {processor.py:925} INFO - DAG(s) 'example_params_trigger_ui' retrieved from /home/fawzan/airflow/.venv/lib/python3.10/site-packages/airflow/example_dags/example_params_trigger_ui.py
[2024-11-06T18:22:17.592+0700] {logging_mixin.py:190} INFO - [2024-11-06T18:22:17.592+0700] {dag.py:3239} INFO - Sync 1 DAGs
[2024-11-06T18:22:17.599+0700] {logging_mixin.py:190} INFO - [2024-11-06T18:22:17.599+0700] {dag.py:4180} INFO - Setting next_dagrun for example_params_trigger_ui to None, run_after=None
[2024-11-06T18:22:17.611+0700] {processor.py:208} INFO - Processing /home/fawzan/airflow/.venv/lib/python3.10/site-packages/airflow/example_dags/example_params_trigger_ui.py took 0.060 seconds
[2024-11-06T18:23:10.649+0700] {processor.py:186} INFO - Started process (PID=4658) to work on /home/fawzan/airflow/.venv/lib/python3.10/site-packages/airflow/example_dags/example_params_trigger_ui.py
[2024-11-06T18:23:10.652+0700] {processor.py:914} INFO - Processing file /home/fawzan/airflow/.venv/lib/python3.10/site-packages/airflow/example_dags/example_params_trigger_ui.py for tasks to queue
[2024-11-06T18:23:10.655+0700] {logging_mixin.py:190} INFO - [2024-11-06T18:23:10.654+0700] {dagbag.py:588} INFO - Filling up the DagBag from /home/fawzan/airflow/.venv/lib/python3.10/site-packages/airflow/example_dags/example_params_trigger_ui.py
[2024-11-06T18:23:10.665+0700] {processor.py:925} INFO - DAG(s) 'example_params_trigger_ui' retrieved from /home/fawzan/airflow/.venv/lib/python3.10/site-packages/airflow/example_dags/example_params_trigger_ui.py
[2024-11-06T18:23:10.687+0700] {logging_mixin.py:190} INFO - [2024-11-06T18:23:10.687+0700] {dag.py:3239} INFO - Sync 1 DAGs
[2024-11-06T18:23:10.694+0700] {logging_mixin.py:190} INFO - [2024-11-06T18:23:10.694+0700] {dag.py:4180} INFO - Setting next_dagrun for example_params_trigger_ui to None, run_after=None
[2024-11-06T18:23:10.706+0700] {processor.py:208} INFO - Processing /home/fawzan/airflow/.venv/lib/python3.10/site-packages/airflow/example_dags/example_params_trigger_ui.py took 0.063 seconds
[2024-11-06T18:24:06.575+0700] {processor.py:186} INFO - Started process (PID=4769) to work on /home/fawzan/airflow/.venv/lib/python3.10/site-packages/airflow/example_dags/example_params_trigger_ui.py
[2024-11-06T18:24:06.575+0700] {processor.py:914} INFO - Processing file /home/fawzan/airflow/.venv/lib/python3.10/site-packages/airflow/example_dags/example_params_trigger_ui.py for tasks to queue
[2024-11-06T18:24:06.577+0700] {logging_mixin.py:190} INFO - [2024-11-06T18:24:06.577+0700] {dagbag.py:588} INFO - Filling up the DagBag from /home/fawzan/airflow/.venv/lib/python3.10/site-packages/airflow/example_dags/example_params_trigger_ui.py
[2024-11-06T18:24:06.584+0700] {processor.py:925} INFO - DAG(s) 'example_params_trigger_ui' retrieved from /home/fawzan/airflow/.venv/lib/python3.10/site-packages/airflow/example_dags/example_params_trigger_ui.py
[2024-11-06T18:24:06.605+0700] {logging_mixin.py:190} INFO - [2024-11-06T18:24:06.605+0700] {dag.py:3239} INFO - Sync 1 DAGs
[2024-11-06T18:24:06.612+0700] {logging_mixin.py:190} INFO - [2024-11-06T18:24:06.612+0700] {dag.py:4180} INFO - Setting next_dagrun for example_params_trigger_ui to None, run_after=None
[2024-11-06T18:24:06.624+0700] {processor.py:208} INFO - Processing /home/fawzan/airflow/.venv/lib/python3.10/site-packages/airflow/example_dags/example_params_trigger_ui.py took 0.055 seconds
[2024-11-06T18:32:47.347+0700] {processor.py:186} INFO - Started process (PID=5195) to work on /home/fawzan/airflow/.venv/lib/python3.10/site-packages/airflow/example_dags/example_params_trigger_ui.py
[2024-11-06T18:32:47.349+0700] {processor.py:914} INFO - Processing file /home/fawzan/airflow/.venv/lib/python3.10/site-packages/airflow/example_dags/example_params_trigger_ui.py for tasks to queue
[2024-11-06T18:32:47.352+0700] {logging_mixin.py:190} INFO - [2024-11-06T18:32:47.351+0700] {dagbag.py:588} INFO - Filling up the DagBag from /home/fawzan/airflow/.venv/lib/python3.10/site-packages/airflow/example_dags/example_params_trigger_ui.py
[2024-11-06T18:32:47.363+0700] {processor.py:925} INFO - DAG(s) 'example_params_trigger_ui' retrieved from /home/fawzan/airflow/.venv/lib/python3.10/site-packages/airflow/example_dags/example_params_trigger_ui.py
[2024-11-06T18:32:47.386+0700] {logging_mixin.py:190} INFO - [2024-11-06T18:32:47.386+0700] {dag.py:3239} INFO - Sync 1 DAGs
[2024-11-06T18:32:47.393+0700] {logging_mixin.py:190} INFO - [2024-11-06T18:32:47.393+0700] {dag.py:4180} INFO - Setting next_dagrun for example_params_trigger_ui to None, run_after=None
[2024-11-06T18:32:47.406+0700] {processor.py:208} INFO - Processing /home/fawzan/airflow/.venv/lib/python3.10/site-packages/airflow/example_dags/example_params_trigger_ui.py took 0.065 seconds
