[2024-11-06T17:08:08.487+0700] {processor.py:186} INFO - Started process (PID=3853) to work on /home/fawzan/airflow/.venv/lib/python3.10/site-packages/airflow/example_dags/example_kubernetes_executor.py
[2024-11-06T17:08:08.487+0700] {processor.py:914} INFO - Processing file /home/fawzan/airflow/.venv/lib/python3.10/site-packages/airflow/example_dags/example_kubernetes_executor.py for tasks to queue
[2024-11-06T17:08:08.488+0700] {logging_mixin.py:190} INFO - [2024-11-06T17:08:08.488+0700] {dagbag.py:588} INFO - Filling up the DagBag from /home/fawzan/airflow/.venv/lib/python3.10/site-packages/airflow/example_dags/example_kubernetes_executor.py
[2024-11-06T17:08:08.490+0700] {logging_mixin.py:190} INFO - [2024-11-06T17:08:08.489+0700] {example_kubernetes_executor.py:39} WARNING - The example_kubernetes_executor example DAG requires the kubernetes provider. Please install it with: pip install apache-airflow[cncf.kubernetes]
[2024-11-06T17:08:08.490+0700] {processor.py:927} WARNING - No viable dags retrieved from /home/fawzan/airflow/.venv/lib/python3.10/site-packages/airflow/example_dags/example_kubernetes_executor.py
[2024-11-06T17:08:08.495+0700] {processor.py:208} INFO - Processing /home/fawzan/airflow/.venv/lib/python3.10/site-packages/airflow/example_dags/example_kubernetes_executor.py took 0.013 seconds
[2024-11-06T17:13:38.526+0700] {processor.py:186} INFO - Started process (PID=4010) to work on /home/fawzan/airflow/.venv/lib/python3.10/site-packages/airflow/example_dags/example_kubernetes_executor.py
[2024-11-06T17:13:38.529+0700] {processor.py:914} INFO - Processing file /home/fawzan/airflow/.venv/lib/python3.10/site-packages/airflow/example_dags/example_kubernetes_executor.py for tasks to queue
[2024-11-06T17:13:38.532+0700] {logging_mixin.py:190} INFO - [2024-11-06T17:13:38.531+0700] {dagbag.py:588} INFO - Filling up the DagBag from /home/fawzan/airflow/.venv/lib/python3.10/site-packages/airflow/example_dags/example_kubernetes_executor.py
[2024-11-06T17:13:38.535+0700] {logging_mixin.py:190} INFO - [2024-11-06T17:13:38.534+0700] {example_kubernetes_executor.py:39} WARNING - The example_kubernetes_executor example DAG requires the kubernetes provider. Please install it with: pip install apache-airflow[cncf.kubernetes]
[2024-11-06T17:13:38.535+0700] {processor.py:927} WARNING - No viable dags retrieved from /home/fawzan/airflow/.venv/lib/python3.10/site-packages/airflow/example_dags/example_kubernetes_executor.py
[2024-11-06T17:13:38.543+0700] {processor.py:208} INFO - Processing /home/fawzan/airflow/.venv/lib/python3.10/site-packages/airflow/example_dags/example_kubernetes_executor.py took 0.023 seconds
[2024-11-06T17:14:35.368+0700] {processor.py:186} INFO - Started process (PID=4089) to work on /home/fawzan/airflow/.venv/lib/python3.10/site-packages/airflow/example_dags/example_kubernetes_executor.py
[2024-11-06T17:14:35.369+0700] {processor.py:914} INFO - Processing file /home/fawzan/airflow/.venv/lib/python3.10/site-packages/airflow/example_dags/example_kubernetes_executor.py for tasks to queue
[2024-11-06T17:14:35.370+0700] {logging_mixin.py:190} INFO - [2024-11-06T17:14:35.370+0700] {dagbag.py:588} INFO - Filling up the DagBag from /home/fawzan/airflow/.venv/lib/python3.10/site-packages/airflow/example_dags/example_kubernetes_executor.py
[2024-11-06T17:14:35.373+0700] {logging_mixin.py:190} INFO - [2024-11-06T17:14:35.373+0700] {example_kubernetes_executor.py:39} WARNING - The example_kubernetes_executor example DAG requires the kubernetes provider. Please install it with: pip install apache-airflow[cncf.kubernetes]
[2024-11-06T17:14:35.373+0700] {processor.py:927} WARNING - No viable dags retrieved from /home/fawzan/airflow/.venv/lib/python3.10/site-packages/airflow/example_dags/example_kubernetes_executor.py
[2024-11-06T17:14:35.381+0700] {processor.py:208} INFO - Processing /home/fawzan/airflow/.venv/lib/python3.10/site-packages/airflow/example_dags/example_kubernetes_executor.py took 0.016 seconds
[2024-11-06T17:15:30.455+0700] {processor.py:186} INFO - Started process (PID=4157) to work on /home/fawzan/airflow/.venv/lib/python3.10/site-packages/airflow/example_dags/example_kubernetes_executor.py
[2024-11-06T17:15:30.458+0700] {processor.py:914} INFO - Processing file /home/fawzan/airflow/.venv/lib/python3.10/site-packages/airflow/example_dags/example_kubernetes_executor.py for tasks to queue
[2024-11-06T17:15:30.460+0700] {logging_mixin.py:190} INFO - [2024-11-06T17:15:30.460+0700] {dagbag.py:588} INFO - Filling up the DagBag from /home/fawzan/airflow/.venv/lib/python3.10/site-packages/airflow/example_dags/example_kubernetes_executor.py
[2024-11-06T17:15:30.463+0700] {logging_mixin.py:190} INFO - [2024-11-06T17:15:30.463+0700] {example_kubernetes_executor.py:39} WARNING - The example_kubernetes_executor example DAG requires the kubernetes provider. Please install it with: pip install apache-airflow[cncf.kubernetes]
[2024-11-06T17:15:30.463+0700] {processor.py:927} WARNING - No viable dags retrieved from /home/fawzan/airflow/.venv/lib/python3.10/site-packages/airflow/example_dags/example_kubernetes_executor.py
[2024-11-06T17:15:30.472+0700] {processor.py:208} INFO - Processing /home/fawzan/airflow/.venv/lib/python3.10/site-packages/airflow/example_dags/example_kubernetes_executor.py took 0.023 seconds
[2024-11-06T18:13:26.787+0700] {processor.py:186} INFO - Started process (PID=2752) to work on /home/fawzan/airflow/.venv/lib/python3.10/site-packages/airflow/example_dags/example_kubernetes_executor.py
[2024-11-06T18:13:26.790+0700] {processor.py:914} INFO - Processing file /home/fawzan/airflow/.venv/lib/python3.10/site-packages/airflow/example_dags/example_kubernetes_executor.py for tasks to queue
[2024-11-06T18:13:26.793+0700] {logging_mixin.py:190} INFO - [2024-11-06T18:13:26.792+0700] {dagbag.py:588} INFO - Filling up the DagBag from /home/fawzan/airflow/.venv/lib/python3.10/site-packages/airflow/example_dags/example_kubernetes_executor.py
[2024-11-06T18:13:26.795+0700] {logging_mixin.py:190} INFO - [2024-11-06T18:13:26.795+0700] {example_kubernetes_executor.py:39} WARNING - The example_kubernetes_executor example DAG requires the kubernetes provider. Please install it with: pip install apache-airflow[cncf.kubernetes]
[2024-11-06T18:13:26.796+0700] {processor.py:927} WARNING - No viable dags retrieved from /home/fawzan/airflow/.venv/lib/python3.10/site-packages/airflow/example_dags/example_kubernetes_executor.py
[2024-11-06T18:13:26.804+0700] {processor.py:208} INFO - Processing /home/fawzan/airflow/.venv/lib/python3.10/site-packages/airflow/example_dags/example_kubernetes_executor.py took 0.022 seconds
[2024-11-06T18:14:22.233+0700] {processor.py:186} INFO - Started process (PID=3345) to work on /home/fawzan/airflow/.venv/lib/python3.10/site-packages/airflow/example_dags/example_kubernetes_executor.py
[2024-11-06T18:14:22.237+0700] {processor.py:914} INFO - Processing file /home/fawzan/airflow/.venv/lib/python3.10/site-packages/airflow/example_dags/example_kubernetes_executor.py for tasks to queue
[2024-11-06T18:14:22.239+0700] {logging_mixin.py:190} INFO - [2024-11-06T18:14:22.238+0700] {dagbag.py:588} INFO - Filling up the DagBag from /home/fawzan/airflow/.venv/lib/python3.10/site-packages/airflow/example_dags/example_kubernetes_executor.py
[2024-11-06T18:14:22.242+0700] {logging_mixin.py:190} INFO - [2024-11-06T18:14:22.241+0700] {example_kubernetes_executor.py:39} WARNING - The example_kubernetes_executor example DAG requires the kubernetes provider. Please install it with: pip install apache-airflow[cncf.kubernetes]
[2024-11-06T18:14:22.242+0700] {processor.py:927} WARNING - No viable dags retrieved from /home/fawzan/airflow/.venv/lib/python3.10/site-packages/airflow/example_dags/example_kubernetes_executor.py
[2024-11-06T18:14:22.251+0700] {processor.py:208} INFO - Processing /home/fawzan/airflow/.venv/lib/python3.10/site-packages/airflow/example_dags/example_kubernetes_executor.py took 0.022 seconds
[2024-11-06T18:15:17.790+0700] {processor.py:186} INFO - Started process (PID=3502) to work on /home/fawzan/airflow/.venv/lib/python3.10/site-packages/airflow/example_dags/example_kubernetes_executor.py
[2024-11-06T18:15:17.793+0700] {processor.py:914} INFO - Processing file /home/fawzan/airflow/.venv/lib/python3.10/site-packages/airflow/example_dags/example_kubernetes_executor.py for tasks to queue
[2024-11-06T18:15:17.795+0700] {logging_mixin.py:190} INFO - [2024-11-06T18:15:17.794+0700] {dagbag.py:588} INFO - Filling up the DagBag from /home/fawzan/airflow/.venv/lib/python3.10/site-packages/airflow/example_dags/example_kubernetes_executor.py
[2024-11-06T18:15:17.798+0700] {logging_mixin.py:190} INFO - [2024-11-06T18:15:17.798+0700] {example_kubernetes_executor.py:39} WARNING - The example_kubernetes_executor example DAG requires the kubernetes provider. Please install it with: pip install apache-airflow[cncf.kubernetes]
[2024-11-06T18:15:17.798+0700] {processor.py:927} WARNING - No viable dags retrieved from /home/fawzan/airflow/.venv/lib/python3.10/site-packages/airflow/example_dags/example_kubernetes_executor.py
[2024-11-06T18:15:17.807+0700] {processor.py:208} INFO - Processing /home/fawzan/airflow/.venv/lib/python3.10/site-packages/airflow/example_dags/example_kubernetes_executor.py took 0.023 seconds
[2024-11-06T18:16:33.635+0700] {processor.py:186} INFO - Started process (PID=3763) to work on /home/fawzan/airflow/.venv/lib/python3.10/site-packages/airflow/example_dags/example_kubernetes_executor.py
[2024-11-06T18:16:33.638+0700] {processor.py:914} INFO - Processing file /home/fawzan/airflow/.venv/lib/python3.10/site-packages/airflow/example_dags/example_kubernetes_executor.py for tasks to queue
[2024-11-06T18:16:33.640+0700] {logging_mixin.py:190} INFO - [2024-11-06T18:16:33.639+0700] {dagbag.py:588} INFO - Filling up the DagBag from /home/fawzan/airflow/.venv/lib/python3.10/site-packages/airflow/example_dags/example_kubernetes_executor.py
[2024-11-06T18:16:33.643+0700] {logging_mixin.py:190} INFO - [2024-11-06T18:16:33.643+0700] {example_kubernetes_executor.py:39} WARNING - The example_kubernetes_executor example DAG requires the kubernetes provider. Please install it with: pip install apache-airflow[cncf.kubernetes]
[2024-11-06T18:16:33.643+0700] {processor.py:927} WARNING - No viable dags retrieved from /home/fawzan/airflow/.venv/lib/python3.10/site-packages/airflow/example_dags/example_kubernetes_executor.py
[2024-11-06T18:16:33.652+0700] {processor.py:208} INFO - Processing /home/fawzan/airflow/.venv/lib/python3.10/site-packages/airflow/example_dags/example_kubernetes_executor.py took 0.022 seconds
[2024-11-06T18:17:30.571+0700] {processor.py:186} INFO - Started process (PID=3908) to work on /home/fawzan/airflow/.venv/lib/python3.10/site-packages/airflow/example_dags/example_kubernetes_executor.py
[2024-11-06T18:17:30.574+0700] {processor.py:914} INFO - Processing file /home/fawzan/airflow/.venv/lib/python3.10/site-packages/airflow/example_dags/example_kubernetes_executor.py for tasks to queue
[2024-11-06T18:17:30.576+0700] {logging_mixin.py:190} INFO - [2024-11-06T18:17:30.576+0700] {dagbag.py:588} INFO - Filling up the DagBag from /home/fawzan/airflow/.venv/lib/python3.10/site-packages/airflow/example_dags/example_kubernetes_executor.py
[2024-11-06T18:17:30.579+0700] {logging_mixin.py:190} INFO - [2024-11-06T18:17:30.579+0700] {example_kubernetes_executor.py:39} WARNING - The example_kubernetes_executor example DAG requires the kubernetes provider. Please install it with: pip install apache-airflow[cncf.kubernetes]
[2024-11-06T18:17:30.579+0700] {processor.py:927} WARNING - No viable dags retrieved from /home/fawzan/airflow/.venv/lib/python3.10/site-packages/airflow/example_dags/example_kubernetes_executor.py
[2024-11-06T18:17:30.587+0700] {processor.py:208} INFO - Processing /home/fawzan/airflow/.venv/lib/python3.10/site-packages/airflow/example_dags/example_kubernetes_executor.py took 0.022 seconds
[2024-11-06T18:18:22.260+0700] {processor.py:186} INFO - Started process (PID=4014) to work on /home/fawzan/airflow/.venv/lib/python3.10/site-packages/airflow/example_dags/example_kubernetes_executor.py
[2024-11-06T18:18:22.264+0700] {processor.py:914} INFO - Processing file /home/fawzan/airflow/.venv/lib/python3.10/site-packages/airflow/example_dags/example_kubernetes_executor.py for tasks to queue
[2024-11-06T18:18:22.266+0700] {logging_mixin.py:190} INFO - [2024-11-06T18:18:22.265+0700] {dagbag.py:588} INFO - Filling up the DagBag from /home/fawzan/airflow/.venv/lib/python3.10/site-packages/airflow/example_dags/example_kubernetes_executor.py
[2024-11-06T18:18:22.269+0700] {logging_mixin.py:190} INFO - [2024-11-06T18:18:22.268+0700] {example_kubernetes_executor.py:39} WARNING - The example_kubernetes_executor example DAG requires the kubernetes provider. Please install it with: pip install apache-airflow[cncf.kubernetes]
[2024-11-06T18:18:22.269+0700] {processor.py:927} WARNING - No viable dags retrieved from /home/fawzan/airflow/.venv/lib/python3.10/site-packages/airflow/example_dags/example_kubernetes_executor.py
[2024-11-06T18:18:22.277+0700] {processor.py:208} INFO - Processing /home/fawzan/airflow/.venv/lib/python3.10/site-packages/airflow/example_dags/example_kubernetes_executor.py took 0.022 seconds
[2024-11-06T18:19:14.714+0700] {processor.py:186} INFO - Started process (PID=4118) to work on /home/fawzan/airflow/.venv/lib/python3.10/site-packages/airflow/example_dags/example_kubernetes_executor.py
[2024-11-06T18:19:14.717+0700] {processor.py:914} INFO - Processing file /home/fawzan/airflow/.venv/lib/python3.10/site-packages/airflow/example_dags/example_kubernetes_executor.py for tasks to queue
[2024-11-06T18:19:14.719+0700] {logging_mixin.py:190} INFO - [2024-11-06T18:19:14.719+0700] {dagbag.py:588} INFO - Filling up the DagBag from /home/fawzan/airflow/.venv/lib/python3.10/site-packages/airflow/example_dags/example_kubernetes_executor.py
[2024-11-06T18:19:14.722+0700] {logging_mixin.py:190} INFO - [2024-11-06T18:19:14.722+0700] {example_kubernetes_executor.py:39} WARNING - The example_kubernetes_executor example DAG requires the kubernetes provider. Please install it with: pip install apache-airflow[cncf.kubernetes]
[2024-11-06T18:19:14.723+0700] {processor.py:927} WARNING - No viable dags retrieved from /home/fawzan/airflow/.venv/lib/python3.10/site-packages/airflow/example_dags/example_kubernetes_executor.py
[2024-11-06T18:19:14.732+0700] {processor.py:208} INFO - Processing /home/fawzan/airflow/.venv/lib/python3.10/site-packages/airflow/example_dags/example_kubernetes_executor.py took 0.023 seconds
[2024-11-06T18:20:09.242+0700] {processor.py:186} INFO - Started process (PID=4216) to work on /home/fawzan/airflow/.venv/lib/python3.10/site-packages/airflow/example_dags/example_kubernetes_executor.py
[2024-11-06T18:20:09.246+0700] {processor.py:914} INFO - Processing file /home/fawzan/airflow/.venv/lib/python3.10/site-packages/airflow/example_dags/example_kubernetes_executor.py for tasks to queue
[2024-11-06T18:20:09.248+0700] {logging_mixin.py:190} INFO - [2024-11-06T18:20:09.247+0700] {dagbag.py:588} INFO - Filling up the DagBag from /home/fawzan/airflow/.venv/lib/python3.10/site-packages/airflow/example_dags/example_kubernetes_executor.py
[2024-11-06T18:20:09.251+0700] {logging_mixin.py:190} INFO - [2024-11-06T18:20:09.250+0700] {example_kubernetes_executor.py:39} WARNING - The example_kubernetes_executor example DAG requires the kubernetes provider. Please install it with: pip install apache-airflow[cncf.kubernetes]
[2024-11-06T18:20:09.251+0700] {processor.py:927} WARNING - No viable dags retrieved from /home/fawzan/airflow/.venv/lib/python3.10/site-packages/airflow/example_dags/example_kubernetes_executor.py
[2024-11-06T18:20:09.259+0700] {processor.py:208} INFO - Processing /home/fawzan/airflow/.venv/lib/python3.10/site-packages/airflow/example_dags/example_kubernetes_executor.py took 0.023 seconds
[2024-11-06T18:21:16.602+0700] {processor.py:186} INFO - Started process (PID=4437) to work on /home/fawzan/airflow/.venv/lib/python3.10/site-packages/airflow/example_dags/example_kubernetes_executor.py
[2024-11-06T18:21:16.605+0700] {processor.py:914} INFO - Processing file /home/fawzan/airflow/.venv/lib/python3.10/site-packages/airflow/example_dags/example_kubernetes_executor.py for tasks to queue
[2024-11-06T18:21:16.607+0700] {logging_mixin.py:190} INFO - [2024-11-06T18:21:16.607+0700] {dagbag.py:588} INFO - Filling up the DagBag from /home/fawzan/airflow/.venv/lib/python3.10/site-packages/airflow/example_dags/example_kubernetes_executor.py
[2024-11-06T18:21:16.610+0700] {logging_mixin.py:190} INFO - [2024-11-06T18:21:16.610+0700] {example_kubernetes_executor.py:39} WARNING - The example_kubernetes_executor example DAG requires the kubernetes provider. Please install it with: pip install apache-airflow[cncf.kubernetes]
[2024-11-06T18:21:16.610+0700] {processor.py:927} WARNING - No viable dags retrieved from /home/fawzan/airflow/.venv/lib/python3.10/site-packages/airflow/example_dags/example_kubernetes_executor.py
[2024-11-06T18:21:16.619+0700] {processor.py:208} INFO - Processing /home/fawzan/airflow/.venv/lib/python3.10/site-packages/airflow/example_dags/example_kubernetes_executor.py took 0.022 seconds
[2024-11-06T18:22:13.554+0700] {processor.py:186} INFO - Started process (PID=4538) to work on /home/fawzan/airflow/.venv/lib/python3.10/site-packages/airflow/example_dags/example_kubernetes_executor.py
[2024-11-06T18:22:13.557+0700] {processor.py:914} INFO - Processing file /home/fawzan/airflow/.venv/lib/python3.10/site-packages/airflow/example_dags/example_kubernetes_executor.py for tasks to queue
[2024-11-06T18:22:13.560+0700] {logging_mixin.py:190} INFO - [2024-11-06T18:22:13.559+0700] {dagbag.py:588} INFO - Filling up the DagBag from /home/fawzan/airflow/.venv/lib/python3.10/site-packages/airflow/example_dags/example_kubernetes_executor.py
[2024-11-06T18:22:13.562+0700] {logging_mixin.py:190} INFO - [2024-11-06T18:22:13.562+0700] {example_kubernetes_executor.py:39} WARNING - The example_kubernetes_executor example DAG requires the kubernetes provider. Please install it with: pip install apache-airflow[cncf.kubernetes]
[2024-11-06T18:22:13.563+0700] {processor.py:927} WARNING - No viable dags retrieved from /home/fawzan/airflow/.venv/lib/python3.10/site-packages/airflow/example_dags/example_kubernetes_executor.py
[2024-11-06T18:22:13.571+0700] {processor.py:208} INFO - Processing /home/fawzan/airflow/.venv/lib/python3.10/site-packages/airflow/example_dags/example_kubernetes_executor.py took 0.021 seconds
[2024-11-06T18:23:06.639+0700] {processor.py:186} INFO - Started process (PID=4652) to work on /home/fawzan/airflow/.venv/lib/python3.10/site-packages/airflow/example_dags/example_kubernetes_executor.py
[2024-11-06T18:23:06.642+0700] {processor.py:914} INFO - Processing file /home/fawzan/airflow/.venv/lib/python3.10/site-packages/airflow/example_dags/example_kubernetes_executor.py for tasks to queue
[2024-11-06T18:23:06.644+0700] {logging_mixin.py:190} INFO - [2024-11-06T18:23:06.644+0700] {dagbag.py:588} INFO - Filling up the DagBag from /home/fawzan/airflow/.venv/lib/python3.10/site-packages/airflow/example_dags/example_kubernetes_executor.py
[2024-11-06T18:23:06.647+0700] {logging_mixin.py:190} INFO - [2024-11-06T18:23:06.647+0700] {example_kubernetes_executor.py:39} WARNING - The example_kubernetes_executor example DAG requires the kubernetes provider. Please install it with: pip install apache-airflow[cncf.kubernetes]
[2024-11-06T18:23:06.647+0700] {processor.py:927} WARNING - No viable dags retrieved from /home/fawzan/airflow/.venv/lib/python3.10/site-packages/airflow/example_dags/example_kubernetes_executor.py
[2024-11-06T18:23:06.656+0700] {processor.py:208} INFO - Processing /home/fawzan/airflow/.venv/lib/python3.10/site-packages/airflow/example_dags/example_kubernetes_executor.py took 0.022 seconds
[2024-11-06T18:24:02.811+0700] {processor.py:186} INFO - Started process (PID=4759) to work on /home/fawzan/airflow/.venv/lib/python3.10/site-packages/airflow/example_dags/example_kubernetes_executor.py
[2024-11-06T18:24:02.814+0700] {processor.py:914} INFO - Processing file /home/fawzan/airflow/.venv/lib/python3.10/site-packages/airflow/example_dags/example_kubernetes_executor.py for tasks to queue
[2024-11-06T18:24:02.817+0700] {logging_mixin.py:190} INFO - [2024-11-06T18:24:02.816+0700] {dagbag.py:588} INFO - Filling up the DagBag from /home/fawzan/airflow/.venv/lib/python3.10/site-packages/airflow/example_dags/example_kubernetes_executor.py
[2024-11-06T18:24:02.820+0700] {logging_mixin.py:190} INFO - [2024-11-06T18:24:02.819+0700] {example_kubernetes_executor.py:39} WARNING - The example_kubernetes_executor example DAG requires the kubernetes provider. Please install it with: pip install apache-airflow[cncf.kubernetes]
[2024-11-06T18:24:02.820+0700] {processor.py:927} WARNING - No viable dags retrieved from /home/fawzan/airflow/.venv/lib/python3.10/site-packages/airflow/example_dags/example_kubernetes_executor.py
[2024-11-06T18:24:02.828+0700] {processor.py:208} INFO - Processing /home/fawzan/airflow/.venv/lib/python3.10/site-packages/airflow/example_dags/example_kubernetes_executor.py took 0.024 seconds
[2024-11-06T18:32:43.356+0700] {processor.py:186} INFO - Started process (PID=5180) to work on /home/fawzan/airflow/.venv/lib/python3.10/site-packages/airflow/example_dags/example_kubernetes_executor.py
[2024-11-06T18:32:43.359+0700] {processor.py:914} INFO - Processing file /home/fawzan/airflow/.venv/lib/python3.10/site-packages/airflow/example_dags/example_kubernetes_executor.py for tasks to queue
[2024-11-06T18:32:43.361+0700] {logging_mixin.py:190} INFO - [2024-11-06T18:32:43.361+0700] {dagbag.py:588} INFO - Filling up the DagBag from /home/fawzan/airflow/.venv/lib/python3.10/site-packages/airflow/example_dags/example_kubernetes_executor.py
[2024-11-06T18:32:43.364+0700] {logging_mixin.py:190} INFO - [2024-11-06T18:32:43.364+0700] {example_kubernetes_executor.py:39} WARNING - The example_kubernetes_executor example DAG requires the kubernetes provider. Please install it with: pip install apache-airflow[cncf.kubernetes]
[2024-11-06T18:32:43.364+0700] {processor.py:927} WARNING - No viable dags retrieved from /home/fawzan/airflow/.venv/lib/python3.10/site-packages/airflow/example_dags/example_kubernetes_executor.py
[2024-11-06T18:32:43.376+0700] {processor.py:208} INFO - Processing /home/fawzan/airflow/.venv/lib/python3.10/site-packages/airflow/example_dags/example_kubernetes_executor.py took 0.027 seconds
