[2024-11-06T17:08:15.998+0700] {processor.py:186} INFO - Started process (PID=3859) to work on /home/fawzan/airflow/.venv/lib/python3.10/site-packages/airflow/example_dags/example_branch_python_dop_operator_3.py
[2024-11-06T17:08:15.998+0700] {processor.py:914} INFO - Processing file /home/fawzan/airflow/.venv/lib/python3.10/site-packages/airflow/example_dags/example_branch_python_dop_operator_3.py for tasks to queue
[2024-11-06T17:08:15.999+0700] {logging_mixin.py:190} INFO - [2024-11-06T17:08:15.999+0700] {dagbag.py:588} INFO - Filling up the DagBag from /home/fawzan/airflow/.venv/lib/python3.10/site-packages/airflow/example_dags/example_branch_python_dop_operator_3.py
[2024-11-06T17:08:16.005+0700] {processor.py:925} INFO - DAG(s) 'example_branch_dop_operator_v3' retrieved from /home/fawzan/airflow/.venv/lib/python3.10/site-packages/airflow/example_dags/example_branch_python_dop_operator_3.py
[2024-11-06T17:08:16.058+0700] {logging_mixin.py:190} INFO - [2024-11-06T17:08:16.057+0700] {override.py:1900} INFO - Created Permission View: can edit on DAG:example_branch_dop_operator_v3
[2024-11-06T17:08:16.065+0700] {logging_mixin.py:190} INFO - [2024-11-06T17:08:16.064+0700] {override.py:1900} INFO - Created Permission View: can delete on DAG:example_branch_dop_operator_v3
[2024-11-06T17:08:16.073+0700] {logging_mixin.py:190} INFO - [2024-11-06T17:08:16.072+0700] {override.py:1900} INFO - Created Permission View: can read on DAG:example_branch_dop_operator_v3
[2024-11-06T17:08:16.084+0700] {logging_mixin.py:190} INFO - [2024-11-06T17:08:16.084+0700] {override.py:1900} INFO - Created Permission View: can delete on DAG Run:example_branch_dop_operator_v3
[2024-11-06T17:08:16.091+0700] {logging_mixin.py:190} INFO - [2024-11-06T17:08:16.091+0700] {override.py:1900} INFO - Created Permission View: can create on DAG Run:example_branch_dop_operator_v3
[2024-11-06T17:08:16.097+0700] {logging_mixin.py:190} INFO - [2024-11-06T17:08:16.097+0700] {override.py:1900} INFO - Created Permission View: menu access on DAG Run:example_branch_dop_operator_v3
[2024-11-06T17:08:16.102+0700] {logging_mixin.py:190} INFO - [2024-11-06T17:08:16.102+0700] {override.py:1900} INFO - Created Permission View: can read on DAG Run:example_branch_dop_operator_v3
[2024-11-06T17:08:16.103+0700] {logging_mixin.py:190} INFO - [2024-11-06T17:08:16.103+0700] {dag.py:3239} INFO - Sync 1 DAGs
[2024-11-06T17:08:16.109+0700] {logging_mixin.py:190} INFO - [2024-11-06T17:08:16.108+0700] {dag.py:3262} INFO - Creating ORM DAG for example_branch_dop_operator_v3
[2024-11-06T17:08:16.115+0700] {logging_mixin.py:190} INFO - [2024-11-06T17:08:16.115+0700] {dag.py:4180} INFO - Setting next_dagrun for example_branch_dop_operator_v3 to 2024-11-06 10:07:00+00:00, run_after=2024-11-06 10:08:00+00:00
[2024-11-06T17:08:16.126+0700] {processor.py:208} INFO - Processing /home/fawzan/airflow/.venv/lib/python3.10/site-packages/airflow/example_dags/example_branch_python_dop_operator_3.py took 0.133 seconds
[2024-11-06T17:13:43.683+0700] {processor.py:186} INFO - Started process (PID=4017) to work on /home/fawzan/airflow/.venv/lib/python3.10/site-packages/airflow/example_dags/example_branch_python_dop_operator_3.py
[2024-11-06T17:13:43.686+0700] {processor.py:914} INFO - Processing file /home/fawzan/airflow/.venv/lib/python3.10/site-packages/airflow/example_dags/example_branch_python_dop_operator_3.py for tasks to queue
[2024-11-06T17:13:43.689+0700] {logging_mixin.py:190} INFO - [2024-11-06T17:13:43.688+0700] {dagbag.py:588} INFO - Filling up the DagBag from /home/fawzan/airflow/.venv/lib/python3.10/site-packages/airflow/example_dags/example_branch_python_dop_operator_3.py
[2024-11-06T17:13:43.700+0700] {processor.py:925} INFO - DAG(s) 'example_branch_dop_operator_v3' retrieved from /home/fawzan/airflow/.venv/lib/python3.10/site-packages/airflow/example_dags/example_branch_python_dop_operator_3.py
[2024-11-06T17:13:43.709+0700] {logging_mixin.py:190} INFO - [2024-11-06T17:13:43.708+0700] {dag.py:3239} INFO - Sync 1 DAGs
[2024-11-06T17:13:43.721+0700] {logging_mixin.py:190} INFO - [2024-11-06T17:13:43.721+0700] {dag.py:4180} INFO - Setting next_dagrun for example_branch_dop_operator_v3 to 2024-11-06 10:12:00+00:00, run_after=2024-11-06 10:13:00+00:00
[2024-11-06T17:13:43.733+0700] {processor.py:208} INFO - Processing /home/fawzan/airflow/.venv/lib/python3.10/site-packages/airflow/example_dags/example_branch_python_dop_operator_3.py took 0.057 seconds
[2024-11-06T17:14:40.942+0700] {processor.py:186} INFO - Started process (PID=4105) to work on /home/fawzan/airflow/.venv/lib/python3.10/site-packages/airflow/example_dags/example_branch_python_dop_operator_3.py
[2024-11-06T17:14:40.945+0700] {processor.py:914} INFO - Processing file /home/fawzan/airflow/.venv/lib/python3.10/site-packages/airflow/example_dags/example_branch_python_dop_operator_3.py for tasks to queue
[2024-11-06T17:14:40.948+0700] {logging_mixin.py:190} INFO - [2024-11-06T17:14:40.947+0700] {dagbag.py:588} INFO - Filling up the DagBag from /home/fawzan/airflow/.venv/lib/python3.10/site-packages/airflow/example_dags/example_branch_python_dop_operator_3.py
[2024-11-06T17:14:40.957+0700] {processor.py:925} INFO - DAG(s) 'example_branch_dop_operator_v3' retrieved from /home/fawzan/airflow/.venv/lib/python3.10/site-packages/airflow/example_dags/example_branch_python_dop_operator_3.py
[2024-11-06T17:14:40.966+0700] {logging_mixin.py:190} INFO - [2024-11-06T17:14:40.965+0700] {dag.py:3239} INFO - Sync 1 DAGs
[2024-11-06T17:14:40.977+0700] {logging_mixin.py:190} INFO - [2024-11-06T17:14:40.977+0700] {dag.py:4180} INFO - Setting next_dagrun for example_branch_dop_operator_v3 to 2024-11-06 10:13:00+00:00, run_after=2024-11-06 10:14:00+00:00
[2024-11-06T17:14:40.989+0700] {processor.py:208} INFO - Processing /home/fawzan/airflow/.venv/lib/python3.10/site-packages/airflow/example_dags/example_branch_python_dop_operator_3.py took 0.052 seconds
[2024-11-06T17:15:37.255+0700] {processor.py:186} INFO - Started process (PID=4163) to work on /home/fawzan/airflow/.venv/lib/python3.10/site-packages/airflow/example_dags/example_branch_python_dop_operator_3.py
[2024-11-06T17:15:37.258+0700] {processor.py:914} INFO - Processing file /home/fawzan/airflow/.venv/lib/python3.10/site-packages/airflow/example_dags/example_branch_python_dop_operator_3.py for tasks to queue
[2024-11-06T17:15:37.260+0700] {logging_mixin.py:190} INFO - [2024-11-06T17:15:37.259+0700] {dagbag.py:588} INFO - Filling up the DagBag from /home/fawzan/airflow/.venv/lib/python3.10/site-packages/airflow/example_dags/example_branch_python_dop_operator_3.py
[2024-11-06T17:15:37.266+0700] {processor.py:925} INFO - DAG(s) 'example_branch_dop_operator_v3' retrieved from /home/fawzan/airflow/.venv/lib/python3.10/site-packages/airflow/example_dags/example_branch_python_dop_operator_3.py
[2024-11-06T17:15:37.274+0700] {logging_mixin.py:190} INFO - [2024-11-06T17:15:37.274+0700] {dag.py:3239} INFO - Sync 1 DAGs
[2024-11-06T17:15:37.287+0700] {logging_mixin.py:190} INFO - [2024-11-06T17:15:37.287+0700] {dag.py:4180} INFO - Setting next_dagrun for example_branch_dop_operator_v3 to 2024-11-06 10:14:00+00:00, run_after=2024-11-06 10:15:00+00:00
[2024-11-06T17:15:37.298+0700] {processor.py:208} INFO - Processing /home/fawzan/airflow/.venv/lib/python3.10/site-packages/airflow/example_dags/example_branch_python_dop_operator_3.py took 0.048 seconds
[2024-11-06T18:13:33.067+0700] {processor.py:186} INFO - Started process (PID=2764) to work on /home/fawzan/airflow/.venv/lib/python3.10/site-packages/airflow/example_dags/example_branch_python_dop_operator_3.py
[2024-11-06T18:13:33.068+0700] {processor.py:914} INFO - Processing file /home/fawzan/airflow/.venv/lib/python3.10/site-packages/airflow/example_dags/example_branch_python_dop_operator_3.py for tasks to queue
[2024-11-06T18:13:33.069+0700] {logging_mixin.py:190} INFO - [2024-11-06T18:13:33.069+0700] {dagbag.py:588} INFO - Filling up the DagBag from /home/fawzan/airflow/.venv/lib/python3.10/site-packages/airflow/example_dags/example_branch_python_dop_operator_3.py
[2024-11-06T18:13:33.075+0700] {processor.py:925} INFO - DAG(s) 'example_branch_dop_operator_v3' retrieved from /home/fawzan/airflow/.venv/lib/python3.10/site-packages/airflow/example_dags/example_branch_python_dop_operator_3.py
[2024-11-06T18:13:33.084+0700] {logging_mixin.py:190} INFO - [2024-11-06T18:13:33.084+0700] {dag.py:3239} INFO - Sync 1 DAGs
[2024-11-06T18:13:33.097+0700] {logging_mixin.py:190} INFO - [2024-11-06T18:13:33.097+0700] {dag.py:4180} INFO - Setting next_dagrun for example_branch_dop_operator_v3 to 2024-11-06 11:12:00+00:00, run_after=2024-11-06 11:13:00+00:00
[2024-11-06T18:13:33.109+0700] {processor.py:208} INFO - Processing /home/fawzan/airflow/.venv/lib/python3.10/site-packages/airflow/example_dags/example_branch_python_dop_operator_3.py took 0.045 seconds
[2024-11-06T18:14:28.442+0700] {processor.py:186} INFO - Started process (PID=3386) to work on /home/fawzan/airflow/.venv/lib/python3.10/site-packages/airflow/example_dags/example_branch_python_dop_operator_3.py
[2024-11-06T18:14:28.445+0700] {processor.py:914} INFO - Processing file /home/fawzan/airflow/.venv/lib/python3.10/site-packages/airflow/example_dags/example_branch_python_dop_operator_3.py for tasks to queue
[2024-11-06T18:14:28.448+0700] {logging_mixin.py:190} INFO - [2024-11-06T18:14:28.447+0700] {dagbag.py:588} INFO - Filling up the DagBag from /home/fawzan/airflow/.venv/lib/python3.10/site-packages/airflow/example_dags/example_branch_python_dop_operator_3.py
[2024-11-06T18:14:28.457+0700] {processor.py:925} INFO - DAG(s) 'example_branch_dop_operator_v3' retrieved from /home/fawzan/airflow/.venv/lib/python3.10/site-packages/airflow/example_dags/example_branch_python_dop_operator_3.py
[2024-11-06T18:14:28.465+0700] {logging_mixin.py:190} INFO - [2024-11-06T18:14:28.465+0700] {dag.py:3239} INFO - Sync 1 DAGs
[2024-11-06T18:14:28.477+0700] {logging_mixin.py:190} INFO - [2024-11-06T18:14:28.477+0700] {dag.py:4180} INFO - Setting next_dagrun for example_branch_dop_operator_v3 to 2024-11-06 11:13:00+00:00, run_after=2024-11-06 11:14:00+00:00
[2024-11-06T18:14:28.501+0700] {processor.py:208} INFO - Processing /home/fawzan/airflow/.venv/lib/python3.10/site-packages/airflow/example_dags/example_branch_python_dop_operator_3.py took 0.065 seconds
[2024-11-06T18:15:22.951+0700] {processor.py:186} INFO - Started process (PID=3511) to work on /home/fawzan/airflow/.venv/lib/python3.10/site-packages/airflow/example_dags/example_branch_python_dop_operator_3.py
[2024-11-06T18:15:22.954+0700] {processor.py:914} INFO - Processing file /home/fawzan/airflow/.venv/lib/python3.10/site-packages/airflow/example_dags/example_branch_python_dop_operator_3.py for tasks to queue
[2024-11-06T18:15:22.956+0700] {logging_mixin.py:190} INFO - [2024-11-06T18:15:22.956+0700] {dagbag.py:588} INFO - Filling up the DagBag from /home/fawzan/airflow/.venv/lib/python3.10/site-packages/airflow/example_dags/example_branch_python_dop_operator_3.py
[2024-11-06T18:15:22.966+0700] {processor.py:925} INFO - DAG(s) 'example_branch_dop_operator_v3' retrieved from /home/fawzan/airflow/.venv/lib/python3.10/site-packages/airflow/example_dags/example_branch_python_dop_operator_3.py
[2024-11-06T18:15:22.975+0700] {logging_mixin.py:190} INFO - [2024-11-06T18:15:22.975+0700] {dag.py:3239} INFO - Sync 1 DAGs
[2024-11-06T18:15:22.987+0700] {logging_mixin.py:190} INFO - [2024-11-06T18:15:22.986+0700] {dag.py:4180} INFO - Setting next_dagrun for example_branch_dop_operator_v3 to 2024-11-06 11:14:00+00:00, run_after=2024-11-06 11:15:00+00:00
[2024-11-06T18:15:22.999+0700] {processor.py:208} INFO - Processing /home/fawzan/airflow/.venv/lib/python3.10/site-packages/airflow/example_dags/example_branch_python_dop_operator_3.py took 0.053 seconds
[2024-11-06T18:16:40.013+0700] {processor.py:186} INFO - Started process (PID=3775) to work on /home/fawzan/airflow/.venv/lib/python3.10/site-packages/airflow/example_dags/example_branch_python_dop_operator_3.py
[2024-11-06T18:16:40.016+0700] {processor.py:914} INFO - Processing file /home/fawzan/airflow/.venv/lib/python3.10/site-packages/airflow/example_dags/example_branch_python_dop_operator_3.py for tasks to queue
[2024-11-06T18:16:40.018+0700] {logging_mixin.py:190} INFO - [2024-11-06T18:16:40.018+0700] {dagbag.py:588} INFO - Filling up the DagBag from /home/fawzan/airflow/.venv/lib/python3.10/site-packages/airflow/example_dags/example_branch_python_dop_operator_3.py
[2024-11-06T18:16:40.029+0700] {processor.py:925} INFO - DAG(s) 'example_branch_dop_operator_v3' retrieved from /home/fawzan/airflow/.venv/lib/python3.10/site-packages/airflow/example_dags/example_branch_python_dop_operator_3.py
[2024-11-06T18:16:40.038+0700] {logging_mixin.py:190} INFO - [2024-11-06T18:16:40.038+0700] {dag.py:3239} INFO - Sync 1 DAGs
[2024-11-06T18:16:40.051+0700] {logging_mixin.py:190} INFO - [2024-11-06T18:16:40.051+0700] {dag.py:4180} INFO - Setting next_dagrun for example_branch_dop_operator_v3 to 2024-11-06 11:15:00+00:00, run_after=2024-11-06 11:16:00+00:00
[2024-11-06T18:16:40.064+0700] {processor.py:208} INFO - Processing /home/fawzan/airflow/.venv/lib/python3.10/site-packages/airflow/example_dags/example_branch_python_dop_operator_3.py took 0.055 seconds
[2024-11-06T18:17:35.714+0700] {processor.py:186} INFO - Started process (PID=3921) to work on /home/fawzan/airflow/.venv/lib/python3.10/site-packages/airflow/example_dags/example_branch_python_dop_operator_3.py
[2024-11-06T18:17:35.718+0700] {processor.py:914} INFO - Processing file /home/fawzan/airflow/.venv/lib/python3.10/site-packages/airflow/example_dags/example_branch_python_dop_operator_3.py for tasks to queue
[2024-11-06T18:17:35.720+0700] {logging_mixin.py:190} INFO - [2024-11-06T18:17:35.719+0700] {dagbag.py:588} INFO - Filling up the DagBag from /home/fawzan/airflow/.venv/lib/python3.10/site-packages/airflow/example_dags/example_branch_python_dop_operator_3.py
[2024-11-06T18:17:35.729+0700] {processor.py:925} INFO - DAG(s) 'example_branch_dop_operator_v3' retrieved from /home/fawzan/airflow/.venv/lib/python3.10/site-packages/airflow/example_dags/example_branch_python_dop_operator_3.py
[2024-11-06T18:17:35.738+0700] {logging_mixin.py:190} INFO - [2024-11-06T18:17:35.738+0700] {dag.py:3239} INFO - Sync 1 DAGs
[2024-11-06T18:17:35.753+0700] {logging_mixin.py:190} INFO - [2024-11-06T18:17:35.753+0700] {dag.py:4180} INFO - Setting next_dagrun for example_branch_dop_operator_v3 to 2024-11-06 11:16:00+00:00, run_after=2024-11-06 11:17:00+00:00
[2024-11-06T18:17:35.768+0700] {processor.py:208} INFO - Processing /home/fawzan/airflow/.venv/lib/python3.10/site-packages/airflow/example_dags/example_branch_python_dop_operator_3.py took 0.061 seconds
[2024-11-06T18:18:28.552+0700] {processor.py:186} INFO - Started process (PID=4028) to work on /home/fawzan/airflow/.venv/lib/python3.10/site-packages/airflow/example_dags/example_branch_python_dop_operator_3.py
[2024-11-06T18:18:28.556+0700] {processor.py:914} INFO - Processing file /home/fawzan/airflow/.venv/lib/python3.10/site-packages/airflow/example_dags/example_branch_python_dop_operator_3.py for tasks to queue
[2024-11-06T18:18:28.558+0700] {logging_mixin.py:190} INFO - [2024-11-06T18:18:28.557+0700] {dagbag.py:588} INFO - Filling up the DagBag from /home/fawzan/airflow/.venv/lib/python3.10/site-packages/airflow/example_dags/example_branch_python_dop_operator_3.py
[2024-11-06T18:18:28.568+0700] {processor.py:925} INFO - DAG(s) 'example_branch_dop_operator_v3' retrieved from /home/fawzan/airflow/.venv/lib/python3.10/site-packages/airflow/example_dags/example_branch_python_dop_operator_3.py
[2024-11-06T18:18:28.577+0700] {logging_mixin.py:190} INFO - [2024-11-06T18:18:28.577+0700] {dag.py:3239} INFO - Sync 1 DAGs
[2024-11-06T18:18:28.589+0700] {logging_mixin.py:190} INFO - [2024-11-06T18:18:28.589+0700] {dag.py:4180} INFO - Setting next_dagrun for example_branch_dop_operator_v3 to 2024-11-06 11:17:00+00:00, run_after=2024-11-06 11:18:00+00:00
[2024-11-06T18:18:28.601+0700] {processor.py:208} INFO - Processing /home/fawzan/airflow/.venv/lib/python3.10/site-packages/airflow/example_dags/example_branch_python_dop_operator_3.py took 0.053 seconds
[2024-11-06T18:19:20.492+0700] {processor.py:186} INFO - Started process (PID=4129) to work on /home/fawzan/airflow/.venv/lib/python3.10/site-packages/airflow/example_dags/example_branch_python_dop_operator_3.py
[2024-11-06T18:19:20.495+0700] {processor.py:914} INFO - Processing file /home/fawzan/airflow/.venv/lib/python3.10/site-packages/airflow/example_dags/example_branch_python_dop_operator_3.py for tasks to queue
[2024-11-06T18:19:20.497+0700] {logging_mixin.py:190} INFO - [2024-11-06T18:19:20.497+0700] {dagbag.py:588} INFO - Filling up the DagBag from /home/fawzan/airflow/.venv/lib/python3.10/site-packages/airflow/example_dags/example_branch_python_dop_operator_3.py
[2024-11-06T18:19:20.507+0700] {processor.py:925} INFO - DAG(s) 'example_branch_dop_operator_v3' retrieved from /home/fawzan/airflow/.venv/lib/python3.10/site-packages/airflow/example_dags/example_branch_python_dop_operator_3.py
[2024-11-06T18:19:20.517+0700] {logging_mixin.py:190} INFO - [2024-11-06T18:19:20.516+0700] {dag.py:3239} INFO - Sync 1 DAGs
[2024-11-06T18:19:20.529+0700] {logging_mixin.py:190} INFO - [2024-11-06T18:19:20.529+0700] {dag.py:4180} INFO - Setting next_dagrun for example_branch_dop_operator_v3 to 2024-11-06 11:18:00+00:00, run_after=2024-11-06 11:19:00+00:00
[2024-11-06T18:19:20.541+0700] {processor.py:208} INFO - Processing /home/fawzan/airflow/.venv/lib/python3.10/site-packages/airflow/example_dags/example_branch_python_dop_operator_3.py took 0.054 seconds
[2024-11-06T18:20:15.076+0700] {processor.py:186} INFO - Started process (PID=4229) to work on /home/fawzan/airflow/.venv/lib/python3.10/site-packages/airflow/example_dags/example_branch_python_dop_operator_3.py
[2024-11-06T18:20:15.080+0700] {processor.py:914} INFO - Processing file /home/fawzan/airflow/.venv/lib/python3.10/site-packages/airflow/example_dags/example_branch_python_dop_operator_3.py for tasks to queue
[2024-11-06T18:20:15.082+0700] {logging_mixin.py:190} INFO - [2024-11-06T18:20:15.081+0700] {dagbag.py:588} INFO - Filling up the DagBag from /home/fawzan/airflow/.venv/lib/python3.10/site-packages/airflow/example_dags/example_branch_python_dop_operator_3.py
[2024-11-06T18:20:15.091+0700] {processor.py:925} INFO - DAG(s) 'example_branch_dop_operator_v3' retrieved from /home/fawzan/airflow/.venv/lib/python3.10/site-packages/airflow/example_dags/example_branch_python_dop_operator_3.py
[2024-11-06T18:20:15.100+0700] {logging_mixin.py:190} INFO - [2024-11-06T18:20:15.100+0700] {dag.py:3239} INFO - Sync 1 DAGs
[2024-11-06T18:20:15.112+0700] {logging_mixin.py:190} INFO - [2024-11-06T18:20:15.112+0700] {dag.py:4180} INFO - Setting next_dagrun for example_branch_dop_operator_v3 to 2024-11-06 11:19:00+00:00, run_after=2024-11-06 11:20:00+00:00
[2024-11-06T18:20:15.124+0700] {processor.py:208} INFO - Processing /home/fawzan/airflow/.venv/lib/python3.10/site-packages/airflow/example_dags/example_branch_python_dop_operator_3.py took 0.053 seconds
[2024-11-06T18:21:22.804+0700] {processor.py:186} INFO - Started process (PID=4448) to work on /home/fawzan/airflow/.venv/lib/python3.10/site-packages/airflow/example_dags/example_branch_python_dop_operator_3.py
[2024-11-06T18:21:22.808+0700] {processor.py:914} INFO - Processing file /home/fawzan/airflow/.venv/lib/python3.10/site-packages/airflow/example_dags/example_branch_python_dop_operator_3.py for tasks to queue
[2024-11-06T18:21:22.810+0700] {logging_mixin.py:190} INFO - [2024-11-06T18:21:22.809+0700] {dagbag.py:588} INFO - Filling up the DagBag from /home/fawzan/airflow/.venv/lib/python3.10/site-packages/airflow/example_dags/example_branch_python_dop_operator_3.py
[2024-11-06T18:21:22.820+0700] {processor.py:925} INFO - DAG(s) 'example_branch_dop_operator_v3' retrieved from /home/fawzan/airflow/.venv/lib/python3.10/site-packages/airflow/example_dags/example_branch_python_dop_operator_3.py
[2024-11-06T18:21:22.829+0700] {logging_mixin.py:190} INFO - [2024-11-06T18:21:22.829+0700] {dag.py:3239} INFO - Sync 1 DAGs
[2024-11-06T18:21:22.842+0700] {logging_mixin.py:190} INFO - [2024-11-06T18:21:22.842+0700] {dag.py:4180} INFO - Setting next_dagrun for example_branch_dop_operator_v3 to 2024-11-06 11:20:00+00:00, run_after=2024-11-06 11:21:00+00:00
[2024-11-06T18:21:22.854+0700] {processor.py:208} INFO - Processing /home/fawzan/airflow/.venv/lib/python3.10/site-packages/airflow/example_dags/example_branch_python_dop_operator_3.py took 0.055 seconds
[2024-11-06T18:22:19.732+0700] {processor.py:186} INFO - Started process (PID=4570) to work on /home/fawzan/airflow/.venv/lib/python3.10/site-packages/airflow/example_dags/example_branch_python_dop_operator_3.py
[2024-11-06T18:22:19.735+0700] {processor.py:914} INFO - Processing file /home/fawzan/airflow/.venv/lib/python3.10/site-packages/airflow/example_dags/example_branch_python_dop_operator_3.py for tasks to queue
[2024-11-06T18:22:19.738+0700] {logging_mixin.py:190} INFO - [2024-11-06T18:22:19.737+0700] {dagbag.py:588} INFO - Filling up the DagBag from /home/fawzan/airflow/.venv/lib/python3.10/site-packages/airflow/example_dags/example_branch_python_dop_operator_3.py
[2024-11-06T18:22:19.748+0700] {processor.py:925} INFO - DAG(s) 'example_branch_dop_operator_v3' retrieved from /home/fawzan/airflow/.venv/lib/python3.10/site-packages/airflow/example_dags/example_branch_python_dop_operator_3.py
[2024-11-06T18:22:19.757+0700] {logging_mixin.py:190} INFO - [2024-11-06T18:22:19.757+0700] {dag.py:3239} INFO - Sync 1 DAGs
[2024-11-06T18:22:19.770+0700] {logging_mixin.py:190} INFO - [2024-11-06T18:22:19.770+0700] {dag.py:4180} INFO - Setting next_dagrun for example_branch_dop_operator_v3 to 2024-11-06 11:21:00+00:00, run_after=2024-11-06 11:22:00+00:00
[2024-11-06T18:22:19.782+0700] {processor.py:208} INFO - Processing /home/fawzan/airflow/.venv/lib/python3.10/site-packages/airflow/example_dags/example_branch_python_dop_operator_3.py took 0.054 seconds
[2024-11-06T18:23:13.030+0700] {processor.py:186} INFO - Started process (PID=4663) to work on /home/fawzan/airflow/.venv/lib/python3.10/site-packages/airflow/example_dags/example_branch_python_dop_operator_3.py
[2024-11-06T18:23:13.033+0700] {processor.py:914} INFO - Processing file /home/fawzan/airflow/.venv/lib/python3.10/site-packages/airflow/example_dags/example_branch_python_dop_operator_3.py for tasks to queue
[2024-11-06T18:23:13.035+0700] {logging_mixin.py:190} INFO - [2024-11-06T18:23:13.034+0700] {dagbag.py:588} INFO - Filling up the DagBag from /home/fawzan/airflow/.venv/lib/python3.10/site-packages/airflow/example_dags/example_branch_python_dop_operator_3.py
[2024-11-06T18:23:13.046+0700] {processor.py:925} INFO - DAG(s) 'example_branch_dop_operator_v3' retrieved from /home/fawzan/airflow/.venv/lib/python3.10/site-packages/airflow/example_dags/example_branch_python_dop_operator_3.py
[2024-11-06T18:23:13.056+0700] {logging_mixin.py:190} INFO - [2024-11-06T18:23:13.055+0700] {dag.py:3239} INFO - Sync 1 DAGs
[2024-11-06T18:23:13.069+0700] {logging_mixin.py:190} INFO - [2024-11-06T18:23:13.068+0700] {dag.py:4180} INFO - Setting next_dagrun for example_branch_dop_operator_v3 to 2024-11-06 11:22:00+00:00, run_after=2024-11-06 11:23:00+00:00
[2024-11-06T18:23:13.084+0700] {processor.py:208} INFO - Processing /home/fawzan/airflow/.venv/lib/python3.10/site-packages/airflow/example_dags/example_branch_python_dop_operator_3.py took 0.060 seconds
[2024-11-06T18:24:08.589+0700] {processor.py:186} INFO - Started process (PID=4775) to work on /home/fawzan/airflow/.venv/lib/python3.10/site-packages/airflow/example_dags/example_branch_python_dop_operator_3.py
[2024-11-06T18:24:08.592+0700] {processor.py:914} INFO - Processing file /home/fawzan/airflow/.venv/lib/python3.10/site-packages/airflow/example_dags/example_branch_python_dop_operator_3.py for tasks to queue
[2024-11-06T18:24:08.594+0700] {logging_mixin.py:190} INFO - [2024-11-06T18:24:08.594+0700] {dagbag.py:588} INFO - Filling up the DagBag from /home/fawzan/airflow/.venv/lib/python3.10/site-packages/airflow/example_dags/example_branch_python_dop_operator_3.py
[2024-11-06T18:24:08.604+0700] {processor.py:925} INFO - DAG(s) 'example_branch_dop_operator_v3' retrieved from /home/fawzan/airflow/.venv/lib/python3.10/site-packages/airflow/example_dags/example_branch_python_dop_operator_3.py
[2024-11-06T18:24:08.613+0700] {logging_mixin.py:190} INFO - [2024-11-06T18:24:08.613+0700] {dag.py:3239} INFO - Sync 1 DAGs
[2024-11-06T18:24:08.626+0700] {logging_mixin.py:190} INFO - [2024-11-06T18:24:08.626+0700] {dag.py:4180} INFO - Setting next_dagrun for example_branch_dop_operator_v3 to 2024-11-06 11:23:00+00:00, run_after=2024-11-06 11:24:00+00:00
[2024-11-06T18:24:08.638+0700] {processor.py:208} INFO - Processing /home/fawzan/airflow/.venv/lib/python3.10/site-packages/airflow/example_dags/example_branch_python_dop_operator_3.py took 0.054 seconds
[2024-11-06T18:32:48.775+0700] {processor.py:186} INFO - Started process (PID=5199) to work on /home/fawzan/airflow/.venv/lib/python3.10/site-packages/airflow/example_dags/example_branch_python_dop_operator_3.py
[2024-11-06T18:32:48.778+0700] {processor.py:914} INFO - Processing file /home/fawzan/airflow/.venv/lib/python3.10/site-packages/airflow/example_dags/example_branch_python_dop_operator_3.py for tasks to queue
[2024-11-06T18:32:48.781+0700] {logging_mixin.py:190} INFO - [2024-11-06T18:32:48.780+0700] {dagbag.py:588} INFO - Filling up the DagBag from /home/fawzan/airflow/.venv/lib/python3.10/site-packages/airflow/example_dags/example_branch_python_dop_operator_3.py
[2024-11-06T18:32:48.790+0700] {processor.py:925} INFO - DAG(s) 'example_branch_dop_operator_v3' retrieved from /home/fawzan/airflow/.venv/lib/python3.10/site-packages/airflow/example_dags/example_branch_python_dop_operator_3.py
[2024-11-06T18:32:48.798+0700] {logging_mixin.py:190} INFO - [2024-11-06T18:32:48.798+0700] {dag.py:3239} INFO - Sync 1 DAGs
[2024-11-06T18:32:48.811+0700] {logging_mixin.py:190} INFO - [2024-11-06T18:32:48.811+0700] {dag.py:4180} INFO - Setting next_dagrun for example_branch_dop_operator_v3 to 2024-11-06 11:31:00+00:00, run_after=2024-11-06 11:32:00+00:00
[2024-11-06T18:32:48.823+0700] {processor.py:208} INFO - Processing /home/fawzan/airflow/.venv/lib/python3.10/site-packages/airflow/example_dags/example_branch_python_dop_operator_3.py took 0.054 seconds
