[2024-11-06T17:13:54.655+0700] {processor.py:186} INFO - Started process (PID=4032) to work on /home/fawzan/airflow/.venv/lib/python3.10/site-packages/airflow/example_dags/example_dynamic_task_mapping_with_no_taskflow_operators.py
[2024-11-06T17:13:54.656+0700] {processor.py:914} INFO - Processing file /home/fawzan/airflow/.venv/lib/python3.10/site-packages/airflow/example_dags/example_dynamic_task_mapping_with_no_taskflow_operators.py for tasks to queue
[2024-11-06T17:13:54.657+0700] {logging_mixin.py:190} INFO - [2024-11-06T17:13:54.657+0700] {dagbag.py:588} INFO - Filling up the DagBag from /home/fawzan/airflow/.venv/lib/python3.10/site-packages/airflow/example_dags/example_dynamic_task_mapping_with_no_taskflow_operators.py
[2024-11-06T17:13:54.661+0700] {processor.py:925} INFO - DAG(s) 'example_dynamic_task_mapping_with_no_taskflow_operators' retrieved from /home/fawzan/airflow/.venv/lib/python3.10/site-packages/airflow/example_dags/example_dynamic_task_mapping_with_no_taskflow_operators.py
[2024-11-06T17:13:54.714+0700] {logging_mixin.py:190} INFO - [2024-11-06T17:13:54.713+0700] {override.py:1900} INFO - Created Permission View: can delete on DAG:example_dynamic_task_mapping_with_no_taskflow_operators
[2024-11-06T17:13:54.721+0700] {logging_mixin.py:190} INFO - [2024-11-06T17:13:54.720+0700] {override.py:1900} INFO - Created Permission View: can read on DAG:example_dynamic_task_mapping_with_no_taskflow_operators
[2024-11-06T17:13:54.726+0700] {logging_mixin.py:190} INFO - [2024-11-06T17:13:54.726+0700] {override.py:1900} INFO - Created Permission View: can edit on DAG:example_dynamic_task_mapping_with_no_taskflow_operators
[2024-11-06T17:13:54.734+0700] {logging_mixin.py:190} INFO - [2024-11-06T17:13:54.734+0700] {override.py:1900} INFO - Created Permission View: can create on DAG Run:example_dynamic_task_mapping_with_no_taskflow_operators
[2024-11-06T17:13:54.739+0700] {logging_mixin.py:190} INFO - [2024-11-06T17:13:54.739+0700] {override.py:1900} INFO - Created Permission View: can delete on DAG Run:example_dynamic_task_mapping_with_no_taskflow_operators
[2024-11-06T17:13:54.744+0700] {logging_mixin.py:190} INFO - [2024-11-06T17:13:54.744+0700] {override.py:1900} INFO - Created Permission View: can read on DAG Run:example_dynamic_task_mapping_with_no_taskflow_operators
[2024-11-06T17:13:54.749+0700] {logging_mixin.py:190} INFO - [2024-11-06T17:13:54.749+0700] {override.py:1900} INFO - Created Permission View: menu access on DAG Run:example_dynamic_task_mapping_with_no_taskflow_operators
[2024-11-06T17:13:54.749+0700] {logging_mixin.py:190} INFO - [2024-11-06T17:13:54.749+0700] {dag.py:3239} INFO - Sync 1 DAGs
[2024-11-06T17:13:54.756+0700] {logging_mixin.py:190} INFO - [2024-11-06T17:13:54.756+0700] {dag.py:3262} INFO - Creating ORM DAG for example_dynamic_task_mapping_with_no_taskflow_operators
[2024-11-06T17:13:54.756+0700] {logging_mixin.py:190} INFO - [2024-11-06T17:13:54.756+0700] {dag.py:4180} INFO - Setting next_dagrun for example_dynamic_task_mapping_with_no_taskflow_operators to None, run_after=None
[2024-11-06T17:13:54.767+0700] {processor.py:208} INFO - Processing /home/fawzan/airflow/.venv/lib/python3.10/site-packages/airflow/example_dags/example_dynamic_task_mapping_with_no_taskflow_operators.py took 0.117 seconds
[2024-11-06T17:14:51.082+0700] {processor.py:186} INFO - Started process (PID=4116) to work on /home/fawzan/airflow/.venv/lib/python3.10/site-packages/airflow/example_dags/example_dynamic_task_mapping_with_no_taskflow_operators.py
[2024-11-06T17:14:51.085+0700] {processor.py:914} INFO - Processing file /home/fawzan/airflow/.venv/lib/python3.10/site-packages/airflow/example_dags/example_dynamic_task_mapping_with_no_taskflow_operators.py for tasks to queue
[2024-11-06T17:14:51.087+0700] {logging_mixin.py:190} INFO - [2024-11-06T17:14:51.087+0700] {dagbag.py:588} INFO - Filling up the DagBag from /home/fawzan/airflow/.venv/lib/python3.10/site-packages/airflow/example_dags/example_dynamic_task_mapping_with_no_taskflow_operators.py
[2024-11-06T17:14:51.093+0700] {processor.py:925} INFO - DAG(s) 'example_dynamic_task_mapping_with_no_taskflow_operators' retrieved from /home/fawzan/airflow/.venv/lib/python3.10/site-packages/airflow/example_dags/example_dynamic_task_mapping_with_no_taskflow_operators.py
[2024-11-06T17:14:51.102+0700] {logging_mixin.py:190} INFO - [2024-11-06T17:14:51.102+0700] {dag.py:3239} INFO - Sync 1 DAGs
[2024-11-06T17:14:51.108+0700] {logging_mixin.py:190} INFO - [2024-11-06T17:14:51.108+0700] {dag.py:4180} INFO - Setting next_dagrun for example_dynamic_task_mapping_with_no_taskflow_operators to None, run_after=None
[2024-11-06T17:14:51.119+0700] {processor.py:208} INFO - Processing /home/fawzan/airflow/.venv/lib/python3.10/site-packages/airflow/example_dags/example_dynamic_task_mapping_with_no_taskflow_operators.py took 0.043 seconds
[2024-11-06T17:15:48.042+0700] {processor.py:186} INFO - Started process (PID=4174) to work on /home/fawzan/airflow/.venv/lib/python3.10/site-packages/airflow/example_dags/example_dynamic_task_mapping_with_no_taskflow_operators.py
[2024-11-06T17:15:48.042+0700] {processor.py:914} INFO - Processing file /home/fawzan/airflow/.venv/lib/python3.10/site-packages/airflow/example_dags/example_dynamic_task_mapping_with_no_taskflow_operators.py for tasks to queue
[2024-11-06T17:15:48.043+0700] {logging_mixin.py:190} INFO - [2024-11-06T17:15:48.043+0700] {dagbag.py:588} INFO - Filling up the DagBag from /home/fawzan/airflow/.venv/lib/python3.10/site-packages/airflow/example_dags/example_dynamic_task_mapping_with_no_taskflow_operators.py
[2024-11-06T17:15:48.047+0700] {processor.py:925} INFO - DAG(s) 'example_dynamic_task_mapping_with_no_taskflow_operators' retrieved from /home/fawzan/airflow/.venv/lib/python3.10/site-packages/airflow/example_dags/example_dynamic_task_mapping_with_no_taskflow_operators.py
[2024-11-06T17:15:48.055+0700] {logging_mixin.py:190} INFO - [2024-11-06T17:15:48.055+0700] {dag.py:3239} INFO - Sync 1 DAGs
[2024-11-06T17:15:48.061+0700] {logging_mixin.py:190} INFO - [2024-11-06T17:15:48.061+0700] {dag.py:4180} INFO - Setting next_dagrun for example_dynamic_task_mapping_with_no_taskflow_operators to None, run_after=None
[2024-11-06T17:15:48.072+0700] {processor.py:208} INFO - Processing /home/fawzan/airflow/.venv/lib/python3.10/site-packages/airflow/example_dags/example_dynamic_task_mapping_with_no_taskflow_operators.py took 0.035 seconds
[2024-11-06T18:13:43.933+0700] {processor.py:186} INFO - Started process (PID=3231) to work on /home/fawzan/airflow/.venv/lib/python3.10/site-packages/airflow/example_dags/example_dynamic_task_mapping_with_no_taskflow_operators.py
[2024-11-06T18:13:43.937+0700] {processor.py:914} INFO - Processing file /home/fawzan/airflow/.venv/lib/python3.10/site-packages/airflow/example_dags/example_dynamic_task_mapping_with_no_taskflow_operators.py for tasks to queue
[2024-11-06T18:13:43.939+0700] {logging_mixin.py:190} INFO - [2024-11-06T18:13:43.939+0700] {dagbag.py:588} INFO - Filling up the DagBag from /home/fawzan/airflow/.venv/lib/python3.10/site-packages/airflow/example_dags/example_dynamic_task_mapping_with_no_taskflow_operators.py
[2024-11-06T18:13:43.946+0700] {processor.py:925} INFO - DAG(s) 'example_dynamic_task_mapping_with_no_taskflow_operators' retrieved from /home/fawzan/airflow/.venv/lib/python3.10/site-packages/airflow/example_dags/example_dynamic_task_mapping_with_no_taskflow_operators.py
[2024-11-06T18:13:43.955+0700] {logging_mixin.py:190} INFO - [2024-11-06T18:13:43.955+0700] {dag.py:3239} INFO - Sync 1 DAGs
[2024-11-06T18:13:43.961+0700] {logging_mixin.py:190} INFO - [2024-11-06T18:13:43.961+0700] {dag.py:4180} INFO - Setting next_dagrun for example_dynamic_task_mapping_with_no_taskflow_operators to None, run_after=None
[2024-11-06T18:13:43.973+0700] {processor.py:208} INFO - Processing /home/fawzan/airflow/.venv/lib/python3.10/site-packages/airflow/example_dags/example_dynamic_task_mapping_with_no_taskflow_operators.py took 0.045 seconds
[2024-11-06T18:14:38.747+0700] {processor.py:186} INFO - Started process (PID=3404) to work on /home/fawzan/airflow/.venv/lib/python3.10/site-packages/airflow/example_dags/example_dynamic_task_mapping_with_no_taskflow_operators.py
[2024-11-06T18:14:38.750+0700] {processor.py:914} INFO - Processing file /home/fawzan/airflow/.venv/lib/python3.10/site-packages/airflow/example_dags/example_dynamic_task_mapping_with_no_taskflow_operators.py for tasks to queue
[2024-11-06T18:14:38.752+0700] {logging_mixin.py:190} INFO - [2024-11-06T18:14:38.752+0700] {dagbag.py:588} INFO - Filling up the DagBag from /home/fawzan/airflow/.venv/lib/python3.10/site-packages/airflow/example_dags/example_dynamic_task_mapping_with_no_taskflow_operators.py
[2024-11-06T18:14:38.760+0700] {processor.py:925} INFO - DAG(s) 'example_dynamic_task_mapping_with_no_taskflow_operators' retrieved from /home/fawzan/airflow/.venv/lib/python3.10/site-packages/airflow/example_dags/example_dynamic_task_mapping_with_no_taskflow_operators.py
[2024-11-06T18:14:38.770+0700] {logging_mixin.py:190} INFO - [2024-11-06T18:14:38.770+0700] {dag.py:3239} INFO - Sync 1 DAGs
[2024-11-06T18:14:38.777+0700] {logging_mixin.py:190} INFO - [2024-11-06T18:14:38.777+0700] {dag.py:4180} INFO - Setting next_dagrun for example_dynamic_task_mapping_with_no_taskflow_operators to None, run_after=None
[2024-11-06T18:14:38.788+0700] {processor.py:208} INFO - Processing /home/fawzan/airflow/.venv/lib/python3.10/site-packages/airflow/example_dags/example_dynamic_task_mapping_with_no_taskflow_operators.py took 0.047 seconds
[2024-11-06T18:15:33.258+0700] {processor.py:186} INFO - Started process (PID=3531) to work on /home/fawzan/airflow/.venv/lib/python3.10/site-packages/airflow/example_dags/example_dynamic_task_mapping_with_no_taskflow_operators.py
[2024-11-06T18:15:33.262+0700] {processor.py:914} INFO - Processing file /home/fawzan/airflow/.venv/lib/python3.10/site-packages/airflow/example_dags/example_dynamic_task_mapping_with_no_taskflow_operators.py for tasks to queue
[2024-11-06T18:15:33.264+0700] {logging_mixin.py:190} INFO - [2024-11-06T18:15:33.264+0700] {dagbag.py:588} INFO - Filling up the DagBag from /home/fawzan/airflow/.venv/lib/python3.10/site-packages/airflow/example_dags/example_dynamic_task_mapping_with_no_taskflow_operators.py
[2024-11-06T18:15:33.271+0700] {processor.py:925} INFO - DAG(s) 'example_dynamic_task_mapping_with_no_taskflow_operators' retrieved from /home/fawzan/airflow/.venv/lib/python3.10/site-packages/airflow/example_dags/example_dynamic_task_mapping_with_no_taskflow_operators.py
[2024-11-06T18:15:33.279+0700] {logging_mixin.py:190} INFO - [2024-11-06T18:15:33.279+0700] {dag.py:3239} INFO - Sync 1 DAGs
[2024-11-06T18:15:33.286+0700] {logging_mixin.py:190} INFO - [2024-11-06T18:15:33.286+0700] {dag.py:4180} INFO - Setting next_dagrun for example_dynamic_task_mapping_with_no_taskflow_operators to None, run_after=None
[2024-11-06T18:15:33.297+0700] {processor.py:208} INFO - Processing /home/fawzan/airflow/.venv/lib/python3.10/site-packages/airflow/example_dags/example_dynamic_task_mapping_with_no_taskflow_operators.py took 0.045 seconds
[2024-11-06T18:16:51.596+0700] {processor.py:186} INFO - Started process (PID=3801) to work on /home/fawzan/airflow/.venv/lib/python3.10/site-packages/airflow/example_dags/example_dynamic_task_mapping_with_no_taskflow_operators.py
[2024-11-06T18:16:51.599+0700] {processor.py:914} INFO - Processing file /home/fawzan/airflow/.venv/lib/python3.10/site-packages/airflow/example_dags/example_dynamic_task_mapping_with_no_taskflow_operators.py for tasks to queue
[2024-11-06T18:16:51.602+0700] {logging_mixin.py:190} INFO - [2024-11-06T18:16:51.601+0700] {dagbag.py:588} INFO - Filling up the DagBag from /home/fawzan/airflow/.venv/lib/python3.10/site-packages/airflow/example_dags/example_dynamic_task_mapping_with_no_taskflow_operators.py
[2024-11-06T18:16:51.608+0700] {processor.py:925} INFO - DAG(s) 'example_dynamic_task_mapping_with_no_taskflow_operators' retrieved from /home/fawzan/airflow/.venv/lib/python3.10/site-packages/airflow/example_dags/example_dynamic_task_mapping_with_no_taskflow_operators.py
[2024-11-06T18:16:51.615+0700] {logging_mixin.py:190} INFO - [2024-11-06T18:16:51.615+0700] {dag.py:3239} INFO - Sync 1 DAGs
[2024-11-06T18:16:51.622+0700] {logging_mixin.py:190} INFO - [2024-11-06T18:16:51.622+0700] {dag.py:4180} INFO - Setting next_dagrun for example_dynamic_task_mapping_with_no_taskflow_operators to None, run_after=None
[2024-11-06T18:16:51.633+0700] {processor.py:208} INFO - Processing /home/fawzan/airflow/.venv/lib/python3.10/site-packages/airflow/example_dags/example_dynamic_task_mapping_with_no_taskflow_operators.py took 0.042 seconds
[2024-11-06T18:17:46.871+0700] {processor.py:186} INFO - Started process (PID=3949) to work on /home/fawzan/airflow/.venv/lib/python3.10/site-packages/airflow/example_dags/example_dynamic_task_mapping_with_no_taskflow_operators.py
[2024-11-06T18:17:46.875+0700] {processor.py:914} INFO - Processing file /home/fawzan/airflow/.venv/lib/python3.10/site-packages/airflow/example_dags/example_dynamic_task_mapping_with_no_taskflow_operators.py for tasks to queue
[2024-11-06T18:17:46.877+0700] {logging_mixin.py:190} INFO - [2024-11-06T18:17:46.877+0700] {dagbag.py:588} INFO - Filling up the DagBag from /home/fawzan/airflow/.venv/lib/python3.10/site-packages/airflow/example_dags/example_dynamic_task_mapping_with_no_taskflow_operators.py
[2024-11-06T18:17:46.884+0700] {processor.py:925} INFO - DAG(s) 'example_dynamic_task_mapping_with_no_taskflow_operators' retrieved from /home/fawzan/airflow/.venv/lib/python3.10/site-packages/airflow/example_dags/example_dynamic_task_mapping_with_no_taskflow_operators.py
[2024-11-06T18:17:46.893+0700] {logging_mixin.py:190} INFO - [2024-11-06T18:17:46.893+0700] {dag.py:3239} INFO - Sync 1 DAGs
[2024-11-06T18:17:46.900+0700] {logging_mixin.py:190} INFO - [2024-11-06T18:17:46.900+0700] {dag.py:4180} INFO - Setting next_dagrun for example_dynamic_task_mapping_with_no_taskflow_operators to None, run_after=None
[2024-11-06T18:17:46.912+0700] {processor.py:208} INFO - Processing /home/fawzan/airflow/.venv/lib/python3.10/site-packages/airflow/example_dags/example_dynamic_task_mapping_with_no_taskflow_operators.py took 0.046 seconds
[2024-11-06T18:19:04.520+0700] {processor.py:186} INFO - Started process (PID=4096) to work on /home/fawzan/airflow/.venv/lib/python3.10/site-packages/airflow/example_dags/example_dynamic_task_mapping_with_no_taskflow_operators.py
[2024-11-06T18:19:04.523+0700] {processor.py:914} INFO - Processing file /home/fawzan/airflow/.venv/lib/python3.10/site-packages/airflow/example_dags/example_dynamic_task_mapping_with_no_taskflow_operators.py for tasks to queue
[2024-11-06T18:19:04.525+0700] {logging_mixin.py:190} INFO - [2024-11-06T18:19:04.525+0700] {dagbag.py:588} INFO - Filling up the DagBag from /home/fawzan/airflow/.venv/lib/python3.10/site-packages/airflow/example_dags/example_dynamic_task_mapping_with_no_taskflow_operators.py
[2024-11-06T18:19:04.533+0700] {processor.py:925} INFO - DAG(s) 'example_dynamic_task_mapping_with_no_taskflow_operators' retrieved from /home/fawzan/airflow/.venv/lib/python3.10/site-packages/airflow/example_dags/example_dynamic_task_mapping_with_no_taskflow_operators.py
[2024-11-06T18:19:04.542+0700] {logging_mixin.py:190} INFO - [2024-11-06T18:19:04.542+0700] {dag.py:3239} INFO - Sync 1 DAGs
[2024-11-06T18:19:04.549+0700] {logging_mixin.py:190} INFO - [2024-11-06T18:19:04.549+0700] {dag.py:4180} INFO - Setting next_dagrun for example_dynamic_task_mapping_with_no_taskflow_operators to None, run_after=None
[2024-11-06T18:19:04.561+0700] {processor.py:208} INFO - Processing /home/fawzan/airflow/.venv/lib/python3.10/site-packages/airflow/example_dags/example_dynamic_task_mapping_with_no_taskflow_operators.py took 0.047 seconds
[2024-11-06T18:20:23.832+0700] {processor.py:186} INFO - Started process (PID=4244) to work on /home/fawzan/airflow/.venv/lib/python3.10/site-packages/airflow/example_dags/example_dynamic_task_mapping_with_no_taskflow_operators.py
[2024-11-06T18:20:23.835+0700] {processor.py:914} INFO - Processing file /home/fawzan/airflow/.venv/lib/python3.10/site-packages/airflow/example_dags/example_dynamic_task_mapping_with_no_taskflow_operators.py for tasks to queue
[2024-11-06T18:20:23.837+0700] {logging_mixin.py:190} INFO - [2024-11-06T18:20:23.837+0700] {dagbag.py:588} INFO - Filling up the DagBag from /home/fawzan/airflow/.venv/lib/python3.10/site-packages/airflow/example_dags/example_dynamic_task_mapping_with_no_taskflow_operators.py
[2024-11-06T18:20:23.845+0700] {processor.py:925} INFO - DAG(s) 'example_dynamic_task_mapping_with_no_taskflow_operators' retrieved from /home/fawzan/airflow/.venv/lib/python3.10/site-packages/airflow/example_dags/example_dynamic_task_mapping_with_no_taskflow_operators.py
[2024-11-06T18:20:23.855+0700] {logging_mixin.py:190} INFO - [2024-11-06T18:20:23.855+0700] {dag.py:3239} INFO - Sync 1 DAGs
[2024-11-06T18:20:23.862+0700] {logging_mixin.py:190} INFO - [2024-11-06T18:20:23.862+0700] {dag.py:4180} INFO - Setting next_dagrun for example_dynamic_task_mapping_with_no_taskflow_operators to None, run_after=None
[2024-11-06T18:20:23.874+0700] {processor.py:208} INFO - Processing /home/fawzan/airflow/.venv/lib/python3.10/site-packages/airflow/example_dags/example_dynamic_task_mapping_with_no_taskflow_operators.py took 0.047 seconds
[2024-11-06T18:21:30.821+0700] {processor.py:186} INFO - Started process (PID=4463) to work on /home/fawzan/airflow/.venv/lib/python3.10/site-packages/airflow/example_dags/example_dynamic_task_mapping_with_no_taskflow_operators.py
[2024-11-06T18:21:30.824+0700] {processor.py:914} INFO - Processing file /home/fawzan/airflow/.venv/lib/python3.10/site-packages/airflow/example_dags/example_dynamic_task_mapping_with_no_taskflow_operators.py for tasks to queue
[2024-11-06T18:21:30.826+0700] {logging_mixin.py:190} INFO - [2024-11-06T18:21:30.826+0700] {dagbag.py:588} INFO - Filling up the DagBag from /home/fawzan/airflow/.venv/lib/python3.10/site-packages/airflow/example_dags/example_dynamic_task_mapping_with_no_taskflow_operators.py
[2024-11-06T18:21:30.834+0700] {processor.py:925} INFO - DAG(s) 'example_dynamic_task_mapping_with_no_taskflow_operators' retrieved from /home/fawzan/airflow/.venv/lib/python3.10/site-packages/airflow/example_dags/example_dynamic_task_mapping_with_no_taskflow_operators.py
[2024-11-06T18:21:30.844+0700] {logging_mixin.py:190} INFO - [2024-11-06T18:21:30.844+0700] {dag.py:3239} INFO - Sync 1 DAGs
[2024-11-06T18:21:30.851+0700] {logging_mixin.py:190} INFO - [2024-11-06T18:21:30.851+0700] {dag.py:4180} INFO - Setting next_dagrun for example_dynamic_task_mapping_with_no_taskflow_operators to None, run_after=None
[2024-11-06T18:21:30.863+0700] {processor.py:208} INFO - Processing /home/fawzan/airflow/.venv/lib/python3.10/site-packages/airflow/example_dags/example_dynamic_task_mapping_with_no_taskflow_operators.py took 0.046 seconds
[2024-11-06T18:22:27.501+0700] {processor.py:186} INFO - Started process (PID=4585) to work on /home/fawzan/airflow/.venv/lib/python3.10/site-packages/airflow/example_dags/example_dynamic_task_mapping_with_no_taskflow_operators.py
[2024-11-06T18:22:27.504+0700] {processor.py:914} INFO - Processing file /home/fawzan/airflow/.venv/lib/python3.10/site-packages/airflow/example_dags/example_dynamic_task_mapping_with_no_taskflow_operators.py for tasks to queue
[2024-11-06T18:22:27.506+0700] {logging_mixin.py:190} INFO - [2024-11-06T18:22:27.506+0700] {dagbag.py:588} INFO - Filling up the DagBag from /home/fawzan/airflow/.venv/lib/python3.10/site-packages/airflow/example_dags/example_dynamic_task_mapping_with_no_taskflow_operators.py
[2024-11-06T18:22:27.514+0700] {processor.py:925} INFO - DAG(s) 'example_dynamic_task_mapping_with_no_taskflow_operators' retrieved from /home/fawzan/airflow/.venv/lib/python3.10/site-packages/airflow/example_dags/example_dynamic_task_mapping_with_no_taskflow_operators.py
[2024-11-06T18:22:27.524+0700] {logging_mixin.py:190} INFO - [2024-11-06T18:22:27.524+0700] {dag.py:3239} INFO - Sync 1 DAGs
[2024-11-06T18:22:27.530+0700] {logging_mixin.py:190} INFO - [2024-11-06T18:22:27.530+0700] {dag.py:4180} INFO - Setting next_dagrun for example_dynamic_task_mapping_with_no_taskflow_operators to None, run_after=None
[2024-11-06T18:22:27.543+0700] {processor.py:208} INFO - Processing /home/fawzan/airflow/.venv/lib/python3.10/site-packages/airflow/example_dags/example_dynamic_task_mapping_with_no_taskflow_operators.py took 0.046 seconds
[2024-11-06T18:23:23.017+0700] {processor.py:186} INFO - Started process (PID=4682) to work on /home/fawzan/airflow/.venv/lib/python3.10/site-packages/airflow/example_dags/example_dynamic_task_mapping_with_no_taskflow_operators.py
[2024-11-06T18:23:23.020+0700] {processor.py:914} INFO - Processing file /home/fawzan/airflow/.venv/lib/python3.10/site-packages/airflow/example_dags/example_dynamic_task_mapping_with_no_taskflow_operators.py for tasks to queue
[2024-11-06T18:23:23.022+0700] {logging_mixin.py:190} INFO - [2024-11-06T18:23:23.022+0700] {dagbag.py:588} INFO - Filling up the DagBag from /home/fawzan/airflow/.venv/lib/python3.10/site-packages/airflow/example_dags/example_dynamic_task_mapping_with_no_taskflow_operators.py
[2024-11-06T18:23:23.031+0700] {processor.py:925} INFO - DAG(s) 'example_dynamic_task_mapping_with_no_taskflow_operators' retrieved from /home/fawzan/airflow/.venv/lib/python3.10/site-packages/airflow/example_dags/example_dynamic_task_mapping_with_no_taskflow_operators.py
[2024-11-06T18:23:23.041+0700] {logging_mixin.py:190} INFO - [2024-11-06T18:23:23.041+0700] {dag.py:3239} INFO - Sync 1 DAGs
[2024-11-06T18:23:23.048+0700] {logging_mixin.py:190} INFO - [2024-11-06T18:23:23.048+0700] {dag.py:4180} INFO - Setting next_dagrun for example_dynamic_task_mapping_with_no_taskflow_operators to None, run_after=None
[2024-11-06T18:23:23.060+0700] {processor.py:208} INFO - Processing /home/fawzan/airflow/.venv/lib/python3.10/site-packages/airflow/example_dags/example_dynamic_task_mapping_with_no_taskflow_operators.py took 0.050 seconds
[2024-11-06T18:24:20.527+0700] {processor.py:186} INFO - Started process (PID=4800) to work on /home/fawzan/airflow/.venv/lib/python3.10/site-packages/airflow/example_dags/example_dynamic_task_mapping_with_no_taskflow_operators.py
[2024-11-06T18:24:20.528+0700] {processor.py:914} INFO - Processing file /home/fawzan/airflow/.venv/lib/python3.10/site-packages/airflow/example_dags/example_dynamic_task_mapping_with_no_taskflow_operators.py for tasks to queue
[2024-11-06T18:24:20.530+0700] {logging_mixin.py:190} INFO - [2024-11-06T18:24:20.530+0700] {dagbag.py:588} INFO - Filling up the DagBag from /home/fawzan/airflow/.venv/lib/python3.10/site-packages/airflow/example_dags/example_dynamic_task_mapping_with_no_taskflow_operators.py
[2024-11-06T18:24:20.538+0700] {processor.py:925} INFO - DAG(s) 'example_dynamic_task_mapping_with_no_taskflow_operators' retrieved from /home/fawzan/airflow/.venv/lib/python3.10/site-packages/airflow/example_dags/example_dynamic_task_mapping_with_no_taskflow_operators.py
[2024-11-06T18:24:20.547+0700] {logging_mixin.py:190} INFO - [2024-11-06T18:24:20.547+0700] {dag.py:3239} INFO - Sync 1 DAGs
[2024-11-06T18:24:20.553+0700] {logging_mixin.py:190} INFO - [2024-11-06T18:24:20.553+0700] {dag.py:4180} INFO - Setting next_dagrun for example_dynamic_task_mapping_with_no_taskflow_operators to None, run_after=None
[2024-11-06T18:24:20.565+0700] {processor.py:208} INFO - Processing /home/fawzan/airflow/.venv/lib/python3.10/site-packages/airflow/example_dags/example_dynamic_task_mapping_with_no_taskflow_operators.py took 0.043 seconds
[2024-11-06T18:33:01.147+0700] {processor.py:186} INFO - Started process (PID=5222) to work on /home/fawzan/airflow/.venv/lib/python3.10/site-packages/airflow/example_dags/example_dynamic_task_mapping_with_no_taskflow_operators.py
[2024-11-06T18:33:01.148+0700] {processor.py:914} INFO - Processing file /home/fawzan/airflow/.venv/lib/python3.10/site-packages/airflow/example_dags/example_dynamic_task_mapping_with_no_taskflow_operators.py for tasks to queue
[2024-11-06T18:33:01.150+0700] {logging_mixin.py:190} INFO - [2024-11-06T18:33:01.150+0700] {dagbag.py:588} INFO - Filling up the DagBag from /home/fawzan/airflow/.venv/lib/python3.10/site-packages/airflow/example_dags/example_dynamic_task_mapping_with_no_taskflow_operators.py
[2024-11-06T18:33:01.154+0700] {processor.py:925} INFO - DAG(s) 'example_dynamic_task_mapping_with_no_taskflow_operators' retrieved from /home/fawzan/airflow/.venv/lib/python3.10/site-packages/airflow/example_dags/example_dynamic_task_mapping_with_no_taskflow_operators.py
[2024-11-06T18:33:01.162+0700] {logging_mixin.py:190} INFO - [2024-11-06T18:33:01.162+0700] {dag.py:3239} INFO - Sync 1 DAGs
[2024-11-06T18:33:01.169+0700] {logging_mixin.py:190} INFO - [2024-11-06T18:33:01.169+0700] {dag.py:4180} INFO - Setting next_dagrun for example_dynamic_task_mapping_with_no_taskflow_operators to None, run_after=None
[2024-11-06T18:33:01.181+0700] {processor.py:208} INFO - Processing /home/fawzan/airflow/.venv/lib/python3.10/site-packages/airflow/example_dags/example_dynamic_task_mapping_with_no_taskflow_operators.py took 0.038 seconds
