[2024-11-06T17:13:58.407+0700] {processor.py:186} INFO - Started process (PID=4037) to work on /home/fawzan/airflow/.venv/lib/python3.10/site-packages/airflow/example_dags/example_python_decorator.py
[2024-11-06T17:13:58.408+0700] {processor.py:914} INFO - Processing file /home/fawzan/airflow/.venv/lib/python3.10/site-packages/airflow/example_dags/example_python_decorator.py for tasks to queue
[2024-11-06T17:13:58.410+0700] {logging_mixin.py:190} INFO - [2024-11-06T17:13:58.410+0700] {dagbag.py:588} INFO - Filling up the DagBag from /home/fawzan/airflow/.venv/lib/python3.10/site-packages/airflow/example_dags/example_python_decorator.py
[2024-11-06T17:13:58.417+0700] {logging_mixin.py:190} INFO - [2024-11-06T17:13:58.417+0700] {example_python_decorator.py:80} WARNING - The virtalenv_python example task requires virtualenv, please install it.
[2024-11-06T17:13:58.418+0700] {processor.py:925} INFO - DAG(s) 'example_python_decorator' retrieved from /home/fawzan/airflow/.venv/lib/python3.10/site-packages/airflow/example_dags/example_python_decorator.py
[2024-11-06T17:13:58.475+0700] {logging_mixin.py:190} INFO - [2024-11-06T17:13:58.474+0700] {override.py:1900} INFO - Created Permission View: can delete on DAG:example_python_decorator
[2024-11-06T17:13:58.481+0700] {logging_mixin.py:190} INFO - [2024-11-06T17:13:58.481+0700] {override.py:1900} INFO - Created Permission View: can read on DAG:example_python_decorator
[2024-11-06T17:13:58.487+0700] {logging_mixin.py:190} INFO - [2024-11-06T17:13:58.486+0700] {override.py:1900} INFO - Created Permission View: can edit on DAG:example_python_decorator
[2024-11-06T17:13:58.495+0700] {logging_mixin.py:190} INFO - [2024-11-06T17:13:58.494+0700] {override.py:1900} INFO - Created Permission View: can create on DAG Run:example_python_decorator
[2024-11-06T17:13:58.500+0700] {logging_mixin.py:190} INFO - [2024-11-06T17:13:58.499+0700] {override.py:1900} INFO - Created Permission View: can delete on DAG Run:example_python_decorator
[2024-11-06T17:13:58.504+0700] {logging_mixin.py:190} INFO - [2024-11-06T17:13:58.504+0700] {override.py:1900} INFO - Created Permission View: can read on DAG Run:example_python_decorator
[2024-11-06T17:13:58.509+0700] {logging_mixin.py:190} INFO - [2024-11-06T17:13:58.509+0700] {override.py:1900} INFO - Created Permission View: menu access on DAG Run:example_python_decorator
[2024-11-06T17:13:58.510+0700] {logging_mixin.py:190} INFO - [2024-11-06T17:13:58.509+0700] {dag.py:3239} INFO - Sync 1 DAGs
[2024-11-06T17:13:58.517+0700] {logging_mixin.py:190} INFO - [2024-11-06T17:13:58.516+0700] {dag.py:3262} INFO - Creating ORM DAG for example_python_decorator
[2024-11-06T17:13:58.517+0700] {logging_mixin.py:190} INFO - [2024-11-06T17:13:58.517+0700] {dag.py:4180} INFO - Setting next_dagrun for example_python_decorator to None, run_after=None
[2024-11-06T17:13:58.531+0700] {processor.py:208} INFO - Processing /home/fawzan/airflow/.venv/lib/python3.10/site-packages/airflow/example_dags/example_python_decorator.py took 0.129 seconds
[2024-11-06T17:14:53.706+0700] {processor.py:186} INFO - Started process (PID=4119) to work on /home/fawzan/airflow/.venv/lib/python3.10/site-packages/airflow/example_dags/example_python_decorator.py
[2024-11-06T17:14:53.709+0700] {processor.py:914} INFO - Processing file /home/fawzan/airflow/.venv/lib/python3.10/site-packages/airflow/example_dags/example_python_decorator.py for tasks to queue
[2024-11-06T17:14:53.711+0700] {logging_mixin.py:190} INFO - [2024-11-06T17:14:53.711+0700] {dagbag.py:588} INFO - Filling up the DagBag from /home/fawzan/airflow/.venv/lib/python3.10/site-packages/airflow/example_dags/example_python_decorator.py
[2024-11-06T17:14:53.720+0700] {logging_mixin.py:190} INFO - [2024-11-06T17:14:53.720+0700] {example_python_decorator.py:80} WARNING - The virtalenv_python example task requires virtualenv, please install it.
[2024-11-06T17:14:53.722+0700] {processor.py:925} INFO - DAG(s) 'example_python_decorator' retrieved from /home/fawzan/airflow/.venv/lib/python3.10/site-packages/airflow/example_dags/example_python_decorator.py
[2024-11-06T17:14:53.732+0700] {logging_mixin.py:190} INFO - [2024-11-06T17:14:53.731+0700] {dag.py:3239} INFO - Sync 1 DAGs
[2024-11-06T17:14:53.738+0700] {logging_mixin.py:190} INFO - [2024-11-06T17:14:53.738+0700] {dag.py:4180} INFO - Setting next_dagrun for example_python_decorator to None, run_after=None
[2024-11-06T17:14:53.750+0700] {processor.py:208} INFO - Processing /home/fawzan/airflow/.venv/lib/python3.10/site-packages/airflow/example_dags/example_python_decorator.py took 0.049 seconds
[2024-11-06T17:16:13.687+0700] {processor.py:186} INFO - Started process (PID=4211) to work on /home/fawzan/airflow/.venv/lib/python3.10/site-packages/airflow/example_dags/example_python_decorator.py
[2024-11-06T17:16:13.687+0700] {processor.py:914} INFO - Processing file /home/fawzan/airflow/.venv/lib/python3.10/site-packages/airflow/example_dags/example_python_decorator.py for tasks to queue
[2024-11-06T17:16:13.689+0700] {logging_mixin.py:190} INFO - [2024-11-06T17:16:13.689+0700] {dagbag.py:588} INFO - Filling up the DagBag from /home/fawzan/airflow/.venv/lib/python3.10/site-packages/airflow/example_dags/example_python_decorator.py
[2024-11-06T17:16:13.696+0700] {logging_mixin.py:190} INFO - [2024-11-06T17:16:13.696+0700] {example_python_decorator.py:80} WARNING - The virtalenv_python example task requires virtualenv, please install it.
[2024-11-06T17:16:13.697+0700] {processor.py:925} INFO - DAG(s) 'example_python_decorator' retrieved from /home/fawzan/airflow/.venv/lib/python3.10/site-packages/airflow/example_dags/example_python_decorator.py
[2024-11-06T17:16:13.706+0700] {logging_mixin.py:190} INFO - [2024-11-06T17:16:13.706+0700] {dag.py:3239} INFO - Sync 1 DAGs
[2024-11-06T17:16:13.712+0700] {logging_mixin.py:190} INFO - [2024-11-06T17:16:13.712+0700] {dag.py:4180} INFO - Setting next_dagrun for example_python_decorator to None, run_after=None
[2024-11-06T17:16:13.723+0700] {processor.py:208} INFO - Processing /home/fawzan/airflow/.venv/lib/python3.10/site-packages/airflow/example_dags/example_python_decorator.py took 0.042 seconds
[2024-11-06T18:13:47.368+0700] {processor.py:186} INFO - Started process (PID=3257) to work on /home/fawzan/airflow/.venv/lib/python3.10/site-packages/airflow/example_dags/example_python_decorator.py
[2024-11-06T18:13:47.371+0700] {processor.py:914} INFO - Processing file /home/fawzan/airflow/.venv/lib/python3.10/site-packages/airflow/example_dags/example_python_decorator.py for tasks to queue
[2024-11-06T18:13:47.374+0700] {logging_mixin.py:190} INFO - [2024-11-06T18:13:47.374+0700] {dagbag.py:588} INFO - Filling up the DagBag from /home/fawzan/airflow/.venv/lib/python3.10/site-packages/airflow/example_dags/example_python_decorator.py
[2024-11-06T18:13:47.383+0700] {logging_mixin.py:190} INFO - [2024-11-06T18:13:47.383+0700] {example_python_decorator.py:80} WARNING - The virtalenv_python example task requires virtualenv, please install it.
[2024-11-06T18:13:47.385+0700] {processor.py:925} INFO - DAG(s) 'example_python_decorator' retrieved from /home/fawzan/airflow/.venv/lib/python3.10/site-packages/airflow/example_dags/example_python_decorator.py
[2024-11-06T18:13:47.404+0700] {logging_mixin.py:190} INFO - [2024-11-06T18:13:47.403+0700] {dag.py:3239} INFO - Sync 1 DAGs
[2024-11-06T18:13:47.411+0700] {logging_mixin.py:190} INFO - [2024-11-06T18:13:47.410+0700] {dag.py:4180} INFO - Setting next_dagrun for example_python_decorator to None, run_after=None
[2024-11-06T18:13:47.423+0700] {processor.py:208} INFO - Processing /home/fawzan/airflow/.venv/lib/python3.10/site-packages/airflow/example_dags/example_python_decorator.py took 0.062 seconds
[2024-11-06T18:14:41.694+0700] {processor.py:186} INFO - Started process (PID=3409) to work on /home/fawzan/airflow/.venv/lib/python3.10/site-packages/airflow/example_dags/example_python_decorator.py
[2024-11-06T18:14:41.698+0700] {processor.py:914} INFO - Processing file /home/fawzan/airflow/.venv/lib/python3.10/site-packages/airflow/example_dags/example_python_decorator.py for tasks to queue
[2024-11-06T18:14:41.700+0700] {logging_mixin.py:190} INFO - [2024-11-06T18:14:41.699+0700] {dagbag.py:588} INFO - Filling up the DagBag from /home/fawzan/airflow/.venv/lib/python3.10/site-packages/airflow/example_dags/example_python_decorator.py
[2024-11-06T18:14:41.708+0700] {logging_mixin.py:190} INFO - [2024-11-06T18:14:41.708+0700] {example_python_decorator.py:80} WARNING - The virtalenv_python example task requires virtualenv, please install it.
[2024-11-06T18:14:41.709+0700] {processor.py:925} INFO - DAG(s) 'example_python_decorator' retrieved from /home/fawzan/airflow/.venv/lib/python3.10/site-packages/airflow/example_dags/example_python_decorator.py
[2024-11-06T18:14:41.718+0700] {logging_mixin.py:190} INFO - [2024-11-06T18:14:41.718+0700] {dag.py:3239} INFO - Sync 1 DAGs
[2024-11-06T18:14:41.726+0700] {logging_mixin.py:190} INFO - [2024-11-06T18:14:41.725+0700] {dag.py:4180} INFO - Setting next_dagrun for example_python_decorator to None, run_after=None
[2024-11-06T18:14:41.741+0700] {processor.py:208} INFO - Processing /home/fawzan/airflow/.venv/lib/python3.10/site-packages/airflow/example_dags/example_python_decorator.py took 0.051 seconds
[2024-11-06T18:16:08.645+0700] {processor.py:186} INFO - Started process (PID=3691) to work on /home/fawzan/airflow/.venv/lib/python3.10/site-packages/airflow/example_dags/example_python_decorator.py
[2024-11-06T18:16:08.648+0700] {processor.py:914} INFO - Processing file /home/fawzan/airflow/.venv/lib/python3.10/site-packages/airflow/example_dags/example_python_decorator.py for tasks to queue
[2024-11-06T18:16:08.650+0700] {logging_mixin.py:190} INFO - [2024-11-06T18:16:08.650+0700] {dagbag.py:588} INFO - Filling up the DagBag from /home/fawzan/airflow/.venv/lib/python3.10/site-packages/airflow/example_dags/example_python_decorator.py
[2024-11-06T18:16:08.657+0700] {logging_mixin.py:190} INFO - [2024-11-06T18:16:08.657+0700] {example_python_decorator.py:80} WARNING - The virtalenv_python example task requires virtualenv, please install it.
[2024-11-06T18:16:08.659+0700] {processor.py:925} INFO - DAG(s) 'example_python_decorator' retrieved from /home/fawzan/airflow/.venv/lib/python3.10/site-packages/airflow/example_dags/example_python_decorator.py
[2024-11-06T18:16:08.671+0700] {logging_mixin.py:190} INFO - [2024-11-06T18:16:08.670+0700] {dag.py:3239} INFO - Sync 1 DAGs
[2024-11-06T18:16:08.678+0700] {logging_mixin.py:190} INFO - [2024-11-06T18:16:08.678+0700] {dag.py:4180} INFO - Setting next_dagrun for example_python_decorator to None, run_after=None
[2024-11-06T18:16:08.691+0700] {processor.py:208} INFO - Processing /home/fawzan/airflow/.venv/lib/python3.10/site-packages/airflow/example_dags/example_python_decorator.py took 0.049 seconds
[2024-11-06T18:17:19.101+0700] {processor.py:186} INFO - Started process (PID=3888) to work on /home/fawzan/airflow/.venv/lib/python3.10/site-packages/airflow/example_dags/example_python_decorator.py
[2024-11-06T18:17:19.103+0700] {processor.py:914} INFO - Processing file /home/fawzan/airflow/.venv/lib/python3.10/site-packages/airflow/example_dags/example_python_decorator.py for tasks to queue
[2024-11-06T18:17:19.104+0700] {logging_mixin.py:190} INFO - [2024-11-06T18:17:19.103+0700] {dagbag.py:588} INFO - Filling up the DagBag from /home/fawzan/airflow/.venv/lib/python3.10/site-packages/airflow/example_dags/example_python_decorator.py
[2024-11-06T18:17:19.108+0700] {logging_mixin.py:190} INFO - [2024-11-06T18:17:19.108+0700] {example_python_decorator.py:80} WARNING - The virtalenv_python example task requires virtualenv, please install it.
[2024-11-06T18:17:19.110+0700] {processor.py:925} INFO - DAG(s) 'example_python_decorator' retrieved from /home/fawzan/airflow/.venv/lib/python3.10/site-packages/airflow/example_dags/example_python_decorator.py
[2024-11-06T18:17:19.120+0700] {logging_mixin.py:190} INFO - [2024-11-06T18:17:19.119+0700] {dag.py:3239} INFO - Sync 1 DAGs
[2024-11-06T18:17:19.132+0700] {logging_mixin.py:190} INFO - [2024-11-06T18:17:19.132+0700] {dag.py:4180} INFO - Setting next_dagrun for example_python_decorator to None, run_after=None
[2024-11-06T18:17:19.149+0700] {processor.py:208} INFO - Processing /home/fawzan/airflow/.venv/lib/python3.10/site-packages/airflow/example_dags/example_python_decorator.py took 0.051 seconds
[2024-11-06T18:18:36.354+0700] {processor.py:186} INFO - Started process (PID=4042) to work on /home/fawzan/airflow/.venv/lib/python3.10/site-packages/airflow/example_dags/example_python_decorator.py
[2024-11-06T18:18:36.357+0700] {processor.py:914} INFO - Processing file /home/fawzan/airflow/.venv/lib/python3.10/site-packages/airflow/example_dags/example_python_decorator.py for tasks to queue
[2024-11-06T18:18:36.359+0700] {logging_mixin.py:190} INFO - [2024-11-06T18:18:36.359+0700] {dagbag.py:588} INFO - Filling up the DagBag from /home/fawzan/airflow/.venv/lib/python3.10/site-packages/airflow/example_dags/example_python_decorator.py
[2024-11-06T18:18:36.368+0700] {logging_mixin.py:190} INFO - [2024-11-06T18:18:36.368+0700] {example_python_decorator.py:80} WARNING - The virtalenv_python example task requires virtualenv, please install it.
[2024-11-06T18:18:36.370+0700] {processor.py:925} INFO - DAG(s) 'example_python_decorator' retrieved from /home/fawzan/airflow/.venv/lib/python3.10/site-packages/airflow/example_dags/example_python_decorator.py
[2024-11-06T18:18:36.380+0700] {logging_mixin.py:190} INFO - [2024-11-06T18:18:36.380+0700] {dag.py:3239} INFO - Sync 1 DAGs
[2024-11-06T18:18:36.387+0700] {logging_mixin.py:190} INFO - [2024-11-06T18:18:36.387+0700] {dag.py:4180} INFO - Setting next_dagrun for example_python_decorator to None, run_after=None
[2024-11-06T18:18:36.399+0700] {processor.py:208} INFO - Processing /home/fawzan/airflow/.venv/lib/python3.10/site-packages/airflow/example_dags/example_python_decorator.py took 0.050 seconds
[2024-11-06T18:19:57.853+0700] {processor.py:186} INFO - Started process (PID=4195) to work on /home/fawzan/airflow/.venv/lib/python3.10/site-packages/airflow/example_dags/example_python_decorator.py
[2024-11-06T18:19:57.856+0700] {processor.py:914} INFO - Processing file /home/fawzan/airflow/.venv/lib/python3.10/site-packages/airflow/example_dags/example_python_decorator.py for tasks to queue
[2024-11-06T18:19:57.858+0700] {logging_mixin.py:190} INFO - [2024-11-06T18:19:57.857+0700] {dagbag.py:588} INFO - Filling up the DagBag from /home/fawzan/airflow/.venv/lib/python3.10/site-packages/airflow/example_dags/example_python_decorator.py
[2024-11-06T18:19:57.867+0700] {logging_mixin.py:190} INFO - [2024-11-06T18:19:57.866+0700] {example_python_decorator.py:80} WARNING - The virtalenv_python example task requires virtualenv, please install it.
[2024-11-06T18:19:57.869+0700] {processor.py:925} INFO - DAG(s) 'example_python_decorator' retrieved from /home/fawzan/airflow/.venv/lib/python3.10/site-packages/airflow/example_dags/example_python_decorator.py
[2024-11-06T18:19:57.879+0700] {logging_mixin.py:190} INFO - [2024-11-06T18:19:57.879+0700] {dag.py:3239} INFO - Sync 1 DAGs
[2024-11-06T18:19:57.886+0700] {logging_mixin.py:190} INFO - [2024-11-06T18:19:57.886+0700] {dag.py:4180} INFO - Setting next_dagrun for example_python_decorator to None, run_after=None
[2024-11-06T18:19:57.898+0700] {processor.py:208} INFO - Processing /home/fawzan/airflow/.venv/lib/python3.10/site-packages/airflow/example_dags/example_python_decorator.py took 0.050 seconds
[2024-11-06T18:21:34.400+0700] {processor.py:186} INFO - Started process (PID=4467) to work on /home/fawzan/airflow/.venv/lib/python3.10/site-packages/airflow/example_dags/example_python_decorator.py
[2024-11-06T18:21:34.404+0700] {processor.py:914} INFO - Processing file /home/fawzan/airflow/.venv/lib/python3.10/site-packages/airflow/example_dags/example_python_decorator.py for tasks to queue
[2024-11-06T18:21:34.406+0700] {logging_mixin.py:190} INFO - [2024-11-06T18:21:34.405+0700] {dagbag.py:588} INFO - Filling up the DagBag from /home/fawzan/airflow/.venv/lib/python3.10/site-packages/airflow/example_dags/example_python_decorator.py
[2024-11-06T18:21:34.414+0700] {logging_mixin.py:190} INFO - [2024-11-06T18:21:34.414+0700] {example_python_decorator.py:80} WARNING - The virtalenv_python example task requires virtualenv, please install it.
[2024-11-06T18:21:34.416+0700] {processor.py:925} INFO - DAG(s) 'example_python_decorator' retrieved from /home/fawzan/airflow/.venv/lib/python3.10/site-packages/airflow/example_dags/example_python_decorator.py
[2024-11-06T18:21:34.426+0700] {logging_mixin.py:190} INFO - [2024-11-06T18:21:34.425+0700] {dag.py:3239} INFO - Sync 1 DAGs
[2024-11-06T18:21:34.432+0700] {logging_mixin.py:190} INFO - [2024-11-06T18:21:34.432+0700] {dag.py:4180} INFO - Setting next_dagrun for example_python_decorator to None, run_after=None
[2024-11-06T18:21:34.444+0700] {processor.py:208} INFO - Processing /home/fawzan/airflow/.venv/lib/python3.10/site-packages/airflow/example_dags/example_python_decorator.py took 0.050 seconds
[2024-11-06T18:22:29.922+0700] {processor.py:186} INFO - Started process (PID=4590) to work on /home/fawzan/airflow/.venv/lib/python3.10/site-packages/airflow/example_dags/example_python_decorator.py
[2024-11-06T18:22:29.925+0700] {processor.py:914} INFO - Processing file /home/fawzan/airflow/.venv/lib/python3.10/site-packages/airflow/example_dags/example_python_decorator.py for tasks to queue
[2024-11-06T18:22:29.928+0700] {logging_mixin.py:190} INFO - [2024-11-06T18:22:29.927+0700] {dagbag.py:588} INFO - Filling up the DagBag from /home/fawzan/airflow/.venv/lib/python3.10/site-packages/airflow/example_dags/example_python_decorator.py
[2024-11-06T18:22:29.937+0700] {logging_mixin.py:190} INFO - [2024-11-06T18:22:29.936+0700] {example_python_decorator.py:80} WARNING - The virtalenv_python example task requires virtualenv, please install it.
[2024-11-06T18:22:29.938+0700] {processor.py:925} INFO - DAG(s) 'example_python_decorator' retrieved from /home/fawzan/airflow/.venv/lib/python3.10/site-packages/airflow/example_dags/example_python_decorator.py
[2024-11-06T18:22:29.948+0700] {logging_mixin.py:190} INFO - [2024-11-06T18:22:29.948+0700] {dag.py:3239} INFO - Sync 1 DAGs
[2024-11-06T18:22:29.955+0700] {logging_mixin.py:190} INFO - [2024-11-06T18:22:29.955+0700] {dag.py:4180} INFO - Setting next_dagrun for example_python_decorator to None, run_after=None
[2024-11-06T18:22:29.968+0700] {processor.py:208} INFO - Processing /home/fawzan/airflow/.venv/lib/python3.10/site-packages/airflow/example_dags/example_python_decorator.py took 0.051 seconds
[2024-11-06T18:23:26.228+0700] {processor.py:186} INFO - Started process (PID=4688) to work on /home/fawzan/airflow/.venv/lib/python3.10/site-packages/airflow/example_dags/example_python_decorator.py
[2024-11-06T18:23:26.232+0700] {processor.py:914} INFO - Processing file /home/fawzan/airflow/.venv/lib/python3.10/site-packages/airflow/example_dags/example_python_decorator.py for tasks to queue
[2024-11-06T18:23:26.234+0700] {logging_mixin.py:190} INFO - [2024-11-06T18:23:26.233+0700] {dagbag.py:588} INFO - Filling up the DagBag from /home/fawzan/airflow/.venv/lib/python3.10/site-packages/airflow/example_dags/example_python_decorator.py
[2024-11-06T18:23:26.242+0700] {logging_mixin.py:190} INFO - [2024-11-06T18:23:26.242+0700] {example_python_decorator.py:80} WARNING - The virtalenv_python example task requires virtualenv, please install it.
[2024-11-06T18:23:26.244+0700] {processor.py:925} INFO - DAG(s) 'example_python_decorator' retrieved from /home/fawzan/airflow/.venv/lib/python3.10/site-packages/airflow/example_dags/example_python_decorator.py
[2024-11-06T18:23:26.254+0700] {logging_mixin.py:190} INFO - [2024-11-06T18:23:26.253+0700] {dag.py:3239} INFO - Sync 1 DAGs
[2024-11-06T18:23:26.260+0700] {logging_mixin.py:190} INFO - [2024-11-06T18:23:26.260+0700] {dag.py:4180} INFO - Setting next_dagrun for example_python_decorator to None, run_after=None
[2024-11-06T18:23:26.272+0700] {processor.py:208} INFO - Processing /home/fawzan/airflow/.venv/lib/python3.10/site-packages/airflow/example_dags/example_python_decorator.py took 0.049 seconds
[2024-11-06T18:24:22.592+0700] {processor.py:186} INFO - Started process (PID=4806) to work on /home/fawzan/airflow/.venv/lib/python3.10/site-packages/airflow/example_dags/example_python_decorator.py
[2024-11-06T18:24:22.595+0700] {processor.py:914} INFO - Processing file /home/fawzan/airflow/.venv/lib/python3.10/site-packages/airflow/example_dags/example_python_decorator.py for tasks to queue
[2024-11-06T18:24:22.596+0700] {logging_mixin.py:190} INFO - [2024-11-06T18:24:22.596+0700] {dagbag.py:588} INFO - Filling up the DagBag from /home/fawzan/airflow/.venv/lib/python3.10/site-packages/airflow/example_dags/example_python_decorator.py
[2024-11-06T18:24:22.602+0700] {logging_mixin.py:190} INFO - [2024-11-06T18:24:22.601+0700] {example_python_decorator.py:80} WARNING - The virtalenv_python example task requires virtualenv, please install it.
[2024-11-06T18:24:22.603+0700] {processor.py:925} INFO - DAG(s) 'example_python_decorator' retrieved from /home/fawzan/airflow/.venv/lib/python3.10/site-packages/airflow/example_dags/example_python_decorator.py
[2024-11-06T18:24:22.612+0700] {logging_mixin.py:190} INFO - [2024-11-06T18:24:22.611+0700] {dag.py:3239} INFO - Sync 1 DAGs
[2024-11-06T18:24:22.618+0700] {logging_mixin.py:190} INFO - [2024-11-06T18:24:22.618+0700] {dag.py:4180} INFO - Setting next_dagrun for example_python_decorator to None, run_after=None
[2024-11-06T18:24:22.630+0700] {processor.py:208} INFO - Processing /home/fawzan/airflow/.venv/lib/python3.10/site-packages/airflow/example_dags/example_python_decorator.py took 0.043 seconds
[2024-11-06T18:33:03.772+0700] {processor.py:186} INFO - Started process (PID=5226) to work on /home/fawzan/airflow/.venv/lib/python3.10/site-packages/airflow/example_dags/example_python_decorator.py
[2024-11-06T18:33:03.775+0700] {processor.py:914} INFO - Processing file /home/fawzan/airflow/.venv/lib/python3.10/site-packages/airflow/example_dags/example_python_decorator.py for tasks to queue
[2024-11-06T18:33:03.777+0700] {logging_mixin.py:190} INFO - [2024-11-06T18:33:03.777+0700] {dagbag.py:588} INFO - Filling up the DagBag from /home/fawzan/airflow/.venv/lib/python3.10/site-packages/airflow/example_dags/example_python_decorator.py
[2024-11-06T18:33:03.783+0700] {logging_mixin.py:190} INFO - [2024-11-06T18:33:03.783+0700] {example_python_decorator.py:80} WARNING - The virtalenv_python example task requires virtualenv, please install it.
[2024-11-06T18:33:03.784+0700] {processor.py:925} INFO - DAG(s) 'example_python_decorator' retrieved from /home/fawzan/airflow/.venv/lib/python3.10/site-packages/airflow/example_dags/example_python_decorator.py
[2024-11-06T18:33:03.796+0700] {logging_mixin.py:190} INFO - [2024-11-06T18:33:03.795+0700] {dag.py:3239} INFO - Sync 1 DAGs
[2024-11-06T18:33:03.803+0700] {logging_mixin.py:190} INFO - [2024-11-06T18:33:03.802+0700] {dag.py:4180} INFO - Setting next_dagrun for example_python_decorator to None, run_after=None
[2024-11-06T18:33:03.815+0700] {processor.py:208} INFO - Processing /home/fawzan/airflow/.venv/lib/python3.10/site-packages/airflow/example_dags/example_python_decorator.py took 0.049 seconds
