[2024-11-06T17:07:43.444+0700] {processor.py:186} INFO - Started process (PID=3764) to work on /home/fawzan/airflow/.venv/lib/python3.10/site-packages/airflow/example_dags/example_task_group.py
[2024-11-06T17:07:43.444+0700] {processor.py:914} INFO - Processing file /home/fawzan/airflow/.venv/lib/python3.10/site-packages/airflow/example_dags/example_task_group.py for tasks to queue
[2024-11-06T17:07:43.445+0700] {logging_mixin.py:190} INFO - [2024-11-06T17:07:43.445+0700] {dagbag.py:588} INFO - Filling up the DagBag from /home/fawzan/airflow/.venv/lib/python3.10/site-packages/airflow/example_dags/example_task_group.py
[2024-11-06T17:07:43.449+0700] {processor.py:925} INFO - DAG(s) 'example_task_group' retrieved from /home/fawzan/airflow/.venv/lib/python3.10/site-packages/airflow/example_dags/example_task_group.py
[2024-11-06T17:07:43.533+0700] {logging_mixin.py:190} INFO - [2024-11-06T17:07:43.532+0700] {override.py:1900} INFO - Created Permission View: can edit on DAG:example_task_group
[2024-11-06T17:07:43.546+0700] {logging_mixin.py:190} INFO - [2024-11-06T17:07:43.545+0700] {override.py:1900} INFO - Created Permission View: can delete on DAG:example_task_group
[2024-11-06T17:07:43.554+0700] {logging_mixin.py:190} INFO - [2024-11-06T17:07:43.553+0700] {override.py:1900} INFO - Created Permission View: can read on DAG:example_task_group
[2024-11-06T17:07:43.565+0700] {logging_mixin.py:190} INFO - [2024-11-06T17:07:43.565+0700] {override.py:1900} INFO - Created Permission View: can delete on DAG Run:example_task_group
[2024-11-06T17:07:43.573+0700] {logging_mixin.py:190} INFO - [2024-11-06T17:07:43.573+0700] {override.py:1900} INFO - Created Permission View: can create on DAG Run:example_task_group
[2024-11-06T17:07:43.580+0700] {logging_mixin.py:190} INFO - [2024-11-06T17:07:43.580+0700] {override.py:1900} INFO - Created Permission View: menu access on DAG Run:example_task_group
[2024-11-06T17:07:43.586+0700] {logging_mixin.py:190} INFO - [2024-11-06T17:07:43.586+0700] {override.py:1900} INFO - Created Permission View: can read on DAG Run:example_task_group
[2024-11-06T17:07:43.586+0700] {logging_mixin.py:190} INFO - [2024-11-06T17:07:43.586+0700] {dag.py:3239} INFO - Sync 1 DAGs
[2024-11-06T17:07:43.593+0700] {logging_mixin.py:190} INFO - [2024-11-06T17:07:43.593+0700] {dag.py:3262} INFO - Creating ORM DAG for example_task_group
[2024-11-06T17:07:43.593+0700] {logging_mixin.py:190} INFO - [2024-11-06T17:07:43.593+0700] {dag.py:4180} INFO - Setting next_dagrun for example_task_group to None, run_after=None
[2024-11-06T17:07:43.604+0700] {processor.py:208} INFO - Processing /home/fawzan/airflow/.venv/lib/python3.10/site-packages/airflow/example_dags/example_task_group.py took 0.165 seconds
[2024-11-06T17:13:15.763+0700] {processor.py:186} INFO - Started process (PID=3976) to work on /home/fawzan/airflow/.venv/lib/python3.10/site-packages/airflow/example_dags/example_task_group.py
[2024-11-06T17:13:15.766+0700] {processor.py:914} INFO - Processing file /home/fawzan/airflow/.venv/lib/python3.10/site-packages/airflow/example_dags/example_task_group.py for tasks to queue
[2024-11-06T17:13:15.769+0700] {logging_mixin.py:190} INFO - [2024-11-06T17:13:15.769+0700] {dagbag.py:588} INFO - Filling up the DagBag from /home/fawzan/airflow/.venv/lib/python3.10/site-packages/airflow/example_dags/example_task_group.py
[2024-11-06T17:13:15.778+0700] {processor.py:925} INFO - DAG(s) 'example_task_group' retrieved from /home/fawzan/airflow/.venv/lib/python3.10/site-packages/airflow/example_dags/example_task_group.py
[2024-11-06T17:13:15.792+0700] {logging_mixin.py:190} INFO - [2024-11-06T17:13:15.792+0700] {dag.py:3239} INFO - Sync 1 DAGs
[2024-11-06T17:13:15.799+0700] {logging_mixin.py:190} INFO - [2024-11-06T17:13:15.798+0700] {dag.py:4180} INFO - Setting next_dagrun for example_task_group to None, run_after=None
[2024-11-06T17:13:15.811+0700] {processor.py:208} INFO - Processing /home/fawzan/airflow/.venv/lib/python3.10/site-packages/airflow/example_dags/example_task_group.py took 0.054 seconds
[2024-11-06T17:14:11.394+0700] {processor.py:186} INFO - Started process (PID=4057) to work on /home/fawzan/airflow/.venv/lib/python3.10/site-packages/airflow/example_dags/example_task_group.py
[2024-11-06T17:14:11.397+0700] {processor.py:914} INFO - Processing file /home/fawzan/airflow/.venv/lib/python3.10/site-packages/airflow/example_dags/example_task_group.py for tasks to queue
[2024-11-06T17:14:11.398+0700] {logging_mixin.py:190} INFO - [2024-11-06T17:14:11.398+0700] {dagbag.py:588} INFO - Filling up the DagBag from /home/fawzan/airflow/.venv/lib/python3.10/site-packages/airflow/example_dags/example_task_group.py
[2024-11-06T17:14:11.403+0700] {processor.py:925} INFO - DAG(s) 'example_task_group' retrieved from /home/fawzan/airflow/.venv/lib/python3.10/site-packages/airflow/example_dags/example_task_group.py
[2024-11-06T17:14:11.412+0700] {logging_mixin.py:190} INFO - [2024-11-06T17:14:11.411+0700] {dag.py:3239} INFO - Sync 1 DAGs
[2024-11-06T17:14:11.418+0700] {logging_mixin.py:190} INFO - [2024-11-06T17:14:11.418+0700] {dag.py:4180} INFO - Setting next_dagrun for example_task_group to None, run_after=None
[2024-11-06T17:14:11.430+0700] {processor.py:208} INFO - Processing /home/fawzan/airflow/.venv/lib/python3.10/site-packages/airflow/example_dags/example_task_group.py took 0.038 seconds
[2024-11-06T17:15:05.167+0700] {processor.py:186} INFO - Started process (PID=4130) to work on /home/fawzan/airflow/.venv/lib/python3.10/site-packages/airflow/example_dags/example_task_group.py
[2024-11-06T17:15:05.170+0700] {processor.py:914} INFO - Processing file /home/fawzan/airflow/.venv/lib/python3.10/site-packages/airflow/example_dags/example_task_group.py for tasks to queue
[2024-11-06T17:15:05.172+0700] {logging_mixin.py:190} INFO - [2024-11-06T17:15:05.172+0700] {dagbag.py:588} INFO - Filling up the DagBag from /home/fawzan/airflow/.venv/lib/python3.10/site-packages/airflow/example_dags/example_task_group.py
[2024-11-06T17:15:05.180+0700] {processor.py:925} INFO - DAG(s) 'example_task_group' retrieved from /home/fawzan/airflow/.venv/lib/python3.10/site-packages/airflow/example_dags/example_task_group.py
[2024-11-06T17:15:05.191+0700] {logging_mixin.py:190} INFO - [2024-11-06T17:15:05.191+0700] {dag.py:3239} INFO - Sync 1 DAGs
[2024-11-06T17:15:05.197+0700] {logging_mixin.py:190} INFO - [2024-11-06T17:15:05.197+0700] {dag.py:4180} INFO - Setting next_dagrun for example_task_group to None, run_after=None
[2024-11-06T17:15:05.209+0700] {processor.py:208} INFO - Processing /home/fawzan/airflow/.venv/lib/python3.10/site-packages/airflow/example_dags/example_task_group.py took 0.048 seconds
[2024-11-06T17:15:58.213+0700] {processor.py:186} INFO - Started process (PID=4184) to work on /home/fawzan/airflow/.venv/lib/python3.10/site-packages/airflow/example_dags/example_task_group.py
[2024-11-06T17:15:58.216+0700] {processor.py:914} INFO - Processing file /home/fawzan/airflow/.venv/lib/python3.10/site-packages/airflow/example_dags/example_task_group.py for tasks to queue
[2024-11-06T17:15:58.219+0700] {logging_mixin.py:190} INFO - [2024-11-06T17:15:58.219+0700] {dagbag.py:588} INFO - Filling up the DagBag from /home/fawzan/airflow/.venv/lib/python3.10/site-packages/airflow/example_dags/example_task_group.py
[2024-11-06T17:15:58.227+0700] {processor.py:925} INFO - DAG(s) 'example_task_group' retrieved from /home/fawzan/airflow/.venv/lib/python3.10/site-packages/airflow/example_dags/example_task_group.py
[2024-11-06T17:15:58.238+0700] {logging_mixin.py:190} INFO - [2024-11-06T17:15:58.238+0700] {dag.py:3239} INFO - Sync 1 DAGs
[2024-11-06T17:15:58.244+0700] {logging_mixin.py:190} INFO - [2024-11-06T17:15:58.244+0700] {dag.py:4180} INFO - Setting next_dagrun for example_task_group to None, run_after=None
[2024-11-06T17:15:58.256+0700] {processor.py:208} INFO - Processing /home/fawzan/airflow/.venv/lib/python3.10/site-packages/airflow/example_dags/example_task_group.py took 0.048 seconds
[2024-11-06T18:13:05.001+0700] {processor.py:186} INFO - Started process (PID=2706) to work on /home/fawzan/airflow/.venv/lib/python3.10/site-packages/airflow/example_dags/example_task_group.py
[2024-11-06T18:13:05.004+0700] {processor.py:914} INFO - Processing file /home/fawzan/airflow/.venv/lib/python3.10/site-packages/airflow/example_dags/example_task_group.py for tasks to queue
[2024-11-06T18:13:05.007+0700] {logging_mixin.py:190} INFO - [2024-11-06T18:13:05.006+0700] {dagbag.py:588} INFO - Filling up the DagBag from /home/fawzan/airflow/.venv/lib/python3.10/site-packages/airflow/example_dags/example_task_group.py
[2024-11-06T18:13:05.015+0700] {processor.py:925} INFO - DAG(s) 'example_task_group' retrieved from /home/fawzan/airflow/.venv/lib/python3.10/site-packages/airflow/example_dags/example_task_group.py
[2024-11-06T18:13:05.029+0700] {logging_mixin.py:190} INFO - [2024-11-06T18:13:05.028+0700] {dag.py:3239} INFO - Sync 1 DAGs
[2024-11-06T18:13:05.035+0700] {logging_mixin.py:190} INFO - [2024-11-06T18:13:05.035+0700] {dag.py:4180} INFO - Setting next_dagrun for example_task_group to None, run_after=None
[2024-11-06T18:13:05.048+0700] {processor.py:208} INFO - Processing /home/fawzan/airflow/.venv/lib/python3.10/site-packages/airflow/example_dags/example_task_group.py took 0.052 seconds
[2024-11-06T18:14:00.460+0700] {processor.py:186} INFO - Started process (PID=3294) to work on /home/fawzan/airflow/.venv/lib/python3.10/site-packages/airflow/example_dags/example_task_group.py
[2024-11-06T18:14:00.463+0700] {processor.py:914} INFO - Processing file /home/fawzan/airflow/.venv/lib/python3.10/site-packages/airflow/example_dags/example_task_group.py for tasks to queue
[2024-11-06T18:14:00.465+0700] {logging_mixin.py:190} INFO - [2024-11-06T18:14:00.465+0700] {dagbag.py:588} INFO - Filling up the DagBag from /home/fawzan/airflow/.venv/lib/python3.10/site-packages/airflow/example_dags/example_task_group.py
[2024-11-06T18:14:00.473+0700] {processor.py:925} INFO - DAG(s) 'example_task_group' retrieved from /home/fawzan/airflow/.venv/lib/python3.10/site-packages/airflow/example_dags/example_task_group.py
[2024-11-06T18:14:00.482+0700] {logging_mixin.py:190} INFO - [2024-11-06T18:14:00.482+0700] {dag.py:3239} INFO - Sync 1 DAGs
[2024-11-06T18:14:00.488+0700] {logging_mixin.py:190} INFO - [2024-11-06T18:14:00.488+0700] {dag.py:4180} INFO - Setting next_dagrun for example_task_group to None, run_after=None
[2024-11-06T18:14:00.500+0700] {processor.py:208} INFO - Processing /home/fawzan/airflow/.venv/lib/python3.10/site-packages/airflow/example_dags/example_task_group.py took 0.045 seconds
[2024-11-06T18:14:52.015+0700] {processor.py:186} INFO - Started process (PID=3441) to work on /home/fawzan/airflow/.venv/lib/python3.10/site-packages/airflow/example_dags/example_task_group.py
[2024-11-06T18:14:52.019+0700] {processor.py:914} INFO - Processing file /home/fawzan/airflow/.venv/lib/python3.10/site-packages/airflow/example_dags/example_task_group.py for tasks to queue
[2024-11-06T18:14:52.021+0700] {logging_mixin.py:190} INFO - [2024-11-06T18:14:52.021+0700] {dagbag.py:588} INFO - Filling up the DagBag from /home/fawzan/airflow/.venv/lib/python3.10/site-packages/airflow/example_dags/example_task_group.py
[2024-11-06T18:14:52.028+0700] {processor.py:925} INFO - DAG(s) 'example_task_group' retrieved from /home/fawzan/airflow/.venv/lib/python3.10/site-packages/airflow/example_dags/example_task_group.py
[2024-11-06T18:14:52.038+0700] {logging_mixin.py:190} INFO - [2024-11-06T18:14:52.038+0700] {dag.py:3239} INFO - Sync 1 DAGs
[2024-11-06T18:14:52.044+0700] {logging_mixin.py:190} INFO - [2024-11-06T18:14:52.044+0700] {dag.py:4180} INFO - Setting next_dagrun for example_task_group to None, run_after=None
[2024-11-06T18:14:52.056+0700] {processor.py:208} INFO - Processing /home/fawzan/airflow/.venv/lib/python3.10/site-packages/airflow/example_dags/example_task_group.py took 0.046 seconds
[2024-11-06T18:15:41.838+0700] {processor.py:186} INFO - Started process (PID=3559) to work on /home/fawzan/airflow/.venv/lib/python3.10/site-packages/airflow/example_dags/example_task_group.py
[2024-11-06T18:15:41.841+0700] {processor.py:914} INFO - Processing file /home/fawzan/airflow/.venv/lib/python3.10/site-packages/airflow/example_dags/example_task_group.py for tasks to queue
[2024-11-06T18:15:41.843+0700] {logging_mixin.py:190} INFO - [2024-11-06T18:15:41.843+0700] {dagbag.py:588} INFO - Filling up the DagBag from /home/fawzan/airflow/.venv/lib/python3.10/site-packages/airflow/example_dags/example_task_group.py
[2024-11-06T18:15:41.852+0700] {processor.py:925} INFO - DAG(s) 'example_task_group' retrieved from /home/fawzan/airflow/.venv/lib/python3.10/site-packages/airflow/example_dags/example_task_group.py
[2024-11-06T18:15:41.863+0700] {logging_mixin.py:190} INFO - [2024-11-06T18:15:41.862+0700] {dag.py:3239} INFO - Sync 1 DAGs
[2024-11-06T18:15:41.869+0700] {logging_mixin.py:190} INFO - [2024-11-06T18:15:41.869+0700] {dag.py:4180} INFO - Setting next_dagrun for example_task_group to None, run_after=None
[2024-11-06T18:15:41.881+0700] {processor.py:208} INFO - Processing /home/fawzan/airflow/.venv/lib/python3.10/site-packages/airflow/example_dags/example_task_group.py took 0.047 seconds
[2024-11-06T18:16:21.802+0700] {processor.py:186} INFO - Started process (PID=3735) to work on /home/fawzan/airflow/.venv/lib/python3.10/site-packages/airflow/example_dags/example_task_group.py
[2024-11-06T18:16:21.805+0700] {processor.py:914} INFO - Processing file /home/fawzan/airflow/.venv/lib/python3.10/site-packages/airflow/example_dags/example_task_group.py for tasks to queue
[2024-11-06T18:16:21.808+0700] {logging_mixin.py:190} INFO - [2024-11-06T18:16:21.808+0700] {dagbag.py:588} INFO - Filling up the DagBag from /home/fawzan/airflow/.venv/lib/python3.10/site-packages/airflow/example_dags/example_task_group.py
[2024-11-06T18:16:21.818+0700] {processor.py:925} INFO - DAG(s) 'example_task_group' retrieved from /home/fawzan/airflow/.venv/lib/python3.10/site-packages/airflow/example_dags/example_task_group.py
[2024-11-06T18:16:21.830+0700] {logging_mixin.py:190} INFO - [2024-11-06T18:16:21.830+0700] {dag.py:3239} INFO - Sync 1 DAGs
[2024-11-06T18:16:21.837+0700] {logging_mixin.py:190} INFO - [2024-11-06T18:16:21.836+0700] {dag.py:4180} INFO - Setting next_dagrun for example_task_group to None, run_after=None
[2024-11-06T18:16:21.849+0700] {processor.py:208} INFO - Processing /home/fawzan/airflow/.venv/lib/python3.10/site-packages/airflow/example_dags/example_task_group.py took 0.054 seconds
[2024-11-06T18:17:02.609+0700] {processor.py:186} INFO - Started process (PID=3838) to work on /home/fawzan/airflow/.venv/lib/python3.10/site-packages/airflow/example_dags/example_task_group.py
[2024-11-06T18:17:02.612+0700] {processor.py:914} INFO - Processing file /home/fawzan/airflow/.venv/lib/python3.10/site-packages/airflow/example_dags/example_task_group.py for tasks to queue
[2024-11-06T18:17:02.614+0700] {logging_mixin.py:190} INFO - [2024-11-06T18:17:02.614+0700] {dagbag.py:588} INFO - Filling up the DagBag from /home/fawzan/airflow/.venv/lib/python3.10/site-packages/airflow/example_dags/example_task_group.py
[2024-11-06T18:17:02.622+0700] {processor.py:925} INFO - DAG(s) 'example_task_group' retrieved from /home/fawzan/airflow/.venv/lib/python3.10/site-packages/airflow/example_dags/example_task_group.py
[2024-11-06T18:17:02.632+0700] {logging_mixin.py:190} INFO - [2024-11-06T18:17:02.631+0700] {dag.py:3239} INFO - Sync 1 DAGs
[2024-11-06T18:17:02.638+0700] {logging_mixin.py:190} INFO - [2024-11-06T18:17:02.638+0700] {dag.py:4180} INFO - Setting next_dagrun for example_task_group to None, run_after=None
[2024-11-06T18:17:02.649+0700] {processor.py:208} INFO - Processing /home/fawzan/airflow/.venv/lib/python3.10/site-packages/airflow/example_dags/example_task_group.py took 0.046 seconds
[2024-11-06T18:17:55.187+0700] {processor.py:186} INFO - Started process (PID=3964) to work on /home/fawzan/airflow/.venv/lib/python3.10/site-packages/airflow/example_dags/example_task_group.py
[2024-11-06T18:17:55.190+0700] {processor.py:914} INFO - Processing file /home/fawzan/airflow/.venv/lib/python3.10/site-packages/airflow/example_dags/example_task_group.py for tasks to queue
[2024-11-06T18:17:55.194+0700] {logging_mixin.py:190} INFO - [2024-11-06T18:17:55.193+0700] {dagbag.py:588} INFO - Filling up the DagBag from /home/fawzan/airflow/.venv/lib/python3.10/site-packages/airflow/example_dags/example_task_group.py
[2024-11-06T18:17:55.208+0700] {processor.py:925} INFO - DAG(s) 'example_task_group' retrieved from /home/fawzan/airflow/.venv/lib/python3.10/site-packages/airflow/example_dags/example_task_group.py
[2024-11-06T18:17:55.221+0700] {logging_mixin.py:190} INFO - [2024-11-06T18:17:55.220+0700] {dag.py:3239} INFO - Sync 1 DAGs
[2024-11-06T18:17:55.228+0700] {logging_mixin.py:190} INFO - [2024-11-06T18:17:55.227+0700] {dag.py:4180} INFO - Setting next_dagrun for example_task_group to None, run_after=None
[2024-11-06T18:17:55.241+0700] {processor.py:208} INFO - Processing /home/fawzan/airflow/.venv/lib/python3.10/site-packages/airflow/example_dags/example_task_group.py took 0.060 seconds
[2024-11-06T18:18:46.125+0700] {processor.py:186} INFO - Started process (PID=4061) to work on /home/fawzan/airflow/.venv/lib/python3.10/site-packages/airflow/example_dags/example_task_group.py
[2024-11-06T18:18:46.128+0700] {processor.py:914} INFO - Processing file /home/fawzan/airflow/.venv/lib/python3.10/site-packages/airflow/example_dags/example_task_group.py for tasks to queue
[2024-11-06T18:18:46.130+0700] {logging_mixin.py:190} INFO - [2024-11-06T18:18:46.130+0700] {dagbag.py:588} INFO - Filling up the DagBag from /home/fawzan/airflow/.venv/lib/python3.10/site-packages/airflow/example_dags/example_task_group.py
[2024-11-06T18:18:46.138+0700] {processor.py:925} INFO - DAG(s) 'example_task_group' retrieved from /home/fawzan/airflow/.venv/lib/python3.10/site-packages/airflow/example_dags/example_task_group.py
[2024-11-06T18:18:46.148+0700] {logging_mixin.py:190} INFO - [2024-11-06T18:18:46.148+0700] {dag.py:3239} INFO - Sync 1 DAGs
[2024-11-06T18:18:46.155+0700] {logging_mixin.py:190} INFO - [2024-11-06T18:18:46.155+0700] {dag.py:4180} INFO - Setting next_dagrun for example_task_group to None, run_after=None
[2024-11-06T18:18:46.166+0700] {processor.py:208} INFO - Processing /home/fawzan/airflow/.venv/lib/python3.10/site-packages/airflow/example_dags/example_task_group.py took 0.045 seconds
[2024-11-06T18:19:39.870+0700] {processor.py:186} INFO - Started process (PID=4165) to work on /home/fawzan/airflow/.venv/lib/python3.10/site-packages/airflow/example_dags/example_task_group.py
[2024-11-06T18:19:39.873+0700] {processor.py:914} INFO - Processing file /home/fawzan/airflow/.venv/lib/python3.10/site-packages/airflow/example_dags/example_task_group.py for tasks to queue
[2024-11-06T18:19:39.875+0700] {logging_mixin.py:190} INFO - [2024-11-06T18:19:39.874+0700] {dagbag.py:588} INFO - Filling up the DagBag from /home/fawzan/airflow/.venv/lib/python3.10/site-packages/airflow/example_dags/example_task_group.py
[2024-11-06T18:19:39.881+0700] {processor.py:925} INFO - DAG(s) 'example_task_group' retrieved from /home/fawzan/airflow/.venv/lib/python3.10/site-packages/airflow/example_dags/example_task_group.py
[2024-11-06T18:19:39.891+0700] {logging_mixin.py:190} INFO - [2024-11-06T18:19:39.890+0700] {dag.py:3239} INFO - Sync 1 DAGs
[2024-11-06T18:19:39.897+0700] {logging_mixin.py:190} INFO - [2024-11-06T18:19:39.897+0700] {dag.py:4180} INFO - Setting next_dagrun for example_task_group to None, run_after=None
[2024-11-06T18:19:39.910+0700] {processor.py:208} INFO - Processing /home/fawzan/airflow/.venv/lib/python3.10/site-packages/airflow/example_dags/example_task_group.py took 0.045 seconds
[2024-11-06T18:20:34.622+0700] {processor.py:186} INFO - Started process (PID=4263) to work on /home/fawzan/airflow/.venv/lib/python3.10/site-packages/airflow/example_dags/example_task_group.py
[2024-11-06T18:20:34.625+0700] {processor.py:914} INFO - Processing file /home/fawzan/airflow/.venv/lib/python3.10/site-packages/airflow/example_dags/example_task_group.py for tasks to queue
[2024-11-06T18:20:34.628+0700] {logging_mixin.py:190} INFO - [2024-11-06T18:20:34.628+0700] {dagbag.py:588} INFO - Filling up the DagBag from /home/fawzan/airflow/.venv/lib/python3.10/site-packages/airflow/example_dags/example_task_group.py
[2024-11-06T18:20:34.636+0700] {processor.py:925} INFO - DAG(s) 'example_task_group' retrieved from /home/fawzan/airflow/.venv/lib/python3.10/site-packages/airflow/example_dags/example_task_group.py
[2024-11-06T18:20:34.646+0700] {logging_mixin.py:190} INFO - [2024-11-06T18:20:34.646+0700] {dag.py:3239} INFO - Sync 1 DAGs
[2024-11-06T18:20:34.653+0700] {logging_mixin.py:190} INFO - [2024-11-06T18:20:34.653+0700] {dag.py:4180} INFO - Setting next_dagrun for example_task_group to None, run_after=None
[2024-11-06T18:20:34.665+0700] {processor.py:208} INFO - Processing /home/fawzan/airflow/.venv/lib/python3.10/site-packages/airflow/example_dags/example_task_group.py took 0.048 seconds
[2024-11-06T18:21:45.982+0700] {processor.py:186} INFO - Started process (PID=4483) to work on /home/fawzan/airflow/.venv/lib/python3.10/site-packages/airflow/example_dags/example_task_group.py
[2024-11-06T18:21:45.985+0700] {processor.py:914} INFO - Processing file /home/fawzan/airflow/.venv/lib/python3.10/site-packages/airflow/example_dags/example_task_group.py for tasks to queue
[2024-11-06T18:21:45.988+0700] {logging_mixin.py:190} INFO - [2024-11-06T18:21:45.988+0700] {dagbag.py:588} INFO - Filling up the DagBag from /home/fawzan/airflow/.venv/lib/python3.10/site-packages/airflow/example_dags/example_task_group.py
[2024-11-06T18:21:45.997+0700] {processor.py:925} INFO - DAG(s) 'example_task_group' retrieved from /home/fawzan/airflow/.venv/lib/python3.10/site-packages/airflow/example_dags/example_task_group.py
[2024-11-06T18:21:46.007+0700] {logging_mixin.py:190} INFO - [2024-11-06T18:21:46.007+0700] {dag.py:3239} INFO - Sync 1 DAGs
[2024-11-06T18:21:46.014+0700] {logging_mixin.py:190} INFO - [2024-11-06T18:21:46.014+0700] {dag.py:4180} INFO - Setting next_dagrun for example_task_group to None, run_after=None
[2024-11-06T18:21:46.026+0700] {processor.py:208} INFO - Processing /home/fawzan/airflow/.venv/lib/python3.10/site-packages/airflow/example_dags/example_task_group.py took 0.049 seconds
[2024-11-06T18:22:41.309+0700] {processor.py:186} INFO - Started process (PID=4609) to work on /home/fawzan/airflow/.venv/lib/python3.10/site-packages/airflow/example_dags/example_task_group.py
[2024-11-06T18:22:41.312+0700] {processor.py:914} INFO - Processing file /home/fawzan/airflow/.venv/lib/python3.10/site-packages/airflow/example_dags/example_task_group.py for tasks to queue
[2024-11-06T18:22:41.315+0700] {logging_mixin.py:190} INFO - [2024-11-06T18:22:41.315+0700] {dagbag.py:588} INFO - Filling up the DagBag from /home/fawzan/airflow/.venv/lib/python3.10/site-packages/airflow/example_dags/example_task_group.py
[2024-11-06T18:22:41.324+0700] {processor.py:925} INFO - DAG(s) 'example_task_group' retrieved from /home/fawzan/airflow/.venv/lib/python3.10/site-packages/airflow/example_dags/example_task_group.py
[2024-11-06T18:22:41.334+0700] {logging_mixin.py:190} INFO - [2024-11-06T18:22:41.334+0700] {dag.py:3239} INFO - Sync 1 DAGs
[2024-11-06T18:22:41.341+0700] {logging_mixin.py:190} INFO - [2024-11-06T18:22:41.341+0700] {dag.py:4180} INFO - Setting next_dagrun for example_task_group to None, run_after=None
[2024-11-06T18:22:41.353+0700] {processor.py:208} INFO - Processing /home/fawzan/airflow/.venv/lib/python3.10/site-packages/airflow/example_dags/example_task_group.py took 0.050 seconds
[2024-11-06T18:23:36.619+0700] {processor.py:186} INFO - Started process (PID=4707) to work on /home/fawzan/airflow/.venv/lib/python3.10/site-packages/airflow/example_dags/example_task_group.py
[2024-11-06T18:23:36.622+0700] {processor.py:914} INFO - Processing file /home/fawzan/airflow/.venv/lib/python3.10/site-packages/airflow/example_dags/example_task_group.py for tasks to queue
[2024-11-06T18:23:36.625+0700] {logging_mixin.py:190} INFO - [2024-11-06T18:23:36.625+0700] {dagbag.py:588} INFO - Filling up the DagBag from /home/fawzan/airflow/.venv/lib/python3.10/site-packages/airflow/example_dags/example_task_group.py
[2024-11-06T18:23:36.634+0700] {processor.py:925} INFO - DAG(s) 'example_task_group' retrieved from /home/fawzan/airflow/.venv/lib/python3.10/site-packages/airflow/example_dags/example_task_group.py
[2024-11-06T18:23:36.644+0700] {logging_mixin.py:190} INFO - [2024-11-06T18:23:36.644+0700] {dag.py:3239} INFO - Sync 1 DAGs
[2024-11-06T18:23:36.651+0700] {logging_mixin.py:190} INFO - [2024-11-06T18:23:36.651+0700] {dag.py:4180} INFO - Setting next_dagrun for example_task_group to None, run_after=None
[2024-11-06T18:23:36.663+0700] {processor.py:208} INFO - Processing /home/fawzan/airflow/.venv/lib/python3.10/site-packages/airflow/example_dags/example_task_group.py took 0.049 seconds
[2024-11-06T18:24:32.145+0700] {processor.py:186} INFO - Started process (PID=4827) to work on /home/fawzan/airflow/.venv/lib/python3.10/site-packages/airflow/example_dags/example_task_group.py
[2024-11-06T18:24:32.147+0700] {processor.py:914} INFO - Processing file /home/fawzan/airflow/.venv/lib/python3.10/site-packages/airflow/example_dags/example_task_group.py for tasks to queue
[2024-11-06T18:24:32.149+0700] {logging_mixin.py:190} INFO - [2024-11-06T18:24:32.149+0700] {dagbag.py:588} INFO - Filling up the DagBag from /home/fawzan/airflow/.venv/lib/python3.10/site-packages/airflow/example_dags/example_task_group.py
[2024-11-06T18:24:32.157+0700] {processor.py:925} INFO - DAG(s) 'example_task_group' retrieved from /home/fawzan/airflow/.venv/lib/python3.10/site-packages/airflow/example_dags/example_task_group.py
[2024-11-06T18:24:32.167+0700] {logging_mixin.py:190} INFO - [2024-11-06T18:24:32.167+0700] {dag.py:3239} INFO - Sync 1 DAGs
[2024-11-06T18:24:32.175+0700] {logging_mixin.py:190} INFO - [2024-11-06T18:24:32.174+0700] {dag.py:4180} INFO - Setting next_dagrun for example_task_group to None, run_after=None
[2024-11-06T18:24:32.187+0700] {processor.py:208} INFO - Processing /home/fawzan/airflow/.venv/lib/python3.10/site-packages/airflow/example_dags/example_task_group.py took 0.045 seconds
[2024-11-06T18:32:19.134+0700] {processor.py:186} INFO - Started process (PID=5136) to work on /home/fawzan/airflow/.venv/lib/python3.10/site-packages/airflow/example_dags/example_task_group.py
[2024-11-06T18:32:19.137+0700] {processor.py:914} INFO - Processing file /home/fawzan/airflow/.venv/lib/python3.10/site-packages/airflow/example_dags/example_task_group.py for tasks to queue
[2024-11-06T18:32:19.140+0700] {logging_mixin.py:190} INFO - [2024-11-06T18:32:19.139+0700] {dagbag.py:588} INFO - Filling up the DagBag from /home/fawzan/airflow/.venv/lib/python3.10/site-packages/airflow/example_dags/example_task_group.py
[2024-11-06T18:32:19.148+0700] {processor.py:925} INFO - DAG(s) 'example_task_group' retrieved from /home/fawzan/airflow/.venv/lib/python3.10/site-packages/airflow/example_dags/example_task_group.py
[2024-11-06T18:32:19.160+0700] {logging_mixin.py:190} INFO - [2024-11-06T18:32:19.160+0700] {dag.py:3239} INFO - Sync 1 DAGs
[2024-11-06T18:32:19.166+0700] {logging_mixin.py:190} INFO - [2024-11-06T18:32:19.166+0700] {dag.py:4180} INFO - Setting next_dagrun for example_task_group to None, run_after=None
[2024-11-06T18:32:19.178+0700] {processor.py:208} INFO - Processing /home/fawzan/airflow/.venv/lib/python3.10/site-packages/airflow/example_dags/example_task_group.py took 0.049 seconds
[2024-11-06T18:33:17.597+0700] {processor.py:186} INFO - Started process (PID=5250) to work on /home/fawzan/airflow/.venv/lib/python3.10/site-packages/airflow/example_dags/example_task_group.py
[2024-11-06T18:33:17.600+0700] {processor.py:914} INFO - Processing file /home/fawzan/airflow/.venv/lib/python3.10/site-packages/airflow/example_dags/example_task_group.py for tasks to queue
[2024-11-06T18:33:17.603+0700] {logging_mixin.py:190} INFO - [2024-11-06T18:33:17.602+0700] {dagbag.py:588} INFO - Filling up the DagBag from /home/fawzan/airflow/.venv/lib/python3.10/site-packages/airflow/example_dags/example_task_group.py
[2024-11-06T18:33:17.611+0700] {processor.py:925} INFO - DAG(s) 'example_task_group' retrieved from /home/fawzan/airflow/.venv/lib/python3.10/site-packages/airflow/example_dags/example_task_group.py
[2024-11-06T18:33:17.622+0700] {logging_mixin.py:190} INFO - [2024-11-06T18:33:17.622+0700] {dag.py:3239} INFO - Sync 1 DAGs
[2024-11-06T18:33:17.629+0700] {logging_mixin.py:190} INFO - [2024-11-06T18:33:17.629+0700] {dag.py:4180} INFO - Setting next_dagrun for example_task_group to None, run_after=None
[2024-11-06T18:33:17.641+0700] {processor.py:208} INFO - Processing /home/fawzan/airflow/.venv/lib/python3.10/site-packages/airflow/example_dags/example_task_group.py took 0.050 seconds
