[2024-11-06T17:13:49.405+0700] {processor.py:186} INFO - Started process (PID=4025) to work on /home/fawzan/airflow/.venv/lib/python3.10/site-packages/airflow/example_dags/example_dag_decorator.py
[2024-11-06T17:13:49.406+0700] {processor.py:914} INFO - Processing file /home/fawzan/airflow/.venv/lib/python3.10/site-packages/airflow/example_dags/example_dag_decorator.py for tasks to queue
[2024-11-06T17:13:49.407+0700] {logging_mixin.py:190} INFO - [2024-11-06T17:13:49.407+0700] {dagbag.py:588} INFO - Filling up the DagBag from /home/fawzan/airflow/.venv/lib/python3.10/site-packages/airflow/example_dags/example_dag_decorator.py
[2024-11-06T17:13:49.413+0700] {processor.py:925} INFO - DAG(s) 'example_dag_decorator' retrieved from /home/fawzan/airflow/.venv/lib/python3.10/site-packages/airflow/example_dags/example_dag_decorator.py
[2024-11-06T17:13:49.471+0700] {logging_mixin.py:190} INFO - [2024-11-06T17:13:49.470+0700] {override.py:1900} INFO - Created Permission View: can delete on DAG:example_dag_decorator
[2024-11-06T17:13:49.478+0700] {logging_mixin.py:190} INFO - [2024-11-06T17:13:49.478+0700] {override.py:1900} INFO - Created Permission View: can read on DAG:example_dag_decorator
[2024-11-06T17:13:49.484+0700] {logging_mixin.py:190} INFO - [2024-11-06T17:13:49.484+0700] {override.py:1900} INFO - Created Permission View: can edit on DAG:example_dag_decorator
[2024-11-06T17:13:49.493+0700] {logging_mixin.py:190} INFO - [2024-11-06T17:13:49.492+0700] {override.py:1900} INFO - Created Permission View: can create on DAG Run:example_dag_decorator
[2024-11-06T17:13:49.498+0700] {logging_mixin.py:190} INFO - [2024-11-06T17:13:49.498+0700] {override.py:1900} INFO - Created Permission View: can delete on DAG Run:example_dag_decorator
[2024-11-06T17:13:49.504+0700] {logging_mixin.py:190} INFO - [2024-11-06T17:13:49.504+0700] {override.py:1900} INFO - Created Permission View: can read on DAG Run:example_dag_decorator
[2024-11-06T17:13:49.509+0700] {logging_mixin.py:190} INFO - [2024-11-06T17:13:49.508+0700] {override.py:1900} INFO - Created Permission View: menu access on DAG Run:example_dag_decorator
[2024-11-06T17:13:49.509+0700] {logging_mixin.py:190} INFO - [2024-11-06T17:13:49.509+0700] {dag.py:3239} INFO - Sync 1 DAGs
[2024-11-06T17:13:49.515+0700] {logging_mixin.py:190} INFO - [2024-11-06T17:13:49.515+0700] {dag.py:3262} INFO - Creating ORM DAG for example_dag_decorator
[2024-11-06T17:13:49.515+0700] {logging_mixin.py:190} INFO - [2024-11-06T17:13:49.515+0700] {dag.py:4180} INFO - Setting next_dagrun for example_dag_decorator to None, run_after=None
[2024-11-06T17:13:49.529+0700] {processor.py:208} INFO - Processing /home/fawzan/airflow/.venv/lib/python3.10/site-packages/airflow/example_dags/example_dag_decorator.py took 0.130 seconds
[2024-11-06T17:14:46.268+0700] {processor.py:186} INFO - Started process (PID=4111) to work on /home/fawzan/airflow/.venv/lib/python3.10/site-packages/airflow/example_dags/example_dag_decorator.py
[2024-11-06T17:14:46.271+0700] {processor.py:914} INFO - Processing file /home/fawzan/airflow/.venv/lib/python3.10/site-packages/airflow/example_dags/example_dag_decorator.py for tasks to queue
[2024-11-06T17:14:46.273+0700] {logging_mixin.py:190} INFO - [2024-11-06T17:14:46.273+0700] {dagbag.py:588} INFO - Filling up the DagBag from /home/fawzan/airflow/.venv/lib/python3.10/site-packages/airflow/example_dags/example_dag_decorator.py
[2024-11-06T17:14:46.283+0700] {processor.py:925} INFO - DAG(s) 'example_dag_decorator' retrieved from /home/fawzan/airflow/.venv/lib/python3.10/site-packages/airflow/example_dags/example_dag_decorator.py
[2024-11-06T17:14:46.333+0700] {logging_mixin.py:190} INFO - [2024-11-06T17:14:46.333+0700] {dag.py:3239} INFO - Sync 1 DAGs
[2024-11-06T17:14:46.339+0700] {logging_mixin.py:190} INFO - [2024-11-06T17:14:46.339+0700] {dag.py:4180} INFO - Setting next_dagrun for example_dag_decorator to None, run_after=None
[2024-11-06T17:14:46.352+0700] {processor.py:208} INFO - Processing /home/fawzan/airflow/.venv/lib/python3.10/site-packages/airflow/example_dags/example_dag_decorator.py took 0.090 seconds
[2024-11-06T17:15:42.895+0700] {processor.py:186} INFO - Started process (PID=4169) to work on /home/fawzan/airflow/.venv/lib/python3.10/site-packages/airflow/example_dags/example_dag_decorator.py
[2024-11-06T17:15:42.898+0700] {processor.py:914} INFO - Processing file /home/fawzan/airflow/.venv/lib/python3.10/site-packages/airflow/example_dags/example_dag_decorator.py for tasks to queue
[2024-11-06T17:15:42.899+0700] {logging_mixin.py:190} INFO - [2024-11-06T17:15:42.899+0700] {dagbag.py:588} INFO - Filling up the DagBag from /home/fawzan/airflow/.venv/lib/python3.10/site-packages/airflow/example_dags/example_dag_decorator.py
[2024-11-06T17:15:42.906+0700] {processor.py:925} INFO - DAG(s) 'example_dag_decorator' retrieved from /home/fawzan/airflow/.venv/lib/python3.10/site-packages/airflow/example_dags/example_dag_decorator.py
[2024-11-06T17:15:42.957+0700] {logging_mixin.py:190} INFO - [2024-11-06T17:15:42.957+0700] {dag.py:3239} INFO - Sync 1 DAGs
[2024-11-06T17:15:42.963+0700] {logging_mixin.py:190} INFO - [2024-11-06T17:15:42.963+0700] {dag.py:4180} INFO - Setting next_dagrun for example_dag_decorator to None, run_after=None
[2024-11-06T17:15:42.974+0700] {processor.py:208} INFO - Processing /home/fawzan/airflow/.venv/lib/python3.10/site-packages/airflow/example_dags/example_dag_decorator.py took 0.083 seconds
[2024-11-06T18:13:38.791+0700] {processor.py:186} INFO - Started process (PID=3195) to work on /home/fawzan/airflow/.venv/lib/python3.10/site-packages/airflow/example_dags/example_dag_decorator.py
[2024-11-06T18:13:38.792+0700] {processor.py:914} INFO - Processing file /home/fawzan/airflow/.venv/lib/python3.10/site-packages/airflow/example_dags/example_dag_decorator.py for tasks to queue
[2024-11-06T18:13:38.793+0700] {logging_mixin.py:190} INFO - [2024-11-06T18:13:38.793+0700] {dagbag.py:588} INFO - Filling up the DagBag from /home/fawzan/airflow/.venv/lib/python3.10/site-packages/airflow/example_dags/example_dag_decorator.py
[2024-11-06T18:13:38.799+0700] {processor.py:925} INFO - DAG(s) 'example_dag_decorator' retrieved from /home/fawzan/airflow/.venv/lib/python3.10/site-packages/airflow/example_dags/example_dag_decorator.py
[2024-11-06T18:13:38.850+0700] {logging_mixin.py:190} INFO - [2024-11-06T18:13:38.850+0700] {dag.py:3239} INFO - Sync 1 DAGs
[2024-11-06T18:13:38.856+0700] {logging_mixin.py:190} INFO - [2024-11-06T18:13:38.855+0700] {dag.py:4180} INFO - Setting next_dagrun for example_dag_decorator to None, run_after=None
[2024-11-06T18:13:38.868+0700] {processor.py:208} INFO - Processing /home/fawzan/airflow/.venv/lib/python3.10/site-packages/airflow/example_dags/example_dag_decorator.py took 0.081 seconds
[2024-11-06T18:14:33.668+0700] {processor.py:186} INFO - Started process (PID=3394) to work on /home/fawzan/airflow/.venv/lib/python3.10/site-packages/airflow/example_dags/example_dag_decorator.py
[2024-11-06T18:14:33.671+0700] {processor.py:914} INFO - Processing file /home/fawzan/airflow/.venv/lib/python3.10/site-packages/airflow/example_dags/example_dag_decorator.py for tasks to queue
[2024-11-06T18:14:33.673+0700] {logging_mixin.py:190} INFO - [2024-11-06T18:14:33.673+0700] {dagbag.py:588} INFO - Filling up the DagBag from /home/fawzan/airflow/.venv/lib/python3.10/site-packages/airflow/example_dags/example_dag_decorator.py
[2024-11-06T18:14:33.683+0700] {processor.py:925} INFO - DAG(s) 'example_dag_decorator' retrieved from /home/fawzan/airflow/.venv/lib/python3.10/site-packages/airflow/example_dags/example_dag_decorator.py
[2024-11-06T18:14:33.735+0700] {logging_mixin.py:190} INFO - [2024-11-06T18:14:33.734+0700] {dag.py:3239} INFO - Sync 1 DAGs
[2024-11-06T18:14:33.740+0700] {logging_mixin.py:190} INFO - [2024-11-06T18:14:33.740+0700] {dag.py:4180} INFO - Setting next_dagrun for example_dag_decorator to None, run_after=None
[2024-11-06T18:14:33.754+0700] {processor.py:208} INFO - Processing /home/fawzan/airflow/.venv/lib/python3.10/site-packages/airflow/example_dags/example_dag_decorator.py took 0.092 seconds
[2024-11-06T18:15:28.932+0700] {processor.py:186} INFO - Started process (PID=3521) to work on /home/fawzan/airflow/.venv/lib/python3.10/site-packages/airflow/example_dags/example_dag_decorator.py
[2024-11-06T18:15:28.935+0700] {processor.py:914} INFO - Processing file /home/fawzan/airflow/.venv/lib/python3.10/site-packages/airflow/example_dags/example_dag_decorator.py for tasks to queue
[2024-11-06T18:15:28.937+0700] {logging_mixin.py:190} INFO - [2024-11-06T18:15:28.937+0700] {dagbag.py:588} INFO - Filling up the DagBag from /home/fawzan/airflow/.venv/lib/python3.10/site-packages/airflow/example_dags/example_dag_decorator.py
[2024-11-06T18:15:28.947+0700] {processor.py:925} INFO - DAG(s) 'example_dag_decorator' retrieved from /home/fawzan/airflow/.venv/lib/python3.10/site-packages/airflow/example_dags/example_dag_decorator.py
[2024-11-06T18:15:28.998+0700] {logging_mixin.py:190} INFO - [2024-11-06T18:15:28.997+0700] {dag.py:3239} INFO - Sync 1 DAGs
[2024-11-06T18:15:29.003+0700] {logging_mixin.py:190} INFO - [2024-11-06T18:15:29.003+0700] {dag.py:4180} INFO - Setting next_dagrun for example_dag_decorator to None, run_after=None
[2024-11-06T18:15:29.016+0700] {processor.py:208} INFO - Processing /home/fawzan/airflow/.venv/lib/python3.10/site-packages/airflow/example_dags/example_dag_decorator.py took 0.090 seconds
[2024-11-06T18:16:46.205+0700] {processor.py:186} INFO - Started process (PID=3790) to work on /home/fawzan/airflow/.venv/lib/python3.10/site-packages/airflow/example_dags/example_dag_decorator.py
[2024-11-06T18:16:46.208+0700] {processor.py:914} INFO - Processing file /home/fawzan/airflow/.venv/lib/python3.10/site-packages/airflow/example_dags/example_dag_decorator.py for tasks to queue
[2024-11-06T18:16:46.210+0700] {logging_mixin.py:190} INFO - [2024-11-06T18:16:46.210+0700] {dagbag.py:588} INFO - Filling up the DagBag from /home/fawzan/airflow/.venv/lib/python3.10/site-packages/airflow/example_dags/example_dag_decorator.py
[2024-11-06T18:16:46.222+0700] {processor.py:925} INFO - DAG(s) 'example_dag_decorator' retrieved from /home/fawzan/airflow/.venv/lib/python3.10/site-packages/airflow/example_dags/example_dag_decorator.py
[2024-11-06T18:16:46.273+0700] {logging_mixin.py:190} INFO - [2024-11-06T18:16:46.273+0700] {dag.py:3239} INFO - Sync 1 DAGs
[2024-11-06T18:16:46.279+0700] {logging_mixin.py:190} INFO - [2024-11-06T18:16:46.278+0700] {dag.py:4180} INFO - Setting next_dagrun for example_dag_decorator to None, run_after=None
[2024-11-06T18:16:46.291+0700] {processor.py:208} INFO - Processing /home/fawzan/airflow/.venv/lib/python3.10/site-packages/airflow/example_dags/example_dag_decorator.py took 0.091 seconds
[2024-11-06T18:17:42.013+0700] {processor.py:186} INFO - Started process (PID=3931) to work on /home/fawzan/airflow/.venv/lib/python3.10/site-packages/airflow/example_dags/example_dag_decorator.py
[2024-11-06T18:17:42.016+0700] {processor.py:914} INFO - Processing file /home/fawzan/airflow/.venv/lib/python3.10/site-packages/airflow/example_dags/example_dag_decorator.py for tasks to queue
[2024-11-06T18:17:42.017+0700] {logging_mixin.py:190} INFO - [2024-11-06T18:17:42.017+0700] {dagbag.py:588} INFO - Filling up the DagBag from /home/fawzan/airflow/.venv/lib/python3.10/site-packages/airflow/example_dags/example_dag_decorator.py
[2024-11-06T18:17:42.026+0700] {processor.py:925} INFO - DAG(s) 'example_dag_decorator' retrieved from /home/fawzan/airflow/.venv/lib/python3.10/site-packages/airflow/example_dags/example_dag_decorator.py
[2024-11-06T18:17:42.081+0700] {logging_mixin.py:190} INFO - [2024-11-06T18:17:42.081+0700] {dag.py:3239} INFO - Sync 1 DAGs
[2024-11-06T18:17:42.092+0700] {logging_mixin.py:190} INFO - [2024-11-06T18:17:42.091+0700] {dag.py:4180} INFO - Setting next_dagrun for example_dag_decorator to None, run_after=None
[2024-11-06T18:17:42.106+0700] {processor.py:208} INFO - Processing /home/fawzan/airflow/.venv/lib/python3.10/site-packages/airflow/example_dags/example_dag_decorator.py took 0.097 seconds
[2024-11-06T18:18:33.972+0700] {processor.py:186} INFO - Started process (PID=4039) to work on /home/fawzan/airflow/.venv/lib/python3.10/site-packages/airflow/example_dags/example_dag_decorator.py
[2024-11-06T18:18:33.974+0700] {processor.py:914} INFO - Processing file /home/fawzan/airflow/.venv/lib/python3.10/site-packages/airflow/example_dags/example_dag_decorator.py for tasks to queue
[2024-11-06T18:18:33.976+0700] {logging_mixin.py:190} INFO - [2024-11-06T18:18:33.976+0700] {dagbag.py:588} INFO - Filling up the DagBag from /home/fawzan/airflow/.venv/lib/python3.10/site-packages/airflow/example_dags/example_dag_decorator.py
[2024-11-06T18:18:33.986+0700] {processor.py:925} INFO - DAG(s) 'example_dag_decorator' retrieved from /home/fawzan/airflow/.venv/lib/python3.10/site-packages/airflow/example_dags/example_dag_decorator.py
[2024-11-06T18:18:34.040+0700] {logging_mixin.py:190} INFO - [2024-11-06T18:18:34.039+0700] {dag.py:3239} INFO - Sync 1 DAGs
[2024-11-06T18:18:34.046+0700] {logging_mixin.py:190} INFO - [2024-11-06T18:18:34.046+0700] {dag.py:4180} INFO - Setting next_dagrun for example_dag_decorator to None, run_after=None
[2024-11-06T18:18:34.059+0700] {processor.py:208} INFO - Processing /home/fawzan/airflow/.venv/lib/python3.10/site-packages/airflow/example_dags/example_dag_decorator.py took 0.092 seconds
[2024-11-06T18:19:26.106+0700] {processor.py:186} INFO - Started process (PID=4142) to work on /home/fawzan/airflow/.venv/lib/python3.10/site-packages/airflow/example_dags/example_dag_decorator.py
[2024-11-06T18:19:26.109+0700] {processor.py:914} INFO - Processing file /home/fawzan/airflow/.venv/lib/python3.10/site-packages/airflow/example_dags/example_dag_decorator.py for tasks to queue
[2024-11-06T18:19:26.111+0700] {logging_mixin.py:190} INFO - [2024-11-06T18:19:26.111+0700] {dagbag.py:588} INFO - Filling up the DagBag from /home/fawzan/airflow/.venv/lib/python3.10/site-packages/airflow/example_dags/example_dag_decorator.py
[2024-11-06T18:19:26.122+0700] {processor.py:925} INFO - DAG(s) 'example_dag_decorator' retrieved from /home/fawzan/airflow/.venv/lib/python3.10/site-packages/airflow/example_dags/example_dag_decorator.py
[2024-11-06T18:19:26.174+0700] {logging_mixin.py:190} INFO - [2024-11-06T18:19:26.173+0700] {dag.py:3239} INFO - Sync 1 DAGs
[2024-11-06T18:19:26.180+0700] {logging_mixin.py:190} INFO - [2024-11-06T18:19:26.180+0700] {dag.py:4180} INFO - Setting next_dagrun for example_dag_decorator to None, run_after=None
[2024-11-06T18:19:26.193+0700] {processor.py:208} INFO - Processing /home/fawzan/airflow/.venv/lib/python3.10/site-packages/airflow/example_dags/example_dag_decorator.py took 0.092 seconds
[2024-11-06T18:20:21.469+0700] {processor.py:186} INFO - Started process (PID=4239) to work on /home/fawzan/airflow/.venv/lib/python3.10/site-packages/airflow/example_dags/example_dag_decorator.py
[2024-11-06T18:20:21.472+0700] {processor.py:914} INFO - Processing file /home/fawzan/airflow/.venv/lib/python3.10/site-packages/airflow/example_dags/example_dag_decorator.py for tasks to queue
[2024-11-06T18:20:21.475+0700] {logging_mixin.py:190} INFO - [2024-11-06T18:20:21.474+0700] {dagbag.py:588} INFO - Filling up the DagBag from /home/fawzan/airflow/.venv/lib/python3.10/site-packages/airflow/example_dags/example_dag_decorator.py
[2024-11-06T18:20:21.485+0700] {processor.py:925} INFO - DAG(s) 'example_dag_decorator' retrieved from /home/fawzan/airflow/.venv/lib/python3.10/site-packages/airflow/example_dags/example_dag_decorator.py
[2024-11-06T18:20:21.537+0700] {logging_mixin.py:190} INFO - [2024-11-06T18:20:21.537+0700] {dag.py:3239} INFO - Sync 1 DAGs
[2024-11-06T18:20:21.542+0700] {logging_mixin.py:190} INFO - [2024-11-06T18:20:21.542+0700] {dag.py:4180} INFO - Setting next_dagrun for example_dag_decorator to None, run_after=None
[2024-11-06T18:20:21.556+0700] {processor.py:208} INFO - Processing /home/fawzan/airflow/.venv/lib/python3.10/site-packages/airflow/example_dags/example_dag_decorator.py took 0.092 seconds
[2024-11-06T18:21:28.964+0700] {processor.py:186} INFO - Started process (PID=4458) to work on /home/fawzan/airflow/.venv/lib/python3.10/site-packages/airflow/example_dags/example_dag_decorator.py
[2024-11-06T18:21:28.968+0700] {processor.py:914} INFO - Processing file /home/fawzan/airflow/.venv/lib/python3.10/site-packages/airflow/example_dags/example_dag_decorator.py for tasks to queue
[2024-11-06T18:21:28.970+0700] {logging_mixin.py:190} INFO - [2024-11-06T18:21:28.970+0700] {dagbag.py:588} INFO - Filling up the DagBag from /home/fawzan/airflow/.venv/lib/python3.10/site-packages/airflow/example_dags/example_dag_decorator.py
[2024-11-06T18:21:28.982+0700] {processor.py:925} INFO - DAG(s) 'example_dag_decorator' retrieved from /home/fawzan/airflow/.venv/lib/python3.10/site-packages/airflow/example_dags/example_dag_decorator.py
[2024-11-06T18:21:29.035+0700] {logging_mixin.py:190} INFO - [2024-11-06T18:21:29.035+0700] {dag.py:3239} INFO - Sync 1 DAGs
[2024-11-06T18:21:29.041+0700] {logging_mixin.py:190} INFO - [2024-11-06T18:21:29.041+0700] {dag.py:4180} INFO - Setting next_dagrun for example_dag_decorator to None, run_after=None
[2024-11-06T18:21:29.055+0700] {processor.py:208} INFO - Processing /home/fawzan/airflow/.venv/lib/python3.10/site-packages/airflow/example_dags/example_dag_decorator.py took 0.096 seconds
[2024-11-06T18:22:25.137+0700] {processor.py:186} INFO - Started process (PID=4579) to work on /home/fawzan/airflow/.venv/lib/python3.10/site-packages/airflow/example_dags/example_dag_decorator.py
[2024-11-06T18:22:25.140+0700] {processor.py:914} INFO - Processing file /home/fawzan/airflow/.venv/lib/python3.10/site-packages/airflow/example_dags/example_dag_decorator.py for tasks to queue
[2024-11-06T18:22:25.143+0700] {logging_mixin.py:190} INFO - [2024-11-06T18:22:25.142+0700] {dagbag.py:588} INFO - Filling up the DagBag from /home/fawzan/airflow/.venv/lib/python3.10/site-packages/airflow/example_dags/example_dag_decorator.py
[2024-11-06T18:22:25.154+0700] {processor.py:925} INFO - DAG(s) 'example_dag_decorator' retrieved from /home/fawzan/airflow/.venv/lib/python3.10/site-packages/airflow/example_dags/example_dag_decorator.py
[2024-11-06T18:22:25.205+0700] {logging_mixin.py:190} INFO - [2024-11-06T18:22:25.205+0700] {dag.py:3239} INFO - Sync 1 DAGs
[2024-11-06T18:22:25.211+0700] {logging_mixin.py:190} INFO - [2024-11-06T18:22:25.210+0700] {dag.py:4180} INFO - Setting next_dagrun for example_dag_decorator to None, run_after=None
[2024-11-06T18:22:25.224+0700] {processor.py:208} INFO - Processing /home/fawzan/airflow/.venv/lib/python3.10/site-packages/airflow/example_dags/example_dag_decorator.py took 0.091 seconds
[2024-11-06T18:23:19.413+0700] {processor.py:186} INFO - Started process (PID=4674) to work on /home/fawzan/airflow/.venv/lib/python3.10/site-packages/airflow/example_dags/example_dag_decorator.py
[2024-11-06T18:23:19.416+0700] {processor.py:914} INFO - Processing file /home/fawzan/airflow/.venv/lib/python3.10/site-packages/airflow/example_dags/example_dag_decorator.py for tasks to queue
[2024-11-06T18:23:19.418+0700] {logging_mixin.py:190} INFO - [2024-11-06T18:23:19.418+0700] {dagbag.py:588} INFO - Filling up the DagBag from /home/fawzan/airflow/.venv/lib/python3.10/site-packages/airflow/example_dags/example_dag_decorator.py
[2024-11-06T18:23:19.430+0700] {processor.py:925} INFO - DAG(s) 'example_dag_decorator' retrieved from /home/fawzan/airflow/.venv/lib/python3.10/site-packages/airflow/example_dags/example_dag_decorator.py
[2024-11-06T18:23:19.481+0700] {logging_mixin.py:190} INFO - [2024-11-06T18:23:19.481+0700] {dag.py:3239} INFO - Sync 1 DAGs
[2024-11-06T18:23:19.487+0700] {logging_mixin.py:190} INFO - [2024-11-06T18:23:19.486+0700] {dag.py:4180} INFO - Setting next_dagrun for example_dag_decorator to None, run_after=None
[2024-11-06T18:23:19.499+0700] {processor.py:208} INFO - Processing /home/fawzan/airflow/.venv/lib/python3.10/site-packages/airflow/example_dags/example_dag_decorator.py took 0.092 seconds
[2024-11-06T18:24:15.354+0700] {processor.py:186} INFO - Started process (PID=4789) to work on /home/fawzan/airflow/.venv/lib/python3.10/site-packages/airflow/example_dags/example_dag_decorator.py
[2024-11-06T18:24:15.357+0700] {processor.py:914} INFO - Processing file /home/fawzan/airflow/.venv/lib/python3.10/site-packages/airflow/example_dags/example_dag_decorator.py for tasks to queue
[2024-11-06T18:24:15.359+0700] {logging_mixin.py:190} INFO - [2024-11-06T18:24:15.359+0700] {dagbag.py:588} INFO - Filling up the DagBag from /home/fawzan/airflow/.venv/lib/python3.10/site-packages/airflow/example_dags/example_dag_decorator.py
[2024-11-06T18:24:15.370+0700] {processor.py:925} INFO - DAG(s) 'example_dag_decorator' retrieved from /home/fawzan/airflow/.venv/lib/python3.10/site-packages/airflow/example_dags/example_dag_decorator.py
[2024-11-06T18:24:15.421+0700] {logging_mixin.py:190} INFO - [2024-11-06T18:24:15.420+0700] {dag.py:3239} INFO - Sync 1 DAGs
[2024-11-06T18:24:15.426+0700] {logging_mixin.py:190} INFO - [2024-11-06T18:24:15.426+0700] {dag.py:4180} INFO - Setting next_dagrun for example_dag_decorator to None, run_after=None
[2024-11-06T18:24:15.439+0700] {processor.py:208} INFO - Processing /home/fawzan/airflow/.venv/lib/python3.10/site-packages/airflow/example_dags/example_dag_decorator.py took 0.091 seconds
[2024-11-06T18:32:55.959+0700] {processor.py:186} INFO - Started process (PID=5210) to work on /home/fawzan/airflow/.venv/lib/python3.10/site-packages/airflow/example_dags/example_dag_decorator.py
[2024-11-06T18:32:55.962+0700] {processor.py:914} INFO - Processing file /home/fawzan/airflow/.venv/lib/python3.10/site-packages/airflow/example_dags/example_dag_decorator.py for tasks to queue
[2024-11-06T18:32:55.964+0700] {logging_mixin.py:190} INFO - [2024-11-06T18:32:55.964+0700] {dagbag.py:588} INFO - Filling up the DagBag from /home/fawzan/airflow/.venv/lib/python3.10/site-packages/airflow/example_dags/example_dag_decorator.py
[2024-11-06T18:32:55.971+0700] {processor.py:925} INFO - DAG(s) 'example_dag_decorator' retrieved from /home/fawzan/airflow/.venv/lib/python3.10/site-packages/airflow/example_dags/example_dag_decorator.py
[2024-11-06T18:32:56.024+0700] {logging_mixin.py:190} INFO - [2024-11-06T18:32:56.024+0700] {dag.py:3239} INFO - Sync 1 DAGs
[2024-11-06T18:32:56.029+0700] {logging_mixin.py:190} INFO - [2024-11-06T18:32:56.029+0700] {dag.py:4180} INFO - Setting next_dagrun for example_dag_decorator to None, run_after=None
[2024-11-06T18:32:56.045+0700] {processor.py:208} INFO - Processing /home/fawzan/airflow/.venv/lib/python3.10/site-packages/airflow/example_dags/example_dag_decorator.py took 0.091 seconds
