[2024-11-06T17:13:53.158+0700] {processor.py:186} INFO - Started process (PID=4030) to work on /home/fawzan/airflow/.venv/lib/python3.10/site-packages/airflow/example_dags/example_dynamic_task_mapping.py
[2024-11-06T17:13:53.159+0700] {processor.py:914} INFO - Processing file /home/fawzan/airflow/.venv/lib/python3.10/site-packages/airflow/example_dags/example_dynamic_task_mapping.py for tasks to queue
[2024-11-06T17:13:53.160+0700] {logging_mixin.py:190} INFO - [2024-11-06T17:13:53.160+0700] {dagbag.py:588} INFO - Filling up the DagBag from /home/fawzan/airflow/.venv/lib/python3.10/site-packages/airflow/example_dags/example_dynamic_task_mapping.py
[2024-11-06T17:13:53.164+0700] {processor.py:925} INFO - DAG(s) 'example_dynamic_task_mapping' retrieved from /home/fawzan/airflow/.venv/lib/python3.10/site-packages/airflow/example_dags/example_dynamic_task_mapping.py
[2024-11-06T17:13:53.219+0700] {logging_mixin.py:190} INFO - [2024-11-06T17:13:53.218+0700] {override.py:1900} INFO - Created Permission View: can delete on DAG:example_dynamic_task_mapping
[2024-11-06T17:13:53.226+0700] {logging_mixin.py:190} INFO - [2024-11-06T17:13:53.225+0700] {override.py:1900} INFO - Created Permission View: can read on DAG:example_dynamic_task_mapping
[2024-11-06T17:13:53.231+0700] {logging_mixin.py:190} INFO - [2024-11-06T17:13:53.231+0700] {override.py:1900} INFO - Created Permission View: can edit on DAG:example_dynamic_task_mapping
[2024-11-06T17:13:53.239+0700] {logging_mixin.py:190} INFO - [2024-11-06T17:13:53.239+0700] {override.py:1900} INFO - Created Permission View: can create on DAG Run:example_dynamic_task_mapping
[2024-11-06T17:13:53.244+0700] {logging_mixin.py:190} INFO - [2024-11-06T17:13:53.244+0700] {override.py:1900} INFO - Created Permission View: can delete on DAG Run:example_dynamic_task_mapping
[2024-11-06T17:13:53.249+0700] {logging_mixin.py:190} INFO - [2024-11-06T17:13:53.249+0700] {override.py:1900} INFO - Created Permission View: can read on DAG Run:example_dynamic_task_mapping
[2024-11-06T17:13:53.254+0700] {logging_mixin.py:190} INFO - [2024-11-06T17:13:53.254+0700] {override.py:1900} INFO - Created Permission View: menu access on DAG Run:example_dynamic_task_mapping
[2024-11-06T17:13:53.254+0700] {logging_mixin.py:190} INFO - [2024-11-06T17:13:53.254+0700] {dag.py:3239} INFO - Sync 1 DAGs
[2024-11-06T17:13:53.261+0700] {logging_mixin.py:190} INFO - [2024-11-06T17:13:53.261+0700] {dag.py:3262} INFO - Creating ORM DAG for example_dynamic_task_mapping
[2024-11-06T17:13:53.262+0700] {logging_mixin.py:190} INFO - [2024-11-06T17:13:53.261+0700] {dag.py:4180} INFO - Setting next_dagrun for example_dynamic_task_mapping to None, run_after=None
[2024-11-06T17:13:53.272+0700] {processor.py:208} INFO - Processing /home/fawzan/airflow/.venv/lib/python3.10/site-packages/airflow/example_dags/example_dynamic_task_mapping.py took 0.119 seconds
[2024-11-06T17:14:49.699+0700] {processor.py:186} INFO - Started process (PID=4114) to work on /home/fawzan/airflow/.venv/lib/python3.10/site-packages/airflow/example_dags/example_dynamic_task_mapping.py
[2024-11-06T17:14:49.700+0700] {processor.py:914} INFO - Processing file /home/fawzan/airflow/.venv/lib/python3.10/site-packages/airflow/example_dags/example_dynamic_task_mapping.py for tasks to queue
[2024-11-06T17:14:49.702+0700] {logging_mixin.py:190} INFO - [2024-11-06T17:14:49.702+0700] {dagbag.py:588} INFO - Filling up the DagBag from /home/fawzan/airflow/.venv/lib/python3.10/site-packages/airflow/example_dags/example_dynamic_task_mapping.py
[2024-11-06T17:14:49.709+0700] {processor.py:925} INFO - DAG(s) 'example_dynamic_task_mapping' retrieved from /home/fawzan/airflow/.venv/lib/python3.10/site-packages/airflow/example_dags/example_dynamic_task_mapping.py
[2024-11-06T17:14:49.718+0700] {logging_mixin.py:190} INFO - [2024-11-06T17:14:49.718+0700] {dag.py:3239} INFO - Sync 1 DAGs
[2024-11-06T17:14:49.725+0700] {logging_mixin.py:190} INFO - [2024-11-06T17:14:49.725+0700] {dag.py:4180} INFO - Setting next_dagrun for example_dynamic_task_mapping to None, run_after=None
[2024-11-06T17:14:49.737+0700] {processor.py:208} INFO - Processing /home/fawzan/airflow/.venv/lib/python3.10/site-packages/airflow/example_dags/example_dynamic_task_mapping.py took 0.043 seconds
[2024-11-06T17:15:46.335+0700] {processor.py:186} INFO - Started process (PID=4172) to work on /home/fawzan/airflow/.venv/lib/python3.10/site-packages/airflow/example_dags/example_dynamic_task_mapping.py
[2024-11-06T17:15:46.338+0700] {processor.py:914} INFO - Processing file /home/fawzan/airflow/.venv/lib/python3.10/site-packages/airflow/example_dags/example_dynamic_task_mapping.py for tasks to queue
[2024-11-06T17:15:46.340+0700] {logging_mixin.py:190} INFO - [2024-11-06T17:15:46.340+0700] {dagbag.py:588} INFO - Filling up the DagBag from /home/fawzan/airflow/.venv/lib/python3.10/site-packages/airflow/example_dags/example_dynamic_task_mapping.py
[2024-11-06T17:15:46.348+0700] {processor.py:925} INFO - DAG(s) 'example_dynamic_task_mapping' retrieved from /home/fawzan/airflow/.venv/lib/python3.10/site-packages/airflow/example_dags/example_dynamic_task_mapping.py
[2024-11-06T17:15:46.357+0700] {logging_mixin.py:190} INFO - [2024-11-06T17:15:46.357+0700] {dag.py:3239} INFO - Sync 1 DAGs
[2024-11-06T17:15:46.364+0700] {logging_mixin.py:190} INFO - [2024-11-06T17:15:46.364+0700] {dag.py:4180} INFO - Setting next_dagrun for example_dynamic_task_mapping to None, run_after=None
[2024-11-06T17:15:46.375+0700] {processor.py:208} INFO - Processing /home/fawzan/airflow/.venv/lib/python3.10/site-packages/airflow/example_dags/example_dynamic_task_mapping.py took 0.046 seconds
[2024-11-06T18:13:42.226+0700] {processor.py:186} INFO - Started process (PID=3225) to work on /home/fawzan/airflow/.venv/lib/python3.10/site-packages/airflow/example_dags/example_dynamic_task_mapping.py
[2024-11-06T18:13:42.229+0700] {processor.py:914} INFO - Processing file /home/fawzan/airflow/.venv/lib/python3.10/site-packages/airflow/example_dags/example_dynamic_task_mapping.py for tasks to queue
[2024-11-06T18:13:42.231+0700] {logging_mixin.py:190} INFO - [2024-11-06T18:13:42.231+0700] {dagbag.py:588} INFO - Filling up the DagBag from /home/fawzan/airflow/.venv/lib/python3.10/site-packages/airflow/example_dags/example_dynamic_task_mapping.py
[2024-11-06T18:13:42.239+0700] {processor.py:925} INFO - DAG(s) 'example_dynamic_task_mapping' retrieved from /home/fawzan/airflow/.venv/lib/python3.10/site-packages/airflow/example_dags/example_dynamic_task_mapping.py
[2024-11-06T18:13:42.248+0700] {logging_mixin.py:190} INFO - [2024-11-06T18:13:42.248+0700] {dag.py:3239} INFO - Sync 1 DAGs
[2024-11-06T18:13:42.255+0700] {logging_mixin.py:190} INFO - [2024-11-06T18:13:42.254+0700] {dag.py:4180} INFO - Setting next_dagrun for example_dynamic_task_mapping to None, run_after=None
[2024-11-06T18:13:42.266+0700] {processor.py:208} INFO - Processing /home/fawzan/airflow/.venv/lib/python3.10/site-packages/airflow/example_dags/example_dynamic_task_mapping.py took 0.044 seconds
[2024-11-06T18:14:36.537+0700] {processor.py:186} INFO - Started process (PID=3399) to work on /home/fawzan/airflow/.venv/lib/python3.10/site-packages/airflow/example_dags/example_dynamic_task_mapping.py
[2024-11-06T18:14:36.540+0700] {processor.py:914} INFO - Processing file /home/fawzan/airflow/.venv/lib/python3.10/site-packages/airflow/example_dags/example_dynamic_task_mapping.py for tasks to queue
[2024-11-06T18:14:36.543+0700] {logging_mixin.py:190} INFO - [2024-11-06T18:14:36.542+0700] {dagbag.py:588} INFO - Filling up the DagBag from /home/fawzan/airflow/.venv/lib/python3.10/site-packages/airflow/example_dags/example_dynamic_task_mapping.py
[2024-11-06T18:14:36.551+0700] {processor.py:925} INFO - DAG(s) 'example_dynamic_task_mapping' retrieved from /home/fawzan/airflow/.venv/lib/python3.10/site-packages/airflow/example_dags/example_dynamic_task_mapping.py
[2024-11-06T18:14:36.562+0700] {logging_mixin.py:190} INFO - [2024-11-06T18:14:36.562+0700] {dag.py:3239} INFO - Sync 1 DAGs
[2024-11-06T18:14:36.569+0700] {logging_mixin.py:190} INFO - [2024-11-06T18:14:36.569+0700] {dag.py:4180} INFO - Setting next_dagrun for example_dynamic_task_mapping to None, run_after=None
[2024-11-06T18:14:36.581+0700] {processor.py:208} INFO - Processing /home/fawzan/airflow/.venv/lib/python3.10/site-packages/airflow/example_dags/example_dynamic_task_mapping.py took 0.049 seconds
[2024-11-06T18:15:31.773+0700] {processor.py:186} INFO - Started process (PID=3526) to work on /home/fawzan/airflow/.venv/lib/python3.10/site-packages/airflow/example_dags/example_dynamic_task_mapping.py
[2024-11-06T18:15:31.776+0700] {processor.py:914} INFO - Processing file /home/fawzan/airflow/.venv/lib/python3.10/site-packages/airflow/example_dags/example_dynamic_task_mapping.py for tasks to queue
[2024-11-06T18:15:31.778+0700] {logging_mixin.py:190} INFO - [2024-11-06T18:15:31.777+0700] {dagbag.py:588} INFO - Filling up the DagBag from /home/fawzan/airflow/.venv/lib/python3.10/site-packages/airflow/example_dags/example_dynamic_task_mapping.py
[2024-11-06T18:15:31.786+0700] {processor.py:925} INFO - DAG(s) 'example_dynamic_task_mapping' retrieved from /home/fawzan/airflow/.venv/lib/python3.10/site-packages/airflow/example_dags/example_dynamic_task_mapping.py
[2024-11-06T18:15:31.803+0700] {logging_mixin.py:190} INFO - [2024-11-06T18:15:31.802+0700] {dag.py:3239} INFO - Sync 1 DAGs
[2024-11-06T18:15:31.814+0700] {logging_mixin.py:190} INFO - [2024-11-06T18:15:31.814+0700] {dag.py:4180} INFO - Setting next_dagrun for example_dynamic_task_mapping to None, run_after=None
[2024-11-06T18:15:31.839+0700] {processor.py:208} INFO - Processing /home/fawzan/airflow/.venv/lib/python3.10/site-packages/airflow/example_dags/example_dynamic_task_mapping.py took 0.069 seconds
[2024-11-06T18:16:49.218+0700] {processor.py:186} INFO - Started process (PID=3796) to work on /home/fawzan/airflow/.venv/lib/python3.10/site-packages/airflow/example_dags/example_dynamic_task_mapping.py
[2024-11-06T18:16:49.221+0700] {processor.py:914} INFO - Processing file /home/fawzan/airflow/.venv/lib/python3.10/site-packages/airflow/example_dags/example_dynamic_task_mapping.py for tasks to queue
[2024-11-06T18:16:49.223+0700] {logging_mixin.py:190} INFO - [2024-11-06T18:16:49.223+0700] {dagbag.py:588} INFO - Filling up the DagBag from /home/fawzan/airflow/.venv/lib/python3.10/site-packages/airflow/example_dags/example_dynamic_task_mapping.py
[2024-11-06T18:16:49.231+0700] {processor.py:925} INFO - DAG(s) 'example_dynamic_task_mapping' retrieved from /home/fawzan/airflow/.venv/lib/python3.10/site-packages/airflow/example_dags/example_dynamic_task_mapping.py
[2024-11-06T18:16:49.244+0700] {logging_mixin.py:190} INFO - [2024-11-06T18:16:49.244+0700] {dag.py:3239} INFO - Sync 1 DAGs
[2024-11-06T18:16:49.252+0700] {logging_mixin.py:190} INFO - [2024-11-06T18:16:49.252+0700] {dag.py:4180} INFO - Setting next_dagrun for example_dynamic_task_mapping to None, run_after=None
[2024-11-06T18:16:49.264+0700] {processor.py:208} INFO - Processing /home/fawzan/airflow/.venv/lib/python3.10/site-packages/airflow/example_dags/example_dynamic_task_mapping.py took 0.052 seconds
[2024-11-06T18:17:44.862+0700] {processor.py:186} INFO - Started process (PID=3942) to work on /home/fawzan/airflow/.venv/lib/python3.10/site-packages/airflow/example_dags/example_dynamic_task_mapping.py
[2024-11-06T18:17:44.865+0700] {processor.py:914} INFO - Processing file /home/fawzan/airflow/.venv/lib/python3.10/site-packages/airflow/example_dags/example_dynamic_task_mapping.py for tasks to queue
[2024-11-06T18:17:44.866+0700] {logging_mixin.py:190} INFO - [2024-11-06T18:17:44.866+0700] {dagbag.py:588} INFO - Filling up the DagBag from /home/fawzan/airflow/.venv/lib/python3.10/site-packages/airflow/example_dags/example_dynamic_task_mapping.py
[2024-11-06T18:17:44.871+0700] {processor.py:925} INFO - DAG(s) 'example_dynamic_task_mapping' retrieved from /home/fawzan/airflow/.venv/lib/python3.10/site-packages/airflow/example_dags/example_dynamic_task_mapping.py
[2024-11-06T18:17:44.881+0700] {logging_mixin.py:190} INFO - [2024-11-06T18:17:44.881+0700] {dag.py:3239} INFO - Sync 1 DAGs
[2024-11-06T18:17:44.888+0700] {logging_mixin.py:190} INFO - [2024-11-06T18:17:44.888+0700] {dag.py:4180} INFO - Setting next_dagrun for example_dynamic_task_mapping to None, run_after=None
[2024-11-06T18:17:44.901+0700] {processor.py:208} INFO - Processing /home/fawzan/airflow/.venv/lib/python3.10/site-packages/airflow/example_dags/example_dynamic_task_mapping.py took 0.042 seconds
[2024-11-06T18:19:02.535+0700] {processor.py:186} INFO - Started process (PID=4092) to work on /home/fawzan/airflow/.venv/lib/python3.10/site-packages/airflow/example_dags/example_dynamic_task_mapping.py
[2024-11-06T18:19:02.535+0700] {processor.py:914} INFO - Processing file /home/fawzan/airflow/.venv/lib/python3.10/site-packages/airflow/example_dags/example_dynamic_task_mapping.py for tasks to queue
[2024-11-06T18:19:02.536+0700] {logging_mixin.py:190} INFO - [2024-11-06T18:19:02.536+0700] {dagbag.py:588} INFO - Filling up the DagBag from /home/fawzan/airflow/.venv/lib/python3.10/site-packages/airflow/example_dags/example_dynamic_task_mapping.py
[2024-11-06T18:19:02.541+0700] {processor.py:925} INFO - DAG(s) 'example_dynamic_task_mapping' retrieved from /home/fawzan/airflow/.venv/lib/python3.10/site-packages/airflow/example_dags/example_dynamic_task_mapping.py
[2024-11-06T18:19:02.549+0700] {logging_mixin.py:190} INFO - [2024-11-06T18:19:02.549+0700] {dag.py:3239} INFO - Sync 1 DAGs
[2024-11-06T18:19:02.556+0700] {logging_mixin.py:190} INFO - [2024-11-06T18:19:02.556+0700] {dag.py:4180} INFO - Setting next_dagrun for example_dynamic_task_mapping to None, run_after=None
[2024-11-06T18:19:02.568+0700] {processor.py:208} INFO - Processing /home/fawzan/airflow/.venv/lib/python3.10/site-packages/airflow/example_dags/example_dynamic_task_mapping.py took 0.038 seconds
[2024-11-06T18:19:56.662+0700] {processor.py:186} INFO - Started process (PID=4194) to work on /home/fawzan/airflow/.venv/lib/python3.10/site-packages/airflow/example_dags/example_dynamic_task_mapping.py
[2024-11-06T18:19:56.665+0700] {processor.py:914} INFO - Processing file /home/fawzan/airflow/.venv/lib/python3.10/site-packages/airflow/example_dags/example_dynamic_task_mapping.py for tasks to queue
[2024-11-06T18:19:56.667+0700] {logging_mixin.py:190} INFO - [2024-11-06T18:19:56.666+0700] {dagbag.py:588} INFO - Filling up the DagBag from /home/fawzan/airflow/.venv/lib/python3.10/site-packages/airflow/example_dags/example_dynamic_task_mapping.py
[2024-11-06T18:19:56.675+0700] {processor.py:925} INFO - DAG(s) 'example_dynamic_task_mapping' retrieved from /home/fawzan/airflow/.venv/lib/python3.10/site-packages/airflow/example_dags/example_dynamic_task_mapping.py
[2024-11-06T18:19:56.685+0700] {logging_mixin.py:190} INFO - [2024-11-06T18:19:56.685+0700] {dag.py:3239} INFO - Sync 1 DAGs
[2024-11-06T18:19:56.692+0700] {logging_mixin.py:190} INFO - [2024-11-06T18:19:56.692+0700] {dag.py:4180} INFO - Setting next_dagrun for example_dynamic_task_mapping to None, run_after=None
[2024-11-06T18:19:56.704+0700] {processor.py:208} INFO - Processing /home/fawzan/airflow/.venv/lib/python3.10/site-packages/airflow/example_dags/example_dynamic_task_mapping.py took 0.047 seconds
[2024-11-06T18:20:54.164+0700] {processor.py:186} INFO - Started process (PID=4325) to work on /home/fawzan/airflow/.venv/lib/python3.10/site-packages/airflow/example_dags/example_dynamic_task_mapping.py
[2024-11-06T18:20:54.167+0700] {processor.py:914} INFO - Processing file /home/fawzan/airflow/.venv/lib/python3.10/site-packages/airflow/example_dags/example_dynamic_task_mapping.py for tasks to queue
[2024-11-06T18:20:54.169+0700] {logging_mixin.py:190} INFO - [2024-11-06T18:20:54.169+0700] {dagbag.py:588} INFO - Filling up the DagBag from /home/fawzan/airflow/.venv/lib/python3.10/site-packages/airflow/example_dags/example_dynamic_task_mapping.py
[2024-11-06T18:20:54.176+0700] {processor.py:925} INFO - DAG(s) 'example_dynamic_task_mapping' retrieved from /home/fawzan/airflow/.venv/lib/python3.10/site-packages/airflow/example_dags/example_dynamic_task_mapping.py
[2024-11-06T18:20:54.185+0700] {logging_mixin.py:190} INFO - [2024-11-06T18:20:54.185+0700] {dag.py:3239} INFO - Sync 1 DAGs
[2024-11-06T18:20:54.191+0700] {logging_mixin.py:190} INFO - [2024-11-06T18:20:54.191+0700] {dag.py:4180} INFO - Setting next_dagrun for example_dynamic_task_mapping to None, run_after=None
[2024-11-06T18:20:54.203+0700] {processor.py:208} INFO - Processing /home/fawzan/airflow/.venv/lib/python3.10/site-packages/airflow/example_dags/example_dynamic_task_mapping.py took 0.045 seconds
[2024-11-06T18:22:05.567+0700] {processor.py:186} INFO - Started process (PID=4521) to work on /home/fawzan/airflow/.venv/lib/python3.10/site-packages/airflow/example_dags/example_dynamic_task_mapping.py
[2024-11-06T18:22:05.570+0700] {processor.py:914} INFO - Processing file /home/fawzan/airflow/.venv/lib/python3.10/site-packages/airflow/example_dags/example_dynamic_task_mapping.py for tasks to queue
[2024-11-06T18:22:05.572+0700] {logging_mixin.py:190} INFO - [2024-11-06T18:22:05.571+0700] {dagbag.py:588} INFO - Filling up the DagBag from /home/fawzan/airflow/.venv/lib/python3.10/site-packages/airflow/example_dags/example_dynamic_task_mapping.py
[2024-11-06T18:22:05.580+0700] {processor.py:925} INFO - DAG(s) 'example_dynamic_task_mapping' retrieved from /home/fawzan/airflow/.venv/lib/python3.10/site-packages/airflow/example_dags/example_dynamic_task_mapping.py
[2024-11-06T18:22:05.590+0700] {logging_mixin.py:190} INFO - [2024-11-06T18:22:05.590+0700] {dag.py:3239} INFO - Sync 1 DAGs
[2024-11-06T18:22:05.597+0700] {logging_mixin.py:190} INFO - [2024-11-06T18:22:05.597+0700] {dag.py:4180} INFO - Setting next_dagrun for example_dynamic_task_mapping to None, run_after=None
[2024-11-06T18:22:05.608+0700] {processor.py:208} INFO - Processing /home/fawzan/airflow/.venv/lib/python3.10/site-packages/airflow/example_dags/example_dynamic_task_mapping.py took 0.047 seconds
[2024-11-06T18:23:20.839+0700] {processor.py:186} INFO - Started process (PID=4678) to work on /home/fawzan/airflow/.venv/lib/python3.10/site-packages/airflow/example_dags/example_dynamic_task_mapping.py
[2024-11-06T18:23:20.842+0700] {processor.py:914} INFO - Processing file /home/fawzan/airflow/.venv/lib/python3.10/site-packages/airflow/example_dags/example_dynamic_task_mapping.py for tasks to queue
[2024-11-06T18:23:20.845+0700] {logging_mixin.py:190} INFO - [2024-11-06T18:23:20.844+0700] {dagbag.py:588} INFO - Filling up the DagBag from /home/fawzan/airflow/.venv/lib/python3.10/site-packages/airflow/example_dags/example_dynamic_task_mapping.py
[2024-11-06T18:23:20.852+0700] {processor.py:925} INFO - DAG(s) 'example_dynamic_task_mapping' retrieved from /home/fawzan/airflow/.venv/lib/python3.10/site-packages/airflow/example_dags/example_dynamic_task_mapping.py
[2024-11-06T18:23:20.862+0700] {logging_mixin.py:190} INFO - [2024-11-06T18:23:20.862+0700] {dag.py:3239} INFO - Sync 1 DAGs
[2024-11-06T18:23:20.869+0700] {logging_mixin.py:190} INFO - [2024-11-06T18:23:20.869+0700] {dag.py:4180} INFO - Setting next_dagrun for example_dynamic_task_mapping to None, run_after=None
[2024-11-06T18:23:20.880+0700] {processor.py:208} INFO - Processing /home/fawzan/airflow/.venv/lib/python3.10/site-packages/airflow/example_dags/example_dynamic_task_mapping.py took 0.046 seconds
[2024-11-06T18:24:18.149+0700] {processor.py:186} INFO - Started process (PID=4796) to work on /home/fawzan/airflow/.venv/lib/python3.10/site-packages/airflow/example_dags/example_dynamic_task_mapping.py
[2024-11-06T18:24:18.151+0700] {processor.py:914} INFO - Processing file /home/fawzan/airflow/.venv/lib/python3.10/site-packages/airflow/example_dags/example_dynamic_task_mapping.py for tasks to queue
[2024-11-06T18:24:18.153+0700] {logging_mixin.py:190} INFO - [2024-11-06T18:24:18.152+0700] {dagbag.py:588} INFO - Filling up the DagBag from /home/fawzan/airflow/.venv/lib/python3.10/site-packages/airflow/example_dags/example_dynamic_task_mapping.py
[2024-11-06T18:24:18.160+0700] {processor.py:925} INFO - DAG(s) 'example_dynamic_task_mapping' retrieved from /home/fawzan/airflow/.venv/lib/python3.10/site-packages/airflow/example_dags/example_dynamic_task_mapping.py
[2024-11-06T18:24:18.168+0700] {logging_mixin.py:190} INFO - [2024-11-06T18:24:18.168+0700] {dag.py:3239} INFO - Sync 1 DAGs
[2024-11-06T18:24:18.175+0700] {logging_mixin.py:190} INFO - [2024-11-06T18:24:18.174+0700] {dag.py:4180} INFO - Setting next_dagrun for example_dynamic_task_mapping to None, run_after=None
[2024-11-06T18:24:18.185+0700] {processor.py:208} INFO - Processing /home/fawzan/airflow/.venv/lib/python3.10/site-packages/airflow/example_dags/example_dynamic_task_mapping.py took 0.041 seconds
[2024-11-06T18:32:58.749+0700] {processor.py:186} INFO - Started process (PID=5217) to work on /home/fawzan/airflow/.venv/lib/python3.10/site-packages/airflow/example_dags/example_dynamic_task_mapping.py
[2024-11-06T18:32:58.753+0700] {processor.py:914} INFO - Processing file /home/fawzan/airflow/.venv/lib/python3.10/site-packages/airflow/example_dags/example_dynamic_task_mapping.py for tasks to queue
[2024-11-06T18:32:58.755+0700] {logging_mixin.py:190} INFO - [2024-11-06T18:32:58.755+0700] {dagbag.py:588} INFO - Filling up the DagBag from /home/fawzan/airflow/.venv/lib/python3.10/site-packages/airflow/example_dags/example_dynamic_task_mapping.py
[2024-11-06T18:32:58.764+0700] {processor.py:925} INFO - DAG(s) 'example_dynamic_task_mapping' retrieved from /home/fawzan/airflow/.venv/lib/python3.10/site-packages/airflow/example_dags/example_dynamic_task_mapping.py
[2024-11-06T18:32:58.773+0700] {logging_mixin.py:190} INFO - [2024-11-06T18:32:58.773+0700] {dag.py:3239} INFO - Sync 1 DAGs
[2024-11-06T18:32:58.779+0700] {logging_mixin.py:190} INFO - [2024-11-06T18:32:58.779+0700] {dag.py:4180} INFO - Setting next_dagrun for example_dynamic_task_mapping to None, run_after=None
[2024-11-06T18:32:58.791+0700] {processor.py:208} INFO - Processing /home/fawzan/airflow/.venv/lib/python3.10/site-packages/airflow/example_dags/example_dynamic_task_mapping.py took 0.047 seconds
