[2024-11-06T17:07:48.707+0700] {processor.py:186} INFO - Started process (PID=3777) to work on /home/fawzan/airflow/.venv/lib/python3.10/site-packages/airflow/example_dags/example_trigger_controller_dag.py
[2024-11-06T17:07:48.708+0700] {processor.py:914} INFO - Processing file /home/fawzan/airflow/.venv/lib/python3.10/site-packages/airflow/example_dags/example_trigger_controller_dag.py for tasks to queue
[2024-11-06T17:07:48.710+0700] {logging_mixin.py:190} INFO - [2024-11-06T17:07:48.709+0700] {dagbag.py:588} INFO - Filling up the DagBag from /home/fawzan/airflow/.venv/lib/python3.10/site-packages/airflow/example_dags/example_trigger_controller_dag.py
[2024-11-06T17:07:48.715+0700] {processor.py:925} INFO - DAG(s) 'example_trigger_controller_dag' retrieved from /home/fawzan/airflow/.venv/lib/python3.10/site-packages/airflow/example_dags/example_trigger_controller_dag.py
[2024-11-06T17:07:48.770+0700] {logging_mixin.py:190} INFO - [2024-11-06T17:07:48.769+0700] {override.py:1900} INFO - Created Permission View: can edit on DAG:example_trigger_controller_dag
[2024-11-06T17:07:48.776+0700] {logging_mixin.py:190} INFO - [2024-11-06T17:07:48.776+0700] {override.py:1900} INFO - Created Permission View: can delete on DAG:example_trigger_controller_dag
[2024-11-06T17:07:48.782+0700] {logging_mixin.py:190} INFO - [2024-11-06T17:07:48.782+0700] {override.py:1900} INFO - Created Permission View: can read on DAG:example_trigger_controller_dag
[2024-11-06T17:07:48.790+0700] {logging_mixin.py:190} INFO - [2024-11-06T17:07:48.790+0700] {override.py:1900} INFO - Created Permission View: can delete on DAG Run:example_trigger_controller_dag
[2024-11-06T17:07:48.795+0700] {logging_mixin.py:190} INFO - [2024-11-06T17:07:48.795+0700] {override.py:1900} INFO - Created Permission View: can create on DAG Run:example_trigger_controller_dag
[2024-11-06T17:07:48.800+0700] {logging_mixin.py:190} INFO - [2024-11-06T17:07:48.800+0700] {override.py:1900} INFO - Created Permission View: menu access on DAG Run:example_trigger_controller_dag
[2024-11-06T17:07:48.805+0700] {logging_mixin.py:190} INFO - [2024-11-06T17:07:48.805+0700] {override.py:1900} INFO - Created Permission View: can read on DAG Run:example_trigger_controller_dag
[2024-11-06T17:07:48.806+0700] {logging_mixin.py:190} INFO - [2024-11-06T17:07:48.806+0700] {dag.py:3239} INFO - Sync 1 DAGs
[2024-11-06T17:07:48.812+0700] {logging_mixin.py:190} INFO - [2024-11-06T17:07:48.812+0700] {dag.py:3262} INFO - Creating ORM DAG for example_trigger_controller_dag
[2024-11-06T17:07:48.816+0700] {logging_mixin.py:190} INFO - [2024-11-06T17:07:48.816+0700] {dag.py:4180} INFO - Setting next_dagrun for example_trigger_controller_dag to 2021-01-01 00:00:00+00:00, run_after=2021-01-01 00:00:00+00:00
[2024-11-06T17:07:48.828+0700] {processor.py:208} INFO - Processing /home/fawzan/airflow/.venv/lib/python3.10/site-packages/airflow/example_dags/example_trigger_controller_dag.py took 0.126 seconds
[2024-11-06T17:13:20.765+0700] {processor.py:186} INFO - Started process (PID=3991) to work on /home/fawzan/airflow/.venv/lib/python3.10/site-packages/airflow/example_dags/example_trigger_controller_dag.py
[2024-11-06T17:13:20.768+0700] {processor.py:914} INFO - Processing file /home/fawzan/airflow/.venv/lib/python3.10/site-packages/airflow/example_dags/example_trigger_controller_dag.py for tasks to queue
[2024-11-06T17:13:20.770+0700] {logging_mixin.py:190} INFO - [2024-11-06T17:13:20.770+0700] {dagbag.py:588} INFO - Filling up the DagBag from /home/fawzan/airflow/.venv/lib/python3.10/site-packages/airflow/example_dags/example_trigger_controller_dag.py
[2024-11-06T17:13:20.777+0700] {processor.py:925} INFO - DAG(s) 'example_trigger_controller_dag' retrieved from /home/fawzan/airflow/.venv/lib/python3.10/site-packages/airflow/example_dags/example_trigger_controller_dag.py
[2024-11-06T17:13:20.789+0700] {logging_mixin.py:190} INFO - [2024-11-06T17:13:20.789+0700] {dag.py:3239} INFO - Sync 1 DAGs
[2024-11-06T17:13:20.799+0700] {logging_mixin.py:190} INFO - [2024-11-06T17:13:20.799+0700] {dag.py:4180} INFO - Setting next_dagrun for example_trigger_controller_dag to 2021-01-01 00:00:00+00:00, run_after=2021-01-01 00:00:00+00:00
[2024-11-06T17:13:20.812+0700] {processor.py:208} INFO - Processing /home/fawzan/airflow/.venv/lib/python3.10/site-packages/airflow/example_dags/example_trigger_controller_dag.py took 0.052 seconds
[2024-11-06T17:14:16.555+0700] {processor.py:186} INFO - Started process (PID=4063) to work on /home/fawzan/airflow/.venv/lib/python3.10/site-packages/airflow/example_dags/example_trigger_controller_dag.py
[2024-11-06T17:14:16.558+0700] {processor.py:914} INFO - Processing file /home/fawzan/airflow/.venv/lib/python3.10/site-packages/airflow/example_dags/example_trigger_controller_dag.py for tasks to queue
[2024-11-06T17:14:16.560+0700] {logging_mixin.py:190} INFO - [2024-11-06T17:14:16.560+0700] {dagbag.py:588} INFO - Filling up the DagBag from /home/fawzan/airflow/.venv/lib/python3.10/site-packages/airflow/example_dags/example_trigger_controller_dag.py
[2024-11-06T17:14:16.566+0700] {processor.py:925} INFO - DAG(s) 'example_trigger_controller_dag' retrieved from /home/fawzan/airflow/.venv/lib/python3.10/site-packages/airflow/example_dags/example_trigger_controller_dag.py
[2024-11-06T17:14:16.577+0700] {logging_mixin.py:190} INFO - [2024-11-06T17:14:16.577+0700] {dag.py:3239} INFO - Sync 1 DAGs
[2024-11-06T17:14:16.588+0700] {logging_mixin.py:190} INFO - [2024-11-06T17:14:16.588+0700] {dag.py:4180} INFO - Setting next_dagrun for example_trigger_controller_dag to 2021-01-01 00:00:00+00:00, run_after=2021-01-01 00:00:00+00:00
[2024-11-06T17:14:16.600+0700] {processor.py:208} INFO - Processing /home/fawzan/airflow/.venv/lib/python3.10/site-packages/airflow/example_dags/example_trigger_controller_dag.py took 0.050 seconds
[2024-11-06T17:15:09.619+0700] {processor.py:186} INFO - Started process (PID=4135) to work on /home/fawzan/airflow/.venv/lib/python3.10/site-packages/airflow/example_dags/example_trigger_controller_dag.py
[2024-11-06T17:15:09.623+0700] {processor.py:914} INFO - Processing file /home/fawzan/airflow/.venv/lib/python3.10/site-packages/airflow/example_dags/example_trigger_controller_dag.py for tasks to queue
[2024-11-06T17:15:09.626+0700] {logging_mixin.py:190} INFO - [2024-11-06T17:15:09.625+0700] {dagbag.py:588} INFO - Filling up the DagBag from /home/fawzan/airflow/.venv/lib/python3.10/site-packages/airflow/example_dags/example_trigger_controller_dag.py
[2024-11-06T17:15:09.633+0700] {processor.py:925} INFO - DAG(s) 'example_trigger_controller_dag' retrieved from /home/fawzan/airflow/.venv/lib/python3.10/site-packages/airflow/example_dags/example_trigger_controller_dag.py
[2024-11-06T17:15:09.642+0700] {logging_mixin.py:190} INFO - [2024-11-06T17:15:09.642+0700] {dag.py:3239} INFO - Sync 1 DAGs
[2024-11-06T17:15:09.652+0700] {logging_mixin.py:190} INFO - [2024-11-06T17:15:09.652+0700] {dag.py:4180} INFO - Setting next_dagrun for example_trigger_controller_dag to 2021-01-01 00:00:00+00:00, run_after=2021-01-01 00:00:00+00:00
[2024-11-06T17:15:09.665+0700] {processor.py:208} INFO - Processing /home/fawzan/airflow/.venv/lib/python3.10/site-packages/airflow/example_dags/example_trigger_controller_dag.py took 0.053 seconds
[2024-11-06T17:16:03.215+0700] {processor.py:186} INFO - Started process (PID=4199) to work on /home/fawzan/airflow/.venv/lib/python3.10/site-packages/airflow/example_dags/example_trigger_controller_dag.py
[2024-11-06T17:16:03.218+0700] {processor.py:914} INFO - Processing file /home/fawzan/airflow/.venv/lib/python3.10/site-packages/airflow/example_dags/example_trigger_controller_dag.py for tasks to queue
[2024-11-06T17:16:03.220+0700] {logging_mixin.py:190} INFO - [2024-11-06T17:16:03.219+0700] {dagbag.py:588} INFO - Filling up the DagBag from /home/fawzan/airflow/.venv/lib/python3.10/site-packages/airflow/example_dags/example_trigger_controller_dag.py
[2024-11-06T17:16:03.226+0700] {processor.py:925} INFO - DAG(s) 'example_trigger_controller_dag' retrieved from /home/fawzan/airflow/.venv/lib/python3.10/site-packages/airflow/example_dags/example_trigger_controller_dag.py
[2024-11-06T17:16:03.235+0700] {logging_mixin.py:190} INFO - [2024-11-06T17:16:03.235+0700] {dag.py:3239} INFO - Sync 1 DAGs
[2024-11-06T17:16:03.245+0700] {logging_mixin.py:190} INFO - [2024-11-06T17:16:03.244+0700] {dag.py:4180} INFO - Setting next_dagrun for example_trigger_controller_dag to 2021-01-01 00:00:00+00:00, run_after=2021-01-01 00:00:00+00:00
[2024-11-06T17:16:03.256+0700] {processor.py:208} INFO - Processing /home/fawzan/airflow/.venv/lib/python3.10/site-packages/airflow/example_dags/example_trigger_controller_dag.py took 0.046 seconds
[2024-11-06T18:13:09.012+0700] {processor.py:186} INFO - Started process (PID=2716) to work on /home/fawzan/airflow/.venv/lib/python3.10/site-packages/airflow/example_dags/example_trigger_controller_dag.py
[2024-11-06T18:13:09.015+0700] {processor.py:914} INFO - Processing file /home/fawzan/airflow/.venv/lib/python3.10/site-packages/airflow/example_dags/example_trigger_controller_dag.py for tasks to queue
[2024-11-06T18:13:09.018+0700] {logging_mixin.py:190} INFO - [2024-11-06T18:13:09.017+0700] {dagbag.py:588} INFO - Filling up the DagBag from /home/fawzan/airflow/.venv/lib/python3.10/site-packages/airflow/example_dags/example_trigger_controller_dag.py
[2024-11-06T18:13:09.024+0700] {processor.py:925} INFO - DAG(s) 'example_trigger_controller_dag' retrieved from /home/fawzan/airflow/.venv/lib/python3.10/site-packages/airflow/example_dags/example_trigger_controller_dag.py
[2024-11-06T18:13:09.035+0700] {logging_mixin.py:190} INFO - [2024-11-06T18:13:09.035+0700] {dag.py:3239} INFO - Sync 1 DAGs
[2024-11-06T18:13:09.045+0700] {logging_mixin.py:190} INFO - [2024-11-06T18:13:09.045+0700] {dag.py:4180} INFO - Setting next_dagrun for example_trigger_controller_dag to 2021-01-01 00:00:00+00:00, run_after=2021-01-01 00:00:00+00:00
[2024-11-06T18:13:09.058+0700] {processor.py:208} INFO - Processing /home/fawzan/airflow/.venv/lib/python3.10/site-packages/airflow/example_dags/example_trigger_controller_dag.py took 0.051 seconds
[2024-11-06T18:14:05.615+0700] {processor.py:186} INFO - Started process (PID=3302) to work on /home/fawzan/airflow/.venv/lib/python3.10/site-packages/airflow/example_dags/example_trigger_controller_dag.py
[2024-11-06T18:14:05.617+0700] {processor.py:914} INFO - Processing file /home/fawzan/airflow/.venv/lib/python3.10/site-packages/airflow/example_dags/example_trigger_controller_dag.py for tasks to queue
[2024-11-06T18:14:05.619+0700] {logging_mixin.py:190} INFO - [2024-11-06T18:14:05.619+0700] {dagbag.py:588} INFO - Filling up the DagBag from /home/fawzan/airflow/.venv/lib/python3.10/site-packages/airflow/example_dags/example_trigger_controller_dag.py
[2024-11-06T18:14:05.626+0700] {processor.py:925} INFO - DAG(s) 'example_trigger_controller_dag' retrieved from /home/fawzan/airflow/.venv/lib/python3.10/site-packages/airflow/example_dags/example_trigger_controller_dag.py
[2024-11-06T18:14:05.635+0700] {logging_mixin.py:190} INFO - [2024-11-06T18:14:05.635+0700] {dag.py:3239} INFO - Sync 1 DAGs
[2024-11-06T18:14:05.646+0700] {logging_mixin.py:190} INFO - [2024-11-06T18:14:05.646+0700] {dag.py:4180} INFO - Setting next_dagrun for example_trigger_controller_dag to 2021-01-01 00:00:00+00:00, run_after=2021-01-01 00:00:00+00:00
[2024-11-06T18:14:05.661+0700] {processor.py:208} INFO - Processing /home/fawzan/airflow/.venv/lib/python3.10/site-packages/airflow/example_dags/example_trigger_controller_dag.py took 0.052 seconds
[2024-11-06T18:14:57.173+0700] {processor.py:186} INFO - Started process (PID=3460) to work on /home/fawzan/airflow/.venv/lib/python3.10/site-packages/airflow/example_dags/example_trigger_controller_dag.py
[2024-11-06T18:14:57.176+0700] {processor.py:914} INFO - Processing file /home/fawzan/airflow/.venv/lib/python3.10/site-packages/airflow/example_dags/example_trigger_controller_dag.py for tasks to queue
[2024-11-06T18:14:57.178+0700] {logging_mixin.py:190} INFO - [2024-11-06T18:14:57.178+0700] {dagbag.py:588} INFO - Filling up the DagBag from /home/fawzan/airflow/.venv/lib/python3.10/site-packages/airflow/example_dags/example_trigger_controller_dag.py
[2024-11-06T18:14:57.185+0700] {processor.py:925} INFO - DAG(s) 'example_trigger_controller_dag' retrieved from /home/fawzan/airflow/.venv/lib/python3.10/site-packages/airflow/example_dags/example_trigger_controller_dag.py
[2024-11-06T18:14:57.194+0700] {logging_mixin.py:190} INFO - [2024-11-06T18:14:57.193+0700] {dag.py:3239} INFO - Sync 1 DAGs
[2024-11-06T18:14:57.203+0700] {logging_mixin.py:190} INFO - [2024-11-06T18:14:57.203+0700] {dag.py:4180} INFO - Setting next_dagrun for example_trigger_controller_dag to 2021-01-01 00:00:00+00:00, run_after=2021-01-01 00:00:00+00:00
[2024-11-06T18:14:57.215+0700] {processor.py:208} INFO - Processing /home/fawzan/airflow/.venv/lib/python3.10/site-packages/airflow/example_dags/example_trigger_controller_dag.py took 0.048 seconds
[2024-11-06T18:15:47.325+0700] {processor.py:186} INFO - Started process (PID=3579) to work on /home/fawzan/airflow/.venv/lib/python3.10/site-packages/airflow/example_dags/example_trigger_controller_dag.py
[2024-11-06T18:15:47.328+0700] {processor.py:914} INFO - Processing file /home/fawzan/airflow/.venv/lib/python3.10/site-packages/airflow/example_dags/example_trigger_controller_dag.py for tasks to queue
[2024-11-06T18:15:47.331+0700] {logging_mixin.py:190} INFO - [2024-11-06T18:15:47.331+0700] {dagbag.py:588} INFO - Filling up the DagBag from /home/fawzan/airflow/.venv/lib/python3.10/site-packages/airflow/example_dags/example_trigger_controller_dag.py
[2024-11-06T18:15:47.336+0700] {processor.py:925} INFO - DAG(s) 'example_trigger_controller_dag' retrieved from /home/fawzan/airflow/.venv/lib/python3.10/site-packages/airflow/example_dags/example_trigger_controller_dag.py
[2024-11-06T18:15:47.344+0700] {logging_mixin.py:190} INFO - [2024-11-06T18:15:47.344+0700] {dag.py:3239} INFO - Sync 1 DAGs
[2024-11-06T18:15:47.355+0700] {logging_mixin.py:190} INFO - [2024-11-06T18:15:47.355+0700] {dag.py:4180} INFO - Setting next_dagrun for example_trigger_controller_dag to 2021-01-01 00:00:00+00:00, run_after=2021-01-01 00:00:00+00:00
[2024-11-06T18:15:47.367+0700] {processor.py:208} INFO - Processing /home/fawzan/airflow/.venv/lib/python3.10/site-packages/airflow/example_dags/example_trigger_controller_dag.py took 0.048 seconds
[2024-11-06T18:17:08.371+0700] {processor.py:186} INFO - Started process (PID=3849) to work on /home/fawzan/airflow/.venv/lib/python3.10/site-packages/airflow/example_dags/example_trigger_controller_dag.py
[2024-11-06T18:17:08.374+0700] {processor.py:914} INFO - Processing file /home/fawzan/airflow/.venv/lib/python3.10/site-packages/airflow/example_dags/example_trigger_controller_dag.py for tasks to queue
[2024-11-06T18:17:08.376+0700] {logging_mixin.py:190} INFO - [2024-11-06T18:17:08.376+0700] {dagbag.py:588} INFO - Filling up the DagBag from /home/fawzan/airflow/.venv/lib/python3.10/site-packages/airflow/example_dags/example_trigger_controller_dag.py
[2024-11-06T18:17:08.383+0700] {processor.py:925} INFO - DAG(s) 'example_trigger_controller_dag' retrieved from /home/fawzan/airflow/.venv/lib/python3.10/site-packages/airflow/example_dags/example_trigger_controller_dag.py
[2024-11-06T18:17:08.392+0700] {logging_mixin.py:190} INFO - [2024-11-06T18:17:08.392+0700] {dag.py:3239} INFO - Sync 1 DAGs
[2024-11-06T18:17:08.402+0700] {logging_mixin.py:190} INFO - [2024-11-06T18:17:08.402+0700] {dag.py:4180} INFO - Setting next_dagrun for example_trigger_controller_dag to 2021-01-01 00:00:00+00:00, run_after=2021-01-01 00:00:00+00:00
[2024-11-06T18:17:08.413+0700] {processor.py:208} INFO - Processing /home/fawzan/airflow/.venv/lib/python3.10/site-packages/airflow/example_dags/example_trigger_controller_dag.py took 0.048 seconds
[2024-11-06T18:17:59.795+0700] {processor.py:186} INFO - Started process (PID=3972) to work on /home/fawzan/airflow/.venv/lib/python3.10/site-packages/airflow/example_dags/example_trigger_controller_dag.py
[2024-11-06T18:17:59.798+0700] {processor.py:914} INFO - Processing file /home/fawzan/airflow/.venv/lib/python3.10/site-packages/airflow/example_dags/example_trigger_controller_dag.py for tasks to queue
[2024-11-06T18:17:59.800+0700] {logging_mixin.py:190} INFO - [2024-11-06T18:17:59.800+0700] {dagbag.py:588} INFO - Filling up the DagBag from /home/fawzan/airflow/.venv/lib/python3.10/site-packages/airflow/example_dags/example_trigger_controller_dag.py
[2024-11-06T18:17:59.807+0700] {processor.py:925} INFO - DAG(s) 'example_trigger_controller_dag' retrieved from /home/fawzan/airflow/.venv/lib/python3.10/site-packages/airflow/example_dags/example_trigger_controller_dag.py
[2024-11-06T18:17:59.820+0700] {logging_mixin.py:190} INFO - [2024-11-06T18:17:59.820+0700] {dag.py:3239} INFO - Sync 1 DAGs
[2024-11-06T18:17:59.831+0700] {logging_mixin.py:190} INFO - [2024-11-06T18:17:59.831+0700] {dag.py:4180} INFO - Setting next_dagrun for example_trigger_controller_dag to 2021-01-01 00:00:00+00:00, run_after=2021-01-01 00:00:00+00:00
[2024-11-06T18:17:59.843+0700] {processor.py:208} INFO - Processing /home/fawzan/airflow/.venv/lib/python3.10/site-packages/airflow/example_dags/example_trigger_controller_dag.py took 0.054 seconds
[2024-11-06T18:18:51.727+0700] {processor.py:186} INFO - Started process (PID=4071) to work on /home/fawzan/airflow/.venv/lib/python3.10/site-packages/airflow/example_dags/example_trigger_controller_dag.py
[2024-11-06T18:18:51.731+0700] {processor.py:914} INFO - Processing file /home/fawzan/airflow/.venv/lib/python3.10/site-packages/airflow/example_dags/example_trigger_controller_dag.py for tasks to queue
[2024-11-06T18:18:51.733+0700] {logging_mixin.py:190} INFO - [2024-11-06T18:18:51.733+0700] {dagbag.py:588} INFO - Filling up the DagBag from /home/fawzan/airflow/.venv/lib/python3.10/site-packages/airflow/example_dags/example_trigger_controller_dag.py
[2024-11-06T18:18:51.741+0700] {processor.py:925} INFO - DAG(s) 'example_trigger_controller_dag' retrieved from /home/fawzan/airflow/.venv/lib/python3.10/site-packages/airflow/example_dags/example_trigger_controller_dag.py
[2024-11-06T18:18:51.754+0700] {logging_mixin.py:190} INFO - [2024-11-06T18:18:51.753+0700] {dag.py:3239} INFO - Sync 1 DAGs
[2024-11-06T18:18:51.766+0700] {logging_mixin.py:190} INFO - [2024-11-06T18:18:51.766+0700] {dag.py:4180} INFO - Setting next_dagrun for example_trigger_controller_dag to 2021-01-01 00:00:00+00:00, run_after=2021-01-01 00:00:00+00:00
[2024-11-06T18:18:51.777+0700] {processor.py:208} INFO - Processing /home/fawzan/airflow/.venv/lib/python3.10/site-packages/airflow/example_dags/example_trigger_controller_dag.py took 0.055 seconds
[2024-11-06T18:19:45.074+0700] {processor.py:186} INFO - Started process (PID=4173) to work on /home/fawzan/airflow/.venv/lib/python3.10/site-packages/airflow/example_dags/example_trigger_controller_dag.py
[2024-11-06T18:19:45.091+0700] {processor.py:914} INFO - Processing file /home/fawzan/airflow/.venv/lib/python3.10/site-packages/airflow/example_dags/example_trigger_controller_dag.py for tasks to queue
[2024-11-06T18:19:45.095+0700] {logging_mixin.py:190} INFO - [2024-11-06T18:19:45.094+0700] {dagbag.py:588} INFO - Filling up the DagBag from /home/fawzan/airflow/.venv/lib/python3.10/site-packages/airflow/example_dags/example_trigger_controller_dag.py
[2024-11-06T18:19:45.102+0700] {processor.py:925} INFO - DAG(s) 'example_trigger_controller_dag' retrieved from /home/fawzan/airflow/.venv/lib/python3.10/site-packages/airflow/example_dags/example_trigger_controller_dag.py
[2024-11-06T18:19:45.114+0700] {logging_mixin.py:190} INFO - [2024-11-06T18:19:45.113+0700] {dag.py:3239} INFO - Sync 1 DAGs
[2024-11-06T18:19:45.124+0700] {logging_mixin.py:190} INFO - [2024-11-06T18:19:45.124+0700] {dag.py:4180} INFO - Setting next_dagrun for example_trigger_controller_dag to 2021-01-01 00:00:00+00:00, run_after=2021-01-01 00:00:00+00:00
[2024-11-06T18:19:45.137+0700] {processor.py:208} INFO - Processing /home/fawzan/airflow/.venv/lib/python3.10/site-packages/airflow/example_dags/example_trigger_controller_dag.py took 0.068 seconds
[2024-11-06T18:20:39.824+0700] {processor.py:186} INFO - Started process (PID=4274) to work on /home/fawzan/airflow/.venv/lib/python3.10/site-packages/airflow/example_dags/example_trigger_controller_dag.py
[2024-11-06T18:20:39.828+0700] {processor.py:914} INFO - Processing file /home/fawzan/airflow/.venv/lib/python3.10/site-packages/airflow/example_dags/example_trigger_controller_dag.py for tasks to queue
[2024-11-06T18:20:39.830+0700] {logging_mixin.py:190} INFO - [2024-11-06T18:20:39.830+0700] {dagbag.py:588} INFO - Filling up the DagBag from /home/fawzan/airflow/.venv/lib/python3.10/site-packages/airflow/example_dags/example_trigger_controller_dag.py
[2024-11-06T18:20:39.837+0700] {processor.py:925} INFO - DAG(s) 'example_trigger_controller_dag' retrieved from /home/fawzan/airflow/.venv/lib/python3.10/site-packages/airflow/example_dags/example_trigger_controller_dag.py
[2024-11-06T18:20:39.847+0700] {logging_mixin.py:190} INFO - [2024-11-06T18:20:39.847+0700] {dag.py:3239} INFO - Sync 1 DAGs
[2024-11-06T18:20:39.857+0700] {logging_mixin.py:190} INFO - [2024-11-06T18:20:39.857+0700] {dag.py:4180} INFO - Setting next_dagrun for example_trigger_controller_dag to 2021-01-01 00:00:00+00:00, run_after=2021-01-01 00:00:00+00:00
[2024-11-06T18:20:39.870+0700] {processor.py:208} INFO - Processing /home/fawzan/airflow/.venv/lib/python3.10/site-packages/airflow/example_dags/example_trigger_controller_dag.py took 0.051 seconds
[2024-11-06T18:21:50.528+0700] {processor.py:186} INFO - Started process (PID=4491) to work on /home/fawzan/airflow/.venv/lib/python3.10/site-packages/airflow/example_dags/example_trigger_controller_dag.py
[2024-11-06T18:21:50.531+0700] {processor.py:914} INFO - Processing file /home/fawzan/airflow/.venv/lib/python3.10/site-packages/airflow/example_dags/example_trigger_controller_dag.py for tasks to queue
[2024-11-06T18:21:50.533+0700] {logging_mixin.py:190} INFO - [2024-11-06T18:21:50.533+0700] {dagbag.py:588} INFO - Filling up the DagBag from /home/fawzan/airflow/.venv/lib/python3.10/site-packages/airflow/example_dags/example_trigger_controller_dag.py
[2024-11-06T18:21:50.540+0700] {processor.py:925} INFO - DAG(s) 'example_trigger_controller_dag' retrieved from /home/fawzan/airflow/.venv/lib/python3.10/site-packages/airflow/example_dags/example_trigger_controller_dag.py
[2024-11-06T18:21:50.551+0700] {logging_mixin.py:190} INFO - [2024-11-06T18:21:50.551+0700] {dag.py:3239} INFO - Sync 1 DAGs
[2024-11-06T18:21:50.561+0700] {logging_mixin.py:190} INFO - [2024-11-06T18:21:50.561+0700] {dag.py:4180} INFO - Setting next_dagrun for example_trigger_controller_dag to 2021-01-01 00:00:00+00:00, run_after=2021-01-01 00:00:00+00:00
[2024-11-06T18:21:50.573+0700] {processor.py:208} INFO - Processing /home/fawzan/airflow/.venv/lib/python3.10/site-packages/airflow/example_dags/example_trigger_controller_dag.py took 0.050 seconds
[2024-11-06T18:22:47.110+0700] {processor.py:186} INFO - Started process (PID=4624) to work on /home/fawzan/airflow/.venv/lib/python3.10/site-packages/airflow/example_dags/example_trigger_controller_dag.py
[2024-11-06T18:22:47.113+0700] {processor.py:914} INFO - Processing file /home/fawzan/airflow/.venv/lib/python3.10/site-packages/airflow/example_dags/example_trigger_controller_dag.py for tasks to queue
[2024-11-06T18:22:47.115+0700] {logging_mixin.py:190} INFO - [2024-11-06T18:22:47.115+0700] {dagbag.py:588} INFO - Filling up the DagBag from /home/fawzan/airflow/.venv/lib/python3.10/site-packages/airflow/example_dags/example_trigger_controller_dag.py
[2024-11-06T18:22:47.122+0700] {processor.py:925} INFO - DAG(s) 'example_trigger_controller_dag' retrieved from /home/fawzan/airflow/.venv/lib/python3.10/site-packages/airflow/example_dags/example_trigger_controller_dag.py
[2024-11-06T18:22:47.132+0700] {logging_mixin.py:190} INFO - [2024-11-06T18:22:47.132+0700] {dag.py:3239} INFO - Sync 1 DAGs
[2024-11-06T18:22:47.142+0700] {logging_mixin.py:190} INFO - [2024-11-06T18:22:47.142+0700] {dag.py:4180} INFO - Setting next_dagrun for example_trigger_controller_dag to 2021-01-01 00:00:00+00:00, run_after=2021-01-01 00:00:00+00:00
[2024-11-06T18:22:47.154+0700] {processor.py:208} INFO - Processing /home/fawzan/airflow/.venv/lib/python3.10/site-packages/airflow/example_dags/example_trigger_controller_dag.py took 0.049 seconds
[2024-11-06T18:23:41.227+0700] {processor.py:186} INFO - Started process (PID=4717) to work on /home/fawzan/airflow/.venv/lib/python3.10/site-packages/airflow/example_dags/example_trigger_controller_dag.py
[2024-11-06T18:23:41.230+0700] {processor.py:914} INFO - Processing file /home/fawzan/airflow/.venv/lib/python3.10/site-packages/airflow/example_dags/example_trigger_controller_dag.py for tasks to queue
[2024-11-06T18:23:41.233+0700] {logging_mixin.py:190} INFO - [2024-11-06T18:23:41.232+0700] {dagbag.py:588} INFO - Filling up the DagBag from /home/fawzan/airflow/.venv/lib/python3.10/site-packages/airflow/example_dags/example_trigger_controller_dag.py
[2024-11-06T18:23:41.240+0700] {processor.py:925} INFO - DAG(s) 'example_trigger_controller_dag' retrieved from /home/fawzan/airflow/.venv/lib/python3.10/site-packages/airflow/example_dags/example_trigger_controller_dag.py
[2024-11-06T18:23:41.249+0700] {logging_mixin.py:190} INFO - [2024-11-06T18:23:41.249+0700] {dag.py:3239} INFO - Sync 1 DAGs
[2024-11-06T18:23:41.260+0700] {logging_mixin.py:190} INFO - [2024-11-06T18:23:41.260+0700] {dag.py:4180} INFO - Setting next_dagrun for example_trigger_controller_dag to 2021-01-01 00:00:00+00:00, run_after=2021-01-01 00:00:00+00:00
[2024-11-06T18:23:41.272+0700] {processor.py:208} INFO - Processing /home/fawzan/airflow/.venv/lib/python3.10/site-packages/airflow/example_dags/example_trigger_controller_dag.py took 0.050 seconds
[2024-11-06T18:24:37.195+0700] {processor.py:186} INFO - Started process (PID=4835) to work on /home/fawzan/airflow/.venv/lib/python3.10/site-packages/airflow/example_dags/example_trigger_controller_dag.py
[2024-11-06T18:24:37.198+0700] {processor.py:914} INFO - Processing file /home/fawzan/airflow/.venv/lib/python3.10/site-packages/airflow/example_dags/example_trigger_controller_dag.py for tasks to queue
[2024-11-06T18:24:37.200+0700] {logging_mixin.py:190} INFO - [2024-11-06T18:24:37.200+0700] {dagbag.py:588} INFO - Filling up the DagBag from /home/fawzan/airflow/.venv/lib/python3.10/site-packages/airflow/example_dags/example_trigger_controller_dag.py
[2024-11-06T18:24:37.206+0700] {processor.py:925} INFO - DAG(s) 'example_trigger_controller_dag' retrieved from /home/fawzan/airflow/.venv/lib/python3.10/site-packages/airflow/example_dags/example_trigger_controller_dag.py
[2024-11-06T18:24:37.216+0700] {logging_mixin.py:190} INFO - [2024-11-06T18:24:37.216+0700] {dag.py:3239} INFO - Sync 1 DAGs
[2024-11-06T18:24:37.226+0700] {logging_mixin.py:190} INFO - [2024-11-06T18:24:37.225+0700] {dag.py:4180} INFO - Setting next_dagrun for example_trigger_controller_dag to 2021-01-01 00:00:00+00:00, run_after=2021-01-01 00:00:00+00:00
[2024-11-06T18:24:37.237+0700] {processor.py:208} INFO - Processing /home/fawzan/airflow/.venv/lib/python3.10/site-packages/airflow/example_dags/example_trigger_controller_dag.py took 0.047 seconds
[2024-11-06T18:32:24.144+0700] {processor.py:186} INFO - Started process (PID=5143) to work on /home/fawzan/airflow/.venv/lib/python3.10/site-packages/airflow/example_dags/example_trigger_controller_dag.py
[2024-11-06T18:32:24.147+0700] {processor.py:914} INFO - Processing file /home/fawzan/airflow/.venv/lib/python3.10/site-packages/airflow/example_dags/example_trigger_controller_dag.py for tasks to queue
[2024-11-06T18:32:24.149+0700] {logging_mixin.py:190} INFO - [2024-11-06T18:32:24.149+0700] {dagbag.py:588} INFO - Filling up the DagBag from /home/fawzan/airflow/.venv/lib/python3.10/site-packages/airflow/example_dags/example_trigger_controller_dag.py
[2024-11-06T18:32:24.155+0700] {processor.py:925} INFO - DAG(s) 'example_trigger_controller_dag' retrieved from /home/fawzan/airflow/.venv/lib/python3.10/site-packages/airflow/example_dags/example_trigger_controller_dag.py
[2024-11-06T18:32:24.166+0700] {logging_mixin.py:190} INFO - [2024-11-06T18:32:24.166+0700] {dag.py:3239} INFO - Sync 1 DAGs
[2024-11-06T18:32:24.177+0700] {logging_mixin.py:190} INFO - [2024-11-06T18:32:24.177+0700] {dag.py:4180} INFO - Setting next_dagrun for example_trigger_controller_dag to 2021-01-01 00:00:00+00:00, run_after=2021-01-01 00:00:00+00:00
[2024-11-06T18:32:24.189+0700] {processor.py:208} INFO - Processing /home/fawzan/airflow/.venv/lib/python3.10/site-packages/airflow/example_dags/example_trigger_controller_dag.py took 0.051 seconds
[2024-11-06T18:33:22.827+0700] {processor.py:186} INFO - Started process (PID=5260) to work on /home/fawzan/airflow/.venv/lib/python3.10/site-packages/airflow/example_dags/example_trigger_controller_dag.py
[2024-11-06T18:33:22.829+0700] {processor.py:914} INFO - Processing file /home/fawzan/airflow/.venv/lib/python3.10/site-packages/airflow/example_dags/example_trigger_controller_dag.py for tasks to queue
[2024-11-06T18:33:22.831+0700] {logging_mixin.py:190} INFO - [2024-11-06T18:33:22.830+0700] {dagbag.py:588} INFO - Filling up the DagBag from /home/fawzan/airflow/.venv/lib/python3.10/site-packages/airflow/example_dags/example_trigger_controller_dag.py
[2024-11-06T18:33:22.837+0700] {processor.py:925} INFO - DAG(s) 'example_trigger_controller_dag' retrieved from /home/fawzan/airflow/.venv/lib/python3.10/site-packages/airflow/example_dags/example_trigger_controller_dag.py
[2024-11-06T18:33:22.846+0700] {logging_mixin.py:190} INFO - [2024-11-06T18:33:22.846+0700] {dag.py:3239} INFO - Sync 1 DAGs
[2024-11-06T18:33:22.856+0700] {logging_mixin.py:190} INFO - [2024-11-06T18:33:22.856+0700] {dag.py:4180} INFO - Setting next_dagrun for example_trigger_controller_dag to 2021-01-01 00:00:00+00:00, run_after=2021-01-01 00:00:00+00:00
[2024-11-06T18:33:22.868+0700] {processor.py:208} INFO - Processing /home/fawzan/airflow/.venv/lib/python3.10/site-packages/airflow/example_dags/example_trigger_controller_dag.py took 0.045 seconds
