[2024-11-06T17:08:04.351+0700] {processor.py:186} INFO - Started process (PID=3849) to work on /home/fawzan/airflow/.venv/lib/python3.10/site-packages/airflow/example_dags/example_complex.py
[2024-11-06T17:08:04.352+0700] {processor.py:914} INFO - Processing file /home/fawzan/airflow/.venv/lib/python3.10/site-packages/airflow/example_dags/example_complex.py for tasks to queue
[2024-11-06T17:08:04.354+0700] {logging_mixin.py:190} INFO - [2024-11-06T17:08:04.353+0700] {dagbag.py:588} INFO - Filling up the DagBag from /home/fawzan/airflow/.venv/lib/python3.10/site-packages/airflow/example_dags/example_complex.py
[2024-11-06T17:08:04.363+0700] {processor.py:925} INFO - DAG(s) 'example_complex' retrieved from /home/fawzan/airflow/.venv/lib/python3.10/site-packages/airflow/example_dags/example_complex.py
[2024-11-06T17:08:04.428+0700] {logging_mixin.py:190} INFO - [2024-11-06T17:08:04.428+0700] {override.py:1900} INFO - Created Permission View: can edit on DAG:example_complex
[2024-11-06T17:08:04.437+0700] {logging_mixin.py:190} INFO - [2024-11-06T17:08:04.436+0700] {override.py:1900} INFO - Created Permission View: can delete on DAG:example_complex
[2024-11-06T17:08:04.443+0700] {logging_mixin.py:190} INFO - [2024-11-06T17:08:04.442+0700] {override.py:1900} INFO - Created Permission View: can read on DAG:example_complex
[2024-11-06T17:08:04.453+0700] {logging_mixin.py:190} INFO - [2024-11-06T17:08:04.453+0700] {override.py:1900} INFO - Created Permission View: can delete on DAG Run:example_complex
[2024-11-06T17:08:04.459+0700] {logging_mixin.py:190} INFO - [2024-11-06T17:08:04.458+0700] {override.py:1900} INFO - Created Permission View: can create on DAG Run:example_complex
[2024-11-06T17:08:04.465+0700] {logging_mixin.py:190} INFO - [2024-11-06T17:08:04.464+0700] {override.py:1900} INFO - Created Permission View: menu access on DAG Run:example_complex
[2024-11-06T17:08:04.470+0700] {logging_mixin.py:190} INFO - [2024-11-06T17:08:04.470+0700] {override.py:1900} INFO - Created Permission View: can read on DAG Run:example_complex
[2024-11-06T17:08:04.471+0700] {logging_mixin.py:190} INFO - [2024-11-06T17:08:04.471+0700] {dag.py:3239} INFO - Sync 1 DAGs
[2024-11-06T17:08:04.478+0700] {logging_mixin.py:190} INFO - [2024-11-06T17:08:04.477+0700] {dag.py:3262} INFO - Creating ORM DAG for example_complex
[2024-11-06T17:08:04.478+0700] {logging_mixin.py:190} INFO - [2024-11-06T17:08:04.478+0700] {dag.py:4180} INFO - Setting next_dagrun for example_complex to None, run_after=None
[2024-11-06T17:08:04.490+0700] {processor.py:208} INFO - Processing /home/fawzan/airflow/.venv/lib/python3.10/site-packages/airflow/example_dags/example_complex.py took 0.144 seconds
[2024-11-06T17:13:33.934+0700] {processor.py:186} INFO - Started process (PID=4006) to work on /home/fawzan/airflow/.venv/lib/python3.10/site-packages/airflow/example_dags/example_complex.py
[2024-11-06T17:13:33.935+0700] {processor.py:914} INFO - Processing file /home/fawzan/airflow/.venv/lib/python3.10/site-packages/airflow/example_dags/example_complex.py for tasks to queue
[2024-11-06T17:13:33.936+0700] {logging_mixin.py:190} INFO - [2024-11-06T17:13:33.936+0700] {dagbag.py:588} INFO - Filling up the DagBag from /home/fawzan/airflow/.venv/lib/python3.10/site-packages/airflow/example_dags/example_complex.py
[2024-11-06T17:13:33.943+0700] {processor.py:925} INFO - DAG(s) 'example_complex' retrieved from /home/fawzan/airflow/.venv/lib/python3.10/site-packages/airflow/example_dags/example_complex.py
[2024-11-06T17:13:33.959+0700] {logging_mixin.py:190} INFO - [2024-11-06T17:13:33.959+0700] {dag.py:3239} INFO - Sync 1 DAGs
[2024-11-06T17:13:33.966+0700] {logging_mixin.py:190} INFO - [2024-11-06T17:13:33.966+0700] {dag.py:4180} INFO - Setting next_dagrun for example_complex to None, run_after=None
[2024-11-06T17:13:33.978+0700] {processor.py:208} INFO - Processing /home/fawzan/airflow/.venv/lib/python3.10/site-packages/airflow/example_dags/example_complex.py took 0.049 seconds
[2024-11-06T17:14:30.795+0700] {processor.py:186} INFO - Started process (PID=4078) to work on /home/fawzan/airflow/.venv/lib/python3.10/site-packages/airflow/example_dags/example_complex.py
[2024-11-06T17:14:30.797+0700] {processor.py:914} INFO - Processing file /home/fawzan/airflow/.venv/lib/python3.10/site-packages/airflow/example_dags/example_complex.py for tasks to queue
[2024-11-06T17:14:30.799+0700] {logging_mixin.py:190} INFO - [2024-11-06T17:14:30.799+0700] {dagbag.py:588} INFO - Filling up the DagBag from /home/fawzan/airflow/.venv/lib/python3.10/site-packages/airflow/example_dags/example_complex.py
[2024-11-06T17:14:30.810+0700] {processor.py:925} INFO - DAG(s) 'example_complex' retrieved from /home/fawzan/airflow/.venv/lib/python3.10/site-packages/airflow/example_dags/example_complex.py
[2024-11-06T17:14:30.825+0700] {logging_mixin.py:190} INFO - [2024-11-06T17:14:30.825+0700] {dag.py:3239} INFO - Sync 1 DAGs
[2024-11-06T17:14:30.832+0700] {logging_mixin.py:190} INFO - [2024-11-06T17:14:30.832+0700] {dag.py:4180} INFO - Setting next_dagrun for example_complex to None, run_after=None
[2024-11-06T17:14:30.844+0700] {processor.py:208} INFO - Processing /home/fawzan/airflow/.venv/lib/python3.10/site-packages/airflow/example_dags/example_complex.py took 0.054 seconds
[2024-11-06T17:15:26.949+0700] {processor.py:186} INFO - Started process (PID=4153) to work on /home/fawzan/airflow/.venv/lib/python3.10/site-packages/airflow/example_dags/example_complex.py
[2024-11-06T17:15:26.953+0700] {processor.py:914} INFO - Processing file /home/fawzan/airflow/.venv/lib/python3.10/site-packages/airflow/example_dags/example_complex.py for tasks to queue
[2024-11-06T17:15:26.955+0700] {logging_mixin.py:190} INFO - [2024-11-06T17:15:26.954+0700] {dagbag.py:588} INFO - Filling up the DagBag from /home/fawzan/airflow/.venv/lib/python3.10/site-packages/airflow/example_dags/example_complex.py
[2024-11-06T17:15:26.965+0700] {processor.py:925} INFO - DAG(s) 'example_complex' retrieved from /home/fawzan/airflow/.venv/lib/python3.10/site-packages/airflow/example_dags/example_complex.py
[2024-11-06T17:15:26.979+0700] {logging_mixin.py:190} INFO - [2024-11-06T17:15:26.979+0700] {dag.py:3239} INFO - Sync 1 DAGs
[2024-11-06T17:15:26.986+0700] {logging_mixin.py:190} INFO - [2024-11-06T17:15:26.986+0700] {dag.py:4180} INFO - Setting next_dagrun for example_complex to None, run_after=None
[2024-11-06T17:15:26.998+0700] {processor.py:208} INFO - Processing /home/fawzan/airflow/.venv/lib/python3.10/site-packages/airflow/example_dags/example_complex.py took 0.054 seconds
[2024-11-06T17:16:21.122+0700] {processor.py:186} INFO - Started process (PID=4218) to work on /home/fawzan/airflow/.venv/lib/python3.10/site-packages/airflow/example_dags/example_complex.py
[2024-11-06T17:16:21.125+0700] {processor.py:914} INFO - Processing file /home/fawzan/airflow/.venv/lib/python3.10/site-packages/airflow/example_dags/example_complex.py for tasks to queue
[2024-11-06T17:16:21.126+0700] {logging_mixin.py:190} INFO - [2024-11-06T17:16:21.126+0700] {dagbag.py:588} INFO - Filling up the DagBag from /home/fawzan/airflow/.venv/lib/python3.10/site-packages/airflow/example_dags/example_complex.py
[2024-11-06T17:16:21.133+0700] {processor.py:925} INFO - DAG(s) 'example_complex' retrieved from /home/fawzan/airflow/.venv/lib/python3.10/site-packages/airflow/example_dags/example_complex.py
[2024-11-06T17:16:21.148+0700] {logging_mixin.py:190} INFO - [2024-11-06T17:16:21.147+0700] {dag.py:3239} INFO - Sync 1 DAGs
[2024-11-06T17:16:21.154+0700] {logging_mixin.py:190} INFO - [2024-11-06T17:16:21.154+0700] {dag.py:4180} INFO - Setting next_dagrun for example_complex to None, run_after=None
[2024-11-06T17:16:21.168+0700] {processor.py:208} INFO - Processing /home/fawzan/airflow/.venv/lib/python3.10/site-packages/airflow/example_dags/example_complex.py took 0.050 seconds
[2024-11-06T18:13:22.772+0700] {processor.py:186} INFO - Started process (PID=2743) to work on /home/fawzan/airflow/.venv/lib/python3.10/site-packages/airflow/example_dags/example_complex.py
[2024-11-06T18:13:22.775+0700] {processor.py:914} INFO - Processing file /home/fawzan/airflow/.venv/lib/python3.10/site-packages/airflow/example_dags/example_complex.py for tasks to queue
[2024-11-06T18:13:22.777+0700] {logging_mixin.py:190} INFO - [2024-11-06T18:13:22.777+0700] {dagbag.py:588} INFO - Filling up the DagBag from /home/fawzan/airflow/.venv/lib/python3.10/site-packages/airflow/example_dags/example_complex.py
[2024-11-06T18:13:22.790+0700] {processor.py:925} INFO - DAG(s) 'example_complex' retrieved from /home/fawzan/airflow/.venv/lib/python3.10/site-packages/airflow/example_dags/example_complex.py
[2024-11-06T18:13:22.806+0700] {logging_mixin.py:190} INFO - [2024-11-06T18:13:22.806+0700] {dag.py:3239} INFO - Sync 1 DAGs
[2024-11-06T18:13:22.813+0700] {logging_mixin.py:190} INFO - [2024-11-06T18:13:22.813+0700] {dag.py:4180} INFO - Setting next_dagrun for example_complex to None, run_after=None
[2024-11-06T18:13:22.825+0700] {processor.py:208} INFO - Processing /home/fawzan/airflow/.venv/lib/python3.10/site-packages/airflow/example_dags/example_complex.py took 0.059 seconds
[2024-11-06T18:14:18.456+0700] {processor.py:186} INFO - Started process (PID=3339) to work on /home/fawzan/airflow/.venv/lib/python3.10/site-packages/airflow/example_dags/example_complex.py
[2024-11-06T18:14:18.459+0700] {processor.py:914} INFO - Processing file /home/fawzan/airflow/.venv/lib/python3.10/site-packages/airflow/example_dags/example_complex.py for tasks to queue
[2024-11-06T18:14:18.461+0700] {logging_mixin.py:190} INFO - [2024-11-06T18:14:18.461+0700] {dagbag.py:588} INFO - Filling up the DagBag from /home/fawzan/airflow/.venv/lib/python3.10/site-packages/airflow/example_dags/example_complex.py
[2024-11-06T18:14:18.473+0700] {processor.py:925} INFO - DAG(s) 'example_complex' retrieved from /home/fawzan/airflow/.venv/lib/python3.10/site-packages/airflow/example_dags/example_complex.py
[2024-11-06T18:14:18.488+0700] {logging_mixin.py:190} INFO - [2024-11-06T18:14:18.488+0700] {dag.py:3239} INFO - Sync 1 DAGs
[2024-11-06T18:14:18.495+0700] {logging_mixin.py:190} INFO - [2024-11-06T18:14:18.495+0700] {dag.py:4180} INFO - Setting next_dagrun for example_complex to None, run_after=None
[2024-11-06T18:14:18.508+0700] {processor.py:208} INFO - Processing /home/fawzan/airflow/.venv/lib/python3.10/site-packages/airflow/example_dags/example_complex.py took 0.058 seconds
[2024-11-06T18:15:13.781+0700] {processor.py:186} INFO - Started process (PID=3495) to work on /home/fawzan/airflow/.venv/lib/python3.10/site-packages/airflow/example_dags/example_complex.py
[2024-11-06T18:15:13.784+0700] {processor.py:914} INFO - Processing file /home/fawzan/airflow/.venv/lib/python3.10/site-packages/airflow/example_dags/example_complex.py for tasks to queue
[2024-11-06T18:15:13.786+0700] {logging_mixin.py:190} INFO - [2024-11-06T18:15:13.785+0700] {dagbag.py:588} INFO - Filling up the DagBag from /home/fawzan/airflow/.venv/lib/python3.10/site-packages/airflow/example_dags/example_complex.py
[2024-11-06T18:15:13.797+0700] {processor.py:925} INFO - DAG(s) 'example_complex' retrieved from /home/fawzan/airflow/.venv/lib/python3.10/site-packages/airflow/example_dags/example_complex.py
[2024-11-06T18:15:13.812+0700] {logging_mixin.py:190} INFO - [2024-11-06T18:15:13.812+0700] {dag.py:3239} INFO - Sync 1 DAGs
[2024-11-06T18:15:13.819+0700] {logging_mixin.py:190} INFO - [2024-11-06T18:15:13.819+0700] {dag.py:4180} INFO - Setting next_dagrun for example_complex to None, run_after=None
[2024-11-06T18:15:13.831+0700] {processor.py:208} INFO - Processing /home/fawzan/airflow/.venv/lib/python3.10/site-packages/airflow/example_dags/example_complex.py took 0.056 seconds
[2024-11-06T18:16:29.828+0700] {processor.py:186} INFO - Started process (PID=3753) to work on /home/fawzan/airflow/.venv/lib/python3.10/site-packages/airflow/example_dags/example_complex.py
[2024-11-06T18:16:29.828+0700] {processor.py:914} INFO - Processing file /home/fawzan/airflow/.venv/lib/python3.10/site-packages/airflow/example_dags/example_complex.py for tasks to queue
[2024-11-06T18:16:29.830+0700] {logging_mixin.py:190} INFO - [2024-11-06T18:16:29.830+0700] {dagbag.py:588} INFO - Filling up the DagBag from /home/fawzan/airflow/.venv/lib/python3.10/site-packages/airflow/example_dags/example_complex.py
[2024-11-06T18:16:29.839+0700] {processor.py:925} INFO - DAG(s) 'example_complex' retrieved from /home/fawzan/airflow/.venv/lib/python3.10/site-packages/airflow/example_dags/example_complex.py
[2024-11-06T18:16:29.853+0700] {logging_mixin.py:190} INFO - [2024-11-06T18:16:29.853+0700] {dag.py:3239} INFO - Sync 1 DAGs
[2024-11-06T18:16:29.859+0700] {logging_mixin.py:190} INFO - [2024-11-06T18:16:29.859+0700] {dag.py:4180} INFO - Setting next_dagrun for example_complex to None, run_after=None
[2024-11-06T18:16:29.871+0700] {processor.py:208} INFO - Processing /home/fawzan/airflow/.venv/lib/python3.10/site-packages/airflow/example_dags/example_complex.py took 0.049 seconds
[2024-11-06T18:17:26.566+0700] {processor.py:186} INFO - Started process (PID=3900) to work on /home/fawzan/airflow/.venv/lib/python3.10/site-packages/airflow/example_dags/example_complex.py
[2024-11-06T18:17:26.570+0700] {processor.py:914} INFO - Processing file /home/fawzan/airflow/.venv/lib/python3.10/site-packages/airflow/example_dags/example_complex.py for tasks to queue
[2024-11-06T18:17:26.572+0700] {logging_mixin.py:190} INFO - [2024-11-06T18:17:26.571+0700] {dagbag.py:588} INFO - Filling up the DagBag from /home/fawzan/airflow/.venv/lib/python3.10/site-packages/airflow/example_dags/example_complex.py
[2024-11-06T18:17:26.582+0700] {processor.py:925} INFO - DAG(s) 'example_complex' retrieved from /home/fawzan/airflow/.venv/lib/python3.10/site-packages/airflow/example_dags/example_complex.py
[2024-11-06T18:17:26.595+0700] {logging_mixin.py:190} INFO - [2024-11-06T18:17:26.595+0700] {dag.py:3239} INFO - Sync 1 DAGs
[2024-11-06T18:17:26.601+0700] {logging_mixin.py:190} INFO - [2024-11-06T18:17:26.601+0700] {dag.py:4180} INFO - Setting next_dagrun for example_complex to None, run_after=None
[2024-11-06T18:17:26.613+0700] {processor.py:208} INFO - Processing /home/fawzan/airflow/.venv/lib/python3.10/site-packages/airflow/example_dags/example_complex.py took 0.052 seconds
[2024-11-06T18:18:18.256+0700] {processor.py:186} INFO - Started process (PID=4007) to work on /home/fawzan/airflow/.venv/lib/python3.10/site-packages/airflow/example_dags/example_complex.py
[2024-11-06T18:18:18.259+0700] {processor.py:914} INFO - Processing file /home/fawzan/airflow/.venv/lib/python3.10/site-packages/airflow/example_dags/example_complex.py for tasks to queue
[2024-11-06T18:18:18.261+0700] {logging_mixin.py:190} INFO - [2024-11-06T18:18:18.261+0700] {dagbag.py:588} INFO - Filling up the DagBag from /home/fawzan/airflow/.venv/lib/python3.10/site-packages/airflow/example_dags/example_complex.py
[2024-11-06T18:18:18.272+0700] {processor.py:925} INFO - DAG(s) 'example_complex' retrieved from /home/fawzan/airflow/.venv/lib/python3.10/site-packages/airflow/example_dags/example_complex.py
[2024-11-06T18:18:18.286+0700] {logging_mixin.py:190} INFO - [2024-11-06T18:18:18.286+0700] {dag.py:3239} INFO - Sync 1 DAGs
[2024-11-06T18:18:18.292+0700] {logging_mixin.py:190} INFO - [2024-11-06T18:18:18.292+0700] {dag.py:4180} INFO - Setting next_dagrun for example_complex to None, run_after=None
[2024-11-06T18:18:18.303+0700] {processor.py:208} INFO - Processing /home/fawzan/airflow/.venv/lib/python3.10/site-packages/airflow/example_dags/example_complex.py took 0.052 seconds
[2024-11-06T18:19:11.305+0700] {processor.py:186} INFO - Started process (PID=4107) to work on /home/fawzan/airflow/.venv/lib/python3.10/site-packages/airflow/example_dags/example_complex.py
[2024-11-06T18:19:11.308+0700] {processor.py:914} INFO - Processing file /home/fawzan/airflow/.venv/lib/python3.10/site-packages/airflow/example_dags/example_complex.py for tasks to queue
[2024-11-06T18:19:11.310+0700] {logging_mixin.py:190} INFO - [2024-11-06T18:19:11.310+0700] {dagbag.py:588} INFO - Filling up the DagBag from /home/fawzan/airflow/.venv/lib/python3.10/site-packages/airflow/example_dags/example_complex.py
[2024-11-06T18:19:11.322+0700] {processor.py:925} INFO - DAG(s) 'example_complex' retrieved from /home/fawzan/airflow/.venv/lib/python3.10/site-packages/airflow/example_dags/example_complex.py
[2024-11-06T18:19:11.337+0700] {logging_mixin.py:190} INFO - [2024-11-06T18:19:11.337+0700] {dag.py:3239} INFO - Sync 1 DAGs
[2024-11-06T18:19:11.343+0700] {logging_mixin.py:190} INFO - [2024-11-06T18:19:11.343+0700] {dag.py:4180} INFO - Setting next_dagrun for example_complex to None, run_after=None
[2024-11-06T18:19:11.355+0700] {processor.py:208} INFO - Processing /home/fawzan/airflow/.venv/lib/python3.10/site-packages/airflow/example_dags/example_complex.py took 0.057 seconds
[2024-11-06T18:20:04.672+0700] {processor.py:186} INFO - Started process (PID=4209) to work on /home/fawzan/airflow/.venv/lib/python3.10/site-packages/airflow/example_dags/example_complex.py
[2024-11-06T18:20:04.675+0700] {processor.py:914} INFO - Processing file /home/fawzan/airflow/.venv/lib/python3.10/site-packages/airflow/example_dags/example_complex.py for tasks to queue
[2024-11-06T18:20:04.677+0700] {logging_mixin.py:190} INFO - [2024-11-06T18:20:04.677+0700] {dagbag.py:588} INFO - Filling up the DagBag from /home/fawzan/airflow/.venv/lib/python3.10/site-packages/airflow/example_dags/example_complex.py
[2024-11-06T18:20:04.686+0700] {processor.py:925} INFO - DAG(s) 'example_complex' retrieved from /home/fawzan/airflow/.venv/lib/python3.10/site-packages/airflow/example_dags/example_complex.py
[2024-11-06T18:20:04.701+0700] {logging_mixin.py:190} INFO - [2024-11-06T18:20:04.700+0700] {dag.py:3239} INFO - Sync 1 DAGs
[2024-11-06T18:20:04.707+0700] {logging_mixin.py:190} INFO - [2024-11-06T18:20:04.707+0700] {dag.py:4180} INFO - Setting next_dagrun for example_complex to None, run_after=None
[2024-11-06T18:20:04.724+0700] {processor.py:208} INFO - Processing /home/fawzan/airflow/.venv/lib/python3.10/site-packages/airflow/example_dags/example_complex.py took 0.058 seconds
[2024-11-06T18:21:10.571+0700] {processor.py:186} INFO - Started process (PID=4410) to work on /home/fawzan/airflow/.venv/lib/python3.10/site-packages/airflow/example_dags/example_complex.py
[2024-11-06T18:21:10.572+0700] {processor.py:914} INFO - Processing file /home/fawzan/airflow/.venv/lib/python3.10/site-packages/airflow/example_dags/example_complex.py for tasks to queue
[2024-11-06T18:21:10.574+0700] {logging_mixin.py:190} INFO - [2024-11-06T18:21:10.573+0700] {dagbag.py:588} INFO - Filling up the DagBag from /home/fawzan/airflow/.venv/lib/python3.10/site-packages/airflow/example_dags/example_complex.py
[2024-11-06T18:21:10.582+0700] {processor.py:925} INFO - DAG(s) 'example_complex' retrieved from /home/fawzan/airflow/.venv/lib/python3.10/site-packages/airflow/example_dags/example_complex.py
[2024-11-06T18:21:10.596+0700] {logging_mixin.py:190} INFO - [2024-11-06T18:21:10.596+0700] {dag.py:3239} INFO - Sync 1 DAGs
[2024-11-06T18:21:10.603+0700] {logging_mixin.py:190} INFO - [2024-11-06T18:21:10.602+0700] {dag.py:4180} INFO - Setting next_dagrun for example_complex to None, run_after=None
[2024-11-06T18:21:10.614+0700] {processor.py:208} INFO - Processing /home/fawzan/airflow/.venv/lib/python3.10/site-packages/airflow/example_dags/example_complex.py took 0.048 seconds
[2024-11-06T18:22:09.539+0700] {processor.py:186} INFO - Started process (PID=4529) to work on /home/fawzan/airflow/.venv/lib/python3.10/site-packages/airflow/example_dags/example_complex.py
[2024-11-06T18:22:09.541+0700] {processor.py:914} INFO - Processing file /home/fawzan/airflow/.venv/lib/python3.10/site-packages/airflow/example_dags/example_complex.py for tasks to queue
[2024-11-06T18:22:09.543+0700] {logging_mixin.py:190} INFO - [2024-11-06T18:22:09.542+0700] {dagbag.py:588} INFO - Filling up the DagBag from /home/fawzan/airflow/.venv/lib/python3.10/site-packages/airflow/example_dags/example_complex.py
[2024-11-06T18:22:09.553+0700] {processor.py:925} INFO - DAG(s) 'example_complex' retrieved from /home/fawzan/airflow/.venv/lib/python3.10/site-packages/airflow/example_dags/example_complex.py
[2024-11-06T18:22:09.568+0700] {logging_mixin.py:190} INFO - [2024-11-06T18:22:09.568+0700] {dag.py:3239} INFO - Sync 1 DAGs
[2024-11-06T18:22:09.575+0700] {logging_mixin.py:190} INFO - [2024-11-06T18:22:09.574+0700] {dag.py:4180} INFO - Setting next_dagrun for example_complex to None, run_after=None
[2024-11-06T18:22:09.587+0700] {processor.py:208} INFO - Processing /home/fawzan/airflow/.venv/lib/python3.10/site-packages/airflow/example_dags/example_complex.py took 0.053 seconds
[2024-11-06T18:23:02.416+0700] {processor.py:186} INFO - Started process (PID=4647) to work on /home/fawzan/airflow/.venv/lib/python3.10/site-packages/airflow/example_dags/example_complex.py
[2024-11-06T18:23:02.419+0700] {processor.py:914} INFO - Processing file /home/fawzan/airflow/.venv/lib/python3.10/site-packages/airflow/example_dags/example_complex.py for tasks to queue
[2024-11-06T18:23:02.422+0700] {logging_mixin.py:190} INFO - [2024-11-06T18:23:02.421+0700] {dagbag.py:588} INFO - Filling up the DagBag from /home/fawzan/airflow/.venv/lib/python3.10/site-packages/airflow/example_dags/example_complex.py
[2024-11-06T18:23:02.433+0700] {processor.py:925} INFO - DAG(s) 'example_complex' retrieved from /home/fawzan/airflow/.venv/lib/python3.10/site-packages/airflow/example_dags/example_complex.py
[2024-11-06T18:23:02.448+0700] {logging_mixin.py:190} INFO - [2024-11-06T18:23:02.448+0700] {dag.py:3239} INFO - Sync 1 DAGs
[2024-11-06T18:23:02.455+0700] {logging_mixin.py:190} INFO - [2024-11-06T18:23:02.454+0700] {dag.py:4180} INFO - Setting next_dagrun for example_complex to None, run_after=None
[2024-11-06T18:23:02.467+0700] {processor.py:208} INFO - Processing /home/fawzan/airflow/.venv/lib/python3.10/site-packages/airflow/example_dags/example_complex.py took 0.056 seconds
[2024-11-06T18:23:59.755+0700] {processor.py:186} INFO - Started process (PID=4750) to work on /home/fawzan/airflow/.venv/lib/python3.10/site-packages/airflow/example_dags/example_complex.py
[2024-11-06T18:23:59.759+0700] {processor.py:914} INFO - Processing file /home/fawzan/airflow/.venv/lib/python3.10/site-packages/airflow/example_dags/example_complex.py for tasks to queue
[2024-11-06T18:23:59.761+0700] {logging_mixin.py:190} INFO - [2024-11-06T18:23:59.761+0700] {dagbag.py:588} INFO - Filling up the DagBag from /home/fawzan/airflow/.venv/lib/python3.10/site-packages/airflow/example_dags/example_complex.py
[2024-11-06T18:23:59.776+0700] {processor.py:925} INFO - DAG(s) 'example_complex' retrieved from /home/fawzan/airflow/.venv/lib/python3.10/site-packages/airflow/example_dags/example_complex.py
[2024-11-06T18:23:59.796+0700] {logging_mixin.py:190} INFO - [2024-11-06T18:23:59.795+0700] {dag.py:3239} INFO - Sync 1 DAGs
[2024-11-06T18:23:59.803+0700] {logging_mixin.py:190} INFO - [2024-11-06T18:23:59.803+0700] {dag.py:4180} INFO - Setting next_dagrun for example_complex to None, run_after=None
[2024-11-06T18:23:59.815+0700] {processor.py:208} INFO - Processing /home/fawzan/airflow/.venv/lib/python3.10/site-packages/airflow/example_dags/example_complex.py took 0.067 seconds
[2024-11-06T18:32:39.532+0700] {processor.py:186} INFO - Started process (PID=5169) to work on /home/fawzan/airflow/.venv/lib/python3.10/site-packages/airflow/example_dags/example_complex.py
[2024-11-06T18:32:39.534+0700] {processor.py:914} INFO - Processing file /home/fawzan/airflow/.venv/lib/python3.10/site-packages/airflow/example_dags/example_complex.py for tasks to queue
[2024-11-06T18:32:39.535+0700] {logging_mixin.py:190} INFO - [2024-11-06T18:32:39.535+0700] {dagbag.py:588} INFO - Filling up the DagBag from /home/fawzan/airflow/.venv/lib/python3.10/site-packages/airflow/example_dags/example_complex.py
[2024-11-06T18:32:39.542+0700] {processor.py:925} INFO - DAG(s) 'example_complex' retrieved from /home/fawzan/airflow/.venv/lib/python3.10/site-packages/airflow/example_dags/example_complex.py
[2024-11-06T18:32:39.558+0700] {logging_mixin.py:190} INFO - [2024-11-06T18:32:39.558+0700] {dag.py:3239} INFO - Sync 1 DAGs
[2024-11-06T18:32:39.565+0700] {logging_mixin.py:190} INFO - [2024-11-06T18:32:39.565+0700] {dag.py:4180} INFO - Setting next_dagrun for example_complex to None, run_after=None
[2024-11-06T18:32:39.577+0700] {processor.py:208} INFO - Processing /home/fawzan/airflow/.venv/lib/python3.10/site-packages/airflow/example_dags/example_complex.py took 0.050 seconds
