[2024-11-06T17:07:47.456+0700] {processor.py:186} INFO - Started process (PID=3775) to work on /home/fawzan/airflow/.venv/lib/python3.10/site-packages/airflow/example_dags/example_task_group_decorator.py
[2024-11-06T17:07:47.456+0700] {processor.py:914} INFO - Processing file /home/fawzan/airflow/.venv/lib/python3.10/site-packages/airflow/example_dags/example_task_group_decorator.py for tasks to queue
[2024-11-06T17:07:47.458+0700] {logging_mixin.py:190} INFO - [2024-11-06T17:07:47.457+0700] {dagbag.py:588} INFO - Filling up the DagBag from /home/fawzan/airflow/.venv/lib/python3.10/site-packages/airflow/example_dags/example_task_group_decorator.py
[2024-11-06T17:07:47.469+0700] {processor.py:925} INFO - DAG(s) 'example_task_group_decorator' retrieved from /home/fawzan/airflow/.venv/lib/python3.10/site-packages/airflow/example_dags/example_task_group_decorator.py
[2024-11-06T17:07:47.526+0700] {logging_mixin.py:190} INFO - [2024-11-06T17:07:47.526+0700] {override.py:1900} INFO - Created Permission View: can edit on DAG:example_task_group_decorator
[2024-11-06T17:07:47.533+0700] {logging_mixin.py:190} INFO - [2024-11-06T17:07:47.533+0700] {override.py:1900} INFO - Created Permission View: can delete on DAG:example_task_group_decorator
[2024-11-06T17:07:47.538+0700] {logging_mixin.py:190} INFO - [2024-11-06T17:07:47.537+0700] {override.py:1900} INFO - Created Permission View: can read on DAG:example_task_group_decorator
[2024-11-06T17:07:47.545+0700] {logging_mixin.py:190} INFO - [2024-11-06T17:07:47.545+0700] {override.py:1900} INFO - Created Permission View: can delete on DAG Run:example_task_group_decorator
[2024-11-06T17:07:47.550+0700] {logging_mixin.py:190} INFO - [2024-11-06T17:07:47.550+0700] {override.py:1900} INFO - Created Permission View: can create on DAG Run:example_task_group_decorator
[2024-11-06T17:07:47.555+0700] {logging_mixin.py:190} INFO - [2024-11-06T17:07:47.555+0700] {override.py:1900} INFO - Created Permission View: menu access on DAG Run:example_task_group_decorator
[2024-11-06T17:07:47.560+0700] {logging_mixin.py:190} INFO - [2024-11-06T17:07:47.559+0700] {override.py:1900} INFO - Created Permission View: can read on DAG Run:example_task_group_decorator
[2024-11-06T17:07:47.560+0700] {logging_mixin.py:190} INFO - [2024-11-06T17:07:47.560+0700] {dag.py:3239} INFO - Sync 1 DAGs
[2024-11-06T17:07:47.566+0700] {logging_mixin.py:190} INFO - [2024-11-06T17:07:47.566+0700] {dag.py:3262} INFO - Creating ORM DAG for example_task_group_decorator
[2024-11-06T17:07:47.567+0700] {logging_mixin.py:190} INFO - [2024-11-06T17:07:47.567+0700] {dag.py:4180} INFO - Setting next_dagrun for example_task_group_decorator to None, run_after=None
[2024-11-06T17:07:47.577+0700] {processor.py:208} INFO - Processing /home/fawzan/airflow/.venv/lib/python3.10/site-packages/airflow/example_dags/example_task_group_decorator.py took 0.127 seconds
[2024-11-06T17:13:19.626+0700] {processor.py:186} INFO - Started process (PID=3990) to work on /home/fawzan/airflow/.venv/lib/python3.10/site-packages/airflow/example_dags/example_task_group_decorator.py
[2024-11-06T17:13:19.629+0700] {processor.py:914} INFO - Processing file /home/fawzan/airflow/.venv/lib/python3.10/site-packages/airflow/example_dags/example_task_group_decorator.py for tasks to queue
[2024-11-06T17:13:19.631+0700] {logging_mixin.py:190} INFO - [2024-11-06T17:13:19.631+0700] {dagbag.py:588} INFO - Filling up the DagBag from /home/fawzan/airflow/.venv/lib/python3.10/site-packages/airflow/example_dags/example_task_group_decorator.py
[2024-11-06T17:13:19.645+0700] {processor.py:925} INFO - DAG(s) 'example_task_group_decorator' retrieved from /home/fawzan/airflow/.venv/lib/python3.10/site-packages/airflow/example_dags/example_task_group_decorator.py
[2024-11-06T17:13:19.659+0700] {logging_mixin.py:190} INFO - [2024-11-06T17:13:19.659+0700] {dag.py:3239} INFO - Sync 1 DAGs
[2024-11-06T17:13:19.666+0700] {logging_mixin.py:190} INFO - [2024-11-06T17:13:19.666+0700] {dag.py:4180} INFO - Setting next_dagrun for example_task_group_decorator to None, run_after=None
[2024-11-06T17:13:19.679+0700] {processor.py:208} INFO - Processing /home/fawzan/airflow/.venv/lib/python3.10/site-packages/airflow/example_dags/example_task_group_decorator.py took 0.059 seconds
[2024-11-06T17:14:15.399+0700] {processor.py:186} INFO - Started process (PID=4062) to work on /home/fawzan/airflow/.venv/lib/python3.10/site-packages/airflow/example_dags/example_task_group_decorator.py
[2024-11-06T17:14:15.402+0700] {processor.py:914} INFO - Processing file /home/fawzan/airflow/.venv/lib/python3.10/site-packages/airflow/example_dags/example_task_group_decorator.py for tasks to queue
[2024-11-06T17:14:15.405+0700] {logging_mixin.py:190} INFO - [2024-11-06T17:14:15.404+0700] {dagbag.py:588} INFO - Filling up the DagBag from /home/fawzan/airflow/.venv/lib/python3.10/site-packages/airflow/example_dags/example_task_group_decorator.py
[2024-11-06T17:14:15.418+0700] {processor.py:925} INFO - DAG(s) 'example_task_group_decorator' retrieved from /home/fawzan/airflow/.venv/lib/python3.10/site-packages/airflow/example_dags/example_task_group_decorator.py
[2024-11-06T17:14:15.430+0700] {logging_mixin.py:190} INFO - [2024-11-06T17:14:15.429+0700] {dag.py:3239} INFO - Sync 1 DAGs
[2024-11-06T17:14:15.436+0700] {logging_mixin.py:190} INFO - [2024-11-06T17:14:15.436+0700] {dag.py:4180} INFO - Setting next_dagrun for example_task_group_decorator to None, run_after=None
[2024-11-06T17:14:15.448+0700] {processor.py:208} INFO - Processing /home/fawzan/airflow/.venv/lib/python3.10/site-packages/airflow/example_dags/example_task_group_decorator.py took 0.054 seconds
[2024-11-06T17:15:08.468+0700] {processor.py:186} INFO - Started process (PID=4134) to work on /home/fawzan/airflow/.venv/lib/python3.10/site-packages/airflow/example_dags/example_task_group_decorator.py
[2024-11-06T17:15:08.472+0700] {processor.py:914} INFO - Processing file /home/fawzan/airflow/.venv/lib/python3.10/site-packages/airflow/example_dags/example_task_group_decorator.py for tasks to queue
[2024-11-06T17:15:08.474+0700] {logging_mixin.py:190} INFO - [2024-11-06T17:15:08.474+0700] {dagbag.py:588} INFO - Filling up the DagBag from /home/fawzan/airflow/.venv/lib/python3.10/site-packages/airflow/example_dags/example_task_group_decorator.py
[2024-11-06T17:15:08.487+0700] {processor.py:925} INFO - DAG(s) 'example_task_group_decorator' retrieved from /home/fawzan/airflow/.venv/lib/python3.10/site-packages/airflow/example_dags/example_task_group_decorator.py
[2024-11-06T17:15:08.499+0700] {logging_mixin.py:190} INFO - [2024-11-06T17:15:08.498+0700] {dag.py:3239} INFO - Sync 1 DAGs
[2024-11-06T17:15:08.505+0700] {logging_mixin.py:190} INFO - [2024-11-06T17:15:08.505+0700] {dag.py:4180} INFO - Setting next_dagrun for example_task_group_decorator to None, run_after=None
[2024-11-06T17:15:08.517+0700] {processor.py:208} INFO - Processing /home/fawzan/airflow/.venv/lib/python3.10/site-packages/airflow/example_dags/example_task_group_decorator.py took 0.055 seconds
[2024-11-06T17:16:02.066+0700] {processor.py:186} INFO - Started process (PID=4198) to work on /home/fawzan/airflow/.venv/lib/python3.10/site-packages/airflow/example_dags/example_task_group_decorator.py
[2024-11-06T17:16:02.069+0700] {processor.py:914} INFO - Processing file /home/fawzan/airflow/.venv/lib/python3.10/site-packages/airflow/example_dags/example_task_group_decorator.py for tasks to queue
[2024-11-06T17:16:02.072+0700] {logging_mixin.py:190} INFO - [2024-11-06T17:16:02.072+0700] {dagbag.py:588} INFO - Filling up the DagBag from /home/fawzan/airflow/.venv/lib/python3.10/site-packages/airflow/example_dags/example_task_group_decorator.py
[2024-11-06T17:16:02.083+0700] {processor.py:925} INFO - DAG(s) 'example_task_group_decorator' retrieved from /home/fawzan/airflow/.venv/lib/python3.10/site-packages/airflow/example_dags/example_task_group_decorator.py
[2024-11-06T17:16:02.094+0700] {logging_mixin.py:190} INFO - [2024-11-06T17:16:02.094+0700] {dag.py:3239} INFO - Sync 1 DAGs
[2024-11-06T17:16:02.101+0700] {logging_mixin.py:190} INFO - [2024-11-06T17:16:02.101+0700] {dag.py:4180} INFO - Setting next_dagrun for example_task_group_decorator to None, run_after=None
[2024-11-06T17:16:02.112+0700] {processor.py:208} INFO - Processing /home/fawzan/airflow/.venv/lib/python3.10/site-packages/airflow/example_dags/example_task_group_decorator.py took 0.052 seconds
[2024-11-06T18:13:07.856+0700] {processor.py:186} INFO - Started process (PID=2714) to work on /home/fawzan/airflow/.venv/lib/python3.10/site-packages/airflow/example_dags/example_task_group_decorator.py
[2024-11-06T18:13:07.858+0700] {processor.py:914} INFO - Processing file /home/fawzan/airflow/.venv/lib/python3.10/site-packages/airflow/example_dags/example_task_group_decorator.py for tasks to queue
[2024-11-06T18:13:07.860+0700] {logging_mixin.py:190} INFO - [2024-11-06T18:13:07.860+0700] {dagbag.py:588} INFO - Filling up the DagBag from /home/fawzan/airflow/.venv/lib/python3.10/site-packages/airflow/example_dags/example_task_group_decorator.py
[2024-11-06T18:13:07.871+0700] {processor.py:925} INFO - DAG(s) 'example_task_group_decorator' retrieved from /home/fawzan/airflow/.venv/lib/python3.10/site-packages/airflow/example_dags/example_task_group_decorator.py
[2024-11-06T18:13:07.884+0700] {logging_mixin.py:190} INFO - [2024-11-06T18:13:07.884+0700] {dag.py:3239} INFO - Sync 1 DAGs
[2024-11-06T18:13:07.890+0700] {logging_mixin.py:190} INFO - [2024-11-06T18:13:07.890+0700] {dag.py:4180} INFO - Setting next_dagrun for example_task_group_decorator to None, run_after=None
[2024-11-06T18:13:07.902+0700] {processor.py:208} INFO - Processing /home/fawzan/airflow/.venv/lib/python3.10/site-packages/airflow/example_dags/example_task_group_decorator.py took 0.053 seconds
[2024-11-06T18:14:04.457+0700] {processor.py:186} INFO - Started process (PID=3300) to work on /home/fawzan/airflow/.venv/lib/python3.10/site-packages/airflow/example_dags/example_task_group_decorator.py
[2024-11-06T18:14:04.460+0700] {processor.py:914} INFO - Processing file /home/fawzan/airflow/.venv/lib/python3.10/site-packages/airflow/example_dags/example_task_group_decorator.py for tasks to queue
[2024-11-06T18:14:04.463+0700] {logging_mixin.py:190} INFO - [2024-11-06T18:14:04.463+0700] {dagbag.py:588} INFO - Filling up the DagBag from /home/fawzan/airflow/.venv/lib/python3.10/site-packages/airflow/example_dags/example_task_group_decorator.py
[2024-11-06T18:14:04.477+0700] {processor.py:925} INFO - DAG(s) 'example_task_group_decorator' retrieved from /home/fawzan/airflow/.venv/lib/python3.10/site-packages/airflow/example_dags/example_task_group_decorator.py
[2024-11-06T18:14:04.488+0700] {logging_mixin.py:190} INFO - [2024-11-06T18:14:04.488+0700] {dag.py:3239} INFO - Sync 1 DAGs
[2024-11-06T18:14:04.495+0700] {logging_mixin.py:190} INFO - [2024-11-06T18:14:04.494+0700] {dag.py:4180} INFO - Setting next_dagrun for example_task_group_decorator to None, run_after=None
[2024-11-06T18:14:04.507+0700] {processor.py:208} INFO - Processing /home/fawzan/airflow/.venv/lib/python3.10/site-packages/airflow/example_dags/example_task_group_decorator.py took 0.055 seconds
[2024-11-06T18:14:56.015+0700] {processor.py:186} INFO - Started process (PID=3457) to work on /home/fawzan/airflow/.venv/lib/python3.10/site-packages/airflow/example_dags/example_task_group_decorator.py
[2024-11-06T18:14:56.018+0700] {processor.py:914} INFO - Processing file /home/fawzan/airflow/.venv/lib/python3.10/site-packages/airflow/example_dags/example_task_group_decorator.py for tasks to queue
[2024-11-06T18:14:56.020+0700] {logging_mixin.py:190} INFO - [2024-11-06T18:14:56.020+0700] {dagbag.py:588} INFO - Filling up the DagBag from /home/fawzan/airflow/.venv/lib/python3.10/site-packages/airflow/example_dags/example_task_group_decorator.py
[2024-11-06T18:14:56.032+0700] {processor.py:925} INFO - DAG(s) 'example_task_group_decorator' retrieved from /home/fawzan/airflow/.venv/lib/python3.10/site-packages/airflow/example_dags/example_task_group_decorator.py
[2024-11-06T18:14:56.043+0700] {logging_mixin.py:190} INFO - [2024-11-06T18:14:56.043+0700] {dag.py:3239} INFO - Sync 1 DAGs
[2024-11-06T18:14:56.049+0700] {logging_mixin.py:190} INFO - [2024-11-06T18:14:56.049+0700] {dag.py:4180} INFO - Setting next_dagrun for example_task_group_decorator to None, run_after=None
[2024-11-06T18:14:56.061+0700] {processor.py:208} INFO - Processing /home/fawzan/airflow/.venv/lib/python3.10/site-packages/airflow/example_dags/example_task_group_decorator.py took 0.052 seconds
[2024-11-06T18:15:45.239+0700] {processor.py:186} INFO - Started process (PID=3565) to work on /home/fawzan/airflow/.venv/lib/python3.10/site-packages/airflow/example_dags/example_task_group_decorator.py
[2024-11-06T18:15:45.240+0700] {processor.py:914} INFO - Processing file /home/fawzan/airflow/.venv/lib/python3.10/site-packages/airflow/example_dags/example_task_group_decorator.py for tasks to queue
[2024-11-06T18:15:45.242+0700] {logging_mixin.py:190} INFO - [2024-11-06T18:15:45.242+0700] {dagbag.py:588} INFO - Filling up the DagBag from /home/fawzan/airflow/.venv/lib/python3.10/site-packages/airflow/example_dags/example_task_group_decorator.py
[2024-11-06T18:15:45.253+0700] {processor.py:925} INFO - DAG(s) 'example_task_group_decorator' retrieved from /home/fawzan/airflow/.venv/lib/python3.10/site-packages/airflow/example_dags/example_task_group_decorator.py
[2024-11-06T18:15:45.265+0700] {logging_mixin.py:190} INFO - [2024-11-06T18:15:45.265+0700] {dag.py:3239} INFO - Sync 1 DAGs
[2024-11-06T18:15:45.272+0700] {logging_mixin.py:190} INFO - [2024-11-06T18:15:45.272+0700] {dag.py:4180} INFO - Setting next_dagrun for example_task_group_decorator to None, run_after=None
[2024-11-06T18:15:45.298+0700] {processor.py:208} INFO - Processing /home/fawzan/airflow/.venv/lib/python3.10/site-packages/airflow/example_dags/example_task_group_decorator.py took 0.065 seconds
[2024-11-06T18:17:07.184+0700] {processor.py:186} INFO - Started process (PID=3847) to work on /home/fawzan/airflow/.venv/lib/python3.10/site-packages/airflow/example_dags/example_task_group_decorator.py
[2024-11-06T18:17:07.186+0700] {processor.py:914} INFO - Processing file /home/fawzan/airflow/.venv/lib/python3.10/site-packages/airflow/example_dags/example_task_group_decorator.py for tasks to queue
[2024-11-06T18:17:07.189+0700] {logging_mixin.py:190} INFO - [2024-11-06T18:17:07.188+0700] {dagbag.py:588} INFO - Filling up the DagBag from /home/fawzan/airflow/.venv/lib/python3.10/site-packages/airflow/example_dags/example_task_group_decorator.py
[2024-11-06T18:17:07.206+0700] {processor.py:925} INFO - DAG(s) 'example_task_group_decorator' retrieved from /home/fawzan/airflow/.venv/lib/python3.10/site-packages/airflow/example_dags/example_task_group_decorator.py
[2024-11-06T18:17:07.223+0700] {logging_mixin.py:190} INFO - [2024-11-06T18:17:07.223+0700] {dag.py:3239} INFO - Sync 1 DAGs
[2024-11-06T18:17:07.231+0700] {logging_mixin.py:190} INFO - [2024-11-06T18:17:07.230+0700] {dag.py:4180} INFO - Setting next_dagrun for example_task_group_decorator to None, run_after=None
[2024-11-06T18:17:07.242+0700] {processor.py:208} INFO - Processing /home/fawzan/airflow/.venv/lib/python3.10/site-packages/airflow/example_dags/example_task_group_decorator.py took 0.064 seconds
[2024-11-06T18:17:58.857+0700] {processor.py:186} INFO - Started process (PID=3971) to work on /home/fawzan/airflow/.venv/lib/python3.10/site-packages/airflow/example_dags/example_task_group_decorator.py
[2024-11-06T18:17:58.860+0700] {processor.py:914} INFO - Processing file /home/fawzan/airflow/.venv/lib/python3.10/site-packages/airflow/example_dags/example_task_group_decorator.py for tasks to queue
[2024-11-06T18:17:58.862+0700] {logging_mixin.py:190} INFO - [2024-11-06T18:17:58.862+0700] {dagbag.py:588} INFO - Filling up the DagBag from /home/fawzan/airflow/.venv/lib/python3.10/site-packages/airflow/example_dags/example_task_group_decorator.py
[2024-11-06T18:17:58.874+0700] {processor.py:925} INFO - DAG(s) 'example_task_group_decorator' retrieved from /home/fawzan/airflow/.venv/lib/python3.10/site-packages/airflow/example_dags/example_task_group_decorator.py
[2024-11-06T18:17:58.884+0700] {logging_mixin.py:190} INFO - [2024-11-06T18:17:58.884+0700] {dag.py:3239} INFO - Sync 1 DAGs
[2024-11-06T18:17:58.891+0700] {logging_mixin.py:190} INFO - [2024-11-06T18:17:58.891+0700] {dag.py:4180} INFO - Setting next_dagrun for example_task_group_decorator to None, run_after=None
[2024-11-06T18:17:58.902+0700] {processor.py:208} INFO - Processing /home/fawzan/airflow/.venv/lib/python3.10/site-packages/airflow/example_dags/example_task_group_decorator.py took 0.052 seconds
[2024-11-06T18:18:50.521+0700] {processor.py:186} INFO - Started process (PID=4069) to work on /home/fawzan/airflow/.venv/lib/python3.10/site-packages/airflow/example_dags/example_task_group_decorator.py
[2024-11-06T18:18:50.524+0700] {processor.py:914} INFO - Processing file /home/fawzan/airflow/.venv/lib/python3.10/site-packages/airflow/example_dags/example_task_group_decorator.py for tasks to queue
[2024-11-06T18:18:50.527+0700] {logging_mixin.py:190} INFO - [2024-11-06T18:18:50.526+0700] {dagbag.py:588} INFO - Filling up the DagBag from /home/fawzan/airflow/.venv/lib/python3.10/site-packages/airflow/example_dags/example_task_group_decorator.py
[2024-11-06T18:18:50.539+0700] {processor.py:925} INFO - DAG(s) 'example_task_group_decorator' retrieved from /home/fawzan/airflow/.venv/lib/python3.10/site-packages/airflow/example_dags/example_task_group_decorator.py
[2024-11-06T18:18:50.552+0700] {logging_mixin.py:190} INFO - [2024-11-06T18:18:50.551+0700] {dag.py:3239} INFO - Sync 1 DAGs
[2024-11-06T18:18:50.559+0700] {logging_mixin.py:190} INFO - [2024-11-06T18:18:50.558+0700] {dag.py:4180} INFO - Setting next_dagrun for example_task_group_decorator to None, run_after=None
[2024-11-06T18:18:50.570+0700] {processor.py:208} INFO - Processing /home/fawzan/airflow/.venv/lib/python3.10/site-packages/airflow/example_dags/example_task_group_decorator.py took 0.055 seconds
[2024-11-06T18:19:43.875+0700] {processor.py:186} INFO - Started process (PID=4171) to work on /home/fawzan/airflow/.venv/lib/python3.10/site-packages/airflow/example_dags/example_task_group_decorator.py
[2024-11-06T18:19:43.878+0700] {processor.py:914} INFO - Processing file /home/fawzan/airflow/.venv/lib/python3.10/site-packages/airflow/example_dags/example_task_group_decorator.py for tasks to queue
[2024-11-06T18:19:43.880+0700] {logging_mixin.py:190} INFO - [2024-11-06T18:19:43.879+0700] {dagbag.py:588} INFO - Filling up the DagBag from /home/fawzan/airflow/.venv/lib/python3.10/site-packages/airflow/example_dags/example_task_group_decorator.py
[2024-11-06T18:19:43.893+0700] {processor.py:925} INFO - DAG(s) 'example_task_group_decorator' retrieved from /home/fawzan/airflow/.venv/lib/python3.10/site-packages/airflow/example_dags/example_task_group_decorator.py
[2024-11-06T18:19:43.904+0700] {logging_mixin.py:190} INFO - [2024-11-06T18:19:43.904+0700] {dag.py:3239} INFO - Sync 1 DAGs
[2024-11-06T18:19:43.911+0700] {logging_mixin.py:190} INFO - [2024-11-06T18:19:43.911+0700] {dag.py:4180} INFO - Setting next_dagrun for example_task_group_decorator to None, run_after=None
[2024-11-06T18:19:43.923+0700] {processor.py:208} INFO - Processing /home/fawzan/airflow/.venv/lib/python3.10/site-packages/airflow/example_dags/example_task_group_decorator.py took 0.053 seconds
[2024-11-06T18:20:38.633+0700] {processor.py:186} INFO - Started process (PID=4271) to work on /home/fawzan/airflow/.venv/lib/python3.10/site-packages/airflow/example_dags/example_task_group_decorator.py
[2024-11-06T18:20:38.636+0700] {processor.py:914} INFO - Processing file /home/fawzan/airflow/.venv/lib/python3.10/site-packages/airflow/example_dags/example_task_group_decorator.py for tasks to queue
[2024-11-06T18:20:38.640+0700] {logging_mixin.py:190} INFO - [2024-11-06T18:20:38.639+0700] {dagbag.py:588} INFO - Filling up the DagBag from /home/fawzan/airflow/.venv/lib/python3.10/site-packages/airflow/example_dags/example_task_group_decorator.py
[2024-11-06T18:20:38.652+0700] {processor.py:925} INFO - DAG(s) 'example_task_group_decorator' retrieved from /home/fawzan/airflow/.venv/lib/python3.10/site-packages/airflow/example_dags/example_task_group_decorator.py
[2024-11-06T18:20:38.663+0700] {logging_mixin.py:190} INFO - [2024-11-06T18:20:38.663+0700] {dag.py:3239} INFO - Sync 1 DAGs
[2024-11-06T18:20:38.670+0700] {logging_mixin.py:190} INFO - [2024-11-06T18:20:38.670+0700] {dag.py:4180} INFO - Setting next_dagrun for example_task_group_decorator to None, run_after=None
[2024-11-06T18:20:38.683+0700] {processor.py:208} INFO - Processing /home/fawzan/airflow/.venv/lib/python3.10/site-packages/airflow/example_dags/example_task_group_decorator.py took 0.055 seconds
[2024-11-06T18:21:49.337+0700] {processor.py:186} INFO - Started process (PID=4490) to work on /home/fawzan/airflow/.venv/lib/python3.10/site-packages/airflow/example_dags/example_task_group_decorator.py
[2024-11-06T18:21:49.341+0700] {processor.py:914} INFO - Processing file /home/fawzan/airflow/.venv/lib/python3.10/site-packages/airflow/example_dags/example_task_group_decorator.py for tasks to queue
[2024-11-06T18:21:49.343+0700] {logging_mixin.py:190} INFO - [2024-11-06T18:21:49.342+0700] {dagbag.py:588} INFO - Filling up the DagBag from /home/fawzan/airflow/.venv/lib/python3.10/site-packages/airflow/example_dags/example_task_group_decorator.py
[2024-11-06T18:21:49.356+0700] {processor.py:925} INFO - DAG(s) 'example_task_group_decorator' retrieved from /home/fawzan/airflow/.venv/lib/python3.10/site-packages/airflow/example_dags/example_task_group_decorator.py
[2024-11-06T18:21:49.368+0700] {logging_mixin.py:190} INFO - [2024-11-06T18:21:49.368+0700] {dag.py:3239} INFO - Sync 1 DAGs
[2024-11-06T18:21:49.374+0700] {logging_mixin.py:190} INFO - [2024-11-06T18:21:49.374+0700] {dag.py:4180} INFO - Setting next_dagrun for example_task_group_decorator to None, run_after=None
[2024-11-06T18:21:49.386+0700] {processor.py:208} INFO - Processing /home/fawzan/airflow/.venv/lib/python3.10/site-packages/airflow/example_dags/example_task_group_decorator.py took 0.053 seconds
[2024-11-06T18:22:45.919+0700] {processor.py:186} INFO - Started process (PID=4623) to work on /home/fawzan/airflow/.venv/lib/python3.10/site-packages/airflow/example_dags/example_task_group_decorator.py
[2024-11-06T18:22:45.923+0700] {processor.py:914} INFO - Processing file /home/fawzan/airflow/.venv/lib/python3.10/site-packages/airflow/example_dags/example_task_group_decorator.py for tasks to queue
[2024-11-06T18:22:45.925+0700] {logging_mixin.py:190} INFO - [2024-11-06T18:22:45.924+0700] {dagbag.py:588} INFO - Filling up the DagBag from /home/fawzan/airflow/.venv/lib/python3.10/site-packages/airflow/example_dags/example_task_group_decorator.py
[2024-11-06T18:22:45.937+0700] {processor.py:925} INFO - DAG(s) 'example_task_group_decorator' retrieved from /home/fawzan/airflow/.venv/lib/python3.10/site-packages/airflow/example_dags/example_task_group_decorator.py
[2024-11-06T18:22:45.949+0700] {logging_mixin.py:190} INFO - [2024-11-06T18:22:45.949+0700] {dag.py:3239} INFO - Sync 1 DAGs
[2024-11-06T18:22:45.955+0700] {logging_mixin.py:190} INFO - [2024-11-06T18:22:45.955+0700] {dag.py:4180} INFO - Setting next_dagrun for example_task_group_decorator to None, run_after=None
[2024-11-06T18:22:45.967+0700] {processor.py:208} INFO - Processing /home/fawzan/airflow/.venv/lib/python3.10/site-packages/airflow/example_dags/example_task_group_decorator.py took 0.054 seconds
[2024-11-06T18:23:40.596+0700] {processor.py:186} INFO - Started process (PID=4714) to work on /home/fawzan/airflow/.venv/lib/python3.10/site-packages/airflow/example_dags/example_task_group_decorator.py
[2024-11-06T18:23:40.597+0700] {processor.py:914} INFO - Processing file /home/fawzan/airflow/.venv/lib/python3.10/site-packages/airflow/example_dags/example_task_group_decorator.py for tasks to queue
[2024-11-06T18:23:40.598+0700] {logging_mixin.py:190} INFO - [2024-11-06T18:23:40.598+0700] {dagbag.py:588} INFO - Filling up the DagBag from /home/fawzan/airflow/.venv/lib/python3.10/site-packages/airflow/example_dags/example_task_group_decorator.py
[2024-11-06T18:23:40.607+0700] {processor.py:925} INFO - DAG(s) 'example_task_group_decorator' retrieved from /home/fawzan/airflow/.venv/lib/python3.10/site-packages/airflow/example_dags/example_task_group_decorator.py
[2024-11-06T18:23:40.618+0700] {logging_mixin.py:190} INFO - [2024-11-06T18:23:40.618+0700] {dag.py:3239} INFO - Sync 1 DAGs
[2024-11-06T18:23:40.624+0700] {logging_mixin.py:190} INFO - [2024-11-06T18:23:40.624+0700] {dag.py:4180} INFO - Setting next_dagrun for example_task_group_decorator to None, run_after=None
[2024-11-06T18:23:40.636+0700] {processor.py:208} INFO - Processing /home/fawzan/airflow/.venv/lib/python3.10/site-packages/airflow/example_dags/example_task_group_decorator.py took 0.045 seconds
[2024-11-06T18:24:35.996+0700] {processor.py:186} INFO - Started process (PID=4834) to work on /home/fawzan/airflow/.venv/lib/python3.10/site-packages/airflow/example_dags/example_task_group_decorator.py
[2024-11-06T18:24:35.999+0700] {processor.py:914} INFO - Processing file /home/fawzan/airflow/.venv/lib/python3.10/site-packages/airflow/example_dags/example_task_group_decorator.py for tasks to queue
[2024-11-06T18:24:36.002+0700] {logging_mixin.py:190} INFO - [2024-11-06T18:24:36.001+0700] {dagbag.py:588} INFO - Filling up the DagBag from /home/fawzan/airflow/.venv/lib/python3.10/site-packages/airflow/example_dags/example_task_group_decorator.py
[2024-11-06T18:24:36.014+0700] {processor.py:925} INFO - DAG(s) 'example_task_group_decorator' retrieved from /home/fawzan/airflow/.venv/lib/python3.10/site-packages/airflow/example_dags/example_task_group_decorator.py
[2024-11-06T18:24:36.025+0700] {logging_mixin.py:190} INFO - [2024-11-06T18:24:36.025+0700] {dag.py:3239} INFO - Sync 1 DAGs
[2024-11-06T18:24:36.032+0700] {logging_mixin.py:190} INFO - [2024-11-06T18:24:36.032+0700] {dag.py:4180} INFO - Setting next_dagrun for example_task_group_decorator to None, run_after=None
[2024-11-06T18:24:36.044+0700] {processor.py:208} INFO - Processing /home/fawzan/airflow/.venv/lib/python3.10/site-packages/airflow/example_dags/example_task_group_decorator.py took 0.053 seconds
[2024-11-06T18:32:22.945+0700] {processor.py:186} INFO - Started process (PID=5142) to work on /home/fawzan/airflow/.venv/lib/python3.10/site-packages/airflow/example_dags/example_task_group_decorator.py
[2024-11-06T18:32:22.948+0700] {processor.py:914} INFO - Processing file /home/fawzan/airflow/.venv/lib/python3.10/site-packages/airflow/example_dags/example_task_group_decorator.py for tasks to queue
[2024-11-06T18:32:22.950+0700] {logging_mixin.py:190} INFO - [2024-11-06T18:32:22.949+0700] {dagbag.py:588} INFO - Filling up the DagBag from /home/fawzan/airflow/.venv/lib/python3.10/site-packages/airflow/example_dags/example_task_group_decorator.py
[2024-11-06T18:32:22.963+0700] {processor.py:925} INFO - DAG(s) 'example_task_group_decorator' retrieved from /home/fawzan/airflow/.venv/lib/python3.10/site-packages/airflow/example_dags/example_task_group_decorator.py
[2024-11-06T18:32:22.978+0700] {logging_mixin.py:190} INFO - [2024-11-06T18:32:22.978+0700] {dag.py:3239} INFO - Sync 1 DAGs
[2024-11-06T18:32:22.984+0700] {logging_mixin.py:190} INFO - [2024-11-06T18:32:22.984+0700] {dag.py:4180} INFO - Setting next_dagrun for example_task_group_decorator to None, run_after=None
[2024-11-06T18:32:22.997+0700] {processor.py:208} INFO - Processing /home/fawzan/airflow/.venv/lib/python3.10/site-packages/airflow/example_dags/example_task_group_decorator.py took 0.058 seconds
[2024-11-06T18:33:21.630+0700] {processor.py:186} INFO - Started process (PID=5258) to work on /home/fawzan/airflow/.venv/lib/python3.10/site-packages/airflow/example_dags/example_task_group_decorator.py
[2024-11-06T18:33:21.634+0700] {processor.py:914} INFO - Processing file /home/fawzan/airflow/.venv/lib/python3.10/site-packages/airflow/example_dags/example_task_group_decorator.py for tasks to queue
[2024-11-06T18:33:21.636+0700] {logging_mixin.py:190} INFO - [2024-11-06T18:33:21.636+0700] {dagbag.py:588} INFO - Filling up the DagBag from /home/fawzan/airflow/.venv/lib/python3.10/site-packages/airflow/example_dags/example_task_group_decorator.py
[2024-11-06T18:33:21.647+0700] {processor.py:925} INFO - DAG(s) 'example_task_group_decorator' retrieved from /home/fawzan/airflow/.venv/lib/python3.10/site-packages/airflow/example_dags/example_task_group_decorator.py
[2024-11-06T18:33:21.663+0700] {logging_mixin.py:190} INFO - [2024-11-06T18:33:21.663+0700] {dag.py:3239} INFO - Sync 1 DAGs
[2024-11-06T18:33:21.670+0700] {logging_mixin.py:190} INFO - [2024-11-06T18:33:21.670+0700] {dag.py:4180} INFO - Setting next_dagrun for example_task_group_decorator to None, run_after=None
[2024-11-06T18:33:21.682+0700] {processor.py:208} INFO - Processing /home/fawzan/airflow/.venv/lib/python3.10/site-packages/airflow/example_dags/example_task_group_decorator.py took 0.058 seconds
