[2024-11-06T17:07:37.533+0700] {processor.py:186} INFO - Started process (PID=3757) to work on /home/fawzan/airflow/.venv/lib/python3.10/site-packages/airflow/example_dags/example_time_delta_sensor_async.py
[2024-11-06T17:07:37.533+0700] {processor.py:914} INFO - Processing file /home/fawzan/airflow/.venv/lib/python3.10/site-packages/airflow/example_dags/example_time_delta_sensor_async.py for tasks to queue
[2024-11-06T17:07:37.535+0700] {logging_mixin.py:190} INFO - [2024-11-06T17:07:37.535+0700] {dagbag.py:588} INFO - Filling up the DagBag from /home/fawzan/airflow/.venv/lib/python3.10/site-packages/airflow/example_dags/example_time_delta_sensor_async.py
[2024-11-06T17:07:37.541+0700] {processor.py:925} INFO - DAG(s) 'example_time_delta_sensor_async' retrieved from /home/fawzan/airflow/.venv/lib/python3.10/site-packages/airflow/example_dags/example_time_delta_sensor_async.py
[2024-11-06T17:07:37.599+0700] {logging_mixin.py:190} INFO - [2024-11-06T17:07:37.599+0700] {override.py:1900} INFO - Created Permission View: can edit on DAG:example_time_delta_sensor_async
[2024-11-06T17:07:37.606+0700] {logging_mixin.py:190} INFO - [2024-11-06T17:07:37.606+0700] {override.py:1900} INFO - Created Permission View: can delete on DAG:example_time_delta_sensor_async
[2024-11-06T17:07:37.611+0700] {logging_mixin.py:190} INFO - [2024-11-06T17:07:37.611+0700] {override.py:1900} INFO - Created Permission View: can read on DAG:example_time_delta_sensor_async
[2024-11-06T17:07:37.619+0700] {logging_mixin.py:190} INFO - [2024-11-06T17:07:37.619+0700] {override.py:1900} INFO - Created Permission View: can delete on DAG Run:example_time_delta_sensor_async
[2024-11-06T17:07:37.625+0700] {logging_mixin.py:190} INFO - [2024-11-06T17:07:37.624+0700] {override.py:1900} INFO - Created Permission View: can create on DAG Run:example_time_delta_sensor_async
[2024-11-06T17:07:37.630+0700] {logging_mixin.py:190} INFO - [2024-11-06T17:07:37.629+0700] {override.py:1900} INFO - Created Permission View: menu access on DAG Run:example_time_delta_sensor_async
[2024-11-06T17:07:37.635+0700] {logging_mixin.py:190} INFO - [2024-11-06T17:07:37.634+0700] {override.py:1900} INFO - Created Permission View: can read on DAG Run:example_time_delta_sensor_async
[2024-11-06T17:07:37.635+0700] {logging_mixin.py:190} INFO - [2024-11-06T17:07:37.635+0700] {dag.py:3239} INFO - Sync 1 DAGs
[2024-11-06T17:07:37.641+0700] {logging_mixin.py:190} INFO - [2024-11-06T17:07:37.641+0700] {dag.py:3262} INFO - Creating ORM DAG for example_time_delta_sensor_async
[2024-11-06T17:07:37.642+0700] {logging_mixin.py:190} INFO - [2024-11-06T17:07:37.641+0700] {dag.py:4180} INFO - Setting next_dagrun for example_time_delta_sensor_async to None, run_after=None
[2024-11-06T17:07:37.652+0700] {processor.py:208} INFO - Processing /home/fawzan/airflow/.venv/lib/python3.10/site-packages/airflow/example_dags/example_time_delta_sensor_async.py took 0.125 seconds
[2024-11-06T17:13:11.002+0700] {processor.py:186} INFO - Started process (PID=3964) to work on /home/fawzan/airflow/.venv/lib/python3.10/site-packages/airflow/example_dags/example_time_delta_sensor_async.py
[2024-11-06T17:13:11.005+0700] {processor.py:914} INFO - Processing file /home/fawzan/airflow/.venv/lib/python3.10/site-packages/airflow/example_dags/example_time_delta_sensor_async.py for tasks to queue
[2024-11-06T17:13:11.006+0700] {logging_mixin.py:190} INFO - [2024-11-06T17:13:11.006+0700] {dagbag.py:588} INFO - Filling up the DagBag from /home/fawzan/airflow/.venv/lib/python3.10/site-packages/airflow/example_dags/example_time_delta_sensor_async.py
[2024-11-06T17:13:11.010+0700] {processor.py:925} INFO - DAG(s) 'example_time_delta_sensor_async' retrieved from /home/fawzan/airflow/.venv/lib/python3.10/site-packages/airflow/example_dags/example_time_delta_sensor_async.py
[2024-11-06T17:13:11.021+0700] {logging_mixin.py:190} INFO - [2024-11-06T17:13:11.020+0700] {dag.py:3239} INFO - Sync 1 DAGs
[2024-11-06T17:13:11.027+0700] {logging_mixin.py:190} INFO - [2024-11-06T17:13:11.027+0700] {dag.py:4180} INFO - Setting next_dagrun for example_time_delta_sensor_async to None, run_after=None
[2024-11-06T17:13:11.038+0700] {processor.py:208} INFO - Processing /home/fawzan/airflow/.venv/lib/python3.10/site-packages/airflow/example_dags/example_time_delta_sensor_async.py took 0.039 seconds
[2024-11-06T17:14:07.411+0700] {processor.py:186} INFO - Started process (PID=4045) to work on /home/fawzan/airflow/.venv/lib/python3.10/site-packages/airflow/example_dags/example_time_delta_sensor_async.py
[2024-11-06T17:14:07.414+0700] {processor.py:914} INFO - Processing file /home/fawzan/airflow/.venv/lib/python3.10/site-packages/airflow/example_dags/example_time_delta_sensor_async.py for tasks to queue
[2024-11-06T17:14:07.416+0700] {logging_mixin.py:190} INFO - [2024-11-06T17:14:07.416+0700] {dagbag.py:588} INFO - Filling up the DagBag from /home/fawzan/airflow/.venv/lib/python3.10/site-packages/airflow/example_dags/example_time_delta_sensor_async.py
[2024-11-06T17:14:07.423+0700] {processor.py:925} INFO - DAG(s) 'example_time_delta_sensor_async' retrieved from /home/fawzan/airflow/.venv/lib/python3.10/site-packages/airflow/example_dags/example_time_delta_sensor_async.py
[2024-11-06T17:14:07.433+0700] {logging_mixin.py:190} INFO - [2024-11-06T17:14:07.433+0700] {dag.py:3239} INFO - Sync 1 DAGs
[2024-11-06T17:14:07.440+0700] {logging_mixin.py:190} INFO - [2024-11-06T17:14:07.439+0700] {dag.py:4180} INFO - Setting next_dagrun for example_time_delta_sensor_async to None, run_after=None
[2024-11-06T17:14:07.451+0700] {processor.py:208} INFO - Processing /home/fawzan/airflow/.venv/lib/python3.10/site-packages/airflow/example_dags/example_time_delta_sensor_async.py took 0.047 seconds
[2024-11-06T17:15:00.012+0700] {processor.py:186} INFO - Started process (PID=4125) to work on /home/fawzan/airflow/.venv/lib/python3.10/site-packages/airflow/example_dags/example_time_delta_sensor_async.py
[2024-11-06T17:15:00.015+0700] {processor.py:914} INFO - Processing file /home/fawzan/airflow/.venv/lib/python3.10/site-packages/airflow/example_dags/example_time_delta_sensor_async.py for tasks to queue
[2024-11-06T17:15:00.018+0700] {logging_mixin.py:190} INFO - [2024-11-06T17:15:00.018+0700] {dagbag.py:588} INFO - Filling up the DagBag from /home/fawzan/airflow/.venv/lib/python3.10/site-packages/airflow/example_dags/example_time_delta_sensor_async.py
[2024-11-06T17:15:00.025+0700] {processor.py:925} INFO - DAG(s) 'example_time_delta_sensor_async' retrieved from /home/fawzan/airflow/.venv/lib/python3.10/site-packages/airflow/example_dags/example_time_delta_sensor_async.py
[2024-11-06T17:15:00.036+0700] {logging_mixin.py:190} INFO - [2024-11-06T17:15:00.036+0700] {dag.py:3239} INFO - Sync 1 DAGs
[2024-11-06T17:15:00.042+0700] {logging_mixin.py:190} INFO - [2024-11-06T17:15:00.042+0700] {dag.py:4180} INFO - Setting next_dagrun for example_time_delta_sensor_async to None, run_after=None
[2024-11-06T17:15:00.054+0700] {processor.py:208} INFO - Processing /home/fawzan/airflow/.venv/lib/python3.10/site-packages/airflow/example_dags/example_time_delta_sensor_async.py took 0.046 seconds
[2024-11-06T17:15:53.060+0700] {processor.py:186} INFO - Started process (PID=4179) to work on /home/fawzan/airflow/.venv/lib/python3.10/site-packages/airflow/example_dags/example_time_delta_sensor_async.py
[2024-11-06T17:15:53.063+0700] {processor.py:914} INFO - Processing file /home/fawzan/airflow/.venv/lib/python3.10/site-packages/airflow/example_dags/example_time_delta_sensor_async.py for tasks to queue
[2024-11-06T17:15:53.065+0700] {logging_mixin.py:190} INFO - [2024-11-06T17:15:53.065+0700] {dagbag.py:588} INFO - Filling up the DagBag from /home/fawzan/airflow/.venv/lib/python3.10/site-packages/airflow/example_dags/example_time_delta_sensor_async.py
[2024-11-06T17:15:53.071+0700] {processor.py:925} INFO - DAG(s) 'example_time_delta_sensor_async' retrieved from /home/fawzan/airflow/.venv/lib/python3.10/site-packages/airflow/example_dags/example_time_delta_sensor_async.py
[2024-11-06T17:15:53.080+0700] {logging_mixin.py:190} INFO - [2024-11-06T17:15:53.080+0700] {dag.py:3239} INFO - Sync 1 DAGs
[2024-11-06T17:15:53.086+0700] {logging_mixin.py:190} INFO - [2024-11-06T17:15:53.086+0700] {dag.py:4180} INFO - Setting next_dagrun for example_time_delta_sensor_async to None, run_after=None
[2024-11-06T17:15:53.098+0700] {processor.py:208} INFO - Processing /home/fawzan/airflow/.venv/lib/python3.10/site-packages/airflow/example_dags/example_time_delta_sensor_async.py took 0.043 seconds
[2024-11-06T18:13:00.136+0700] {processor.py:186} INFO - Started process (PID=2697) to work on /home/fawzan/airflow/.venv/lib/python3.10/site-packages/airflow/example_dags/example_time_delta_sensor_async.py
[2024-11-06T18:13:00.137+0700] {processor.py:914} INFO - Processing file /home/fawzan/airflow/.venv/lib/python3.10/site-packages/airflow/example_dags/example_time_delta_sensor_async.py for tasks to queue
[2024-11-06T18:13:00.139+0700] {logging_mixin.py:190} INFO - [2024-11-06T18:13:00.138+0700] {dagbag.py:588} INFO - Filling up the DagBag from /home/fawzan/airflow/.venv/lib/python3.10/site-packages/airflow/example_dags/example_time_delta_sensor_async.py
[2024-11-06T18:13:00.144+0700] {processor.py:925} INFO - DAG(s) 'example_time_delta_sensor_async' retrieved from /home/fawzan/airflow/.venv/lib/python3.10/site-packages/airflow/example_dags/example_time_delta_sensor_async.py
[2024-11-06T18:13:00.156+0700] {logging_mixin.py:190} INFO - [2024-11-06T18:13:00.155+0700] {dag.py:3239} INFO - Sync 1 DAGs
[2024-11-06T18:13:00.162+0700] {logging_mixin.py:190} INFO - [2024-11-06T18:13:00.162+0700] {dag.py:4180} INFO - Setting next_dagrun for example_time_delta_sensor_async to None, run_after=None
[2024-11-06T18:13:00.174+0700] {processor.py:208} INFO - Processing /home/fawzan/airflow/.venv/lib/python3.10/site-packages/airflow/example_dags/example_time_delta_sensor_async.py took 0.042 seconds
[2024-11-06T18:13:55.401+0700] {processor.py:186} INFO - Started process (PID=3271) to work on /home/fawzan/airflow/.venv/lib/python3.10/site-packages/airflow/example_dags/example_time_delta_sensor_async.py
[2024-11-06T18:13:55.404+0700] {processor.py:914} INFO - Processing file /home/fawzan/airflow/.venv/lib/python3.10/site-packages/airflow/example_dags/example_time_delta_sensor_async.py for tasks to queue
[2024-11-06T18:13:55.405+0700] {logging_mixin.py:190} INFO - [2024-11-06T18:13:55.405+0700] {dagbag.py:588} INFO - Filling up the DagBag from /home/fawzan/airflow/.venv/lib/python3.10/site-packages/airflow/example_dags/example_time_delta_sensor_async.py
[2024-11-06T18:13:55.411+0700] {processor.py:925} INFO - DAG(s) 'example_time_delta_sensor_async' retrieved from /home/fawzan/airflow/.venv/lib/python3.10/site-packages/airflow/example_dags/example_time_delta_sensor_async.py
[2024-11-06T18:13:55.421+0700] {logging_mixin.py:190} INFO - [2024-11-06T18:13:55.420+0700] {dag.py:3239} INFO - Sync 1 DAGs
[2024-11-06T18:13:55.427+0700] {logging_mixin.py:190} INFO - [2024-11-06T18:13:55.426+0700] {dag.py:4180} INFO - Setting next_dagrun for example_time_delta_sensor_async to None, run_after=None
[2024-11-06T18:13:55.438+0700] {processor.py:208} INFO - Processing /home/fawzan/airflow/.venv/lib/python3.10/site-packages/airflow/example_dags/example_time_delta_sensor_async.py took 0.042 seconds
[2024-11-06T18:14:46.860+0700] {processor.py:186} INFO - Started process (PID=3417) to work on /home/fawzan/airflow/.venv/lib/python3.10/site-packages/airflow/example_dags/example_time_delta_sensor_async.py
[2024-11-06T18:14:46.864+0700] {processor.py:914} INFO - Processing file /home/fawzan/airflow/.venv/lib/python3.10/site-packages/airflow/example_dags/example_time_delta_sensor_async.py for tasks to queue
[2024-11-06T18:14:46.866+0700] {logging_mixin.py:190} INFO - [2024-11-06T18:14:46.866+0700] {dagbag.py:588} INFO - Filling up the DagBag from /home/fawzan/airflow/.venv/lib/python3.10/site-packages/airflow/example_dags/example_time_delta_sensor_async.py
[2024-11-06T18:14:46.873+0700] {processor.py:925} INFO - DAG(s) 'example_time_delta_sensor_async' retrieved from /home/fawzan/airflow/.venv/lib/python3.10/site-packages/airflow/example_dags/example_time_delta_sensor_async.py
[2024-11-06T18:14:46.885+0700] {logging_mixin.py:190} INFO - [2024-11-06T18:14:46.885+0700] {dag.py:3239} INFO - Sync 1 DAGs
[2024-11-06T18:14:46.891+0700] {logging_mixin.py:190} INFO - [2024-11-06T18:14:46.891+0700] {dag.py:4180} INFO - Setting next_dagrun for example_time_delta_sensor_async to None, run_after=None
[2024-11-06T18:14:46.904+0700] {processor.py:208} INFO - Processing /home/fawzan/airflow/.venv/lib/python3.10/site-packages/airflow/example_dags/example_time_delta_sensor_async.py took 0.050 seconds
[2024-11-06T18:15:36.695+0700] {processor.py:186} INFO - Started process (PID=3536) to work on /home/fawzan/airflow/.venv/lib/python3.10/site-packages/airflow/example_dags/example_time_delta_sensor_async.py
[2024-11-06T18:15:36.699+0700] {processor.py:914} INFO - Processing file /home/fawzan/airflow/.venv/lib/python3.10/site-packages/airflow/example_dags/example_time_delta_sensor_async.py for tasks to queue
[2024-11-06T18:15:36.702+0700] {logging_mixin.py:190} INFO - [2024-11-06T18:15:36.701+0700] {dagbag.py:588} INFO - Filling up the DagBag from /home/fawzan/airflow/.venv/lib/python3.10/site-packages/airflow/example_dags/example_time_delta_sensor_async.py
[2024-11-06T18:15:36.709+0700] {processor.py:925} INFO - DAG(s) 'example_time_delta_sensor_async' retrieved from /home/fawzan/airflow/.venv/lib/python3.10/site-packages/airflow/example_dags/example_time_delta_sensor_async.py
[2024-11-06T18:15:36.724+0700] {logging_mixin.py:190} INFO - [2024-11-06T18:15:36.724+0700] {dag.py:3239} INFO - Sync 1 DAGs
[2024-11-06T18:15:36.732+0700] {logging_mixin.py:190} INFO - [2024-11-06T18:15:36.732+0700] {dag.py:4180} INFO - Setting next_dagrun for example_time_delta_sensor_async to None, run_after=None
[2024-11-06T18:15:36.746+0700] {processor.py:208} INFO - Processing /home/fawzan/airflow/.venv/lib/python3.10/site-packages/airflow/example_dags/example_time_delta_sensor_async.py took 0.056 seconds
[2024-11-06T18:16:15.834+0700] {processor.py:186} INFO - Started process (PID=3725) to work on /home/fawzan/airflow/.venv/lib/python3.10/site-packages/airflow/example_dags/example_time_delta_sensor_async.py
[2024-11-06T18:16:15.837+0700] {processor.py:914} INFO - Processing file /home/fawzan/airflow/.venv/lib/python3.10/site-packages/airflow/example_dags/example_time_delta_sensor_async.py for tasks to queue
[2024-11-06T18:16:15.839+0700] {logging_mixin.py:190} INFO - [2024-11-06T18:16:15.839+0700] {dagbag.py:588} INFO - Filling up the DagBag from /home/fawzan/airflow/.venv/lib/python3.10/site-packages/airflow/example_dags/example_time_delta_sensor_async.py
[2024-11-06T18:16:15.845+0700] {processor.py:925} INFO - DAG(s) 'example_time_delta_sensor_async' retrieved from /home/fawzan/airflow/.venv/lib/python3.10/site-packages/airflow/example_dags/example_time_delta_sensor_async.py
[2024-11-06T18:16:15.854+0700] {logging_mixin.py:190} INFO - [2024-11-06T18:16:15.854+0700] {dag.py:3239} INFO - Sync 1 DAGs
[2024-11-06T18:16:15.861+0700] {logging_mixin.py:190} INFO - [2024-11-06T18:16:15.861+0700] {dag.py:4180} INFO - Setting next_dagrun for example_time_delta_sensor_async to None, run_after=None
[2024-11-06T18:16:15.875+0700] {processor.py:208} INFO - Processing /home/fawzan/airflow/.venv/lib/python3.10/site-packages/airflow/example_dags/example_time_delta_sensor_async.py took 0.047 seconds
[2024-11-06T18:16:57.835+0700] {processor.py:186} INFO - Started process (PID=3814) to work on /home/fawzan/airflow/.venv/lib/python3.10/site-packages/airflow/example_dags/example_time_delta_sensor_async.py
[2024-11-06T18:16:57.838+0700] {processor.py:914} INFO - Processing file /home/fawzan/airflow/.venv/lib/python3.10/site-packages/airflow/example_dags/example_time_delta_sensor_async.py for tasks to queue
[2024-11-06T18:16:57.840+0700] {logging_mixin.py:190} INFO - [2024-11-06T18:16:57.840+0700] {dagbag.py:588} INFO - Filling up the DagBag from /home/fawzan/airflow/.venv/lib/python3.10/site-packages/airflow/example_dags/example_time_delta_sensor_async.py
[2024-11-06T18:16:57.846+0700] {processor.py:925} INFO - DAG(s) 'example_time_delta_sensor_async' retrieved from /home/fawzan/airflow/.venv/lib/python3.10/site-packages/airflow/example_dags/example_time_delta_sensor_async.py
[2024-11-06T18:16:57.856+0700] {logging_mixin.py:190} INFO - [2024-11-06T18:16:57.856+0700] {dag.py:3239} INFO - Sync 1 DAGs
[2024-11-06T18:16:57.862+0700] {logging_mixin.py:190} INFO - [2024-11-06T18:16:57.862+0700] {dag.py:4180} INFO - Setting next_dagrun for example_time_delta_sensor_async to None, run_after=None
[2024-11-06T18:16:57.874+0700] {processor.py:208} INFO - Processing /home/fawzan/airflow/.venv/lib/python3.10/site-packages/airflow/example_dags/example_time_delta_sensor_async.py took 0.044 seconds
[2024-11-06T18:17:50.021+0700] {processor.py:186} INFO - Started process (PID=3955) to work on /home/fawzan/airflow/.venv/lib/python3.10/site-packages/airflow/example_dags/example_time_delta_sensor_async.py
[2024-11-06T18:17:50.025+0700] {processor.py:914} INFO - Processing file /home/fawzan/airflow/.venv/lib/python3.10/site-packages/airflow/example_dags/example_time_delta_sensor_async.py for tasks to queue
[2024-11-06T18:17:50.027+0700] {logging_mixin.py:190} INFO - [2024-11-06T18:17:50.027+0700] {dagbag.py:588} INFO - Filling up the DagBag from /home/fawzan/airflow/.venv/lib/python3.10/site-packages/airflow/example_dags/example_time_delta_sensor_async.py
[2024-11-06T18:17:50.033+0700] {processor.py:925} INFO - DAG(s) 'example_time_delta_sensor_async' retrieved from /home/fawzan/airflow/.venv/lib/python3.10/site-packages/airflow/example_dags/example_time_delta_sensor_async.py
[2024-11-06T18:17:50.041+0700] {logging_mixin.py:190} INFO - [2024-11-06T18:17:50.041+0700] {dag.py:3239} INFO - Sync 1 DAGs
[2024-11-06T18:17:50.048+0700] {logging_mixin.py:190} INFO - [2024-11-06T18:17:50.048+0700] {dag.py:4180} INFO - Setting next_dagrun for example_time_delta_sensor_async to None, run_after=None
[2024-11-06T18:17:50.060+0700] {processor.py:208} INFO - Processing /home/fawzan/airflow/.venv/lib/python3.10/site-packages/airflow/example_dags/example_time_delta_sensor_async.py took 0.044 seconds
[2024-11-06T18:18:41.338+0700] {processor.py:186} INFO - Started process (PID=4054) to work on /home/fawzan/airflow/.venv/lib/python3.10/site-packages/airflow/example_dags/example_time_delta_sensor_async.py
[2024-11-06T18:18:41.341+0700] {processor.py:914} INFO - Processing file /home/fawzan/airflow/.venv/lib/python3.10/site-packages/airflow/example_dags/example_time_delta_sensor_async.py for tasks to queue
[2024-11-06T18:18:41.343+0700] {logging_mixin.py:190} INFO - [2024-11-06T18:18:41.343+0700] {dagbag.py:588} INFO - Filling up the DagBag from /home/fawzan/airflow/.venv/lib/python3.10/site-packages/airflow/example_dags/example_time_delta_sensor_async.py
[2024-11-06T18:18:41.350+0700] {processor.py:925} INFO - DAG(s) 'example_time_delta_sensor_async' retrieved from /home/fawzan/airflow/.venv/lib/python3.10/site-packages/airflow/example_dags/example_time_delta_sensor_async.py
[2024-11-06T18:18:41.360+0700] {logging_mixin.py:190} INFO - [2024-11-06T18:18:41.360+0700] {dag.py:3239} INFO - Sync 1 DAGs
[2024-11-06T18:18:41.367+0700] {logging_mixin.py:190} INFO - [2024-11-06T18:18:41.367+0700] {dag.py:4180} INFO - Setting next_dagrun for example_time_delta_sensor_async to None, run_after=None
[2024-11-06T18:18:41.379+0700] {processor.py:208} INFO - Processing /home/fawzan/airflow/.venv/lib/python3.10/site-packages/airflow/example_dags/example_time_delta_sensor_async.py took 0.047 seconds
[2024-11-06T18:19:34.871+0700] {processor.py:186} INFO - Started process (PID=4157) to work on /home/fawzan/airflow/.venv/lib/python3.10/site-packages/airflow/example_dags/example_time_delta_sensor_async.py
[2024-11-06T18:19:34.874+0700] {processor.py:914} INFO - Processing file /home/fawzan/airflow/.venv/lib/python3.10/site-packages/airflow/example_dags/example_time_delta_sensor_async.py for tasks to queue
[2024-11-06T18:19:34.876+0700] {logging_mixin.py:190} INFO - [2024-11-06T18:19:34.876+0700] {dagbag.py:588} INFO - Filling up the DagBag from /home/fawzan/airflow/.venv/lib/python3.10/site-packages/airflow/example_dags/example_time_delta_sensor_async.py
[2024-11-06T18:19:34.883+0700] {processor.py:925} INFO - DAG(s) 'example_time_delta_sensor_async' retrieved from /home/fawzan/airflow/.venv/lib/python3.10/site-packages/airflow/example_dags/example_time_delta_sensor_async.py
[2024-11-06T18:19:34.893+0700] {logging_mixin.py:190} INFO - [2024-11-06T18:19:34.893+0700] {dag.py:3239} INFO - Sync 1 DAGs
[2024-11-06T18:19:34.900+0700] {logging_mixin.py:190} INFO - [2024-11-06T18:19:34.899+0700] {dag.py:4180} INFO - Setting next_dagrun for example_time_delta_sensor_async to None, run_after=None
[2024-11-06T18:19:34.912+0700] {processor.py:208} INFO - Processing /home/fawzan/airflow/.venv/lib/python3.10/site-packages/airflow/example_dags/example_time_delta_sensor_async.py took 0.047 seconds
[2024-11-06T18:20:29.626+0700] {processor.py:186} INFO - Started process (PID=4254) to work on /home/fawzan/airflow/.venv/lib/python3.10/site-packages/airflow/example_dags/example_time_delta_sensor_async.py
[2024-11-06T18:20:29.629+0700] {processor.py:914} INFO - Processing file /home/fawzan/airflow/.venv/lib/python3.10/site-packages/airflow/example_dags/example_time_delta_sensor_async.py for tasks to queue
[2024-11-06T18:20:29.631+0700] {logging_mixin.py:190} INFO - [2024-11-06T18:20:29.631+0700] {dagbag.py:588} INFO - Filling up the DagBag from /home/fawzan/airflow/.venv/lib/python3.10/site-packages/airflow/example_dags/example_time_delta_sensor_async.py
[2024-11-06T18:20:29.638+0700] {processor.py:925} INFO - DAG(s) 'example_time_delta_sensor_async' retrieved from /home/fawzan/airflow/.venv/lib/python3.10/site-packages/airflow/example_dags/example_time_delta_sensor_async.py
[2024-11-06T18:20:29.648+0700] {logging_mixin.py:190} INFO - [2024-11-06T18:20:29.648+0700] {dag.py:3239} INFO - Sync 1 DAGs
[2024-11-06T18:20:29.655+0700] {logging_mixin.py:190} INFO - [2024-11-06T18:20:29.655+0700] {dag.py:4180} INFO - Setting next_dagrun for example_time_delta_sensor_async to None, run_after=None
[2024-11-06T18:20:29.667+0700] {processor.py:208} INFO - Processing /home/fawzan/airflow/.venv/lib/python3.10/site-packages/airflow/example_dags/example_time_delta_sensor_async.py took 0.046 seconds
[2024-11-06T18:21:40.337+0700] {processor.py:186} INFO - Started process (PID=4476) to work on /home/fawzan/airflow/.venv/lib/python3.10/site-packages/airflow/example_dags/example_time_delta_sensor_async.py
[2024-11-06T18:21:40.341+0700] {processor.py:914} INFO - Processing file /home/fawzan/airflow/.venv/lib/python3.10/site-packages/airflow/example_dags/example_time_delta_sensor_async.py for tasks to queue
[2024-11-06T18:21:40.343+0700] {logging_mixin.py:190} INFO - [2024-11-06T18:21:40.342+0700] {dagbag.py:588} INFO - Filling up the DagBag from /home/fawzan/airflow/.venv/lib/python3.10/site-packages/airflow/example_dags/example_time_delta_sensor_async.py
[2024-11-06T18:21:40.349+0700] {processor.py:925} INFO - DAG(s) 'example_time_delta_sensor_async' retrieved from /home/fawzan/airflow/.venv/lib/python3.10/site-packages/airflow/example_dags/example_time_delta_sensor_async.py
[2024-11-06T18:21:40.359+0700] {logging_mixin.py:190} INFO - [2024-11-06T18:21:40.359+0700] {dag.py:3239} INFO - Sync 1 DAGs
[2024-11-06T18:21:40.366+0700] {logging_mixin.py:190} INFO - [2024-11-06T18:21:40.366+0700] {dag.py:4180} INFO - Setting next_dagrun for example_time_delta_sensor_async to None, run_after=None
[2024-11-06T18:21:40.378+0700] {processor.py:208} INFO - Processing /home/fawzan/airflow/.venv/lib/python3.10/site-packages/airflow/example_dags/example_time_delta_sensor_async.py took 0.046 seconds
[2024-11-06T18:22:36.347+0700] {processor.py:186} INFO - Started process (PID=4601) to work on /home/fawzan/airflow/.venv/lib/python3.10/site-packages/airflow/example_dags/example_time_delta_sensor_async.py
[2024-11-06T18:22:36.350+0700] {processor.py:914} INFO - Processing file /home/fawzan/airflow/.venv/lib/python3.10/site-packages/airflow/example_dags/example_time_delta_sensor_async.py for tasks to queue
[2024-11-06T18:22:36.352+0700] {logging_mixin.py:190} INFO - [2024-11-06T18:22:36.352+0700] {dagbag.py:588} INFO - Filling up the DagBag from /home/fawzan/airflow/.venv/lib/python3.10/site-packages/airflow/example_dags/example_time_delta_sensor_async.py
[2024-11-06T18:22:36.359+0700] {processor.py:925} INFO - DAG(s) 'example_time_delta_sensor_async' retrieved from /home/fawzan/airflow/.venv/lib/python3.10/site-packages/airflow/example_dags/example_time_delta_sensor_async.py
[2024-11-06T18:22:36.369+0700] {logging_mixin.py:190} INFO - [2024-11-06T18:22:36.369+0700] {dag.py:3239} INFO - Sync 1 DAGs
[2024-11-06T18:22:36.376+0700] {logging_mixin.py:190} INFO - [2024-11-06T18:22:36.376+0700] {dag.py:4180} INFO - Setting next_dagrun for example_time_delta_sensor_async to None, run_after=None
[2024-11-06T18:22:36.388+0700] {processor.py:208} INFO - Processing /home/fawzan/airflow/.venv/lib/python3.10/site-packages/airflow/example_dags/example_time_delta_sensor_async.py took 0.046 seconds
[2024-11-06T18:23:31.035+0700] {processor.py:186} INFO - Started process (PID=4698) to work on /home/fawzan/airflow/.venv/lib/python3.10/site-packages/airflow/example_dags/example_time_delta_sensor_async.py
[2024-11-06T18:23:31.039+0700] {processor.py:914} INFO - Processing file /home/fawzan/airflow/.venv/lib/python3.10/site-packages/airflow/example_dags/example_time_delta_sensor_async.py for tasks to queue
[2024-11-06T18:23:31.041+0700] {logging_mixin.py:190} INFO - [2024-11-06T18:23:31.041+0700] {dagbag.py:588} INFO - Filling up the DagBag from /home/fawzan/airflow/.venv/lib/python3.10/site-packages/airflow/example_dags/example_time_delta_sensor_async.py
[2024-11-06T18:23:31.048+0700] {processor.py:925} INFO - DAG(s) 'example_time_delta_sensor_async' retrieved from /home/fawzan/airflow/.venv/lib/python3.10/site-packages/airflow/example_dags/example_time_delta_sensor_async.py
[2024-11-06T18:23:31.059+0700] {logging_mixin.py:190} INFO - [2024-11-06T18:23:31.059+0700] {dag.py:3239} INFO - Sync 1 DAGs
[2024-11-06T18:23:31.066+0700] {logging_mixin.py:190} INFO - [2024-11-06T18:23:31.066+0700] {dag.py:4180} INFO - Setting next_dagrun for example_time_delta_sensor_async to None, run_after=None
[2024-11-06T18:23:31.078+0700] {processor.py:208} INFO - Processing /home/fawzan/airflow/.venv/lib/python3.10/site-packages/airflow/example_dags/example_time_delta_sensor_async.py took 0.048 seconds
[2024-11-06T18:24:27.156+0700] {processor.py:186} INFO - Started process (PID=4814) to work on /home/fawzan/airflow/.venv/lib/python3.10/site-packages/airflow/example_dags/example_time_delta_sensor_async.py
[2024-11-06T18:24:27.159+0700] {processor.py:914} INFO - Processing file /home/fawzan/airflow/.venv/lib/python3.10/site-packages/airflow/example_dags/example_time_delta_sensor_async.py for tasks to queue
[2024-11-06T18:24:27.161+0700] {logging_mixin.py:190} INFO - [2024-11-06T18:24:27.161+0700] {dagbag.py:588} INFO - Filling up the DagBag from /home/fawzan/airflow/.venv/lib/python3.10/site-packages/airflow/example_dags/example_time_delta_sensor_async.py
[2024-11-06T18:24:27.169+0700] {processor.py:925} INFO - DAG(s) 'example_time_delta_sensor_async' retrieved from /home/fawzan/airflow/.venv/lib/python3.10/site-packages/airflow/example_dags/example_time_delta_sensor_async.py
[2024-11-06T18:24:27.182+0700] {logging_mixin.py:190} INFO - [2024-11-06T18:24:27.182+0700] {dag.py:3239} INFO - Sync 1 DAGs
[2024-11-06T18:24:27.191+0700] {logging_mixin.py:190} INFO - [2024-11-06T18:24:27.191+0700] {dag.py:4180} INFO - Setting next_dagrun for example_time_delta_sensor_async to None, run_after=None
[2024-11-06T18:24:27.203+0700] {processor.py:208} INFO - Processing /home/fawzan/airflow/.venv/lib/python3.10/site-packages/airflow/example_dags/example_time_delta_sensor_async.py took 0.052 seconds
[2024-11-06T18:32:13.411+0700] {processor.py:186} INFO - Started process (PID=5104) to work on /home/fawzan/airflow/.venv/lib/python3.10/site-packages/airflow/example_dags/example_time_delta_sensor_async.py
[2024-11-06T18:32:13.414+0700] {processor.py:914} INFO - Processing file /home/fawzan/airflow/.venv/lib/python3.10/site-packages/airflow/example_dags/example_time_delta_sensor_async.py for tasks to queue
[2024-11-06T18:32:13.416+0700] {logging_mixin.py:190} INFO - [2024-11-06T18:32:13.416+0700] {dagbag.py:588} INFO - Filling up the DagBag from /home/fawzan/airflow/.venv/lib/python3.10/site-packages/airflow/example_dags/example_time_delta_sensor_async.py
[2024-11-06T18:32:13.420+0700] {processor.py:925} INFO - DAG(s) 'example_time_delta_sensor_async' retrieved from /home/fawzan/airflow/.venv/lib/python3.10/site-packages/airflow/example_dags/example_time_delta_sensor_async.py
[2024-11-06T18:32:13.431+0700] {logging_mixin.py:190} INFO - [2024-11-06T18:32:13.431+0700] {dag.py:3239} INFO - Sync 1 DAGs
[2024-11-06T18:32:13.437+0700] {logging_mixin.py:190} INFO - [2024-11-06T18:32:13.437+0700] {dag.py:4180} INFO - Setting next_dagrun for example_time_delta_sensor_async to None, run_after=None
[2024-11-06T18:32:13.449+0700] {processor.py:208} INFO - Processing /home/fawzan/airflow/.venv/lib/python3.10/site-packages/airflow/example_dags/example_time_delta_sensor_async.py took 0.043 seconds
[2024-11-06T18:33:12.326+0700] {processor.py:186} INFO - Started process (PID=5241) to work on /home/fawzan/airflow/.venv/lib/python3.10/site-packages/airflow/example_dags/example_time_delta_sensor_async.py
[2024-11-06T18:33:12.329+0700] {processor.py:914} INFO - Processing file /home/fawzan/airflow/.venv/lib/python3.10/site-packages/airflow/example_dags/example_time_delta_sensor_async.py for tasks to queue
[2024-11-06T18:33:12.332+0700] {logging_mixin.py:190} INFO - [2024-11-06T18:33:12.331+0700] {dagbag.py:588} INFO - Filling up the DagBag from /home/fawzan/airflow/.venv/lib/python3.10/site-packages/airflow/example_dags/example_time_delta_sensor_async.py
[2024-11-06T18:33:12.339+0700] {processor.py:925} INFO - DAG(s) 'example_time_delta_sensor_async' retrieved from /home/fawzan/airflow/.venv/lib/python3.10/site-packages/airflow/example_dags/example_time_delta_sensor_async.py
[2024-11-06T18:33:12.355+0700] {logging_mixin.py:190} INFO - [2024-11-06T18:33:12.355+0700] {dag.py:3239} INFO - Sync 1 DAGs
[2024-11-06T18:33:12.363+0700] {logging_mixin.py:190} INFO - [2024-11-06T18:33:12.363+0700] {dag.py:4180} INFO - Setting next_dagrun for example_time_delta_sensor_async to None, run_after=None
[2024-11-06T18:33:12.379+0700] {processor.py:208} INFO - Processing /home/fawzan/airflow/.venv/lib/python3.10/site-packages/airflow/example_dags/example_time_delta_sensor_async.py took 0.062 seconds
