[2024-11-06T17:08:17.512+0700] {processor.py:186} INFO - Started process (PID=3861) to work on /home/fawzan/airflow/.venv/lib/python3.10/site-packages/airflow/example_dags/example_outlet_event_extra.py
[2024-11-06T17:08:17.513+0700] {processor.py:914} INFO - Processing file /home/fawzan/airflow/.venv/lib/python3.10/site-packages/airflow/example_dags/example_outlet_event_extra.py for tasks to queue
[2024-11-06T17:08:17.516+0700] {logging_mixin.py:190} INFO - [2024-11-06T17:08:17.516+0700] {dagbag.py:588} INFO - Filling up the DagBag from /home/fawzan/airflow/.venv/lib/python3.10/site-packages/airflow/example_dags/example_outlet_event_extra.py
[2024-11-06T17:08:17.525+0700] {processor.py:925} INFO - DAG(s) 'dataset_with_extra_from_classic_operator', 'dataset_with_extra_by_context', 'dataset_with_extra_by_yield' retrieved from /home/fawzan/airflow/.venv/lib/python3.10/site-packages/airflow/example_dags/example_outlet_event_extra.py
[2024-11-06T17:08:17.583+0700] {logging_mixin.py:190} INFO - [2024-11-06T17:08:17.582+0700] {override.py:1900} INFO - Created Permission View: can edit on DAG:dataset_with_extra_from_classic_operator
[2024-11-06T17:08:17.590+0700] {logging_mixin.py:190} INFO - [2024-11-06T17:08:17.589+0700] {override.py:1900} INFO - Created Permission View: can delete on DAG:dataset_with_extra_from_classic_operator
[2024-11-06T17:08:17.595+0700] {logging_mixin.py:190} INFO - [2024-11-06T17:08:17.595+0700] {override.py:1900} INFO - Created Permission View: can read on DAG:dataset_with_extra_from_classic_operator
[2024-11-06T17:08:17.603+0700] {logging_mixin.py:190} INFO - [2024-11-06T17:08:17.602+0700] {override.py:1900} INFO - Created Permission View: can delete on DAG Run:dataset_with_extra_from_classic_operator
[2024-11-06T17:08:17.609+0700] {logging_mixin.py:190} INFO - [2024-11-06T17:08:17.609+0700] {override.py:1900} INFO - Created Permission View: can create on DAG Run:dataset_with_extra_from_classic_operator
[2024-11-06T17:08:17.616+0700] {logging_mixin.py:190} INFO - [2024-11-06T17:08:17.615+0700] {override.py:1900} INFO - Created Permission View: menu access on DAG Run:dataset_with_extra_from_classic_operator
[2024-11-06T17:08:17.624+0700] {logging_mixin.py:190} INFO - [2024-11-06T17:08:17.624+0700] {override.py:1900} INFO - Created Permission View: can read on DAG Run:dataset_with_extra_from_classic_operator
[2024-11-06T17:08:17.639+0700] {logging_mixin.py:190} INFO - [2024-11-06T17:08:17.638+0700] {override.py:1900} INFO - Created Permission View: can edit on DAG:dataset_with_extra_by_context
[2024-11-06T17:08:17.648+0700] {logging_mixin.py:190} INFO - [2024-11-06T17:08:17.647+0700] {override.py:1900} INFO - Created Permission View: can delete on DAG:dataset_with_extra_by_context
[2024-11-06T17:08:17.655+0700] {logging_mixin.py:190} INFO - [2024-11-06T17:08:17.655+0700] {override.py:1900} INFO - Created Permission View: can read on DAG:dataset_with_extra_by_context
[2024-11-06T17:08:17.665+0700] {logging_mixin.py:190} INFO - [2024-11-06T17:08:17.665+0700] {override.py:1900} INFO - Created Permission View: can delete on DAG Run:dataset_with_extra_by_context
[2024-11-06T17:08:17.671+0700] {logging_mixin.py:190} INFO - [2024-11-06T17:08:17.671+0700] {override.py:1900} INFO - Created Permission View: can create on DAG Run:dataset_with_extra_by_context
[2024-11-06T17:08:17.677+0700] {logging_mixin.py:190} INFO - [2024-11-06T17:08:17.676+0700] {override.py:1900} INFO - Created Permission View: menu access on DAG Run:dataset_with_extra_by_context
[2024-11-06T17:08:17.682+0700] {logging_mixin.py:190} INFO - [2024-11-06T17:08:17.682+0700] {override.py:1900} INFO - Created Permission View: can read on DAG Run:dataset_with_extra_by_context
[2024-11-06T17:08:17.693+0700] {logging_mixin.py:190} INFO - [2024-11-06T17:08:17.693+0700] {override.py:1900} INFO - Created Permission View: can edit on DAG:dataset_with_extra_by_yield
[2024-11-06T17:08:17.698+0700] {logging_mixin.py:190} INFO - [2024-11-06T17:08:17.698+0700] {override.py:1900} INFO - Created Permission View: can delete on DAG:dataset_with_extra_by_yield
[2024-11-06T17:08:17.703+0700] {logging_mixin.py:190} INFO - [2024-11-06T17:08:17.703+0700] {override.py:1900} INFO - Created Permission View: can read on DAG:dataset_with_extra_by_yield
[2024-11-06T17:08:17.713+0700] {logging_mixin.py:190} INFO - [2024-11-06T17:08:17.713+0700] {override.py:1900} INFO - Created Permission View: can delete on DAG Run:dataset_with_extra_by_yield
[2024-11-06T17:08:17.721+0700] {logging_mixin.py:190} INFO - [2024-11-06T17:08:17.721+0700] {override.py:1900} INFO - Created Permission View: can create on DAG Run:dataset_with_extra_by_yield
[2024-11-06T17:08:17.727+0700] {logging_mixin.py:190} INFO - [2024-11-06T17:08:17.727+0700] {override.py:1900} INFO - Created Permission View: menu access on DAG Run:dataset_with_extra_by_yield
[2024-11-06T17:08:17.733+0700] {logging_mixin.py:190} INFO - [2024-11-06T17:08:17.733+0700] {override.py:1900} INFO - Created Permission View: can read on DAG Run:dataset_with_extra_by_yield
[2024-11-06T17:08:17.734+0700] {logging_mixin.py:190} INFO - [2024-11-06T17:08:17.734+0700] {dag.py:3239} INFO - Sync 3 DAGs
[2024-11-06T17:08:17.748+0700] {logging_mixin.py:190} INFO - [2024-11-06T17:08:17.748+0700] {dag.py:3262} INFO - Creating ORM DAG for dataset_with_extra_from_classic_operator
[2024-11-06T17:08:17.749+0700] {logging_mixin.py:190} INFO - [2024-11-06T17:08:17.749+0700] {dag.py:3262} INFO - Creating ORM DAG for dataset_with_extra_by_context
[2024-11-06T17:08:17.750+0700] {logging_mixin.py:190} INFO - [2024-11-06T17:08:17.750+0700] {dag.py:3262} INFO - Creating ORM DAG for dataset_with_extra_by_yield
[2024-11-06T17:08:17.759+0700] {logging_mixin.py:190} INFO - [2024-11-06T17:08:17.759+0700] {dag.py:4180} INFO - Setting next_dagrun for dataset_with_extra_by_context to 2024-11-05 00:00:00+00:00, run_after=2024-11-06 00:00:00+00:00
[2024-11-06T17:08:17.760+0700] {logging_mixin.py:190} INFO - [2024-11-06T17:08:17.760+0700] {dag.py:4180} INFO - Setting next_dagrun for dataset_with_extra_by_yield to 2024-11-05 00:00:00+00:00, run_after=2024-11-06 00:00:00+00:00
[2024-11-06T17:08:17.761+0700] {logging_mixin.py:190} INFO - [2024-11-06T17:08:17.761+0700] {dag.py:4180} INFO - Setting next_dagrun for dataset_with_extra_from_classic_operator to 2024-11-05 00:00:00+00:00, run_after=2024-11-06 00:00:00+00:00
[2024-11-06T17:08:17.784+0700] {processor.py:208} INFO - Processing /home/fawzan/airflow/.venv/lib/python3.10/site-packages/airflow/example_dags/example_outlet_event_extra.py took 0.279 seconds
[2024-11-06T17:13:45.408+0700] {processor.py:186} INFO - Started process (PID=4019) to work on /home/fawzan/airflow/.venv/lib/python3.10/site-packages/airflow/example_dags/example_outlet_event_extra.py
[2024-11-06T17:13:45.411+0700] {processor.py:914} INFO - Processing file /home/fawzan/airflow/.venv/lib/python3.10/site-packages/airflow/example_dags/example_outlet_event_extra.py for tasks to queue
[2024-11-06T17:13:45.416+0700] {logging_mixin.py:190} INFO - [2024-11-06T17:13:45.415+0700] {dagbag.py:588} INFO - Filling up the DagBag from /home/fawzan/airflow/.venv/lib/python3.10/site-packages/airflow/example_dags/example_outlet_event_extra.py
[2024-11-06T17:13:45.427+0700] {processor.py:925} INFO - DAG(s) 'dataset_with_extra_by_context', 'dataset_with_extra_from_classic_operator', 'dataset_with_extra_by_yield' retrieved from /home/fawzan/airflow/.venv/lib/python3.10/site-packages/airflow/example_dags/example_outlet_event_extra.py
[2024-11-06T17:13:45.438+0700] {logging_mixin.py:190} INFO - [2024-11-06T17:13:45.438+0700] {dag.py:3239} INFO - Sync 3 DAGs
[2024-11-06T17:13:45.450+0700] {logging_mixin.py:190} INFO - [2024-11-06T17:13:45.450+0700] {dag.py:4180} INFO - Setting next_dagrun for dataset_with_extra_by_context to 2024-11-05 00:00:00+00:00, run_after=2024-11-06 00:00:00+00:00
[2024-11-06T17:13:45.452+0700] {logging_mixin.py:190} INFO - [2024-11-06T17:13:45.452+0700] {dag.py:4180} INFO - Setting next_dagrun for dataset_with_extra_by_yield to 2024-11-05 00:00:00+00:00, run_after=2024-11-06 00:00:00+00:00
[2024-11-06T17:13:45.454+0700] {logging_mixin.py:190} INFO - [2024-11-06T17:13:45.454+0700] {dag.py:4180} INFO - Setting next_dagrun for dataset_with_extra_from_classic_operator to 2024-11-05 00:00:00+00:00, run_after=2024-11-06 00:00:00+00:00
[2024-11-06T17:13:45.467+0700] {processor.py:208} INFO - Processing /home/fawzan/airflow/.venv/lib/python3.10/site-packages/airflow/example_dags/example_outlet_event_extra.py took 0.064 seconds
[2024-11-06T17:14:42.263+0700] {processor.py:186} INFO - Started process (PID=4107) to work on /home/fawzan/airflow/.venv/lib/python3.10/site-packages/airflow/example_dags/example_outlet_event_extra.py
[2024-11-06T17:14:42.267+0700] {processor.py:914} INFO - Processing file /home/fawzan/airflow/.venv/lib/python3.10/site-packages/airflow/example_dags/example_outlet_event_extra.py for tasks to queue
[2024-11-06T17:14:42.269+0700] {logging_mixin.py:190} INFO - [2024-11-06T17:14:42.268+0700] {dagbag.py:588} INFO - Filling up the DagBag from /home/fawzan/airflow/.venv/lib/python3.10/site-packages/airflow/example_dags/example_outlet_event_extra.py
[2024-11-06T17:14:42.281+0700] {processor.py:925} INFO - DAG(s) 'dataset_with_extra_by_yield', 'dataset_with_extra_by_context', 'dataset_with_extra_from_classic_operator' retrieved from /home/fawzan/airflow/.venv/lib/python3.10/site-packages/airflow/example_dags/example_outlet_event_extra.py
[2024-11-06T17:14:42.291+0700] {logging_mixin.py:190} INFO - [2024-11-06T17:14:42.291+0700] {dag.py:3239} INFO - Sync 3 DAGs
[2024-11-06T17:14:42.303+0700] {logging_mixin.py:190} INFO - [2024-11-06T17:14:42.303+0700] {dag.py:4180} INFO - Setting next_dagrun for dataset_with_extra_by_context to 2024-11-05 00:00:00+00:00, run_after=2024-11-06 00:00:00+00:00
[2024-11-06T17:14:42.307+0700] {logging_mixin.py:190} INFO - [2024-11-06T17:14:42.307+0700] {dag.py:4180} INFO - Setting next_dagrun for dataset_with_extra_by_yield to 2024-11-05 00:00:00+00:00, run_after=2024-11-06 00:00:00+00:00
[2024-11-06T17:14:42.309+0700] {logging_mixin.py:190} INFO - [2024-11-06T17:14:42.309+0700] {dag.py:4180} INFO - Setting next_dagrun for dataset_with_extra_from_classic_operator to 2024-11-05 00:00:00+00:00, run_after=2024-11-06 00:00:00+00:00
[2024-11-06T17:14:42.332+0700] {processor.py:208} INFO - Processing /home/fawzan/airflow/.venv/lib/python3.10/site-packages/airflow/example_dags/example_outlet_event_extra.py took 0.074 seconds
[2024-11-06T17:15:38.989+0700] {processor.py:186} INFO - Started process (PID=4165) to work on /home/fawzan/airflow/.venv/lib/python3.10/site-packages/airflow/example_dags/example_outlet_event_extra.py
[2024-11-06T17:15:38.992+0700] {processor.py:914} INFO - Processing file /home/fawzan/airflow/.venv/lib/python3.10/site-packages/airflow/example_dags/example_outlet_event_extra.py for tasks to queue
[2024-11-06T17:15:38.994+0700] {logging_mixin.py:190} INFO - [2024-11-06T17:15:38.994+0700] {dagbag.py:588} INFO - Filling up the DagBag from /home/fawzan/airflow/.venv/lib/python3.10/site-packages/airflow/example_dags/example_outlet_event_extra.py
[2024-11-06T17:15:39.008+0700] {processor.py:925} INFO - DAG(s) 'dataset_with_extra_by_yield', 'dataset_with_extra_by_context', 'dataset_with_extra_from_classic_operator' retrieved from /home/fawzan/airflow/.venv/lib/python3.10/site-packages/airflow/example_dags/example_outlet_event_extra.py
[2024-11-06T17:15:39.021+0700] {logging_mixin.py:190} INFO - [2024-11-06T17:15:39.021+0700] {dag.py:3239} INFO - Sync 3 DAGs
[2024-11-06T17:15:39.033+0700] {logging_mixin.py:190} INFO - [2024-11-06T17:15:39.033+0700] {dag.py:4180} INFO - Setting next_dagrun for dataset_with_extra_by_context to 2024-11-05 00:00:00+00:00, run_after=2024-11-06 00:00:00+00:00
[2024-11-06T17:15:39.035+0700] {logging_mixin.py:190} INFO - [2024-11-06T17:15:39.035+0700] {dag.py:4180} INFO - Setting next_dagrun for dataset_with_extra_by_yield to 2024-11-05 00:00:00+00:00, run_after=2024-11-06 00:00:00+00:00
[2024-11-06T17:15:39.036+0700] {logging_mixin.py:190} INFO - [2024-11-06T17:15:39.036+0700] {dag.py:4180} INFO - Setting next_dagrun for dataset_with_extra_from_classic_operator to 2024-11-05 00:00:00+00:00, run_after=2024-11-06 00:00:00+00:00
[2024-11-06T17:15:39.049+0700] {processor.py:208} INFO - Processing /home/fawzan/airflow/.venv/lib/python3.10/site-packages/airflow/example_dags/example_outlet_event_extra.py took 0.066 seconds
[2024-11-06T18:13:34.803+0700] {processor.py:186} INFO - Started process (PID=2773) to work on /home/fawzan/airflow/.venv/lib/python3.10/site-packages/airflow/example_dags/example_outlet_event_extra.py
[2024-11-06T18:13:34.804+0700] {processor.py:914} INFO - Processing file /home/fawzan/airflow/.venv/lib/python3.10/site-packages/airflow/example_dags/example_outlet_event_extra.py for tasks to queue
[2024-11-06T18:13:34.807+0700] {logging_mixin.py:190} INFO - [2024-11-06T18:13:34.807+0700] {dagbag.py:588} INFO - Filling up the DagBag from /home/fawzan/airflow/.venv/lib/python3.10/site-packages/airflow/example_dags/example_outlet_event_extra.py
[2024-11-06T18:13:34.816+0700] {processor.py:925} INFO - DAG(s) 'dataset_with_extra_by_context', 'dataset_with_extra_from_classic_operator', 'dataset_with_extra_by_yield' retrieved from /home/fawzan/airflow/.venv/lib/python3.10/site-packages/airflow/example_dags/example_outlet_event_extra.py
[2024-11-06T18:13:34.826+0700] {logging_mixin.py:190} INFO - [2024-11-06T18:13:34.826+0700] {dag.py:3239} INFO - Sync 3 DAGs
[2024-11-06T18:13:34.837+0700] {logging_mixin.py:190} INFO - [2024-11-06T18:13:34.837+0700] {dag.py:4180} INFO - Setting next_dagrun for dataset_with_extra_by_context to 2024-11-05 00:00:00+00:00, run_after=2024-11-06 00:00:00+00:00
[2024-11-06T18:13:34.839+0700] {logging_mixin.py:190} INFO - [2024-11-06T18:13:34.839+0700] {dag.py:4180} INFO - Setting next_dagrun for dataset_with_extra_by_yield to 2024-11-05 00:00:00+00:00, run_after=2024-11-06 00:00:00+00:00
[2024-11-06T18:13:34.840+0700] {logging_mixin.py:190} INFO - [2024-11-06T18:13:34.840+0700] {dag.py:4180} INFO - Setting next_dagrun for dataset_with_extra_from_classic_operator to 2024-11-05 00:00:00+00:00, run_after=2024-11-06 00:00:00+00:00
[2024-11-06T18:13:34.853+0700] {processor.py:208} INFO - Processing /home/fawzan/airflow/.venv/lib/python3.10/site-packages/airflow/example_dags/example_outlet_event_extra.py took 0.055 seconds
[2024-11-06T18:14:29.744+0700] {processor.py:186} INFO - Started process (PID=3389) to work on /home/fawzan/airflow/.venv/lib/python3.10/site-packages/airflow/example_dags/example_outlet_event_extra.py
[2024-11-06T18:14:29.745+0700] {processor.py:914} INFO - Processing file /home/fawzan/airflow/.venv/lib/python3.10/site-packages/airflow/example_dags/example_outlet_event_extra.py for tasks to queue
[2024-11-06T18:14:29.747+0700] {logging_mixin.py:190} INFO - [2024-11-06T18:14:29.747+0700] {dagbag.py:588} INFO - Filling up the DagBag from /home/fawzan/airflow/.venv/lib/python3.10/site-packages/airflow/example_dags/example_outlet_event_extra.py
[2024-11-06T18:14:29.759+0700] {processor.py:925} INFO - DAG(s) 'dataset_with_extra_from_classic_operator', 'dataset_with_extra_by_context', 'dataset_with_extra_by_yield' retrieved from /home/fawzan/airflow/.venv/lib/python3.10/site-packages/airflow/example_dags/example_outlet_event_extra.py
[2024-11-06T18:14:29.769+0700] {logging_mixin.py:190} INFO - [2024-11-06T18:14:29.769+0700] {dag.py:3239} INFO - Sync 3 DAGs
[2024-11-06T18:14:29.780+0700] {logging_mixin.py:190} INFO - [2024-11-06T18:14:29.780+0700] {dag.py:4180} INFO - Setting next_dagrun for dataset_with_extra_by_context to 2024-11-05 00:00:00+00:00, run_after=2024-11-06 00:00:00+00:00
[2024-11-06T18:14:29.782+0700] {logging_mixin.py:190} INFO - [2024-11-06T18:14:29.782+0700] {dag.py:4180} INFO - Setting next_dagrun for dataset_with_extra_by_yield to 2024-11-05 00:00:00+00:00, run_after=2024-11-06 00:00:00+00:00
[2024-11-06T18:14:29.784+0700] {logging_mixin.py:190} INFO - [2024-11-06T18:14:29.783+0700] {dag.py:4180} INFO - Setting next_dagrun for dataset_with_extra_from_classic_operator to 2024-11-05 00:00:00+00:00, run_after=2024-11-06 00:00:00+00:00
[2024-11-06T18:14:29.798+0700] {processor.py:208} INFO - Processing /home/fawzan/airflow/.venv/lib/python3.10/site-packages/airflow/example_dags/example_outlet_event_extra.py took 0.059 seconds
[2024-11-06T18:15:25.248+0700] {processor.py:186} INFO - Started process (PID=3515) to work on /home/fawzan/airflow/.venv/lib/python3.10/site-packages/airflow/example_dags/example_outlet_event_extra.py
[2024-11-06T18:15:25.252+0700] {processor.py:914} INFO - Processing file /home/fawzan/airflow/.venv/lib/python3.10/site-packages/airflow/example_dags/example_outlet_event_extra.py for tasks to queue
[2024-11-06T18:15:25.254+0700] {logging_mixin.py:190} INFO - [2024-11-06T18:15:25.254+0700] {dagbag.py:588} INFO - Filling up the DagBag from /home/fawzan/airflow/.venv/lib/python3.10/site-packages/airflow/example_dags/example_outlet_event_extra.py
[2024-11-06T18:15:25.268+0700] {processor.py:925} INFO - DAG(s) 'dataset_with_extra_by_context', 'dataset_with_extra_from_classic_operator', 'dataset_with_extra_by_yield' retrieved from /home/fawzan/airflow/.venv/lib/python3.10/site-packages/airflow/example_dags/example_outlet_event_extra.py
[2024-11-06T18:15:25.280+0700] {logging_mixin.py:190} INFO - [2024-11-06T18:15:25.280+0700] {dag.py:3239} INFO - Sync 3 DAGs
[2024-11-06T18:15:25.292+0700] {logging_mixin.py:190} INFO - [2024-11-06T18:15:25.292+0700] {dag.py:4180} INFO - Setting next_dagrun for dataset_with_extra_by_context to 2024-11-05 00:00:00+00:00, run_after=2024-11-06 00:00:00+00:00
[2024-11-06T18:15:25.294+0700] {logging_mixin.py:190} INFO - [2024-11-06T18:15:25.294+0700] {dag.py:4180} INFO - Setting next_dagrun for dataset_with_extra_by_yield to 2024-11-05 00:00:00+00:00, run_after=2024-11-06 00:00:00+00:00
[2024-11-06T18:15:25.296+0700] {logging_mixin.py:190} INFO - [2024-11-06T18:15:25.296+0700] {dag.py:4180} INFO - Setting next_dagrun for dataset_with_extra_from_classic_operator to 2024-11-05 00:00:00+00:00, run_after=2024-11-06 00:00:00+00:00
[2024-11-06T18:15:25.308+0700] {processor.py:208} INFO - Processing /home/fawzan/airflow/.venv/lib/python3.10/site-packages/airflow/example_dags/example_outlet_event_extra.py took 0.066 seconds
[2024-11-06T18:16:42.393+0700] {processor.py:186} INFO - Started process (PID=3781) to work on /home/fawzan/airflow/.venv/lib/python3.10/site-packages/airflow/example_dags/example_outlet_event_extra.py
[2024-11-06T18:16:42.396+0700] {processor.py:914} INFO - Processing file /home/fawzan/airflow/.venv/lib/python3.10/site-packages/airflow/example_dags/example_outlet_event_extra.py for tasks to queue
[2024-11-06T18:16:42.398+0700] {logging_mixin.py:190} INFO - [2024-11-06T18:16:42.398+0700] {dagbag.py:588} INFO - Filling up the DagBag from /home/fawzan/airflow/.venv/lib/python3.10/site-packages/airflow/example_dags/example_outlet_event_extra.py
[2024-11-06T18:16:42.411+0700] {processor.py:925} INFO - DAG(s) 'dataset_with_extra_by_context', 'dataset_with_extra_by_yield', 'dataset_with_extra_from_classic_operator' retrieved from /home/fawzan/airflow/.venv/lib/python3.10/site-packages/airflow/example_dags/example_outlet_event_extra.py
[2024-11-06T18:16:42.422+0700] {logging_mixin.py:190} INFO - [2024-11-06T18:16:42.422+0700] {dag.py:3239} INFO - Sync 3 DAGs
[2024-11-06T18:16:42.434+0700] {logging_mixin.py:190} INFO - [2024-11-06T18:16:42.433+0700] {dag.py:4180} INFO - Setting next_dagrun for dataset_with_extra_by_context to 2024-11-05 00:00:00+00:00, run_after=2024-11-06 00:00:00+00:00
[2024-11-06T18:16:42.436+0700] {logging_mixin.py:190} INFO - [2024-11-06T18:16:42.436+0700] {dag.py:4180} INFO - Setting next_dagrun for dataset_with_extra_by_yield to 2024-11-05 00:00:00+00:00, run_after=2024-11-06 00:00:00+00:00
[2024-11-06T18:16:42.437+0700] {logging_mixin.py:190} INFO - [2024-11-06T18:16:42.437+0700] {dag.py:4180} INFO - Setting next_dagrun for dataset_with_extra_from_classic_operator to 2024-11-05 00:00:00+00:00, run_after=2024-11-06 00:00:00+00:00
[2024-11-06T18:16:42.450+0700] {processor.py:208} INFO - Processing /home/fawzan/airflow/.venv/lib/python3.10/site-packages/airflow/example_dags/example_outlet_event_extra.py took 0.063 seconds
[2024-11-06T18:17:37.997+0700] {processor.py:186} INFO - Started process (PID=3924) to work on /home/fawzan/airflow/.venv/lib/python3.10/site-packages/airflow/example_dags/example_outlet_event_extra.py
[2024-11-06T18:17:38.001+0700] {processor.py:914} INFO - Processing file /home/fawzan/airflow/.venv/lib/python3.10/site-packages/airflow/example_dags/example_outlet_event_extra.py for tasks to queue
[2024-11-06T18:17:38.003+0700] {logging_mixin.py:190} INFO - [2024-11-06T18:17:38.002+0700] {dagbag.py:588} INFO - Filling up the DagBag from /home/fawzan/airflow/.venv/lib/python3.10/site-packages/airflow/example_dags/example_outlet_event_extra.py
[2024-11-06T18:17:38.014+0700] {processor.py:925} INFO - DAG(s) 'dataset_with_extra_from_classic_operator', 'dataset_with_extra_by_context', 'dataset_with_extra_by_yield' retrieved from /home/fawzan/airflow/.venv/lib/python3.10/site-packages/airflow/example_dags/example_outlet_event_extra.py
[2024-11-06T18:17:38.025+0700] {logging_mixin.py:190} INFO - [2024-11-06T18:17:38.025+0700] {dag.py:3239} INFO - Sync 3 DAGs
[2024-11-06T18:17:38.038+0700] {logging_mixin.py:190} INFO - [2024-11-06T18:17:38.037+0700] {dag.py:4180} INFO - Setting next_dagrun for dataset_with_extra_by_context to 2024-11-05 00:00:00+00:00, run_after=2024-11-06 00:00:00+00:00
[2024-11-06T18:17:38.040+0700] {logging_mixin.py:190} INFO - [2024-11-06T18:17:38.040+0700] {dag.py:4180} INFO - Setting next_dagrun for dataset_with_extra_by_yield to 2024-11-05 00:00:00+00:00, run_after=2024-11-06 00:00:00+00:00
[2024-11-06T18:17:38.041+0700] {logging_mixin.py:190} INFO - [2024-11-06T18:17:38.041+0700] {dag.py:4180} INFO - Setting next_dagrun for dataset_with_extra_from_classic_operator to 2024-11-05 00:00:00+00:00, run_after=2024-11-06 00:00:00+00:00
[2024-11-06T18:17:38.055+0700] {processor.py:208} INFO - Processing /home/fawzan/airflow/.venv/lib/python3.10/site-packages/airflow/example_dags/example_outlet_event_extra.py took 0.063 seconds
[2024-11-06T18:18:30.926+0700] {processor.py:186} INFO - Started process (PID=4032) to work on /home/fawzan/airflow/.venv/lib/python3.10/site-packages/airflow/example_dags/example_outlet_event_extra.py
[2024-11-06T18:18:30.929+0700] {processor.py:914} INFO - Processing file /home/fawzan/airflow/.venv/lib/python3.10/site-packages/airflow/example_dags/example_outlet_event_extra.py for tasks to queue
[2024-11-06T18:18:30.931+0700] {logging_mixin.py:190} INFO - [2024-11-06T18:18:30.931+0700] {dagbag.py:588} INFO - Filling up the DagBag from /home/fawzan/airflow/.venv/lib/python3.10/site-packages/airflow/example_dags/example_outlet_event_extra.py
[2024-11-06T18:18:30.943+0700] {processor.py:925} INFO - DAG(s) 'dataset_with_extra_from_classic_operator', 'dataset_with_extra_by_yield', 'dataset_with_extra_by_context' retrieved from /home/fawzan/airflow/.venv/lib/python3.10/site-packages/airflow/example_dags/example_outlet_event_extra.py
[2024-11-06T18:18:30.955+0700] {logging_mixin.py:190} INFO - [2024-11-06T18:18:30.955+0700] {dag.py:3239} INFO - Sync 3 DAGs
[2024-11-06T18:18:30.968+0700] {logging_mixin.py:190} INFO - [2024-11-06T18:18:30.968+0700] {dag.py:4180} INFO - Setting next_dagrun for dataset_with_extra_by_context to 2024-11-05 00:00:00+00:00, run_after=2024-11-06 00:00:00+00:00
[2024-11-06T18:18:30.971+0700] {logging_mixin.py:190} INFO - [2024-11-06T18:18:30.971+0700] {dag.py:4180} INFO - Setting next_dagrun for dataset_with_extra_by_yield to 2024-11-05 00:00:00+00:00, run_after=2024-11-06 00:00:00+00:00
[2024-11-06T18:18:30.972+0700] {logging_mixin.py:190} INFO - [2024-11-06T18:18:30.972+0700] {dag.py:4180} INFO - Setting next_dagrun for dataset_with_extra_from_classic_operator to 2024-11-05 00:00:00+00:00, run_after=2024-11-06 00:00:00+00:00
[2024-11-06T18:18:30.986+0700] {processor.py:208} INFO - Processing /home/fawzan/airflow/.venv/lib/python3.10/site-packages/airflow/example_dags/example_outlet_event_extra.py took 0.064 seconds
[2024-11-06T18:19:22.877+0700] {processor.py:186} INFO - Started process (PID=4135) to work on /home/fawzan/airflow/.venv/lib/python3.10/site-packages/airflow/example_dags/example_outlet_event_extra.py
[2024-11-06T18:19:22.880+0700] {processor.py:914} INFO - Processing file /home/fawzan/airflow/.venv/lib/python3.10/site-packages/airflow/example_dags/example_outlet_event_extra.py for tasks to queue
[2024-11-06T18:19:22.882+0700] {logging_mixin.py:190} INFO - [2024-11-06T18:19:22.882+0700] {dagbag.py:588} INFO - Filling up the DagBag from /home/fawzan/airflow/.venv/lib/python3.10/site-packages/airflow/example_dags/example_outlet_event_extra.py
[2024-11-06T18:19:22.894+0700] {processor.py:925} INFO - DAG(s) 'dataset_with_extra_by_yield', 'dataset_with_extra_by_context', 'dataset_with_extra_from_classic_operator' retrieved from /home/fawzan/airflow/.venv/lib/python3.10/site-packages/airflow/example_dags/example_outlet_event_extra.py
[2024-11-06T18:19:22.906+0700] {logging_mixin.py:190} INFO - [2024-11-06T18:19:22.906+0700] {dag.py:3239} INFO - Sync 3 DAGs
[2024-11-06T18:19:22.917+0700] {logging_mixin.py:190} INFO - [2024-11-06T18:19:22.917+0700] {dag.py:4180} INFO - Setting next_dagrun for dataset_with_extra_by_context to 2024-11-05 00:00:00+00:00, run_after=2024-11-06 00:00:00+00:00
[2024-11-06T18:19:22.920+0700] {logging_mixin.py:190} INFO - [2024-11-06T18:19:22.920+0700] {dag.py:4180} INFO - Setting next_dagrun for dataset_with_extra_by_yield to 2024-11-05 00:00:00+00:00, run_after=2024-11-06 00:00:00+00:00
[2024-11-06T18:19:22.921+0700] {logging_mixin.py:190} INFO - [2024-11-06T18:19:22.921+0700] {dag.py:4180} INFO - Setting next_dagrun for dataset_with_extra_from_classic_operator to 2024-11-05 00:00:00+00:00, run_after=2024-11-06 00:00:00+00:00
[2024-11-06T18:19:22.935+0700] {processor.py:208} INFO - Processing /home/fawzan/airflow/.venv/lib/python3.10/site-packages/airflow/example_dags/example_outlet_event_extra.py took 0.063 seconds
[2024-11-06T18:20:17.051+0700] {processor.py:186} INFO - Started process (PID=4232) to work on /home/fawzan/airflow/.venv/lib/python3.10/site-packages/airflow/example_dags/example_outlet_event_extra.py
[2024-11-06T18:20:17.055+0700] {processor.py:914} INFO - Processing file /home/fawzan/airflow/.venv/lib/python3.10/site-packages/airflow/example_dags/example_outlet_event_extra.py for tasks to queue
[2024-11-06T18:20:17.058+0700] {logging_mixin.py:190} INFO - [2024-11-06T18:20:17.057+0700] {dagbag.py:588} INFO - Filling up the DagBag from /home/fawzan/airflow/.venv/lib/python3.10/site-packages/airflow/example_dags/example_outlet_event_extra.py
[2024-11-06T18:20:17.071+0700] {processor.py:925} INFO - DAG(s) 'dataset_with_extra_by_yield', 'dataset_with_extra_from_classic_operator', 'dataset_with_extra_by_context' retrieved from /home/fawzan/airflow/.venv/lib/python3.10/site-packages/airflow/example_dags/example_outlet_event_extra.py
[2024-11-06T18:20:17.082+0700] {logging_mixin.py:190} INFO - [2024-11-06T18:20:17.082+0700] {dag.py:3239} INFO - Sync 3 DAGs
[2024-11-06T18:20:17.094+0700] {logging_mixin.py:190} INFO - [2024-11-06T18:20:17.094+0700] {dag.py:4180} INFO - Setting next_dagrun for dataset_with_extra_by_context to 2024-11-05 00:00:00+00:00, run_after=2024-11-06 00:00:00+00:00
[2024-11-06T18:20:17.096+0700] {logging_mixin.py:190} INFO - [2024-11-06T18:20:17.096+0700] {dag.py:4180} INFO - Setting next_dagrun for dataset_with_extra_by_yield to 2024-11-05 00:00:00+00:00, run_after=2024-11-06 00:00:00+00:00
[2024-11-06T18:20:17.097+0700] {logging_mixin.py:190} INFO - [2024-11-06T18:20:17.097+0700] {dag.py:4180} INFO - Setting next_dagrun for dataset_with_extra_from_classic_operator to 2024-11-05 00:00:00+00:00, run_after=2024-11-06 00:00:00+00:00
[2024-11-06T18:20:17.110+0700] {processor.py:208} INFO - Processing /home/fawzan/airflow/.venv/lib/python3.10/site-packages/airflow/example_dags/example_outlet_event_extra.py took 0.065 seconds
[2024-11-06T18:21:25.189+0700] {processor.py:186} INFO - Started process (PID=4451) to work on /home/fawzan/airflow/.venv/lib/python3.10/site-packages/airflow/example_dags/example_outlet_event_extra.py
[2024-11-06T18:21:25.192+0700] {processor.py:914} INFO - Processing file /home/fawzan/airflow/.venv/lib/python3.10/site-packages/airflow/example_dags/example_outlet_event_extra.py for tasks to queue
[2024-11-06T18:21:25.194+0700] {logging_mixin.py:190} INFO - [2024-11-06T18:21:25.193+0700] {dagbag.py:588} INFO - Filling up the DagBag from /home/fawzan/airflow/.venv/lib/python3.10/site-packages/airflow/example_dags/example_outlet_event_extra.py
[2024-11-06T18:21:25.206+0700] {processor.py:925} INFO - DAG(s) 'dataset_with_extra_by_context', 'dataset_with_extra_by_yield', 'dataset_with_extra_from_classic_operator' retrieved from /home/fawzan/airflow/.venv/lib/python3.10/site-packages/airflow/example_dags/example_outlet_event_extra.py
[2024-11-06T18:21:25.218+0700] {logging_mixin.py:190} INFO - [2024-11-06T18:21:25.218+0700] {dag.py:3239} INFO - Sync 3 DAGs
[2024-11-06T18:21:25.229+0700] {logging_mixin.py:190} INFO - [2024-11-06T18:21:25.229+0700] {dag.py:4180} INFO - Setting next_dagrun for dataset_with_extra_by_context to 2024-11-05 00:00:00+00:00, run_after=2024-11-06 00:00:00+00:00
[2024-11-06T18:21:25.231+0700] {logging_mixin.py:190} INFO - [2024-11-06T18:21:25.231+0700] {dag.py:4180} INFO - Setting next_dagrun for dataset_with_extra_by_yield to 2024-11-05 00:00:00+00:00, run_after=2024-11-06 00:00:00+00:00
[2024-11-06T18:21:25.233+0700] {logging_mixin.py:190} INFO - [2024-11-06T18:21:25.233+0700] {dag.py:4180} INFO - Setting next_dagrun for dataset_with_extra_from_classic_operator to 2024-11-05 00:00:00+00:00, run_after=2024-11-06 00:00:00+00:00
[2024-11-06T18:21:25.246+0700] {processor.py:208} INFO - Processing /home/fawzan/airflow/.venv/lib/python3.10/site-packages/airflow/example_dags/example_outlet_event_extra.py took 0.062 seconds
[2024-11-06T18:22:21.158+0700] {processor.py:186} INFO - Started process (PID=4573) to work on /home/fawzan/airflow/.venv/lib/python3.10/site-packages/airflow/example_dags/example_outlet_event_extra.py
[2024-11-06T18:22:21.159+0700] {processor.py:914} INFO - Processing file /home/fawzan/airflow/.venv/lib/python3.10/site-packages/airflow/example_dags/example_outlet_event_extra.py for tasks to queue
[2024-11-06T18:22:21.161+0700] {logging_mixin.py:190} INFO - [2024-11-06T18:22:21.160+0700] {dagbag.py:588} INFO - Filling up the DagBag from /home/fawzan/airflow/.venv/lib/python3.10/site-packages/airflow/example_dags/example_outlet_event_extra.py
[2024-11-06T18:22:21.173+0700] {processor.py:925} INFO - DAG(s) 'dataset_with_extra_by_yield', 'dataset_with_extra_from_classic_operator', 'dataset_with_extra_by_context' retrieved from /home/fawzan/airflow/.venv/lib/python3.10/site-packages/airflow/example_dags/example_outlet_event_extra.py
[2024-11-06T18:22:21.185+0700] {logging_mixin.py:190} INFO - [2024-11-06T18:22:21.185+0700] {dag.py:3239} INFO - Sync 3 DAGs
[2024-11-06T18:22:21.196+0700] {logging_mixin.py:190} INFO - [2024-11-06T18:22:21.196+0700] {dag.py:4180} INFO - Setting next_dagrun for dataset_with_extra_by_context to 2024-11-05 00:00:00+00:00, run_after=2024-11-06 00:00:00+00:00
[2024-11-06T18:22:21.199+0700] {logging_mixin.py:190} INFO - [2024-11-06T18:22:21.198+0700] {dag.py:4180} INFO - Setting next_dagrun for dataset_with_extra_by_yield to 2024-11-05 00:00:00+00:00, run_after=2024-11-06 00:00:00+00:00
[2024-11-06T18:22:21.200+0700] {logging_mixin.py:190} INFO - [2024-11-06T18:22:21.200+0700] {dag.py:4180} INFO - Setting next_dagrun for dataset_with_extra_from_classic_operator to 2024-11-05 00:00:00+00:00, run_after=2024-11-06 00:00:00+00:00
[2024-11-06T18:22:21.212+0700] {processor.py:208} INFO - Processing /home/fawzan/airflow/.venv/lib/python3.10/site-packages/airflow/example_dags/example_outlet_event_extra.py took 0.058 seconds
[2024-11-06T18:23:14.650+0700] {processor.py:186} INFO - Started process (PID=4666) to work on /home/fawzan/airflow/.venv/lib/python3.10/site-packages/airflow/example_dags/example_outlet_event_extra.py
[2024-11-06T18:23:14.653+0700] {processor.py:914} INFO - Processing file /home/fawzan/airflow/.venv/lib/python3.10/site-packages/airflow/example_dags/example_outlet_event_extra.py for tasks to queue
[2024-11-06T18:23:14.655+0700] {logging_mixin.py:190} INFO - [2024-11-06T18:23:14.654+0700] {dagbag.py:588} INFO - Filling up the DagBag from /home/fawzan/airflow/.venv/lib/python3.10/site-packages/airflow/example_dags/example_outlet_event_extra.py
[2024-11-06T18:23:14.668+0700] {processor.py:925} INFO - DAG(s) 'dataset_with_extra_from_classic_operator', 'dataset_with_extra_by_yield', 'dataset_with_extra_by_context' retrieved from /home/fawzan/airflow/.venv/lib/python3.10/site-packages/airflow/example_dags/example_outlet_event_extra.py
[2024-11-06T18:23:14.680+0700] {logging_mixin.py:190} INFO - [2024-11-06T18:23:14.680+0700] {dag.py:3239} INFO - Sync 3 DAGs
[2024-11-06T18:23:14.691+0700] {logging_mixin.py:190} INFO - [2024-11-06T18:23:14.691+0700] {dag.py:4180} INFO - Setting next_dagrun for dataset_with_extra_by_context to 2024-11-05 00:00:00+00:00, run_after=2024-11-06 00:00:00+00:00
[2024-11-06T18:23:14.693+0700] {logging_mixin.py:190} INFO - [2024-11-06T18:23:14.693+0700] {dag.py:4180} INFO - Setting next_dagrun for dataset_with_extra_by_yield to 2024-11-05 00:00:00+00:00, run_after=2024-11-06 00:00:00+00:00
[2024-11-06T18:23:14.695+0700] {logging_mixin.py:190} INFO - [2024-11-06T18:23:14.694+0700] {dag.py:4180} INFO - Setting next_dagrun for dataset_with_extra_from_classic_operator to 2024-11-05 00:00:00+00:00, run_after=2024-11-06 00:00:00+00:00
[2024-11-06T18:23:14.708+0700] {processor.py:208} INFO - Processing /home/fawzan/airflow/.venv/lib/python3.10/site-packages/airflow/example_dags/example_outlet_event_extra.py took 0.063 seconds
[2024-11-06T18:24:10.971+0700] {processor.py:186} INFO - Started process (PID=4779) to work on /home/fawzan/airflow/.venv/lib/python3.10/site-packages/airflow/example_dags/example_outlet_event_extra.py
[2024-11-06T18:24:10.975+0700] {processor.py:914} INFO - Processing file /home/fawzan/airflow/.venv/lib/python3.10/site-packages/airflow/example_dags/example_outlet_event_extra.py for tasks to queue
[2024-11-06T18:24:10.976+0700] {logging_mixin.py:190} INFO - [2024-11-06T18:24:10.976+0700] {dagbag.py:588} INFO - Filling up the DagBag from /home/fawzan/airflow/.venv/lib/python3.10/site-packages/airflow/example_dags/example_outlet_event_extra.py
[2024-11-06T18:24:10.987+0700] {processor.py:925} INFO - DAG(s) 'dataset_with_extra_by_yield', 'dataset_with_extra_from_classic_operator', 'dataset_with_extra_by_context' retrieved from /home/fawzan/airflow/.venv/lib/python3.10/site-packages/airflow/example_dags/example_outlet_event_extra.py
[2024-11-06T18:24:10.998+0700] {logging_mixin.py:190} INFO - [2024-11-06T18:24:10.997+0700] {dag.py:3239} INFO - Sync 3 DAGs
[2024-11-06T18:24:11.009+0700] {logging_mixin.py:190} INFO - [2024-11-06T18:24:11.009+0700] {dag.py:4180} INFO - Setting next_dagrun for dataset_with_extra_by_context to 2024-11-05 00:00:00+00:00, run_after=2024-11-06 00:00:00+00:00
[2024-11-06T18:24:11.012+0700] {logging_mixin.py:190} INFO - [2024-11-06T18:24:11.012+0700] {dag.py:4180} INFO - Setting next_dagrun for dataset_with_extra_by_yield to 2024-11-05 00:00:00+00:00, run_after=2024-11-06 00:00:00+00:00
[2024-11-06T18:24:11.013+0700] {logging_mixin.py:190} INFO - [2024-11-06T18:24:11.013+0700] {dag.py:4180} INFO - Setting next_dagrun for dataset_with_extra_from_classic_operator to 2024-11-05 00:00:00+00:00, run_after=2024-11-06 00:00:00+00:00
[2024-11-06T18:24:11.025+0700] {processor.py:208} INFO - Processing /home/fawzan/airflow/.venv/lib/python3.10/site-packages/airflow/example_dags/example_outlet_event_extra.py took 0.060 seconds
[2024-11-06T18:32:51.176+0700] {processor.py:186} INFO - Started process (PID=5201) to work on /home/fawzan/airflow/.venv/lib/python3.10/site-packages/airflow/example_dags/example_outlet_event_extra.py
[2024-11-06T18:32:51.177+0700] {processor.py:914} INFO - Processing file /home/fawzan/airflow/.venv/lib/python3.10/site-packages/airflow/example_dags/example_outlet_event_extra.py for tasks to queue
[2024-11-06T18:32:51.179+0700] {logging_mixin.py:190} INFO - [2024-11-06T18:32:51.179+0700] {dagbag.py:588} INFO - Filling up the DagBag from /home/fawzan/airflow/.venv/lib/python3.10/site-packages/airflow/example_dags/example_outlet_event_extra.py
[2024-11-06T18:32:51.187+0700] {processor.py:925} INFO - DAG(s) 'dataset_with_extra_by_yield', 'dataset_with_extra_from_classic_operator', 'dataset_with_extra_by_context' retrieved from /home/fawzan/airflow/.venv/lib/python3.10/site-packages/airflow/example_dags/example_outlet_event_extra.py
[2024-11-06T18:32:51.197+0700] {logging_mixin.py:190} INFO - [2024-11-06T18:32:51.197+0700] {dag.py:3239} INFO - Sync 3 DAGs
[2024-11-06T18:32:51.209+0700] {logging_mixin.py:190} INFO - [2024-11-06T18:32:51.209+0700] {dag.py:4180} INFO - Setting next_dagrun for dataset_with_extra_by_context to 2024-11-05 00:00:00+00:00, run_after=2024-11-06 00:00:00+00:00
[2024-11-06T18:32:51.211+0700] {logging_mixin.py:190} INFO - [2024-11-06T18:32:51.211+0700] {dag.py:4180} INFO - Setting next_dagrun for dataset_with_extra_by_yield to 2024-11-05 00:00:00+00:00, run_after=2024-11-06 00:00:00+00:00
[2024-11-06T18:32:51.212+0700] {logging_mixin.py:190} INFO - [2024-11-06T18:32:51.212+0700] {dag.py:4180} INFO - Setting next_dagrun for dataset_with_extra_from_classic_operator to 2024-11-05 00:00:00+00:00, run_after=2024-11-06 00:00:00+00:00
[2024-11-06T18:32:51.225+0700] {processor.py:208} INFO - Processing /home/fawzan/airflow/.venv/lib/python3.10/site-packages/airflow/example_dags/example_outlet_event_extra.py took 0.056 seconds
