[2024-11-06T17:08:05.605+0700] {processor.py:186} INFO - Started process (PID=3850) to work on /home/fawzan/airflow/.venv/lib/python3.10/site-packages/airflow/example_dags/example_setup_teardown.py
[2024-11-06T17:08:05.605+0700] {processor.py:914} INFO - Processing file /home/fawzan/airflow/.venv/lib/python3.10/site-packages/airflow/example_dags/example_setup_teardown.py for tasks to queue
[2024-11-06T17:08:05.607+0700] {logging_mixin.py:190} INFO - [2024-11-06T17:08:05.606+0700] {dagbag.py:588} INFO - Filling up the DagBag from /home/fawzan/airflow/.venv/lib/python3.10/site-packages/airflow/example_dags/example_setup_teardown.py
[2024-11-06T17:08:05.611+0700] {processor.py:925} INFO - DAG(s) 'example_setup_teardown' retrieved from /home/fawzan/airflow/.venv/lib/python3.10/site-packages/airflow/example_dags/example_setup_teardown.py
[2024-11-06T17:08:05.667+0700] {logging_mixin.py:190} INFO - [2024-11-06T17:08:05.667+0700] {override.py:1900} INFO - Created Permission View: can edit on DAG:example_setup_teardown
[2024-11-06T17:08:05.674+0700] {logging_mixin.py:190} INFO - [2024-11-06T17:08:05.673+0700] {override.py:1900} INFO - Created Permission View: can delete on DAG:example_setup_teardown
[2024-11-06T17:08:05.679+0700] {logging_mixin.py:190} INFO - [2024-11-06T17:08:05.679+0700] {override.py:1900} INFO - Created Permission View: can read on DAG:example_setup_teardown
[2024-11-06T17:08:05.686+0700] {logging_mixin.py:190} INFO - [2024-11-06T17:08:05.686+0700] {override.py:1900} INFO - Created Permission View: can delete on DAG Run:example_setup_teardown
[2024-11-06T17:08:05.691+0700] {logging_mixin.py:190} INFO - [2024-11-06T17:08:05.691+0700] {override.py:1900} INFO - Created Permission View: can create on DAG Run:example_setup_teardown
[2024-11-06T17:08:05.696+0700] {logging_mixin.py:190} INFO - [2024-11-06T17:08:05.696+0700] {override.py:1900} INFO - Created Permission View: menu access on DAG Run:example_setup_teardown
[2024-11-06T17:08:05.702+0700] {logging_mixin.py:190} INFO - [2024-11-06T17:08:05.701+0700] {override.py:1900} INFO - Created Permission View: can read on DAG Run:example_setup_teardown
[2024-11-06T17:08:05.702+0700] {logging_mixin.py:190} INFO - [2024-11-06T17:08:05.702+0700] {dag.py:3239} INFO - Sync 1 DAGs
[2024-11-06T17:08:05.708+0700] {logging_mixin.py:190} INFO - [2024-11-06T17:08:05.708+0700] {dag.py:3262} INFO - Creating ORM DAG for example_setup_teardown
[2024-11-06T17:08:05.708+0700] {logging_mixin.py:190} INFO - [2024-11-06T17:08:05.708+0700] {dag.py:4180} INFO - Setting next_dagrun for example_setup_teardown to None, run_after=None
[2024-11-06T17:08:05.720+0700] {processor.py:208} INFO - Processing /home/fawzan/airflow/.venv/lib/python3.10/site-packages/airflow/example_dags/example_setup_teardown.py took 0.120 seconds
[2024-11-06T17:13:35.096+0700] {processor.py:186} INFO - Started process (PID=4007) to work on /home/fawzan/airflow/.venv/lib/python3.10/site-packages/airflow/example_dags/example_setup_teardown.py
[2024-11-06T17:13:35.099+0700] {processor.py:914} INFO - Processing file /home/fawzan/airflow/.venv/lib/python3.10/site-packages/airflow/example_dags/example_setup_teardown.py for tasks to queue
[2024-11-06T17:13:35.101+0700] {logging_mixin.py:190} INFO - [2024-11-06T17:13:35.100+0700] {dagbag.py:588} INFO - Filling up the DagBag from /home/fawzan/airflow/.venv/lib/python3.10/site-packages/airflow/example_dags/example_setup_teardown.py
[2024-11-06T17:13:35.106+0700] {processor.py:925} INFO - DAG(s) 'example_setup_teardown' retrieved from /home/fawzan/airflow/.venv/lib/python3.10/site-packages/airflow/example_dags/example_setup_teardown.py
[2024-11-06T17:13:35.117+0700] {logging_mixin.py:190} INFO - [2024-11-06T17:13:35.116+0700] {dag.py:3239} INFO - Sync 1 DAGs
[2024-11-06T17:13:35.124+0700] {logging_mixin.py:190} INFO - [2024-11-06T17:13:35.124+0700] {dag.py:4180} INFO - Setting next_dagrun for example_setup_teardown to None, run_after=None
[2024-11-06T17:13:35.136+0700] {processor.py:208} INFO - Processing /home/fawzan/airflow/.venv/lib/python3.10/site-packages/airflow/example_dags/example_setup_teardown.py took 0.046 seconds
[2024-11-06T17:14:31.957+0700] {processor.py:186} INFO - Started process (PID=4079) to work on /home/fawzan/airflow/.venv/lib/python3.10/site-packages/airflow/example_dags/example_setup_teardown.py
[2024-11-06T17:14:31.961+0700] {processor.py:914} INFO - Processing file /home/fawzan/airflow/.venv/lib/python3.10/site-packages/airflow/example_dags/example_setup_teardown.py for tasks to queue
[2024-11-06T17:14:31.963+0700] {logging_mixin.py:190} INFO - [2024-11-06T17:14:31.963+0700] {dagbag.py:588} INFO - Filling up the DagBag from /home/fawzan/airflow/.venv/lib/python3.10/site-packages/airflow/example_dags/example_setup_teardown.py
[2024-11-06T17:14:31.971+0700] {processor.py:925} INFO - DAG(s) 'example_setup_teardown' retrieved from /home/fawzan/airflow/.venv/lib/python3.10/site-packages/airflow/example_dags/example_setup_teardown.py
[2024-11-06T17:14:31.981+0700] {logging_mixin.py:190} INFO - [2024-11-06T17:14:31.980+0700] {dag.py:3239} INFO - Sync 1 DAGs
[2024-11-06T17:14:31.987+0700] {logging_mixin.py:190} INFO - [2024-11-06T17:14:31.987+0700] {dag.py:4180} INFO - Setting next_dagrun for example_setup_teardown to None, run_after=None
[2024-11-06T17:14:31.999+0700] {processor.py:208} INFO - Processing /home/fawzan/airflow/.venv/lib/python3.10/site-packages/airflow/example_dags/example_setup_teardown.py took 0.048 seconds
[2024-11-06T17:15:27.514+0700] {processor.py:186} INFO - Started process (PID=4154) to work on /home/fawzan/airflow/.venv/lib/python3.10/site-packages/airflow/example_dags/example_setup_teardown.py
[2024-11-06T17:15:27.517+0700] {processor.py:914} INFO - Processing file /home/fawzan/airflow/.venv/lib/python3.10/site-packages/airflow/example_dags/example_setup_teardown.py for tasks to queue
[2024-11-06T17:15:27.520+0700] {logging_mixin.py:190} INFO - [2024-11-06T17:15:27.519+0700] {dagbag.py:588} INFO - Filling up the DagBag from /home/fawzan/airflow/.venv/lib/python3.10/site-packages/airflow/example_dags/example_setup_teardown.py
[2024-11-06T17:15:27.528+0700] {processor.py:925} INFO - DAG(s) 'example_setup_teardown' retrieved from /home/fawzan/airflow/.venv/lib/python3.10/site-packages/airflow/example_dags/example_setup_teardown.py
[2024-11-06T17:15:27.538+0700] {logging_mixin.py:190} INFO - [2024-11-06T17:15:27.538+0700] {dag.py:3239} INFO - Sync 1 DAGs
[2024-11-06T17:15:27.544+0700] {logging_mixin.py:190} INFO - [2024-11-06T17:15:27.544+0700] {dag.py:4180} INFO - Setting next_dagrun for example_setup_teardown to None, run_after=None
[2024-11-06T17:15:27.557+0700] {processor.py:208} INFO - Processing /home/fawzan/airflow/.venv/lib/python3.10/site-packages/airflow/example_dags/example_setup_teardown.py took 0.048 seconds
[2024-11-06T17:16:22.265+0700] {processor.py:186} INFO - Started process (PID=4219) to work on /home/fawzan/airflow/.venv/lib/python3.10/site-packages/airflow/example_dags/example_setup_teardown.py
[2024-11-06T17:16:22.268+0700] {processor.py:914} INFO - Processing file /home/fawzan/airflow/.venv/lib/python3.10/site-packages/airflow/example_dags/example_setup_teardown.py for tasks to queue
[2024-11-06T17:16:22.270+0700] {logging_mixin.py:190} INFO - [2024-11-06T17:16:22.270+0700] {dagbag.py:588} INFO - Filling up the DagBag from /home/fawzan/airflow/.venv/lib/python3.10/site-packages/airflow/example_dags/example_setup_teardown.py
[2024-11-06T17:16:22.277+0700] {processor.py:925} INFO - DAG(s) 'example_setup_teardown' retrieved from /home/fawzan/airflow/.venv/lib/python3.10/site-packages/airflow/example_dags/example_setup_teardown.py
[2024-11-06T17:16:22.286+0700] {logging_mixin.py:190} INFO - [2024-11-06T17:16:22.286+0700] {dag.py:3239} INFO - Sync 1 DAGs
[2024-11-06T17:16:22.292+0700] {logging_mixin.py:190} INFO - [2024-11-06T17:16:22.292+0700] {dag.py:4180} INFO - Setting next_dagrun for example_setup_teardown to None, run_after=None
[2024-11-06T17:16:22.304+0700] {processor.py:208} INFO - Processing /home/fawzan/airflow/.venv/lib/python3.10/site-packages/airflow/example_dags/example_setup_teardown.py took 0.045 seconds
[2024-11-06T18:13:23.335+0700] {processor.py:186} INFO - Started process (PID=2745) to work on /home/fawzan/airflow/.venv/lib/python3.10/site-packages/airflow/example_dags/example_setup_teardown.py
[2024-11-06T18:13:23.338+0700] {processor.py:914} INFO - Processing file /home/fawzan/airflow/.venv/lib/python3.10/site-packages/airflow/example_dags/example_setup_teardown.py for tasks to queue
[2024-11-06T18:13:23.340+0700] {logging_mixin.py:190} INFO - [2024-11-06T18:13:23.340+0700] {dagbag.py:588} INFO - Filling up the DagBag from /home/fawzan/airflow/.venv/lib/python3.10/site-packages/airflow/example_dags/example_setup_teardown.py
[2024-11-06T18:13:23.348+0700] {processor.py:925} INFO - DAG(s) 'example_setup_teardown' retrieved from /home/fawzan/airflow/.venv/lib/python3.10/site-packages/airflow/example_dags/example_setup_teardown.py
[2024-11-06T18:13:23.358+0700] {logging_mixin.py:190} INFO - [2024-11-06T18:13:23.358+0700] {dag.py:3239} INFO - Sync 1 DAGs
[2024-11-06T18:13:23.366+0700] {logging_mixin.py:190} INFO - [2024-11-06T18:13:23.366+0700] {dag.py:4180} INFO - Setting next_dagrun for example_setup_teardown to None, run_after=None
[2024-11-06T18:13:23.378+0700] {processor.py:208} INFO - Processing /home/fawzan/airflow/.venv/lib/python3.10/site-packages/airflow/example_dags/example_setup_teardown.py took 0.050 seconds
[2024-11-06T18:14:19.604+0700] {processor.py:186} INFO - Started process (PID=3340) to work on /home/fawzan/airflow/.venv/lib/python3.10/site-packages/airflow/example_dags/example_setup_teardown.py
[2024-11-06T18:14:19.607+0700] {processor.py:914} INFO - Processing file /home/fawzan/airflow/.venv/lib/python3.10/site-packages/airflow/example_dags/example_setup_teardown.py for tasks to queue
[2024-11-06T18:14:19.609+0700] {logging_mixin.py:190} INFO - [2024-11-06T18:14:19.609+0700] {dagbag.py:588} INFO - Filling up the DagBag from /home/fawzan/airflow/.venv/lib/python3.10/site-packages/airflow/example_dags/example_setup_teardown.py
[2024-11-06T18:14:19.617+0700] {processor.py:925} INFO - DAG(s) 'example_setup_teardown' retrieved from /home/fawzan/airflow/.venv/lib/python3.10/site-packages/airflow/example_dags/example_setup_teardown.py
[2024-11-06T18:14:19.627+0700] {logging_mixin.py:190} INFO - [2024-11-06T18:14:19.627+0700] {dag.py:3239} INFO - Sync 1 DAGs
[2024-11-06T18:14:19.633+0700] {logging_mixin.py:190} INFO - [2024-11-06T18:14:19.633+0700] {dag.py:4180} INFO - Setting next_dagrun for example_setup_teardown to None, run_after=None
[2024-11-06T18:14:19.645+0700] {processor.py:208} INFO - Processing /home/fawzan/airflow/.venv/lib/python3.10/site-packages/airflow/example_dags/example_setup_teardown.py took 0.046 seconds
[2024-11-06T18:15:14.931+0700] {processor.py:186} INFO - Started process (PID=3496) to work on /home/fawzan/airflow/.venv/lib/python3.10/site-packages/airflow/example_dags/example_setup_teardown.py
[2024-11-06T18:15:14.934+0700] {processor.py:914} INFO - Processing file /home/fawzan/airflow/.venv/lib/python3.10/site-packages/airflow/example_dags/example_setup_teardown.py for tasks to queue
[2024-11-06T18:15:14.936+0700] {logging_mixin.py:190} INFO - [2024-11-06T18:15:14.936+0700] {dagbag.py:588} INFO - Filling up the DagBag from /home/fawzan/airflow/.venv/lib/python3.10/site-packages/airflow/example_dags/example_setup_teardown.py
[2024-11-06T18:15:14.945+0700] {processor.py:925} INFO - DAG(s) 'example_setup_teardown' retrieved from /home/fawzan/airflow/.venv/lib/python3.10/site-packages/airflow/example_dags/example_setup_teardown.py
[2024-11-06T18:15:14.955+0700] {logging_mixin.py:190} INFO - [2024-11-06T18:15:14.955+0700] {dag.py:3239} INFO - Sync 1 DAGs
[2024-11-06T18:15:14.962+0700] {logging_mixin.py:190} INFO - [2024-11-06T18:15:14.962+0700] {dag.py:4180} INFO - Setting next_dagrun for example_setup_teardown to None, run_after=None
[2024-11-06T18:15:14.974+0700] {processor.py:208} INFO - Processing /home/fawzan/airflow/.venv/lib/python3.10/site-packages/airflow/example_dags/example_setup_teardown.py took 0.048 seconds
[2024-11-06T18:16:31.023+0700] {processor.py:186} INFO - Started process (PID=3757) to work on /home/fawzan/airflow/.venv/lib/python3.10/site-packages/airflow/example_dags/example_setup_teardown.py
[2024-11-06T18:16:31.026+0700] {processor.py:914} INFO - Processing file /home/fawzan/airflow/.venv/lib/python3.10/site-packages/airflow/example_dags/example_setup_teardown.py for tasks to queue
[2024-11-06T18:16:31.028+0700] {logging_mixin.py:190} INFO - [2024-11-06T18:16:31.028+0700] {dagbag.py:588} INFO - Filling up the DagBag from /home/fawzan/airflow/.venv/lib/python3.10/site-packages/airflow/example_dags/example_setup_teardown.py
[2024-11-06T18:16:31.036+0700] {processor.py:925} INFO - DAG(s) 'example_setup_teardown' retrieved from /home/fawzan/airflow/.venv/lib/python3.10/site-packages/airflow/example_dags/example_setup_teardown.py
[2024-11-06T18:16:31.045+0700] {logging_mixin.py:190} INFO - [2024-11-06T18:16:31.045+0700] {dag.py:3239} INFO - Sync 1 DAGs
[2024-11-06T18:16:31.051+0700] {logging_mixin.py:190} INFO - [2024-11-06T18:16:31.051+0700] {dag.py:4180} INFO - Setting next_dagrun for example_setup_teardown to None, run_after=None
[2024-11-06T18:16:31.063+0700] {processor.py:208} INFO - Processing /home/fawzan/airflow/.venv/lib/python3.10/site-packages/airflow/example_dags/example_setup_teardown.py took 0.045 seconds
[2024-11-06T18:17:27.715+0700] {processor.py:186} INFO - Started process (PID=3902) to work on /home/fawzan/airflow/.venv/lib/python3.10/site-packages/airflow/example_dags/example_setup_teardown.py
[2024-11-06T18:17:27.718+0700] {processor.py:914} INFO - Processing file /home/fawzan/airflow/.venv/lib/python3.10/site-packages/airflow/example_dags/example_setup_teardown.py for tasks to queue
[2024-11-06T18:17:27.720+0700] {logging_mixin.py:190} INFO - [2024-11-06T18:17:27.720+0700] {dagbag.py:588} INFO - Filling up the DagBag from /home/fawzan/airflow/.venv/lib/python3.10/site-packages/airflow/example_dags/example_setup_teardown.py
[2024-11-06T18:17:27.728+0700] {processor.py:925} INFO - DAG(s) 'example_setup_teardown' retrieved from /home/fawzan/airflow/.venv/lib/python3.10/site-packages/airflow/example_dags/example_setup_teardown.py
[2024-11-06T18:17:27.737+0700] {logging_mixin.py:190} INFO - [2024-11-06T18:17:27.737+0700] {dag.py:3239} INFO - Sync 1 DAGs
[2024-11-06T18:17:27.743+0700] {logging_mixin.py:190} INFO - [2024-11-06T18:17:27.743+0700] {dag.py:4180} INFO - Setting next_dagrun for example_setup_teardown to None, run_after=None
[2024-11-06T18:17:27.755+0700] {processor.py:208} INFO - Processing /home/fawzan/airflow/.venv/lib/python3.10/site-packages/airflow/example_dags/example_setup_teardown.py took 0.045 seconds
[2024-11-06T18:18:19.445+0700] {processor.py:186} INFO - Started process (PID=4009) to work on /home/fawzan/airflow/.venv/lib/python3.10/site-packages/airflow/example_dags/example_setup_teardown.py
[2024-11-06T18:18:19.448+0700] {processor.py:914} INFO - Processing file /home/fawzan/airflow/.venv/lib/python3.10/site-packages/airflow/example_dags/example_setup_teardown.py for tasks to queue
[2024-11-06T18:18:19.450+0700] {logging_mixin.py:190} INFO - [2024-11-06T18:18:19.450+0700] {dagbag.py:588} INFO - Filling up the DagBag from /home/fawzan/airflow/.venv/lib/python3.10/site-packages/airflow/example_dags/example_setup_teardown.py
[2024-11-06T18:18:19.456+0700] {processor.py:925} INFO - DAG(s) 'example_setup_teardown' retrieved from /home/fawzan/airflow/.venv/lib/python3.10/site-packages/airflow/example_dags/example_setup_teardown.py
[2024-11-06T18:18:19.467+0700] {logging_mixin.py:190} INFO - [2024-11-06T18:18:19.467+0700] {dag.py:3239} INFO - Sync 1 DAGs
[2024-11-06T18:18:19.474+0700] {logging_mixin.py:190} INFO - [2024-11-06T18:18:19.474+0700] {dag.py:4180} INFO - Setting next_dagrun for example_setup_teardown to None, run_after=None
[2024-11-06T18:18:19.486+0700] {processor.py:208} INFO - Processing /home/fawzan/airflow/.venv/lib/python3.10/site-packages/airflow/example_dags/example_setup_teardown.py took 0.044 seconds
[2024-11-06T18:19:12.488+0700] {processor.py:186} INFO - Started process (PID=4109) to work on /home/fawzan/airflow/.venv/lib/python3.10/site-packages/airflow/example_dags/example_setup_teardown.py
[2024-11-06T18:19:12.491+0700] {processor.py:914} INFO - Processing file /home/fawzan/airflow/.venv/lib/python3.10/site-packages/airflow/example_dags/example_setup_teardown.py for tasks to queue
[2024-11-06T18:19:12.494+0700] {logging_mixin.py:190} INFO - [2024-11-06T18:19:12.493+0700] {dagbag.py:588} INFO - Filling up the DagBag from /home/fawzan/airflow/.venv/lib/python3.10/site-packages/airflow/example_dags/example_setup_teardown.py
[2024-11-06T18:19:12.502+0700] {processor.py:925} INFO - DAG(s) 'example_setup_teardown' retrieved from /home/fawzan/airflow/.venv/lib/python3.10/site-packages/airflow/example_dags/example_setup_teardown.py
[2024-11-06T18:19:12.512+0700] {logging_mixin.py:190} INFO - [2024-11-06T18:19:12.512+0700] {dag.py:3239} INFO - Sync 1 DAGs
[2024-11-06T18:19:12.519+0700] {logging_mixin.py:190} INFO - [2024-11-06T18:19:12.518+0700] {dag.py:4180} INFO - Setting next_dagrun for example_setup_teardown to None, run_after=None
[2024-11-06T18:19:12.531+0700] {processor.py:208} INFO - Processing /home/fawzan/airflow/.venv/lib/python3.10/site-packages/airflow/example_dags/example_setup_teardown.py took 0.048 seconds
[2024-11-06T18:20:05.663+0700] {processor.py:186} INFO - Started process (PID=4210) to work on /home/fawzan/airflow/.venv/lib/python3.10/site-packages/airflow/example_dags/example_setup_teardown.py
[2024-11-06T18:20:05.666+0700] {processor.py:914} INFO - Processing file /home/fawzan/airflow/.venv/lib/python3.10/site-packages/airflow/example_dags/example_setup_teardown.py for tasks to queue
[2024-11-06T18:20:05.668+0700] {logging_mixin.py:190} INFO - [2024-11-06T18:20:05.668+0700] {dagbag.py:588} INFO - Filling up the DagBag from /home/fawzan/airflow/.venv/lib/python3.10/site-packages/airflow/example_dags/example_setup_teardown.py
[2024-11-06T18:20:05.677+0700] {processor.py:925} INFO - DAG(s) 'example_setup_teardown' retrieved from /home/fawzan/airflow/.venv/lib/python3.10/site-packages/airflow/example_dags/example_setup_teardown.py
[2024-11-06T18:20:05.686+0700] {logging_mixin.py:190} INFO - [2024-11-06T18:20:05.686+0700] {dag.py:3239} INFO - Sync 1 DAGs
[2024-11-06T18:20:05.692+0700] {logging_mixin.py:190} INFO - [2024-11-06T18:20:05.692+0700] {dag.py:4180} INFO - Setting next_dagrun for example_setup_teardown to None, run_after=None
[2024-11-06T18:20:05.708+0700] {processor.py:208} INFO - Processing /home/fawzan/airflow/.venv/lib/python3.10/site-packages/airflow/example_dags/example_setup_teardown.py took 0.049 seconds
[2024-11-06T18:21:12.211+0700] {processor.py:186} INFO - Started process (PID=4418) to work on /home/fawzan/airflow/.venv/lib/python3.10/site-packages/airflow/example_dags/example_setup_teardown.py
[2024-11-06T18:21:12.214+0700] {processor.py:914} INFO - Processing file /home/fawzan/airflow/.venv/lib/python3.10/site-packages/airflow/example_dags/example_setup_teardown.py for tasks to queue
[2024-11-06T18:21:12.216+0700] {logging_mixin.py:190} INFO - [2024-11-06T18:21:12.216+0700] {dagbag.py:588} INFO - Filling up the DagBag from /home/fawzan/airflow/.venv/lib/python3.10/site-packages/airflow/example_dags/example_setup_teardown.py
[2024-11-06T18:21:12.223+0700] {processor.py:925} INFO - DAG(s) 'example_setup_teardown' retrieved from /home/fawzan/airflow/.venv/lib/python3.10/site-packages/airflow/example_dags/example_setup_teardown.py
[2024-11-06T18:21:12.233+0700] {logging_mixin.py:190} INFO - [2024-11-06T18:21:12.233+0700] {dag.py:3239} INFO - Sync 1 DAGs
[2024-11-06T18:21:12.239+0700] {logging_mixin.py:190} INFO - [2024-11-06T18:21:12.239+0700] {dag.py:4180} INFO - Setting next_dagrun for example_setup_teardown to None, run_after=None
[2024-11-06T18:21:12.251+0700] {processor.py:208} INFO - Processing /home/fawzan/airflow/.venv/lib/python3.10/site-packages/airflow/example_dags/example_setup_teardown.py took 0.043 seconds
[2024-11-06T18:22:10.738+0700] {processor.py:186} INFO - Started process (PID=4532) to work on /home/fawzan/airflow/.venv/lib/python3.10/site-packages/airflow/example_dags/example_setup_teardown.py
[2024-11-06T18:22:10.741+0700] {processor.py:914} INFO - Processing file /home/fawzan/airflow/.venv/lib/python3.10/site-packages/airflow/example_dags/example_setup_teardown.py for tasks to queue
[2024-11-06T18:22:10.743+0700] {logging_mixin.py:190} INFO - [2024-11-06T18:22:10.743+0700] {dagbag.py:588} INFO - Filling up the DagBag from /home/fawzan/airflow/.venv/lib/python3.10/site-packages/airflow/example_dags/example_setup_teardown.py
[2024-11-06T18:22:10.752+0700] {processor.py:925} INFO - DAG(s) 'example_setup_teardown' retrieved from /home/fawzan/airflow/.venv/lib/python3.10/site-packages/airflow/example_dags/example_setup_teardown.py
[2024-11-06T18:22:10.762+0700] {logging_mixin.py:190} INFO - [2024-11-06T18:22:10.762+0700] {dag.py:3239} INFO - Sync 1 DAGs
[2024-11-06T18:22:10.768+0700] {logging_mixin.py:190} INFO - [2024-11-06T18:22:10.768+0700] {dag.py:4180} INFO - Setting next_dagrun for example_setup_teardown to None, run_after=None
[2024-11-06T18:22:10.781+0700] {processor.py:208} INFO - Processing /home/fawzan/airflow/.venv/lib/python3.10/site-packages/airflow/example_dags/example_setup_teardown.py took 0.049 seconds
[2024-11-06T18:23:03.607+0700] {processor.py:186} INFO - Started process (PID=4648) to work on /home/fawzan/airflow/.venv/lib/python3.10/site-packages/airflow/example_dags/example_setup_teardown.py
[2024-11-06T18:23:03.610+0700] {processor.py:914} INFO - Processing file /home/fawzan/airflow/.venv/lib/python3.10/site-packages/airflow/example_dags/example_setup_teardown.py for tasks to queue
[2024-11-06T18:23:03.613+0700] {logging_mixin.py:190} INFO - [2024-11-06T18:23:03.612+0700] {dagbag.py:588} INFO - Filling up the DagBag from /home/fawzan/airflow/.venv/lib/python3.10/site-packages/airflow/example_dags/example_setup_teardown.py
[2024-11-06T18:23:03.621+0700] {processor.py:925} INFO - DAG(s) 'example_setup_teardown' retrieved from /home/fawzan/airflow/.venv/lib/python3.10/site-packages/airflow/example_dags/example_setup_teardown.py
[2024-11-06T18:23:03.631+0700] {logging_mixin.py:190} INFO - [2024-11-06T18:23:03.631+0700] {dag.py:3239} INFO - Sync 1 DAGs
[2024-11-06T18:23:03.637+0700] {logging_mixin.py:190} INFO - [2024-11-06T18:23:03.637+0700] {dag.py:4180} INFO - Setting next_dagrun for example_setup_teardown to None, run_after=None
[2024-11-06T18:23:03.650+0700] {processor.py:208} INFO - Processing /home/fawzan/airflow/.venv/lib/python3.10/site-packages/airflow/example_dags/example_setup_teardown.py took 0.049 seconds
[2024-11-06T18:24:00.939+0700] {processor.py:186} INFO - Started process (PID=4753) to work on /home/fawzan/airflow/.venv/lib/python3.10/site-packages/airflow/example_dags/example_setup_teardown.py
[2024-11-06T18:24:00.942+0700] {processor.py:914} INFO - Processing file /home/fawzan/airflow/.venv/lib/python3.10/site-packages/airflow/example_dags/example_setup_teardown.py for tasks to queue
[2024-11-06T18:24:00.944+0700] {logging_mixin.py:190} INFO - [2024-11-06T18:24:00.944+0700] {dagbag.py:588} INFO - Filling up the DagBag from /home/fawzan/airflow/.venv/lib/python3.10/site-packages/airflow/example_dags/example_setup_teardown.py
[2024-11-06T18:24:00.953+0700] {processor.py:925} INFO - DAG(s) 'example_setup_teardown' retrieved from /home/fawzan/airflow/.venv/lib/python3.10/site-packages/airflow/example_dags/example_setup_teardown.py
[2024-11-06T18:24:00.964+0700] {logging_mixin.py:190} INFO - [2024-11-06T18:24:00.963+0700] {dag.py:3239} INFO - Sync 1 DAGs
[2024-11-06T18:24:00.970+0700] {logging_mixin.py:190} INFO - [2024-11-06T18:24:00.970+0700] {dag.py:4180} INFO - Setting next_dagrun for example_setup_teardown to None, run_after=None
[2024-11-06T18:24:00.982+0700] {processor.py:208} INFO - Processing /home/fawzan/airflow/.venv/lib/python3.10/site-packages/airflow/example_dags/example_setup_teardown.py took 0.049 seconds
[2024-11-06T18:32:40.740+0700] {processor.py:186} INFO - Started process (PID=5171) to work on /home/fawzan/airflow/.venv/lib/python3.10/site-packages/airflow/example_dags/example_setup_teardown.py
[2024-11-06T18:32:40.743+0700] {processor.py:914} INFO - Processing file /home/fawzan/airflow/.venv/lib/python3.10/site-packages/airflow/example_dags/example_setup_teardown.py for tasks to queue
[2024-11-06T18:32:40.745+0700] {logging_mixin.py:190} INFO - [2024-11-06T18:32:40.745+0700] {dagbag.py:588} INFO - Filling up the DagBag from /home/fawzan/airflow/.venv/lib/python3.10/site-packages/airflow/example_dags/example_setup_teardown.py
[2024-11-06T18:32:40.754+0700] {processor.py:925} INFO - DAG(s) 'example_setup_teardown' retrieved from /home/fawzan/airflow/.venv/lib/python3.10/site-packages/airflow/example_dags/example_setup_teardown.py
[2024-11-06T18:32:40.773+0700] {logging_mixin.py:190} INFO - [2024-11-06T18:32:40.773+0700] {dag.py:3239} INFO - Sync 1 DAGs
[2024-11-06T18:32:40.783+0700] {logging_mixin.py:190} INFO - [2024-11-06T18:32:40.782+0700] {dag.py:4180} INFO - Setting next_dagrun for example_setup_teardown to None, run_after=None
[2024-11-06T18:32:40.795+0700] {processor.py:208} INFO - Processing /home/fawzan/airflow/.venv/lib/python3.10/site-packages/airflow/example_dags/example_setup_teardown.py took 0.062 seconds
