[2024-11-06T17:14:03.668+0700] {processor.py:186} INFO - Started process (PID=4042) to work on /home/fawzan/airflow/.venv/lib/python3.10/site-packages/airflow/example_dags/example_dataset_alias_with_no_taskflow.py
[2024-11-06T17:14:03.669+0700] {processor.py:914} INFO - Processing file /home/fawzan/airflow/.venv/lib/python3.10/site-packages/airflow/example_dags/example_dataset_alias_with_no_taskflow.py for tasks to queue
[2024-11-06T17:14:03.671+0700] {logging_mixin.py:190} INFO - [2024-11-06T17:14:03.671+0700] {dagbag.py:588} INFO - Filling up the DagBag from /home/fawzan/airflow/.venv/lib/python3.10/site-packages/airflow/example_dags/example_dataset_alias_with_no_taskflow.py
[2024-11-06T17:14:03.684+0700] {processor.py:925} INFO - DAG(s) 'dataset_s3_bucket_consumer_with_no_taskflow', 'dataset_s3_bucket_producer_with_no_taskflow', 'dataset_alias_example_alias_consumer_with_no_taskflow', 'dataset_alias_example_alias_producer_with_no_taskflow' retrieved from /home/fawzan/airflow/.venv/lib/python3.10/site-packages/airflow/example_dags/example_dataset_alias_with_no_taskflow.py
[2024-11-06T17:14:03.736+0700] {logging_mixin.py:190} INFO - [2024-11-06T17:14:03.735+0700] {override.py:1900} INFO - Created Permission View: can delete on DAG:dataset_s3_bucket_consumer_with_no_taskflow
[2024-11-06T17:14:03.743+0700] {logging_mixin.py:190} INFO - [2024-11-06T17:14:03.743+0700] {override.py:1900} INFO - Created Permission View: can read on DAG:dataset_s3_bucket_consumer_with_no_taskflow
[2024-11-06T17:14:03.749+0700] {logging_mixin.py:190} INFO - [2024-11-06T17:14:03.749+0700] {override.py:1900} INFO - Created Permission View: can edit on DAG:dataset_s3_bucket_consumer_with_no_taskflow
[2024-11-06T17:14:03.758+0700] {logging_mixin.py:190} INFO - [2024-11-06T17:14:03.758+0700] {override.py:1900} INFO - Created Permission View: can create on DAG Run:dataset_s3_bucket_consumer_with_no_taskflow
[2024-11-06T17:14:03.764+0700] {logging_mixin.py:190} INFO - [2024-11-06T17:14:03.764+0700] {override.py:1900} INFO - Created Permission View: can delete on DAG Run:dataset_s3_bucket_consumer_with_no_taskflow
[2024-11-06T17:14:03.769+0700] {logging_mixin.py:190} INFO - [2024-11-06T17:14:03.769+0700] {override.py:1900} INFO - Created Permission View: can read on DAG Run:dataset_s3_bucket_consumer_with_no_taskflow
[2024-11-06T17:14:03.775+0700] {logging_mixin.py:190} INFO - [2024-11-06T17:14:03.774+0700] {override.py:1900} INFO - Created Permission View: menu access on DAG Run:dataset_s3_bucket_consumer_with_no_taskflow
[2024-11-06T17:14:03.787+0700] {logging_mixin.py:190} INFO - [2024-11-06T17:14:03.786+0700] {override.py:1900} INFO - Created Permission View: can delete on DAG:dataset_s3_bucket_producer_with_no_taskflow
[2024-11-06T17:14:03.792+0700] {logging_mixin.py:190} INFO - [2024-11-06T17:14:03.792+0700] {override.py:1900} INFO - Created Permission View: can read on DAG:dataset_s3_bucket_producer_with_no_taskflow
[2024-11-06T17:14:03.797+0700] {logging_mixin.py:190} INFO - [2024-11-06T17:14:03.797+0700] {override.py:1900} INFO - Created Permission View: can edit on DAG:dataset_s3_bucket_producer_with_no_taskflow
[2024-11-06T17:14:03.805+0700] {logging_mixin.py:190} INFO - [2024-11-06T17:14:03.805+0700] {override.py:1900} INFO - Created Permission View: can create on DAG Run:dataset_s3_bucket_producer_with_no_taskflow
[2024-11-06T17:14:03.811+0700] {logging_mixin.py:190} INFO - [2024-11-06T17:14:03.810+0700] {override.py:1900} INFO - Created Permission View: can delete on DAG Run:dataset_s3_bucket_producer_with_no_taskflow
[2024-11-06T17:14:03.816+0700] {logging_mixin.py:190} INFO - [2024-11-06T17:14:03.816+0700] {override.py:1900} INFO - Created Permission View: can read on DAG Run:dataset_s3_bucket_producer_with_no_taskflow
[2024-11-06T17:14:03.825+0700] {logging_mixin.py:190} INFO - [2024-11-06T17:14:03.824+0700] {override.py:1900} INFO - Created Permission View: menu access on DAG Run:dataset_s3_bucket_producer_with_no_taskflow
[2024-11-06T17:14:03.842+0700] {logging_mixin.py:190} INFO - [2024-11-06T17:14:03.842+0700] {override.py:1900} INFO - Created Permission View: can delete on DAG:dataset_alias_example_alias_consumer_with_no_taskflow
[2024-11-06T17:14:03.850+0700] {logging_mixin.py:190} INFO - [2024-11-06T17:14:03.850+0700] {override.py:1900} INFO - Created Permission View: can read on DAG:dataset_alias_example_alias_consumer_with_no_taskflow
[2024-11-06T17:14:03.858+0700] {logging_mixin.py:190} INFO - [2024-11-06T17:14:03.858+0700] {override.py:1900} INFO - Created Permission View: can edit on DAG:dataset_alias_example_alias_consumer_with_no_taskflow
[2024-11-06T17:14:03.868+0700] {logging_mixin.py:190} INFO - [2024-11-06T17:14:03.868+0700] {override.py:1900} INFO - Created Permission View: can create on DAG Run:dataset_alias_example_alias_consumer_with_no_taskflow
[2024-11-06T17:14:03.875+0700] {logging_mixin.py:190} INFO - [2024-11-06T17:14:03.874+0700] {override.py:1900} INFO - Created Permission View: can delete on DAG Run:dataset_alias_example_alias_consumer_with_no_taskflow
[2024-11-06T17:14:03.881+0700] {logging_mixin.py:190} INFO - [2024-11-06T17:14:03.881+0700] {override.py:1900} INFO - Created Permission View: can read on DAG Run:dataset_alias_example_alias_consumer_with_no_taskflow
[2024-11-06T17:14:03.887+0700] {logging_mixin.py:190} INFO - [2024-11-06T17:14:03.887+0700] {override.py:1900} INFO - Created Permission View: menu access on DAG Run:dataset_alias_example_alias_consumer_with_no_taskflow
[2024-11-06T17:14:03.899+0700] {logging_mixin.py:190} INFO - [2024-11-06T17:14:03.899+0700] {override.py:1900} INFO - Created Permission View: can delete on DAG:dataset_alias_example_alias_producer_with_no_taskflow
[2024-11-06T17:14:03.908+0700] {logging_mixin.py:190} INFO - [2024-11-06T17:14:03.908+0700] {override.py:1900} INFO - Created Permission View: can read on DAG:dataset_alias_example_alias_producer_with_no_taskflow
[2024-11-06T17:14:03.914+0700] {logging_mixin.py:190} INFO - [2024-11-06T17:14:03.914+0700] {override.py:1900} INFO - Created Permission View: can edit on DAG:dataset_alias_example_alias_producer_with_no_taskflow
[2024-11-06T17:14:03.922+0700] {logging_mixin.py:190} INFO - [2024-11-06T17:14:03.922+0700] {override.py:1900} INFO - Created Permission View: can create on DAG Run:dataset_alias_example_alias_producer_with_no_taskflow
[2024-11-06T17:14:03.928+0700] {logging_mixin.py:190} INFO - [2024-11-06T17:14:03.928+0700] {override.py:1900} INFO - Created Permission View: can delete on DAG Run:dataset_alias_example_alias_producer_with_no_taskflow
[2024-11-06T17:14:03.933+0700] {logging_mixin.py:190} INFO - [2024-11-06T17:14:03.933+0700] {override.py:1900} INFO - Created Permission View: can read on DAG Run:dataset_alias_example_alias_producer_with_no_taskflow
[2024-11-06T17:14:03.939+0700] {logging_mixin.py:190} INFO - [2024-11-06T17:14:03.939+0700] {override.py:1900} INFO - Created Permission View: menu access on DAG Run:dataset_alias_example_alias_producer_with_no_taskflow
[2024-11-06T17:14:03.939+0700] {logging_mixin.py:190} INFO - [2024-11-06T17:14:03.939+0700] {dag.py:3239} INFO - Sync 4 DAGs
[2024-11-06T17:14:03.945+0700] {logging_mixin.py:190} INFO - [2024-11-06T17:14:03.945+0700] {dag.py:3262} INFO - Creating ORM DAG for dataset_s3_bucket_consumer_with_no_taskflow
[2024-11-06T17:14:03.945+0700] {logging_mixin.py:190} INFO - [2024-11-06T17:14:03.945+0700] {dag.py:3262} INFO - Creating ORM DAG for dataset_s3_bucket_producer_with_no_taskflow
[2024-11-06T17:14:03.945+0700] {logging_mixin.py:190} INFO - [2024-11-06T17:14:03.945+0700] {dag.py:3262} INFO - Creating ORM DAG for dataset_alias_example_alias_consumer_with_no_taskflow
[2024-11-06T17:14:03.946+0700] {logging_mixin.py:190} INFO - [2024-11-06T17:14:03.946+0700] {dag.py:3262} INFO - Creating ORM DAG for dataset_alias_example_alias_producer_with_no_taskflow
[2024-11-06T17:14:03.950+0700] {logging_mixin.py:190} INFO - [2024-11-06T17:14:03.949+0700] {dag.py:4180} INFO - Setting next_dagrun for dataset_alias_example_alias_consumer_with_no_taskflow to None, run_after=None
[2024-11-06T17:14:03.950+0700] {logging_mixin.py:190} INFO - [2024-11-06T17:14:03.950+0700] {dag.py:4180} INFO - Setting next_dagrun for dataset_alias_example_alias_producer_with_no_taskflow to None, run_after=None
[2024-11-06T17:14:03.950+0700] {logging_mixin.py:190} INFO - [2024-11-06T17:14:03.950+0700] {dag.py:4180} INFO - Setting next_dagrun for dataset_s3_bucket_consumer_with_no_taskflow to None, run_after=None
[2024-11-06T17:14:03.950+0700] {logging_mixin.py:190} INFO - [2024-11-06T17:14:03.950+0700] {dag.py:4180} INFO - Setting next_dagrun for dataset_s3_bucket_producer_with_no_taskflow to None, run_after=None
[2024-11-06T17:14:03.966+0700] {processor.py:208} INFO - Processing /home/fawzan/airflow/.venv/lib/python3.10/site-packages/airflow/example_dags/example_dataset_alias_with_no_taskflow.py took 0.304 seconds
[2024-11-06T17:15:22.356+0700] {processor.py:186} INFO - Started process (PID=4148) to work on /home/fawzan/airflow/.venv/lib/python3.10/site-packages/airflow/example_dags/example_dataset_alias_with_no_taskflow.py
[2024-11-06T17:15:22.360+0700] {processor.py:914} INFO - Processing file /home/fawzan/airflow/.venv/lib/python3.10/site-packages/airflow/example_dags/example_dataset_alias_with_no_taskflow.py for tasks to queue
[2024-11-06T17:15:22.362+0700] {logging_mixin.py:190} INFO - [2024-11-06T17:15:22.362+0700] {dagbag.py:588} INFO - Filling up the DagBag from /home/fawzan/airflow/.venv/lib/python3.10/site-packages/airflow/example_dags/example_dataset_alias_with_no_taskflow.py
[2024-11-06T17:15:22.377+0700] {processor.py:925} INFO - DAG(s) 'dataset_alias_example_alias_consumer_with_no_taskflow', 'dataset_s3_bucket_producer_with_no_taskflow', 'dataset_s3_bucket_consumer_with_no_taskflow', 'dataset_alias_example_alias_producer_with_no_taskflow' retrieved from /home/fawzan/airflow/.venv/lib/python3.10/site-packages/airflow/example_dags/example_dataset_alias_with_no_taskflow.py
[2024-11-06T17:15:22.388+0700] {logging_mixin.py:190} INFO - [2024-11-06T17:15:22.388+0700] {dag.py:3239} INFO - Sync 4 DAGs
[2024-11-06T17:15:22.398+0700] {logging_mixin.py:190} INFO - [2024-11-06T17:15:22.398+0700] {dag.py:4180} INFO - Setting next_dagrun for dataset_alias_example_alias_consumer_with_no_taskflow to None, run_after=None
[2024-11-06T17:15:22.399+0700] {logging_mixin.py:190} INFO - [2024-11-06T17:15:22.399+0700] {dag.py:4180} INFO - Setting next_dagrun for dataset_alias_example_alias_producer_with_no_taskflow to None, run_after=None
[2024-11-06T17:15:22.400+0700] {logging_mixin.py:190} INFO - [2024-11-06T17:15:22.400+0700] {dag.py:4180} INFO - Setting next_dagrun for dataset_s3_bucket_consumer_with_no_taskflow to None, run_after=None
[2024-11-06T17:15:22.400+0700] {logging_mixin.py:190} INFO - [2024-11-06T17:15:22.400+0700] {dag.py:4180} INFO - Setting next_dagrun for dataset_s3_bucket_producer_with_no_taskflow to None, run_after=None
[2024-11-06T17:15:22.413+0700] {processor.py:208} INFO - Processing /home/fawzan/airflow/.venv/lib/python3.10/site-packages/airflow/example_dags/example_dataset_alias_with_no_taskflow.py took 0.062 seconds
[2024-11-06T18:13:52.533+0700] {processor.py:186} INFO - Started process (PID=3266) to work on /home/fawzan/airflow/.venv/lib/python3.10/site-packages/airflow/example_dags/example_dataset_alias_with_no_taskflow.py
[2024-11-06T18:13:52.537+0700] {processor.py:914} INFO - Processing file /home/fawzan/airflow/.venv/lib/python3.10/site-packages/airflow/example_dags/example_dataset_alias_with_no_taskflow.py for tasks to queue
[2024-11-06T18:13:52.540+0700] {logging_mixin.py:190} INFO - [2024-11-06T18:13:52.539+0700] {dagbag.py:588} INFO - Filling up the DagBag from /home/fawzan/airflow/.venv/lib/python3.10/site-packages/airflow/example_dags/example_dataset_alias_with_no_taskflow.py
[2024-11-06T18:13:52.559+0700] {processor.py:925} INFO - DAG(s) 'dataset_s3_bucket_consumer_with_no_taskflow', 'dataset_alias_example_alias_producer_with_no_taskflow', 'dataset_s3_bucket_producer_with_no_taskflow', 'dataset_alias_example_alias_consumer_with_no_taskflow' retrieved from /home/fawzan/airflow/.venv/lib/python3.10/site-packages/airflow/example_dags/example_dataset_alias_with_no_taskflow.py
[2024-11-06T18:13:52.570+0700] {logging_mixin.py:190} INFO - [2024-11-06T18:13:52.570+0700] {dag.py:3239} INFO - Sync 4 DAGs
[2024-11-06T18:13:52.581+0700] {logging_mixin.py:190} INFO - [2024-11-06T18:13:52.581+0700] {dag.py:4180} INFO - Setting next_dagrun for dataset_alias_example_alias_consumer_with_no_taskflow to None, run_after=None
[2024-11-06T18:13:52.583+0700] {logging_mixin.py:190} INFO - [2024-11-06T18:13:52.582+0700] {dag.py:4180} INFO - Setting next_dagrun for dataset_alias_example_alias_producer_with_no_taskflow to None, run_after=None
[2024-11-06T18:13:52.583+0700] {logging_mixin.py:190} INFO - [2024-11-06T18:13:52.583+0700] {dag.py:4180} INFO - Setting next_dagrun for dataset_s3_bucket_consumer_with_no_taskflow to None, run_after=None
[2024-11-06T18:13:52.584+0700] {logging_mixin.py:190} INFO - [2024-11-06T18:13:52.583+0700] {dag.py:4180} INFO - Setting next_dagrun for dataset_s3_bucket_producer_with_no_taskflow to None, run_after=None
[2024-11-06T18:13:52.601+0700] {processor.py:208} INFO - Processing /home/fawzan/airflow/.venv/lib/python3.10/site-packages/airflow/example_dags/example_dataset_alias_with_no_taskflow.py took 0.076 seconds
[2024-11-06T18:15:08.630+0700] {processor.py:186} INFO - Started process (PID=3484) to work on /home/fawzan/airflow/.venv/lib/python3.10/site-packages/airflow/example_dags/example_dataset_alias_with_no_taskflow.py
[2024-11-06T18:15:08.633+0700] {processor.py:914} INFO - Processing file /home/fawzan/airflow/.venv/lib/python3.10/site-packages/airflow/example_dags/example_dataset_alias_with_no_taskflow.py for tasks to queue
[2024-11-06T18:15:08.636+0700] {logging_mixin.py:190} INFO - [2024-11-06T18:15:08.635+0700] {dagbag.py:588} INFO - Filling up the DagBag from /home/fawzan/airflow/.venv/lib/python3.10/site-packages/airflow/example_dags/example_dataset_alias_with_no_taskflow.py
[2024-11-06T18:15:08.652+0700] {processor.py:925} INFO - DAG(s) 'dataset_alias_example_alias_producer_with_no_taskflow', 'dataset_s3_bucket_producer_with_no_taskflow', 'dataset_alias_example_alias_consumer_with_no_taskflow', 'dataset_s3_bucket_consumer_with_no_taskflow' retrieved from /home/fawzan/airflow/.venv/lib/python3.10/site-packages/airflow/example_dags/example_dataset_alias_with_no_taskflow.py
[2024-11-06T18:15:08.663+0700] {logging_mixin.py:190} INFO - [2024-11-06T18:15:08.663+0700] {dag.py:3239} INFO - Sync 4 DAGs
[2024-11-06T18:15:08.674+0700] {logging_mixin.py:190} INFO - [2024-11-06T18:15:08.674+0700] {dag.py:4180} INFO - Setting next_dagrun for dataset_alias_example_alias_consumer_with_no_taskflow to None, run_after=None
[2024-11-06T18:15:08.675+0700] {logging_mixin.py:190} INFO - [2024-11-06T18:15:08.675+0700] {dag.py:4180} INFO - Setting next_dagrun for dataset_alias_example_alias_producer_with_no_taskflow to None, run_after=None
[2024-11-06T18:15:08.676+0700] {logging_mixin.py:190} INFO - [2024-11-06T18:15:08.676+0700] {dag.py:4180} INFO - Setting next_dagrun for dataset_s3_bucket_consumer_with_no_taskflow to None, run_after=None
[2024-11-06T18:15:08.676+0700] {logging_mixin.py:190} INFO - [2024-11-06T18:15:08.676+0700] {dag.py:4180} INFO - Setting next_dagrun for dataset_s3_bucket_producer_with_no_taskflow to None, run_after=None
[2024-11-06T18:15:08.690+0700] {processor.py:208} INFO - Processing /home/fawzan/airflow/.venv/lib/python3.10/site-packages/airflow/example_dags/example_dataset_alias_with_no_taskflow.py took 0.065 seconds
[2024-11-06T18:16:54.407+0700] {processor.py:186} INFO - Started process (PID=3807) to work on /home/fawzan/airflow/.venv/lib/python3.10/site-packages/airflow/example_dags/example_dataset_alias_with_no_taskflow.py
[2024-11-06T18:16:54.410+0700] {processor.py:914} INFO - Processing file /home/fawzan/airflow/.venv/lib/python3.10/site-packages/airflow/example_dags/example_dataset_alias_with_no_taskflow.py for tasks to queue
[2024-11-06T18:16:54.413+0700] {logging_mixin.py:190} INFO - [2024-11-06T18:16:54.413+0700] {dagbag.py:588} INFO - Filling up the DagBag from /home/fawzan/airflow/.venv/lib/python3.10/site-packages/airflow/example_dags/example_dataset_alias_with_no_taskflow.py
[2024-11-06T18:16:54.428+0700] {processor.py:925} INFO - DAG(s) 'dataset_s3_bucket_consumer_with_no_taskflow', 'dataset_alias_example_alias_producer_with_no_taskflow', 'dataset_s3_bucket_producer_with_no_taskflow', 'dataset_alias_example_alias_consumer_with_no_taskflow' retrieved from /home/fawzan/airflow/.venv/lib/python3.10/site-packages/airflow/example_dags/example_dataset_alias_with_no_taskflow.py
[2024-11-06T18:16:54.438+0700] {logging_mixin.py:190} INFO - [2024-11-06T18:16:54.438+0700] {dag.py:3239} INFO - Sync 4 DAGs
[2024-11-06T18:16:54.449+0700] {logging_mixin.py:190} INFO - [2024-11-06T18:16:54.448+0700] {dag.py:4180} INFO - Setting next_dagrun for dataset_alias_example_alias_consumer_with_no_taskflow to None, run_after=None
[2024-11-06T18:16:54.450+0700] {logging_mixin.py:190} INFO - [2024-11-06T18:16:54.450+0700] {dag.py:4180} INFO - Setting next_dagrun for dataset_alias_example_alias_producer_with_no_taskflow to None, run_after=None
[2024-11-06T18:16:54.450+0700] {logging_mixin.py:190} INFO - [2024-11-06T18:16:54.450+0700] {dag.py:4180} INFO - Setting next_dagrun for dataset_s3_bucket_consumer_with_no_taskflow to None, run_after=None
[2024-11-06T18:16:54.451+0700] {logging_mixin.py:190} INFO - [2024-11-06T18:16:54.451+0700] {dag.py:4180} INFO - Setting next_dagrun for dataset_s3_bucket_producer_with_no_taskflow to None, run_after=None
[2024-11-06T18:16:54.464+0700] {processor.py:208} INFO - Processing /home/fawzan/airflow/.venv/lib/python3.10/site-packages/airflow/example_dags/example_dataset_alias_with_no_taskflow.py took 0.063 seconds
[2024-11-06T18:18:11.871+0700] {processor.py:186} INFO - Started process (PID=3992) to work on /home/fawzan/airflow/.venv/lib/python3.10/site-packages/airflow/example_dags/example_dataset_alias_with_no_taskflow.py
[2024-11-06T18:18:11.874+0700] {processor.py:914} INFO - Processing file /home/fawzan/airflow/.venv/lib/python3.10/site-packages/airflow/example_dags/example_dataset_alias_with_no_taskflow.py for tasks to queue
[2024-11-06T18:18:11.876+0700] {logging_mixin.py:190} INFO - [2024-11-06T18:18:11.876+0700] {dagbag.py:588} INFO - Filling up the DagBag from /home/fawzan/airflow/.venv/lib/python3.10/site-packages/airflow/example_dags/example_dataset_alias_with_no_taskflow.py
[2024-11-06T18:18:11.891+0700] {processor.py:925} INFO - DAG(s) 'dataset_alias_example_alias_producer_with_no_taskflow', 'dataset_alias_example_alias_consumer_with_no_taskflow', 'dataset_s3_bucket_producer_with_no_taskflow', 'dataset_s3_bucket_consumer_with_no_taskflow' retrieved from /home/fawzan/airflow/.venv/lib/python3.10/site-packages/airflow/example_dags/example_dataset_alias_with_no_taskflow.py
[2024-11-06T18:18:11.901+0700] {logging_mixin.py:190} INFO - [2024-11-06T18:18:11.901+0700] {dag.py:3239} INFO - Sync 4 DAGs
[2024-11-06T18:18:11.911+0700] {logging_mixin.py:190} INFO - [2024-11-06T18:18:11.911+0700] {dag.py:4180} INFO - Setting next_dagrun for dataset_alias_example_alias_consumer_with_no_taskflow to None, run_after=None
[2024-11-06T18:18:11.913+0700] {logging_mixin.py:190} INFO - [2024-11-06T18:18:11.912+0700] {dag.py:4180} INFO - Setting next_dagrun for dataset_alias_example_alias_producer_with_no_taskflow to None, run_after=None
[2024-11-06T18:18:11.913+0700] {logging_mixin.py:190} INFO - [2024-11-06T18:18:11.913+0700] {dag.py:4180} INFO - Setting next_dagrun for dataset_s3_bucket_consumer_with_no_taskflow to None, run_after=None
[2024-11-06T18:18:11.914+0700] {logging_mixin.py:190} INFO - [2024-11-06T18:18:11.913+0700] {dag.py:4180} INFO - Setting next_dagrun for dataset_s3_bucket_producer_with_no_taskflow to None, run_after=None
[2024-11-06T18:18:11.926+0700] {processor.py:208} INFO - Processing /home/fawzan/airflow/.venv/lib/python3.10/site-packages/airflow/example_dags/example_dataset_alias_with_no_taskflow.py took 0.060 seconds
[2024-11-06T18:19:31.515+0700] {processor.py:186} INFO - Started process (PID=4150) to work on /home/fawzan/airflow/.venv/lib/python3.10/site-packages/airflow/example_dags/example_dataset_alias_with_no_taskflow.py
[2024-11-06T18:19:31.518+0700] {processor.py:914} INFO - Processing file /home/fawzan/airflow/.venv/lib/python3.10/site-packages/airflow/example_dags/example_dataset_alias_with_no_taskflow.py for tasks to queue
[2024-11-06T18:19:31.520+0700] {logging_mixin.py:190} INFO - [2024-11-06T18:19:31.520+0700] {dagbag.py:588} INFO - Filling up the DagBag from /home/fawzan/airflow/.venv/lib/python3.10/site-packages/airflow/example_dags/example_dataset_alias_with_no_taskflow.py
[2024-11-06T18:19:31.538+0700] {processor.py:925} INFO - DAG(s) 'dataset_s3_bucket_producer_with_no_taskflow', 'dataset_s3_bucket_consumer_with_no_taskflow', 'dataset_alias_example_alias_producer_with_no_taskflow', 'dataset_alias_example_alias_consumer_with_no_taskflow' retrieved from /home/fawzan/airflow/.venv/lib/python3.10/site-packages/airflow/example_dags/example_dataset_alias_with_no_taskflow.py
[2024-11-06T18:19:31.549+0700] {logging_mixin.py:190} INFO - [2024-11-06T18:19:31.549+0700] {dag.py:3239} INFO - Sync 4 DAGs
[2024-11-06T18:19:31.560+0700] {logging_mixin.py:190} INFO - [2024-11-06T18:19:31.560+0700] {dag.py:4180} INFO - Setting next_dagrun for dataset_alias_example_alias_consumer_with_no_taskflow to None, run_after=None
[2024-11-06T18:19:31.562+0700] {logging_mixin.py:190} INFO - [2024-11-06T18:19:31.562+0700] {dag.py:4180} INFO - Setting next_dagrun for dataset_alias_example_alias_producer_with_no_taskflow to None, run_after=None
[2024-11-06T18:19:31.562+0700] {logging_mixin.py:190} INFO - [2024-11-06T18:19:31.562+0700] {dag.py:4180} INFO - Setting next_dagrun for dataset_s3_bucket_consumer_with_no_taskflow to None, run_after=None
[2024-11-06T18:19:31.563+0700] {logging_mixin.py:190} INFO - [2024-11-06T18:19:31.563+0700] {dag.py:4180} INFO - Setting next_dagrun for dataset_s3_bucket_producer_with_no_taskflow to None, run_after=None
[2024-11-06T18:19:31.576+0700] {processor.py:208} INFO - Processing /home/fawzan/airflow/.venv/lib/python3.10/site-packages/airflow/example_dags/example_dataset_alias_with_no_taskflow.py took 0.067 seconds
[2024-11-06T18:20:57.649+0700] {processor.py:186} INFO - Started process (PID=4343) to work on /home/fawzan/airflow/.venv/lib/python3.10/site-packages/airflow/example_dags/example_dataset_alias_with_no_taskflow.py
[2024-11-06T18:20:57.650+0700] {processor.py:914} INFO - Processing file /home/fawzan/airflow/.venv/lib/python3.10/site-packages/airflow/example_dags/example_dataset_alias_with_no_taskflow.py for tasks to queue
[2024-11-06T18:20:57.651+0700] {logging_mixin.py:190} INFO - [2024-11-06T18:20:57.651+0700] {dagbag.py:588} INFO - Filling up the DagBag from /home/fawzan/airflow/.venv/lib/python3.10/site-packages/airflow/example_dags/example_dataset_alias_with_no_taskflow.py
[2024-11-06T18:20:57.663+0700] {processor.py:925} INFO - DAG(s) 'dataset_alias_example_alias_producer_with_no_taskflow', 'dataset_s3_bucket_consumer_with_no_taskflow', 'dataset_alias_example_alias_consumer_with_no_taskflow', 'dataset_s3_bucket_producer_with_no_taskflow' retrieved from /home/fawzan/airflow/.venv/lib/python3.10/site-packages/airflow/example_dags/example_dataset_alias_with_no_taskflow.py
[2024-11-06T18:20:57.673+0700] {logging_mixin.py:190} INFO - [2024-11-06T18:20:57.673+0700] {dag.py:3239} INFO - Sync 4 DAGs
[2024-11-06T18:20:57.684+0700] {logging_mixin.py:190} INFO - [2024-11-06T18:20:57.684+0700] {dag.py:4180} INFO - Setting next_dagrun for dataset_alias_example_alias_consumer_with_no_taskflow to None, run_after=None
[2024-11-06T18:20:57.685+0700] {logging_mixin.py:190} INFO - [2024-11-06T18:20:57.685+0700] {dag.py:4180} INFO - Setting next_dagrun for dataset_alias_example_alias_producer_with_no_taskflow to None, run_after=None
[2024-11-06T18:20:57.686+0700] {logging_mixin.py:190} INFO - [2024-11-06T18:20:57.685+0700] {dag.py:4180} INFO - Setting next_dagrun for dataset_s3_bucket_consumer_with_no_taskflow to None, run_after=None
[2024-11-06T18:20:57.686+0700] {logging_mixin.py:190} INFO - [2024-11-06T18:20:57.686+0700] {dag.py:4180} INFO - Setting next_dagrun for dataset_s3_bucket_producer_with_no_taskflow to None, run_after=None
[2024-11-06T18:20:57.699+0700] {processor.py:208} INFO - Processing /home/fawzan/airflow/.venv/lib/python3.10/site-packages/airflow/example_dags/example_dataset_alias_with_no_taskflow.py took 0.055 seconds
[2024-11-06T18:22:07.156+0700] {processor.py:186} INFO - Started process (PID=4524) to work on /home/fawzan/airflow/.venv/lib/python3.10/site-packages/airflow/example_dags/example_dataset_alias_with_no_taskflow.py
[2024-11-06T18:22:07.157+0700] {processor.py:914} INFO - Processing file /home/fawzan/airflow/.venv/lib/python3.10/site-packages/airflow/example_dags/example_dataset_alias_with_no_taskflow.py for tasks to queue
[2024-11-06T18:22:07.158+0700] {logging_mixin.py:190} INFO - [2024-11-06T18:22:07.158+0700] {dagbag.py:588} INFO - Filling up the DagBag from /home/fawzan/airflow/.venv/lib/python3.10/site-packages/airflow/example_dags/example_dataset_alias_with_no_taskflow.py
[2024-11-06T18:22:07.170+0700] {processor.py:925} INFO - DAG(s) 'dataset_alias_example_alias_producer_with_no_taskflow', 'dataset_s3_bucket_producer_with_no_taskflow', 'dataset_alias_example_alias_consumer_with_no_taskflow', 'dataset_s3_bucket_consumer_with_no_taskflow' retrieved from /home/fawzan/airflow/.venv/lib/python3.10/site-packages/airflow/example_dags/example_dataset_alias_with_no_taskflow.py
[2024-11-06T18:22:07.181+0700] {logging_mixin.py:190} INFO - [2024-11-06T18:22:07.181+0700] {dag.py:3239} INFO - Sync 4 DAGs
[2024-11-06T18:22:07.192+0700] {logging_mixin.py:190} INFO - [2024-11-06T18:22:07.192+0700] {dag.py:4180} INFO - Setting next_dagrun for dataset_alias_example_alias_consumer_with_no_taskflow to None, run_after=None
[2024-11-06T18:22:07.193+0700] {logging_mixin.py:190} INFO - [2024-11-06T18:22:07.193+0700] {dag.py:4180} INFO - Setting next_dagrun for dataset_alias_example_alias_producer_with_no_taskflow to None, run_after=None
[2024-11-06T18:22:07.194+0700] {logging_mixin.py:190} INFO - [2024-11-06T18:22:07.194+0700] {dag.py:4180} INFO - Setting next_dagrun for dataset_s3_bucket_consumer_with_no_taskflow to None, run_after=None
[2024-11-06T18:22:07.194+0700] {logging_mixin.py:190} INFO - [2024-11-06T18:22:07.194+0700] {dag.py:4180} INFO - Setting next_dagrun for dataset_s3_bucket_producer_with_no_taskflow to None, run_after=None
[2024-11-06T18:22:07.207+0700] {processor.py:208} INFO - Processing /home/fawzan/airflow/.venv/lib/python3.10/site-packages/airflow/example_dags/example_dataset_alias_with_no_taskflow.py took 0.055 seconds
[2024-11-06T18:23:28.616+0700] {processor.py:186} INFO - Started process (PID=4693) to work on /home/fawzan/airflow/.venv/lib/python3.10/site-packages/airflow/example_dags/example_dataset_alias_with_no_taskflow.py
[2024-11-06T18:23:28.619+0700] {processor.py:914} INFO - Processing file /home/fawzan/airflow/.venv/lib/python3.10/site-packages/airflow/example_dags/example_dataset_alias_with_no_taskflow.py for tasks to queue
[2024-11-06T18:23:28.621+0700] {logging_mixin.py:190} INFO - [2024-11-06T18:23:28.620+0700] {dagbag.py:588} INFO - Filling up the DagBag from /home/fawzan/airflow/.venv/lib/python3.10/site-packages/airflow/example_dags/example_dataset_alias_with_no_taskflow.py
[2024-11-06T18:23:28.638+0700] {processor.py:925} INFO - DAG(s) 'dataset_alias_example_alias_consumer_with_no_taskflow', 'dataset_s3_bucket_consumer_with_no_taskflow', 'dataset_alias_example_alias_producer_with_no_taskflow', 'dataset_s3_bucket_producer_with_no_taskflow' retrieved from /home/fawzan/airflow/.venv/lib/python3.10/site-packages/airflow/example_dags/example_dataset_alias_with_no_taskflow.py
[2024-11-06T18:23:28.649+0700] {logging_mixin.py:190} INFO - [2024-11-06T18:23:28.649+0700] {dag.py:3239} INFO - Sync 4 DAGs
[2024-11-06T18:23:28.660+0700] {logging_mixin.py:190} INFO - [2024-11-06T18:23:28.659+0700] {dag.py:4180} INFO - Setting next_dagrun for dataset_alias_example_alias_consumer_with_no_taskflow to None, run_after=None
[2024-11-06T18:23:28.661+0700] {logging_mixin.py:190} INFO - [2024-11-06T18:23:28.661+0700] {dag.py:4180} INFO - Setting next_dagrun for dataset_alias_example_alias_producer_with_no_taskflow to None, run_after=None
[2024-11-06T18:23:28.661+0700] {logging_mixin.py:190} INFO - [2024-11-06T18:23:28.661+0700] {dag.py:4180} INFO - Setting next_dagrun for dataset_s3_bucket_consumer_with_no_taskflow to None, run_after=None
[2024-11-06T18:23:28.662+0700] {logging_mixin.py:190} INFO - [2024-11-06T18:23:28.662+0700] {dag.py:4180} INFO - Setting next_dagrun for dataset_s3_bucket_producer_with_no_taskflow to None, run_after=None
[2024-11-06T18:23:28.675+0700] {processor.py:208} INFO - Processing /home/fawzan/airflow/.venv/lib/python3.10/site-packages/airflow/example_dags/example_dataset_alias_with_no_taskflow.py took 0.064 seconds
[2024-11-06T18:33:09.001+0700] {processor.py:186} INFO - Started process (PID=5235) to work on /home/fawzan/airflow/.venv/lib/python3.10/site-packages/airflow/example_dags/example_dataset_alias_with_no_taskflow.py
[2024-11-06T18:33:09.005+0700] {processor.py:914} INFO - Processing file /home/fawzan/airflow/.venv/lib/python3.10/site-packages/airflow/example_dags/example_dataset_alias_with_no_taskflow.py for tasks to queue
[2024-11-06T18:33:09.008+0700] {logging_mixin.py:190} INFO - [2024-11-06T18:33:09.007+0700] {dagbag.py:588} INFO - Filling up the DagBag from /home/fawzan/airflow/.venv/lib/python3.10/site-packages/airflow/example_dags/example_dataset_alias_with_no_taskflow.py
[2024-11-06T18:33:09.024+0700] {processor.py:925} INFO - DAG(s) 'dataset_alias_example_alias_producer_with_no_taskflow', 'dataset_alias_example_alias_consumer_with_no_taskflow', 'dataset_s3_bucket_consumer_with_no_taskflow', 'dataset_s3_bucket_producer_with_no_taskflow' retrieved from /home/fawzan/airflow/.venv/lib/python3.10/site-packages/airflow/example_dags/example_dataset_alias_with_no_taskflow.py
[2024-11-06T18:33:09.035+0700] {logging_mixin.py:190} INFO - [2024-11-06T18:33:09.035+0700] {dag.py:3239} INFO - Sync 4 DAGs
[2024-11-06T18:33:09.046+0700] {logging_mixin.py:190} INFO - [2024-11-06T18:33:09.046+0700] {dag.py:4180} INFO - Setting next_dagrun for dataset_alias_example_alias_consumer_with_no_taskflow to None, run_after=None
[2024-11-06T18:33:09.048+0700] {logging_mixin.py:190} INFO - [2024-11-06T18:33:09.047+0700] {dag.py:4180} INFO - Setting next_dagrun for dataset_alias_example_alias_producer_with_no_taskflow to None, run_after=None
[2024-11-06T18:33:09.048+0700] {logging_mixin.py:190} INFO - [2024-11-06T18:33:09.048+0700] {dag.py:4180} INFO - Setting next_dagrun for dataset_s3_bucket_consumer_with_no_taskflow to None, run_after=None
[2024-11-06T18:33:09.049+0700] {logging_mixin.py:190} INFO - [2024-11-06T18:33:09.049+0700] {dag.py:4180} INFO - Setting next_dagrun for dataset_s3_bucket_producer_with_no_taskflow to None, run_after=None
[2024-11-06T18:33:09.062+0700] {processor.py:208} INFO - Processing /home/fawzan/airflow/.venv/lib/python3.10/site-packages/airflow/example_dags/example_dataset_alias_with_no_taskflow.py took 0.068 seconds
