[2024-11-06T17:08:14.752+0700] {processor.py:186} INFO - Started process (PID=3858) to work on /home/fawzan/airflow/.venv/lib/python3.10/site-packages/airflow/example_dags/example_params_ui_tutorial.py
[2024-11-06T17:08:14.752+0700] {processor.py:914} INFO - Processing file /home/fawzan/airflow/.venv/lib/python3.10/site-packages/airflow/example_dags/example_params_ui_tutorial.py for tasks to queue
[2024-11-06T17:08:14.753+0700] {logging_mixin.py:190} INFO - [2024-11-06T17:08:14.753+0700] {dagbag.py:588} INFO - Filling up the DagBag from /home/fawzan/airflow/.venv/lib/python3.10/site-packages/airflow/example_dags/example_params_ui_tutorial.py
[2024-11-06T17:08:14.758+0700] {processor.py:925} INFO - DAG(s) 'example_params_ui_tutorial' retrieved from /home/fawzan/airflow/.venv/lib/python3.10/site-packages/airflow/example_dags/example_params_ui_tutorial.py
[2024-11-06T17:08:14.825+0700] {logging_mixin.py:190} INFO - [2024-11-06T17:08:14.824+0700] {override.py:1900} INFO - Created Permission View: can edit on DAG:example_params_ui_tutorial
[2024-11-06T17:08:14.832+0700] {logging_mixin.py:190} INFO - [2024-11-06T17:08:14.831+0700] {override.py:1900} INFO - Created Permission View: can delete on DAG:example_params_ui_tutorial
[2024-11-06T17:08:14.837+0700] {logging_mixin.py:190} INFO - [2024-11-06T17:08:14.837+0700] {override.py:1900} INFO - Created Permission View: can read on DAG:example_params_ui_tutorial
[2024-11-06T17:08:14.845+0700] {logging_mixin.py:190} INFO - [2024-11-06T17:08:14.845+0700] {override.py:1900} INFO - Created Permission View: can delete on DAG Run:example_params_ui_tutorial
[2024-11-06T17:08:14.850+0700] {logging_mixin.py:190} INFO - [2024-11-06T17:08:14.850+0700] {override.py:1900} INFO - Created Permission View: can create on DAG Run:example_params_ui_tutorial
[2024-11-06T17:08:14.855+0700] {logging_mixin.py:190} INFO - [2024-11-06T17:08:14.855+0700] {override.py:1900} INFO - Created Permission View: menu access on DAG Run:example_params_ui_tutorial
[2024-11-06T17:08:14.860+0700] {logging_mixin.py:190} INFO - [2024-11-06T17:08:14.860+0700] {override.py:1900} INFO - Created Permission View: can read on DAG Run:example_params_ui_tutorial
[2024-11-06T17:08:14.860+0700] {logging_mixin.py:190} INFO - [2024-11-06T17:08:14.860+0700] {dag.py:3239} INFO - Sync 1 DAGs
[2024-11-06T17:08:14.866+0700] {logging_mixin.py:190} INFO - [2024-11-06T17:08:14.866+0700] {dag.py:3262} INFO - Creating ORM DAG for example_params_ui_tutorial
[2024-11-06T17:08:14.866+0700] {logging_mixin.py:190} INFO - [2024-11-06T17:08:14.866+0700] {dag.py:4180} INFO - Setting next_dagrun for example_params_ui_tutorial to None, run_after=None
[2024-11-06T17:08:14.877+0700] {processor.py:208} INFO - Processing /home/fawzan/airflow/.venv/lib/python3.10/site-packages/airflow/example_dags/example_params_ui_tutorial.py took 0.130 seconds
[2024-11-06T17:13:42.537+0700] {processor.py:186} INFO - Started process (PID=4016) to work on /home/fawzan/airflow/.venv/lib/python3.10/site-packages/airflow/example_dags/example_params_ui_tutorial.py
[2024-11-06T17:13:42.540+0700] {processor.py:914} INFO - Processing file /home/fawzan/airflow/.venv/lib/python3.10/site-packages/airflow/example_dags/example_params_ui_tutorial.py for tasks to queue
[2024-11-06T17:13:42.543+0700] {logging_mixin.py:190} INFO - [2024-11-06T17:13:42.542+0700] {dagbag.py:588} INFO - Filling up the DagBag from /home/fawzan/airflow/.venv/lib/python3.10/site-packages/airflow/example_dags/example_params_ui_tutorial.py
[2024-11-06T17:13:42.552+0700] {processor.py:925} INFO - DAG(s) 'example_params_ui_tutorial' retrieved from /home/fawzan/airflow/.venv/lib/python3.10/site-packages/airflow/example_dags/example_params_ui_tutorial.py
[2024-11-06T17:13:42.576+0700] {logging_mixin.py:190} INFO - [2024-11-06T17:13:42.575+0700] {dag.py:3239} INFO - Sync 1 DAGs
[2024-11-06T17:13:42.582+0700] {logging_mixin.py:190} INFO - [2024-11-06T17:13:42.582+0700] {dag.py:4180} INFO - Setting next_dagrun for example_params_ui_tutorial to None, run_after=None
[2024-11-06T17:13:42.594+0700] {processor.py:208} INFO - Processing /home/fawzan/airflow/.venv/lib/python3.10/site-packages/airflow/example_dags/example_params_ui_tutorial.py took 0.062 seconds
[2024-11-06T17:14:39.788+0700] {processor.py:186} INFO - Started process (PID=4104) to work on /home/fawzan/airflow/.venv/lib/python3.10/site-packages/airflow/example_dags/example_params_ui_tutorial.py
[2024-11-06T17:14:39.791+0700] {processor.py:914} INFO - Processing file /home/fawzan/airflow/.venv/lib/python3.10/site-packages/airflow/example_dags/example_params_ui_tutorial.py for tasks to queue
[2024-11-06T17:14:39.792+0700] {logging_mixin.py:190} INFO - [2024-11-06T17:14:39.792+0700] {dagbag.py:588} INFO - Filling up the DagBag from /home/fawzan/airflow/.venv/lib/python3.10/site-packages/airflow/example_dags/example_params_ui_tutorial.py
[2024-11-06T17:14:39.798+0700] {processor.py:925} INFO - DAG(s) 'example_params_ui_tutorial' retrieved from /home/fawzan/airflow/.venv/lib/python3.10/site-packages/airflow/example_dags/example_params_ui_tutorial.py
[2024-11-06T17:14:39.823+0700] {logging_mixin.py:190} INFO - [2024-11-06T17:14:39.823+0700] {dag.py:3239} INFO - Sync 1 DAGs
[2024-11-06T17:14:39.829+0700] {logging_mixin.py:190} INFO - [2024-11-06T17:14:39.829+0700] {dag.py:4180} INFO - Setting next_dagrun for example_params_ui_tutorial to None, run_after=None
[2024-11-06T17:14:39.845+0700] {processor.py:208} INFO - Processing /home/fawzan/airflow/.venv/lib/python3.10/site-packages/airflow/example_dags/example_params_ui_tutorial.py took 0.061 seconds
[2024-11-06T17:15:36.113+0700] {processor.py:186} INFO - Started process (PID=4162) to work on /home/fawzan/airflow/.venv/lib/python3.10/site-packages/airflow/example_dags/example_params_ui_tutorial.py
[2024-11-06T17:15:36.116+0700] {processor.py:914} INFO - Processing file /home/fawzan/airflow/.venv/lib/python3.10/site-packages/airflow/example_dags/example_params_ui_tutorial.py for tasks to queue
[2024-11-06T17:15:36.118+0700] {logging_mixin.py:190} INFO - [2024-11-06T17:15:36.117+0700] {dagbag.py:588} INFO - Filling up the DagBag from /home/fawzan/airflow/.venv/lib/python3.10/site-packages/airflow/example_dags/example_params_ui_tutorial.py
[2024-11-06T17:15:36.125+0700] {processor.py:925} INFO - DAG(s) 'example_params_ui_tutorial' retrieved from /home/fawzan/airflow/.venv/lib/python3.10/site-packages/airflow/example_dags/example_params_ui_tutorial.py
[2024-11-06T17:15:36.157+0700] {logging_mixin.py:190} INFO - [2024-11-06T17:15:36.156+0700] {dag.py:3239} INFO - Sync 1 DAGs
[2024-11-06T17:15:36.163+0700] {logging_mixin.py:190} INFO - [2024-11-06T17:15:36.163+0700] {dag.py:4180} INFO - Setting next_dagrun for example_params_ui_tutorial to None, run_after=None
[2024-11-06T17:15:36.174+0700] {processor.py:208} INFO - Processing /home/fawzan/airflow/.venv/lib/python3.10/site-packages/airflow/example_dags/example_params_ui_tutorial.py took 0.068 seconds
[2024-11-06T18:13:31.939+0700] {processor.py:186} INFO - Started process (PID=2762) to work on /home/fawzan/airflow/.venv/lib/python3.10/site-packages/airflow/example_dags/example_params_ui_tutorial.py
[2024-11-06T18:13:31.940+0700] {processor.py:914} INFO - Processing file /home/fawzan/airflow/.venv/lib/python3.10/site-packages/airflow/example_dags/example_params_ui_tutorial.py for tasks to queue
[2024-11-06T18:13:31.941+0700] {logging_mixin.py:190} INFO - [2024-11-06T18:13:31.941+0700] {dagbag.py:588} INFO - Filling up the DagBag from /home/fawzan/airflow/.venv/lib/python3.10/site-packages/airflow/example_dags/example_params_ui_tutorial.py
[2024-11-06T18:13:31.946+0700] {processor.py:925} INFO - DAG(s) 'example_params_ui_tutorial' retrieved from /home/fawzan/airflow/.venv/lib/python3.10/site-packages/airflow/example_dags/example_params_ui_tutorial.py
[2024-11-06T18:13:31.969+0700] {logging_mixin.py:190} INFO - [2024-11-06T18:13:31.969+0700] {dag.py:3239} INFO - Sync 1 DAGs
[2024-11-06T18:13:31.975+0700] {logging_mixin.py:190} INFO - [2024-11-06T18:13:31.975+0700] {dag.py:4180} INFO - Setting next_dagrun for example_params_ui_tutorial to None, run_after=None
[2024-11-06T18:13:31.986+0700] {processor.py:208} INFO - Processing /home/fawzan/airflow/.venv/lib/python3.10/site-packages/airflow/example_dags/example_params_ui_tutorial.py took 0.050 seconds
[2024-11-06T18:14:27.372+0700] {processor.py:186} INFO - Started process (PID=3385) to work on /home/fawzan/airflow/.venv/lib/python3.10/site-packages/airflow/example_dags/example_params_ui_tutorial.py
[2024-11-06T18:14:27.375+0700] {processor.py:914} INFO - Processing file /home/fawzan/airflow/.venv/lib/python3.10/site-packages/airflow/example_dags/example_params_ui_tutorial.py for tasks to queue
[2024-11-06T18:14:27.377+0700] {logging_mixin.py:190} INFO - [2024-11-06T18:14:27.377+0700] {dagbag.py:588} INFO - Filling up the DagBag from /home/fawzan/airflow/.venv/lib/python3.10/site-packages/airflow/example_dags/example_params_ui_tutorial.py
[2024-11-06T18:14:27.386+0700] {processor.py:925} INFO - DAG(s) 'example_params_ui_tutorial' retrieved from /home/fawzan/airflow/.venv/lib/python3.10/site-packages/airflow/example_dags/example_params_ui_tutorial.py
[2024-11-06T18:14:27.409+0700] {logging_mixin.py:190} INFO - [2024-11-06T18:14:27.409+0700] {dag.py:3239} INFO - Sync 1 DAGs
[2024-11-06T18:14:27.415+0700] {logging_mixin.py:190} INFO - [2024-11-06T18:14:27.415+0700] {dag.py:4180} INFO - Setting next_dagrun for example_params_ui_tutorial to None, run_after=None
[2024-11-06T18:14:27.427+0700] {processor.py:208} INFO - Processing /home/fawzan/airflow/.venv/lib/python3.10/site-packages/airflow/example_dags/example_params_ui_tutorial.py took 0.060 seconds
[2024-11-06T18:15:21.793+0700] {processor.py:186} INFO - Started process (PID=3510) to work on /home/fawzan/airflow/.venv/lib/python3.10/site-packages/airflow/example_dags/example_params_ui_tutorial.py
[2024-11-06T18:15:21.796+0700] {processor.py:914} INFO - Processing file /home/fawzan/airflow/.venv/lib/python3.10/site-packages/airflow/example_dags/example_params_ui_tutorial.py for tasks to queue
[2024-11-06T18:15:21.797+0700] {logging_mixin.py:190} INFO - [2024-11-06T18:15:21.797+0700] {dagbag.py:588} INFO - Filling up the DagBag from /home/fawzan/airflow/.venv/lib/python3.10/site-packages/airflow/example_dags/example_params_ui_tutorial.py
[2024-11-06T18:15:21.803+0700] {processor.py:925} INFO - DAG(s) 'example_params_ui_tutorial' retrieved from /home/fawzan/airflow/.venv/lib/python3.10/site-packages/airflow/example_dags/example_params_ui_tutorial.py
[2024-11-06T18:15:21.825+0700] {logging_mixin.py:190} INFO - [2024-11-06T18:15:21.825+0700] {dag.py:3239} INFO - Sync 1 DAGs
[2024-11-06T18:15:21.832+0700] {logging_mixin.py:190} INFO - [2024-11-06T18:15:21.831+0700] {dag.py:4180} INFO - Setting next_dagrun for example_params_ui_tutorial to None, run_after=None
[2024-11-06T18:15:21.848+0700] {processor.py:208} INFO - Processing /home/fawzan/airflow/.venv/lib/python3.10/site-packages/airflow/example_dags/example_params_ui_tutorial.py took 0.061 seconds
[2024-11-06T18:16:38.837+0700] {processor.py:186} INFO - Started process (PID=3773) to work on /home/fawzan/airflow/.venv/lib/python3.10/site-packages/airflow/example_dags/example_params_ui_tutorial.py
[2024-11-06T18:16:38.840+0700] {processor.py:914} INFO - Processing file /home/fawzan/airflow/.venv/lib/python3.10/site-packages/airflow/example_dags/example_params_ui_tutorial.py for tasks to queue
[2024-11-06T18:16:38.843+0700] {logging_mixin.py:190} INFO - [2024-11-06T18:16:38.842+0700] {dagbag.py:588} INFO - Filling up the DagBag from /home/fawzan/airflow/.venv/lib/python3.10/site-packages/airflow/example_dags/example_params_ui_tutorial.py
[2024-11-06T18:16:38.851+0700] {processor.py:925} INFO - DAG(s) 'example_params_ui_tutorial' retrieved from /home/fawzan/airflow/.venv/lib/python3.10/site-packages/airflow/example_dags/example_params_ui_tutorial.py
[2024-11-06T18:16:38.876+0700] {logging_mixin.py:190} INFO - [2024-11-06T18:16:38.875+0700] {dag.py:3239} INFO - Sync 1 DAGs
[2024-11-06T18:16:38.882+0700] {logging_mixin.py:190} INFO - [2024-11-06T18:16:38.882+0700] {dag.py:4180} INFO - Setting next_dagrun for example_params_ui_tutorial to None, run_after=None
[2024-11-06T18:16:38.894+0700] {processor.py:208} INFO - Processing /home/fawzan/airflow/.venv/lib/python3.10/site-packages/airflow/example_dags/example_params_ui_tutorial.py took 0.064 seconds
[2024-11-06T18:17:34.563+0700] {processor.py:186} INFO - Started process (PID=3920) to work on /home/fawzan/airflow/.venv/lib/python3.10/site-packages/airflow/example_dags/example_params_ui_tutorial.py
[2024-11-06T18:17:34.564+0700] {processor.py:914} INFO - Processing file /home/fawzan/airflow/.venv/lib/python3.10/site-packages/airflow/example_dags/example_params_ui_tutorial.py for tasks to queue
[2024-11-06T18:17:34.567+0700] {logging_mixin.py:190} INFO - [2024-11-06T18:17:34.566+0700] {dagbag.py:588} INFO - Filling up the DagBag from /home/fawzan/airflow/.venv/lib/python3.10/site-packages/airflow/example_dags/example_params_ui_tutorial.py
[2024-11-06T18:17:34.575+0700] {processor.py:925} INFO - DAG(s) 'example_params_ui_tutorial' retrieved from /home/fawzan/airflow/.venv/lib/python3.10/site-packages/airflow/example_dags/example_params_ui_tutorial.py
[2024-11-06T18:17:34.606+0700] {logging_mixin.py:190} INFO - [2024-11-06T18:17:34.605+0700] {dag.py:3239} INFO - Sync 1 DAGs
[2024-11-06T18:17:34.613+0700] {logging_mixin.py:190} INFO - [2024-11-06T18:17:34.613+0700] {dag.py:4180} INFO - Setting next_dagrun for example_params_ui_tutorial to None, run_after=None
[2024-11-06T18:17:34.626+0700] {processor.py:208} INFO - Processing /home/fawzan/airflow/.venv/lib/python3.10/site-packages/airflow/example_dags/example_params_ui_tutorial.py took 0.068 seconds
[2024-11-06T18:18:27.365+0700] {processor.py:186} INFO - Started process (PID=4025) to work on /home/fawzan/airflow/.venv/lib/python3.10/site-packages/airflow/example_dags/example_params_ui_tutorial.py
[2024-11-06T18:18:27.368+0700] {processor.py:914} INFO - Processing file /home/fawzan/airflow/.venv/lib/python3.10/site-packages/airflow/example_dags/example_params_ui_tutorial.py for tasks to queue
[2024-11-06T18:18:27.370+0700] {logging_mixin.py:190} INFO - [2024-11-06T18:18:27.370+0700] {dagbag.py:588} INFO - Filling up the DagBag from /home/fawzan/airflow/.venv/lib/python3.10/site-packages/airflow/example_dags/example_params_ui_tutorial.py
[2024-11-06T18:18:27.379+0700] {processor.py:925} INFO - DAG(s) 'example_params_ui_tutorial' retrieved from /home/fawzan/airflow/.venv/lib/python3.10/site-packages/airflow/example_dags/example_params_ui_tutorial.py
[2024-11-06T18:18:27.403+0700] {logging_mixin.py:190} INFO - [2024-11-06T18:18:27.403+0700] {dag.py:3239} INFO - Sync 1 DAGs
[2024-11-06T18:18:27.410+0700] {logging_mixin.py:190} INFO - [2024-11-06T18:18:27.409+0700] {dag.py:4180} INFO - Setting next_dagrun for example_params_ui_tutorial to None, run_after=None
[2024-11-06T18:18:27.422+0700] {processor.py:208} INFO - Processing /home/fawzan/airflow/.venv/lib/python3.10/site-packages/airflow/example_dags/example_params_ui_tutorial.py took 0.062 seconds
[2024-11-06T18:19:19.304+0700] {processor.py:186} INFO - Started process (PID=4127) to work on /home/fawzan/airflow/.venv/lib/python3.10/site-packages/airflow/example_dags/example_params_ui_tutorial.py
[2024-11-06T18:19:19.307+0700] {processor.py:914} INFO - Processing file /home/fawzan/airflow/.venv/lib/python3.10/site-packages/airflow/example_dags/example_params_ui_tutorial.py for tasks to queue
[2024-11-06T18:19:19.309+0700] {logging_mixin.py:190} INFO - [2024-11-06T18:19:19.309+0700] {dagbag.py:588} INFO - Filling up the DagBag from /home/fawzan/airflow/.venv/lib/python3.10/site-packages/airflow/example_dags/example_params_ui_tutorial.py
[2024-11-06T18:19:19.318+0700] {processor.py:925} INFO - DAG(s) 'example_params_ui_tutorial' retrieved from /home/fawzan/airflow/.venv/lib/python3.10/site-packages/airflow/example_dags/example_params_ui_tutorial.py
[2024-11-06T18:19:19.342+0700] {logging_mixin.py:190} INFO - [2024-11-06T18:19:19.342+0700] {dag.py:3239} INFO - Sync 1 DAGs
[2024-11-06T18:19:19.349+0700] {logging_mixin.py:190} INFO - [2024-11-06T18:19:19.349+0700] {dag.py:4180} INFO - Setting next_dagrun for example_params_ui_tutorial to None, run_after=None
[2024-11-06T18:19:19.361+0700] {processor.py:208} INFO - Processing /home/fawzan/airflow/.venv/lib/python3.10/site-packages/airflow/example_dags/example_params_ui_tutorial.py took 0.062 seconds
[2024-11-06T18:20:14.653+0700] {processor.py:186} INFO - Started process (PID=4226) to work on /home/fawzan/airflow/.venv/lib/python3.10/site-packages/airflow/example_dags/example_params_ui_tutorial.py
[2024-11-06T18:20:14.656+0700] {processor.py:914} INFO - Processing file /home/fawzan/airflow/.venv/lib/python3.10/site-packages/airflow/example_dags/example_params_ui_tutorial.py for tasks to queue
[2024-11-06T18:20:14.658+0700] {logging_mixin.py:190} INFO - [2024-11-06T18:20:14.658+0700] {dagbag.py:588} INFO - Filling up the DagBag from /home/fawzan/airflow/.venv/lib/python3.10/site-packages/airflow/example_dags/example_params_ui_tutorial.py
[2024-11-06T18:20:14.667+0700] {processor.py:925} INFO - DAG(s) 'example_params_ui_tutorial' retrieved from /home/fawzan/airflow/.venv/lib/python3.10/site-packages/airflow/example_dags/example_params_ui_tutorial.py
[2024-11-06T18:20:14.690+0700] {logging_mixin.py:190} INFO - [2024-11-06T18:20:14.690+0700] {dag.py:3239} INFO - Sync 1 DAGs
[2024-11-06T18:20:14.697+0700] {logging_mixin.py:190} INFO - [2024-11-06T18:20:14.696+0700] {dag.py:4180} INFO - Setting next_dagrun for example_params_ui_tutorial to None, run_after=None
[2024-11-06T18:20:14.708+0700] {processor.py:208} INFO - Processing /home/fawzan/airflow/.venv/lib/python3.10/site-packages/airflow/example_dags/example_params_ui_tutorial.py took 0.059 seconds
[2024-11-06T18:21:21.619+0700] {processor.py:186} INFO - Started process (PID=4445) to work on /home/fawzan/airflow/.venv/lib/python3.10/site-packages/airflow/example_dags/example_params_ui_tutorial.py
[2024-11-06T18:21:21.622+0700] {processor.py:914} INFO - Processing file /home/fawzan/airflow/.venv/lib/python3.10/site-packages/airflow/example_dags/example_params_ui_tutorial.py for tasks to queue
[2024-11-06T18:21:21.624+0700] {logging_mixin.py:190} INFO - [2024-11-06T18:21:21.623+0700] {dagbag.py:588} INFO - Filling up the DagBag from /home/fawzan/airflow/.venv/lib/python3.10/site-packages/airflow/example_dags/example_params_ui_tutorial.py
[2024-11-06T18:21:21.633+0700] {processor.py:925} INFO - DAG(s) 'example_params_ui_tutorial' retrieved from /home/fawzan/airflow/.venv/lib/python3.10/site-packages/airflow/example_dags/example_params_ui_tutorial.py
[2024-11-06T18:21:21.657+0700] {logging_mixin.py:190} INFO - [2024-11-06T18:21:21.657+0700] {dag.py:3239} INFO - Sync 1 DAGs
[2024-11-06T18:21:21.664+0700] {logging_mixin.py:190} INFO - [2024-11-06T18:21:21.664+0700] {dag.py:4180} INFO - Setting next_dagrun for example_params_ui_tutorial to None, run_after=None
[2024-11-06T18:21:21.676+0700] {processor.py:208} INFO - Processing /home/fawzan/airflow/.venv/lib/python3.10/site-packages/airflow/example_dags/example_params_ui_tutorial.py took 0.062 seconds
[2024-11-06T18:22:18.749+0700] {processor.py:186} INFO - Started process (PID=4567) to work on /home/fawzan/airflow/.venv/lib/python3.10/site-packages/airflow/example_dags/example_params_ui_tutorial.py
[2024-11-06T18:22:18.752+0700] {processor.py:914} INFO - Processing file /home/fawzan/airflow/.venv/lib/python3.10/site-packages/airflow/example_dags/example_params_ui_tutorial.py for tasks to queue
[2024-11-06T18:22:18.754+0700] {logging_mixin.py:190} INFO - [2024-11-06T18:22:18.753+0700] {dagbag.py:588} INFO - Filling up the DagBag from /home/fawzan/airflow/.venv/lib/python3.10/site-packages/airflow/example_dags/example_params_ui_tutorial.py
[2024-11-06T18:22:18.763+0700] {processor.py:925} INFO - DAG(s) 'example_params_ui_tutorial' retrieved from /home/fawzan/airflow/.venv/lib/python3.10/site-packages/airflow/example_dags/example_params_ui_tutorial.py
[2024-11-06T18:22:18.787+0700] {logging_mixin.py:190} INFO - [2024-11-06T18:22:18.787+0700] {dag.py:3239} INFO - Sync 1 DAGs
[2024-11-06T18:22:18.794+0700] {logging_mixin.py:190} INFO - [2024-11-06T18:22:18.793+0700] {dag.py:4180} INFO - Setting next_dagrun for example_params_ui_tutorial to None, run_after=None
[2024-11-06T18:22:18.806+0700] {processor.py:208} INFO - Processing /home/fawzan/airflow/.venv/lib/python3.10/site-packages/airflow/example_dags/example_params_ui_tutorial.py took 0.062 seconds
[2024-11-06T18:23:11.840+0700] {processor.py:186} INFO - Started process (PID=4661) to work on /home/fawzan/airflow/.venv/lib/python3.10/site-packages/airflow/example_dags/example_params_ui_tutorial.py
[2024-11-06T18:23:11.843+0700] {processor.py:914} INFO - Processing file /home/fawzan/airflow/.venv/lib/python3.10/site-packages/airflow/example_dags/example_params_ui_tutorial.py for tasks to queue
[2024-11-06T18:23:11.845+0700] {logging_mixin.py:190} INFO - [2024-11-06T18:23:11.845+0700] {dagbag.py:588} INFO - Filling up the DagBag from /home/fawzan/airflow/.venv/lib/python3.10/site-packages/airflow/example_dags/example_params_ui_tutorial.py
[2024-11-06T18:23:11.854+0700] {processor.py:925} INFO - DAG(s) 'example_params_ui_tutorial' retrieved from /home/fawzan/airflow/.venv/lib/python3.10/site-packages/airflow/example_dags/example_params_ui_tutorial.py
[2024-11-06T18:23:11.878+0700] {logging_mixin.py:190} INFO - [2024-11-06T18:23:11.878+0700] {dag.py:3239} INFO - Sync 1 DAGs
[2024-11-06T18:23:11.885+0700] {logging_mixin.py:190} INFO - [2024-11-06T18:23:11.885+0700] {dag.py:4180} INFO - Setting next_dagrun for example_params_ui_tutorial to None, run_after=None
[2024-11-06T18:23:11.901+0700] {processor.py:208} INFO - Processing /home/fawzan/airflow/.venv/lib/python3.10/site-packages/airflow/example_dags/example_params_ui_tutorial.py took 0.066 seconds
[2024-11-06T18:24:07.397+0700] {processor.py:186} INFO - Started process (PID=4772) to work on /home/fawzan/airflow/.venv/lib/python3.10/site-packages/airflow/example_dags/example_params_ui_tutorial.py
[2024-11-06T18:24:07.400+0700] {processor.py:914} INFO - Processing file /home/fawzan/airflow/.venv/lib/python3.10/site-packages/airflow/example_dags/example_params_ui_tutorial.py for tasks to queue
[2024-11-06T18:24:07.402+0700] {logging_mixin.py:190} INFO - [2024-11-06T18:24:07.402+0700] {dagbag.py:588} INFO - Filling up the DagBag from /home/fawzan/airflow/.venv/lib/python3.10/site-packages/airflow/example_dags/example_params_ui_tutorial.py
[2024-11-06T18:24:07.411+0700] {processor.py:925} INFO - DAG(s) 'example_params_ui_tutorial' retrieved from /home/fawzan/airflow/.venv/lib/python3.10/site-packages/airflow/example_dags/example_params_ui_tutorial.py
[2024-11-06T18:24:07.435+0700] {logging_mixin.py:190} INFO - [2024-11-06T18:24:07.435+0700] {dag.py:3239} INFO - Sync 1 DAGs
[2024-11-06T18:24:07.442+0700] {logging_mixin.py:190} INFO - [2024-11-06T18:24:07.442+0700] {dag.py:4180} INFO - Setting next_dagrun for example_params_ui_tutorial to None, run_after=None
[2024-11-06T18:24:07.454+0700] {processor.py:208} INFO - Processing /home/fawzan/airflow/.venv/lib/python3.10/site-packages/airflow/example_dags/example_params_ui_tutorial.py took 0.062 seconds
[2024-11-06T18:32:47.574+0700] {processor.py:186} INFO - Started process (PID=5197) to work on /home/fawzan/airflow/.venv/lib/python3.10/site-packages/airflow/example_dags/example_params_ui_tutorial.py
[2024-11-06T18:32:47.575+0700] {processor.py:914} INFO - Processing file /home/fawzan/airflow/.venv/lib/python3.10/site-packages/airflow/example_dags/example_params_ui_tutorial.py for tasks to queue
[2024-11-06T18:32:47.577+0700] {logging_mixin.py:190} INFO - [2024-11-06T18:32:47.577+0700] {dagbag.py:588} INFO - Filling up the DagBag from /home/fawzan/airflow/.venv/lib/python3.10/site-packages/airflow/example_dags/example_params_ui_tutorial.py
[2024-11-06T18:32:47.585+0700] {processor.py:925} INFO - DAG(s) 'example_params_ui_tutorial' retrieved from /home/fawzan/airflow/.venv/lib/python3.10/site-packages/airflow/example_dags/example_params_ui_tutorial.py
[2024-11-06T18:32:47.609+0700] {logging_mixin.py:190} INFO - [2024-11-06T18:32:47.609+0700] {dag.py:3239} INFO - Sync 1 DAGs
[2024-11-06T18:32:47.615+0700] {logging_mixin.py:190} INFO - [2024-11-06T18:32:47.615+0700] {dag.py:4180} INFO - Setting next_dagrun for example_params_ui_tutorial to None, run_after=None
[2024-11-06T18:32:47.627+0700] {processor.py:208} INFO - Processing /home/fawzan/airflow/.venv/lib/python3.10/site-packages/airflow/example_dags/example_params_ui_tutorial.py took 0.060 seconds
