[2024-11-06T17:07:45.939+0700] {processor.py:186} INFO - Started process (PID=3766) to work on /home/fawzan/airflow/.venv/lib/python3.10/site-packages/airflow/example_dags/example_skip_dag.py
[2024-11-06T17:07:45.940+0700] {processor.py:914} INFO - Processing file /home/fawzan/airflow/.venv/lib/python3.10/site-packages/airflow/example_dags/example_skip_dag.py for tasks to queue
[2024-11-06T17:07:45.942+0700] {logging_mixin.py:190} INFO - [2024-11-06T17:07:45.942+0700] {dagbag.py:588} INFO - Filling up the DagBag from /home/fawzan/airflow/.venv/lib/python3.10/site-packages/airflow/example_dags/example_skip_dag.py
[2024-11-06T17:07:45.949+0700] {processor.py:925} INFO - DAG(s) 'example_skip_dag' retrieved from /home/fawzan/airflow/.venv/lib/python3.10/site-packages/airflow/example_dags/example_skip_dag.py
[2024-11-06T17:07:46.005+0700] {logging_mixin.py:190} INFO - [2024-11-06T17:07:46.004+0700] {override.py:1900} INFO - Created Permission View: can edit on DAG:example_skip_dag
[2024-11-06T17:07:46.011+0700] {logging_mixin.py:190} INFO - [2024-11-06T17:07:46.011+0700] {override.py:1900} INFO - Created Permission View: can delete on DAG:example_skip_dag
[2024-11-06T17:07:46.017+0700] {logging_mixin.py:190} INFO - [2024-11-06T17:07:46.016+0700] {override.py:1900} INFO - Created Permission View: can read on DAG:example_skip_dag
[2024-11-06T17:07:46.027+0700] {logging_mixin.py:190} INFO - [2024-11-06T17:07:46.027+0700] {override.py:1900} INFO - Created Permission View: can delete on DAG Run:example_skip_dag
[2024-11-06T17:07:46.033+0700] {logging_mixin.py:190} INFO - [2024-11-06T17:07:46.033+0700] {override.py:1900} INFO - Created Permission View: can create on DAG Run:example_skip_dag
[2024-11-06T17:07:46.040+0700] {logging_mixin.py:190} INFO - [2024-11-06T17:07:46.040+0700] {override.py:1900} INFO - Created Permission View: menu access on DAG Run:example_skip_dag
[2024-11-06T17:07:46.046+0700] {logging_mixin.py:190} INFO - [2024-11-06T17:07:46.046+0700] {override.py:1900} INFO - Created Permission View: can read on DAG Run:example_skip_dag
[2024-11-06T17:07:46.046+0700] {logging_mixin.py:190} INFO - [2024-11-06T17:07:46.046+0700] {dag.py:3239} INFO - Sync 1 DAGs
[2024-11-06T17:07:46.053+0700] {logging_mixin.py:190} INFO - [2024-11-06T17:07:46.053+0700] {dag.py:3262} INFO - Creating ORM DAG for example_skip_dag
[2024-11-06T17:07:46.057+0700] {logging_mixin.py:190} INFO - [2024-11-06T17:07:46.057+0700] {dag.py:4180} INFO - Setting next_dagrun for example_skip_dag to 2024-11-05 00:00:00+00:00, run_after=2024-11-06 00:00:00+00:00
[2024-11-06T17:07:46.068+0700] {processor.py:208} INFO - Processing /home/fawzan/airflow/.venv/lib/python3.10/site-packages/airflow/example_dags/example_skip_dag.py took 0.134 seconds
[2024-11-06T17:13:18.048+0700] {processor.py:186} INFO - Started process (PID=3978) to work on /home/fawzan/airflow/.venv/lib/python3.10/site-packages/airflow/example_dags/example_skip_dag.py
[2024-11-06T17:13:18.049+0700] {processor.py:914} INFO - Processing file /home/fawzan/airflow/.venv/lib/python3.10/site-packages/airflow/example_dags/example_skip_dag.py for tasks to queue
[2024-11-06T17:13:18.052+0700] {logging_mixin.py:190} INFO - [2024-11-06T17:13:18.051+0700] {dagbag.py:588} INFO - Filling up the DagBag from /home/fawzan/airflow/.venv/lib/python3.10/site-packages/airflow/example_dags/example_skip_dag.py
[2024-11-06T17:13:18.059+0700] {processor.py:925} INFO - DAG(s) 'example_skip_dag' retrieved from /home/fawzan/airflow/.venv/lib/python3.10/site-packages/airflow/example_dags/example_skip_dag.py
[2024-11-06T17:13:18.073+0700] {logging_mixin.py:190} INFO - [2024-11-06T17:13:18.072+0700] {dag.py:3239} INFO - Sync 1 DAGs
[2024-11-06T17:13:18.083+0700] {logging_mixin.py:190} INFO - [2024-11-06T17:13:18.083+0700] {dag.py:4180} INFO - Setting next_dagrun for example_skip_dag to 2024-11-05 00:00:00+00:00, run_after=2024-11-06 00:00:00+00:00
[2024-11-06T17:13:18.096+0700] {processor.py:208} INFO - Processing /home/fawzan/airflow/.venv/lib/python3.10/site-packages/airflow/example_dags/example_skip_dag.py took 0.054 seconds
[2024-11-06T17:14:13.676+0700] {processor.py:186} INFO - Started process (PID=4059) to work on /home/fawzan/airflow/.venv/lib/python3.10/site-packages/airflow/example_dags/example_skip_dag.py
[2024-11-06T17:14:13.677+0700] {processor.py:914} INFO - Processing file /home/fawzan/airflow/.venv/lib/python3.10/site-packages/airflow/example_dags/example_skip_dag.py for tasks to queue
[2024-11-06T17:14:13.679+0700] {logging_mixin.py:190} INFO - [2024-11-06T17:14:13.679+0700] {dagbag.py:588} INFO - Filling up the DagBag from /home/fawzan/airflow/.venv/lib/python3.10/site-packages/airflow/example_dags/example_skip_dag.py
[2024-11-06T17:14:13.686+0700] {processor.py:925} INFO - DAG(s) 'example_skip_dag' retrieved from /home/fawzan/airflow/.venv/lib/python3.10/site-packages/airflow/example_dags/example_skip_dag.py
[2024-11-06T17:14:13.696+0700] {logging_mixin.py:190} INFO - [2024-11-06T17:14:13.696+0700] {dag.py:3239} INFO - Sync 1 DAGs
[2024-11-06T17:14:13.707+0700] {logging_mixin.py:190} INFO - [2024-11-06T17:14:13.706+0700] {dag.py:4180} INFO - Setting next_dagrun for example_skip_dag to 2024-11-05 00:00:00+00:00, run_after=2024-11-06 00:00:00+00:00
[2024-11-06T17:14:13.720+0700] {processor.py:208} INFO - Processing /home/fawzan/airflow/.venv/lib/python3.10/site-packages/airflow/example_dags/example_skip_dag.py took 0.050 seconds
[2024-11-06T17:15:06.876+0700] {processor.py:186} INFO - Started process (PID=4132) to work on /home/fawzan/airflow/.venv/lib/python3.10/site-packages/airflow/example_dags/example_skip_dag.py
[2024-11-06T17:15:06.877+0700] {processor.py:914} INFO - Processing file /home/fawzan/airflow/.venv/lib/python3.10/site-packages/airflow/example_dags/example_skip_dag.py for tasks to queue
[2024-11-06T17:15:06.878+0700] {logging_mixin.py:190} INFO - [2024-11-06T17:15:06.878+0700] {dagbag.py:588} INFO - Filling up the DagBag from /home/fawzan/airflow/.venv/lib/python3.10/site-packages/airflow/example_dags/example_skip_dag.py
[2024-11-06T17:15:06.882+0700] {processor.py:925} INFO - DAG(s) 'example_skip_dag' retrieved from /home/fawzan/airflow/.venv/lib/python3.10/site-packages/airflow/example_dags/example_skip_dag.py
[2024-11-06T17:15:06.892+0700] {logging_mixin.py:190} INFO - [2024-11-06T17:15:06.891+0700] {dag.py:3239} INFO - Sync 1 DAGs
[2024-11-06T17:15:06.902+0700] {logging_mixin.py:190} INFO - [2024-11-06T17:15:06.902+0700] {dag.py:4180} INFO - Setting next_dagrun for example_skip_dag to 2024-11-05 00:00:00+00:00, run_after=2024-11-06 00:00:00+00:00
[2024-11-06T17:15:06.914+0700] {processor.py:208} INFO - Processing /home/fawzan/airflow/.venv/lib/python3.10/site-packages/airflow/example_dags/example_skip_dag.py took 0.042 seconds
[2024-11-06T17:16:00.519+0700] {processor.py:186} INFO - Started process (PID=4186) to work on /home/fawzan/airflow/.venv/lib/python3.10/site-packages/airflow/example_dags/example_skip_dag.py
[2024-11-06T17:16:00.522+0700] {processor.py:914} INFO - Processing file /home/fawzan/airflow/.venv/lib/python3.10/site-packages/airflow/example_dags/example_skip_dag.py for tasks to queue
[2024-11-06T17:16:00.525+0700] {logging_mixin.py:190} INFO - [2024-11-06T17:16:00.524+0700] {dagbag.py:588} INFO - Filling up the DagBag from /home/fawzan/airflow/.venv/lib/python3.10/site-packages/airflow/example_dags/example_skip_dag.py
[2024-11-06T17:16:00.532+0700] {processor.py:925} INFO - DAG(s) 'example_skip_dag' retrieved from /home/fawzan/airflow/.venv/lib/python3.10/site-packages/airflow/example_dags/example_skip_dag.py
[2024-11-06T17:16:00.543+0700] {logging_mixin.py:190} INFO - [2024-11-06T17:16:00.543+0700] {dag.py:3239} INFO - Sync 1 DAGs
[2024-11-06T17:16:00.553+0700] {logging_mixin.py:190} INFO - [2024-11-06T17:16:00.553+0700] {dag.py:4180} INFO - Setting next_dagrun for example_skip_dag to 2024-11-05 00:00:00+00:00, run_after=2024-11-06 00:00:00+00:00
[2024-11-06T17:16:00.565+0700] {processor.py:208} INFO - Processing /home/fawzan/airflow/.venv/lib/python3.10/site-packages/airflow/example_dags/example_skip_dag.py took 0.050 seconds
[2024-11-06T18:13:07.300+0700] {processor.py:186} INFO - Started process (PID=2710) to work on /home/fawzan/airflow/.venv/lib/python3.10/site-packages/airflow/example_dags/example_skip_dag.py
[2024-11-06T18:13:07.303+0700] {processor.py:914} INFO - Processing file /home/fawzan/airflow/.venv/lib/python3.10/site-packages/airflow/example_dags/example_skip_dag.py for tasks to queue
[2024-11-06T18:13:07.306+0700] {logging_mixin.py:190} INFO - [2024-11-06T18:13:07.306+0700] {dagbag.py:588} INFO - Filling up the DagBag from /home/fawzan/airflow/.venv/lib/python3.10/site-packages/airflow/example_dags/example_skip_dag.py
[2024-11-06T18:13:07.314+0700] {processor.py:925} INFO - DAG(s) 'example_skip_dag' retrieved from /home/fawzan/airflow/.venv/lib/python3.10/site-packages/airflow/example_dags/example_skip_dag.py
[2024-11-06T18:13:07.327+0700] {logging_mixin.py:190} INFO - [2024-11-06T18:13:07.327+0700] {dag.py:3239} INFO - Sync 1 DAGs
[2024-11-06T18:13:07.337+0700] {logging_mixin.py:190} INFO - [2024-11-06T18:13:07.337+0700] {dag.py:4180} INFO - Setting next_dagrun for example_skip_dag to 2024-11-05 00:00:00+00:00, run_after=2024-11-06 00:00:00+00:00
[2024-11-06T18:13:07.350+0700] {processor.py:208} INFO - Processing /home/fawzan/airflow/.venv/lib/python3.10/site-packages/airflow/example_dags/example_skip_dag.py took 0.056 seconds
[2024-11-06T18:14:02.751+0700] {processor.py:186} INFO - Started process (PID=3296) to work on /home/fawzan/airflow/.venv/lib/python3.10/site-packages/airflow/example_dags/example_skip_dag.py
[2024-11-06T18:14:02.754+0700] {processor.py:914} INFO - Processing file /home/fawzan/airflow/.venv/lib/python3.10/site-packages/airflow/example_dags/example_skip_dag.py for tasks to queue
[2024-11-06T18:14:02.757+0700] {logging_mixin.py:190} INFO - [2024-11-06T18:14:02.756+0700] {dagbag.py:588} INFO - Filling up the DagBag from /home/fawzan/airflow/.venv/lib/python3.10/site-packages/airflow/example_dags/example_skip_dag.py
[2024-11-06T18:14:02.764+0700] {processor.py:925} INFO - DAG(s) 'example_skip_dag' retrieved from /home/fawzan/airflow/.venv/lib/python3.10/site-packages/airflow/example_dags/example_skip_dag.py
[2024-11-06T18:14:02.775+0700] {logging_mixin.py:190} INFO - [2024-11-06T18:14:02.775+0700] {dag.py:3239} INFO - Sync 1 DAGs
[2024-11-06T18:14:02.786+0700] {logging_mixin.py:190} INFO - [2024-11-06T18:14:02.786+0700] {dag.py:4180} INFO - Setting next_dagrun for example_skip_dag to 2024-11-05 00:00:00+00:00, run_after=2024-11-06 00:00:00+00:00
[2024-11-06T18:14:02.798+0700] {processor.py:208} INFO - Processing /home/fawzan/airflow/.venv/lib/python3.10/site-packages/airflow/example_dags/example_skip_dag.py took 0.053 seconds
[2024-11-06T18:14:54.303+0700] {processor.py:186} INFO - Started process (PID=3454) to work on /home/fawzan/airflow/.venv/lib/python3.10/site-packages/airflow/example_dags/example_skip_dag.py
[2024-11-06T18:14:54.304+0700] {processor.py:914} INFO - Processing file /home/fawzan/airflow/.venv/lib/python3.10/site-packages/airflow/example_dags/example_skip_dag.py for tasks to queue
[2024-11-06T18:14:54.306+0700] {logging_mixin.py:190} INFO - [2024-11-06T18:14:54.305+0700] {dagbag.py:588} INFO - Filling up the DagBag from /home/fawzan/airflow/.venv/lib/python3.10/site-packages/airflow/example_dags/example_skip_dag.py
[2024-11-06T18:14:54.311+0700] {processor.py:925} INFO - DAG(s) 'example_skip_dag' retrieved from /home/fawzan/airflow/.venv/lib/python3.10/site-packages/airflow/example_dags/example_skip_dag.py
[2024-11-06T18:14:54.320+0700] {logging_mixin.py:190} INFO - [2024-11-06T18:14:54.320+0700] {dag.py:3239} INFO - Sync 1 DAGs
[2024-11-06T18:14:54.330+0700] {logging_mixin.py:190} INFO - [2024-11-06T18:14:54.330+0700] {dag.py:4180} INFO - Setting next_dagrun for example_skip_dag to 2024-11-05 00:00:00+00:00, run_after=2024-11-06 00:00:00+00:00
[2024-11-06T18:14:54.343+0700] {processor.py:208} INFO - Processing /home/fawzan/airflow/.venv/lib/python3.10/site-packages/airflow/example_dags/example_skip_dag.py took 0.044 seconds
[2024-11-06T18:15:43.567+0700] {processor.py:186} INFO - Started process (PID=3562) to work on /home/fawzan/airflow/.venv/lib/python3.10/site-packages/airflow/example_dags/example_skip_dag.py
[2024-11-06T18:15:43.570+0700] {processor.py:914} INFO - Processing file /home/fawzan/airflow/.venv/lib/python3.10/site-packages/airflow/example_dags/example_skip_dag.py for tasks to queue
[2024-11-06T18:15:43.573+0700] {logging_mixin.py:190} INFO - [2024-11-06T18:15:43.572+0700] {dagbag.py:588} INFO - Filling up the DagBag from /home/fawzan/airflow/.venv/lib/python3.10/site-packages/airflow/example_dags/example_skip_dag.py
[2024-11-06T18:15:43.583+0700] {processor.py:925} INFO - DAG(s) 'example_skip_dag' retrieved from /home/fawzan/airflow/.venv/lib/python3.10/site-packages/airflow/example_dags/example_skip_dag.py
[2024-11-06T18:15:43.599+0700] {logging_mixin.py:190} INFO - [2024-11-06T18:15:43.599+0700] {dag.py:3239} INFO - Sync 1 DAGs
[2024-11-06T18:15:43.612+0700] {logging_mixin.py:190} INFO - [2024-11-06T18:15:43.612+0700] {dag.py:4180} INFO - Setting next_dagrun for example_skip_dag to 2024-11-05 00:00:00+00:00, run_after=2024-11-06 00:00:00+00:00
[2024-11-06T18:15:43.624+0700] {processor.py:208} INFO - Processing /home/fawzan/airflow/.venv/lib/python3.10/site-packages/airflow/example_dags/example_skip_dag.py took 0.063 seconds
[2024-11-06T18:16:23.245+0700] {processor.py:186} INFO - Started process (PID=3740) to work on /home/fawzan/airflow/.venv/lib/python3.10/site-packages/airflow/example_dags/example_skip_dag.py
[2024-11-06T18:16:23.249+0700] {processor.py:914} INFO - Processing file /home/fawzan/airflow/.venv/lib/python3.10/site-packages/airflow/example_dags/example_skip_dag.py for tasks to queue
[2024-11-06T18:16:23.251+0700] {logging_mixin.py:190} INFO - [2024-11-06T18:16:23.250+0700] {dagbag.py:588} INFO - Filling up the DagBag from /home/fawzan/airflow/.venv/lib/python3.10/site-packages/airflow/example_dags/example_skip_dag.py
[2024-11-06T18:16:23.257+0700] {processor.py:925} INFO - DAG(s) 'example_skip_dag' retrieved from /home/fawzan/airflow/.venv/lib/python3.10/site-packages/airflow/example_dags/example_skip_dag.py
[2024-11-06T18:16:23.267+0700] {logging_mixin.py:190} INFO - [2024-11-06T18:16:23.267+0700] {dag.py:3239} INFO - Sync 1 DAGs
[2024-11-06T18:16:23.278+0700] {logging_mixin.py:190} INFO - [2024-11-06T18:16:23.278+0700] {dag.py:4180} INFO - Setting next_dagrun for example_skip_dag to 2024-11-05 00:00:00+00:00, run_after=2024-11-06 00:00:00+00:00
[2024-11-06T18:16:23.291+0700] {processor.py:208} INFO - Processing /home/fawzan/airflow/.venv/lib/python3.10/site-packages/airflow/example_dags/example_skip_dag.py took 0.051 seconds
[2024-11-06T18:17:04.797+0700] {processor.py:186} INFO - Started process (PID=3843) to work on /home/fawzan/airflow/.venv/lib/python3.10/site-packages/airflow/example_dags/example_skip_dag.py
[2024-11-06T18:17:04.800+0700] {processor.py:914} INFO - Processing file /home/fawzan/airflow/.venv/lib/python3.10/site-packages/airflow/example_dags/example_skip_dag.py for tasks to queue
[2024-11-06T18:17:04.802+0700] {logging_mixin.py:190} INFO - [2024-11-06T18:17:04.801+0700] {dagbag.py:588} INFO - Filling up the DagBag from /home/fawzan/airflow/.venv/lib/python3.10/site-packages/airflow/example_dags/example_skip_dag.py
[2024-11-06T18:17:04.809+0700] {processor.py:925} INFO - DAG(s) 'example_skip_dag' retrieved from /home/fawzan/airflow/.venv/lib/python3.10/site-packages/airflow/example_dags/example_skip_dag.py
[2024-11-06T18:17:04.820+0700] {logging_mixin.py:190} INFO - [2024-11-06T18:17:04.820+0700] {dag.py:3239} INFO - Sync 1 DAGs
[2024-11-06T18:17:04.830+0700] {logging_mixin.py:190} INFO - [2024-11-06T18:17:04.830+0700] {dag.py:4180} INFO - Setting next_dagrun for example_skip_dag to 2024-11-05 00:00:00+00:00, run_after=2024-11-06 00:00:00+00:00
[2024-11-06T18:17:04.841+0700] {processor.py:208} INFO - Processing /home/fawzan/airflow/.venv/lib/python3.10/site-packages/airflow/example_dags/example_skip_dag.py took 0.049 seconds
[2024-11-06T18:17:57.494+0700] {processor.py:186} INFO - Started process (PID=3968) to work on /home/fawzan/airflow/.venv/lib/python3.10/site-packages/airflow/example_dags/example_skip_dag.py
[2024-11-06T18:17:57.497+0700] {processor.py:914} INFO - Processing file /home/fawzan/airflow/.venv/lib/python3.10/site-packages/airflow/example_dags/example_skip_dag.py for tasks to queue
[2024-11-06T18:17:57.500+0700] {logging_mixin.py:190} INFO - [2024-11-06T18:17:57.500+0700] {dagbag.py:588} INFO - Filling up the DagBag from /home/fawzan/airflow/.venv/lib/python3.10/site-packages/airflow/example_dags/example_skip_dag.py
[2024-11-06T18:17:57.508+0700] {processor.py:925} INFO - DAG(s) 'example_skip_dag' retrieved from /home/fawzan/airflow/.venv/lib/python3.10/site-packages/airflow/example_dags/example_skip_dag.py
[2024-11-06T18:17:57.522+0700] {logging_mixin.py:190} INFO - [2024-11-06T18:17:57.521+0700] {dag.py:3239} INFO - Sync 1 DAGs
[2024-11-06T18:17:57.533+0700] {logging_mixin.py:190} INFO - [2024-11-06T18:17:57.533+0700] {dag.py:4180} INFO - Setting next_dagrun for example_skip_dag to 2024-11-05 00:00:00+00:00, run_after=2024-11-06 00:00:00+00:00
[2024-11-06T18:17:57.546+0700] {processor.py:208} INFO - Processing /home/fawzan/airflow/.venv/lib/python3.10/site-packages/airflow/example_dags/example_skip_dag.py took 0.057 seconds
[2024-11-06T18:18:48.138+0700] {processor.py:186} INFO - Started process (PID=4066) to work on /home/fawzan/airflow/.venv/lib/python3.10/site-packages/airflow/example_dags/example_skip_dag.py
[2024-11-06T18:18:48.141+0700] {processor.py:914} INFO - Processing file /home/fawzan/airflow/.venv/lib/python3.10/site-packages/airflow/example_dags/example_skip_dag.py for tasks to queue
[2024-11-06T18:18:48.143+0700] {logging_mixin.py:190} INFO - [2024-11-06T18:18:48.142+0700] {dagbag.py:588} INFO - Filling up the DagBag from /home/fawzan/airflow/.venv/lib/python3.10/site-packages/airflow/example_dags/example_skip_dag.py
[2024-11-06T18:18:48.151+0700] {processor.py:925} INFO - DAG(s) 'example_skip_dag' retrieved from /home/fawzan/airflow/.venv/lib/python3.10/site-packages/airflow/example_dags/example_skip_dag.py
[2024-11-06T18:18:48.161+0700] {logging_mixin.py:190} INFO - [2024-11-06T18:18:48.161+0700] {dag.py:3239} INFO - Sync 1 DAGs
[2024-11-06T18:18:48.171+0700] {logging_mixin.py:190} INFO - [2024-11-06T18:18:48.171+0700] {dag.py:4180} INFO - Setting next_dagrun for example_skip_dag to 2024-11-05 00:00:00+00:00, run_after=2024-11-06 00:00:00+00:00
[2024-11-06T18:18:48.183+0700] {processor.py:208} INFO - Processing /home/fawzan/airflow/.venv/lib/python3.10/site-packages/airflow/example_dags/example_skip_dag.py took 0.050 seconds
[2024-11-06T18:19:42.262+0700] {processor.py:186} INFO - Started process (PID=4168) to work on /home/fawzan/airflow/.venv/lib/python3.10/site-packages/airflow/example_dags/example_skip_dag.py
[2024-11-06T18:19:42.265+0700] {processor.py:914} INFO - Processing file /home/fawzan/airflow/.venv/lib/python3.10/site-packages/airflow/example_dags/example_skip_dag.py for tasks to queue
[2024-11-06T18:19:42.267+0700] {logging_mixin.py:190} INFO - [2024-11-06T18:19:42.267+0700] {dagbag.py:588} INFO - Filling up the DagBag from /home/fawzan/airflow/.venv/lib/python3.10/site-packages/airflow/example_dags/example_skip_dag.py
[2024-11-06T18:19:42.275+0700] {processor.py:925} INFO - DAG(s) 'example_skip_dag' retrieved from /home/fawzan/airflow/.venv/lib/python3.10/site-packages/airflow/example_dags/example_skip_dag.py
[2024-11-06T18:19:42.286+0700] {logging_mixin.py:190} INFO - [2024-11-06T18:19:42.286+0700] {dag.py:3239} INFO - Sync 1 DAGs
[2024-11-06T18:19:42.297+0700] {logging_mixin.py:190} INFO - [2024-11-06T18:19:42.297+0700] {dag.py:4180} INFO - Setting next_dagrun for example_skip_dag to 2024-11-05 00:00:00+00:00, run_after=2024-11-06 00:00:00+00:00
[2024-11-06T18:19:42.309+0700] {processor.py:208} INFO - Processing /home/fawzan/airflow/.venv/lib/python3.10/site-packages/airflow/example_dags/example_skip_dag.py took 0.053 seconds
[2024-11-06T18:20:36.246+0700] {processor.py:186} INFO - Started process (PID=4268) to work on /home/fawzan/airflow/.venv/lib/python3.10/site-packages/airflow/example_dags/example_skip_dag.py
[2024-11-06T18:20:36.250+0700] {processor.py:914} INFO - Processing file /home/fawzan/airflow/.venv/lib/python3.10/site-packages/airflow/example_dags/example_skip_dag.py for tasks to queue
[2024-11-06T18:20:36.252+0700] {logging_mixin.py:190} INFO - [2024-11-06T18:20:36.252+0700] {dagbag.py:588} INFO - Filling up the DagBag from /home/fawzan/airflow/.venv/lib/python3.10/site-packages/airflow/example_dags/example_skip_dag.py
[2024-11-06T18:20:36.260+0700] {processor.py:925} INFO - DAG(s) 'example_skip_dag' retrieved from /home/fawzan/airflow/.venv/lib/python3.10/site-packages/airflow/example_dags/example_skip_dag.py
[2024-11-06T18:20:36.271+0700] {logging_mixin.py:190} INFO - [2024-11-06T18:20:36.270+0700] {dag.py:3239} INFO - Sync 1 DAGs
[2024-11-06T18:20:36.281+0700] {logging_mixin.py:190} INFO - [2024-11-06T18:20:36.281+0700] {dag.py:4180} INFO - Setting next_dagrun for example_skip_dag to 2024-11-05 00:00:00+00:00, run_after=2024-11-06 00:00:00+00:00
[2024-11-06T18:20:36.294+0700] {processor.py:208} INFO - Processing /home/fawzan/airflow/.venv/lib/python3.10/site-packages/airflow/example_dags/example_skip_dag.py took 0.052 seconds
[2024-11-06T18:21:47.607+0700] {processor.py:186} INFO - Started process (PID=4486) to work on /home/fawzan/airflow/.venv/lib/python3.10/site-packages/airflow/example_dags/example_skip_dag.py
[2024-11-06T18:21:47.610+0700] {processor.py:914} INFO - Processing file /home/fawzan/airflow/.venv/lib/python3.10/site-packages/airflow/example_dags/example_skip_dag.py for tasks to queue
[2024-11-06T18:21:47.612+0700] {logging_mixin.py:190} INFO - [2024-11-06T18:21:47.612+0700] {dagbag.py:588} INFO - Filling up the DagBag from /home/fawzan/airflow/.venv/lib/python3.10/site-packages/airflow/example_dags/example_skip_dag.py
[2024-11-06T18:21:47.620+0700] {processor.py:925} INFO - DAG(s) 'example_skip_dag' retrieved from /home/fawzan/airflow/.venv/lib/python3.10/site-packages/airflow/example_dags/example_skip_dag.py
[2024-11-06T18:21:47.631+0700] {logging_mixin.py:190} INFO - [2024-11-06T18:21:47.631+0700] {dag.py:3239} INFO - Sync 1 DAGs
[2024-11-06T18:21:47.642+0700] {logging_mixin.py:190} INFO - [2024-11-06T18:21:47.641+0700] {dag.py:4180} INFO - Setting next_dagrun for example_skip_dag to 2024-11-05 00:00:00+00:00, run_after=2024-11-06 00:00:00+00:00
[2024-11-06T18:21:47.654+0700] {processor.py:208} INFO - Processing /home/fawzan/airflow/.venv/lib/python3.10/site-packages/airflow/example_dags/example_skip_dag.py took 0.052 seconds
[2024-11-06T18:22:43.529+0700] {processor.py:186} INFO - Started process (PID=4613) to work on /home/fawzan/airflow/.venv/lib/python3.10/site-packages/airflow/example_dags/example_skip_dag.py
[2024-11-06T18:22:43.530+0700] {processor.py:914} INFO - Processing file /home/fawzan/airflow/.venv/lib/python3.10/site-packages/airflow/example_dags/example_skip_dag.py for tasks to queue
[2024-11-06T18:22:43.532+0700] {logging_mixin.py:190} INFO - [2024-11-06T18:22:43.532+0700] {dagbag.py:588} INFO - Filling up the DagBag from /home/fawzan/airflow/.venv/lib/python3.10/site-packages/airflow/example_dags/example_skip_dag.py
[2024-11-06T18:22:43.539+0700] {processor.py:925} INFO - DAG(s) 'example_skip_dag' retrieved from /home/fawzan/airflow/.venv/lib/python3.10/site-packages/airflow/example_dags/example_skip_dag.py
[2024-11-06T18:22:43.549+0700] {logging_mixin.py:190} INFO - [2024-11-06T18:22:43.549+0700] {dag.py:3239} INFO - Sync 1 DAGs
[2024-11-06T18:22:43.560+0700] {logging_mixin.py:190} INFO - [2024-11-06T18:22:43.560+0700] {dag.py:4180} INFO - Setting next_dagrun for example_skip_dag to 2024-11-05 00:00:00+00:00, run_after=2024-11-06 00:00:00+00:00
[2024-11-06T18:22:43.572+0700] {processor.py:208} INFO - Processing /home/fawzan/airflow/.venv/lib/python3.10/site-packages/airflow/example_dags/example_skip_dag.py took 0.048 seconds
[2024-11-06T18:23:38.213+0700] {processor.py:186} INFO - Started process (PID=4710) to work on /home/fawzan/airflow/.venv/lib/python3.10/site-packages/airflow/example_dags/example_skip_dag.py
[2024-11-06T18:23:38.217+0700] {processor.py:914} INFO - Processing file /home/fawzan/airflow/.venv/lib/python3.10/site-packages/airflow/example_dags/example_skip_dag.py for tasks to queue
[2024-11-06T18:23:38.219+0700] {logging_mixin.py:190} INFO - [2024-11-06T18:23:38.218+0700] {dagbag.py:588} INFO - Filling up the DagBag from /home/fawzan/airflow/.venv/lib/python3.10/site-packages/airflow/example_dags/example_skip_dag.py
[2024-11-06T18:23:38.227+0700] {processor.py:925} INFO - DAG(s) 'example_skip_dag' retrieved from /home/fawzan/airflow/.venv/lib/python3.10/site-packages/airflow/example_dags/example_skip_dag.py
[2024-11-06T18:23:38.237+0700] {logging_mixin.py:190} INFO - [2024-11-06T18:23:38.237+0700] {dag.py:3239} INFO - Sync 1 DAGs
[2024-11-06T18:23:38.248+0700] {logging_mixin.py:190} INFO - [2024-11-06T18:23:38.247+0700] {dag.py:4180} INFO - Setting next_dagrun for example_skip_dag to 2024-11-05 00:00:00+00:00, run_after=2024-11-06 00:00:00+00:00
[2024-11-06T18:23:38.260+0700] {processor.py:208} INFO - Processing /home/fawzan/airflow/.venv/lib/python3.10/site-packages/airflow/example_dags/example_skip_dag.py took 0.052 seconds
[2024-11-06T18:24:33.551+0700] {processor.py:186} INFO - Started process (PID=4830) to work on /home/fawzan/airflow/.venv/lib/python3.10/site-packages/airflow/example_dags/example_skip_dag.py
[2024-11-06T18:24:33.555+0700] {processor.py:914} INFO - Processing file /home/fawzan/airflow/.venv/lib/python3.10/site-packages/airflow/example_dags/example_skip_dag.py for tasks to queue
[2024-11-06T18:24:33.557+0700] {logging_mixin.py:190} INFO - [2024-11-06T18:24:33.557+0700] {dagbag.py:588} INFO - Filling up the DagBag from /home/fawzan/airflow/.venv/lib/python3.10/site-packages/airflow/example_dags/example_skip_dag.py
[2024-11-06T18:24:33.566+0700] {processor.py:925} INFO - DAG(s) 'example_skip_dag' retrieved from /home/fawzan/airflow/.venv/lib/python3.10/site-packages/airflow/example_dags/example_skip_dag.py
[2024-11-06T18:24:33.585+0700] {logging_mixin.py:190} INFO - [2024-11-06T18:24:33.585+0700] {dag.py:3239} INFO - Sync 1 DAGs
[2024-11-06T18:24:33.609+0700] {logging_mixin.py:190} INFO - [2024-11-06T18:24:33.609+0700] {dag.py:4180} INFO - Setting next_dagrun for example_skip_dag to 2024-11-05 00:00:00+00:00, run_after=2024-11-06 00:00:00+00:00
[2024-11-06T18:24:33.633+0700] {processor.py:208} INFO - Processing /home/fawzan/airflow/.venv/lib/python3.10/site-packages/airflow/example_dags/example_skip_dag.py took 0.088 seconds
[2024-11-06T18:32:21.525+0700] {processor.py:186} INFO - Started process (PID=5139) to work on /home/fawzan/airflow/.venv/lib/python3.10/site-packages/airflow/example_dags/example_skip_dag.py
[2024-11-06T18:32:21.528+0700] {processor.py:914} INFO - Processing file /home/fawzan/airflow/.venv/lib/python3.10/site-packages/airflow/example_dags/example_skip_dag.py for tasks to queue
[2024-11-06T18:32:21.531+0700] {logging_mixin.py:190} INFO - [2024-11-06T18:32:21.530+0700] {dagbag.py:588} INFO - Filling up the DagBag from /home/fawzan/airflow/.venv/lib/python3.10/site-packages/airflow/example_dags/example_skip_dag.py
[2024-11-06T18:32:21.539+0700] {processor.py:925} INFO - DAG(s) 'example_skip_dag' retrieved from /home/fawzan/airflow/.venv/lib/python3.10/site-packages/airflow/example_dags/example_skip_dag.py
[2024-11-06T18:32:21.553+0700] {logging_mixin.py:190} INFO - [2024-11-06T18:32:21.553+0700] {dag.py:3239} INFO - Sync 1 DAGs
[2024-11-06T18:32:21.564+0700] {logging_mixin.py:190} INFO - [2024-11-06T18:32:21.564+0700] {dag.py:4180} INFO - Setting next_dagrun for example_skip_dag to 2024-11-05 00:00:00+00:00, run_after=2024-11-06 00:00:00+00:00
[2024-11-06T18:32:21.577+0700] {processor.py:208} INFO - Processing /home/fawzan/airflow/.venv/lib/python3.10/site-packages/airflow/example_dags/example_skip_dag.py took 0.056 seconds
[2024-11-06T18:33:19.205+0700] {processor.py:186} INFO - Started process (PID=5253) to work on /home/fawzan/airflow/.venv/lib/python3.10/site-packages/airflow/example_dags/example_skip_dag.py
[2024-11-06T18:33:19.209+0700] {processor.py:914} INFO - Processing file /home/fawzan/airflow/.venv/lib/python3.10/site-packages/airflow/example_dags/example_skip_dag.py for tasks to queue
[2024-11-06T18:33:19.211+0700] {logging_mixin.py:190} INFO - [2024-11-06T18:33:19.210+0700] {dagbag.py:588} INFO - Filling up the DagBag from /home/fawzan/airflow/.venv/lib/python3.10/site-packages/airflow/example_dags/example_skip_dag.py
[2024-11-06T18:33:19.219+0700] {processor.py:925} INFO - DAG(s) 'example_skip_dag' retrieved from /home/fawzan/airflow/.venv/lib/python3.10/site-packages/airflow/example_dags/example_skip_dag.py
[2024-11-06T18:33:19.229+0700] {logging_mixin.py:190} INFO - [2024-11-06T18:33:19.229+0700] {dag.py:3239} INFO - Sync 1 DAGs
[2024-11-06T18:33:19.239+0700] {logging_mixin.py:190} INFO - [2024-11-06T18:33:19.239+0700] {dag.py:4180} INFO - Setting next_dagrun for example_skip_dag to 2024-11-05 00:00:00+00:00, run_after=2024-11-06 00:00:00+00:00
[2024-11-06T18:33:19.250+0700] {processor.py:208} INFO - Processing /home/fawzan/airflow/.venv/lib/python3.10/site-packages/airflow/example_dags/example_skip_dag.py took 0.050 seconds
