[2024-11-06T17:13:57.158+0700] {processor.py:186} INFO - Started process (PID=4036) to work on /home/fawzan/airflow/.venv/lib/python3.10/site-packages/airflow/example_dags/example_python_operator.py
[2024-11-06T17:13:57.159+0700] {processor.py:914} INFO - Processing file /home/fawzan/airflow/.venv/lib/python3.10/site-packages/airflow/example_dags/example_python_operator.py for tasks to queue
[2024-11-06T17:13:57.161+0700] {logging_mixin.py:190} INFO - [2024-11-06T17:13:57.160+0700] {dagbag.py:588} INFO - Filling up the DagBag from /home/fawzan/airflow/.venv/lib/python3.10/site-packages/airflow/example_dags/example_python_operator.py
[2024-11-06T17:13:57.166+0700] {logging_mixin.py:190} INFO - [2024-11-06T17:13:57.166+0700] {example_python_operator.py:93} WARNING - The virtalenv_python example task requires virtualenv, please install it.
[2024-11-06T17:13:57.168+0700] {processor.py:925} INFO - DAG(s) 'example_python_operator' retrieved from /home/fawzan/airflow/.venv/lib/python3.10/site-packages/airflow/example_dags/example_python_operator.py
[2024-11-06T17:13:57.222+0700] {logging_mixin.py:190} INFO - [2024-11-06T17:13:57.222+0700] {override.py:1900} INFO - Created Permission View: can delete on DAG:example_python_operator
[2024-11-06T17:13:57.229+0700] {logging_mixin.py:190} INFO - [2024-11-06T17:13:57.229+0700] {override.py:1900} INFO - Created Permission View: can read on DAG:example_python_operator
[2024-11-06T17:13:57.234+0700] {logging_mixin.py:190} INFO - [2024-11-06T17:13:57.234+0700] {override.py:1900} INFO - Created Permission View: can edit on DAG:example_python_operator
[2024-11-06T17:13:57.242+0700] {logging_mixin.py:190} INFO - [2024-11-06T17:13:57.242+0700] {override.py:1900} INFO - Created Permission View: can create on DAG Run:example_python_operator
[2024-11-06T17:13:57.247+0700] {logging_mixin.py:190} INFO - [2024-11-06T17:13:57.247+0700] {override.py:1900} INFO - Created Permission View: can delete on DAG Run:example_python_operator
[2024-11-06T17:13:57.252+0700] {logging_mixin.py:190} INFO - [2024-11-06T17:13:57.252+0700] {override.py:1900} INFO - Created Permission View: can read on DAG Run:example_python_operator
[2024-11-06T17:13:57.257+0700] {logging_mixin.py:190} INFO - [2024-11-06T17:13:57.257+0700] {override.py:1900} INFO - Created Permission View: menu access on DAG Run:example_python_operator
[2024-11-06T17:13:57.257+0700] {logging_mixin.py:190} INFO - [2024-11-06T17:13:57.257+0700] {dag.py:3239} INFO - Sync 1 DAGs
[2024-11-06T17:13:57.264+0700] {logging_mixin.py:190} INFO - [2024-11-06T17:13:57.264+0700] {dag.py:3262} INFO - Creating ORM DAG for example_python_operator
[2024-11-06T17:13:57.264+0700] {logging_mixin.py:190} INFO - [2024-11-06T17:13:57.264+0700] {dag.py:4180} INFO - Setting next_dagrun for example_python_operator to None, run_after=None
[2024-11-06T17:13:57.276+0700] {processor.py:208} INFO - Processing /home/fawzan/airflow/.venv/lib/python3.10/site-packages/airflow/example_dags/example_python_operator.py took 0.123 seconds
[2024-11-06T17:14:52.560+0700] {processor.py:186} INFO - Started process (PID=4118) to work on /home/fawzan/airflow/.venv/lib/python3.10/site-packages/airflow/example_dags/example_python_operator.py
[2024-11-06T17:14:52.563+0700] {processor.py:914} INFO - Processing file /home/fawzan/airflow/.venv/lib/python3.10/site-packages/airflow/example_dags/example_python_operator.py for tasks to queue
[2024-11-06T17:14:52.565+0700] {logging_mixin.py:190} INFO - [2024-11-06T17:14:52.564+0700] {dagbag.py:588} INFO - Filling up the DagBag from /home/fawzan/airflow/.venv/lib/python3.10/site-packages/airflow/example_dags/example_python_operator.py
[2024-11-06T17:14:52.571+0700] {logging_mixin.py:190} INFO - [2024-11-06T17:14:52.570+0700] {example_python_operator.py:93} WARNING - The virtalenv_python example task requires virtualenv, please install it.
[2024-11-06T17:14:52.573+0700] {processor.py:925} INFO - DAG(s) 'example_python_operator' retrieved from /home/fawzan/airflow/.venv/lib/python3.10/site-packages/airflow/example_dags/example_python_operator.py
[2024-11-06T17:14:52.583+0700] {logging_mixin.py:190} INFO - [2024-11-06T17:14:52.583+0700] {dag.py:3239} INFO - Sync 1 DAGs
[2024-11-06T17:14:52.589+0700] {logging_mixin.py:190} INFO - [2024-11-06T17:14:52.589+0700] {dag.py:4180} INFO - Setting next_dagrun for example_python_operator to None, run_after=None
[2024-11-06T17:14:52.600+0700] {processor.py:208} INFO - Processing /home/fawzan/airflow/.venv/lib/python3.10/site-packages/airflow/example_dags/example_python_operator.py took 0.045 seconds
[2024-11-06T17:15:50.347+0700] {processor.py:186} INFO - Started process (PID=4176) to work on /home/fawzan/airflow/.venv/lib/python3.10/site-packages/airflow/example_dags/example_python_operator.py
[2024-11-06T17:15:50.350+0700] {processor.py:914} INFO - Processing file /home/fawzan/airflow/.venv/lib/python3.10/site-packages/airflow/example_dags/example_python_operator.py for tasks to queue
[2024-11-06T17:15:50.352+0700] {logging_mixin.py:190} INFO - [2024-11-06T17:15:50.351+0700] {dagbag.py:588} INFO - Filling up the DagBag from /home/fawzan/airflow/.venv/lib/python3.10/site-packages/airflow/example_dags/example_python_operator.py
[2024-11-06T17:15:50.358+0700] {logging_mixin.py:190} INFO - [2024-11-06T17:15:50.358+0700] {example_python_operator.py:93} WARNING - The virtalenv_python example task requires virtualenv, please install it.
[2024-11-06T17:15:50.360+0700] {processor.py:925} INFO - DAG(s) 'example_python_operator' retrieved from /home/fawzan/airflow/.venv/lib/python3.10/site-packages/airflow/example_dags/example_python_operator.py
[2024-11-06T17:15:50.370+0700] {logging_mixin.py:190} INFO - [2024-11-06T17:15:50.370+0700] {dag.py:3239} INFO - Sync 1 DAGs
[2024-11-06T17:15:50.376+0700] {logging_mixin.py:190} INFO - [2024-11-06T17:15:50.376+0700] {dag.py:4180} INFO - Setting next_dagrun for example_python_operator to None, run_after=None
[2024-11-06T17:15:50.388+0700] {processor.py:208} INFO - Processing /home/fawzan/airflow/.venv/lib/python3.10/site-packages/airflow/example_dags/example_python_operator.py took 0.045 seconds
[2024-11-06T18:13:46.219+0700] {processor.py:186} INFO - Started process (PID=3255) to work on /home/fawzan/airflow/.venv/lib/python3.10/site-packages/airflow/example_dags/example_python_operator.py
[2024-11-06T18:13:46.219+0700] {processor.py:914} INFO - Processing file /home/fawzan/airflow/.venv/lib/python3.10/site-packages/airflow/example_dags/example_python_operator.py for tasks to queue
[2024-11-06T18:13:46.221+0700] {logging_mixin.py:190} INFO - [2024-11-06T18:13:46.220+0700] {dagbag.py:588} INFO - Filling up the DagBag from /home/fawzan/airflow/.venv/lib/python3.10/site-packages/airflow/example_dags/example_python_operator.py
[2024-11-06T18:13:46.226+0700] {logging_mixin.py:190} INFO - [2024-11-06T18:13:46.226+0700] {example_python_operator.py:93} WARNING - The virtalenv_python example task requires virtualenv, please install it.
[2024-11-06T18:13:46.228+0700] {processor.py:925} INFO - DAG(s) 'example_python_operator' retrieved from /home/fawzan/airflow/.venv/lib/python3.10/site-packages/airflow/example_dags/example_python_operator.py
[2024-11-06T18:13:46.239+0700] {logging_mixin.py:190} INFO - [2024-11-06T18:13:46.238+0700] {dag.py:3239} INFO - Sync 1 DAGs
[2024-11-06T18:13:46.246+0700] {logging_mixin.py:190} INFO - [2024-11-06T18:13:46.245+0700] {dag.py:4180} INFO - Setting next_dagrun for example_python_operator to None, run_after=None
[2024-11-06T18:13:46.261+0700] {processor.py:208} INFO - Processing /home/fawzan/airflow/.venv/lib/python3.10/site-packages/airflow/example_dags/example_python_operator.py took 0.046 seconds
[2024-11-06T18:14:40.540+0700] {processor.py:186} INFO - Started process (PID=3408) to work on /home/fawzan/airflow/.venv/lib/python3.10/site-packages/airflow/example_dags/example_python_operator.py
[2024-11-06T18:14:40.543+0700] {processor.py:914} INFO - Processing file /home/fawzan/airflow/.venv/lib/python3.10/site-packages/airflow/example_dags/example_python_operator.py for tasks to queue
[2024-11-06T18:14:40.544+0700] {logging_mixin.py:190} INFO - [2024-11-06T18:14:40.544+0700] {dagbag.py:588} INFO - Filling up the DagBag from /home/fawzan/airflow/.venv/lib/python3.10/site-packages/airflow/example_dags/example_python_operator.py
[2024-11-06T18:14:40.550+0700] {logging_mixin.py:190} INFO - [2024-11-06T18:14:40.549+0700] {example_python_operator.py:93} WARNING - The virtalenv_python example task requires virtualenv, please install it.
[2024-11-06T18:14:40.551+0700] {processor.py:925} INFO - DAG(s) 'example_python_operator' retrieved from /home/fawzan/airflow/.venv/lib/python3.10/site-packages/airflow/example_dags/example_python_operator.py
[2024-11-06T18:14:40.562+0700] {logging_mixin.py:190} INFO - [2024-11-06T18:14:40.562+0700] {dag.py:3239} INFO - Sync 1 DAGs
[2024-11-06T18:14:40.569+0700] {logging_mixin.py:190} INFO - [2024-11-06T18:14:40.569+0700] {dag.py:4180} INFO - Setting next_dagrun for example_python_operator to None, run_after=None
[2024-11-06T18:14:40.581+0700] {processor.py:208} INFO - Processing /home/fawzan/airflow/.venv/lib/python3.10/site-packages/airflow/example_dags/example_python_operator.py took 0.046 seconds
[2024-11-06T18:16:06.886+0700] {processor.py:186} INFO - Started process (PID=3681) to work on /home/fawzan/airflow/.venv/lib/python3.10/site-packages/airflow/example_dags/example_python_operator.py
[2024-11-06T18:16:06.887+0700] {processor.py:914} INFO - Processing file /home/fawzan/airflow/.venv/lib/python3.10/site-packages/airflow/example_dags/example_python_operator.py for tasks to queue
[2024-11-06T18:16:06.889+0700] {logging_mixin.py:190} INFO - [2024-11-06T18:16:06.888+0700] {dagbag.py:588} INFO - Filling up the DagBag from /home/fawzan/airflow/.venv/lib/python3.10/site-packages/airflow/example_dags/example_python_operator.py
[2024-11-06T18:16:06.894+0700] {logging_mixin.py:190} INFO - [2024-11-06T18:16:06.894+0700] {example_python_operator.py:93} WARNING - The virtalenv_python example task requires virtualenv, please install it.
[2024-11-06T18:16:06.895+0700] {processor.py:925} INFO - DAG(s) 'example_python_operator' retrieved from /home/fawzan/airflow/.venv/lib/python3.10/site-packages/airflow/example_dags/example_python_operator.py
[2024-11-06T18:16:06.905+0700] {logging_mixin.py:190} INFO - [2024-11-06T18:16:06.905+0700] {dag.py:3239} INFO - Sync 1 DAGs
[2024-11-06T18:16:06.911+0700] {logging_mixin.py:190} INFO - [2024-11-06T18:16:06.911+0700] {dag.py:4180} INFO - Setting next_dagrun for example_python_operator to None, run_after=None
[2024-11-06T18:16:06.924+0700] {processor.py:208} INFO - Processing /home/fawzan/airflow/.venv/lib/python3.10/site-packages/airflow/example_dags/example_python_operator.py took 0.044 seconds
[2024-11-06T18:17:18.850+0700] {processor.py:186} INFO - Started process (PID=3887) to work on /home/fawzan/airflow/.venv/lib/python3.10/site-packages/airflow/example_dags/example_python_operator.py
[2024-11-06T18:17:18.854+0700] {processor.py:914} INFO - Processing file /home/fawzan/airflow/.venv/lib/python3.10/site-packages/airflow/example_dags/example_python_operator.py for tasks to queue
[2024-11-06T18:17:18.855+0700] {logging_mixin.py:190} INFO - [2024-11-06T18:17:18.855+0700] {dagbag.py:588} INFO - Filling up the DagBag from /home/fawzan/airflow/.venv/lib/python3.10/site-packages/airflow/example_dags/example_python_operator.py
[2024-11-06T18:17:18.861+0700] {logging_mixin.py:190} INFO - [2024-11-06T18:17:18.861+0700] {example_python_operator.py:93} WARNING - The virtalenv_python example task requires virtualenv, please install it.
[2024-11-06T18:17:18.863+0700] {processor.py:925} INFO - DAG(s) 'example_python_operator' retrieved from /home/fawzan/airflow/.venv/lib/python3.10/site-packages/airflow/example_dags/example_python_operator.py
[2024-11-06T18:17:18.873+0700] {logging_mixin.py:190} INFO - [2024-11-06T18:17:18.872+0700] {dag.py:3239} INFO - Sync 1 DAGs
[2024-11-06T18:17:18.879+0700] {logging_mixin.py:190} INFO - [2024-11-06T18:17:18.879+0700] {dag.py:4180} INFO - Setting next_dagrun for example_python_operator to None, run_after=None
[2024-11-06T18:17:18.890+0700] {processor.py:208} INFO - Processing /home/fawzan/airflow/.venv/lib/python3.10/site-packages/airflow/example_dags/example_python_operator.py took 0.045 seconds
[2024-11-06T18:18:35.174+0700] {processor.py:186} INFO - Started process (PID=4041) to work on /home/fawzan/airflow/.venv/lib/python3.10/site-packages/airflow/example_dags/example_python_operator.py
[2024-11-06T18:18:35.177+0700] {processor.py:914} INFO - Processing file /home/fawzan/airflow/.venv/lib/python3.10/site-packages/airflow/example_dags/example_python_operator.py for tasks to queue
[2024-11-06T18:18:35.179+0700] {logging_mixin.py:190} INFO - [2024-11-06T18:18:35.179+0700] {dagbag.py:588} INFO - Filling up the DagBag from /home/fawzan/airflow/.venv/lib/python3.10/site-packages/airflow/example_dags/example_python_operator.py
[2024-11-06T18:18:35.186+0700] {logging_mixin.py:190} INFO - [2024-11-06T18:18:35.186+0700] {example_python_operator.py:93} WARNING - The virtalenv_python example task requires virtualenv, please install it.
[2024-11-06T18:18:35.187+0700] {processor.py:925} INFO - DAG(s) 'example_python_operator' retrieved from /home/fawzan/airflow/.venv/lib/python3.10/site-packages/airflow/example_dags/example_python_operator.py
[2024-11-06T18:18:35.197+0700] {logging_mixin.py:190} INFO - [2024-11-06T18:18:35.196+0700] {dag.py:3239} INFO - Sync 1 DAGs
[2024-11-06T18:18:35.203+0700] {logging_mixin.py:190} INFO - [2024-11-06T18:18:35.203+0700] {dag.py:4180} INFO - Setting next_dagrun for example_python_operator to None, run_after=None
[2024-11-06T18:18:35.215+0700] {processor.py:208} INFO - Processing /home/fawzan/airflow/.venv/lib/python3.10/site-packages/airflow/example_dags/example_python_operator.py took 0.046 seconds
[2024-11-06T18:19:28.470+0700] {processor.py:186} INFO - Started process (PID=4145) to work on /home/fawzan/airflow/.venv/lib/python3.10/site-packages/airflow/example_dags/example_python_operator.py
[2024-11-06T18:19:28.473+0700] {processor.py:914} INFO - Processing file /home/fawzan/airflow/.venv/lib/python3.10/site-packages/airflow/example_dags/example_python_operator.py for tasks to queue
[2024-11-06T18:19:28.475+0700] {logging_mixin.py:190} INFO - [2024-11-06T18:19:28.475+0700] {dagbag.py:588} INFO - Filling up the DagBag from /home/fawzan/airflow/.venv/lib/python3.10/site-packages/airflow/example_dags/example_python_operator.py
[2024-11-06T18:19:28.482+0700] {logging_mixin.py:190} INFO - [2024-11-06T18:19:28.482+0700] {example_python_operator.py:93} WARNING - The virtalenv_python example task requires virtualenv, please install it.
[2024-11-06T18:19:28.484+0700] {processor.py:925} INFO - DAG(s) 'example_python_operator' retrieved from /home/fawzan/airflow/.venv/lib/python3.10/site-packages/airflow/example_dags/example_python_operator.py
[2024-11-06T18:19:28.495+0700] {logging_mixin.py:190} INFO - [2024-11-06T18:19:28.495+0700] {dag.py:3239} INFO - Sync 1 DAGs
[2024-11-06T18:19:28.502+0700] {logging_mixin.py:190} INFO - [2024-11-06T18:19:28.502+0700] {dag.py:4180} INFO - Setting next_dagrun for example_python_operator to None, run_after=None
[2024-11-06T18:19:28.514+0700] {processor.py:208} INFO - Processing /home/fawzan/airflow/.venv/lib/python3.10/site-packages/airflow/example_dags/example_python_operator.py took 0.048 seconds
[2024-11-06T18:20:25.474+0700] {processor.py:186} INFO - Started process (PID=4247) to work on /home/fawzan/airflow/.venv/lib/python3.10/site-packages/airflow/example_dags/example_python_operator.py
[2024-11-06T18:20:25.477+0700] {processor.py:914} INFO - Processing file /home/fawzan/airflow/.venv/lib/python3.10/site-packages/airflow/example_dags/example_python_operator.py for tasks to queue
[2024-11-06T18:20:25.479+0700] {logging_mixin.py:190} INFO - [2024-11-06T18:20:25.479+0700] {dagbag.py:588} INFO - Filling up the DagBag from /home/fawzan/airflow/.venv/lib/python3.10/site-packages/airflow/example_dags/example_python_operator.py
[2024-11-06T18:20:25.485+0700] {logging_mixin.py:190} INFO - [2024-11-06T18:20:25.485+0700] {example_python_operator.py:93} WARNING - The virtalenv_python example task requires virtualenv, please install it.
[2024-11-06T18:20:25.487+0700] {processor.py:925} INFO - DAG(s) 'example_python_operator' retrieved from /home/fawzan/airflow/.venv/lib/python3.10/site-packages/airflow/example_dags/example_python_operator.py
[2024-11-06T18:20:25.497+0700] {logging_mixin.py:190} INFO - [2024-11-06T18:20:25.497+0700] {dag.py:3239} INFO - Sync 1 DAGs
[2024-11-06T18:20:25.503+0700] {logging_mixin.py:190} INFO - [2024-11-06T18:20:25.503+0700] {dag.py:4180} INFO - Setting next_dagrun for example_python_operator to None, run_after=None
[2024-11-06T18:20:25.514+0700] {processor.py:208} INFO - Processing /home/fawzan/airflow/.venv/lib/python3.10/site-packages/airflow/example_dags/example_python_operator.py took 0.046 seconds
[2024-11-06T18:21:33.210+0700] {processor.py:186} INFO - Started process (PID=4466) to work on /home/fawzan/airflow/.venv/lib/python3.10/site-packages/airflow/example_dags/example_python_operator.py
[2024-11-06T18:21:33.213+0700] {processor.py:914} INFO - Processing file /home/fawzan/airflow/.venv/lib/python3.10/site-packages/airflow/example_dags/example_python_operator.py for tasks to queue
[2024-11-06T18:21:33.215+0700] {logging_mixin.py:190} INFO - [2024-11-06T18:21:33.215+0700] {dagbag.py:588} INFO - Filling up the DagBag from /home/fawzan/airflow/.venv/lib/python3.10/site-packages/airflow/example_dags/example_python_operator.py
[2024-11-06T18:21:33.222+0700] {logging_mixin.py:190} INFO - [2024-11-06T18:21:33.222+0700] {example_python_operator.py:93} WARNING - The virtalenv_python example task requires virtualenv, please install it.
[2024-11-06T18:21:33.224+0700] {processor.py:925} INFO - DAG(s) 'example_python_operator' retrieved from /home/fawzan/airflow/.venv/lib/python3.10/site-packages/airflow/example_dags/example_python_operator.py
[2024-11-06T18:21:33.234+0700] {logging_mixin.py:190} INFO - [2024-11-06T18:21:33.234+0700] {dag.py:3239} INFO - Sync 1 DAGs
[2024-11-06T18:21:33.241+0700] {logging_mixin.py:190} INFO - [2024-11-06T18:21:33.241+0700] {dag.py:4180} INFO - Setting next_dagrun for example_python_operator to None, run_after=None
[2024-11-06T18:21:33.253+0700] {processor.py:208} INFO - Processing /home/fawzan/airflow/.venv/lib/python3.10/site-packages/airflow/example_dags/example_python_operator.py took 0.049 seconds
[2024-11-06T18:22:29.146+0700] {processor.py:186} INFO - Started process (PID=4588) to work on /home/fawzan/airflow/.venv/lib/python3.10/site-packages/airflow/example_dags/example_python_operator.py
[2024-11-06T18:22:29.149+0700] {processor.py:914} INFO - Processing file /home/fawzan/airflow/.venv/lib/python3.10/site-packages/airflow/example_dags/example_python_operator.py for tasks to queue
[2024-11-06T18:22:29.151+0700] {logging_mixin.py:190} INFO - [2024-11-06T18:22:29.150+0700] {dagbag.py:588} INFO - Filling up the DagBag from /home/fawzan/airflow/.venv/lib/python3.10/site-packages/airflow/example_dags/example_python_operator.py
[2024-11-06T18:22:29.157+0700] {logging_mixin.py:190} INFO - [2024-11-06T18:22:29.157+0700] {example_python_operator.py:93} WARNING - The virtalenv_python example task requires virtualenv, please install it.
[2024-11-06T18:22:29.160+0700] {processor.py:925} INFO - DAG(s) 'example_python_operator' retrieved from /home/fawzan/airflow/.venv/lib/python3.10/site-packages/airflow/example_dags/example_python_operator.py
[2024-11-06T18:22:29.170+0700] {logging_mixin.py:190} INFO - [2024-11-06T18:22:29.170+0700] {dag.py:3239} INFO - Sync 1 DAGs
[2024-11-06T18:22:29.177+0700] {logging_mixin.py:190} INFO - [2024-11-06T18:22:29.177+0700] {dag.py:4180} INFO - Setting next_dagrun for example_python_operator to None, run_after=None
[2024-11-06T18:22:29.189+0700] {processor.py:208} INFO - Processing /home/fawzan/airflow/.venv/lib/python3.10/site-packages/airflow/example_dags/example_python_operator.py took 0.049 seconds
[2024-11-06T18:23:25.035+0700] {processor.py:186} INFO - Started process (PID=4686) to work on /home/fawzan/airflow/.venv/lib/python3.10/site-packages/airflow/example_dags/example_python_operator.py
[2024-11-06T18:23:25.037+0700] {processor.py:914} INFO - Processing file /home/fawzan/airflow/.venv/lib/python3.10/site-packages/airflow/example_dags/example_python_operator.py for tasks to queue
[2024-11-06T18:23:25.038+0700] {logging_mixin.py:190} INFO - [2024-11-06T18:23:25.038+0700] {dagbag.py:588} INFO - Filling up the DagBag from /home/fawzan/airflow/.venv/lib/python3.10/site-packages/airflow/example_dags/example_python_operator.py
[2024-11-06T18:23:25.043+0700] {logging_mixin.py:190} INFO - [2024-11-06T18:23:25.043+0700] {example_python_operator.py:93} WARNING - The virtalenv_python example task requires virtualenv, please install it.
[2024-11-06T18:23:25.044+0700] {processor.py:925} INFO - DAG(s) 'example_python_operator' retrieved from /home/fawzan/airflow/.venv/lib/python3.10/site-packages/airflow/example_dags/example_python_operator.py
[2024-11-06T18:23:25.055+0700] {logging_mixin.py:190} INFO - [2024-11-06T18:23:25.055+0700] {dag.py:3239} INFO - Sync 1 DAGs
[2024-11-06T18:23:25.061+0700] {logging_mixin.py:190} INFO - [2024-11-06T18:23:25.061+0700] {dag.py:4180} INFO - Setting next_dagrun for example_python_operator to None, run_after=None
[2024-11-06T18:23:25.073+0700] {processor.py:208} INFO - Processing /home/fawzan/airflow/.venv/lib/python3.10/site-packages/airflow/example_dags/example_python_operator.py took 0.042 seconds
[2024-11-06T18:24:21.954+0700] {processor.py:186} INFO - Started process (PID=4804) to work on /home/fawzan/airflow/.venv/lib/python3.10/site-packages/airflow/example_dags/example_python_operator.py
[2024-11-06T18:24:21.956+0700] {processor.py:914} INFO - Processing file /home/fawzan/airflow/.venv/lib/python3.10/site-packages/airflow/example_dags/example_python_operator.py for tasks to queue
[2024-11-06T18:24:21.957+0700] {logging_mixin.py:190} INFO - [2024-11-06T18:24:21.957+0700] {dagbag.py:588} INFO - Filling up the DagBag from /home/fawzan/airflow/.venv/lib/python3.10/site-packages/airflow/example_dags/example_python_operator.py
[2024-11-06T18:24:21.964+0700] {logging_mixin.py:190} INFO - [2024-11-06T18:24:21.964+0700] {example_python_operator.py:93} WARNING - The virtalenv_python example task requires virtualenv, please install it.
[2024-11-06T18:24:21.965+0700] {processor.py:925} INFO - DAG(s) 'example_python_operator' retrieved from /home/fawzan/airflow/.venv/lib/python3.10/site-packages/airflow/example_dags/example_python_operator.py
[2024-11-06T18:24:21.977+0700] {logging_mixin.py:190} INFO - [2024-11-06T18:24:21.977+0700] {dag.py:3239} INFO - Sync 1 DAGs
[2024-11-06T18:24:21.985+0700] {logging_mixin.py:190} INFO - [2024-11-06T18:24:21.985+0700] {dag.py:4180} INFO - Setting next_dagrun for example_python_operator to None, run_after=None
[2024-11-06T18:24:21.997+0700] {processor.py:208} INFO - Processing /home/fawzan/airflow/.venv/lib/python3.10/site-packages/airflow/example_dags/example_python_operator.py took 0.047 seconds
[2024-11-06T18:33:02.560+0700] {processor.py:186} INFO - Started process (PID=5225) to work on /home/fawzan/airflow/.venv/lib/python3.10/site-packages/airflow/example_dags/example_python_operator.py
[2024-11-06T18:33:02.561+0700] {processor.py:914} INFO - Processing file /home/fawzan/airflow/.venv/lib/python3.10/site-packages/airflow/example_dags/example_python_operator.py for tasks to queue
[2024-11-06T18:33:02.562+0700] {logging_mixin.py:190} INFO - [2024-11-06T18:33:02.562+0700] {dagbag.py:588} INFO - Filling up the DagBag from /home/fawzan/airflow/.venv/lib/python3.10/site-packages/airflow/example_dags/example_python_operator.py
[2024-11-06T18:33:02.568+0700] {logging_mixin.py:190} INFO - [2024-11-06T18:33:02.568+0700] {example_python_operator.py:93} WARNING - The virtalenv_python example task requires virtualenv, please install it.
[2024-11-06T18:33:02.569+0700] {processor.py:925} INFO - DAG(s) 'example_python_operator' retrieved from /home/fawzan/airflow/.venv/lib/python3.10/site-packages/airflow/example_dags/example_python_operator.py
[2024-11-06T18:33:02.579+0700] {logging_mixin.py:190} INFO - [2024-11-06T18:33:02.578+0700] {dag.py:3239} INFO - Sync 1 DAGs
[2024-11-06T18:33:02.585+0700] {logging_mixin.py:190} INFO - [2024-11-06T18:33:02.585+0700] {dag.py:4180} INFO - Setting next_dagrun for example_python_operator to None, run_after=None
[2024-11-06T18:33:02.597+0700] {processor.py:208} INFO - Processing /home/fawzan/airflow/.venv/lib/python3.10/site-packages/airflow/example_dags/example_python_operator.py took 0.041 seconds
