[2024-11-06T17:08:20.015+0700] {processor.py:186} INFO - Started process (PID=3863) to work on /home/fawzan/airflow/.venv/lib/python3.10/site-packages/airflow/example_dags/example_display_name.py
[2024-11-06T17:08:20.015+0700] {processor.py:914} INFO - Processing file /home/fawzan/airflow/.venv/lib/python3.10/site-packages/airflow/example_dags/example_display_name.py for tasks to queue
[2024-11-06T17:08:20.016+0700] {logging_mixin.py:190} INFO - [2024-11-06T17:08:20.016+0700] {dagbag.py:588} INFO - Filling up the DagBag from /home/fawzan/airflow/.venv/lib/python3.10/site-packages/airflow/example_dags/example_display_name.py
[2024-11-06T17:08:20.020+0700] {processor.py:925} INFO - DAG(s) 'example_display_name' retrieved from /home/fawzan/airflow/.venv/lib/python3.10/site-packages/airflow/example_dags/example_display_name.py
[2024-11-06T17:08:20.072+0700] {logging_mixin.py:190} INFO - [2024-11-06T17:08:20.072+0700] {override.py:1900} INFO - Created Permission View: can edit on DAG:example_display_name
[2024-11-06T17:08:20.080+0700] {logging_mixin.py:190} INFO - [2024-11-06T17:08:20.079+0700] {override.py:1900} INFO - Created Permission View: can delete on DAG:example_display_name
[2024-11-06T17:08:20.085+0700] {logging_mixin.py:190} INFO - [2024-11-06T17:08:20.085+0700] {override.py:1900} INFO - Created Permission View: can read on DAG:example_display_name
[2024-11-06T17:08:20.093+0700] {logging_mixin.py:190} INFO - [2024-11-06T17:08:20.093+0700] {override.py:1900} INFO - Created Permission View: can delete on DAG Run:example_display_name
[2024-11-06T17:08:20.098+0700] {logging_mixin.py:190} INFO - [2024-11-06T17:08:20.098+0700] {override.py:1900} INFO - Created Permission View: can create on DAG Run:example_display_name
[2024-11-06T17:08:20.103+0700] {logging_mixin.py:190} INFO - [2024-11-06T17:08:20.103+0700] {override.py:1900} INFO - Created Permission View: menu access on DAG Run:example_display_name
[2024-11-06T17:08:20.108+0700] {logging_mixin.py:190} INFO - [2024-11-06T17:08:20.108+0700] {override.py:1900} INFO - Created Permission View: can read on DAG Run:example_display_name
[2024-11-06T17:08:20.108+0700] {logging_mixin.py:190} INFO - [2024-11-06T17:08:20.108+0700] {dag.py:3239} INFO - Sync 1 DAGs
[2024-11-06T17:08:20.114+0700] {logging_mixin.py:190} INFO - [2024-11-06T17:08:20.114+0700] {dag.py:3262} INFO - Creating ORM DAG for example_display_name
[2024-11-06T17:08:20.114+0700] {logging_mixin.py:190} INFO - [2024-11-06T17:08:20.114+0700] {dag.py:4180} INFO - Setting next_dagrun for example_display_name to None, run_after=None
[2024-11-06T17:08:20.126+0700] {processor.py:208} INFO - Processing /home/fawzan/airflow/.venv/lib/python3.10/site-packages/airflow/example_dags/example_display_name.py took 0.116 seconds
[2024-11-06T17:13:47.710+0700] {processor.py:186} INFO - Started process (PID=4021) to work on /home/fawzan/airflow/.venv/lib/python3.10/site-packages/airflow/example_dags/example_display_name.py
[2024-11-06T17:13:47.713+0700] {processor.py:914} INFO - Processing file /home/fawzan/airflow/.venv/lib/python3.10/site-packages/airflow/example_dags/example_display_name.py for tasks to queue
[2024-11-06T17:13:47.715+0700] {logging_mixin.py:190} INFO - [2024-11-06T17:13:47.715+0700] {dagbag.py:588} INFO - Filling up the DagBag from /home/fawzan/airflow/.venv/lib/python3.10/site-packages/airflow/example_dags/example_display_name.py
[2024-11-06T17:13:47.722+0700] {processor.py:925} INFO - DAG(s) 'example_display_name' retrieved from /home/fawzan/airflow/.venv/lib/python3.10/site-packages/airflow/example_dags/example_display_name.py
[2024-11-06T17:13:47.732+0700] {logging_mixin.py:190} INFO - [2024-11-06T17:13:47.732+0700] {dag.py:3239} INFO - Sync 1 DAGs
[2024-11-06T17:13:47.739+0700] {logging_mixin.py:190} INFO - [2024-11-06T17:13:47.739+0700] {dag.py:4180} INFO - Setting next_dagrun for example_display_name to None, run_after=None
[2024-11-06T17:13:47.751+0700] {processor.py:208} INFO - Processing /home/fawzan/airflow/.venv/lib/python3.10/site-packages/airflow/example_dags/example_display_name.py took 0.045 seconds
[2024-11-06T17:14:44.548+0700] {processor.py:186} INFO - Started process (PID=4109) to work on /home/fawzan/airflow/.venv/lib/python3.10/site-packages/airflow/example_dags/example_display_name.py
[2024-11-06T17:14:44.550+0700] {processor.py:914} INFO - Processing file /home/fawzan/airflow/.venv/lib/python3.10/site-packages/airflow/example_dags/example_display_name.py for tasks to queue
[2024-11-06T17:14:44.552+0700] {logging_mixin.py:190} INFO - [2024-11-06T17:14:44.551+0700] {dagbag.py:588} INFO - Filling up the DagBag from /home/fawzan/airflow/.venv/lib/python3.10/site-packages/airflow/example_dags/example_display_name.py
[2024-11-06T17:14:44.559+0700] {processor.py:925} INFO - DAG(s) 'example_display_name' retrieved from /home/fawzan/airflow/.venv/lib/python3.10/site-packages/airflow/example_dags/example_display_name.py
[2024-11-06T17:14:44.575+0700] {logging_mixin.py:190} INFO - [2024-11-06T17:14:44.575+0700] {dag.py:3239} INFO - Sync 1 DAGs
[2024-11-06T17:14:44.587+0700] {logging_mixin.py:190} INFO - [2024-11-06T17:14:44.587+0700] {dag.py:4180} INFO - Setting next_dagrun for example_display_name to None, run_after=None
[2024-11-06T17:14:44.601+0700] {processor.py:208} INFO - Processing /home/fawzan/airflow/.venv/lib/python3.10/site-packages/airflow/example_dags/example_display_name.py took 0.056 seconds
[2024-11-06T17:15:40.609+0700] {processor.py:186} INFO - Started process (PID=4167) to work on /home/fawzan/airflow/.venv/lib/python3.10/site-packages/airflow/example_dags/example_display_name.py
[2024-11-06T17:15:40.612+0700] {processor.py:914} INFO - Processing file /home/fawzan/airflow/.venv/lib/python3.10/site-packages/airflow/example_dags/example_display_name.py for tasks to queue
[2024-11-06T17:15:40.614+0700] {logging_mixin.py:190} INFO - [2024-11-06T17:15:40.614+0700] {dagbag.py:588} INFO - Filling up the DagBag from /home/fawzan/airflow/.venv/lib/python3.10/site-packages/airflow/example_dags/example_display_name.py
[2024-11-06T17:15:40.621+0700] {processor.py:925} INFO - DAG(s) 'example_display_name' retrieved from /home/fawzan/airflow/.venv/lib/python3.10/site-packages/airflow/example_dags/example_display_name.py
[2024-11-06T17:15:40.629+0700] {logging_mixin.py:190} INFO - [2024-11-06T17:15:40.629+0700] {dag.py:3239} INFO - Sync 1 DAGs
[2024-11-06T17:15:40.635+0700] {logging_mixin.py:190} INFO - [2024-11-06T17:15:40.635+0700] {dag.py:4180} INFO - Setting next_dagrun for example_display_name to None, run_after=None
[2024-11-06T17:15:40.646+0700] {processor.py:208} INFO - Processing /home/fawzan/airflow/.venv/lib/python3.10/site-packages/airflow/example_dags/example_display_name.py took 0.044 seconds
[2024-11-06T18:13:37.093+0700] {processor.py:186} INFO - Started process (PID=2841) to work on /home/fawzan/airflow/.venv/lib/python3.10/site-packages/airflow/example_dags/example_display_name.py
[2024-11-06T18:13:37.094+0700] {processor.py:914} INFO - Processing file /home/fawzan/airflow/.venv/lib/python3.10/site-packages/airflow/example_dags/example_display_name.py for tasks to queue
[2024-11-06T18:13:37.096+0700] {logging_mixin.py:190} INFO - [2024-11-06T18:13:37.096+0700] {dagbag.py:588} INFO - Filling up the DagBag from /home/fawzan/airflow/.venv/lib/python3.10/site-packages/airflow/example_dags/example_display_name.py
[2024-11-06T18:13:37.103+0700] {processor.py:925} INFO - DAG(s) 'example_display_name' retrieved from /home/fawzan/airflow/.venv/lib/python3.10/site-packages/airflow/example_dags/example_display_name.py
[2024-11-06T18:13:37.117+0700] {logging_mixin.py:190} INFO - [2024-11-06T18:13:37.116+0700] {dag.py:3239} INFO - Sync 1 DAGs
[2024-11-06T18:13:37.128+0700] {logging_mixin.py:190} INFO - [2024-11-06T18:13:37.128+0700] {dag.py:4180} INFO - Setting next_dagrun for example_display_name to None, run_after=None
[2024-11-06T18:13:37.146+0700] {processor.py:208} INFO - Processing /home/fawzan/airflow/.venv/lib/python3.10/site-packages/airflow/example_dags/example_display_name.py took 0.058 seconds
[2024-11-06T18:14:31.384+0700] {processor.py:186} INFO - Started process (PID=3391) to work on /home/fawzan/airflow/.venv/lib/python3.10/site-packages/airflow/example_dags/example_display_name.py
[2024-11-06T18:14:31.387+0700] {processor.py:914} INFO - Processing file /home/fawzan/airflow/.venv/lib/python3.10/site-packages/airflow/example_dags/example_display_name.py for tasks to queue
[2024-11-06T18:14:31.389+0700] {logging_mixin.py:190} INFO - [2024-11-06T18:14:31.389+0700] {dagbag.py:588} INFO - Filling up the DagBag from /home/fawzan/airflow/.venv/lib/python3.10/site-packages/airflow/example_dags/example_display_name.py
[2024-11-06T18:14:31.397+0700] {processor.py:925} INFO - DAG(s) 'example_display_name' retrieved from /home/fawzan/airflow/.venv/lib/python3.10/site-packages/airflow/example_dags/example_display_name.py
[2024-11-06T18:14:31.406+0700] {logging_mixin.py:190} INFO - [2024-11-06T18:14:31.406+0700] {dag.py:3239} INFO - Sync 1 DAGs
[2024-11-06T18:14:31.413+0700] {logging_mixin.py:190} INFO - [2024-11-06T18:14:31.413+0700] {dag.py:4180} INFO - Setting next_dagrun for example_display_name to None, run_after=None
[2024-11-06T18:14:31.425+0700] {processor.py:208} INFO - Processing /home/fawzan/airflow/.venv/lib/python3.10/site-packages/airflow/example_dags/example_display_name.py took 0.046 seconds
[2024-11-06T18:15:26.954+0700] {processor.py:186} INFO - Started process (PID=3518) to work on /home/fawzan/airflow/.venv/lib/python3.10/site-packages/airflow/example_dags/example_display_name.py
[2024-11-06T18:15:26.957+0700] {processor.py:914} INFO - Processing file /home/fawzan/airflow/.venv/lib/python3.10/site-packages/airflow/example_dags/example_display_name.py for tasks to queue
[2024-11-06T18:15:26.959+0700] {logging_mixin.py:190} INFO - [2024-11-06T18:15:26.959+0700] {dagbag.py:588} INFO - Filling up the DagBag from /home/fawzan/airflow/.venv/lib/python3.10/site-packages/airflow/example_dags/example_display_name.py
[2024-11-06T18:15:26.966+0700] {processor.py:925} INFO - DAG(s) 'example_display_name' retrieved from /home/fawzan/airflow/.venv/lib/python3.10/site-packages/airflow/example_dags/example_display_name.py
[2024-11-06T18:15:26.974+0700] {logging_mixin.py:190} INFO - [2024-11-06T18:15:26.974+0700] {dag.py:3239} INFO - Sync 1 DAGs
[2024-11-06T18:15:26.981+0700] {logging_mixin.py:190} INFO - [2024-11-06T18:15:26.981+0700] {dag.py:4180} INFO - Setting next_dagrun for example_display_name to None, run_after=None
[2024-11-06T18:15:26.993+0700] {processor.py:208} INFO - Processing /home/fawzan/airflow/.venv/lib/python3.10/site-packages/airflow/example_dags/example_display_name.py took 0.044 seconds
[2024-11-06T18:16:44.027+0700] {processor.py:186} INFO - Started process (PID=3785) to work on /home/fawzan/airflow/.venv/lib/python3.10/site-packages/airflow/example_dags/example_display_name.py
[2024-11-06T18:16:44.031+0700] {processor.py:914} INFO - Processing file /home/fawzan/airflow/.venv/lib/python3.10/site-packages/airflow/example_dags/example_display_name.py for tasks to queue
[2024-11-06T18:16:44.033+0700] {logging_mixin.py:190} INFO - [2024-11-06T18:16:44.032+0700] {dagbag.py:588} INFO - Filling up the DagBag from /home/fawzan/airflow/.venv/lib/python3.10/site-packages/airflow/example_dags/example_display_name.py
[2024-11-06T18:16:44.040+0700] {processor.py:925} INFO - DAG(s) 'example_display_name' retrieved from /home/fawzan/airflow/.venv/lib/python3.10/site-packages/airflow/example_dags/example_display_name.py
[2024-11-06T18:16:44.049+0700] {logging_mixin.py:190} INFO - [2024-11-06T18:16:44.049+0700] {dag.py:3239} INFO - Sync 1 DAGs
[2024-11-06T18:16:44.056+0700] {logging_mixin.py:190} INFO - [2024-11-06T18:16:44.056+0700] {dag.py:4180} INFO - Setting next_dagrun for example_display_name to None, run_after=None
[2024-11-06T18:16:44.068+0700] {processor.py:208} INFO - Processing /home/fawzan/airflow/.venv/lib/python3.10/site-packages/airflow/example_dags/example_display_name.py took 0.047 seconds
[2024-11-06T18:17:39.710+0700] {processor.py:186} INFO - Started process (PID=3927) to work on /home/fawzan/airflow/.venv/lib/python3.10/site-packages/airflow/example_dags/example_display_name.py
[2024-11-06T18:17:39.711+0700] {processor.py:914} INFO - Processing file /home/fawzan/airflow/.venv/lib/python3.10/site-packages/airflow/example_dags/example_display_name.py for tasks to queue
[2024-11-06T18:17:39.713+0700] {logging_mixin.py:190} INFO - [2024-11-06T18:17:39.713+0700] {dagbag.py:588} INFO - Filling up the DagBag from /home/fawzan/airflow/.venv/lib/python3.10/site-packages/airflow/example_dags/example_display_name.py
[2024-11-06T18:17:39.720+0700] {processor.py:925} INFO - DAG(s) 'example_display_name' retrieved from /home/fawzan/airflow/.venv/lib/python3.10/site-packages/airflow/example_dags/example_display_name.py
[2024-11-06T18:17:39.730+0700] {logging_mixin.py:190} INFO - [2024-11-06T18:17:39.730+0700] {dag.py:3239} INFO - Sync 1 DAGs
[2024-11-06T18:17:39.737+0700] {logging_mixin.py:190} INFO - [2024-11-06T18:17:39.737+0700] {dag.py:4180} INFO - Setting next_dagrun for example_display_name to None, run_after=None
[2024-11-06T18:17:39.750+0700] {processor.py:208} INFO - Processing /home/fawzan/airflow/.venv/lib/python3.10/site-packages/airflow/example_dags/example_display_name.py took 0.046 seconds
[2024-11-06T18:18:32.555+0700] {processor.py:186} INFO - Started process (PID=4035) to work on /home/fawzan/airflow/.venv/lib/python3.10/site-packages/airflow/example_dags/example_display_name.py
[2024-11-06T18:18:32.558+0700] {processor.py:914} INFO - Processing file /home/fawzan/airflow/.venv/lib/python3.10/site-packages/airflow/example_dags/example_display_name.py for tasks to queue
[2024-11-06T18:18:32.560+0700] {logging_mixin.py:190} INFO - [2024-11-06T18:18:32.559+0700] {dagbag.py:588} INFO - Filling up the DagBag from /home/fawzan/airflow/.venv/lib/python3.10/site-packages/airflow/example_dags/example_display_name.py
[2024-11-06T18:18:32.567+0700] {processor.py:925} INFO - DAG(s) 'example_display_name' retrieved from /home/fawzan/airflow/.venv/lib/python3.10/site-packages/airflow/example_dags/example_display_name.py
[2024-11-06T18:18:32.576+0700] {logging_mixin.py:190} INFO - [2024-11-06T18:18:32.576+0700] {dag.py:3239} INFO - Sync 1 DAGs
[2024-11-06T18:18:32.583+0700] {logging_mixin.py:190} INFO - [2024-11-06T18:18:32.582+0700] {dag.py:4180} INFO - Setting next_dagrun for example_display_name to None, run_after=None
[2024-11-06T18:18:32.594+0700] {processor.py:208} INFO - Processing /home/fawzan/airflow/.venv/lib/python3.10/site-packages/airflow/example_dags/example_display_name.py took 0.045 seconds
[2024-11-06T18:19:24.497+0700] {processor.py:186} INFO - Started process (PID=4139) to work on /home/fawzan/airflow/.venv/lib/python3.10/site-packages/airflow/example_dags/example_display_name.py
[2024-11-06T18:19:24.500+0700] {processor.py:914} INFO - Processing file /home/fawzan/airflow/.venv/lib/python3.10/site-packages/airflow/example_dags/example_display_name.py for tasks to queue
[2024-11-06T18:19:24.502+0700] {logging_mixin.py:190} INFO - [2024-11-06T18:19:24.502+0700] {dagbag.py:588} INFO - Filling up the DagBag from /home/fawzan/airflow/.venv/lib/python3.10/site-packages/airflow/example_dags/example_display_name.py
[2024-11-06T18:19:24.510+0700] {processor.py:925} INFO - DAG(s) 'example_display_name' retrieved from /home/fawzan/airflow/.venv/lib/python3.10/site-packages/airflow/example_dags/example_display_name.py
[2024-11-06T18:19:24.520+0700] {logging_mixin.py:190} INFO - [2024-11-06T18:19:24.520+0700] {dag.py:3239} INFO - Sync 1 DAGs
[2024-11-06T18:19:24.527+0700] {logging_mixin.py:190} INFO - [2024-11-06T18:19:24.527+0700] {dag.py:4180} INFO - Setting next_dagrun for example_display_name to None, run_after=None
[2024-11-06T18:19:24.539+0700] {processor.py:208} INFO - Processing /home/fawzan/airflow/.venv/lib/python3.10/site-packages/airflow/example_dags/example_display_name.py took 0.048 seconds
[2024-11-06T18:20:19.426+0700] {processor.py:186} INFO - Started process (PID=4235) to work on /home/fawzan/airflow/.venv/lib/python3.10/site-packages/airflow/example_dags/example_display_name.py
[2024-11-06T18:20:19.429+0700] {processor.py:914} INFO - Processing file /home/fawzan/airflow/.venv/lib/python3.10/site-packages/airflow/example_dags/example_display_name.py for tasks to queue
[2024-11-06T18:20:19.431+0700] {logging_mixin.py:190} INFO - [2024-11-06T18:20:19.431+0700] {dagbag.py:588} INFO - Filling up the DagBag from /home/fawzan/airflow/.venv/lib/python3.10/site-packages/airflow/example_dags/example_display_name.py
[2024-11-06T18:20:19.439+0700] {processor.py:925} INFO - DAG(s) 'example_display_name' retrieved from /home/fawzan/airflow/.venv/lib/python3.10/site-packages/airflow/example_dags/example_display_name.py
[2024-11-06T18:20:19.449+0700] {logging_mixin.py:190} INFO - [2024-11-06T18:20:19.448+0700] {dag.py:3239} INFO - Sync 1 DAGs
[2024-11-06T18:20:19.455+0700] {logging_mixin.py:190} INFO - [2024-11-06T18:20:19.455+0700] {dag.py:4180} INFO - Setting next_dagrun for example_display_name to None, run_after=None
[2024-11-06T18:20:19.467+0700] {processor.py:208} INFO - Processing /home/fawzan/airflow/.venv/lib/python3.10/site-packages/airflow/example_dags/example_display_name.py took 0.046 seconds
[2024-11-06T18:21:26.818+0700] {processor.py:186} INFO - Started process (PID=4454) to work on /home/fawzan/airflow/.venv/lib/python3.10/site-packages/airflow/example_dags/example_display_name.py
[2024-11-06T18:21:26.822+0700] {processor.py:914} INFO - Processing file /home/fawzan/airflow/.venv/lib/python3.10/site-packages/airflow/example_dags/example_display_name.py for tasks to queue
[2024-11-06T18:21:26.824+0700] {logging_mixin.py:190} INFO - [2024-11-06T18:21:26.823+0700] {dagbag.py:588} INFO - Filling up the DagBag from /home/fawzan/airflow/.venv/lib/python3.10/site-packages/airflow/example_dags/example_display_name.py
[2024-11-06T18:21:26.831+0700] {processor.py:925} INFO - DAG(s) 'example_display_name' retrieved from /home/fawzan/airflow/.venv/lib/python3.10/site-packages/airflow/example_dags/example_display_name.py
[2024-11-06T18:21:26.842+0700] {logging_mixin.py:190} INFO - [2024-11-06T18:21:26.841+0700] {dag.py:3239} INFO - Sync 1 DAGs
[2024-11-06T18:21:26.848+0700] {logging_mixin.py:190} INFO - [2024-11-06T18:21:26.848+0700] {dag.py:4180} INFO - Setting next_dagrun for example_display_name to None, run_after=None
[2024-11-06T18:21:26.861+0700] {processor.py:208} INFO - Processing /home/fawzan/airflow/.venv/lib/python3.10/site-packages/airflow/example_dags/example_display_name.py took 0.048 seconds
[2024-11-06T18:22:22.751+0700] {processor.py:186} INFO - Started process (PID=4576) to work on /home/fawzan/airflow/.venv/lib/python3.10/site-packages/airflow/example_dags/example_display_name.py
[2024-11-06T18:22:22.754+0700] {processor.py:914} INFO - Processing file /home/fawzan/airflow/.venv/lib/python3.10/site-packages/airflow/example_dags/example_display_name.py for tasks to queue
[2024-11-06T18:22:22.756+0700] {logging_mixin.py:190} INFO - [2024-11-06T18:22:22.755+0700] {dagbag.py:588} INFO - Filling up the DagBag from /home/fawzan/airflow/.venv/lib/python3.10/site-packages/airflow/example_dags/example_display_name.py
[2024-11-06T18:22:22.763+0700] {processor.py:925} INFO - DAG(s) 'example_display_name' retrieved from /home/fawzan/airflow/.venv/lib/python3.10/site-packages/airflow/example_dags/example_display_name.py
[2024-11-06T18:22:22.773+0700] {logging_mixin.py:190} INFO - [2024-11-06T18:22:22.773+0700] {dag.py:3239} INFO - Sync 1 DAGs
[2024-11-06T18:22:22.779+0700] {logging_mixin.py:190} INFO - [2024-11-06T18:22:22.779+0700] {dag.py:4180} INFO - Setting next_dagrun for example_display_name to None, run_after=None
[2024-11-06T18:22:22.792+0700] {processor.py:208} INFO - Processing /home/fawzan/airflow/.venv/lib/python3.10/site-packages/airflow/example_dags/example_display_name.py took 0.046 seconds
[2024-11-06T18:23:17.033+0700] {processor.py:186} INFO - Started process (PID=4670) to work on /home/fawzan/airflow/.venv/lib/python3.10/site-packages/airflow/example_dags/example_display_name.py
[2024-11-06T18:23:17.036+0700] {processor.py:914} INFO - Processing file /home/fawzan/airflow/.venv/lib/python3.10/site-packages/airflow/example_dags/example_display_name.py for tasks to queue
[2024-11-06T18:23:17.039+0700] {logging_mixin.py:190} INFO - [2024-11-06T18:23:17.038+0700] {dagbag.py:588} INFO - Filling up the DagBag from /home/fawzan/airflow/.venv/lib/python3.10/site-packages/airflow/example_dags/example_display_name.py
[2024-11-06T18:23:17.046+0700] {processor.py:925} INFO - DAG(s) 'example_display_name' retrieved from /home/fawzan/airflow/.venv/lib/python3.10/site-packages/airflow/example_dags/example_display_name.py
[2024-11-06T18:23:17.056+0700] {logging_mixin.py:190} INFO - [2024-11-06T18:23:17.056+0700] {dag.py:3239} INFO - Sync 1 DAGs
[2024-11-06T18:23:17.064+0700] {logging_mixin.py:190} INFO - [2024-11-06T18:23:17.064+0700] {dag.py:4180} INFO - Setting next_dagrun for example_display_name to None, run_after=None
[2024-11-06T18:23:17.076+0700] {processor.py:208} INFO - Processing /home/fawzan/airflow/.venv/lib/python3.10/site-packages/airflow/example_dags/example_display_name.py took 0.047 seconds
[2024-11-06T18:24:12.964+0700] {processor.py:186} INFO - Started process (PID=4784) to work on /home/fawzan/airflow/.venv/lib/python3.10/site-packages/airflow/example_dags/example_display_name.py
[2024-11-06T18:24:12.967+0700] {processor.py:914} INFO - Processing file /home/fawzan/airflow/.venv/lib/python3.10/site-packages/airflow/example_dags/example_display_name.py for tasks to queue
[2024-11-06T18:24:12.970+0700] {logging_mixin.py:190} INFO - [2024-11-06T18:24:12.969+0700] {dagbag.py:588} INFO - Filling up the DagBag from /home/fawzan/airflow/.venv/lib/python3.10/site-packages/airflow/example_dags/example_display_name.py
[2024-11-06T18:24:12.977+0700] {processor.py:925} INFO - DAG(s) 'example_display_name' retrieved from /home/fawzan/airflow/.venv/lib/python3.10/site-packages/airflow/example_dags/example_display_name.py
[2024-11-06T18:24:12.986+0700] {logging_mixin.py:190} INFO - [2024-11-06T18:24:12.985+0700] {dag.py:3239} INFO - Sync 1 DAGs
[2024-11-06T18:24:12.993+0700] {logging_mixin.py:190} INFO - [2024-11-06T18:24:12.993+0700] {dag.py:4180} INFO - Setting next_dagrun for example_display_name to None, run_after=None
[2024-11-06T18:24:13.005+0700] {processor.py:208} INFO - Processing /home/fawzan/airflow/.venv/lib/python3.10/site-packages/airflow/example_dags/example_display_name.py took 0.048 seconds
[2024-11-06T18:32:53.561+0700] {processor.py:186} INFO - Started process (PID=5205) to work on /home/fawzan/airflow/.venv/lib/python3.10/site-packages/airflow/example_dags/example_display_name.py
[2024-11-06T18:32:53.562+0700] {processor.py:914} INFO - Processing file /home/fawzan/airflow/.venv/lib/python3.10/site-packages/airflow/example_dags/example_display_name.py for tasks to queue
[2024-11-06T18:32:53.564+0700] {logging_mixin.py:190} INFO - [2024-11-06T18:32:53.564+0700] {dagbag.py:588} INFO - Filling up the DagBag from /home/fawzan/airflow/.venv/lib/python3.10/site-packages/airflow/example_dags/example_display_name.py
[2024-11-06T18:32:53.571+0700] {processor.py:925} INFO - DAG(s) 'example_display_name' retrieved from /home/fawzan/airflow/.venv/lib/python3.10/site-packages/airflow/example_dags/example_display_name.py
[2024-11-06T18:32:53.579+0700] {logging_mixin.py:190} INFO - [2024-11-06T18:32:53.579+0700] {dag.py:3239} INFO - Sync 1 DAGs
[2024-11-06T18:32:53.586+0700] {logging_mixin.py:190} INFO - [2024-11-06T18:32:53.586+0700] {dag.py:4180} INFO - Setting next_dagrun for example_display_name to None, run_after=None
[2024-11-06T18:32:53.608+0700] {processor.py:208} INFO - Processing /home/fawzan/airflow/.venv/lib/python3.10/site-packages/airflow/example_dags/example_display_name.py took 0.054 seconds
