[2024-11-06T17:14:01.175+0700] {processor.py:186} INFO - Started process (PID=4040) to work on /home/fawzan/airflow/.venv/lib/python3.10/site-packages/airflow/example_dags/example_latest_only.py
[2024-11-06T17:14:01.176+0700] {processor.py:914} INFO - Processing file /home/fawzan/airflow/.venv/lib/python3.10/site-packages/airflow/example_dags/example_latest_only.py for tasks to queue
[2024-11-06T17:14:01.177+0700] {logging_mixin.py:190} INFO - [2024-11-06T17:14:01.177+0700] {dagbag.py:588} INFO - Filling up the DagBag from /home/fawzan/airflow/.venv/lib/python3.10/site-packages/airflow/example_dags/example_latest_only.py
[2024-11-06T17:14:01.181+0700] {processor.py:925} INFO - DAG(s) 'latest_only' retrieved from /home/fawzan/airflow/.venv/lib/python3.10/site-packages/airflow/example_dags/example_latest_only.py
[2024-11-06T17:14:01.236+0700] {logging_mixin.py:190} INFO - [2024-11-06T17:14:01.236+0700] {override.py:1900} INFO - Created Permission View: can delete on DAG:latest_only
[2024-11-06T17:14:01.243+0700] {logging_mixin.py:190} INFO - [2024-11-06T17:14:01.243+0700] {override.py:1900} INFO - Created Permission View: can read on DAG:latest_only
[2024-11-06T17:14:01.248+0700] {logging_mixin.py:190} INFO - [2024-11-06T17:14:01.248+0700] {override.py:1900} INFO - Created Permission View: can edit on DAG:latest_only
[2024-11-06T17:14:01.257+0700] {logging_mixin.py:190} INFO - [2024-11-06T17:14:01.257+0700] {override.py:1900} INFO - Created Permission View: can create on DAG Run:latest_only
[2024-11-06T17:14:01.262+0700] {logging_mixin.py:190} INFO - [2024-11-06T17:14:01.262+0700] {override.py:1900} INFO - Created Permission View: can delete on DAG Run:latest_only
[2024-11-06T17:14:01.268+0700] {logging_mixin.py:190} INFO - [2024-11-06T17:14:01.268+0700] {override.py:1900} INFO - Created Permission View: can read on DAG Run:latest_only
[2024-11-06T17:14:01.273+0700] {logging_mixin.py:190} INFO - [2024-11-06T17:14:01.273+0700] {override.py:1900} INFO - Created Permission View: menu access on DAG Run:latest_only
[2024-11-06T17:14:01.273+0700] {logging_mixin.py:190} INFO - [2024-11-06T17:14:01.273+0700] {dag.py:3239} INFO - Sync 1 DAGs
[2024-11-06T17:14:01.280+0700] {logging_mixin.py:190} INFO - [2024-11-06T17:14:01.280+0700] {dag.py:3262} INFO - Creating ORM DAG for latest_only
[2024-11-06T17:14:01.285+0700] {logging_mixin.py:190} INFO - [2024-11-06T17:14:01.285+0700] {dag.py:4180} INFO - Setting next_dagrun for latest_only to 2024-11-06 04:00:00+00:00, run_after=2024-11-06 08:00:00+00:00
[2024-11-06T17:14:01.295+0700] {processor.py:208} INFO - Processing /home/fawzan/airflow/.venv/lib/python3.10/site-packages/airflow/example_dags/example_latest_only.py took 0.125 seconds
[2024-11-06T17:14:56.561+0700] {processor.py:186} INFO - Started process (PID=4122) to work on /home/fawzan/airflow/.venv/lib/python3.10/site-packages/airflow/example_dags/example_latest_only.py
[2024-11-06T17:14:56.564+0700] {processor.py:914} INFO - Processing file /home/fawzan/airflow/.venv/lib/python3.10/site-packages/airflow/example_dags/example_latest_only.py for tasks to queue
[2024-11-06T17:14:56.566+0700] {logging_mixin.py:190} INFO - [2024-11-06T17:14:56.565+0700] {dagbag.py:588} INFO - Filling up the DagBag from /home/fawzan/airflow/.venv/lib/python3.10/site-packages/airflow/example_dags/example_latest_only.py
[2024-11-06T17:14:56.573+0700] {processor.py:925} INFO - DAG(s) 'latest_only' retrieved from /home/fawzan/airflow/.venv/lib/python3.10/site-packages/airflow/example_dags/example_latest_only.py
[2024-11-06T17:14:56.583+0700] {logging_mixin.py:190} INFO - [2024-11-06T17:14:56.583+0700] {dag.py:3239} INFO - Sync 1 DAGs
[2024-11-06T17:14:56.593+0700] {logging_mixin.py:190} INFO - [2024-11-06T17:14:56.593+0700] {dag.py:4180} INFO - Setting next_dagrun for latest_only to 2024-11-06 04:00:00+00:00, run_after=2024-11-06 08:00:00+00:00
[2024-11-06T17:14:56.606+0700] {processor.py:208} INFO - Processing /home/fawzan/airflow/.venv/lib/python3.10/site-packages/airflow/example_dags/example_latest_only.py took 0.050 seconds
[2024-11-06T17:16:17.118+0700] {processor.py:186} INFO - Started process (PID=4214) to work on /home/fawzan/airflow/.venv/lib/python3.10/site-packages/airflow/example_dags/example_latest_only.py
[2024-11-06T17:16:17.121+0700] {processor.py:914} INFO - Processing file /home/fawzan/airflow/.venv/lib/python3.10/site-packages/airflow/example_dags/example_latest_only.py for tasks to queue
[2024-11-06T17:16:17.123+0700] {logging_mixin.py:190} INFO - [2024-11-06T17:16:17.123+0700] {dagbag.py:588} INFO - Filling up the DagBag from /home/fawzan/airflow/.venv/lib/python3.10/site-packages/airflow/example_dags/example_latest_only.py
[2024-11-06T17:16:17.130+0700] {processor.py:925} INFO - DAG(s) 'latest_only' retrieved from /home/fawzan/airflow/.venv/lib/python3.10/site-packages/airflow/example_dags/example_latest_only.py
[2024-11-06T17:16:17.139+0700] {logging_mixin.py:190} INFO - [2024-11-06T17:16:17.138+0700] {dag.py:3239} INFO - Sync 1 DAGs
[2024-11-06T17:16:17.149+0700] {logging_mixin.py:190} INFO - [2024-11-06T17:16:17.149+0700] {dag.py:4180} INFO - Setting next_dagrun for latest_only to 2024-11-06 04:00:00+00:00, run_after=2024-11-06 08:00:00+00:00
[2024-11-06T17:16:17.160+0700] {processor.py:208} INFO - Processing /home/fawzan/airflow/.venv/lib/python3.10/site-packages/airflow/example_dags/example_latest_only.py took 0.048 seconds
[2024-11-06T18:13:50.247+0700] {processor.py:186} INFO - Started process (PID=3261) to work on /home/fawzan/airflow/.venv/lib/python3.10/site-packages/airflow/example_dags/example_latest_only.py
[2024-11-06T18:13:50.251+0700] {processor.py:914} INFO - Processing file /home/fawzan/airflow/.venv/lib/python3.10/site-packages/airflow/example_dags/example_latest_only.py for tasks to queue
[2024-11-06T18:13:50.253+0700] {logging_mixin.py:190} INFO - [2024-11-06T18:13:50.253+0700] {dagbag.py:588} INFO - Filling up the DagBag from /home/fawzan/airflow/.venv/lib/python3.10/site-packages/airflow/example_dags/example_latest_only.py
[2024-11-06T18:13:50.259+0700] {processor.py:925} INFO - DAG(s) 'latest_only' retrieved from /home/fawzan/airflow/.venv/lib/python3.10/site-packages/airflow/example_dags/example_latest_only.py
[2024-11-06T18:13:50.268+0700] {logging_mixin.py:190} INFO - [2024-11-06T18:13:50.268+0700] {dag.py:3239} INFO - Sync 1 DAGs
[2024-11-06T18:13:50.278+0700] {logging_mixin.py:190} INFO - [2024-11-06T18:13:50.278+0700] {dag.py:4180} INFO - Setting next_dagrun for latest_only to 2024-11-06 04:00:00+00:00, run_after=2024-11-06 08:00:00+00:00
[2024-11-06T18:13:50.290+0700] {processor.py:208} INFO - Processing /home/fawzan/airflow/.venv/lib/python3.10/site-packages/airflow/example_dags/example_latest_only.py took 0.049 seconds
[2024-11-06T18:15:06.324+0700] {processor.py:186} INFO - Started process (PID=3480) to work on /home/fawzan/airflow/.venv/lib/python3.10/site-packages/airflow/example_dags/example_latest_only.py
[2024-11-06T18:15:06.327+0700] {processor.py:914} INFO - Processing file /home/fawzan/airflow/.venv/lib/python3.10/site-packages/airflow/example_dags/example_latest_only.py for tasks to queue
[2024-11-06T18:15:06.330+0700] {logging_mixin.py:190} INFO - [2024-11-06T18:15:06.329+0700] {dagbag.py:588} INFO - Filling up the DagBag from /home/fawzan/airflow/.venv/lib/python3.10/site-packages/airflow/example_dags/example_latest_only.py
[2024-11-06T18:15:06.337+0700] {processor.py:925} INFO - DAG(s) 'latest_only' retrieved from /home/fawzan/airflow/.venv/lib/python3.10/site-packages/airflow/example_dags/example_latest_only.py
[2024-11-06T18:15:06.348+0700] {logging_mixin.py:190} INFO - [2024-11-06T18:15:06.347+0700] {dag.py:3239} INFO - Sync 1 DAGs
[2024-11-06T18:15:06.359+0700] {logging_mixin.py:190} INFO - [2024-11-06T18:15:06.359+0700] {dag.py:4180} INFO - Setting next_dagrun for latest_only to 2024-11-06 04:00:00+00:00, run_after=2024-11-06 08:00:00+00:00
[2024-11-06T18:15:06.371+0700] {processor.py:208} INFO - Processing /home/fawzan/airflow/.venv/lib/python3.10/site-packages/airflow/example_dags/example_latest_only.py took 0.052 seconds
[2024-11-06T18:16:52.584+0700] {processor.py:186} INFO - Started process (PID=3803) to work on /home/fawzan/airflow/.venv/lib/python3.10/site-packages/airflow/example_dags/example_latest_only.py
[2024-11-06T18:16:52.587+0700] {processor.py:914} INFO - Processing file /home/fawzan/airflow/.venv/lib/python3.10/site-packages/airflow/example_dags/example_latest_only.py for tasks to queue
[2024-11-06T18:16:52.589+0700] {logging_mixin.py:190} INFO - [2024-11-06T18:16:52.589+0700] {dagbag.py:588} INFO - Filling up the DagBag from /home/fawzan/airflow/.venv/lib/python3.10/site-packages/airflow/example_dags/example_latest_only.py
[2024-11-06T18:16:52.595+0700] {processor.py:925} INFO - DAG(s) 'latest_only' retrieved from /home/fawzan/airflow/.venv/lib/python3.10/site-packages/airflow/example_dags/example_latest_only.py
[2024-11-06T18:16:52.605+0700] {logging_mixin.py:190} INFO - [2024-11-06T18:16:52.604+0700] {dag.py:3239} INFO - Sync 1 DAGs
[2024-11-06T18:16:52.615+0700] {logging_mixin.py:190} INFO - [2024-11-06T18:16:52.615+0700] {dag.py:4180} INFO - Setting next_dagrun for latest_only to 2024-11-06 04:00:00+00:00, run_after=2024-11-06 08:00:00+00:00
[2024-11-06T18:16:52.627+0700] {processor.py:208} INFO - Processing /home/fawzan/airflow/.venv/lib/python3.10/site-packages/airflow/example_dags/example_latest_only.py took 0.050 seconds
[2024-11-06T18:18:10.155+0700] {processor.py:186} INFO - Started process (PID=3989) to work on /home/fawzan/airflow/.venv/lib/python3.10/site-packages/airflow/example_dags/example_latest_only.py
[2024-11-06T18:18:10.158+0700] {processor.py:914} INFO - Processing file /home/fawzan/airflow/.venv/lib/python3.10/site-packages/airflow/example_dags/example_latest_only.py for tasks to queue
[2024-11-06T18:18:10.160+0700] {logging_mixin.py:190} INFO - [2024-11-06T18:18:10.160+0700] {dagbag.py:588} INFO - Filling up the DagBag from /home/fawzan/airflow/.venv/lib/python3.10/site-packages/airflow/example_dags/example_latest_only.py
[2024-11-06T18:18:10.167+0700] {processor.py:925} INFO - DAG(s) 'latest_only' retrieved from /home/fawzan/airflow/.venv/lib/python3.10/site-packages/airflow/example_dags/example_latest_only.py
[2024-11-06T18:18:10.176+0700] {logging_mixin.py:190} INFO - [2024-11-06T18:18:10.176+0700] {dag.py:3239} INFO - Sync 1 DAGs
[2024-11-06T18:18:10.186+0700] {logging_mixin.py:190} INFO - [2024-11-06T18:18:10.186+0700] {dag.py:4180} INFO - Setting next_dagrun for latest_only to 2024-11-06 04:00:00+00:00, run_after=2024-11-06 08:00:00+00:00
[2024-11-06T18:18:10.201+0700] {processor.py:208} INFO - Processing /home/fawzan/airflow/.venv/lib/python3.10/site-packages/airflow/example_dags/example_latest_only.py took 0.051 seconds
[2024-11-06T18:19:29.666+0700] {processor.py:186} INFO - Started process (PID=4147) to work on /home/fawzan/airflow/.venv/lib/python3.10/site-packages/airflow/example_dags/example_latest_only.py
[2024-11-06T18:19:29.669+0700] {processor.py:914} INFO - Processing file /home/fawzan/airflow/.venv/lib/python3.10/site-packages/airflow/example_dags/example_latest_only.py for tasks to queue
[2024-11-06T18:19:29.671+0700] {logging_mixin.py:190} INFO - [2024-11-06T18:19:29.671+0700] {dagbag.py:588} INFO - Filling up the DagBag from /home/fawzan/airflow/.venv/lib/python3.10/site-packages/airflow/example_dags/example_latest_only.py
[2024-11-06T18:19:29.677+0700] {processor.py:925} INFO - DAG(s) 'latest_only' retrieved from /home/fawzan/airflow/.venv/lib/python3.10/site-packages/airflow/example_dags/example_latest_only.py
[2024-11-06T18:19:29.688+0700] {logging_mixin.py:190} INFO - [2024-11-06T18:19:29.687+0700] {dag.py:3239} INFO - Sync 1 DAGs
[2024-11-06T18:19:29.697+0700] {logging_mixin.py:190} INFO - [2024-11-06T18:19:29.697+0700] {dag.py:4180} INFO - Setting next_dagrun for latest_only to 2024-11-06 04:00:00+00:00, run_after=2024-11-06 08:00:00+00:00
[2024-11-06T18:19:29.709+0700] {processor.py:208} INFO - Processing /home/fawzan/airflow/.venv/lib/python3.10/site-packages/airflow/example_dags/example_latest_only.py took 0.049 seconds
[2024-11-06T18:20:26.055+0700] {processor.py:186} INFO - Started process (PID=4249) to work on /home/fawzan/airflow/.venv/lib/python3.10/site-packages/airflow/example_dags/example_latest_only.py
[2024-11-06T18:20:26.058+0700] {processor.py:914} INFO - Processing file /home/fawzan/airflow/.venv/lib/python3.10/site-packages/airflow/example_dags/example_latest_only.py for tasks to queue
[2024-11-06T18:20:26.061+0700] {logging_mixin.py:190} INFO - [2024-11-06T18:20:26.060+0700] {dagbag.py:588} INFO - Filling up the DagBag from /home/fawzan/airflow/.venv/lib/python3.10/site-packages/airflow/example_dags/example_latest_only.py
[2024-11-06T18:20:26.068+0700] {processor.py:925} INFO - DAG(s) 'latest_only' retrieved from /home/fawzan/airflow/.venv/lib/python3.10/site-packages/airflow/example_dags/example_latest_only.py
[2024-11-06T18:20:26.078+0700] {logging_mixin.py:190} INFO - [2024-11-06T18:20:26.078+0700] {dag.py:3239} INFO - Sync 1 DAGs
[2024-11-06T18:20:26.088+0700] {logging_mixin.py:190} INFO - [2024-11-06T18:20:26.088+0700] {dag.py:4180} INFO - Setting next_dagrun for latest_only to 2024-11-06 04:00:00+00:00, run_after=2024-11-06 08:00:00+00:00
[2024-11-06T18:20:26.101+0700] {processor.py:208} INFO - Processing /home/fawzan/airflow/.venv/lib/python3.10/site-packages/airflow/example_dags/example_latest_only.py took 0.053 seconds
[2024-11-06T18:21:37.215+0700] {processor.py:186} INFO - Started process (PID=4472) to work on /home/fawzan/airflow/.venv/lib/python3.10/site-packages/airflow/example_dags/example_latest_only.py
[2024-11-06T18:21:37.218+0700] {processor.py:914} INFO - Processing file /home/fawzan/airflow/.venv/lib/python3.10/site-packages/airflow/example_dags/example_latest_only.py for tasks to queue
[2024-11-06T18:21:37.220+0700] {logging_mixin.py:190} INFO - [2024-11-06T18:21:37.220+0700] {dagbag.py:588} INFO - Filling up the DagBag from /home/fawzan/airflow/.venv/lib/python3.10/site-packages/airflow/example_dags/example_latest_only.py
[2024-11-06T18:21:37.227+0700] {processor.py:925} INFO - DAG(s) 'latest_only' retrieved from /home/fawzan/airflow/.venv/lib/python3.10/site-packages/airflow/example_dags/example_latest_only.py
[2024-11-06T18:21:37.237+0700] {logging_mixin.py:190} INFO - [2024-11-06T18:21:37.237+0700] {dag.py:3239} INFO - Sync 1 DAGs
[2024-11-06T18:21:37.248+0700] {logging_mixin.py:190} INFO - [2024-11-06T18:21:37.248+0700] {dag.py:4180} INFO - Setting next_dagrun for latest_only to 2024-11-06 04:00:00+00:00, run_after=2024-11-06 08:00:00+00:00
[2024-11-06T18:21:37.260+0700] {processor.py:208} INFO - Processing /home/fawzan/airflow/.venv/lib/python3.10/site-packages/airflow/example_dags/example_latest_only.py took 0.051 seconds
[2024-11-06T18:22:33.147+0700] {processor.py:186} INFO - Started process (PID=4597) to work on /home/fawzan/airflow/.venv/lib/python3.10/site-packages/airflow/example_dags/example_latest_only.py
[2024-11-06T18:22:33.150+0700] {processor.py:914} INFO - Processing file /home/fawzan/airflow/.venv/lib/python3.10/site-packages/airflow/example_dags/example_latest_only.py for tasks to queue
[2024-11-06T18:22:33.152+0700] {logging_mixin.py:190} INFO - [2024-11-06T18:22:33.152+0700] {dagbag.py:588} INFO - Filling up the DagBag from /home/fawzan/airflow/.venv/lib/python3.10/site-packages/airflow/example_dags/example_latest_only.py
[2024-11-06T18:22:33.159+0700] {processor.py:925} INFO - DAG(s) 'latest_only' retrieved from /home/fawzan/airflow/.venv/lib/python3.10/site-packages/airflow/example_dags/example_latest_only.py
[2024-11-06T18:22:33.170+0700] {logging_mixin.py:190} INFO - [2024-11-06T18:22:33.170+0700] {dag.py:3239} INFO - Sync 1 DAGs
[2024-11-06T18:22:33.180+0700] {logging_mixin.py:190} INFO - [2024-11-06T18:22:33.180+0700] {dag.py:4180} INFO - Setting next_dagrun for latest_only to 2024-11-06 04:00:00+00:00, run_after=2024-11-06 08:00:00+00:00
[2024-11-06T18:22:33.192+0700] {processor.py:208} INFO - Processing /home/fawzan/airflow/.venv/lib/python3.10/site-packages/airflow/example_dags/example_latest_only.py took 0.050 seconds
[2024-11-06T18:23:57.381+0700] {processor.py:186} INFO - Started process (PID=4742) to work on /home/fawzan/airflow/.venv/lib/python3.10/site-packages/airflow/example_dags/example_latest_only.py
[2024-11-06T18:23:57.384+0700] {processor.py:914} INFO - Processing file /home/fawzan/airflow/.venv/lib/python3.10/site-packages/airflow/example_dags/example_latest_only.py for tasks to queue
[2024-11-06T18:23:57.386+0700] {logging_mixin.py:190} INFO - [2024-11-06T18:23:57.386+0700] {dagbag.py:588} INFO - Filling up the DagBag from /home/fawzan/airflow/.venv/lib/python3.10/site-packages/airflow/example_dags/example_latest_only.py
[2024-11-06T18:23:57.393+0700] {processor.py:925} INFO - DAG(s) 'latest_only' retrieved from /home/fawzan/airflow/.venv/lib/python3.10/site-packages/airflow/example_dags/example_latest_only.py
[2024-11-06T18:23:57.402+0700] {logging_mixin.py:190} INFO - [2024-11-06T18:23:57.402+0700] {dag.py:3239} INFO - Sync 1 DAGs
[2024-11-06T18:23:57.413+0700] {logging_mixin.py:190} INFO - [2024-11-06T18:23:57.413+0700] {dag.py:4180} INFO - Setting next_dagrun for latest_only to 2024-11-06 04:00:00+00:00, run_after=2024-11-06 08:00:00+00:00
[2024-11-06T18:23:57.424+0700] {processor.py:208} INFO - Processing /home/fawzan/airflow/.venv/lib/python3.10/site-packages/airflow/example_dags/example_latest_only.py took 0.048 seconds
[2024-11-06T18:33:07.376+0700] {processor.py:186} INFO - Started process (PID=5232) to work on /home/fawzan/airflow/.venv/lib/python3.10/site-packages/airflow/example_dags/example_latest_only.py
[2024-11-06T18:33:07.380+0700] {processor.py:914} INFO - Processing file /home/fawzan/airflow/.venv/lib/python3.10/site-packages/airflow/example_dags/example_latest_only.py for tasks to queue
[2024-11-06T18:33:07.383+0700] {logging_mixin.py:190} INFO - [2024-11-06T18:33:07.383+0700] {dagbag.py:588} INFO - Filling up the DagBag from /home/fawzan/airflow/.venv/lib/python3.10/site-packages/airflow/example_dags/example_latest_only.py
[2024-11-06T18:33:07.390+0700] {processor.py:925} INFO - DAG(s) 'latest_only' retrieved from /home/fawzan/airflow/.venv/lib/python3.10/site-packages/airflow/example_dags/example_latest_only.py
[2024-11-06T18:33:07.403+0700] {logging_mixin.py:190} INFO - [2024-11-06T18:33:07.402+0700] {dag.py:3239} INFO - Sync 1 DAGs
[2024-11-06T18:33:07.413+0700] {logging_mixin.py:190} INFO - [2024-11-06T18:33:07.413+0700] {dag.py:4180} INFO - Setting next_dagrun for latest_only to 2024-11-06 04:00:00+00:00, run_after=2024-11-06 08:00:00+00:00
[2024-11-06T18:33:07.426+0700] {processor.py:208} INFO - Processing /home/fawzan/airflow/.venv/lib/python3.10/site-packages/airflow/example_dags/example_latest_only.py took 0.058 seconds
