[2024-11-06T17:13:53.672+0700] {processor.py:186} INFO - Started process (PID=4031) to work on /home/fawzan/airflow/.venv/lib/python3.10/site-packages/airflow/example_dags/example_dataset_alias.py
[2024-11-06T17:13:53.672+0700] {processor.py:914} INFO - Processing file /home/fawzan/airflow/.venv/lib/python3.10/site-packages/airflow/example_dags/example_dataset_alias.py for tasks to queue
[2024-11-06T17:13:53.674+0700] {logging_mixin.py:190} INFO - [2024-11-06T17:13:53.673+0700] {dagbag.py:588} INFO - Filling up the DagBag from /home/fawzan/airflow/.venv/lib/python3.10/site-packages/airflow/example_dags/example_dataset_alias.py
[2024-11-06T17:13:53.684+0700] {processor.py:925} INFO - DAG(s) 'dataset_alias_example_alias_consumer', 'dataset_alias_example_alias_producer', 'dataset_s3_bucket_consumer', 'dataset_s3_bucket_producer' retrieved from /home/fawzan/airflow/.venv/lib/python3.10/site-packages/airflow/example_dags/example_dataset_alias.py
[2024-11-06T17:13:53.735+0700] {logging_mixin.py:190} INFO - [2024-11-06T17:13:53.735+0700] {override.py:1900} INFO - Created Permission View: can delete on DAG:dataset_alias_example_alias_consumer
[2024-11-06T17:13:53.742+0700] {logging_mixin.py:190} INFO - [2024-11-06T17:13:53.742+0700] {override.py:1900} INFO - Created Permission View: can read on DAG:dataset_alias_example_alias_consumer
[2024-11-06T17:13:53.748+0700] {logging_mixin.py:190} INFO - [2024-11-06T17:13:53.748+0700] {override.py:1900} INFO - Created Permission View: can edit on DAG:dataset_alias_example_alias_consumer
[2024-11-06T17:13:53.756+0700] {logging_mixin.py:190} INFO - [2024-11-06T17:13:53.756+0700] {override.py:1900} INFO - Created Permission View: can create on DAG Run:dataset_alias_example_alias_consumer
[2024-11-06T17:13:53.761+0700] {logging_mixin.py:190} INFO - [2024-11-06T17:13:53.761+0700] {override.py:1900} INFO - Created Permission View: can delete on DAG Run:dataset_alias_example_alias_consumer
[2024-11-06T17:13:53.767+0700] {logging_mixin.py:190} INFO - [2024-11-06T17:13:53.766+0700] {override.py:1900} INFO - Created Permission View: can read on DAG Run:dataset_alias_example_alias_consumer
[2024-11-06T17:13:53.772+0700] {logging_mixin.py:190} INFO - [2024-11-06T17:13:53.771+0700] {override.py:1900} INFO - Created Permission View: menu access on DAG Run:dataset_alias_example_alias_consumer
[2024-11-06T17:13:53.783+0700] {logging_mixin.py:190} INFO - [2024-11-06T17:13:53.783+0700] {override.py:1900} INFO - Created Permission View: can delete on DAG:dataset_alias_example_alias_producer
[2024-11-06T17:13:53.789+0700] {logging_mixin.py:190} INFO - [2024-11-06T17:13:53.788+0700] {override.py:1900} INFO - Created Permission View: can read on DAG:dataset_alias_example_alias_producer
[2024-11-06T17:13:53.794+0700] {logging_mixin.py:190} INFO - [2024-11-06T17:13:53.794+0700] {override.py:1900} INFO - Created Permission View: can edit on DAG:dataset_alias_example_alias_producer
[2024-11-06T17:13:53.802+0700] {logging_mixin.py:190} INFO - [2024-11-06T17:13:53.802+0700] {override.py:1900} INFO - Created Permission View: can create on DAG Run:dataset_alias_example_alias_producer
[2024-11-06T17:13:53.807+0700] {logging_mixin.py:190} INFO - [2024-11-06T17:13:53.807+0700] {override.py:1900} INFO - Created Permission View: can delete on DAG Run:dataset_alias_example_alias_producer
[2024-11-06T17:13:53.813+0700] {logging_mixin.py:190} INFO - [2024-11-06T17:13:53.812+0700] {override.py:1900} INFO - Created Permission View: can read on DAG Run:dataset_alias_example_alias_producer
[2024-11-06T17:13:53.818+0700] {logging_mixin.py:190} INFO - [2024-11-06T17:13:53.818+0700] {override.py:1900} INFO - Created Permission View: menu access on DAG Run:dataset_alias_example_alias_producer
[2024-11-06T17:13:53.830+0700] {logging_mixin.py:190} INFO - [2024-11-06T17:13:53.830+0700] {override.py:1900} INFO - Created Permission View: can delete on DAG:dataset_s3_bucket_consumer
[2024-11-06T17:13:53.836+0700] {logging_mixin.py:190} INFO - [2024-11-06T17:13:53.835+0700] {override.py:1900} INFO - Created Permission View: can read on DAG:dataset_s3_bucket_consumer
[2024-11-06T17:13:53.841+0700] {logging_mixin.py:190} INFO - [2024-11-06T17:13:53.841+0700] {override.py:1900} INFO - Created Permission View: can edit on DAG:dataset_s3_bucket_consumer
[2024-11-06T17:13:53.850+0700] {logging_mixin.py:190} INFO - [2024-11-06T17:13:53.850+0700] {override.py:1900} INFO - Created Permission View: can create on DAG Run:dataset_s3_bucket_consumer
[2024-11-06T17:13:53.855+0700] {logging_mixin.py:190} INFO - [2024-11-06T17:13:53.855+0700] {override.py:1900} INFO - Created Permission View: can delete on DAG Run:dataset_s3_bucket_consumer
[2024-11-06T17:13:53.861+0700] {logging_mixin.py:190} INFO - [2024-11-06T17:13:53.861+0700] {override.py:1900} INFO - Created Permission View: can read on DAG Run:dataset_s3_bucket_consumer
[2024-11-06T17:13:53.866+0700] {logging_mixin.py:190} INFO - [2024-11-06T17:13:53.866+0700] {override.py:1900} INFO - Created Permission View: menu access on DAG Run:dataset_s3_bucket_consumer
[2024-11-06T17:13:53.877+0700] {logging_mixin.py:190} INFO - [2024-11-06T17:13:53.877+0700] {override.py:1900} INFO - Created Permission View: can delete on DAG:dataset_s3_bucket_producer
[2024-11-06T17:13:53.882+0700] {logging_mixin.py:190} INFO - [2024-11-06T17:13:53.882+0700] {override.py:1900} INFO - Created Permission View: can read on DAG:dataset_s3_bucket_producer
[2024-11-06T17:13:53.887+0700] {logging_mixin.py:190} INFO - [2024-11-06T17:13:53.887+0700] {override.py:1900} INFO - Created Permission View: can edit on DAG:dataset_s3_bucket_producer
[2024-11-06T17:13:53.895+0700] {logging_mixin.py:190} INFO - [2024-11-06T17:13:53.895+0700] {override.py:1900} INFO - Created Permission View: can create on DAG Run:dataset_s3_bucket_producer
[2024-11-06T17:13:53.900+0700] {logging_mixin.py:190} INFO - [2024-11-06T17:13:53.900+0700] {override.py:1900} INFO - Created Permission View: can delete on DAG Run:dataset_s3_bucket_producer
[2024-11-06T17:13:53.906+0700] {logging_mixin.py:190} INFO - [2024-11-06T17:13:53.906+0700] {override.py:1900} INFO - Created Permission View: can read on DAG Run:dataset_s3_bucket_producer
[2024-11-06T17:13:53.911+0700] {logging_mixin.py:190} INFO - [2024-11-06T17:13:53.911+0700] {override.py:1900} INFO - Created Permission View: menu access on DAG Run:dataset_s3_bucket_producer
[2024-11-06T17:13:53.911+0700] {logging_mixin.py:190} INFO - [2024-11-06T17:13:53.911+0700] {dag.py:3239} INFO - Sync 4 DAGs
[2024-11-06T17:13:53.918+0700] {logging_mixin.py:190} INFO - [2024-11-06T17:13:53.917+0700] {dag.py:3262} INFO - Creating ORM DAG for dataset_alias_example_alias_consumer
[2024-11-06T17:13:53.918+0700] {logging_mixin.py:190} INFO - [2024-11-06T17:13:53.918+0700] {dag.py:3262} INFO - Creating ORM DAG for dataset_s3_bucket_producer
[2024-11-06T17:13:53.918+0700] {logging_mixin.py:190} INFO - [2024-11-06T17:13:53.918+0700] {dag.py:3262} INFO - Creating ORM DAG for dataset_s3_bucket_consumer
[2024-11-06T17:13:53.918+0700] {logging_mixin.py:190} INFO - [2024-11-06T17:13:53.918+0700] {dag.py:3262} INFO - Creating ORM DAG for dataset_alias_example_alias_producer
[2024-11-06T17:13:53.922+0700] {logging_mixin.py:190} INFO - [2024-11-06T17:13:53.922+0700] {dag.py:4180} INFO - Setting next_dagrun for dataset_alias_example_alias_consumer to None, run_after=None
[2024-11-06T17:13:53.923+0700] {logging_mixin.py:190} INFO - [2024-11-06T17:13:53.923+0700] {dag.py:4180} INFO - Setting next_dagrun for dataset_alias_example_alias_producer to None, run_after=None
[2024-11-06T17:13:53.923+0700] {logging_mixin.py:190} INFO - [2024-11-06T17:13:53.923+0700] {dag.py:4180} INFO - Setting next_dagrun for dataset_s3_bucket_consumer to None, run_after=None
[2024-11-06T17:13:53.923+0700] {logging_mixin.py:190} INFO - [2024-11-06T17:13:53.923+0700] {dag.py:4180} INFO - Setting next_dagrun for dataset_s3_bucket_producer to None, run_after=None
[2024-11-06T17:13:53.939+0700] {processor.py:208} INFO - Processing /home/fawzan/airflow/.venv/lib/python3.10/site-packages/airflow/example_dags/example_dataset_alias.py took 0.272 seconds
[2024-11-06T17:14:49.934+0700] {processor.py:186} INFO - Started process (PID=4115) to work on /home/fawzan/airflow/.venv/lib/python3.10/site-packages/airflow/example_dags/example_dataset_alias.py
[2024-11-06T17:14:49.937+0700] {processor.py:914} INFO - Processing file /home/fawzan/airflow/.venv/lib/python3.10/site-packages/airflow/example_dags/example_dataset_alias.py for tasks to queue
[2024-11-06T17:14:49.939+0700] {logging_mixin.py:190} INFO - [2024-11-06T17:14:49.939+0700] {dagbag.py:588} INFO - Filling up the DagBag from /home/fawzan/airflow/.venv/lib/python3.10/site-packages/airflow/example_dags/example_dataset_alias.py
[2024-11-06T17:14:49.956+0700] {processor.py:925} INFO - DAG(s) 'dataset_s3_bucket_producer', 'dataset_s3_bucket_consumer', 'dataset_alias_example_alias_producer', 'dataset_alias_example_alias_consumer' retrieved from /home/fawzan/airflow/.venv/lib/python3.10/site-packages/airflow/example_dags/example_dataset_alias.py
[2024-11-06T17:14:49.966+0700] {logging_mixin.py:190} INFO - [2024-11-06T17:14:49.966+0700] {dag.py:3239} INFO - Sync 4 DAGs
[2024-11-06T17:14:49.976+0700] {logging_mixin.py:190} INFO - [2024-11-06T17:14:49.976+0700] {dag.py:4180} INFO - Setting next_dagrun for dataset_alias_example_alias_consumer to None, run_after=None
[2024-11-06T17:14:49.977+0700] {logging_mixin.py:190} INFO - [2024-11-06T17:14:49.977+0700] {dag.py:4180} INFO - Setting next_dagrun for dataset_alias_example_alias_producer to None, run_after=None
[2024-11-06T17:14:49.977+0700] {logging_mixin.py:190} INFO - [2024-11-06T17:14:49.977+0700] {dag.py:4180} INFO - Setting next_dagrun for dataset_s3_bucket_consumer to None, run_after=None
[2024-11-06T17:14:49.978+0700] {logging_mixin.py:190} INFO - [2024-11-06T17:14:49.978+0700] {dag.py:4180} INFO - Setting next_dagrun for dataset_s3_bucket_producer to None, run_after=None
[2024-11-06T17:14:49.991+0700] {processor.py:208} INFO - Processing /home/fawzan/airflow/.venv/lib/python3.10/site-packages/airflow/example_dags/example_dataset_alias.py took 0.062 seconds
[2024-11-06T17:15:47.480+0700] {processor.py:186} INFO - Started process (PID=4173) to work on /home/fawzan/airflow/.venv/lib/python3.10/site-packages/airflow/example_dags/example_dataset_alias.py
[2024-11-06T17:15:47.483+0700] {processor.py:914} INFO - Processing file /home/fawzan/airflow/.venv/lib/python3.10/site-packages/airflow/example_dags/example_dataset_alias.py for tasks to queue
[2024-11-06T17:15:47.485+0700] {logging_mixin.py:190} INFO - [2024-11-06T17:15:47.484+0700] {dagbag.py:588} INFO - Filling up the DagBag from /home/fawzan/airflow/.venv/lib/python3.10/site-packages/airflow/example_dags/example_dataset_alias.py
[2024-11-06T17:15:47.501+0700] {processor.py:925} INFO - DAG(s) 'dataset_alias_example_alias_producer', 'dataset_s3_bucket_producer', 'dataset_s3_bucket_consumer', 'dataset_alias_example_alias_consumer' retrieved from /home/fawzan/airflow/.venv/lib/python3.10/site-packages/airflow/example_dags/example_dataset_alias.py
[2024-11-06T17:15:47.511+0700] {logging_mixin.py:190} INFO - [2024-11-06T17:15:47.511+0700] {dag.py:3239} INFO - Sync 4 DAGs
[2024-11-06T17:15:47.521+0700] {logging_mixin.py:190} INFO - [2024-11-06T17:15:47.521+0700] {dag.py:4180} INFO - Setting next_dagrun for dataset_alias_example_alias_consumer to None, run_after=None
[2024-11-06T17:15:47.522+0700] {logging_mixin.py:190} INFO - [2024-11-06T17:15:47.522+0700] {dag.py:4180} INFO - Setting next_dagrun for dataset_alias_example_alias_producer to None, run_after=None
[2024-11-06T17:15:47.522+0700] {logging_mixin.py:190} INFO - [2024-11-06T17:15:47.522+0700] {dag.py:4180} INFO - Setting next_dagrun for dataset_s3_bucket_consumer to None, run_after=None
[2024-11-06T17:15:47.523+0700] {logging_mixin.py:190} INFO - [2024-11-06T17:15:47.523+0700] {dag.py:4180} INFO - Setting next_dagrun for dataset_s3_bucket_producer to None, run_after=None
[2024-11-06T17:15:47.536+0700] {processor.py:208} INFO - Processing /home/fawzan/airflow/.venv/lib/python3.10/site-packages/airflow/example_dags/example_dataset_alias.py took 0.062 seconds
[2024-11-06T18:13:42.994+0700] {processor.py:186} INFO - Started process (PID=3229) to work on /home/fawzan/airflow/.venv/lib/python3.10/site-packages/airflow/example_dags/example_dataset_alias.py
[2024-11-06T18:13:42.998+0700] {processor.py:914} INFO - Processing file /home/fawzan/airflow/.venv/lib/python3.10/site-packages/airflow/example_dags/example_dataset_alias.py for tasks to queue
[2024-11-06T18:13:43.000+0700] {logging_mixin.py:190} INFO - [2024-11-06T18:13:43.000+0700] {dagbag.py:588} INFO - Filling up the DagBag from /home/fawzan/airflow/.venv/lib/python3.10/site-packages/airflow/example_dags/example_dataset_alias.py
[2024-11-06T18:13:43.016+0700] {processor.py:925} INFO - DAG(s) 'dataset_s3_bucket_producer', 'dataset_alias_example_alias_producer', 'dataset_s3_bucket_consumer', 'dataset_alias_example_alias_consumer' retrieved from /home/fawzan/airflow/.venv/lib/python3.10/site-packages/airflow/example_dags/example_dataset_alias.py
[2024-11-06T18:13:43.026+0700] {logging_mixin.py:190} INFO - [2024-11-06T18:13:43.026+0700] {dag.py:3239} INFO - Sync 4 DAGs
[2024-11-06T18:13:43.036+0700] {logging_mixin.py:190} INFO - [2024-11-06T18:13:43.036+0700] {dag.py:4180} INFO - Setting next_dagrun for dataset_alias_example_alias_consumer to None, run_after=None
[2024-11-06T18:13:43.038+0700] {logging_mixin.py:190} INFO - [2024-11-06T18:13:43.037+0700] {dag.py:4180} INFO - Setting next_dagrun for dataset_alias_example_alias_producer to None, run_after=None
[2024-11-06T18:13:43.038+0700] {logging_mixin.py:190} INFO - [2024-11-06T18:13:43.038+0700] {dag.py:4180} INFO - Setting next_dagrun for dataset_s3_bucket_consumer to None, run_after=None
[2024-11-06T18:13:43.039+0700] {logging_mixin.py:190} INFO - [2024-11-06T18:13:43.038+0700] {dag.py:4180} INFO - Setting next_dagrun for dataset_s3_bucket_producer to None, run_after=None
[2024-11-06T18:13:43.052+0700] {processor.py:208} INFO - Processing /home/fawzan/airflow/.venv/lib/python3.10/site-packages/airflow/example_dags/example_dataset_alias.py took 0.063 seconds
[2024-11-06T18:14:37.680+0700] {processor.py:186} INFO - Started process (PID=3403) to work on /home/fawzan/airflow/.venv/lib/python3.10/site-packages/airflow/example_dags/example_dataset_alias.py
[2024-11-06T18:14:37.682+0700] {processor.py:914} INFO - Processing file /home/fawzan/airflow/.venv/lib/python3.10/site-packages/airflow/example_dags/example_dataset_alias.py for tasks to queue
[2024-11-06T18:14:37.683+0700] {logging_mixin.py:190} INFO - [2024-11-06T18:14:37.683+0700] {dagbag.py:588} INFO - Filling up the DagBag from /home/fawzan/airflow/.venv/lib/python3.10/site-packages/airflow/example_dags/example_dataset_alias.py
[2024-11-06T18:14:37.699+0700] {processor.py:925} INFO - DAG(s) 'dataset_s3_bucket_consumer', 'dataset_alias_example_alias_producer', 'dataset_alias_example_alias_consumer', 'dataset_s3_bucket_producer' retrieved from /home/fawzan/airflow/.venv/lib/python3.10/site-packages/airflow/example_dags/example_dataset_alias.py
[2024-11-06T18:14:37.710+0700] {logging_mixin.py:190} INFO - [2024-11-06T18:14:37.710+0700] {dag.py:3239} INFO - Sync 4 DAGs
[2024-11-06T18:14:37.720+0700] {logging_mixin.py:190} INFO - [2024-11-06T18:14:37.720+0700] {dag.py:4180} INFO - Setting next_dagrun for dataset_alias_example_alias_consumer to None, run_after=None
[2024-11-06T18:14:37.721+0700] {logging_mixin.py:190} INFO - [2024-11-06T18:14:37.721+0700] {dag.py:4180} INFO - Setting next_dagrun for dataset_alias_example_alias_producer to None, run_after=None
[2024-11-06T18:14:37.722+0700] {logging_mixin.py:190} INFO - [2024-11-06T18:14:37.722+0700] {dag.py:4180} INFO - Setting next_dagrun for dataset_s3_bucket_consumer to None, run_after=None
[2024-11-06T18:14:37.722+0700] {logging_mixin.py:190} INFO - [2024-11-06T18:14:37.722+0700] {dag.py:4180} INFO - Setting next_dagrun for dataset_s3_bucket_producer to None, run_after=None
[2024-11-06T18:14:37.735+0700] {processor.py:208} INFO - Processing /home/fawzan/airflow/.venv/lib/python3.10/site-packages/airflow/example_dags/example_dataset_alias.py took 0.060 seconds
[2024-11-06T18:15:32.104+0700] {processor.py:186} INFO - Started process (PID=3530) to work on /home/fawzan/airflow/.venv/lib/python3.10/site-packages/airflow/example_dags/example_dataset_alias.py
[2024-11-06T18:15:32.107+0700] {processor.py:914} INFO - Processing file /home/fawzan/airflow/.venv/lib/python3.10/site-packages/airflow/example_dags/example_dataset_alias.py for tasks to queue
[2024-11-06T18:15:32.109+0700] {logging_mixin.py:190} INFO - [2024-11-06T18:15:32.108+0700] {dagbag.py:588} INFO - Filling up the DagBag from /home/fawzan/airflow/.venv/lib/python3.10/site-packages/airflow/example_dags/example_dataset_alias.py
[2024-11-06T18:15:32.122+0700] {processor.py:925} INFO - DAG(s) 'dataset_s3_bucket_consumer', 'dataset_alias_example_alias_consumer', 'dataset_s3_bucket_producer', 'dataset_alias_example_alias_producer' retrieved from /home/fawzan/airflow/.venv/lib/python3.10/site-packages/airflow/example_dags/example_dataset_alias.py
[2024-11-06T18:15:32.135+0700] {logging_mixin.py:190} INFO - [2024-11-06T18:15:32.134+0700] {dag.py:3239} INFO - Sync 4 DAGs
[2024-11-06T18:15:32.146+0700] {logging_mixin.py:190} INFO - [2024-11-06T18:15:32.146+0700] {dag.py:4180} INFO - Setting next_dagrun for dataset_alias_example_alias_consumer to None, run_after=None
[2024-11-06T18:15:32.148+0700] {logging_mixin.py:190} INFO - [2024-11-06T18:15:32.147+0700] {dag.py:4180} INFO - Setting next_dagrun for dataset_alias_example_alias_producer to None, run_after=None
[2024-11-06T18:15:32.148+0700] {logging_mixin.py:190} INFO - [2024-11-06T18:15:32.148+0700] {dag.py:4180} INFO - Setting next_dagrun for dataset_s3_bucket_consumer to None, run_after=None
[2024-11-06T18:15:32.149+0700] {logging_mixin.py:190} INFO - [2024-11-06T18:15:32.148+0700] {dag.py:4180} INFO - Setting next_dagrun for dataset_s3_bucket_producer to None, run_after=None
[2024-11-06T18:15:32.164+0700] {processor.py:208} INFO - Processing /home/fawzan/airflow/.venv/lib/python3.10/site-packages/airflow/example_dags/example_dataset_alias.py took 0.064 seconds
[2024-11-06T18:16:50.406+0700] {processor.py:186} INFO - Started process (PID=3798) to work on /home/fawzan/airflow/.venv/lib/python3.10/site-packages/airflow/example_dags/example_dataset_alias.py
[2024-11-06T18:16:50.410+0700] {processor.py:914} INFO - Processing file /home/fawzan/airflow/.venv/lib/python3.10/site-packages/airflow/example_dags/example_dataset_alias.py for tasks to queue
[2024-11-06T18:16:50.412+0700] {logging_mixin.py:190} INFO - [2024-11-06T18:16:50.411+0700] {dagbag.py:588} INFO - Filling up the DagBag from /home/fawzan/airflow/.venv/lib/python3.10/site-packages/airflow/example_dags/example_dataset_alias.py
[2024-11-06T18:16:50.428+0700] {processor.py:925} INFO - DAG(s) 'dataset_alias_example_alias_producer', 'dataset_s3_bucket_producer', 'dataset_s3_bucket_consumer', 'dataset_alias_example_alias_consumer' retrieved from /home/fawzan/airflow/.venv/lib/python3.10/site-packages/airflow/example_dags/example_dataset_alias.py
[2024-11-06T18:16:50.439+0700] {logging_mixin.py:190} INFO - [2024-11-06T18:16:50.438+0700] {dag.py:3239} INFO - Sync 4 DAGs
[2024-11-06T18:16:50.448+0700] {logging_mixin.py:190} INFO - [2024-11-06T18:16:50.448+0700] {dag.py:4180} INFO - Setting next_dagrun for dataset_alias_example_alias_consumer to None, run_after=None
[2024-11-06T18:16:50.450+0700] {logging_mixin.py:190} INFO - [2024-11-06T18:16:50.450+0700] {dag.py:4180} INFO - Setting next_dagrun for dataset_alias_example_alias_producer to None, run_after=None
[2024-11-06T18:16:50.450+0700] {logging_mixin.py:190} INFO - [2024-11-06T18:16:50.450+0700] {dag.py:4180} INFO - Setting next_dagrun for dataset_s3_bucket_consumer to None, run_after=None
[2024-11-06T18:16:50.451+0700] {logging_mixin.py:190} INFO - [2024-11-06T18:16:50.451+0700] {dag.py:4180} INFO - Setting next_dagrun for dataset_s3_bucket_producer to None, run_after=None
[2024-11-06T18:16:50.463+0700] {processor.py:208} INFO - Processing /home/fawzan/airflow/.venv/lib/python3.10/site-packages/airflow/example_dags/example_dataset_alias.py took 0.063 seconds
[2024-11-06T18:17:45.721+0700] {processor.py:186} INFO - Started process (PID=3947) to work on /home/fawzan/airflow/.venv/lib/python3.10/site-packages/airflow/example_dags/example_dataset_alias.py
[2024-11-06T18:17:45.725+0700] {processor.py:914} INFO - Processing file /home/fawzan/airflow/.venv/lib/python3.10/site-packages/airflow/example_dags/example_dataset_alias.py for tasks to queue
[2024-11-06T18:17:45.728+0700] {logging_mixin.py:190} INFO - [2024-11-06T18:17:45.727+0700] {dagbag.py:588} INFO - Filling up the DagBag from /home/fawzan/airflow/.venv/lib/python3.10/site-packages/airflow/example_dags/example_dataset_alias.py
[2024-11-06T18:17:45.746+0700] {processor.py:925} INFO - DAG(s) 'dataset_s3_bucket_consumer', 'dataset_alias_example_alias_producer', 'dataset_s3_bucket_producer', 'dataset_alias_example_alias_consumer' retrieved from /home/fawzan/airflow/.venv/lib/python3.10/site-packages/airflow/example_dags/example_dataset_alias.py
[2024-11-06T18:17:45.758+0700] {logging_mixin.py:190} INFO - [2024-11-06T18:17:45.758+0700] {dag.py:3239} INFO - Sync 4 DAGs
[2024-11-06T18:17:45.768+0700] {logging_mixin.py:190} INFO - [2024-11-06T18:17:45.768+0700] {dag.py:4180} INFO - Setting next_dagrun for dataset_alias_example_alias_consumer to None, run_after=None
[2024-11-06T18:17:45.769+0700] {logging_mixin.py:190} INFO - [2024-11-06T18:17:45.769+0700] {dag.py:4180} INFO - Setting next_dagrun for dataset_alias_example_alias_producer to None, run_after=None
[2024-11-06T18:17:45.770+0700] {logging_mixin.py:190} INFO - [2024-11-06T18:17:45.770+0700] {dag.py:4180} INFO - Setting next_dagrun for dataset_s3_bucket_consumer to None, run_after=None
[2024-11-06T18:17:45.770+0700] {logging_mixin.py:190} INFO - [2024-11-06T18:17:45.770+0700] {dag.py:4180} INFO - Setting next_dagrun for dataset_s3_bucket_producer to None, run_after=None
[2024-11-06T18:17:45.784+0700] {processor.py:208} INFO - Processing /home/fawzan/airflow/.venv/lib/python3.10/site-packages/airflow/example_dags/example_dataset_alias.py took 0.069 seconds
[2024-11-06T18:19:03.725+0700] {processor.py:186} INFO - Started process (PID=4093) to work on /home/fawzan/airflow/.venv/lib/python3.10/site-packages/airflow/example_dags/example_dataset_alias.py
[2024-11-06T18:19:03.728+0700] {processor.py:914} INFO - Processing file /home/fawzan/airflow/.venv/lib/python3.10/site-packages/airflow/example_dags/example_dataset_alias.py for tasks to queue
[2024-11-06T18:19:03.730+0700] {logging_mixin.py:190} INFO - [2024-11-06T18:19:03.730+0700] {dagbag.py:588} INFO - Filling up the DagBag from /home/fawzan/airflow/.venv/lib/python3.10/site-packages/airflow/example_dags/example_dataset_alias.py
[2024-11-06T18:19:03.748+0700] {processor.py:925} INFO - DAG(s) 'dataset_s3_bucket_consumer', 'dataset_alias_example_alias_consumer', 'dataset_alias_example_alias_producer', 'dataset_s3_bucket_producer' retrieved from /home/fawzan/airflow/.venv/lib/python3.10/site-packages/airflow/example_dags/example_dataset_alias.py
[2024-11-06T18:19:03.759+0700] {logging_mixin.py:190} INFO - [2024-11-06T18:19:03.759+0700] {dag.py:3239} INFO - Sync 4 DAGs
[2024-11-06T18:19:03.770+0700] {logging_mixin.py:190} INFO - [2024-11-06T18:19:03.770+0700] {dag.py:4180} INFO - Setting next_dagrun for dataset_alias_example_alias_consumer to None, run_after=None
[2024-11-06T18:19:03.771+0700] {logging_mixin.py:190} INFO - [2024-11-06T18:19:03.771+0700] {dag.py:4180} INFO - Setting next_dagrun for dataset_alias_example_alias_producer to None, run_after=None
[2024-11-06T18:19:03.772+0700] {logging_mixin.py:190} INFO - [2024-11-06T18:19:03.772+0700] {dag.py:4180} INFO - Setting next_dagrun for dataset_s3_bucket_consumer to None, run_after=None
[2024-11-06T18:19:03.772+0700] {logging_mixin.py:190} INFO - [2024-11-06T18:19:03.772+0700] {dag.py:4180} INFO - Setting next_dagrun for dataset_s3_bucket_producer to None, run_after=None
[2024-11-06T18:19:03.785+0700] {processor.py:208} INFO - Processing /home/fawzan/airflow/.venv/lib/python3.10/site-packages/airflow/example_dags/example_dataset_alias.py took 0.066 seconds
[2024-11-06T18:20:22.645+0700] {processor.py:186} INFO - Started process (PID=4242) to work on /home/fawzan/airflow/.venv/lib/python3.10/site-packages/airflow/example_dags/example_dataset_alias.py
[2024-11-06T18:20:22.648+0700] {processor.py:914} INFO - Processing file /home/fawzan/airflow/.venv/lib/python3.10/site-packages/airflow/example_dags/example_dataset_alias.py for tasks to queue
[2024-11-06T18:20:22.650+0700] {logging_mixin.py:190} INFO - [2024-11-06T18:20:22.650+0700] {dagbag.py:588} INFO - Filling up the DagBag from /home/fawzan/airflow/.venv/lib/python3.10/site-packages/airflow/example_dags/example_dataset_alias.py
[2024-11-06T18:20:22.669+0700] {processor.py:925} INFO - DAG(s) 'dataset_s3_bucket_consumer', 'dataset_alias_example_alias_producer', 'dataset_alias_example_alias_consumer', 'dataset_s3_bucket_producer' retrieved from /home/fawzan/airflow/.venv/lib/python3.10/site-packages/airflow/example_dags/example_dataset_alias.py
[2024-11-06T18:20:22.680+0700] {logging_mixin.py:190} INFO - [2024-11-06T18:20:22.680+0700] {dag.py:3239} INFO - Sync 4 DAGs
[2024-11-06T18:20:22.690+0700] {logging_mixin.py:190} INFO - [2024-11-06T18:20:22.690+0700] {dag.py:4180} INFO - Setting next_dagrun for dataset_alias_example_alias_consumer to None, run_after=None
[2024-11-06T18:20:22.692+0700] {logging_mixin.py:190} INFO - [2024-11-06T18:20:22.691+0700] {dag.py:4180} INFO - Setting next_dagrun for dataset_alias_example_alias_producer to None, run_after=None
[2024-11-06T18:20:22.692+0700] {logging_mixin.py:190} INFO - [2024-11-06T18:20:22.692+0700] {dag.py:4180} INFO - Setting next_dagrun for dataset_s3_bucket_consumer to None, run_after=None
[2024-11-06T18:20:22.693+0700] {logging_mixin.py:190} INFO - [2024-11-06T18:20:22.692+0700] {dag.py:4180} INFO - Setting next_dagrun for dataset_s3_bucket_producer to None, run_after=None
[2024-11-06T18:20:22.707+0700] {processor.py:208} INFO - Processing /home/fawzan/airflow/.venv/lib/python3.10/site-packages/airflow/example_dags/example_dataset_alias.py took 0.067 seconds
[2024-11-06T18:21:30.141+0700] {processor.py:186} INFO - Started process (PID=4461) to work on /home/fawzan/airflow/.venv/lib/python3.10/site-packages/airflow/example_dags/example_dataset_alias.py
[2024-11-06T18:21:30.144+0700] {processor.py:914} INFO - Processing file /home/fawzan/airflow/.venv/lib/python3.10/site-packages/airflow/example_dags/example_dataset_alias.py for tasks to queue
[2024-11-06T18:21:30.147+0700] {logging_mixin.py:190} INFO - [2024-11-06T18:21:30.146+0700] {dagbag.py:588} INFO - Filling up the DagBag from /home/fawzan/airflow/.venv/lib/python3.10/site-packages/airflow/example_dags/example_dataset_alias.py
[2024-11-06T18:21:30.164+0700] {processor.py:925} INFO - DAG(s) 'dataset_alias_example_alias_consumer', 'dataset_s3_bucket_consumer', 'dataset_alias_example_alias_producer', 'dataset_s3_bucket_producer' retrieved from /home/fawzan/airflow/.venv/lib/python3.10/site-packages/airflow/example_dags/example_dataset_alias.py
[2024-11-06T18:21:30.176+0700] {logging_mixin.py:190} INFO - [2024-11-06T18:21:30.175+0700] {dag.py:3239} INFO - Sync 4 DAGs
[2024-11-06T18:21:30.186+0700] {logging_mixin.py:190} INFO - [2024-11-06T18:21:30.186+0700] {dag.py:4180} INFO - Setting next_dagrun for dataset_alias_example_alias_consumer to None, run_after=None
[2024-11-06T18:21:30.187+0700] {logging_mixin.py:190} INFO - [2024-11-06T18:21:30.187+0700] {dag.py:4180} INFO - Setting next_dagrun for dataset_alias_example_alias_producer to None, run_after=None
[2024-11-06T18:21:30.188+0700] {logging_mixin.py:190} INFO - [2024-11-06T18:21:30.188+0700] {dag.py:4180} INFO - Setting next_dagrun for dataset_s3_bucket_consumer to None, run_after=None
[2024-11-06T18:21:30.188+0700] {logging_mixin.py:190} INFO - [2024-11-06T18:21:30.188+0700] {dag.py:4180} INFO - Setting next_dagrun for dataset_s3_bucket_producer to None, run_after=None
[2024-11-06T18:21:30.202+0700] {processor.py:208} INFO - Processing /home/fawzan/airflow/.venv/lib/python3.10/site-packages/airflow/example_dags/example_dataset_alias.py took 0.065 seconds
[2024-11-06T18:22:26.317+0700] {processor.py:186} INFO - Started process (PID=4582) to work on /home/fawzan/airflow/.venv/lib/python3.10/site-packages/airflow/example_dags/example_dataset_alias.py
[2024-11-06T18:22:26.320+0700] {processor.py:914} INFO - Processing file /home/fawzan/airflow/.venv/lib/python3.10/site-packages/airflow/example_dags/example_dataset_alias.py for tasks to queue
[2024-11-06T18:22:26.322+0700] {logging_mixin.py:190} INFO - [2024-11-06T18:22:26.322+0700] {dagbag.py:588} INFO - Filling up the DagBag from /home/fawzan/airflow/.venv/lib/python3.10/site-packages/airflow/example_dags/example_dataset_alias.py
[2024-11-06T18:22:26.339+0700] {processor.py:925} INFO - DAG(s) 'dataset_s3_bucket_consumer', 'dataset_alias_example_alias_producer', 'dataset_alias_example_alias_consumer', 'dataset_s3_bucket_producer' retrieved from /home/fawzan/airflow/.venv/lib/python3.10/site-packages/airflow/example_dags/example_dataset_alias.py
[2024-11-06T18:22:26.351+0700] {logging_mixin.py:190} INFO - [2024-11-06T18:22:26.350+0700] {dag.py:3239} INFO - Sync 4 DAGs
[2024-11-06T18:22:26.361+0700] {logging_mixin.py:190} INFO - [2024-11-06T18:22:26.361+0700] {dag.py:4180} INFO - Setting next_dagrun for dataset_alias_example_alias_consumer to None, run_after=None
[2024-11-06T18:22:26.362+0700] {logging_mixin.py:190} INFO - [2024-11-06T18:22:26.362+0700] {dag.py:4180} INFO - Setting next_dagrun for dataset_alias_example_alias_producer to None, run_after=None
[2024-11-06T18:22:26.363+0700] {logging_mixin.py:190} INFO - [2024-11-06T18:22:26.363+0700] {dag.py:4180} INFO - Setting next_dagrun for dataset_s3_bucket_consumer to None, run_after=None
[2024-11-06T18:22:26.363+0700] {logging_mixin.py:190} INFO - [2024-11-06T18:22:26.363+0700] {dag.py:4180} INFO - Setting next_dagrun for dataset_s3_bucket_producer to None, run_after=None
[2024-11-06T18:22:26.376+0700] {processor.py:208} INFO - Processing /home/fawzan/airflow/.venv/lib/python3.10/site-packages/airflow/example_dags/example_dataset_alias.py took 0.065 seconds
[2024-11-06T18:23:21.834+0700] {processor.py:186} INFO - Started process (PID=4679) to work on /home/fawzan/airflow/.venv/lib/python3.10/site-packages/airflow/example_dags/example_dataset_alias.py
[2024-11-06T18:23:21.837+0700] {processor.py:914} INFO - Processing file /home/fawzan/airflow/.venv/lib/python3.10/site-packages/airflow/example_dags/example_dataset_alias.py for tasks to queue
[2024-11-06T18:23:21.840+0700] {logging_mixin.py:190} INFO - [2024-11-06T18:23:21.839+0700] {dagbag.py:588} INFO - Filling up the DagBag from /home/fawzan/airflow/.venv/lib/python3.10/site-packages/airflow/example_dags/example_dataset_alias.py
[2024-11-06T18:23:21.858+0700] {processor.py:925} INFO - DAG(s) 'dataset_alias_example_alias_consumer', 'dataset_alias_example_alias_producer', 'dataset_s3_bucket_consumer', 'dataset_s3_bucket_producer' retrieved from /home/fawzan/airflow/.venv/lib/python3.10/site-packages/airflow/example_dags/example_dataset_alias.py
[2024-11-06T18:23:21.869+0700] {logging_mixin.py:190} INFO - [2024-11-06T18:23:21.869+0700] {dag.py:3239} INFO - Sync 4 DAGs
[2024-11-06T18:23:21.879+0700] {logging_mixin.py:190} INFO - [2024-11-06T18:23:21.879+0700] {dag.py:4180} INFO - Setting next_dagrun for dataset_alias_example_alias_consumer to None, run_after=None
[2024-11-06T18:23:21.881+0700] {logging_mixin.py:190} INFO - [2024-11-06T18:23:21.880+0700] {dag.py:4180} INFO - Setting next_dagrun for dataset_alias_example_alias_producer to None, run_after=None
[2024-11-06T18:23:21.881+0700] {logging_mixin.py:190} INFO - [2024-11-06T18:23:21.881+0700] {dag.py:4180} INFO - Setting next_dagrun for dataset_s3_bucket_consumer to None, run_after=None
[2024-11-06T18:23:21.882+0700] {logging_mixin.py:190} INFO - [2024-11-06T18:23:21.881+0700] {dag.py:4180} INFO - Setting next_dagrun for dataset_s3_bucket_producer to None, run_after=None
[2024-11-06T18:23:21.895+0700] {processor.py:208} INFO - Processing /home/fawzan/airflow/.venv/lib/python3.10/site-packages/airflow/example_dags/example_dataset_alias.py took 0.066 seconds
[2024-11-06T18:24:19.342+0700] {processor.py:186} INFO - Started process (PID=4797) to work on /home/fawzan/airflow/.venv/lib/python3.10/site-packages/airflow/example_dags/example_dataset_alias.py
[2024-11-06T18:24:19.344+0700] {processor.py:914} INFO - Processing file /home/fawzan/airflow/.venv/lib/python3.10/site-packages/airflow/example_dags/example_dataset_alias.py for tasks to queue
[2024-11-06T18:24:19.346+0700] {logging_mixin.py:190} INFO - [2024-11-06T18:24:19.345+0700] {dagbag.py:588} INFO - Filling up the DagBag from /home/fawzan/airflow/.venv/lib/python3.10/site-packages/airflow/example_dags/example_dataset_alias.py
[2024-11-06T18:24:19.362+0700] {processor.py:925} INFO - DAG(s) 'dataset_alias_example_alias_producer', 'dataset_s3_bucket_producer', 'dataset_alias_example_alias_consumer', 'dataset_s3_bucket_consumer' retrieved from /home/fawzan/airflow/.venv/lib/python3.10/site-packages/airflow/example_dags/example_dataset_alias.py
[2024-11-06T18:24:19.372+0700] {logging_mixin.py:190} INFO - [2024-11-06T18:24:19.372+0700] {dag.py:3239} INFO - Sync 4 DAGs
[2024-11-06T18:24:19.382+0700] {logging_mixin.py:190} INFO - [2024-11-06T18:24:19.382+0700] {dag.py:4180} INFO - Setting next_dagrun for dataset_alias_example_alias_consumer to None, run_after=None
[2024-11-06T18:24:19.383+0700] {logging_mixin.py:190} INFO - [2024-11-06T18:24:19.383+0700] {dag.py:4180} INFO - Setting next_dagrun for dataset_alias_example_alias_producer to None, run_after=None
[2024-11-06T18:24:19.384+0700] {logging_mixin.py:190} INFO - [2024-11-06T18:24:19.384+0700] {dag.py:4180} INFO - Setting next_dagrun for dataset_s3_bucket_consumer to None, run_after=None
[2024-11-06T18:24:19.384+0700] {logging_mixin.py:190} INFO - [2024-11-06T18:24:19.384+0700] {dag.py:4180} INFO - Setting next_dagrun for dataset_s3_bucket_producer to None, run_after=None
[2024-11-06T18:24:19.397+0700] {processor.py:208} INFO - Processing /home/fawzan/airflow/.venv/lib/python3.10/site-packages/airflow/example_dags/example_dataset_alias.py took 0.059 seconds
[2024-11-06T18:32:59.955+0700] {processor.py:186} INFO - Started process (PID=5219) to work on /home/fawzan/airflow/.venv/lib/python3.10/site-packages/airflow/example_dags/example_dataset_alias.py
[2024-11-06T18:32:59.956+0700] {processor.py:914} INFO - Processing file /home/fawzan/airflow/.venv/lib/python3.10/site-packages/airflow/example_dags/example_dataset_alias.py for tasks to queue
[2024-11-06T18:32:59.958+0700] {logging_mixin.py:190} INFO - [2024-11-06T18:32:59.957+0700] {dagbag.py:588} INFO - Filling up the DagBag from /home/fawzan/airflow/.venv/lib/python3.10/site-packages/airflow/example_dags/example_dataset_alias.py
[2024-11-06T18:32:59.973+0700] {processor.py:925} INFO - DAG(s) 'dataset_alias_example_alias_producer', 'dataset_s3_bucket_producer', 'dataset_alias_example_alias_consumer', 'dataset_s3_bucket_consumer' retrieved from /home/fawzan/airflow/.venv/lib/python3.10/site-packages/airflow/example_dags/example_dataset_alias.py
[2024-11-06T18:32:59.984+0700] {logging_mixin.py:190} INFO - [2024-11-06T18:32:59.984+0700] {dag.py:3239} INFO - Sync 4 DAGs
[2024-11-06T18:32:59.995+0700] {logging_mixin.py:190} INFO - [2024-11-06T18:32:59.995+0700] {dag.py:4180} INFO - Setting next_dagrun for dataset_alias_example_alias_consumer to None, run_after=None
[2024-11-06T18:32:59.996+0700] {logging_mixin.py:190} INFO - [2024-11-06T18:32:59.996+0700] {dag.py:4180} INFO - Setting next_dagrun for dataset_alias_example_alias_producer to None, run_after=None
[2024-11-06T18:32:59.997+0700] {logging_mixin.py:190} INFO - [2024-11-06T18:32:59.996+0700] {dag.py:4180} INFO - Setting next_dagrun for dataset_s3_bucket_consumer to None, run_after=None
[2024-11-06T18:32:59.997+0700] {logging_mixin.py:190} INFO - [2024-11-06T18:32:59.997+0700] {dag.py:4180} INFO - Setting next_dagrun for dataset_s3_bucket_producer to None, run_after=None
[2024-11-06T18:33:00.011+0700] {processor.py:208} INFO - Processing /home/fawzan/airflow/.venv/lib/python3.10/site-packages/airflow/example_dags/example_dataset_alias.py took 0.062 seconds
