[2024-11-06T17:08:03.116+0700] {processor.py:186} INFO - Started process (PID=3845) to work on /home/fawzan/airflow/.venv/lib/python3.10/site-packages/airflow/example_dags/example_latest_only_with_trigger.py
[2024-11-06T17:08:03.116+0700] {processor.py:914} INFO - Processing file /home/fawzan/airflow/.venv/lib/python3.10/site-packages/airflow/example_dags/example_latest_only_with_trigger.py for tasks to queue
[2024-11-06T17:08:03.118+0700] {logging_mixin.py:190} INFO - [2024-11-06T17:08:03.118+0700] {dagbag.py:588} INFO - Filling up the DagBag from /home/fawzan/airflow/.venv/lib/python3.10/site-packages/airflow/example_dags/example_latest_only_with_trigger.py
[2024-11-06T17:08:03.125+0700] {processor.py:925} INFO - DAG(s) 'latest_only_with_trigger' retrieved from /home/fawzan/airflow/.venv/lib/python3.10/site-packages/airflow/example_dags/example_latest_only_with_trigger.py
[2024-11-06T17:08:03.180+0700] {logging_mixin.py:190} INFO - [2024-11-06T17:08:03.179+0700] {override.py:1900} INFO - Created Permission View: can edit on DAG:latest_only_with_trigger
[2024-11-06T17:08:03.187+0700] {logging_mixin.py:190} INFO - [2024-11-06T17:08:03.187+0700] {override.py:1900} INFO - Created Permission View: can delete on DAG:latest_only_with_trigger
[2024-11-06T17:08:03.193+0700] {logging_mixin.py:190} INFO - [2024-11-06T17:08:03.192+0700] {override.py:1900} INFO - Created Permission View: can read on DAG:latest_only_with_trigger
[2024-11-06T17:08:03.201+0700] {logging_mixin.py:190} INFO - [2024-11-06T17:08:03.201+0700] {override.py:1900} INFO - Created Permission View: can delete on DAG Run:latest_only_with_trigger
[2024-11-06T17:08:03.206+0700] {logging_mixin.py:190} INFO - [2024-11-06T17:08:03.206+0700] {override.py:1900} INFO - Created Permission View: can create on DAG Run:latest_only_with_trigger
[2024-11-06T17:08:03.211+0700] {logging_mixin.py:190} INFO - [2024-11-06T17:08:03.211+0700] {override.py:1900} INFO - Created Permission View: menu access on DAG Run:latest_only_with_trigger
[2024-11-06T17:08:03.216+0700] {logging_mixin.py:190} INFO - [2024-11-06T17:08:03.216+0700] {override.py:1900} INFO - Created Permission View: can read on DAG Run:latest_only_with_trigger
[2024-11-06T17:08:03.216+0700] {logging_mixin.py:190} INFO - [2024-11-06T17:08:03.216+0700] {dag.py:3239} INFO - Sync 1 DAGs
[2024-11-06T17:08:03.222+0700] {logging_mixin.py:190} INFO - [2024-11-06T17:08:03.222+0700] {dag.py:3262} INFO - Creating ORM DAG for latest_only_with_trigger
[2024-11-06T17:08:03.226+0700] {logging_mixin.py:190} INFO - [2024-11-06T17:08:03.226+0700] {dag.py:4180} INFO - Setting next_dagrun for latest_only_with_trigger to 2024-11-06 04:00:00+00:00, run_after=2024-11-06 08:00:00+00:00
[2024-11-06T17:08:03.237+0700] {processor.py:208} INFO - Processing /home/fawzan/airflow/.venv/lib/python3.10/site-packages/airflow/example_dags/example_latest_only_with_trigger.py took 0.128 seconds
[2024-11-06T17:13:33.368+0700] {processor.py:186} INFO - Started process (PID=4005) to work on /home/fawzan/airflow/.venv/lib/python3.10/site-packages/airflow/example_dags/example_latest_only_with_trigger.py
[2024-11-06T17:13:33.372+0700] {processor.py:914} INFO - Processing file /home/fawzan/airflow/.venv/lib/python3.10/site-packages/airflow/example_dags/example_latest_only_with_trigger.py for tasks to queue
[2024-11-06T17:13:33.374+0700] {logging_mixin.py:190} INFO - [2024-11-06T17:13:33.373+0700] {dagbag.py:588} INFO - Filling up the DagBag from /home/fawzan/airflow/.venv/lib/python3.10/site-packages/airflow/example_dags/example_latest_only_with_trigger.py
[2024-11-06T17:13:33.381+0700] {processor.py:925} INFO - DAG(s) 'latest_only_with_trigger' retrieved from /home/fawzan/airflow/.venv/lib/python3.10/site-packages/airflow/example_dags/example_latest_only_with_trigger.py
[2024-11-06T17:13:33.392+0700] {logging_mixin.py:190} INFO - [2024-11-06T17:13:33.392+0700] {dag.py:3239} INFO - Sync 1 DAGs
[2024-11-06T17:13:33.403+0700] {logging_mixin.py:190} INFO - [2024-11-06T17:13:33.403+0700] {dag.py:4180} INFO - Setting next_dagrun for latest_only_with_trigger to 2024-11-06 04:00:00+00:00, run_after=2024-11-06 08:00:00+00:00
[2024-11-06T17:13:33.416+0700] {processor.py:208} INFO - Processing /home/fawzan/airflow/.venv/lib/python3.10/site-packages/airflow/example_dags/example_latest_only_with_trigger.py took 0.054 seconds
[2024-11-06T17:14:29.642+0700] {processor.py:186} INFO - Started process (PID=4077) to work on /home/fawzan/airflow/.venv/lib/python3.10/site-packages/airflow/example_dags/example_latest_only_with_trigger.py
[2024-11-06T17:14:29.645+0700] {processor.py:914} INFO - Processing file /home/fawzan/airflow/.venv/lib/python3.10/site-packages/airflow/example_dags/example_latest_only_with_trigger.py for tasks to queue
[2024-11-06T17:14:29.648+0700] {logging_mixin.py:190} INFO - [2024-11-06T17:14:29.648+0700] {dagbag.py:588} INFO - Filling up the DagBag from /home/fawzan/airflow/.venv/lib/python3.10/site-packages/airflow/example_dags/example_latest_only_with_trigger.py
[2024-11-06T17:14:29.655+0700] {processor.py:925} INFO - DAG(s) 'latest_only_with_trigger' retrieved from /home/fawzan/airflow/.venv/lib/python3.10/site-packages/airflow/example_dags/example_latest_only_with_trigger.py
[2024-11-06T17:14:29.666+0700] {logging_mixin.py:190} INFO - [2024-11-06T17:14:29.666+0700] {dag.py:3239} INFO - Sync 1 DAGs
[2024-11-06T17:14:29.677+0700] {logging_mixin.py:190} INFO - [2024-11-06T17:14:29.677+0700] {dag.py:4180} INFO - Setting next_dagrun for latest_only_with_trigger to 2024-11-06 04:00:00+00:00, run_after=2024-11-06 08:00:00+00:00
[2024-11-06T17:14:29.688+0700] {processor.py:208} INFO - Processing /home/fawzan/airflow/.venv/lib/python3.10/site-packages/airflow/example_dags/example_latest_only_with_trigger.py took 0.052 seconds
[2024-11-06T17:15:25.796+0700] {processor.py:186} INFO - Started process (PID=4152) to work on /home/fawzan/airflow/.venv/lib/python3.10/site-packages/airflow/example_dags/example_latest_only_with_trigger.py
[2024-11-06T17:15:25.799+0700] {processor.py:914} INFO - Processing file /home/fawzan/airflow/.venv/lib/python3.10/site-packages/airflow/example_dags/example_latest_only_with_trigger.py for tasks to queue
[2024-11-06T17:15:25.801+0700] {logging_mixin.py:190} INFO - [2024-11-06T17:15:25.800+0700] {dagbag.py:588} INFO - Filling up the DagBag from /home/fawzan/airflow/.venv/lib/python3.10/site-packages/airflow/example_dags/example_latest_only_with_trigger.py
[2024-11-06T17:15:25.805+0700] {processor.py:925} INFO - DAG(s) 'latest_only_with_trigger' retrieved from /home/fawzan/airflow/.venv/lib/python3.10/site-packages/airflow/example_dags/example_latest_only_with_trigger.py
[2024-11-06T17:15:25.813+0700] {logging_mixin.py:190} INFO - [2024-11-06T17:15:25.813+0700] {dag.py:3239} INFO - Sync 1 DAGs
[2024-11-06T17:15:25.825+0700] {logging_mixin.py:190} INFO - [2024-11-06T17:15:25.825+0700] {dag.py:4180} INFO - Setting next_dagrun for latest_only_with_trigger to 2024-11-06 04:00:00+00:00, run_after=2024-11-06 08:00:00+00:00
[2024-11-06T17:15:25.838+0700] {processor.py:208} INFO - Processing /home/fawzan/airflow/.venv/lib/python3.10/site-packages/airflow/example_dags/example_latest_only_with_trigger.py took 0.045 seconds
[2024-11-06T17:16:19.989+0700] {processor.py:186} INFO - Started process (PID=4217) to work on /home/fawzan/airflow/.venv/lib/python3.10/site-packages/airflow/example_dags/example_latest_only_with_trigger.py
[2024-11-06T17:16:19.992+0700] {processor.py:914} INFO - Processing file /home/fawzan/airflow/.venv/lib/python3.10/site-packages/airflow/example_dags/example_latest_only_with_trigger.py for tasks to queue
[2024-11-06T17:16:19.994+0700] {logging_mixin.py:190} INFO - [2024-11-06T17:16:19.994+0700] {dagbag.py:588} INFO - Filling up the DagBag from /home/fawzan/airflow/.venv/lib/python3.10/site-packages/airflow/example_dags/example_latest_only_with_trigger.py
[2024-11-06T17:16:20.001+0700] {processor.py:925} INFO - DAG(s) 'latest_only_with_trigger' retrieved from /home/fawzan/airflow/.venv/lib/python3.10/site-packages/airflow/example_dags/example_latest_only_with_trigger.py
[2024-11-06T17:16:20.010+0700] {logging_mixin.py:190} INFO - [2024-11-06T17:16:20.010+0700] {dag.py:3239} INFO - Sync 1 DAGs
[2024-11-06T17:16:20.020+0700] {logging_mixin.py:190} INFO - [2024-11-06T17:16:20.020+0700] {dag.py:4180} INFO - Setting next_dagrun for latest_only_with_trigger to 2024-11-06 04:00:00+00:00, run_after=2024-11-06 08:00:00+00:00
[2024-11-06T17:16:20.032+0700] {processor.py:208} INFO - Processing /home/fawzan/airflow/.venv/lib/python3.10/site-packages/airflow/example_dags/example_latest_only_with_trigger.py took 0.047 seconds
[2024-11-06T18:13:21.628+0700] {processor.py:186} INFO - Started process (PID=2742) to work on /home/fawzan/airflow/.venv/lib/python3.10/site-packages/airflow/example_dags/example_latest_only_with_trigger.py
[2024-11-06T18:13:21.629+0700] {processor.py:914} INFO - Processing file /home/fawzan/airflow/.venv/lib/python3.10/site-packages/airflow/example_dags/example_latest_only_with_trigger.py for tasks to queue
[2024-11-06T18:13:21.631+0700] {logging_mixin.py:190} INFO - [2024-11-06T18:13:21.631+0700] {dagbag.py:588} INFO - Filling up the DagBag from /home/fawzan/airflow/.venv/lib/python3.10/site-packages/airflow/example_dags/example_latest_only_with_trigger.py
[2024-11-06T18:13:21.637+0700] {processor.py:925} INFO - DAG(s) 'latest_only_with_trigger' retrieved from /home/fawzan/airflow/.venv/lib/python3.10/site-packages/airflow/example_dags/example_latest_only_with_trigger.py
[2024-11-06T18:13:21.647+0700] {logging_mixin.py:190} INFO - [2024-11-06T18:13:21.647+0700] {dag.py:3239} INFO - Sync 1 DAGs
[2024-11-06T18:13:21.659+0700] {logging_mixin.py:190} INFO - [2024-11-06T18:13:21.658+0700] {dag.py:4180} INFO - Setting next_dagrun for latest_only_with_trigger to 2024-11-06 04:00:00+00:00, run_after=2024-11-06 08:00:00+00:00
[2024-11-06T18:13:21.670+0700] {processor.py:208} INFO - Processing /home/fawzan/airflow/.venv/lib/python3.10/site-packages/airflow/example_dags/example_latest_only_with_trigger.py took 0.048 seconds
[2024-11-06T18:14:18.242+0700] {processor.py:186} INFO - Started process (PID=3338) to work on /home/fawzan/airflow/.venv/lib/python3.10/site-packages/airflow/example_dags/example_latest_only_with_trigger.py
[2024-11-06T18:14:18.245+0700] {processor.py:914} INFO - Processing file /home/fawzan/airflow/.venv/lib/python3.10/site-packages/airflow/example_dags/example_latest_only_with_trigger.py for tasks to queue
[2024-11-06T18:14:18.248+0700] {logging_mixin.py:190} INFO - [2024-11-06T18:14:18.248+0700] {dagbag.py:588} INFO - Filling up the DagBag from /home/fawzan/airflow/.venv/lib/python3.10/site-packages/airflow/example_dags/example_latest_only_with_trigger.py
[2024-11-06T18:14:18.255+0700] {processor.py:925} INFO - DAG(s) 'latest_only_with_trigger' retrieved from /home/fawzan/airflow/.venv/lib/python3.10/site-packages/airflow/example_dags/example_latest_only_with_trigger.py
[2024-11-06T18:14:18.267+0700] {logging_mixin.py:190} INFO - [2024-11-06T18:14:18.266+0700] {dag.py:3239} INFO - Sync 1 DAGs
[2024-11-06T18:14:18.278+0700] {logging_mixin.py:190} INFO - [2024-11-06T18:14:18.277+0700] {dag.py:4180} INFO - Setting next_dagrun for latest_only_with_trigger to 2024-11-06 04:00:00+00:00, run_after=2024-11-06 08:00:00+00:00
[2024-11-06T18:14:18.290+0700] {processor.py:208} INFO - Processing /home/fawzan/airflow/.venv/lib/python3.10/site-packages/airflow/example_dags/example_latest_only_with_trigger.py took 0.053 seconds
[2024-11-06T18:15:12.637+0700] {processor.py:186} INFO - Started process (PID=3492) to work on /home/fawzan/airflow/.venv/lib/python3.10/site-packages/airflow/example_dags/example_latest_only_with_trigger.py
[2024-11-06T18:15:12.640+0700] {processor.py:914} INFO - Processing file /home/fawzan/airflow/.venv/lib/python3.10/site-packages/airflow/example_dags/example_latest_only_with_trigger.py for tasks to queue
[2024-11-06T18:15:12.642+0700] {logging_mixin.py:190} INFO - [2024-11-06T18:15:12.642+0700] {dagbag.py:588} INFO - Filling up the DagBag from /home/fawzan/airflow/.venv/lib/python3.10/site-packages/airflow/example_dags/example_latest_only_with_trigger.py
[2024-11-06T18:15:12.649+0700] {processor.py:925} INFO - DAG(s) 'latest_only_with_trigger' retrieved from /home/fawzan/airflow/.venv/lib/python3.10/site-packages/airflow/example_dags/example_latest_only_with_trigger.py
[2024-11-06T18:15:12.660+0700] {logging_mixin.py:190} INFO - [2024-11-06T18:15:12.660+0700] {dag.py:3239} INFO - Sync 1 DAGs
[2024-11-06T18:15:12.671+0700] {logging_mixin.py:190} INFO - [2024-11-06T18:15:12.671+0700] {dag.py:4180} INFO - Setting next_dagrun for latest_only_with_trigger to 2024-11-06 04:00:00+00:00, run_after=2024-11-06 08:00:00+00:00
[2024-11-06T18:15:12.683+0700] {processor.py:208} INFO - Processing /home/fawzan/airflow/.venv/lib/python3.10/site-packages/airflow/example_dags/example_latest_only_with_trigger.py took 0.052 seconds
[2024-11-06T18:16:29.620+0700] {processor.py:186} INFO - Started process (PID=3752) to work on /home/fawzan/airflow/.venv/lib/python3.10/site-packages/airflow/example_dags/example_latest_only_with_trigger.py
[2024-11-06T18:16:29.623+0700] {processor.py:914} INFO - Processing file /home/fawzan/airflow/.venv/lib/python3.10/site-packages/airflow/example_dags/example_latest_only_with_trigger.py for tasks to queue
[2024-11-06T18:16:29.626+0700] {logging_mixin.py:190} INFO - [2024-11-06T18:16:29.626+0700] {dagbag.py:588} INFO - Filling up the DagBag from /home/fawzan/airflow/.venv/lib/python3.10/site-packages/airflow/example_dags/example_latest_only_with_trigger.py
[2024-11-06T18:16:29.633+0700] {processor.py:925} INFO - DAG(s) 'latest_only_with_trigger' retrieved from /home/fawzan/airflow/.venv/lib/python3.10/site-packages/airflow/example_dags/example_latest_only_with_trigger.py
[2024-11-06T18:16:29.644+0700] {logging_mixin.py:190} INFO - [2024-11-06T18:16:29.643+0700] {dag.py:3239} INFO - Sync 1 DAGs
[2024-11-06T18:16:29.654+0700] {logging_mixin.py:190} INFO - [2024-11-06T18:16:29.654+0700] {dag.py:4180} INFO - Setting next_dagrun for latest_only_with_trigger to 2024-11-06 04:00:00+00:00, run_after=2024-11-06 08:00:00+00:00
[2024-11-06T18:16:29.666+0700] {processor.py:208} INFO - Processing /home/fawzan/airflow/.venv/lib/python3.10/site-packages/airflow/example_dags/example_latest_only_with_trigger.py took 0.051 seconds
[2024-11-06T18:17:25.415+0700] {processor.py:186} INFO - Started process (PID=3899) to work on /home/fawzan/airflow/.venv/lib/python3.10/site-packages/airflow/example_dags/example_latest_only_with_trigger.py
[2024-11-06T18:17:25.418+0700] {processor.py:914} INFO - Processing file /home/fawzan/airflow/.venv/lib/python3.10/site-packages/airflow/example_dags/example_latest_only_with_trigger.py for tasks to queue
[2024-11-06T18:17:25.421+0700] {logging_mixin.py:190} INFO - [2024-11-06T18:17:25.420+0700] {dagbag.py:588} INFO - Filling up the DagBag from /home/fawzan/airflow/.venv/lib/python3.10/site-packages/airflow/example_dags/example_latest_only_with_trigger.py
[2024-11-06T18:17:25.427+0700] {processor.py:925} INFO - DAG(s) 'latest_only_with_trigger' retrieved from /home/fawzan/airflow/.venv/lib/python3.10/site-packages/airflow/example_dags/example_latest_only_with_trigger.py
[2024-11-06T18:17:25.436+0700] {logging_mixin.py:190} INFO - [2024-11-06T18:17:25.436+0700] {dag.py:3239} INFO - Sync 1 DAGs
[2024-11-06T18:17:25.446+0700] {logging_mixin.py:190} INFO - [2024-11-06T18:17:25.446+0700] {dag.py:4180} INFO - Setting next_dagrun for latest_only_with_trigger to 2024-11-06 04:00:00+00:00, run_after=2024-11-06 08:00:00+00:00
[2024-11-06T18:17:25.460+0700] {processor.py:208} INFO - Processing /home/fawzan/airflow/.venv/lib/python3.10/site-packages/airflow/example_dags/example_latest_only_with_trigger.py took 0.050 seconds
[2024-11-06T18:18:17.072+0700] {processor.py:186} INFO - Started process (PID=4005) to work on /home/fawzan/airflow/.venv/lib/python3.10/site-packages/airflow/example_dags/example_latest_only_with_trigger.py
[2024-11-06T18:18:17.075+0700] {processor.py:914} INFO - Processing file /home/fawzan/airflow/.venv/lib/python3.10/site-packages/airflow/example_dags/example_latest_only_with_trigger.py for tasks to queue
[2024-11-06T18:18:17.078+0700] {logging_mixin.py:190} INFO - [2024-11-06T18:18:17.077+0700] {dagbag.py:588} INFO - Filling up the DagBag from /home/fawzan/airflow/.venv/lib/python3.10/site-packages/airflow/example_dags/example_latest_only_with_trigger.py
[2024-11-06T18:18:17.084+0700] {processor.py:925} INFO - DAG(s) 'latest_only_with_trigger' retrieved from /home/fawzan/airflow/.venv/lib/python3.10/site-packages/airflow/example_dags/example_latest_only_with_trigger.py
[2024-11-06T18:18:17.093+0700] {logging_mixin.py:190} INFO - [2024-11-06T18:18:17.093+0700] {dag.py:3239} INFO - Sync 1 DAGs
[2024-11-06T18:18:17.104+0700] {logging_mixin.py:190} INFO - [2024-11-06T18:18:17.104+0700] {dag.py:4180} INFO - Setting next_dagrun for latest_only_with_trigger to 2024-11-06 04:00:00+00:00, run_after=2024-11-06 08:00:00+00:00
[2024-11-06T18:18:17.115+0700] {processor.py:208} INFO - Processing /home/fawzan/airflow/.venv/lib/python3.10/site-packages/airflow/example_dags/example_latest_only_with_trigger.py took 0.049 seconds
[2024-11-06T18:19:10.112+0700] {processor.py:186} INFO - Started process (PID=4105) to work on /home/fawzan/airflow/.venv/lib/python3.10/site-packages/airflow/example_dags/example_latest_only_with_trigger.py
[2024-11-06T18:19:10.115+0700] {processor.py:914} INFO - Processing file /home/fawzan/airflow/.venv/lib/python3.10/site-packages/airflow/example_dags/example_latest_only_with_trigger.py for tasks to queue
[2024-11-06T18:19:10.117+0700] {logging_mixin.py:190} INFO - [2024-11-06T18:19:10.116+0700] {dagbag.py:588} INFO - Filling up the DagBag from /home/fawzan/airflow/.venv/lib/python3.10/site-packages/airflow/example_dags/example_latest_only_with_trigger.py
[2024-11-06T18:19:10.122+0700] {processor.py:925} INFO - DAG(s) 'latest_only_with_trigger' retrieved from /home/fawzan/airflow/.venv/lib/python3.10/site-packages/airflow/example_dags/example_latest_only_with_trigger.py
[2024-11-06T18:19:10.131+0700] {logging_mixin.py:190} INFO - [2024-11-06T18:19:10.131+0700] {dag.py:3239} INFO - Sync 1 DAGs
[2024-11-06T18:19:10.142+0700] {logging_mixin.py:190} INFO - [2024-11-06T18:19:10.141+0700] {dag.py:4180} INFO - Setting next_dagrun for latest_only_with_trigger to 2024-11-06 04:00:00+00:00, run_after=2024-11-06 08:00:00+00:00
[2024-11-06T18:19:10.153+0700] {processor.py:208} INFO - Processing /home/fawzan/airflow/.venv/lib/python3.10/site-packages/airflow/example_dags/example_latest_only_with_trigger.py took 0.045 seconds
[2024-11-06T18:20:04.300+0700] {processor.py:186} INFO - Started process (PID=4207) to work on /home/fawzan/airflow/.venv/lib/python3.10/site-packages/airflow/example_dags/example_latest_only_with_trigger.py
[2024-11-06T18:20:04.303+0700] {processor.py:914} INFO - Processing file /home/fawzan/airflow/.venv/lib/python3.10/site-packages/airflow/example_dags/example_latest_only_with_trigger.py for tasks to queue
[2024-11-06T18:20:04.305+0700] {logging_mixin.py:190} INFO - [2024-11-06T18:20:04.305+0700] {dagbag.py:588} INFO - Filling up the DagBag from /home/fawzan/airflow/.venv/lib/python3.10/site-packages/airflow/example_dags/example_latest_only_with_trigger.py
[2024-11-06T18:20:04.312+0700] {processor.py:925} INFO - DAG(s) 'latest_only_with_trigger' retrieved from /home/fawzan/airflow/.venv/lib/python3.10/site-packages/airflow/example_dags/example_latest_only_with_trigger.py
[2024-11-06T18:20:04.323+0700] {logging_mixin.py:190} INFO - [2024-11-06T18:20:04.323+0700] {dag.py:3239} INFO - Sync 1 DAGs
[2024-11-06T18:20:04.333+0700] {logging_mixin.py:190} INFO - [2024-11-06T18:20:04.333+0700] {dag.py:4180} INFO - Setting next_dagrun for latest_only_with_trigger to 2024-11-06 04:00:00+00:00, run_after=2024-11-06 08:00:00+00:00
[2024-11-06T18:20:04.344+0700] {processor.py:208} INFO - Processing /home/fawzan/airflow/.venv/lib/python3.10/site-packages/airflow/example_dags/example_latest_only_with_trigger.py took 0.049 seconds
[2024-11-06T18:21:08.770+0700] {processor.py:186} INFO - Started process (PID=4401) to work on /home/fawzan/airflow/.venv/lib/python3.10/site-packages/airflow/example_dags/example_latest_only_with_trigger.py
[2024-11-06T18:21:08.773+0700] {processor.py:914} INFO - Processing file /home/fawzan/airflow/.venv/lib/python3.10/site-packages/airflow/example_dags/example_latest_only_with_trigger.py for tasks to queue
[2024-11-06T18:21:08.776+0700] {logging_mixin.py:190} INFO - [2024-11-06T18:21:08.775+0700] {dagbag.py:588} INFO - Filling up the DagBag from /home/fawzan/airflow/.venv/lib/python3.10/site-packages/airflow/example_dags/example_latest_only_with_trigger.py
[2024-11-06T18:21:08.781+0700] {processor.py:925} INFO - DAG(s) 'latest_only_with_trigger' retrieved from /home/fawzan/airflow/.venv/lib/python3.10/site-packages/airflow/example_dags/example_latest_only_with_trigger.py
[2024-11-06T18:21:08.789+0700] {logging_mixin.py:190} INFO - [2024-11-06T18:21:08.789+0700] {dag.py:3239} INFO - Sync 1 DAGs
[2024-11-06T18:21:08.800+0700] {logging_mixin.py:190} INFO - [2024-11-06T18:21:08.800+0700] {dag.py:4180} INFO - Setting next_dagrun for latest_only_with_trigger to 2024-11-06 04:00:00+00:00, run_after=2024-11-06 08:00:00+00:00
[2024-11-06T18:21:08.811+0700] {processor.py:208} INFO - Processing /home/fawzan/airflow/.venv/lib/python3.10/site-packages/airflow/example_dags/example_latest_only_with_trigger.py took 0.047 seconds
[2024-11-06T18:22:08.351+0700] {processor.py:186} INFO - Started process (PID=4527) to work on /home/fawzan/airflow/.venv/lib/python3.10/site-packages/airflow/example_dags/example_latest_only_with_trigger.py
[2024-11-06T18:22:08.354+0700] {processor.py:914} INFO - Processing file /home/fawzan/airflow/.venv/lib/python3.10/site-packages/airflow/example_dags/example_latest_only_with_trigger.py for tasks to queue
[2024-11-06T18:22:08.356+0700] {logging_mixin.py:190} INFO - [2024-11-06T18:22:08.356+0700] {dagbag.py:588} INFO - Filling up the DagBag from /home/fawzan/airflow/.venv/lib/python3.10/site-packages/airflow/example_dags/example_latest_only_with_trigger.py
[2024-11-06T18:22:08.364+0700] {processor.py:925} INFO - DAG(s) 'latest_only_with_trigger' retrieved from /home/fawzan/airflow/.venv/lib/python3.10/site-packages/airflow/example_dags/example_latest_only_with_trigger.py
[2024-11-06T18:22:08.375+0700] {logging_mixin.py:190} INFO - [2024-11-06T18:22:08.374+0700] {dag.py:3239} INFO - Sync 1 DAGs
[2024-11-06T18:22:08.385+0700] {logging_mixin.py:190} INFO - [2024-11-06T18:22:08.385+0700] {dag.py:4180} INFO - Setting next_dagrun for latest_only_with_trigger to 2024-11-06 04:00:00+00:00, run_after=2024-11-06 08:00:00+00:00
[2024-11-06T18:22:08.400+0700] {processor.py:208} INFO - Processing /home/fawzan/airflow/.venv/lib/python3.10/site-packages/airflow/example_dags/example_latest_only_with_trigger.py took 0.054 seconds
[2024-11-06T18:23:01.223+0700] {processor.py:186} INFO - Started process (PID=4646) to work on /home/fawzan/airflow/.venv/lib/python3.10/site-packages/airflow/example_dags/example_latest_only_with_trigger.py
[2024-11-06T18:23:01.223+0700] {processor.py:914} INFO - Processing file /home/fawzan/airflow/.venv/lib/python3.10/site-packages/airflow/example_dags/example_latest_only_with_trigger.py for tasks to queue
[2024-11-06T18:23:01.225+0700] {logging_mixin.py:190} INFO - [2024-11-06T18:23:01.225+0700] {dagbag.py:588} INFO - Filling up the DagBag from /home/fawzan/airflow/.venv/lib/python3.10/site-packages/airflow/example_dags/example_latest_only_with_trigger.py
[2024-11-06T18:23:01.232+0700] {processor.py:925} INFO - DAG(s) 'latest_only_with_trigger' retrieved from /home/fawzan/airflow/.venv/lib/python3.10/site-packages/airflow/example_dags/example_latest_only_with_trigger.py
[2024-11-06T18:23:01.242+0700] {logging_mixin.py:190} INFO - [2024-11-06T18:23:01.242+0700] {dag.py:3239} INFO - Sync 1 DAGs
[2024-11-06T18:23:01.252+0700] {logging_mixin.py:190} INFO - [2024-11-06T18:23:01.252+0700] {dag.py:4180} INFO - Setting next_dagrun for latest_only_with_trigger to 2024-11-06 04:00:00+00:00, run_after=2024-11-06 08:00:00+00:00
[2024-11-06T18:23:01.265+0700] {processor.py:208} INFO - Processing /home/fawzan/airflow/.venv/lib/python3.10/site-packages/airflow/example_dags/example_latest_only_with_trigger.py took 0.048 seconds
[2024-11-06T18:23:58.562+0700] {processor.py:186} INFO - Started process (PID=4745) to work on /home/fawzan/airflow/.venv/lib/python3.10/site-packages/airflow/example_dags/example_latest_only_with_trigger.py
[2024-11-06T18:23:58.565+0700] {processor.py:914} INFO - Processing file /home/fawzan/airflow/.venv/lib/python3.10/site-packages/airflow/example_dags/example_latest_only_with_trigger.py for tasks to queue
[2024-11-06T18:23:58.568+0700] {logging_mixin.py:190} INFO - [2024-11-06T18:23:58.567+0700] {dagbag.py:588} INFO - Filling up the DagBag from /home/fawzan/airflow/.venv/lib/python3.10/site-packages/airflow/example_dags/example_latest_only_with_trigger.py
[2024-11-06T18:23:58.575+0700] {processor.py:925} INFO - DAG(s) 'latest_only_with_trigger' retrieved from /home/fawzan/airflow/.venv/lib/python3.10/site-packages/airflow/example_dags/example_latest_only_with_trigger.py
[2024-11-06T18:23:58.585+0700] {logging_mixin.py:190} INFO - [2024-11-06T18:23:58.585+0700] {dag.py:3239} INFO - Sync 1 DAGs
[2024-11-06T18:23:58.596+0700] {logging_mixin.py:190} INFO - [2024-11-06T18:23:58.596+0700] {dag.py:4180} INFO - Setting next_dagrun for latest_only_with_trigger to 2024-11-06 04:00:00+00:00, run_after=2024-11-06 08:00:00+00:00
[2024-11-06T18:23:58.609+0700] {processor.py:208} INFO - Processing /home/fawzan/airflow/.venv/lib/python3.10/site-packages/airflow/example_dags/example_latest_only_with_trigger.py took 0.054 seconds
[2024-11-06T18:32:38.333+0700] {processor.py:186} INFO - Started process (PID=5168) to work on /home/fawzan/airflow/.venv/lib/python3.10/site-packages/airflow/example_dags/example_latest_only_with_trigger.py
[2024-11-06T18:32:38.336+0700] {processor.py:914} INFO - Processing file /home/fawzan/airflow/.venv/lib/python3.10/site-packages/airflow/example_dags/example_latest_only_with_trigger.py for tasks to queue
[2024-11-06T18:32:38.338+0700] {logging_mixin.py:190} INFO - [2024-11-06T18:32:38.338+0700] {dagbag.py:588} INFO - Filling up the DagBag from /home/fawzan/airflow/.venv/lib/python3.10/site-packages/airflow/example_dags/example_latest_only_with_trigger.py
[2024-11-06T18:32:38.344+0700] {processor.py:925} INFO - DAG(s) 'latest_only_with_trigger' retrieved from /home/fawzan/airflow/.venv/lib/python3.10/site-packages/airflow/example_dags/example_latest_only_with_trigger.py
[2024-11-06T18:32:38.354+0700] {logging_mixin.py:190} INFO - [2024-11-06T18:32:38.353+0700] {dag.py:3239} INFO - Sync 1 DAGs
[2024-11-06T18:32:38.364+0700] {logging_mixin.py:190} INFO - [2024-11-06T18:32:38.364+0700] {dag.py:4180} INFO - Setting next_dagrun for latest_only_with_trigger to 2024-11-06 04:00:00+00:00, run_after=2024-11-06 08:00:00+00:00
[2024-11-06T18:32:38.376+0700] {processor.py:208} INFO - Processing /home/fawzan/airflow/.venv/lib/python3.10/site-packages/airflow/example_dags/example_latest_only_with_trigger.py took 0.049 seconds
