[2024-11-06T17:08:07.118+0700] {processor.py:186} INFO - Started process (PID=3852) to work on /home/fawzan/airflow/.venv/lib/python3.10/site-packages/airflow/example_dags/example_inlet_event_extra.py
[2024-11-06T17:08:07.119+0700] {processor.py:914} INFO - Processing file /home/fawzan/airflow/.venv/lib/python3.10/site-packages/airflow/example_dags/example_inlet_event_extra.py for tasks to queue
[2024-11-06T17:08:07.121+0700] {logging_mixin.py:190} INFO - [2024-11-06T17:08:07.121+0700] {dagbag.py:588} INFO - Filling up the DagBag from /home/fawzan/airflow/.venv/lib/python3.10/site-packages/airflow/example_dags/example_inlet_event_extra.py
[2024-11-06T17:08:07.131+0700] {processor.py:925} INFO - DAG(s) 'read_dataset_event_from_classic', 'read_dataset_event' retrieved from /home/fawzan/airflow/.venv/lib/python3.10/site-packages/airflow/example_dags/example_inlet_event_extra.py
[2024-11-06T17:08:07.184+0700] {logging_mixin.py:190} INFO - [2024-11-06T17:08:07.184+0700] {override.py:1900} INFO - Created Permission View: can edit on DAG:read_dataset_event_from_classic
[2024-11-06T17:08:07.191+0700] {logging_mixin.py:190} INFO - [2024-11-06T17:08:07.191+0700] {override.py:1900} INFO - Created Permission View: can delete on DAG:read_dataset_event_from_classic
[2024-11-06T17:08:07.197+0700] {logging_mixin.py:190} INFO - [2024-11-06T17:08:07.197+0700] {override.py:1900} INFO - Created Permission View: can read on DAG:read_dataset_event_from_classic
[2024-11-06T17:08:07.205+0700] {logging_mixin.py:190} INFO - [2024-11-06T17:08:07.205+0700] {override.py:1900} INFO - Created Permission View: can delete on DAG Run:read_dataset_event_from_classic
[2024-11-06T17:08:07.211+0700] {logging_mixin.py:190} INFO - [2024-11-06T17:08:07.211+0700] {override.py:1900} INFO - Created Permission View: can create on DAG Run:read_dataset_event_from_classic
[2024-11-06T17:08:07.216+0700] {logging_mixin.py:190} INFO - [2024-11-06T17:08:07.216+0700] {override.py:1900} INFO - Created Permission View: menu access on DAG Run:read_dataset_event_from_classic
[2024-11-06T17:08:07.221+0700] {logging_mixin.py:190} INFO - [2024-11-06T17:08:07.221+0700] {override.py:1900} INFO - Created Permission View: can read on DAG Run:read_dataset_event_from_classic
[2024-11-06T17:08:07.232+0700] {logging_mixin.py:190} INFO - [2024-11-06T17:08:07.232+0700] {override.py:1900} INFO - Created Permission View: can edit on DAG:read_dataset_event
[2024-11-06T17:08:07.242+0700] {logging_mixin.py:190} INFO - [2024-11-06T17:08:07.241+0700] {override.py:1900} INFO - Created Permission View: can delete on DAG:read_dataset_event
[2024-11-06T17:08:07.253+0700] {logging_mixin.py:190} INFO - [2024-11-06T17:08:07.253+0700] {override.py:1900} INFO - Created Permission View: can read on DAG:read_dataset_event
[2024-11-06T17:08:07.266+0700] {logging_mixin.py:190} INFO - [2024-11-06T17:08:07.265+0700] {override.py:1900} INFO - Created Permission View: can delete on DAG Run:read_dataset_event
[2024-11-06T17:08:07.274+0700] {logging_mixin.py:190} INFO - [2024-11-06T17:08:07.273+0700] {override.py:1900} INFO - Created Permission View: can create on DAG Run:read_dataset_event
[2024-11-06T17:08:07.280+0700] {logging_mixin.py:190} INFO - [2024-11-06T17:08:07.280+0700] {override.py:1900} INFO - Created Permission View: menu access on DAG Run:read_dataset_event
[2024-11-06T17:08:07.287+0700] {logging_mixin.py:190} INFO - [2024-11-06T17:08:07.287+0700] {override.py:1900} INFO - Created Permission View: can read on DAG Run:read_dataset_event
[2024-11-06T17:08:07.287+0700] {logging_mixin.py:190} INFO - [2024-11-06T17:08:07.287+0700] {dag.py:3239} INFO - Sync 2 DAGs
[2024-11-06T17:08:07.298+0700] {logging_mixin.py:190} INFO - [2024-11-06T17:08:07.298+0700] {dag.py:3262} INFO - Creating ORM DAG for read_dataset_event
[2024-11-06T17:08:07.299+0700] {logging_mixin.py:190} INFO - [2024-11-06T17:08:07.299+0700] {dag.py:3262} INFO - Creating ORM DAG for read_dataset_event_from_classic
[2024-11-06T17:08:07.308+0700] {logging_mixin.py:190} INFO - [2024-11-06T17:08:07.307+0700] {dag.py:4180} INFO - Setting next_dagrun for read_dataset_event to 2024-11-05 00:00:00+00:00, run_after=2024-11-06 00:00:00+00:00
[2024-11-06T17:08:07.310+0700] {logging_mixin.py:190} INFO - [2024-11-06T17:08:07.309+0700] {dag.py:4180} INFO - Setting next_dagrun for read_dataset_event_from_classic to 2024-11-05 00:00:00+00:00, run_after=2024-11-06 00:00:00+00:00
[2024-11-06T17:08:07.326+0700] {processor.py:208} INFO - Processing /home/fawzan/airflow/.venv/lib/python3.10/site-packages/airflow/example_dags/example_inlet_event_extra.py took 0.213 seconds
[2024-11-06T17:13:37.381+0700] {processor.py:186} INFO - Started process (PID=4009) to work on /home/fawzan/airflow/.venv/lib/python3.10/site-packages/airflow/example_dags/example_inlet_event_extra.py
[2024-11-06T17:13:37.384+0700] {processor.py:914} INFO - Processing file /home/fawzan/airflow/.venv/lib/python3.10/site-packages/airflow/example_dags/example_inlet_event_extra.py for tasks to queue
[2024-11-06T17:13:37.386+0700] {logging_mixin.py:190} INFO - [2024-11-06T17:13:37.386+0700] {dagbag.py:588} INFO - Filling up the DagBag from /home/fawzan/airflow/.venv/lib/python3.10/site-packages/airflow/example_dags/example_inlet_event_extra.py
[2024-11-06T17:13:37.398+0700] {processor.py:925} INFO - DAG(s) 'read_dataset_event', 'read_dataset_event_from_classic' retrieved from /home/fawzan/airflow/.venv/lib/python3.10/site-packages/airflow/example_dags/example_inlet_event_extra.py
[2024-11-06T17:13:37.410+0700] {logging_mixin.py:190} INFO - [2024-11-06T17:13:37.410+0700] {dag.py:3239} INFO - Sync 2 DAGs
[2024-11-06T17:13:37.422+0700] {logging_mixin.py:190} INFO - [2024-11-06T17:13:37.422+0700] {dag.py:4180} INFO - Setting next_dagrun for read_dataset_event to 2024-11-05 00:00:00+00:00, run_after=2024-11-06 00:00:00+00:00
[2024-11-06T17:13:37.425+0700] {logging_mixin.py:190} INFO - [2024-11-06T17:13:37.425+0700] {dag.py:4180} INFO - Setting next_dagrun for read_dataset_event_from_classic to 2024-11-05 00:00:00+00:00, run_after=2024-11-06 00:00:00+00:00
[2024-11-06T17:13:37.436+0700] {processor.py:208} INFO - Processing /home/fawzan/airflow/.venv/lib/python3.10/site-packages/airflow/example_dags/example_inlet_event_extra.py took 0.061 seconds
[2024-11-06T17:14:34.228+0700] {processor.py:186} INFO - Started process (PID=4084) to work on /home/fawzan/airflow/.venv/lib/python3.10/site-packages/airflow/example_dags/example_inlet_event_extra.py
[2024-11-06T17:14:34.231+0700] {processor.py:914} INFO - Processing file /home/fawzan/airflow/.venv/lib/python3.10/site-packages/airflow/example_dags/example_inlet_event_extra.py for tasks to queue
[2024-11-06T17:14:34.232+0700] {logging_mixin.py:190} INFO - [2024-11-06T17:14:34.232+0700] {dagbag.py:588} INFO - Filling up the DagBag from /home/fawzan/airflow/.venv/lib/python3.10/site-packages/airflow/example_dags/example_inlet_event_extra.py
[2024-11-06T17:14:34.238+0700] {processor.py:925} INFO - DAG(s) 'read_dataset_event_from_classic', 'read_dataset_event' retrieved from /home/fawzan/airflow/.venv/lib/python3.10/site-packages/airflow/example_dags/example_inlet_event_extra.py
[2024-11-06T17:14:34.248+0700] {logging_mixin.py:190} INFO - [2024-11-06T17:14:34.248+0700] {dag.py:3239} INFO - Sync 2 DAGs
[2024-11-06T17:14:34.259+0700] {logging_mixin.py:190} INFO - [2024-11-06T17:14:34.259+0700] {dag.py:4180} INFO - Setting next_dagrun for read_dataset_event to 2024-11-05 00:00:00+00:00, run_after=2024-11-06 00:00:00+00:00
[2024-11-06T17:14:34.261+0700] {logging_mixin.py:190} INFO - [2024-11-06T17:14:34.261+0700] {dag.py:4180} INFO - Setting next_dagrun for read_dataset_event_from_classic to 2024-11-05 00:00:00+00:00, run_after=2024-11-06 00:00:00+00:00
[2024-11-06T17:14:34.272+0700] {processor.py:208} INFO - Processing /home/fawzan/airflow/.venv/lib/python3.10/site-packages/airflow/example_dags/example_inlet_event_extra.py took 0.046 seconds
[2024-11-06T17:15:29.807+0700] {processor.py:186} INFO - Started process (PID=4156) to work on /home/fawzan/airflow/.venv/lib/python3.10/site-packages/airflow/example_dags/example_inlet_event_extra.py
[2024-11-06T17:15:29.810+0700] {processor.py:914} INFO - Processing file /home/fawzan/airflow/.venv/lib/python3.10/site-packages/airflow/example_dags/example_inlet_event_extra.py for tasks to queue
[2024-11-06T17:15:29.812+0700] {logging_mixin.py:190} INFO - [2024-11-06T17:15:29.811+0700] {dagbag.py:588} INFO - Filling up the DagBag from /home/fawzan/airflow/.venv/lib/python3.10/site-packages/airflow/example_dags/example_inlet_event_extra.py
[2024-11-06T17:15:29.822+0700] {processor.py:925} INFO - DAG(s) 'read_dataset_event_from_classic', 'read_dataset_event' retrieved from /home/fawzan/airflow/.venv/lib/python3.10/site-packages/airflow/example_dags/example_inlet_event_extra.py
[2024-11-06T17:15:29.832+0700] {logging_mixin.py:190} INFO - [2024-11-06T17:15:29.831+0700] {dag.py:3239} INFO - Sync 2 DAGs
[2024-11-06T17:15:29.843+0700] {logging_mixin.py:190} INFO - [2024-11-06T17:15:29.843+0700] {dag.py:4180} INFO - Setting next_dagrun for read_dataset_event to 2024-11-05 00:00:00+00:00, run_after=2024-11-06 00:00:00+00:00
[2024-11-06T17:15:29.845+0700] {logging_mixin.py:190} INFO - [2024-11-06T17:15:29.845+0700] {dag.py:4180} INFO - Setting next_dagrun for read_dataset_event_from_classic to 2024-11-05 00:00:00+00:00, run_after=2024-11-06 00:00:00+00:00
[2024-11-06T17:15:29.855+0700] {processor.py:208} INFO - Processing /home/fawzan/airflow/.venv/lib/python3.10/site-packages/airflow/example_dags/example_inlet_event_extra.py took 0.053 seconds
[2024-11-06T17:16:23.989+0700] {processor.py:186} INFO - Started process (PID=4221) to work on /home/fawzan/airflow/.venv/lib/python3.10/site-packages/airflow/example_dags/example_inlet_event_extra.py
[2024-11-06T17:16:23.993+0700] {processor.py:914} INFO - Processing file /home/fawzan/airflow/.venv/lib/python3.10/site-packages/airflow/example_dags/example_inlet_event_extra.py for tasks to queue
[2024-11-06T17:16:23.995+0700] {logging_mixin.py:190} INFO - [2024-11-06T17:16:23.994+0700] {dagbag.py:588} INFO - Filling up the DagBag from /home/fawzan/airflow/.venv/lib/python3.10/site-packages/airflow/example_dags/example_inlet_event_extra.py
[2024-11-06T17:16:24.004+0700] {processor.py:925} INFO - DAG(s) 'read_dataset_event_from_classic', 'read_dataset_event' retrieved from /home/fawzan/airflow/.venv/lib/python3.10/site-packages/airflow/example_dags/example_inlet_event_extra.py
[2024-11-06T17:16:24.015+0700] {logging_mixin.py:190} INFO - [2024-11-06T17:16:24.014+0700] {dag.py:3239} INFO - Sync 2 DAGs
[2024-11-06T17:16:24.026+0700] {logging_mixin.py:190} INFO - [2024-11-06T17:16:24.025+0700] {dag.py:4180} INFO - Setting next_dagrun for read_dataset_event to 2024-11-05 00:00:00+00:00, run_after=2024-11-06 00:00:00+00:00
[2024-11-06T17:16:24.028+0700] {logging_mixin.py:190} INFO - [2024-11-06T17:16:24.028+0700] {dag.py:4180} INFO - Setting next_dagrun for read_dataset_event_from_classic to 2024-11-05 00:00:00+00:00, run_after=2024-11-06 00:00:00+00:00
[2024-11-06T17:16:24.038+0700] {processor.py:208} INFO - Processing /home/fawzan/airflow/.venv/lib/python3.10/site-packages/airflow/example_dags/example_inlet_event_extra.py took 0.054 seconds
[2024-11-06T18:13:25.638+0700] {processor.py:186} INFO - Started process (PID=2750) to work on /home/fawzan/airflow/.venv/lib/python3.10/site-packages/airflow/example_dags/example_inlet_event_extra.py
[2024-11-06T18:13:25.641+0700] {processor.py:914} INFO - Processing file /home/fawzan/airflow/.venv/lib/python3.10/site-packages/airflow/example_dags/example_inlet_event_extra.py for tasks to queue
[2024-11-06T18:13:25.643+0700] {logging_mixin.py:190} INFO - [2024-11-06T18:13:25.643+0700] {dagbag.py:588} INFO - Filling up the DagBag from /home/fawzan/airflow/.venv/lib/python3.10/site-packages/airflow/example_dags/example_inlet_event_extra.py
[2024-11-06T18:13:25.655+0700] {processor.py:925} INFO - DAG(s) 'read_dataset_event', 'read_dataset_event_from_classic' retrieved from /home/fawzan/airflow/.venv/lib/python3.10/site-packages/airflow/example_dags/example_inlet_event_extra.py
[2024-11-06T18:13:25.666+0700] {logging_mixin.py:190} INFO - [2024-11-06T18:13:25.666+0700] {dag.py:3239} INFO - Sync 2 DAGs
[2024-11-06T18:13:25.678+0700] {logging_mixin.py:190} INFO - [2024-11-06T18:13:25.677+0700] {dag.py:4180} INFO - Setting next_dagrun for read_dataset_event to 2024-11-05 00:00:00+00:00, run_after=2024-11-06 00:00:00+00:00
[2024-11-06T18:13:25.680+0700] {logging_mixin.py:190} INFO - [2024-11-06T18:13:25.680+0700] {dag.py:4180} INFO - Setting next_dagrun for read_dataset_event_from_classic to 2024-11-05 00:00:00+00:00, run_after=2024-11-06 00:00:00+00:00
[2024-11-06T18:13:25.691+0700] {processor.py:208} INFO - Processing /home/fawzan/airflow/.venv/lib/python3.10/site-packages/airflow/example_dags/example_inlet_event_extra.py took 0.057 seconds
[2024-11-06T18:14:21.088+0700] {processor.py:186} INFO - Started process (PID=3344) to work on /home/fawzan/airflow/.venv/lib/python3.10/site-packages/airflow/example_dags/example_inlet_event_extra.py
[2024-11-06T18:14:21.091+0700] {processor.py:914} INFO - Processing file /home/fawzan/airflow/.venv/lib/python3.10/site-packages/airflow/example_dags/example_inlet_event_extra.py for tasks to queue
[2024-11-06T18:14:21.093+0700] {logging_mixin.py:190} INFO - [2024-11-06T18:14:21.093+0700] {dagbag.py:588} INFO - Filling up the DagBag from /home/fawzan/airflow/.venv/lib/python3.10/site-packages/airflow/example_dags/example_inlet_event_extra.py
[2024-11-06T18:14:21.104+0700] {processor.py:925} INFO - DAG(s) 'read_dataset_event_from_classic', 'read_dataset_event' retrieved from /home/fawzan/airflow/.venv/lib/python3.10/site-packages/airflow/example_dags/example_inlet_event_extra.py
[2024-11-06T18:14:21.115+0700] {logging_mixin.py:190} INFO - [2024-11-06T18:14:21.115+0700] {dag.py:3239} INFO - Sync 2 DAGs
[2024-11-06T18:14:21.126+0700] {logging_mixin.py:190} INFO - [2024-11-06T18:14:21.126+0700] {dag.py:4180} INFO - Setting next_dagrun for read_dataset_event to 2024-11-05 00:00:00+00:00, run_after=2024-11-06 00:00:00+00:00
[2024-11-06T18:14:21.128+0700] {logging_mixin.py:190} INFO - [2024-11-06T18:14:21.128+0700] {dag.py:4180} INFO - Setting next_dagrun for read_dataset_event_from_classic to 2024-11-05 00:00:00+00:00, run_after=2024-11-06 00:00:00+00:00
[2024-11-06T18:14:21.140+0700] {processor.py:208} INFO - Processing /home/fawzan/airflow/.venv/lib/python3.10/site-packages/airflow/example_dags/example_inlet_event_extra.py took 0.057 seconds
[2024-11-06T18:15:16.631+0700] {processor.py:186} INFO - Started process (PID=3500) to work on /home/fawzan/airflow/.venv/lib/python3.10/site-packages/airflow/example_dags/example_inlet_event_extra.py
[2024-11-06T18:15:16.634+0700] {processor.py:914} INFO - Processing file /home/fawzan/airflow/.venv/lib/python3.10/site-packages/airflow/example_dags/example_inlet_event_extra.py for tasks to queue
[2024-11-06T18:15:16.636+0700] {logging_mixin.py:190} INFO - [2024-11-06T18:15:16.636+0700] {dagbag.py:588} INFO - Filling up the DagBag from /home/fawzan/airflow/.venv/lib/python3.10/site-packages/airflow/example_dags/example_inlet_event_extra.py
[2024-11-06T18:15:16.648+0700] {processor.py:925} INFO - DAG(s) 'read_dataset_event', 'read_dataset_event_from_classic' retrieved from /home/fawzan/airflow/.venv/lib/python3.10/site-packages/airflow/example_dags/example_inlet_event_extra.py
[2024-11-06T18:15:16.658+0700] {logging_mixin.py:190} INFO - [2024-11-06T18:15:16.658+0700] {dag.py:3239} INFO - Sync 2 DAGs
[2024-11-06T18:15:16.669+0700] {logging_mixin.py:190} INFO - [2024-11-06T18:15:16.669+0700] {dag.py:4180} INFO - Setting next_dagrun for read_dataset_event to 2024-11-05 00:00:00+00:00, run_after=2024-11-06 00:00:00+00:00
[2024-11-06T18:15:16.672+0700] {logging_mixin.py:190} INFO - [2024-11-06T18:15:16.672+0700] {dag.py:4180} INFO - Setting next_dagrun for read_dataset_event_from_classic to 2024-11-05 00:00:00+00:00, run_after=2024-11-06 00:00:00+00:00
[2024-11-06T18:15:16.683+0700] {processor.py:208} INFO - Processing /home/fawzan/airflow/.venv/lib/python3.10/site-packages/airflow/example_dags/example_inlet_event_extra.py took 0.057 seconds
[2024-11-06T18:16:32.437+0700] {processor.py:186} INFO - Started process (PID=3762) to work on /home/fawzan/airflow/.venv/lib/python3.10/site-packages/airflow/example_dags/example_inlet_event_extra.py
[2024-11-06T18:16:32.439+0700] {processor.py:914} INFO - Processing file /home/fawzan/airflow/.venv/lib/python3.10/site-packages/airflow/example_dags/example_inlet_event_extra.py for tasks to queue
[2024-11-06T18:16:32.440+0700] {logging_mixin.py:190} INFO - [2024-11-06T18:16:32.440+0700] {dagbag.py:588} INFO - Filling up the DagBag from /home/fawzan/airflow/.venv/lib/python3.10/site-packages/airflow/example_dags/example_inlet_event_extra.py
[2024-11-06T18:16:32.451+0700] {processor.py:925} INFO - DAG(s) 'read_dataset_event_from_classic', 'read_dataset_event' retrieved from /home/fawzan/airflow/.venv/lib/python3.10/site-packages/airflow/example_dags/example_inlet_event_extra.py
[2024-11-06T18:16:32.460+0700] {logging_mixin.py:190} INFO - [2024-11-06T18:16:32.460+0700] {dag.py:3239} INFO - Sync 2 DAGs
[2024-11-06T18:16:32.471+0700] {logging_mixin.py:190} INFO - [2024-11-06T18:16:32.471+0700] {dag.py:4180} INFO - Setting next_dagrun for read_dataset_event to 2024-11-05 00:00:00+00:00, run_after=2024-11-06 00:00:00+00:00
[2024-11-06T18:16:32.473+0700] {logging_mixin.py:190} INFO - [2024-11-06T18:16:32.473+0700] {dag.py:4180} INFO - Setting next_dagrun for read_dataset_event_from_classic to 2024-11-05 00:00:00+00:00, run_after=2024-11-06 00:00:00+00:00
[2024-11-06T18:16:32.483+0700] {processor.py:208} INFO - Processing /home/fawzan/airflow/.venv/lib/python3.10/site-packages/airflow/example_dags/example_inlet_event_extra.py took 0.052 seconds
[2024-11-06T18:17:29.415+0700] {processor.py:186} INFO - Started process (PID=3906) to work on /home/fawzan/airflow/.venv/lib/python3.10/site-packages/airflow/example_dags/example_inlet_event_extra.py
[2024-11-06T18:17:29.416+0700] {processor.py:914} INFO - Processing file /home/fawzan/airflow/.venv/lib/python3.10/site-packages/airflow/example_dags/example_inlet_event_extra.py for tasks to queue
[2024-11-06T18:17:29.417+0700] {logging_mixin.py:190} INFO - [2024-11-06T18:17:29.417+0700] {dagbag.py:588} INFO - Filling up the DagBag from /home/fawzan/airflow/.venv/lib/python3.10/site-packages/airflow/example_dags/example_inlet_event_extra.py
[2024-11-06T18:17:29.428+0700] {processor.py:925} INFO - DAG(s) 'read_dataset_event_from_classic', 'read_dataset_event' retrieved from /home/fawzan/airflow/.venv/lib/python3.10/site-packages/airflow/example_dags/example_inlet_event_extra.py
[2024-11-06T18:17:29.440+0700] {logging_mixin.py:190} INFO - [2024-11-06T18:17:29.440+0700] {dag.py:3239} INFO - Sync 2 DAGs
[2024-11-06T18:17:29.454+0700] {logging_mixin.py:190} INFO - [2024-11-06T18:17:29.453+0700] {dag.py:4180} INFO - Setting next_dagrun for read_dataset_event to 2024-11-05 00:00:00+00:00, run_after=2024-11-06 00:00:00+00:00
[2024-11-06T18:17:29.456+0700] {logging_mixin.py:190} INFO - [2024-11-06T18:17:29.456+0700] {dag.py:4180} INFO - Setting next_dagrun for read_dataset_event_from_classic to 2024-11-05 00:00:00+00:00, run_after=2024-11-06 00:00:00+00:00
[2024-11-06T18:17:29.466+0700] {processor.py:208} INFO - Processing /home/fawzan/airflow/.venv/lib/python3.10/site-packages/airflow/example_dags/example_inlet_event_extra.py took 0.059 seconds
[2024-11-06T18:18:21.066+0700] {processor.py:186} INFO - Started process (PID=4012) to work on /home/fawzan/airflow/.venv/lib/python3.10/site-packages/airflow/example_dags/example_inlet_event_extra.py
[2024-11-06T18:18:21.069+0700] {processor.py:914} INFO - Processing file /home/fawzan/airflow/.venv/lib/python3.10/site-packages/airflow/example_dags/example_inlet_event_extra.py for tasks to queue
[2024-11-06T18:18:21.071+0700] {logging_mixin.py:190} INFO - [2024-11-06T18:18:21.071+0700] {dagbag.py:588} INFO - Filling up the DagBag from /home/fawzan/airflow/.venv/lib/python3.10/site-packages/airflow/example_dags/example_inlet_event_extra.py
[2024-11-06T18:18:21.081+0700] {processor.py:925} INFO - DAG(s) 'read_dataset_event_from_classic', 'read_dataset_event' retrieved from /home/fawzan/airflow/.venv/lib/python3.10/site-packages/airflow/example_dags/example_inlet_event_extra.py
[2024-11-06T18:18:21.090+0700] {logging_mixin.py:190} INFO - [2024-11-06T18:18:21.090+0700] {dag.py:3239} INFO - Sync 2 DAGs
[2024-11-06T18:18:21.101+0700] {logging_mixin.py:190} INFO - [2024-11-06T18:18:21.100+0700] {dag.py:4180} INFO - Setting next_dagrun for read_dataset_event to 2024-11-05 00:00:00+00:00, run_after=2024-11-06 00:00:00+00:00
[2024-11-06T18:18:21.103+0700] {logging_mixin.py:190} INFO - [2024-11-06T18:18:21.103+0700] {dag.py:4180} INFO - Setting next_dagrun for read_dataset_event_from_classic to 2024-11-05 00:00:00+00:00, run_after=2024-11-06 00:00:00+00:00
[2024-11-06T18:18:21.114+0700] {processor.py:208} INFO - Processing /home/fawzan/airflow/.venv/lib/python3.10/site-packages/airflow/example_dags/example_inlet_event_extra.py took 0.055 seconds
[2024-11-06T18:19:14.116+0700] {processor.py:186} INFO - Started process (PID=4115) to work on /home/fawzan/airflow/.venv/lib/python3.10/site-packages/airflow/example_dags/example_inlet_event_extra.py
[2024-11-06T18:19:14.119+0700] {processor.py:914} INFO - Processing file /home/fawzan/airflow/.venv/lib/python3.10/site-packages/airflow/example_dags/example_inlet_event_extra.py for tasks to queue
[2024-11-06T18:19:14.122+0700] {logging_mixin.py:190} INFO - [2024-11-06T18:19:14.121+0700] {dagbag.py:588} INFO - Filling up the DagBag from /home/fawzan/airflow/.venv/lib/python3.10/site-packages/airflow/example_dags/example_inlet_event_extra.py
[2024-11-06T18:19:14.133+0700] {processor.py:925} INFO - DAG(s) 'read_dataset_event_from_classic', 'read_dataset_event' retrieved from /home/fawzan/airflow/.venv/lib/python3.10/site-packages/airflow/example_dags/example_inlet_event_extra.py
[2024-11-06T18:19:14.143+0700] {logging_mixin.py:190} INFO - [2024-11-06T18:19:14.142+0700] {dag.py:3239} INFO - Sync 2 DAGs
[2024-11-06T18:19:14.154+0700] {logging_mixin.py:190} INFO - [2024-11-06T18:19:14.154+0700] {dag.py:4180} INFO - Setting next_dagrun for read_dataset_event to 2024-11-05 00:00:00+00:00, run_after=2024-11-06 00:00:00+00:00
[2024-11-06T18:19:14.156+0700] {logging_mixin.py:190} INFO - [2024-11-06T18:19:14.156+0700] {dag.py:4180} INFO - Setting next_dagrun for read_dataset_event_from_classic to 2024-11-05 00:00:00+00:00, run_after=2024-11-06 00:00:00+00:00
[2024-11-06T18:19:14.167+0700] {processor.py:208} INFO - Processing /home/fawzan/airflow/.venv/lib/python3.10/site-packages/airflow/example_dags/example_inlet_event_extra.py took 0.057 seconds
[2024-11-06T18:20:08.045+0700] {processor.py:186} INFO - Started process (PID=4214) to work on /home/fawzan/airflow/.venv/lib/python3.10/site-packages/airflow/example_dags/example_inlet_event_extra.py
[2024-11-06T18:20:08.049+0700] {processor.py:914} INFO - Processing file /home/fawzan/airflow/.venv/lib/python3.10/site-packages/airflow/example_dags/example_inlet_event_extra.py for tasks to queue
[2024-11-06T18:20:08.051+0700] {logging_mixin.py:190} INFO - [2024-11-06T18:20:08.051+0700] {dagbag.py:588} INFO - Filling up the DagBag from /home/fawzan/airflow/.venv/lib/python3.10/site-packages/airflow/example_dags/example_inlet_event_extra.py
[2024-11-06T18:20:08.062+0700] {processor.py:925} INFO - DAG(s) 'read_dataset_event', 'read_dataset_event_from_classic' retrieved from /home/fawzan/airflow/.venv/lib/python3.10/site-packages/airflow/example_dags/example_inlet_event_extra.py
[2024-11-06T18:20:08.071+0700] {logging_mixin.py:190} INFO - [2024-11-06T18:20:08.071+0700] {dag.py:3239} INFO - Sync 2 DAGs
[2024-11-06T18:20:08.082+0700] {logging_mixin.py:190} INFO - [2024-11-06T18:20:08.081+0700] {dag.py:4180} INFO - Setting next_dagrun for read_dataset_event to 2024-11-05 00:00:00+00:00, run_after=2024-11-06 00:00:00+00:00
[2024-11-06T18:20:08.084+0700] {logging_mixin.py:190} INFO - [2024-11-06T18:20:08.084+0700] {dag.py:4180} INFO - Setting next_dagrun for read_dataset_event_from_classic to 2024-11-05 00:00:00+00:00, run_after=2024-11-06 00:00:00+00:00
[2024-11-06T18:20:08.094+0700] {processor.py:208} INFO - Processing /home/fawzan/airflow/.venv/lib/python3.10/site-packages/airflow/example_dags/example_inlet_event_extra.py took 0.055 seconds
[2024-11-06T18:21:15.408+0700] {processor.py:186} INFO - Started process (PID=4436) to work on /home/fawzan/airflow/.venv/lib/python3.10/site-packages/airflow/example_dags/example_inlet_event_extra.py
[2024-11-06T18:21:15.411+0700] {processor.py:914} INFO - Processing file /home/fawzan/airflow/.venv/lib/python3.10/site-packages/airflow/example_dags/example_inlet_event_extra.py for tasks to queue
[2024-11-06T18:21:15.413+0700] {logging_mixin.py:190} INFO - [2024-11-06T18:21:15.412+0700] {dagbag.py:588} INFO - Filling up the DagBag from /home/fawzan/airflow/.venv/lib/python3.10/site-packages/airflow/example_dags/example_inlet_event_extra.py
[2024-11-06T18:21:15.420+0700] {processor.py:925} INFO - DAG(s) 'read_dataset_event', 'read_dataset_event_from_classic' retrieved from /home/fawzan/airflow/.venv/lib/python3.10/site-packages/airflow/example_dags/example_inlet_event_extra.py
[2024-11-06T18:21:15.429+0700] {logging_mixin.py:190} INFO - [2024-11-06T18:21:15.428+0700] {dag.py:3239} INFO - Sync 2 DAGs
[2024-11-06T18:21:15.440+0700] {logging_mixin.py:190} INFO - [2024-11-06T18:21:15.440+0700] {dag.py:4180} INFO - Setting next_dagrun for read_dataset_event to 2024-11-05 00:00:00+00:00, run_after=2024-11-06 00:00:00+00:00
[2024-11-06T18:21:15.442+0700] {logging_mixin.py:190} INFO - [2024-11-06T18:21:15.442+0700] {dag.py:4180} INFO - Setting next_dagrun for read_dataset_event_from_classic to 2024-11-05 00:00:00+00:00, run_after=2024-11-06 00:00:00+00:00
[2024-11-06T18:21:15.452+0700] {processor.py:208} INFO - Processing /home/fawzan/airflow/.venv/lib/python3.10/site-packages/airflow/example_dags/example_inlet_event_extra.py took 0.049 seconds
[2024-11-06T18:22:12.355+0700] {processor.py:186} INFO - Started process (PID=4536) to work on /home/fawzan/airflow/.venv/lib/python3.10/site-packages/airflow/example_dags/example_inlet_event_extra.py
[2024-11-06T18:22:12.356+0700] {processor.py:914} INFO - Processing file /home/fawzan/airflow/.venv/lib/python3.10/site-packages/airflow/example_dags/example_inlet_event_extra.py for tasks to queue
[2024-11-06T18:22:12.358+0700] {logging_mixin.py:190} INFO - [2024-11-06T18:22:12.358+0700] {dagbag.py:588} INFO - Filling up the DagBag from /home/fawzan/airflow/.venv/lib/python3.10/site-packages/airflow/example_dags/example_inlet_event_extra.py
[2024-11-06T18:22:12.369+0700] {processor.py:925} INFO - DAG(s) 'read_dataset_event_from_classic', 'read_dataset_event' retrieved from /home/fawzan/airflow/.venv/lib/python3.10/site-packages/airflow/example_dags/example_inlet_event_extra.py
[2024-11-06T18:22:12.379+0700] {logging_mixin.py:190} INFO - [2024-11-06T18:22:12.379+0700] {dag.py:3239} INFO - Sync 2 DAGs
[2024-11-06T18:22:12.391+0700] {logging_mixin.py:190} INFO - [2024-11-06T18:22:12.390+0700] {dag.py:4180} INFO - Setting next_dagrun for read_dataset_event to 2024-11-05 00:00:00+00:00, run_after=2024-11-06 00:00:00+00:00
[2024-11-06T18:22:12.393+0700] {logging_mixin.py:190} INFO - [2024-11-06T18:22:12.393+0700] {dag.py:4180} INFO - Setting next_dagrun for read_dataset_event_from_classic to 2024-11-05 00:00:00+00:00, run_after=2024-11-06 00:00:00+00:00
[2024-11-06T18:22:12.404+0700] {processor.py:208} INFO - Processing /home/fawzan/airflow/.venv/lib/python3.10/site-packages/airflow/example_dags/example_inlet_event_extra.py took 0.054 seconds
[2024-11-06T18:23:05.447+0700] {processor.py:186} INFO - Started process (PID=4651) to work on /home/fawzan/airflow/.venv/lib/python3.10/site-packages/airflow/example_dags/example_inlet_event_extra.py
[2024-11-06T18:23:05.450+0700] {processor.py:914} INFO - Processing file /home/fawzan/airflow/.venv/lib/python3.10/site-packages/airflow/example_dags/example_inlet_event_extra.py for tasks to queue
[2024-11-06T18:23:05.452+0700] {logging_mixin.py:190} INFO - [2024-11-06T18:23:05.452+0700] {dagbag.py:588} INFO - Filling up the DagBag from /home/fawzan/airflow/.venv/lib/python3.10/site-packages/airflow/example_dags/example_inlet_event_extra.py
[2024-11-06T18:23:05.464+0700] {processor.py:925} INFO - DAG(s) 'read_dataset_event_from_classic', 'read_dataset_event' retrieved from /home/fawzan/airflow/.venv/lib/python3.10/site-packages/airflow/example_dags/example_inlet_event_extra.py
[2024-11-06T18:23:05.473+0700] {logging_mixin.py:190} INFO - [2024-11-06T18:23:05.473+0700] {dag.py:3239} INFO - Sync 2 DAGs
[2024-11-06T18:23:05.485+0700] {logging_mixin.py:190} INFO - [2024-11-06T18:23:05.485+0700] {dag.py:4180} INFO - Setting next_dagrun for read_dataset_event to 2024-11-05 00:00:00+00:00, run_after=2024-11-06 00:00:00+00:00
[2024-11-06T18:23:05.488+0700] {logging_mixin.py:190} INFO - [2024-11-06T18:23:05.487+0700] {dag.py:4180} INFO - Setting next_dagrun for read_dataset_event_from_classic to 2024-11-05 00:00:00+00:00, run_after=2024-11-06 00:00:00+00:00
[2024-11-06T18:23:05.499+0700] {processor.py:208} INFO - Processing /home/fawzan/airflow/.venv/lib/python3.10/site-packages/airflow/example_dags/example_inlet_event_extra.py took 0.057 seconds
[2024-11-06T18:24:01.620+0700] {processor.py:186} INFO - Started process (PID=4758) to work on /home/fawzan/airflow/.venv/lib/python3.10/site-packages/airflow/example_dags/example_inlet_event_extra.py
[2024-11-06T18:24:01.621+0700] {processor.py:914} INFO - Processing file /home/fawzan/airflow/.venv/lib/python3.10/site-packages/airflow/example_dags/example_inlet_event_extra.py for tasks to queue
[2024-11-06T18:24:01.624+0700] {logging_mixin.py:190} INFO - [2024-11-06T18:24:01.623+0700] {dagbag.py:588} INFO - Filling up the DagBag from /home/fawzan/airflow/.venv/lib/python3.10/site-packages/airflow/example_dags/example_inlet_event_extra.py
[2024-11-06T18:24:01.632+0700] {processor.py:925} INFO - DAG(s) 'read_dataset_event', 'read_dataset_event_from_classic' retrieved from /home/fawzan/airflow/.venv/lib/python3.10/site-packages/airflow/example_dags/example_inlet_event_extra.py
[2024-11-06T18:24:01.641+0700] {logging_mixin.py:190} INFO - [2024-11-06T18:24:01.641+0700] {dag.py:3239} INFO - Sync 2 DAGs
[2024-11-06T18:24:01.652+0700] {logging_mixin.py:190} INFO - [2024-11-06T18:24:01.652+0700] {dag.py:4180} INFO - Setting next_dagrun for read_dataset_event to 2024-11-05 00:00:00+00:00, run_after=2024-11-06 00:00:00+00:00
[2024-11-06T18:24:01.656+0700] {logging_mixin.py:190} INFO - [2024-11-06T18:24:01.655+0700] {dag.py:4180} INFO - Setting next_dagrun for read_dataset_event_from_classic to 2024-11-05 00:00:00+00:00, run_after=2024-11-06 00:00:00+00:00
[2024-11-06T18:24:01.668+0700] {processor.py:208} INFO - Processing /home/fawzan/airflow/.venv/lib/python3.10/site-packages/airflow/example_dags/example_inlet_event_extra.py took 0.055 seconds
[2024-11-06T18:32:42.124+0700] {processor.py:186} INFO - Started process (PID=5179) to work on /home/fawzan/airflow/.venv/lib/python3.10/site-packages/airflow/example_dags/example_inlet_event_extra.py
[2024-11-06T18:32:42.124+0700] {processor.py:914} INFO - Processing file /home/fawzan/airflow/.venv/lib/python3.10/site-packages/airflow/example_dags/example_inlet_event_extra.py for tasks to queue
[2024-11-06T18:32:42.126+0700] {logging_mixin.py:190} INFO - [2024-11-06T18:32:42.126+0700] {dagbag.py:588} INFO - Filling up the DagBag from /home/fawzan/airflow/.venv/lib/python3.10/site-packages/airflow/example_dags/example_inlet_event_extra.py
[2024-11-06T18:32:42.132+0700] {processor.py:925} INFO - DAG(s) 'read_dataset_event', 'read_dataset_event_from_classic' retrieved from /home/fawzan/airflow/.venv/lib/python3.10/site-packages/airflow/example_dags/example_inlet_event_extra.py
[2024-11-06T18:32:42.143+0700] {logging_mixin.py:190} INFO - [2024-11-06T18:32:42.143+0700] {dag.py:3239} INFO - Sync 2 DAGs
[2024-11-06T18:32:42.155+0700] {logging_mixin.py:190} INFO - [2024-11-06T18:32:42.155+0700] {dag.py:4180} INFO - Setting next_dagrun for read_dataset_event to 2024-11-05 00:00:00+00:00, run_after=2024-11-06 00:00:00+00:00
[2024-11-06T18:32:42.157+0700] {logging_mixin.py:190} INFO - [2024-11-06T18:32:42.157+0700] {dag.py:4180} INFO - Setting next_dagrun for read_dataset_event_from_classic to 2024-11-05 00:00:00+00:00, run_after=2024-11-06 00:00:00+00:00
[2024-11-06T18:32:42.169+0700] {processor.py:208} INFO - Processing /home/fawzan/airflow/.venv/lib/python3.10/site-packages/airflow/example_dags/example_inlet_event_extra.py took 0.050 seconds
