[2024-11-06T17:08:01.860+0700] {processor.py:186} INFO - Started process (PID=3843) to work on /home/fawzan/airflow/.venv/lib/python3.10/site-packages/airflow/example_dags/example_branch_day_of_week_operator.py
[2024-11-06T17:08:01.860+0700] {processor.py:914} INFO - Processing file /home/fawzan/airflow/.venv/lib/python3.10/site-packages/airflow/example_dags/example_branch_day_of_week_operator.py for tasks to queue
[2024-11-06T17:08:01.862+0700] {logging_mixin.py:190} INFO - [2024-11-06T17:08:01.862+0700] {dagbag.py:588} INFO - Filling up the DagBag from /home/fawzan/airflow/.venv/lib/python3.10/site-packages/airflow/example_dags/example_branch_day_of_week_operator.py
[2024-11-06T17:08:01.868+0700] {processor.py:925} INFO - DAG(s) 'example_weekday_branch_operator' retrieved from /home/fawzan/airflow/.venv/lib/python3.10/site-packages/airflow/example_dags/example_branch_day_of_week_operator.py
[2024-11-06T17:08:01.922+0700] {logging_mixin.py:190} INFO - [2024-11-06T17:08:01.922+0700] {override.py:1900} INFO - Created Permission View: can edit on DAG:example_weekday_branch_operator
[2024-11-06T17:08:01.929+0700] {logging_mixin.py:190} INFO - [2024-11-06T17:08:01.929+0700] {override.py:1900} INFO - Created Permission View: can delete on DAG:example_weekday_branch_operator
[2024-11-06T17:08:01.935+0700] {logging_mixin.py:190} INFO - [2024-11-06T17:08:01.934+0700] {override.py:1900} INFO - Created Permission View: can read on DAG:example_weekday_branch_operator
[2024-11-06T17:08:01.943+0700] {logging_mixin.py:190} INFO - [2024-11-06T17:08:01.943+0700] {override.py:1900} INFO - Created Permission View: can delete on DAG Run:example_weekday_branch_operator
[2024-11-06T17:08:01.948+0700] {logging_mixin.py:190} INFO - [2024-11-06T17:08:01.948+0700] {override.py:1900} INFO - Created Permission View: can create on DAG Run:example_weekday_branch_operator
[2024-11-06T17:08:01.953+0700] {logging_mixin.py:190} INFO - [2024-11-06T17:08:01.953+0700] {override.py:1900} INFO - Created Permission View: menu access on DAG Run:example_weekday_branch_operator
[2024-11-06T17:08:01.958+0700] {logging_mixin.py:190} INFO - [2024-11-06T17:08:01.958+0700] {override.py:1900} INFO - Created Permission View: can read on DAG Run:example_weekday_branch_operator
[2024-11-06T17:08:01.958+0700] {logging_mixin.py:190} INFO - [2024-11-06T17:08:01.958+0700] {dag.py:3239} INFO - Sync 1 DAGs
[2024-11-06T17:08:01.964+0700] {logging_mixin.py:190} INFO - [2024-11-06T17:08:01.964+0700] {dag.py:3262} INFO - Creating ORM DAG for example_weekday_branch_operator
[2024-11-06T17:08:01.969+0700] {logging_mixin.py:190} INFO - [2024-11-06T17:08:01.969+0700] {dag.py:4180} INFO - Setting next_dagrun for example_weekday_branch_operator to 2024-11-05 00:00:00+00:00, run_after=2024-11-06 00:00:00+00:00
[2024-11-06T17:08:01.981+0700] {processor.py:208} INFO - Processing /home/fawzan/airflow/.venv/lib/python3.10/site-packages/airflow/example_dags/example_branch_day_of_week_operator.py took 0.128 seconds
[2024-11-06T17:13:32.222+0700] {processor.py:186} INFO - Started process (PID=4004) to work on /home/fawzan/airflow/.venv/lib/python3.10/site-packages/airflow/example_dags/example_branch_day_of_week_operator.py
[2024-11-06T17:13:32.226+0700] {processor.py:914} INFO - Processing file /home/fawzan/airflow/.venv/lib/python3.10/site-packages/airflow/example_dags/example_branch_day_of_week_operator.py for tasks to queue
[2024-11-06T17:13:32.228+0700] {logging_mixin.py:190} INFO - [2024-11-06T17:13:32.227+0700] {dagbag.py:588} INFO - Filling up the DagBag from /home/fawzan/airflow/.venv/lib/python3.10/site-packages/airflow/example_dags/example_branch_day_of_week_operator.py
[2024-11-06T17:13:32.237+0700] {processor.py:925} INFO - DAG(s) 'example_weekday_branch_operator' retrieved from /home/fawzan/airflow/.venv/lib/python3.10/site-packages/airflow/example_dags/example_branch_day_of_week_operator.py
[2024-11-06T17:13:32.247+0700] {logging_mixin.py:190} INFO - [2024-11-06T17:13:32.247+0700] {dag.py:3239} INFO - Sync 1 DAGs
[2024-11-06T17:13:32.259+0700] {logging_mixin.py:190} INFO - [2024-11-06T17:13:32.259+0700] {dag.py:4180} INFO - Setting next_dagrun for example_weekday_branch_operator to 2024-11-05 00:00:00+00:00, run_after=2024-11-06 00:00:00+00:00
[2024-11-06T17:13:32.271+0700] {processor.py:208} INFO - Processing /home/fawzan/airflow/.venv/lib/python3.10/site-packages/airflow/example_dags/example_branch_day_of_week_operator.py took 0.055 seconds
[2024-11-06T17:14:29.167+0700] {processor.py:186} INFO - Started process (PID=4076) to work on /home/fawzan/airflow/.venv/lib/python3.10/site-packages/airflow/example_dags/example_branch_day_of_week_operator.py
[2024-11-06T17:14:29.170+0700] {processor.py:914} INFO - Processing file /home/fawzan/airflow/.venv/lib/python3.10/site-packages/airflow/example_dags/example_branch_day_of_week_operator.py for tasks to queue
[2024-11-06T17:14:29.173+0700] {logging_mixin.py:190} INFO - [2024-11-06T17:14:29.172+0700] {dagbag.py:588} INFO - Filling up the DagBag from /home/fawzan/airflow/.venv/lib/python3.10/site-packages/airflow/example_dags/example_branch_day_of_week_operator.py
[2024-11-06T17:14:29.182+0700] {processor.py:925} INFO - DAG(s) 'example_weekday_branch_operator' retrieved from /home/fawzan/airflow/.venv/lib/python3.10/site-packages/airflow/example_dags/example_branch_day_of_week_operator.py
[2024-11-06T17:14:29.192+0700] {logging_mixin.py:190} INFO - [2024-11-06T17:14:29.192+0700] {dag.py:3239} INFO - Sync 1 DAGs
[2024-11-06T17:14:29.203+0700] {logging_mixin.py:190} INFO - [2024-11-06T17:14:29.203+0700] {dag.py:4180} INFO - Setting next_dagrun for example_weekday_branch_operator to 2024-11-05 00:00:00+00:00, run_after=2024-11-06 00:00:00+00:00
[2024-11-06T17:14:29.215+0700] {processor.py:208} INFO - Processing /home/fawzan/airflow/.venv/lib/python3.10/site-packages/airflow/example_dags/example_branch_day_of_week_operator.py took 0.054 seconds
[2024-11-06T17:15:24.655+0700] {processor.py:186} INFO - Started process (PID=4151) to work on /home/fawzan/airflow/.venv/lib/python3.10/site-packages/airflow/example_dags/example_branch_day_of_week_operator.py
[2024-11-06T17:15:24.658+0700] {processor.py:914} INFO - Processing file /home/fawzan/airflow/.venv/lib/python3.10/site-packages/airflow/example_dags/example_branch_day_of_week_operator.py for tasks to queue
[2024-11-06T17:15:24.660+0700] {logging_mixin.py:190} INFO - [2024-11-06T17:15:24.660+0700] {dagbag.py:588} INFO - Filling up the DagBag from /home/fawzan/airflow/.venv/lib/python3.10/site-packages/airflow/example_dags/example_branch_day_of_week_operator.py
[2024-11-06T17:15:24.668+0700] {processor.py:925} INFO - DAG(s) 'example_weekday_branch_operator' retrieved from /home/fawzan/airflow/.venv/lib/python3.10/site-packages/airflow/example_dags/example_branch_day_of_week_operator.py
[2024-11-06T17:15:24.677+0700] {logging_mixin.py:190} INFO - [2024-11-06T17:15:24.677+0700] {dag.py:3239} INFO - Sync 1 DAGs
[2024-11-06T17:15:24.688+0700] {logging_mixin.py:190} INFO - [2024-11-06T17:15:24.688+0700] {dag.py:4180} INFO - Setting next_dagrun for example_weekday_branch_operator to 2024-11-05 00:00:00+00:00, run_after=2024-11-06 00:00:00+00:00
[2024-11-06T17:15:24.699+0700] {processor.py:208} INFO - Processing /home/fawzan/airflow/.venv/lib/python3.10/site-packages/airflow/example_dags/example_branch_day_of_week_operator.py took 0.049 seconds
[2024-11-06T17:16:18.835+0700] {processor.py:186} INFO - Started process (PID=4216) to work on /home/fawzan/airflow/.venv/lib/python3.10/site-packages/airflow/example_dags/example_branch_day_of_week_operator.py
[2024-11-06T17:16:18.837+0700] {processor.py:914} INFO - Processing file /home/fawzan/airflow/.venv/lib/python3.10/site-packages/airflow/example_dags/example_branch_day_of_week_operator.py for tasks to queue
[2024-11-06T17:16:18.839+0700] {logging_mixin.py:190} INFO - [2024-11-06T17:16:18.838+0700] {dagbag.py:588} INFO - Filling up the DagBag from /home/fawzan/airflow/.venv/lib/python3.10/site-packages/airflow/example_dags/example_branch_day_of_week_operator.py
[2024-11-06T17:16:18.848+0700] {processor.py:925} INFO - DAG(s) 'example_weekday_branch_operator' retrieved from /home/fawzan/airflow/.venv/lib/python3.10/site-packages/airflow/example_dags/example_branch_day_of_week_operator.py
[2024-11-06T17:16:18.857+0700] {logging_mixin.py:190} INFO - [2024-11-06T17:16:18.857+0700] {dag.py:3239} INFO - Sync 1 DAGs
[2024-11-06T17:16:18.868+0700] {logging_mixin.py:190} INFO - [2024-11-06T17:16:18.868+0700] {dag.py:4180} INFO - Setting next_dagrun for example_weekday_branch_operator to 2024-11-05 00:00:00+00:00, run_after=2024-11-06 00:00:00+00:00
[2024-11-06T17:16:18.879+0700] {processor.py:208} INFO - Processing /home/fawzan/airflow/.venv/lib/python3.10/site-packages/airflow/example_dags/example_branch_day_of_week_operator.py took 0.050 seconds
[2024-11-06T18:13:20.479+0700] {processor.py:186} INFO - Started process (PID=2740) to work on /home/fawzan/airflow/.venv/lib/python3.10/site-packages/airflow/example_dags/example_branch_day_of_week_operator.py
[2024-11-06T18:13:20.479+0700] {processor.py:914} INFO - Processing file /home/fawzan/airflow/.venv/lib/python3.10/site-packages/airflow/example_dags/example_branch_day_of_week_operator.py for tasks to queue
[2024-11-06T18:13:20.480+0700] {logging_mixin.py:190} INFO - [2024-11-06T18:13:20.480+0700] {dagbag.py:588} INFO - Filling up the DagBag from /home/fawzan/airflow/.venv/lib/python3.10/site-packages/airflow/example_dags/example_branch_day_of_week_operator.py
[2024-11-06T18:13:20.485+0700] {processor.py:925} INFO - DAG(s) 'example_weekday_branch_operator' retrieved from /home/fawzan/airflow/.venv/lib/python3.10/site-packages/airflow/example_dags/example_branch_day_of_week_operator.py
[2024-11-06T18:13:20.495+0700] {logging_mixin.py:190} INFO - [2024-11-06T18:13:20.495+0700] {dag.py:3239} INFO - Sync 1 DAGs
[2024-11-06T18:13:20.507+0700] {logging_mixin.py:190} INFO - [2024-11-06T18:13:20.507+0700] {dag.py:4180} INFO - Setting next_dagrun for example_weekday_branch_operator to 2024-11-05 00:00:00+00:00, run_after=2024-11-06 00:00:00+00:00
[2024-11-06T18:13:20.519+0700] {processor.py:208} INFO - Processing /home/fawzan/airflow/.venv/lib/python3.10/site-packages/airflow/example_dags/example_branch_day_of_week_operator.py took 0.045 seconds
[2024-11-06T18:14:17.098+0700] {processor.py:186} INFO - Started process (PID=3337) to work on /home/fawzan/airflow/.venv/lib/python3.10/site-packages/airflow/example_dags/example_branch_day_of_week_operator.py
[2024-11-06T18:14:17.101+0700] {processor.py:914} INFO - Processing file /home/fawzan/airflow/.venv/lib/python3.10/site-packages/airflow/example_dags/example_branch_day_of_week_operator.py for tasks to queue
[2024-11-06T18:14:17.104+0700] {logging_mixin.py:190} INFO - [2024-11-06T18:14:17.104+0700] {dagbag.py:588} INFO - Filling up the DagBag from /home/fawzan/airflow/.venv/lib/python3.10/site-packages/airflow/example_dags/example_branch_day_of_week_operator.py
[2024-11-06T18:14:17.114+0700] {processor.py:925} INFO - DAG(s) 'example_weekday_branch_operator' retrieved from /home/fawzan/airflow/.venv/lib/python3.10/site-packages/airflow/example_dags/example_branch_day_of_week_operator.py
[2024-11-06T18:14:17.123+0700] {logging_mixin.py:190} INFO - [2024-11-06T18:14:17.123+0700] {dag.py:3239} INFO - Sync 1 DAGs
[2024-11-06T18:14:17.134+0700] {logging_mixin.py:190} INFO - [2024-11-06T18:14:17.134+0700] {dag.py:4180} INFO - Setting next_dagrun for example_weekday_branch_operator to 2024-11-05 00:00:00+00:00, run_after=2024-11-06 00:00:00+00:00
[2024-11-06T18:14:17.145+0700] {processor.py:208} INFO - Processing /home/fawzan/airflow/.venv/lib/python3.10/site-packages/airflow/example_dags/example_branch_day_of_week_operator.py took 0.051 seconds
[2024-11-06T18:15:11.476+0700] {processor.py:186} INFO - Started process (PID=3489) to work on /home/fawzan/airflow/.venv/lib/python3.10/site-packages/airflow/example_dags/example_branch_day_of_week_operator.py
[2024-11-06T18:15:11.479+0700] {processor.py:914} INFO - Processing file /home/fawzan/airflow/.venv/lib/python3.10/site-packages/airflow/example_dags/example_branch_day_of_week_operator.py for tasks to queue
[2024-11-06T18:15:11.482+0700] {logging_mixin.py:190} INFO - [2024-11-06T18:15:11.481+0700] {dagbag.py:588} INFO - Filling up the DagBag from /home/fawzan/airflow/.venv/lib/python3.10/site-packages/airflow/example_dags/example_branch_day_of_week_operator.py
[2024-11-06T18:15:11.491+0700] {processor.py:925} INFO - DAG(s) 'example_weekday_branch_operator' retrieved from /home/fawzan/airflow/.venv/lib/python3.10/site-packages/airflow/example_dags/example_branch_day_of_week_operator.py
[2024-11-06T18:15:11.500+0700] {logging_mixin.py:190} INFO - [2024-11-06T18:15:11.500+0700] {dag.py:3239} INFO - Sync 1 DAGs
[2024-11-06T18:15:11.512+0700] {logging_mixin.py:190} INFO - [2024-11-06T18:15:11.512+0700] {dag.py:4180} INFO - Setting next_dagrun for example_weekday_branch_operator to 2024-11-05 00:00:00+00:00, run_after=2024-11-06 00:00:00+00:00
[2024-11-06T18:15:11.524+0700] {processor.py:208} INFO - Processing /home/fawzan/airflow/.venv/lib/python3.10/site-packages/airflow/example_dags/example_branch_day_of_week_operator.py took 0.054 seconds
[2024-11-06T18:16:28.437+0700] {processor.py:186} INFO - Started process (PID=3749) to work on /home/fawzan/airflow/.venv/lib/python3.10/site-packages/airflow/example_dags/example_branch_day_of_week_operator.py
[2024-11-06T18:16:28.441+0700] {processor.py:914} INFO - Processing file /home/fawzan/airflow/.venv/lib/python3.10/site-packages/airflow/example_dags/example_branch_day_of_week_operator.py for tasks to queue
[2024-11-06T18:16:28.443+0700] {logging_mixin.py:190} INFO - [2024-11-06T18:16:28.443+0700] {dagbag.py:588} INFO - Filling up the DagBag from /home/fawzan/airflow/.venv/lib/python3.10/site-packages/airflow/example_dags/example_branch_day_of_week_operator.py
[2024-11-06T18:16:28.453+0700] {processor.py:925} INFO - DAG(s) 'example_weekday_branch_operator' retrieved from /home/fawzan/airflow/.venv/lib/python3.10/site-packages/airflow/example_dags/example_branch_day_of_week_operator.py
[2024-11-06T18:16:28.462+0700] {logging_mixin.py:190} INFO - [2024-11-06T18:16:28.461+0700] {dag.py:3239} INFO - Sync 1 DAGs
[2024-11-06T18:16:28.472+0700] {logging_mixin.py:190} INFO - [2024-11-06T18:16:28.472+0700] {dag.py:4180} INFO - Setting next_dagrun for example_weekday_branch_operator to 2024-11-05 00:00:00+00:00, run_after=2024-11-06 00:00:00+00:00
[2024-11-06T18:16:28.484+0700] {processor.py:208} INFO - Processing /home/fawzan/airflow/.venv/lib/python3.10/site-packages/airflow/example_dags/example_branch_day_of_week_operator.py took 0.053 seconds
[2024-11-06T18:17:24.266+0700] {processor.py:186} INFO - Started process (PID=3898) to work on /home/fawzan/airflow/.venv/lib/python3.10/site-packages/airflow/example_dags/example_branch_day_of_week_operator.py
[2024-11-06T18:17:24.269+0700] {processor.py:914} INFO - Processing file /home/fawzan/airflow/.venv/lib/python3.10/site-packages/airflow/example_dags/example_branch_day_of_week_operator.py for tasks to queue
[2024-11-06T18:17:24.271+0700] {logging_mixin.py:190} INFO - [2024-11-06T18:17:24.271+0700] {dagbag.py:588} INFO - Filling up the DagBag from /home/fawzan/airflow/.venv/lib/python3.10/site-packages/airflow/example_dags/example_branch_day_of_week_operator.py
[2024-11-06T18:17:24.278+0700] {processor.py:925} INFO - DAG(s) 'example_weekday_branch_operator' retrieved from /home/fawzan/airflow/.venv/lib/python3.10/site-packages/airflow/example_dags/example_branch_day_of_week_operator.py
[2024-11-06T18:17:24.287+0700] {logging_mixin.py:190} INFO - [2024-11-06T18:17:24.287+0700] {dag.py:3239} INFO - Sync 1 DAGs
[2024-11-06T18:17:24.298+0700] {logging_mixin.py:190} INFO - [2024-11-06T18:17:24.298+0700] {dag.py:4180} INFO - Setting next_dagrun for example_weekday_branch_operator to 2024-11-05 00:00:00+00:00, run_after=2024-11-06 00:00:00+00:00
[2024-11-06T18:17:24.310+0700] {processor.py:208} INFO - Processing /home/fawzan/airflow/.venv/lib/python3.10/site-packages/airflow/example_dags/example_branch_day_of_week_operator.py took 0.051 seconds
[2024-11-06T18:18:15.868+0700] {processor.py:186} INFO - Started process (PID=4002) to work on /home/fawzan/airflow/.venv/lib/python3.10/site-packages/airflow/example_dags/example_branch_day_of_week_operator.py
[2024-11-06T18:18:15.871+0700] {processor.py:914} INFO - Processing file /home/fawzan/airflow/.venv/lib/python3.10/site-packages/airflow/example_dags/example_branch_day_of_week_operator.py for tasks to queue
[2024-11-06T18:18:15.874+0700] {logging_mixin.py:190} INFO - [2024-11-06T18:18:15.873+0700] {dagbag.py:588} INFO - Filling up the DagBag from /home/fawzan/airflow/.venv/lib/python3.10/site-packages/airflow/example_dags/example_branch_day_of_week_operator.py
[2024-11-06T18:18:15.882+0700] {processor.py:925} INFO - DAG(s) 'example_weekday_branch_operator' retrieved from /home/fawzan/airflow/.venv/lib/python3.10/site-packages/airflow/example_dags/example_branch_day_of_week_operator.py
[2024-11-06T18:18:15.890+0700] {logging_mixin.py:190} INFO - [2024-11-06T18:18:15.890+0700] {dag.py:3239} INFO - Sync 1 DAGs
[2024-11-06T18:18:15.901+0700] {logging_mixin.py:190} INFO - [2024-11-06T18:18:15.901+0700] {dag.py:4180} INFO - Setting next_dagrun for example_weekday_branch_operator to 2024-11-05 00:00:00+00:00, run_after=2024-11-06 00:00:00+00:00
[2024-11-06T18:18:15.913+0700] {processor.py:208} INFO - Processing /home/fawzan/airflow/.venv/lib/python3.10/site-packages/airflow/example_dags/example_branch_day_of_week_operator.py took 0.050 seconds
[2024-11-06T18:19:08.921+0700] {processor.py:186} INFO - Started process (PID=4103) to work on /home/fawzan/airflow/.venv/lib/python3.10/site-packages/airflow/example_dags/example_branch_day_of_week_operator.py
[2024-11-06T18:19:08.924+0700] {processor.py:914} INFO - Processing file /home/fawzan/airflow/.venv/lib/python3.10/site-packages/airflow/example_dags/example_branch_day_of_week_operator.py for tasks to queue
[2024-11-06T18:19:08.927+0700] {logging_mixin.py:190} INFO - [2024-11-06T18:19:08.927+0700] {dagbag.py:588} INFO - Filling up the DagBag from /home/fawzan/airflow/.venv/lib/python3.10/site-packages/airflow/example_dags/example_branch_day_of_week_operator.py
[2024-11-06T18:19:08.936+0700] {processor.py:925} INFO - DAG(s) 'example_weekday_branch_operator' retrieved from /home/fawzan/airflow/.venv/lib/python3.10/site-packages/airflow/example_dags/example_branch_day_of_week_operator.py
[2024-11-06T18:19:08.946+0700] {logging_mixin.py:190} INFO - [2024-11-06T18:19:08.945+0700] {dag.py:3239} INFO - Sync 1 DAGs
[2024-11-06T18:19:08.957+0700] {logging_mixin.py:190} INFO - [2024-11-06T18:19:08.957+0700] {dag.py:4180} INFO - Setting next_dagrun for example_weekday_branch_operator to 2024-11-05 00:00:00+00:00, run_after=2024-11-06 00:00:00+00:00
[2024-11-06T18:19:08.969+0700] {processor.py:208} INFO - Processing /home/fawzan/airflow/.venv/lib/python3.10/site-packages/airflow/example_dags/example_branch_day_of_week_operator.py took 0.053 seconds
[2024-11-06T18:20:03.111+0700] {processor.py:186} INFO - Started process (PID=4205) to work on /home/fawzan/airflow/.venv/lib/python3.10/site-packages/airflow/example_dags/example_branch_day_of_week_operator.py
[2024-11-06T18:20:03.115+0700] {processor.py:914} INFO - Processing file /home/fawzan/airflow/.venv/lib/python3.10/site-packages/airflow/example_dags/example_branch_day_of_week_operator.py for tasks to queue
[2024-11-06T18:20:03.117+0700] {logging_mixin.py:190} INFO - [2024-11-06T18:20:03.116+0700] {dagbag.py:588} INFO - Filling up the DagBag from /home/fawzan/airflow/.venv/lib/python3.10/site-packages/airflow/example_dags/example_branch_day_of_week_operator.py
[2024-11-06T18:20:03.126+0700] {processor.py:925} INFO - DAG(s) 'example_weekday_branch_operator' retrieved from /home/fawzan/airflow/.venv/lib/python3.10/site-packages/airflow/example_dags/example_branch_day_of_week_operator.py
[2024-11-06T18:20:03.136+0700] {logging_mixin.py:190} INFO - [2024-11-06T18:20:03.136+0700] {dag.py:3239} INFO - Sync 1 DAGs
[2024-11-06T18:20:03.148+0700] {logging_mixin.py:190} INFO - [2024-11-06T18:20:03.148+0700] {dag.py:4180} INFO - Setting next_dagrun for example_weekday_branch_operator to 2024-11-05 00:00:00+00:00, run_after=2024-11-06 00:00:00+00:00
[2024-11-06T18:20:03.160+0700] {processor.py:208} INFO - Processing /home/fawzan/airflow/.venv/lib/python3.10/site-packages/airflow/example_dags/example_branch_day_of_week_operator.py took 0.054 seconds
[2024-11-06T18:21:07.111+0700] {processor.py:186} INFO - Started process (PID=4391) to work on /home/fawzan/airflow/.venv/lib/python3.10/site-packages/airflow/example_dags/example_branch_day_of_week_operator.py
[2024-11-06T18:21:07.114+0700] {processor.py:914} INFO - Processing file /home/fawzan/airflow/.venv/lib/python3.10/site-packages/airflow/example_dags/example_branch_day_of_week_operator.py for tasks to queue
[2024-11-06T18:21:07.116+0700] {logging_mixin.py:190} INFO - [2024-11-06T18:21:07.116+0700] {dagbag.py:588} INFO - Filling up the DagBag from /home/fawzan/airflow/.venv/lib/python3.10/site-packages/airflow/example_dags/example_branch_day_of_week_operator.py
[2024-11-06T18:21:07.121+0700] {processor.py:925} INFO - DAG(s) 'example_weekday_branch_operator' retrieved from /home/fawzan/airflow/.venv/lib/python3.10/site-packages/airflow/example_dags/example_branch_day_of_week_operator.py
[2024-11-06T18:21:07.130+0700] {logging_mixin.py:190} INFO - [2024-11-06T18:21:07.129+0700] {dag.py:3239} INFO - Sync 1 DAGs
[2024-11-06T18:21:07.141+0700] {logging_mixin.py:190} INFO - [2024-11-06T18:21:07.140+0700] {dag.py:4180} INFO - Setting next_dagrun for example_weekday_branch_operator to 2024-11-05 00:00:00+00:00, run_after=2024-11-06 00:00:00+00:00
[2024-11-06T18:21:07.152+0700] {processor.py:208} INFO - Processing /home/fawzan/airflow/.venv/lib/python3.10/site-packages/airflow/example_dags/example_branch_day_of_week_operator.py took 0.045 seconds
[2024-11-06T18:22:01.991+0700] {processor.py:186} INFO - Started process (PID=4514) to work on /home/fawzan/airflow/.venv/lib/python3.10/site-packages/airflow/example_dags/example_branch_day_of_week_operator.py
[2024-11-06T18:22:01.994+0700] {processor.py:914} INFO - Processing file /home/fawzan/airflow/.venv/lib/python3.10/site-packages/airflow/example_dags/example_branch_day_of_week_operator.py for tasks to queue
[2024-11-06T18:22:01.996+0700] {logging_mixin.py:190} INFO - [2024-11-06T18:22:01.996+0700] {dagbag.py:588} INFO - Filling up the DagBag from /home/fawzan/airflow/.venv/lib/python3.10/site-packages/airflow/example_dags/example_branch_day_of_week_operator.py
[2024-11-06T18:22:02.005+0700] {processor.py:925} INFO - DAG(s) 'example_weekday_branch_operator' retrieved from /home/fawzan/airflow/.venv/lib/python3.10/site-packages/airflow/example_dags/example_branch_day_of_week_operator.py
[2024-11-06T18:22:02.015+0700] {logging_mixin.py:190} INFO - [2024-11-06T18:22:02.015+0700] {dag.py:3239} INFO - Sync 1 DAGs
[2024-11-06T18:22:02.025+0700] {logging_mixin.py:190} INFO - [2024-11-06T18:22:02.025+0700] {dag.py:4180} INFO - Setting next_dagrun for example_weekday_branch_operator to 2024-11-05 00:00:00+00:00, run_after=2024-11-06 00:00:00+00:00
[2024-11-06T18:22:02.037+0700] {processor.py:208} INFO - Processing /home/fawzan/airflow/.venv/lib/python3.10/site-packages/airflow/example_dags/example_branch_day_of_week_operator.py took 0.051 seconds
[2024-11-06T18:22:59.308+0700] {processor.py:186} INFO - Started process (PID=4643) to work on /home/fawzan/airflow/.venv/lib/python3.10/site-packages/airflow/example_dags/example_branch_day_of_week_operator.py
[2024-11-06T18:22:59.310+0700] {processor.py:914} INFO - Processing file /home/fawzan/airflow/.venv/lib/python3.10/site-packages/airflow/example_dags/example_branch_day_of_week_operator.py for tasks to queue
[2024-11-06T18:22:59.312+0700] {logging_mixin.py:190} INFO - [2024-11-06T18:22:59.311+0700] {dagbag.py:588} INFO - Filling up the DagBag from /home/fawzan/airflow/.venv/lib/python3.10/site-packages/airflow/example_dags/example_branch_day_of_week_operator.py
[2024-11-06T18:22:59.320+0700] {processor.py:925} INFO - DAG(s) 'example_weekday_branch_operator' retrieved from /home/fawzan/airflow/.venv/lib/python3.10/site-packages/airflow/example_dags/example_branch_day_of_week_operator.py
[2024-11-06T18:22:59.329+0700] {logging_mixin.py:190} INFO - [2024-11-06T18:22:59.329+0700] {dag.py:3239} INFO - Sync 1 DAGs
[2024-11-06T18:22:59.339+0700] {logging_mixin.py:190} INFO - [2024-11-06T18:22:59.339+0700] {dag.py:4180} INFO - Setting next_dagrun for example_weekday_branch_operator to 2024-11-05 00:00:00+00:00, run_after=2024-11-06 00:00:00+00:00
[2024-11-06T18:22:59.351+0700] {processor.py:208} INFO - Processing /home/fawzan/airflow/.venv/lib/python3.10/site-packages/airflow/example_dags/example_branch_day_of_week_operator.py took 0.048 seconds
[2024-11-06T18:23:54.583+0700] {processor.py:186} INFO - Started process (PID=4736) to work on /home/fawzan/airflow/.venv/lib/python3.10/site-packages/airflow/example_dags/example_branch_day_of_week_operator.py
[2024-11-06T18:23:54.586+0700] {processor.py:914} INFO - Processing file /home/fawzan/airflow/.venv/lib/python3.10/site-packages/airflow/example_dags/example_branch_day_of_week_operator.py for tasks to queue
[2024-11-06T18:23:54.588+0700] {logging_mixin.py:190} INFO - [2024-11-06T18:23:54.588+0700] {dagbag.py:588} INFO - Filling up the DagBag from /home/fawzan/airflow/.venv/lib/python3.10/site-packages/airflow/example_dags/example_branch_day_of_week_operator.py
[2024-11-06T18:23:54.598+0700] {processor.py:925} INFO - DAG(s) 'example_weekday_branch_operator' retrieved from /home/fawzan/airflow/.venv/lib/python3.10/site-packages/airflow/example_dags/example_branch_day_of_week_operator.py
[2024-11-06T18:23:54.608+0700] {logging_mixin.py:190} INFO - [2024-11-06T18:23:54.607+0700] {dag.py:3239} INFO - Sync 1 DAGs
[2024-11-06T18:23:54.619+0700] {logging_mixin.py:190} INFO - [2024-11-06T18:23:54.619+0700] {dag.py:4180} INFO - Setting next_dagrun for example_weekday_branch_operator to 2024-11-05 00:00:00+00:00, run_after=2024-11-06 00:00:00+00:00
[2024-11-06T18:23:54.631+0700] {processor.py:208} INFO - Processing /home/fawzan/airflow/.venv/lib/python3.10/site-packages/airflow/example_dags/example_branch_day_of_week_operator.py took 0.053 seconds
[2024-11-06T18:32:37.132+0700] {processor.py:186} INFO - Started process (PID=5166) to work on /home/fawzan/airflow/.venv/lib/python3.10/site-packages/airflow/example_dags/example_branch_day_of_week_operator.py
[2024-11-06T18:32:37.135+0700] {processor.py:914} INFO - Processing file /home/fawzan/airflow/.venv/lib/python3.10/site-packages/airflow/example_dags/example_branch_day_of_week_operator.py for tasks to queue
[2024-11-06T18:32:37.138+0700] {logging_mixin.py:190} INFO - [2024-11-06T18:32:37.137+0700] {dagbag.py:588} INFO - Filling up the DagBag from /home/fawzan/airflow/.venv/lib/python3.10/site-packages/airflow/example_dags/example_branch_day_of_week_operator.py
[2024-11-06T18:32:37.146+0700] {processor.py:925} INFO - DAG(s) 'example_weekday_branch_operator' retrieved from /home/fawzan/airflow/.venv/lib/python3.10/site-packages/airflow/example_dags/example_branch_day_of_week_operator.py
[2024-11-06T18:32:37.156+0700] {logging_mixin.py:190} INFO - [2024-11-06T18:32:37.156+0700] {dag.py:3239} INFO - Sync 1 DAGs
[2024-11-06T18:32:37.167+0700] {logging_mixin.py:190} INFO - [2024-11-06T18:32:37.167+0700] {dag.py:4180} INFO - Setting next_dagrun for example_weekday_branch_operator to 2024-11-05 00:00:00+00:00, run_after=2024-11-06 00:00:00+00:00
[2024-11-06T18:32:37.179+0700] {processor.py:208} INFO - Processing /home/fawzan/airflow/.venv/lib/python3.10/site-packages/airflow/example_dags/example_branch_day_of_week_operator.py took 0.052 seconds
