[2024-11-06T17:14:02.422+0700] {processor.py:186} INFO - Started process (PID=4041) to work on /home/fawzan/airflow/.venv/lib/python3.10/site-packages/airflow/example_dags/example_short_circuit_decorator.py
[2024-11-06T17:14:02.422+0700] {processor.py:914} INFO - Processing file /home/fawzan/airflow/.venv/lib/python3.10/site-packages/airflow/example_dags/example_short_circuit_decorator.py for tasks to queue
[2024-11-06T17:14:02.423+0700] {logging_mixin.py:190} INFO - [2024-11-06T17:14:02.423+0700] {dagbag.py:588} INFO - Filling up the DagBag from /home/fawzan/airflow/.venv/lib/python3.10/site-packages/airflow/example_dags/example_short_circuit_decorator.py
[2024-11-06T17:14:02.429+0700] {processor.py:925} INFO - DAG(s) 'example_short_circuit_decorator' retrieved from /home/fawzan/airflow/.venv/lib/python3.10/site-packages/airflow/example_dags/example_short_circuit_decorator.py
[2024-11-06T17:14:02.486+0700] {logging_mixin.py:190} INFO - [2024-11-06T17:14:02.485+0700] {override.py:1900} INFO - Created Permission View: can delete on DAG:example_short_circuit_decorator
[2024-11-06T17:14:02.493+0700] {logging_mixin.py:190} INFO - [2024-11-06T17:14:02.493+0700] {override.py:1900} INFO - Created Permission View: can read on DAG:example_short_circuit_decorator
[2024-11-06T17:14:02.499+0700] {logging_mixin.py:190} INFO - [2024-11-06T17:14:02.498+0700] {override.py:1900} INFO - Created Permission View: can edit on DAG:example_short_circuit_decorator
[2024-11-06T17:14:02.507+0700] {logging_mixin.py:190} INFO - [2024-11-06T17:14:02.506+0700] {override.py:1900} INFO - Created Permission View: can create on DAG Run:example_short_circuit_decorator
[2024-11-06T17:14:02.512+0700] {logging_mixin.py:190} INFO - [2024-11-06T17:14:02.512+0700] {override.py:1900} INFO - Created Permission View: can delete on DAG Run:example_short_circuit_decorator
[2024-11-06T17:14:02.517+0700] {logging_mixin.py:190} INFO - [2024-11-06T17:14:02.517+0700] {override.py:1900} INFO - Created Permission View: can read on DAG Run:example_short_circuit_decorator
[2024-11-06T17:14:02.522+0700] {logging_mixin.py:190} INFO - [2024-11-06T17:14:02.522+0700] {override.py:1900} INFO - Created Permission View: menu access on DAG Run:example_short_circuit_decorator
[2024-11-06T17:14:02.523+0700] {logging_mixin.py:190} INFO - [2024-11-06T17:14:02.523+0700] {dag.py:3239} INFO - Sync 1 DAGs
[2024-11-06T17:14:02.530+0700] {logging_mixin.py:190} INFO - [2024-11-06T17:14:02.529+0700] {dag.py:3262} INFO - Creating ORM DAG for example_short_circuit_decorator
[2024-11-06T17:14:02.530+0700] {logging_mixin.py:190} INFO - [2024-11-06T17:14:02.530+0700] {dag.py:4180} INFO - Setting next_dagrun for example_short_circuit_decorator to None, run_after=None
[2024-11-06T17:14:02.543+0700] {processor.py:208} INFO - Processing /home/fawzan/airflow/.venv/lib/python3.10/site-packages/airflow/example_dags/example_short_circuit_decorator.py took 0.126 seconds
[2024-11-06T17:15:21.458+0700] {processor.py:186} INFO - Started process (PID=4147) to work on /home/fawzan/airflow/.venv/lib/python3.10/site-packages/airflow/example_dags/example_short_circuit_decorator.py
[2024-11-06T17:15:21.461+0700] {processor.py:914} INFO - Processing file /home/fawzan/airflow/.venv/lib/python3.10/site-packages/airflow/example_dags/example_short_circuit_decorator.py for tasks to queue
[2024-11-06T17:15:21.463+0700] {logging_mixin.py:190} INFO - [2024-11-06T17:15:21.463+0700] {dagbag.py:588} INFO - Filling up the DagBag from /home/fawzan/airflow/.venv/lib/python3.10/site-packages/airflow/example_dags/example_short_circuit_decorator.py
[2024-11-06T17:15:21.476+0700] {processor.py:925} INFO - DAG(s) 'example_short_circuit_decorator' retrieved from /home/fawzan/airflow/.venv/lib/python3.10/site-packages/airflow/example_dags/example_short_circuit_decorator.py
[2024-11-06T17:15:21.488+0700] {logging_mixin.py:190} INFO - [2024-11-06T17:15:21.488+0700] {dag.py:3239} INFO - Sync 1 DAGs
[2024-11-06T17:15:21.495+0700] {logging_mixin.py:190} INFO - [2024-11-06T17:15:21.495+0700] {dag.py:4180} INFO - Setting next_dagrun for example_short_circuit_decorator to None, run_after=None
[2024-11-06T17:15:21.507+0700] {processor.py:208} INFO - Processing /home/fawzan/airflow/.venv/lib/python3.10/site-packages/airflow/example_dags/example_short_circuit_decorator.py took 0.057 seconds
[2024-11-06T18:13:51.384+0700] {processor.py:186} INFO - Started process (PID=3263) to work on /home/fawzan/airflow/.venv/lib/python3.10/site-packages/airflow/example_dags/example_short_circuit_decorator.py
[2024-11-06T18:13:51.386+0700] {processor.py:914} INFO - Processing file /home/fawzan/airflow/.venv/lib/python3.10/site-packages/airflow/example_dags/example_short_circuit_decorator.py for tasks to queue
[2024-11-06T18:13:51.388+0700] {logging_mixin.py:190} INFO - [2024-11-06T18:13:51.387+0700] {dagbag.py:588} INFO - Filling up the DagBag from /home/fawzan/airflow/.venv/lib/python3.10/site-packages/airflow/example_dags/example_short_circuit_decorator.py
[2024-11-06T18:13:51.397+0700] {processor.py:925} INFO - DAG(s) 'example_short_circuit_decorator' retrieved from /home/fawzan/airflow/.venv/lib/python3.10/site-packages/airflow/example_dags/example_short_circuit_decorator.py
[2024-11-06T18:13:51.408+0700] {logging_mixin.py:190} INFO - [2024-11-06T18:13:51.408+0700] {dag.py:3239} INFO - Sync 1 DAGs
[2024-11-06T18:13:51.415+0700] {logging_mixin.py:190} INFO - [2024-11-06T18:13:51.415+0700] {dag.py:4180} INFO - Setting next_dagrun for example_short_circuit_decorator to None, run_after=None
[2024-11-06T18:13:51.428+0700] {processor.py:208} INFO - Processing /home/fawzan/airflow/.venv/lib/python3.10/site-packages/airflow/example_dags/example_short_circuit_decorator.py took 0.048 seconds
[2024-11-06T18:15:07.480+0700] {processor.py:186} INFO - Started process (PID=3482) to work on /home/fawzan/airflow/.venv/lib/python3.10/site-packages/airflow/example_dags/example_short_circuit_decorator.py
[2024-11-06T18:15:07.483+0700] {processor.py:914} INFO - Processing file /home/fawzan/airflow/.venv/lib/python3.10/site-packages/airflow/example_dags/example_short_circuit_decorator.py for tasks to queue
[2024-11-06T18:15:07.485+0700] {logging_mixin.py:190} INFO - [2024-11-06T18:15:07.485+0700] {dagbag.py:588} INFO - Filling up the DagBag from /home/fawzan/airflow/.venv/lib/python3.10/site-packages/airflow/example_dags/example_short_circuit_decorator.py
[2024-11-06T18:15:07.495+0700] {processor.py:925} INFO - DAG(s) 'example_short_circuit_decorator' retrieved from /home/fawzan/airflow/.venv/lib/python3.10/site-packages/airflow/example_dags/example_short_circuit_decorator.py
[2024-11-06T18:15:07.506+0700] {logging_mixin.py:190} INFO - [2024-11-06T18:15:07.506+0700] {dag.py:3239} INFO - Sync 1 DAGs
[2024-11-06T18:15:07.513+0700] {logging_mixin.py:190} INFO - [2024-11-06T18:15:07.513+0700] {dag.py:4180} INFO - Setting next_dagrun for example_short_circuit_decorator to None, run_after=None
[2024-11-06T18:15:07.525+0700] {processor.py:208} INFO - Processing /home/fawzan/airflow/.venv/lib/python3.10/site-packages/airflow/example_dags/example_short_circuit_decorator.py took 0.050 seconds
[2024-11-06T18:16:53.218+0700] {processor.py:186} INFO - Started process (PID=3806) to work on /home/fawzan/airflow/.venv/lib/python3.10/site-packages/airflow/example_dags/example_short_circuit_decorator.py
[2024-11-06T18:16:53.221+0700] {processor.py:914} INFO - Processing file /home/fawzan/airflow/.venv/lib/python3.10/site-packages/airflow/example_dags/example_short_circuit_decorator.py for tasks to queue
[2024-11-06T18:16:53.223+0700] {logging_mixin.py:190} INFO - [2024-11-06T18:16:53.223+0700] {dagbag.py:588} INFO - Filling up the DagBag from /home/fawzan/airflow/.venv/lib/python3.10/site-packages/airflow/example_dags/example_short_circuit_decorator.py
[2024-11-06T18:16:53.232+0700] {processor.py:925} INFO - DAG(s) 'example_short_circuit_decorator' retrieved from /home/fawzan/airflow/.venv/lib/python3.10/site-packages/airflow/example_dags/example_short_circuit_decorator.py
[2024-11-06T18:16:53.247+0700] {logging_mixin.py:190} INFO - [2024-11-06T18:16:53.247+0700] {dag.py:3239} INFO - Sync 1 DAGs
[2024-11-06T18:16:53.256+0700] {logging_mixin.py:190} INFO - [2024-11-06T18:16:53.256+0700] {dag.py:4180} INFO - Setting next_dagrun for example_short_circuit_decorator to None, run_after=None
[2024-11-06T18:16:53.268+0700] {processor.py:208} INFO - Processing /home/fawzan/airflow/.venv/lib/python3.10/site-packages/airflow/example_dags/example_short_circuit_decorator.py took 0.056 seconds
[2024-11-06T18:18:10.664+0700] {processor.py:186} INFO - Started process (PID=3991) to work on /home/fawzan/airflow/.venv/lib/python3.10/site-packages/airflow/example_dags/example_short_circuit_decorator.py
[2024-11-06T18:18:10.665+0700] {processor.py:914} INFO - Processing file /home/fawzan/airflow/.venv/lib/python3.10/site-packages/airflow/example_dags/example_short_circuit_decorator.py for tasks to queue
[2024-11-06T18:18:10.666+0700] {logging_mixin.py:190} INFO - [2024-11-06T18:18:10.666+0700] {dagbag.py:588} INFO - Filling up the DagBag from /home/fawzan/airflow/.venv/lib/python3.10/site-packages/airflow/example_dags/example_short_circuit_decorator.py
[2024-11-06T18:18:10.671+0700] {processor.py:925} INFO - DAG(s) 'example_short_circuit_decorator' retrieved from /home/fawzan/airflow/.venv/lib/python3.10/site-packages/airflow/example_dags/example_short_circuit_decorator.py
[2024-11-06T18:18:10.681+0700] {logging_mixin.py:190} INFO - [2024-11-06T18:18:10.680+0700] {dag.py:3239} INFO - Sync 1 DAGs
[2024-11-06T18:18:10.687+0700] {logging_mixin.py:190} INFO - [2024-11-06T18:18:10.686+0700] {dag.py:4180} INFO - Setting next_dagrun for example_short_circuit_decorator to None, run_after=None
[2024-11-06T18:18:10.698+0700] {processor.py:208} INFO - Processing /home/fawzan/airflow/.venv/lib/python3.10/site-packages/airflow/example_dags/example_short_circuit_decorator.py took 0.039 seconds
[2024-11-06T18:19:30.848+0700] {processor.py:186} INFO - Started process (PID=4149) to work on /home/fawzan/airflow/.venv/lib/python3.10/site-packages/airflow/example_dags/example_short_circuit_decorator.py
[2024-11-06T18:19:30.851+0700] {processor.py:914} INFO - Processing file /home/fawzan/airflow/.venv/lib/python3.10/site-packages/airflow/example_dags/example_short_circuit_decorator.py for tasks to queue
[2024-11-06T18:19:30.853+0700] {logging_mixin.py:190} INFO - [2024-11-06T18:19:30.853+0700] {dagbag.py:588} INFO - Filling up the DagBag from /home/fawzan/airflow/.venv/lib/python3.10/site-packages/airflow/example_dags/example_short_circuit_decorator.py
[2024-11-06T18:19:30.863+0700] {processor.py:925} INFO - DAG(s) 'example_short_circuit_decorator' retrieved from /home/fawzan/airflow/.venv/lib/python3.10/site-packages/airflow/example_dags/example_short_circuit_decorator.py
[2024-11-06T18:19:30.874+0700] {logging_mixin.py:190} INFO - [2024-11-06T18:19:30.874+0700] {dag.py:3239} INFO - Sync 1 DAGs
[2024-11-06T18:19:30.881+0700] {logging_mixin.py:190} INFO - [2024-11-06T18:19:30.881+0700] {dag.py:4180} INFO - Setting next_dagrun for example_short_circuit_decorator to None, run_after=None
[2024-11-06T18:19:30.893+0700] {processor.py:208} INFO - Processing /home/fawzan/airflow/.venv/lib/python3.10/site-packages/airflow/example_dags/example_short_circuit_decorator.py took 0.051 seconds
[2024-11-06T18:20:55.930+0700] {processor.py:186} INFO - Started process (PID=4334) to work on /home/fawzan/airflow/.venv/lib/python3.10/site-packages/airflow/example_dags/example_short_circuit_decorator.py
[2024-11-06T18:20:55.933+0700] {processor.py:914} INFO - Processing file /home/fawzan/airflow/.venv/lib/python3.10/site-packages/airflow/example_dags/example_short_circuit_decorator.py for tasks to queue
[2024-11-06T18:20:55.935+0700] {logging_mixin.py:190} INFO - [2024-11-06T18:20:55.935+0700] {dagbag.py:588} INFO - Filling up the DagBag from /home/fawzan/airflow/.venv/lib/python3.10/site-packages/airflow/example_dags/example_short_circuit_decorator.py
[2024-11-06T18:20:55.943+0700] {processor.py:925} INFO - DAG(s) 'example_short_circuit_decorator' retrieved from /home/fawzan/airflow/.venv/lib/python3.10/site-packages/airflow/example_dags/example_short_circuit_decorator.py
[2024-11-06T18:20:55.953+0700] {logging_mixin.py:190} INFO - [2024-11-06T18:20:55.953+0700] {dag.py:3239} INFO - Sync 1 DAGs
[2024-11-06T18:20:55.959+0700] {logging_mixin.py:190} INFO - [2024-11-06T18:20:55.959+0700] {dag.py:4180} INFO - Setting next_dagrun for example_short_circuit_decorator to None, run_after=None
[2024-11-06T18:20:55.971+0700] {processor.py:208} INFO - Processing /home/fawzan/airflow/.venv/lib/python3.10/site-packages/airflow/example_dags/example_short_circuit_decorator.py took 0.045 seconds
[2024-11-06T18:22:05.963+0700] {processor.py:186} INFO - Started process (PID=4523) to work on /home/fawzan/airflow/.venv/lib/python3.10/site-packages/airflow/example_dags/example_short_circuit_decorator.py
[2024-11-06T18:22:05.966+0700] {processor.py:914} INFO - Processing file /home/fawzan/airflow/.venv/lib/python3.10/site-packages/airflow/example_dags/example_short_circuit_decorator.py for tasks to queue
[2024-11-06T18:22:05.968+0700] {logging_mixin.py:190} INFO - [2024-11-06T18:22:05.968+0700] {dagbag.py:588} INFO - Filling up the DagBag from /home/fawzan/airflow/.venv/lib/python3.10/site-packages/airflow/example_dags/example_short_circuit_decorator.py
[2024-11-06T18:22:05.978+0700] {processor.py:925} INFO - DAG(s) 'example_short_circuit_decorator' retrieved from /home/fawzan/airflow/.venv/lib/python3.10/site-packages/airflow/example_dags/example_short_circuit_decorator.py
[2024-11-06T18:22:05.989+0700] {logging_mixin.py:190} INFO - [2024-11-06T18:22:05.988+0700] {dag.py:3239} INFO - Sync 1 DAGs
[2024-11-06T18:22:05.995+0700] {logging_mixin.py:190} INFO - [2024-11-06T18:22:05.995+0700] {dag.py:4180} INFO - Setting next_dagrun for example_short_circuit_decorator to None, run_after=None
[2024-11-06T18:22:06.007+0700] {processor.py:208} INFO - Processing /home/fawzan/airflow/.venv/lib/python3.10/site-packages/airflow/example_dags/example_short_circuit_decorator.py took 0.050 seconds
[2024-11-06T18:23:27.424+0700] {processor.py:186} INFO - Started process (PID=4691) to work on /home/fawzan/airflow/.venv/lib/python3.10/site-packages/airflow/example_dags/example_short_circuit_decorator.py
[2024-11-06T18:23:27.427+0700] {processor.py:914} INFO - Processing file /home/fawzan/airflow/.venv/lib/python3.10/site-packages/airflow/example_dags/example_short_circuit_decorator.py for tasks to queue
[2024-11-06T18:23:27.429+0700] {logging_mixin.py:190} INFO - [2024-11-06T18:23:27.429+0700] {dagbag.py:588} INFO - Filling up the DagBag from /home/fawzan/airflow/.venv/lib/python3.10/site-packages/airflow/example_dags/example_short_circuit_decorator.py
[2024-11-06T18:23:27.439+0700] {processor.py:925} INFO - DAG(s) 'example_short_circuit_decorator' retrieved from /home/fawzan/airflow/.venv/lib/python3.10/site-packages/airflow/example_dags/example_short_circuit_decorator.py
[2024-11-06T18:23:27.450+0700] {logging_mixin.py:190} INFO - [2024-11-06T18:23:27.450+0700] {dag.py:3239} INFO - Sync 1 DAGs
[2024-11-06T18:23:27.457+0700] {logging_mixin.py:190} INFO - [2024-11-06T18:23:27.457+0700] {dag.py:4180} INFO - Setting next_dagrun for example_short_circuit_decorator to None, run_after=None
[2024-11-06T18:23:27.469+0700] {processor.py:208} INFO - Processing /home/fawzan/airflow/.venv/lib/python3.10/site-packages/airflow/example_dags/example_short_circuit_decorator.py took 0.049 seconds
[2024-11-06T18:24:23.781+0700] {processor.py:186} INFO - Started process (PID=4807) to work on /home/fawzan/airflow/.venv/lib/python3.10/site-packages/airflow/example_dags/example_short_circuit_decorator.py
[2024-11-06T18:24:23.785+0700] {processor.py:914} INFO - Processing file /home/fawzan/airflow/.venv/lib/python3.10/site-packages/airflow/example_dags/example_short_circuit_decorator.py for tasks to queue
[2024-11-06T18:24:23.787+0700] {logging_mixin.py:190} INFO - [2024-11-06T18:24:23.787+0700] {dagbag.py:588} INFO - Filling up the DagBag from /home/fawzan/airflow/.venv/lib/python3.10/site-packages/airflow/example_dags/example_short_circuit_decorator.py
[2024-11-06T18:24:23.798+0700] {processor.py:925} INFO - DAG(s) 'example_short_circuit_decorator' retrieved from /home/fawzan/airflow/.venv/lib/python3.10/site-packages/airflow/example_dags/example_short_circuit_decorator.py
[2024-11-06T18:24:23.811+0700] {logging_mixin.py:190} INFO - [2024-11-06T18:24:23.810+0700] {dag.py:3239} INFO - Sync 1 DAGs
[2024-11-06T18:24:23.817+0700] {logging_mixin.py:190} INFO - [2024-11-06T18:24:23.817+0700] {dag.py:4180} INFO - Setting next_dagrun for example_short_circuit_decorator to None, run_after=None
[2024-11-06T18:24:23.828+0700] {processor.py:208} INFO - Processing /home/fawzan/airflow/.venv/lib/python3.10/site-packages/airflow/example_dags/example_short_circuit_decorator.py took 0.052 seconds
[2024-11-06T18:33:07.767+0700] {processor.py:186} INFO - Started process (PID=5233) to work on /home/fawzan/airflow/.venv/lib/python3.10/site-packages/airflow/example_dags/example_short_circuit_decorator.py
[2024-11-06T18:33:07.770+0700] {processor.py:914} INFO - Processing file /home/fawzan/airflow/.venv/lib/python3.10/site-packages/airflow/example_dags/example_short_circuit_decorator.py for tasks to queue
[2024-11-06T18:33:07.773+0700] {logging_mixin.py:190} INFO - [2024-11-06T18:33:07.773+0700] {dagbag.py:588} INFO - Filling up the DagBag from /home/fawzan/airflow/.venv/lib/python3.10/site-packages/airflow/example_dags/example_short_circuit_decorator.py
[2024-11-06T18:33:07.782+0700] {processor.py:925} INFO - DAG(s) 'example_short_circuit_decorator' retrieved from /home/fawzan/airflow/.venv/lib/python3.10/site-packages/airflow/example_dags/example_short_circuit_decorator.py
[2024-11-06T18:33:07.792+0700] {logging_mixin.py:190} INFO - [2024-11-06T18:33:07.792+0700] {dag.py:3239} INFO - Sync 1 DAGs
[2024-11-06T18:33:07.799+0700] {logging_mixin.py:190} INFO - [2024-11-06T18:33:07.798+0700] {dag.py:4180} INFO - Setting next_dagrun for example_short_circuit_decorator to None, run_after=None
[2024-11-06T18:33:07.811+0700] {processor.py:208} INFO - Processing /home/fawzan/airflow/.venv/lib/python3.10/site-packages/airflow/example_dags/example_short_circuit_decorator.py took 0.050 seconds
