[2024-11-06T17:13:58.993+0700] {processor.py:186} INFO - Started process (PID=4038) to work on /home/fawzan/airflow/.venv/lib/python3.10/site-packages/airflow/example_dags/example_branch_datetime_operator.py
[2024-11-06T17:13:58.994+0700] {processor.py:914} INFO - Processing file /home/fawzan/airflow/.venv/lib/python3.10/site-packages/airflow/example_dags/example_branch_datetime_operator.py for tasks to queue
[2024-11-06T17:13:58.996+0700] {logging_mixin.py:190} INFO - [2024-11-06T17:13:58.996+0700] {dagbag.py:588} INFO - Filling up the DagBag from /home/fawzan/airflow/.venv/lib/python3.10/site-packages/airflow/example_dags/example_branch_datetime_operator.py
[2024-11-06T17:13:59.005+0700] {processor.py:925} INFO - DAG(s) 'example_branch_datetime_operator', 'example_branch_datetime_operator_2', 'example_branch_datetime_operator_3' retrieved from /home/fawzan/airflow/.venv/lib/python3.10/site-packages/airflow/example_dags/example_branch_datetime_operator.py
[2024-11-06T17:13:59.057+0700] {logging_mixin.py:190} INFO - [2024-11-06T17:13:59.056+0700] {override.py:1900} INFO - Created Permission View: can delete on DAG:example_branch_datetime_operator
[2024-11-06T17:13:59.063+0700] {logging_mixin.py:190} INFO - [2024-11-06T17:13:59.063+0700] {override.py:1900} INFO - Created Permission View: can read on DAG:example_branch_datetime_operator
[2024-11-06T17:13:59.069+0700] {logging_mixin.py:190} INFO - [2024-11-06T17:13:59.068+0700] {override.py:1900} INFO - Created Permission View: can edit on DAG:example_branch_datetime_operator
[2024-11-06T17:13:59.077+0700] {logging_mixin.py:190} INFO - [2024-11-06T17:13:59.077+0700] {override.py:1900} INFO - Created Permission View: can create on DAG Run:example_branch_datetime_operator
[2024-11-06T17:13:59.082+0700] {logging_mixin.py:190} INFO - [2024-11-06T17:13:59.082+0700] {override.py:1900} INFO - Created Permission View: can delete on DAG Run:example_branch_datetime_operator
[2024-11-06T17:13:59.088+0700] {logging_mixin.py:190} INFO - [2024-11-06T17:13:59.087+0700] {override.py:1900} INFO - Created Permission View: can read on DAG Run:example_branch_datetime_operator
[2024-11-06T17:13:59.093+0700] {logging_mixin.py:190} INFO - [2024-11-06T17:13:59.093+0700] {override.py:1900} INFO - Created Permission View: menu access on DAG Run:example_branch_datetime_operator
[2024-11-06T17:13:59.105+0700] {logging_mixin.py:190} INFO - [2024-11-06T17:13:59.105+0700] {override.py:1900} INFO - Created Permission View: can delete on DAG:example_branch_datetime_operator_2
[2024-11-06T17:13:59.110+0700] {logging_mixin.py:190} INFO - [2024-11-06T17:13:59.110+0700] {override.py:1900} INFO - Created Permission View: can read on DAG:example_branch_datetime_operator_2
[2024-11-06T17:13:59.115+0700] {logging_mixin.py:190} INFO - [2024-11-06T17:13:59.115+0700] {override.py:1900} INFO - Created Permission View: can edit on DAG:example_branch_datetime_operator_2
[2024-11-06T17:13:59.122+0700] {logging_mixin.py:190} INFO - [2024-11-06T17:13:59.122+0700] {override.py:1900} INFO - Created Permission View: can create on DAG Run:example_branch_datetime_operator_2
[2024-11-06T17:13:59.129+0700] {logging_mixin.py:190} INFO - [2024-11-06T17:13:59.128+0700] {override.py:1900} INFO - Created Permission View: can delete on DAG Run:example_branch_datetime_operator_2
[2024-11-06T17:13:59.134+0700] {logging_mixin.py:190} INFO - [2024-11-06T17:13:59.133+0700] {override.py:1900} INFO - Created Permission View: can read on DAG Run:example_branch_datetime_operator_2
[2024-11-06T17:13:59.139+0700] {logging_mixin.py:190} INFO - [2024-11-06T17:13:59.139+0700] {override.py:1900} INFO - Created Permission View: menu access on DAG Run:example_branch_datetime_operator_2
[2024-11-06T17:13:59.151+0700] {logging_mixin.py:190} INFO - [2024-11-06T17:13:59.150+0700] {override.py:1900} INFO - Created Permission View: can delete on DAG:example_branch_datetime_operator_3
[2024-11-06T17:13:59.156+0700] {logging_mixin.py:190} INFO - [2024-11-06T17:13:59.156+0700] {override.py:1900} INFO - Created Permission View: can read on DAG:example_branch_datetime_operator_3
[2024-11-06T17:13:59.161+0700] {logging_mixin.py:190} INFO - [2024-11-06T17:13:59.161+0700] {override.py:1900} INFO - Created Permission View: can edit on DAG:example_branch_datetime_operator_3
[2024-11-06T17:13:59.169+0700] {logging_mixin.py:190} INFO - [2024-11-06T17:13:59.169+0700] {override.py:1900} INFO - Created Permission View: can create on DAG Run:example_branch_datetime_operator_3
[2024-11-06T17:13:59.175+0700] {logging_mixin.py:190} INFO - [2024-11-06T17:13:59.175+0700] {override.py:1900} INFO - Created Permission View: can delete on DAG Run:example_branch_datetime_operator_3
[2024-11-06T17:13:59.180+0700] {logging_mixin.py:190} INFO - [2024-11-06T17:13:59.180+0700] {override.py:1900} INFO - Created Permission View: can read on DAG Run:example_branch_datetime_operator_3
[2024-11-06T17:13:59.186+0700] {logging_mixin.py:190} INFO - [2024-11-06T17:13:59.185+0700] {override.py:1900} INFO - Created Permission View: menu access on DAG Run:example_branch_datetime_operator_3
[2024-11-06T17:13:59.186+0700] {logging_mixin.py:190} INFO - [2024-11-06T17:13:59.186+0700] {dag.py:3239} INFO - Sync 3 DAGs
[2024-11-06T17:13:59.193+0700] {logging_mixin.py:190} INFO - [2024-11-06T17:13:59.192+0700] {dag.py:3262} INFO - Creating ORM DAG for example_branch_datetime_operator
[2024-11-06T17:13:59.193+0700] {logging_mixin.py:190} INFO - [2024-11-06T17:13:59.193+0700] {dag.py:3262} INFO - Creating ORM DAG for example_branch_datetime_operator_3
[2024-11-06T17:13:59.193+0700] {logging_mixin.py:190} INFO - [2024-11-06T17:13:59.193+0700] {dag.py:3262} INFO - Creating ORM DAG for example_branch_datetime_operator_2
[2024-11-06T17:13:59.198+0700] {logging_mixin.py:190} INFO - [2024-11-06T17:13:59.198+0700] {dag.py:4180} INFO - Setting next_dagrun for example_branch_datetime_operator to 2024-11-05 00:00:00+00:00, run_after=2024-11-06 00:00:00+00:00
[2024-11-06T17:13:59.199+0700] {logging_mixin.py:190} INFO - [2024-11-06T17:13:59.199+0700] {dag.py:4180} INFO - Setting next_dagrun for example_branch_datetime_operator_2 to 2024-11-05 00:00:00+00:00, run_after=2024-11-06 00:00:00+00:00
[2024-11-06T17:13:59.200+0700] {logging_mixin.py:190} INFO - [2024-11-06T17:13:59.200+0700] {dag.py:4180} INFO - Setting next_dagrun for example_branch_datetime_operator_3 to 2024-11-05 00:00:00+00:00, run_after=2024-11-06 00:00:00+00:00
[2024-11-06T17:13:59.211+0700] {processor.py:208} INFO - Processing /home/fawzan/airflow/.venv/lib/python3.10/site-packages/airflow/example_dags/example_branch_datetime_operator.py took 0.223 seconds
[2024-11-06T17:14:54.463+0700] {processor.py:186} INFO - Started process (PID=4120) to work on /home/fawzan/airflow/.venv/lib/python3.10/site-packages/airflow/example_dags/example_branch_datetime_operator.py
[2024-11-06T17:14:54.466+0700] {processor.py:914} INFO - Processing file /home/fawzan/airflow/.venv/lib/python3.10/site-packages/airflow/example_dags/example_branch_datetime_operator.py for tasks to queue
[2024-11-06T17:14:54.468+0700] {logging_mixin.py:190} INFO - [2024-11-06T17:14:54.468+0700] {dagbag.py:588} INFO - Filling up the DagBag from /home/fawzan/airflow/.venv/lib/python3.10/site-packages/airflow/example_dags/example_branch_datetime_operator.py
[2024-11-06T17:14:54.480+0700] {processor.py:925} INFO - DAG(s) 'example_branch_datetime_operator_2', 'example_branch_datetime_operator', 'example_branch_datetime_operator_3' retrieved from /home/fawzan/airflow/.venv/lib/python3.10/site-packages/airflow/example_dags/example_branch_datetime_operator.py
[2024-11-06T17:14:54.492+0700] {logging_mixin.py:190} INFO - [2024-11-06T17:14:54.492+0700] {dag.py:3239} INFO - Sync 3 DAGs
[2024-11-06T17:14:54.503+0700] {logging_mixin.py:190} INFO - [2024-11-06T17:14:54.503+0700] {dag.py:4180} INFO - Setting next_dagrun for example_branch_datetime_operator to 2024-11-05 00:00:00+00:00, run_after=2024-11-06 00:00:00+00:00
[2024-11-06T17:14:54.506+0700] {logging_mixin.py:190} INFO - [2024-11-06T17:14:54.506+0700] {dag.py:4180} INFO - Setting next_dagrun for example_branch_datetime_operator_2 to 2024-11-05 00:00:00+00:00, run_after=2024-11-06 00:00:00+00:00
[2024-11-06T17:14:54.507+0700] {logging_mixin.py:190} INFO - [2024-11-06T17:14:54.507+0700] {dag.py:4180} INFO - Setting next_dagrun for example_branch_datetime_operator_3 to 2024-11-05 00:00:00+00:00, run_after=2024-11-06 00:00:00+00:00
[2024-11-06T17:14:54.519+0700] {processor.py:208} INFO - Processing /home/fawzan/airflow/.venv/lib/python3.10/site-packages/airflow/example_dags/example_branch_datetime_operator.py took 0.063 seconds
[2024-11-06T17:16:14.838+0700] {processor.py:186} INFO - Started process (PID=4212) to work on /home/fawzan/airflow/.venv/lib/python3.10/site-packages/airflow/example_dags/example_branch_datetime_operator.py
[2024-11-06T17:16:14.841+0700] {processor.py:914} INFO - Processing file /home/fawzan/airflow/.venv/lib/python3.10/site-packages/airflow/example_dags/example_branch_datetime_operator.py for tasks to queue
[2024-11-06T17:16:14.843+0700] {logging_mixin.py:190} INFO - [2024-11-06T17:16:14.843+0700] {dagbag.py:588} INFO - Filling up the DagBag from /home/fawzan/airflow/.venv/lib/python3.10/site-packages/airflow/example_dags/example_branch_datetime_operator.py
[2024-11-06T17:16:14.853+0700] {processor.py:925} INFO - DAG(s) 'example_branch_datetime_operator_2', 'example_branch_datetime_operator', 'example_branch_datetime_operator_3' retrieved from /home/fawzan/airflow/.venv/lib/python3.10/site-packages/airflow/example_dags/example_branch_datetime_operator.py
[2024-11-06T17:16:14.865+0700] {logging_mixin.py:190} INFO - [2024-11-06T17:16:14.864+0700] {dag.py:3239} INFO - Sync 3 DAGs
[2024-11-06T17:16:14.876+0700] {logging_mixin.py:190} INFO - [2024-11-06T17:16:14.876+0700] {dag.py:4180} INFO - Setting next_dagrun for example_branch_datetime_operator to 2024-11-05 00:00:00+00:00, run_after=2024-11-06 00:00:00+00:00
[2024-11-06T17:16:14.878+0700] {logging_mixin.py:190} INFO - [2024-11-06T17:16:14.878+0700] {dag.py:4180} INFO - Setting next_dagrun for example_branch_datetime_operator_2 to 2024-11-05 00:00:00+00:00, run_after=2024-11-06 00:00:00+00:00
[2024-11-06T17:16:14.880+0700] {logging_mixin.py:190} INFO - [2024-11-06T17:16:14.879+0700] {dag.py:4180} INFO - Setting next_dagrun for example_branch_datetime_operator_3 to 2024-11-05 00:00:00+00:00, run_after=2024-11-06 00:00:00+00:00
[2024-11-06T17:16:14.890+0700] {processor.py:208} INFO - Processing /home/fawzan/airflow/.venv/lib/python3.10/site-packages/airflow/example_dags/example_branch_datetime_operator.py took 0.058 seconds
[2024-11-06T18:13:48.141+0700] {processor.py:186} INFO - Started process (PID=3258) to work on /home/fawzan/airflow/.venv/lib/python3.10/site-packages/airflow/example_dags/example_branch_datetime_operator.py
[2024-11-06T18:13:48.152+0700] {processor.py:914} INFO - Processing file /home/fawzan/airflow/.venv/lib/python3.10/site-packages/airflow/example_dags/example_branch_datetime_operator.py for tasks to queue
[2024-11-06T18:13:48.156+0700] {logging_mixin.py:190} INFO - [2024-11-06T18:13:48.155+0700] {dagbag.py:588} INFO - Filling up the DagBag from /home/fawzan/airflow/.venv/lib/python3.10/site-packages/airflow/example_dags/example_branch_datetime_operator.py
[2024-11-06T18:13:48.170+0700] {processor.py:925} INFO - DAG(s) 'example_branch_datetime_operator_2', 'example_branch_datetime_operator', 'example_branch_datetime_operator_3' retrieved from /home/fawzan/airflow/.venv/lib/python3.10/site-packages/airflow/example_dags/example_branch_datetime_operator.py
[2024-11-06T18:13:48.191+0700] {logging_mixin.py:190} INFO - [2024-11-06T18:13:48.191+0700] {dag.py:3239} INFO - Sync 3 DAGs
[2024-11-06T18:13:48.209+0700] {logging_mixin.py:190} INFO - [2024-11-06T18:13:48.209+0700] {dag.py:4180} INFO - Setting next_dagrun for example_branch_datetime_operator to 2024-11-05 00:00:00+00:00, run_after=2024-11-06 00:00:00+00:00
[2024-11-06T18:13:48.212+0700] {logging_mixin.py:190} INFO - [2024-11-06T18:13:48.212+0700] {dag.py:4180} INFO - Setting next_dagrun for example_branch_datetime_operator_2 to 2024-11-05 00:00:00+00:00, run_after=2024-11-06 00:00:00+00:00
[2024-11-06T18:13:48.213+0700] {logging_mixin.py:190} INFO - [2024-11-06T18:13:48.213+0700] {dag.py:4180} INFO - Setting next_dagrun for example_branch_datetime_operator_3 to 2024-11-05 00:00:00+00:00, run_after=2024-11-06 00:00:00+00:00
[2024-11-06T18:13:48.224+0700] {processor.py:208} INFO - Processing /home/fawzan/airflow/.venv/lib/python3.10/site-packages/airflow/example_dags/example_branch_datetime_operator.py took 0.088 seconds
[2024-11-06T18:14:42.843+0700] {processor.py:186} INFO - Started process (PID=3411) to work on /home/fawzan/airflow/.venv/lib/python3.10/site-packages/airflow/example_dags/example_branch_datetime_operator.py
[2024-11-06T18:14:42.846+0700] {processor.py:914} INFO - Processing file /home/fawzan/airflow/.venv/lib/python3.10/site-packages/airflow/example_dags/example_branch_datetime_operator.py for tasks to queue
[2024-11-06T18:14:42.848+0700] {logging_mixin.py:190} INFO - [2024-11-06T18:14:42.848+0700] {dagbag.py:588} INFO - Filling up the DagBag from /home/fawzan/airflow/.venv/lib/python3.10/site-packages/airflow/example_dags/example_branch_datetime_operator.py
[2024-11-06T18:14:42.859+0700] {processor.py:925} INFO - DAG(s) 'example_branch_datetime_operator_3', 'example_branch_datetime_operator_2', 'example_branch_datetime_operator' retrieved from /home/fawzan/airflow/.venv/lib/python3.10/site-packages/airflow/example_dags/example_branch_datetime_operator.py
[2024-11-06T18:14:42.871+0700] {logging_mixin.py:190} INFO - [2024-11-06T18:14:42.871+0700] {dag.py:3239} INFO - Sync 3 DAGs
[2024-11-06T18:14:42.883+0700] {logging_mixin.py:190} INFO - [2024-11-06T18:14:42.883+0700] {dag.py:4180} INFO - Setting next_dagrun for example_branch_datetime_operator to 2024-11-05 00:00:00+00:00, run_after=2024-11-06 00:00:00+00:00
[2024-11-06T18:14:42.885+0700] {logging_mixin.py:190} INFO - [2024-11-06T18:14:42.885+0700] {dag.py:4180} INFO - Setting next_dagrun for example_branch_datetime_operator_2 to 2024-11-05 00:00:00+00:00, run_after=2024-11-06 00:00:00+00:00
[2024-11-06T18:14:42.886+0700] {logging_mixin.py:190} INFO - [2024-11-06T18:14:42.886+0700] {dag.py:4180} INFO - Setting next_dagrun for example_branch_datetime_operator_3 to 2024-11-05 00:00:00+00:00, run_after=2024-11-06 00:00:00+00:00
[2024-11-06T18:14:42.898+0700] {processor.py:208} INFO - Processing /home/fawzan/airflow/.venv/lib/python3.10/site-packages/airflow/example_dags/example_branch_datetime_operator.py took 0.061 seconds
[2024-11-06T18:16:10.384+0700] {processor.py:186} INFO - Started process (PID=3702) to work on /home/fawzan/airflow/.venv/lib/python3.10/site-packages/airflow/example_dags/example_branch_datetime_operator.py
[2024-11-06T18:16:10.388+0700] {processor.py:914} INFO - Processing file /home/fawzan/airflow/.venv/lib/python3.10/site-packages/airflow/example_dags/example_branch_datetime_operator.py for tasks to queue
[2024-11-06T18:16:10.390+0700] {logging_mixin.py:190} INFO - [2024-11-06T18:16:10.389+0700] {dagbag.py:588} INFO - Filling up the DagBag from /home/fawzan/airflow/.venv/lib/python3.10/site-packages/airflow/example_dags/example_branch_datetime_operator.py
[2024-11-06T18:16:10.400+0700] {processor.py:925} INFO - DAG(s) 'example_branch_datetime_operator_3', 'example_branch_datetime_operator_2', 'example_branch_datetime_operator' retrieved from /home/fawzan/airflow/.venv/lib/python3.10/site-packages/airflow/example_dags/example_branch_datetime_operator.py
[2024-11-06T18:16:10.411+0700] {logging_mixin.py:190} INFO - [2024-11-06T18:16:10.411+0700] {dag.py:3239} INFO - Sync 3 DAGs
[2024-11-06T18:16:10.425+0700] {logging_mixin.py:190} INFO - [2024-11-06T18:16:10.425+0700] {dag.py:4180} INFO - Setting next_dagrun for example_branch_datetime_operator to 2024-11-05 00:00:00+00:00, run_after=2024-11-06 00:00:00+00:00
[2024-11-06T18:16:10.427+0700] {logging_mixin.py:190} INFO - [2024-11-06T18:16:10.427+0700] {dag.py:4180} INFO - Setting next_dagrun for example_branch_datetime_operator_2 to 2024-11-05 00:00:00+00:00, run_after=2024-11-06 00:00:00+00:00
[2024-11-06T18:16:10.428+0700] {logging_mixin.py:190} INFO - [2024-11-06T18:16:10.428+0700] {dag.py:4180} INFO - Setting next_dagrun for example_branch_datetime_operator_3 to 2024-11-05 00:00:00+00:00, run_after=2024-11-06 00:00:00+00:00
[2024-11-06T18:16:10.440+0700] {processor.py:208} INFO - Processing /home/fawzan/airflow/.venv/lib/python3.10/site-packages/airflow/example_dags/example_branch_datetime_operator.py took 0.063 seconds
[2024-11-06T18:17:20.268+0700] {processor.py:186} INFO - Started process (PID=3891) to work on /home/fawzan/airflow/.venv/lib/python3.10/site-packages/airflow/example_dags/example_branch_datetime_operator.py
[2024-11-06T18:17:20.271+0700] {processor.py:914} INFO - Processing file /home/fawzan/airflow/.venv/lib/python3.10/site-packages/airflow/example_dags/example_branch_datetime_operator.py for tasks to queue
[2024-11-06T18:17:20.274+0700] {logging_mixin.py:190} INFO - [2024-11-06T18:17:20.273+0700] {dagbag.py:588} INFO - Filling up the DagBag from /home/fawzan/airflow/.venv/lib/python3.10/site-packages/airflow/example_dags/example_branch_datetime_operator.py
[2024-11-06T18:17:20.289+0700] {processor.py:925} INFO - DAG(s) 'example_branch_datetime_operator_3', 'example_branch_datetime_operator_2', 'example_branch_datetime_operator' retrieved from /home/fawzan/airflow/.venv/lib/python3.10/site-packages/airflow/example_dags/example_branch_datetime_operator.py
[2024-11-06T18:17:20.304+0700] {logging_mixin.py:190} INFO - [2024-11-06T18:17:20.304+0700] {dag.py:3239} INFO - Sync 3 DAGs
[2024-11-06T18:17:20.315+0700] {logging_mixin.py:190} INFO - [2024-11-06T18:17:20.315+0700] {dag.py:4180} INFO - Setting next_dagrun for example_branch_datetime_operator to 2024-11-05 00:00:00+00:00, run_after=2024-11-06 00:00:00+00:00
[2024-11-06T18:17:20.317+0700] {logging_mixin.py:190} INFO - [2024-11-06T18:17:20.317+0700] {dag.py:4180} INFO - Setting next_dagrun for example_branch_datetime_operator_2 to 2024-11-05 00:00:00+00:00, run_after=2024-11-06 00:00:00+00:00
[2024-11-06T18:17:20.319+0700] {logging_mixin.py:190} INFO - [2024-11-06T18:17:20.318+0700] {dag.py:4180} INFO - Setting next_dagrun for example_branch_datetime_operator_3 to 2024-11-05 00:00:00+00:00, run_after=2024-11-06 00:00:00+00:00
[2024-11-06T18:17:20.329+0700] {processor.py:208} INFO - Processing /home/fawzan/airflow/.venv/lib/python3.10/site-packages/airflow/example_dags/example_branch_datetime_operator.py took 0.069 seconds
[2024-11-06T18:18:36.554+0700] {processor.py:186} INFO - Started process (PID=4044) to work on /home/fawzan/airflow/.venv/lib/python3.10/site-packages/airflow/example_dags/example_branch_datetime_operator.py
[2024-11-06T18:18:36.555+0700] {processor.py:914} INFO - Processing file /home/fawzan/airflow/.venv/lib/python3.10/site-packages/airflow/example_dags/example_branch_datetime_operator.py for tasks to queue
[2024-11-06T18:18:36.557+0700] {logging_mixin.py:190} INFO - [2024-11-06T18:18:36.556+0700] {dagbag.py:588} INFO - Filling up the DagBag from /home/fawzan/airflow/.venv/lib/python3.10/site-packages/airflow/example_dags/example_branch_datetime_operator.py
[2024-11-06T18:18:36.567+0700] {processor.py:925} INFO - DAG(s) 'example_branch_datetime_operator', 'example_branch_datetime_operator_2', 'example_branch_datetime_operator_3' retrieved from /home/fawzan/airflow/.venv/lib/python3.10/site-packages/airflow/example_dags/example_branch_datetime_operator.py
[2024-11-06T18:18:36.578+0700] {logging_mixin.py:190} INFO - [2024-11-06T18:18:36.578+0700] {dag.py:3239} INFO - Sync 3 DAGs
[2024-11-06T18:18:36.590+0700] {logging_mixin.py:190} INFO - [2024-11-06T18:18:36.590+0700] {dag.py:4180} INFO - Setting next_dagrun for example_branch_datetime_operator to 2024-11-05 00:00:00+00:00, run_after=2024-11-06 00:00:00+00:00
[2024-11-06T18:18:36.592+0700] {logging_mixin.py:190} INFO - [2024-11-06T18:18:36.592+0700] {dag.py:4180} INFO - Setting next_dagrun for example_branch_datetime_operator_2 to 2024-11-05 00:00:00+00:00, run_after=2024-11-06 00:00:00+00:00
[2024-11-06T18:18:36.594+0700] {logging_mixin.py:190} INFO - [2024-11-06T18:18:36.594+0700] {dag.py:4180} INFO - Setting next_dagrun for example_branch_datetime_operator_3 to 2024-11-05 00:00:00+00:00, run_after=2024-11-06 00:00:00+00:00
[2024-11-06T18:18:36.604+0700] {processor.py:208} INFO - Processing /home/fawzan/airflow/.venv/lib/python3.10/site-packages/airflow/example_dags/example_branch_datetime_operator.py took 0.054 seconds
[2024-11-06T18:19:59.045+0700] {processor.py:186} INFO - Started process (PID=4196) to work on /home/fawzan/airflow/.venv/lib/python3.10/site-packages/airflow/example_dags/example_branch_datetime_operator.py
[2024-11-06T18:19:59.048+0700] {processor.py:914} INFO - Processing file /home/fawzan/airflow/.venv/lib/python3.10/site-packages/airflow/example_dags/example_branch_datetime_operator.py for tasks to queue
[2024-11-06T18:19:59.051+0700] {logging_mixin.py:190} INFO - [2024-11-06T18:19:59.050+0700] {dagbag.py:588} INFO - Filling up the DagBag from /home/fawzan/airflow/.venv/lib/python3.10/site-packages/airflow/example_dags/example_branch_datetime_operator.py
[2024-11-06T18:19:59.062+0700] {processor.py:925} INFO - DAG(s) 'example_branch_datetime_operator_3', 'example_branch_datetime_operator', 'example_branch_datetime_operator_2' retrieved from /home/fawzan/airflow/.venv/lib/python3.10/site-packages/airflow/example_dags/example_branch_datetime_operator.py
[2024-11-06T18:19:59.076+0700] {logging_mixin.py:190} INFO - [2024-11-06T18:19:59.076+0700] {dag.py:3239} INFO - Sync 3 DAGs
[2024-11-06T18:19:59.090+0700] {logging_mixin.py:190} INFO - [2024-11-06T18:19:59.090+0700] {dag.py:4180} INFO - Setting next_dagrun for example_branch_datetime_operator to 2024-11-05 00:00:00+00:00, run_after=2024-11-06 00:00:00+00:00
[2024-11-06T18:19:59.093+0700] {logging_mixin.py:190} INFO - [2024-11-06T18:19:59.093+0700] {dag.py:4180} INFO - Setting next_dagrun for example_branch_datetime_operator_2 to 2024-11-05 00:00:00+00:00, run_after=2024-11-06 00:00:00+00:00
[2024-11-06T18:19:59.094+0700] {logging_mixin.py:190} INFO - [2024-11-06T18:19:59.094+0700] {dag.py:4180} INFO - Setting next_dagrun for example_branch_datetime_operator_3 to 2024-11-05 00:00:00+00:00, run_after=2024-11-06 00:00:00+00:00
[2024-11-06T18:19:59.105+0700] {processor.py:208} INFO - Processing /home/fawzan/airflow/.venv/lib/python3.10/site-packages/airflow/example_dags/example_branch_datetime_operator.py took 0.065 seconds
[2024-11-06T18:21:35.597+0700] {processor.py:186} INFO - Started process (PID=4468) to work on /home/fawzan/airflow/.venv/lib/python3.10/site-packages/airflow/example_dags/example_branch_datetime_operator.py
[2024-11-06T18:21:35.600+0700] {processor.py:914} INFO - Processing file /home/fawzan/airflow/.venv/lib/python3.10/site-packages/airflow/example_dags/example_branch_datetime_operator.py for tasks to queue
[2024-11-06T18:21:35.602+0700] {logging_mixin.py:190} INFO - [2024-11-06T18:21:35.602+0700] {dagbag.py:588} INFO - Filling up the DagBag from /home/fawzan/airflow/.venv/lib/python3.10/site-packages/airflow/example_dags/example_branch_datetime_operator.py
[2024-11-06T18:21:35.614+0700] {processor.py:925} INFO - DAG(s) 'example_branch_datetime_operator_3', 'example_branch_datetime_operator', 'example_branch_datetime_operator_2' retrieved from /home/fawzan/airflow/.venv/lib/python3.10/site-packages/airflow/example_dags/example_branch_datetime_operator.py
[2024-11-06T18:21:35.626+0700] {logging_mixin.py:190} INFO - [2024-11-06T18:21:35.626+0700] {dag.py:3239} INFO - Sync 3 DAGs
[2024-11-06T18:21:35.637+0700] {logging_mixin.py:190} INFO - [2024-11-06T18:21:35.637+0700] {dag.py:4180} INFO - Setting next_dagrun for example_branch_datetime_operator to 2024-11-05 00:00:00+00:00, run_after=2024-11-06 00:00:00+00:00
[2024-11-06T18:21:35.640+0700] {logging_mixin.py:190} INFO - [2024-11-06T18:21:35.639+0700] {dag.py:4180} INFO - Setting next_dagrun for example_branch_datetime_operator_2 to 2024-11-05 00:00:00+00:00, run_after=2024-11-06 00:00:00+00:00
[2024-11-06T18:21:35.641+0700] {logging_mixin.py:190} INFO - [2024-11-06T18:21:35.641+0700] {dag.py:4180} INFO - Setting next_dagrun for example_branch_datetime_operator_3 to 2024-11-05 00:00:00+00:00, run_after=2024-11-06 00:00:00+00:00
[2024-11-06T18:21:35.652+0700] {processor.py:208} INFO - Processing /home/fawzan/airflow/.venv/lib/python3.10/site-packages/airflow/example_dags/example_branch_datetime_operator.py took 0.060 seconds
[2024-11-06T18:22:31.121+0700] {processor.py:186} INFO - Started process (PID=4592) to work on /home/fawzan/airflow/.venv/lib/python3.10/site-packages/airflow/example_dags/example_branch_datetime_operator.py
[2024-11-06T18:22:31.124+0700] {processor.py:914} INFO - Processing file /home/fawzan/airflow/.venv/lib/python3.10/site-packages/airflow/example_dags/example_branch_datetime_operator.py for tasks to queue
[2024-11-06T18:22:31.126+0700] {logging_mixin.py:190} INFO - [2024-11-06T18:22:31.126+0700] {dagbag.py:588} INFO - Filling up the DagBag from /home/fawzan/airflow/.venv/lib/python3.10/site-packages/airflow/example_dags/example_branch_datetime_operator.py
[2024-11-06T18:22:31.137+0700] {processor.py:925} INFO - DAG(s) 'example_branch_datetime_operator_2', 'example_branch_datetime_operator', 'example_branch_datetime_operator_3' retrieved from /home/fawzan/airflow/.venv/lib/python3.10/site-packages/airflow/example_dags/example_branch_datetime_operator.py
[2024-11-06T18:22:31.149+0700] {logging_mixin.py:190} INFO - [2024-11-06T18:22:31.149+0700] {dag.py:3239} INFO - Sync 3 DAGs
[2024-11-06T18:22:31.160+0700] {logging_mixin.py:190} INFO - [2024-11-06T18:22:31.160+0700] {dag.py:4180} INFO - Setting next_dagrun for example_branch_datetime_operator to 2024-11-05 00:00:00+00:00, run_after=2024-11-06 00:00:00+00:00
[2024-11-06T18:22:31.163+0700] {logging_mixin.py:190} INFO - [2024-11-06T18:22:31.163+0700] {dag.py:4180} INFO - Setting next_dagrun for example_branch_datetime_operator_2 to 2024-11-05 00:00:00+00:00, run_after=2024-11-06 00:00:00+00:00
[2024-11-06T18:22:31.164+0700] {logging_mixin.py:190} INFO - [2024-11-06T18:22:31.164+0700] {dag.py:4180} INFO - Setting next_dagrun for example_branch_datetime_operator_3 to 2024-11-05 00:00:00+00:00, run_after=2024-11-06 00:00:00+00:00
[2024-11-06T18:22:31.175+0700] {processor.py:208} INFO - Processing /home/fawzan/airflow/.venv/lib/python3.10/site-packages/airflow/example_dags/example_branch_datetime_operator.py took 0.059 seconds
[2024-11-06T18:23:55.767+0700] {processor.py:186} INFO - Started process (PID=4738) to work on /home/fawzan/airflow/.venv/lib/python3.10/site-packages/airflow/example_dags/example_branch_datetime_operator.py
[2024-11-06T18:23:55.770+0700] {processor.py:914} INFO - Processing file /home/fawzan/airflow/.venv/lib/python3.10/site-packages/airflow/example_dags/example_branch_datetime_operator.py for tasks to queue
[2024-11-06T18:23:55.772+0700] {logging_mixin.py:190} INFO - [2024-11-06T18:23:55.771+0700] {dagbag.py:588} INFO - Filling up the DagBag from /home/fawzan/airflow/.venv/lib/python3.10/site-packages/airflow/example_dags/example_branch_datetime_operator.py
[2024-11-06T18:23:55.779+0700] {processor.py:925} INFO - DAG(s) 'example_branch_datetime_operator_3', 'example_branch_datetime_operator_2', 'example_branch_datetime_operator' retrieved from /home/fawzan/airflow/.venv/lib/python3.10/site-packages/airflow/example_dags/example_branch_datetime_operator.py
[2024-11-06T18:23:55.791+0700] {logging_mixin.py:190} INFO - [2024-11-06T18:23:55.791+0700] {dag.py:3239} INFO - Sync 3 DAGs
[2024-11-06T18:23:55.804+0700] {logging_mixin.py:190} INFO - [2024-11-06T18:23:55.803+0700] {dag.py:4180} INFO - Setting next_dagrun for example_branch_datetime_operator to 2024-11-05 00:00:00+00:00, run_after=2024-11-06 00:00:00+00:00
[2024-11-06T18:23:55.806+0700] {logging_mixin.py:190} INFO - [2024-11-06T18:23:55.806+0700] {dag.py:4180} INFO - Setting next_dagrun for example_branch_datetime_operator_2 to 2024-11-05 00:00:00+00:00, run_after=2024-11-06 00:00:00+00:00
[2024-11-06T18:23:55.808+0700] {logging_mixin.py:190} INFO - [2024-11-06T18:23:55.807+0700] {dag.py:4180} INFO - Setting next_dagrun for example_branch_datetime_operator_3 to 2024-11-05 00:00:00+00:00, run_after=2024-11-06 00:00:00+00:00
[2024-11-06T18:23:55.818+0700] {processor.py:208} INFO - Processing /home/fawzan/airflow/.venv/lib/python3.10/site-packages/airflow/example_dags/example_branch_datetime_operator.py took 0.055 seconds
[2024-11-06T18:33:04.971+0700] {processor.py:186} INFO - Started process (PID=5228) to work on /home/fawzan/airflow/.venv/lib/python3.10/site-packages/airflow/example_dags/example_branch_datetime_operator.py
[2024-11-06T18:33:04.975+0700] {processor.py:914} INFO - Processing file /home/fawzan/airflow/.venv/lib/python3.10/site-packages/airflow/example_dags/example_branch_datetime_operator.py for tasks to queue
[2024-11-06T18:33:04.977+0700] {logging_mixin.py:190} INFO - [2024-11-06T18:33:04.977+0700] {dagbag.py:588} INFO - Filling up the DagBag from /home/fawzan/airflow/.venv/lib/python3.10/site-packages/airflow/example_dags/example_branch_datetime_operator.py
[2024-11-06T18:33:04.987+0700] {processor.py:925} INFO - DAG(s) 'example_branch_datetime_operator_3', 'example_branch_datetime_operator_2', 'example_branch_datetime_operator' retrieved from /home/fawzan/airflow/.venv/lib/python3.10/site-packages/airflow/example_dags/example_branch_datetime_operator.py
[2024-11-06T18:33:04.998+0700] {logging_mixin.py:190} INFO - [2024-11-06T18:33:04.998+0700] {dag.py:3239} INFO - Sync 3 DAGs
[2024-11-06T18:33:05.010+0700] {logging_mixin.py:190} INFO - [2024-11-06T18:33:05.009+0700] {dag.py:4180} INFO - Setting next_dagrun for example_branch_datetime_operator to 2024-11-05 00:00:00+00:00, run_after=2024-11-06 00:00:00+00:00
[2024-11-06T18:33:05.013+0700] {logging_mixin.py:190} INFO - [2024-11-06T18:33:05.013+0700] {dag.py:4180} INFO - Setting next_dagrun for example_branch_datetime_operator_2 to 2024-11-05 00:00:00+00:00, run_after=2024-11-06 00:00:00+00:00
[2024-11-06T18:33:05.014+0700] {logging_mixin.py:190} INFO - [2024-11-06T18:33:05.014+0700] {dag.py:4180} INFO - Setting next_dagrun for example_branch_datetime_operator_3 to 2024-11-05 00:00:00+00:00, run_after=2024-11-06 00:00:00+00:00
[2024-11-06T18:33:05.025+0700] {processor.py:208} INFO - Processing /home/fawzan/airflow/.venv/lib/python3.10/site-packages/airflow/example_dags/example_branch_datetime_operator.py took 0.060 seconds
