[2024-11-06T17:07:51.451+0700] {processor.py:186} INFO - Started process (PID=3791) to work on /home/fawzan/airflow/.venv/lib/python3.10/site-packages/airflow/example_dags/tutorial_dag.py
[2024-11-06T17:07:51.452+0700] {processor.py:914} INFO - Processing file /home/fawzan/airflow/.venv/lib/python3.10/site-packages/airflow/example_dags/tutorial_dag.py for tasks to queue
[2024-11-06T17:07:51.453+0700] {logging_mixin.py:190} INFO - [2024-11-06T17:07:51.453+0700] {dagbag.py:588} INFO - Filling up the DagBag from /home/fawzan/airflow/.venv/lib/python3.10/site-packages/airflow/example_dags/tutorial_dag.py
[2024-11-06T17:07:51.459+0700] {processor.py:925} INFO - DAG(s) 'tutorial_dag' retrieved from /home/fawzan/airflow/.venv/lib/python3.10/site-packages/airflow/example_dags/tutorial_dag.py
[2024-11-06T17:07:51.516+0700] {logging_mixin.py:190} INFO - [2024-11-06T17:07:51.515+0700] {override.py:1900} INFO - Created Permission View: can edit on DAG:tutorial_dag
[2024-11-06T17:07:51.523+0700] {logging_mixin.py:190} INFO - [2024-11-06T17:07:51.523+0700] {override.py:1900} INFO - Created Permission View: can delete on DAG:tutorial_dag
[2024-11-06T17:07:51.528+0700] {logging_mixin.py:190} INFO - [2024-11-06T17:07:51.528+0700] {override.py:1900} INFO - Created Permission View: can read on DAG:tutorial_dag
[2024-11-06T17:07:51.536+0700] {logging_mixin.py:190} INFO - [2024-11-06T17:07:51.536+0700] {override.py:1900} INFO - Created Permission View: can delete on DAG Run:tutorial_dag
[2024-11-06T17:07:51.544+0700] {logging_mixin.py:190} INFO - [2024-11-06T17:07:51.544+0700] {override.py:1900} INFO - Created Permission View: can create on DAG Run:tutorial_dag
[2024-11-06T17:07:51.550+0700] {logging_mixin.py:190} INFO - [2024-11-06T17:07:51.550+0700] {override.py:1900} INFO - Created Permission View: menu access on DAG Run:tutorial_dag
[2024-11-06T17:07:51.558+0700] {logging_mixin.py:190} INFO - [2024-11-06T17:07:51.558+0700] {override.py:1900} INFO - Created Permission View: can read on DAG Run:tutorial_dag
[2024-11-06T17:07:51.559+0700] {logging_mixin.py:190} INFO - [2024-11-06T17:07:51.559+0700] {dag.py:3239} INFO - Sync 1 DAGs
[2024-11-06T17:07:51.568+0700] {logging_mixin.py:190} INFO - [2024-11-06T17:07:51.568+0700] {dag.py:3262} INFO - Creating ORM DAG for tutorial_dag
[2024-11-06T17:07:51.569+0700] {logging_mixin.py:190} INFO - [2024-11-06T17:07:51.568+0700] {dag.py:4180} INFO - Setting next_dagrun for tutorial_dag to None, run_after=None
[2024-11-06T17:07:51.582+0700] {processor.py:208} INFO - Processing /home/fawzan/airflow/.venv/lib/python3.10/site-packages/airflow/example_dags/tutorial_dag.py took 0.137 seconds
[2024-11-06T17:13:23.472+0700] {processor.py:186} INFO - Started process (PID=3994) to work on /home/fawzan/airflow/.venv/lib/python3.10/site-packages/airflow/example_dags/tutorial_dag.py
[2024-11-06T17:13:23.475+0700] {processor.py:914} INFO - Processing file /home/fawzan/airflow/.venv/lib/python3.10/site-packages/airflow/example_dags/tutorial_dag.py for tasks to queue
[2024-11-06T17:13:23.477+0700] {logging_mixin.py:190} INFO - [2024-11-06T17:13:23.476+0700] {dagbag.py:588} INFO - Filling up the DagBag from /home/fawzan/airflow/.venv/lib/python3.10/site-packages/airflow/example_dags/tutorial_dag.py
[2024-11-06T17:13:23.484+0700] {processor.py:925} INFO - DAG(s) 'tutorial_dag' retrieved from /home/fawzan/airflow/.venv/lib/python3.10/site-packages/airflow/example_dags/tutorial_dag.py
[2024-11-06T17:13:23.495+0700] {logging_mixin.py:190} INFO - [2024-11-06T17:13:23.494+0700] {dag.py:3239} INFO - Sync 1 DAGs
[2024-11-06T17:13:23.501+0700] {logging_mixin.py:190} INFO - [2024-11-06T17:13:23.501+0700] {dag.py:4180} INFO - Setting next_dagrun for tutorial_dag to None, run_after=None
[2024-11-06T17:13:23.514+0700] {processor.py:208} INFO - Processing /home/fawzan/airflow/.venv/lib/python3.10/site-packages/airflow/example_dags/tutorial_dag.py took 0.047 seconds
[2024-11-06T17:14:19.491+0700] {processor.py:186} INFO - Started process (PID=4066) to work on /home/fawzan/airflow/.venv/lib/python3.10/site-packages/airflow/example_dags/tutorial_dag.py
[2024-11-06T17:14:19.495+0700] {processor.py:914} INFO - Processing file /home/fawzan/airflow/.venv/lib/python3.10/site-packages/airflow/example_dags/tutorial_dag.py for tasks to queue
[2024-11-06T17:14:19.497+0700] {logging_mixin.py:190} INFO - [2024-11-06T17:14:19.497+0700] {dagbag.py:588} INFO - Filling up the DagBag from /home/fawzan/airflow/.venv/lib/python3.10/site-packages/airflow/example_dags/tutorial_dag.py
[2024-11-06T17:14:19.505+0700] {processor.py:925} INFO - DAG(s) 'tutorial_dag' retrieved from /home/fawzan/airflow/.venv/lib/python3.10/site-packages/airflow/example_dags/tutorial_dag.py
[2024-11-06T17:14:19.514+0700] {logging_mixin.py:190} INFO - [2024-11-06T17:14:19.514+0700] {dag.py:3239} INFO - Sync 1 DAGs
[2024-11-06T17:14:19.523+0700] {logging_mixin.py:190} INFO - [2024-11-06T17:14:19.523+0700] {dag.py:4180} INFO - Setting next_dagrun for tutorial_dag to None, run_after=None
[2024-11-06T17:14:19.539+0700] {processor.py:208} INFO - Processing /home/fawzan/airflow/.venv/lib/python3.10/site-packages/airflow/example_dags/tutorial_dag.py took 0.053 seconds
[2024-11-06T17:15:12.042+0700] {processor.py:186} INFO - Started process (PID=4138) to work on /home/fawzan/airflow/.venv/lib/python3.10/site-packages/airflow/example_dags/tutorial_dag.py
[2024-11-06T17:15:12.043+0700] {processor.py:914} INFO - Processing file /home/fawzan/airflow/.venv/lib/python3.10/site-packages/airflow/example_dags/tutorial_dag.py for tasks to queue
[2024-11-06T17:15:12.046+0700] {logging_mixin.py:190} INFO - [2024-11-06T17:15:12.045+0700] {dagbag.py:588} INFO - Filling up the DagBag from /home/fawzan/airflow/.venv/lib/python3.10/site-packages/airflow/example_dags/tutorial_dag.py
[2024-11-06T17:15:12.052+0700] {processor.py:925} INFO - DAG(s) 'tutorial_dag' retrieved from /home/fawzan/airflow/.venv/lib/python3.10/site-packages/airflow/example_dags/tutorial_dag.py
[2024-11-06T17:15:12.061+0700] {logging_mixin.py:190} INFO - [2024-11-06T17:15:12.061+0700] {dag.py:3239} INFO - Sync 1 DAGs
[2024-11-06T17:15:12.067+0700] {logging_mixin.py:190} INFO - [2024-11-06T17:15:12.067+0700] {dag.py:4180} INFO - Setting next_dagrun for tutorial_dag to None, run_after=None
[2024-11-06T17:15:12.079+0700] {processor.py:208} INFO - Processing /home/fawzan/airflow/.venv/lib/python3.10/site-packages/airflow/example_dags/tutorial_dag.py took 0.044 seconds
[2024-11-06T17:16:05.679+0700] {processor.py:186} INFO - Started process (PID=4202) to work on /home/fawzan/airflow/.venv/lib/python3.10/site-packages/airflow/example_dags/tutorial_dag.py
[2024-11-06T17:16:05.683+0700] {processor.py:914} INFO - Processing file /home/fawzan/airflow/.venv/lib/python3.10/site-packages/airflow/example_dags/tutorial_dag.py for tasks to queue
[2024-11-06T17:16:05.685+0700] {logging_mixin.py:190} INFO - [2024-11-06T17:16:05.685+0700] {dagbag.py:588} INFO - Filling up the DagBag from /home/fawzan/airflow/.venv/lib/python3.10/site-packages/airflow/example_dags/tutorial_dag.py
[2024-11-06T17:16:05.692+0700] {processor.py:925} INFO - DAG(s) 'tutorial_dag' retrieved from /home/fawzan/airflow/.venv/lib/python3.10/site-packages/airflow/example_dags/tutorial_dag.py
[2024-11-06T17:16:05.710+0700] {logging_mixin.py:190} INFO - [2024-11-06T17:16:05.709+0700] {dag.py:3239} INFO - Sync 1 DAGs
[2024-11-06T17:16:05.720+0700] {logging_mixin.py:190} INFO - [2024-11-06T17:16:05.720+0700] {dag.py:4180} INFO - Setting next_dagrun for tutorial_dag to None, run_after=None
[2024-11-06T17:16:05.732+0700] {processor.py:208} INFO - Processing /home/fawzan/airflow/.venv/lib/python3.10/site-packages/airflow/example_dags/tutorial_dag.py took 0.059 seconds
[2024-11-06T18:13:12.455+0700] {processor.py:186} INFO - Started process (PID=2722) to work on /home/fawzan/airflow/.venv/lib/python3.10/site-packages/airflow/example_dags/tutorial_dag.py
[2024-11-06T18:13:12.458+0700] {processor.py:914} INFO - Processing file /home/fawzan/airflow/.venv/lib/python3.10/site-packages/airflow/example_dags/tutorial_dag.py for tasks to queue
[2024-11-06T18:13:12.461+0700] {logging_mixin.py:190} INFO - [2024-11-06T18:13:12.460+0700] {dagbag.py:588} INFO - Filling up the DagBag from /home/fawzan/airflow/.venv/lib/python3.10/site-packages/airflow/example_dags/tutorial_dag.py
[2024-11-06T18:13:12.467+0700] {processor.py:925} INFO - DAG(s) 'tutorial_dag' retrieved from /home/fawzan/airflow/.venv/lib/python3.10/site-packages/airflow/example_dags/tutorial_dag.py
[2024-11-06T18:13:12.477+0700] {logging_mixin.py:190} INFO - [2024-11-06T18:13:12.477+0700] {dag.py:3239} INFO - Sync 1 DAGs
[2024-11-06T18:13:12.483+0700] {logging_mixin.py:190} INFO - [2024-11-06T18:13:12.483+0700] {dag.py:4180} INFO - Setting next_dagrun for tutorial_dag to None, run_after=None
[2024-11-06T18:13:12.496+0700] {processor.py:208} INFO - Processing /home/fawzan/airflow/.venv/lib/python3.10/site-packages/airflow/example_dags/tutorial_dag.py took 0.047 seconds
[2024-11-06T18:14:08.299+0700] {processor.py:186} INFO - Started process (PID=3322) to work on /home/fawzan/airflow/.venv/lib/python3.10/site-packages/airflow/example_dags/tutorial_dag.py
[2024-11-06T18:14:08.300+0700] {processor.py:914} INFO - Processing file /home/fawzan/airflow/.venv/lib/python3.10/site-packages/airflow/example_dags/tutorial_dag.py for tasks to queue
[2024-11-06T18:14:08.301+0700] {logging_mixin.py:190} INFO - [2024-11-06T18:14:08.301+0700] {dagbag.py:588} INFO - Filling up the DagBag from /home/fawzan/airflow/.venv/lib/python3.10/site-packages/airflow/example_dags/tutorial_dag.py
[2024-11-06T18:14:08.305+0700] {processor.py:925} INFO - DAG(s) 'tutorial_dag' retrieved from /home/fawzan/airflow/.venv/lib/python3.10/site-packages/airflow/example_dags/tutorial_dag.py
[2024-11-06T18:14:08.313+0700] {logging_mixin.py:190} INFO - [2024-11-06T18:14:08.313+0700] {dag.py:3239} INFO - Sync 1 DAGs
[2024-11-06T18:14:08.320+0700] {logging_mixin.py:190} INFO - [2024-11-06T18:14:08.320+0700] {dag.py:4180} INFO - Setting next_dagrun for tutorial_dag to None, run_after=None
[2024-11-06T18:14:08.333+0700] {processor.py:208} INFO - Processing /home/fawzan/airflow/.venv/lib/python3.10/site-packages/airflow/example_dags/tutorial_dag.py took 0.038 seconds
[2024-11-06T18:14:58.736+0700] {processor.py:186} INFO - Started process (PID=3465) to work on /home/fawzan/airflow/.venv/lib/python3.10/site-packages/airflow/example_dags/tutorial_dag.py
[2024-11-06T18:14:58.739+0700] {processor.py:914} INFO - Processing file /home/fawzan/airflow/.venv/lib/python3.10/site-packages/airflow/example_dags/tutorial_dag.py for tasks to queue
[2024-11-06T18:14:58.742+0700] {logging_mixin.py:190} INFO - [2024-11-06T18:14:58.742+0700] {dagbag.py:588} INFO - Filling up the DagBag from /home/fawzan/airflow/.venv/lib/python3.10/site-packages/airflow/example_dags/tutorial_dag.py
[2024-11-06T18:14:58.749+0700] {processor.py:925} INFO - DAG(s) 'tutorial_dag' retrieved from /home/fawzan/airflow/.venv/lib/python3.10/site-packages/airflow/example_dags/tutorial_dag.py
[2024-11-06T18:14:58.757+0700] {logging_mixin.py:190} INFO - [2024-11-06T18:14:58.757+0700] {dag.py:3239} INFO - Sync 1 DAGs
[2024-11-06T18:14:58.764+0700] {logging_mixin.py:190} INFO - [2024-11-06T18:14:58.764+0700] {dag.py:4180} INFO - Setting next_dagrun for tutorial_dag to None, run_after=None
[2024-11-06T18:14:58.775+0700] {processor.py:208} INFO - Processing /home/fawzan/airflow/.venv/lib/python3.10/site-packages/airflow/example_dags/tutorial_dag.py took 0.045 seconds
[2024-11-06T18:15:54.381+0700] {processor.py:186} INFO - Started process (PID=3615) to work on /home/fawzan/airflow/.venv/lib/python3.10/site-packages/airflow/example_dags/tutorial_dag.py
[2024-11-06T18:15:54.385+0700] {processor.py:914} INFO - Processing file /home/fawzan/airflow/.venv/lib/python3.10/site-packages/airflow/example_dags/tutorial_dag.py for tasks to queue
[2024-11-06T18:15:54.387+0700] {logging_mixin.py:190} INFO - [2024-11-06T18:15:54.386+0700] {dagbag.py:588} INFO - Filling up the DagBag from /home/fawzan/airflow/.venv/lib/python3.10/site-packages/airflow/example_dags/tutorial_dag.py
[2024-11-06T18:15:54.392+0700] {processor.py:925} INFO - DAG(s) 'tutorial_dag' retrieved from /home/fawzan/airflow/.venv/lib/python3.10/site-packages/airflow/example_dags/tutorial_dag.py
[2024-11-06T18:15:54.400+0700] {logging_mixin.py:190} INFO - [2024-11-06T18:15:54.400+0700] {dag.py:3239} INFO - Sync 1 DAGs
[2024-11-06T18:15:54.407+0700] {logging_mixin.py:190} INFO - [2024-11-06T18:15:54.407+0700] {dag.py:4180} INFO - Setting next_dagrun for tutorial_dag to None, run_after=None
[2024-11-06T18:15:54.420+0700] {processor.py:208} INFO - Processing /home/fawzan/airflow/.venv/lib/python3.10/site-packages/airflow/example_dags/tutorial_dag.py took 0.044 seconds
[2024-11-06T18:17:11.172+0700] {processor.py:186} INFO - Started process (PID=3855) to work on /home/fawzan/airflow/.venv/lib/python3.10/site-packages/airflow/example_dags/tutorial_dag.py
[2024-11-06T18:17:11.175+0700] {processor.py:914} INFO - Processing file /home/fawzan/airflow/.venv/lib/python3.10/site-packages/airflow/example_dags/tutorial_dag.py for tasks to queue
[2024-11-06T18:17:11.179+0700] {logging_mixin.py:190} INFO - [2024-11-06T18:17:11.178+0700] {dagbag.py:588} INFO - Filling up the DagBag from /home/fawzan/airflow/.venv/lib/python3.10/site-packages/airflow/example_dags/tutorial_dag.py
[2024-11-06T18:17:11.186+0700] {processor.py:925} INFO - DAG(s) 'tutorial_dag' retrieved from /home/fawzan/airflow/.venv/lib/python3.10/site-packages/airflow/example_dags/tutorial_dag.py
[2024-11-06T18:17:11.203+0700] {logging_mixin.py:190} INFO - [2024-11-06T18:17:11.203+0700] {dag.py:3239} INFO - Sync 1 DAGs
[2024-11-06T18:17:11.211+0700] {logging_mixin.py:190} INFO - [2024-11-06T18:17:11.210+0700] {dag.py:4180} INFO - Setting next_dagrun for tutorial_dag to None, run_after=None
[2024-11-06T18:17:11.231+0700] {processor.py:208} INFO - Processing /home/fawzan/airflow/.venv/lib/python3.10/site-packages/airflow/example_dags/tutorial_dag.py took 0.065 seconds
[2024-11-06T18:18:02.008+0700] {processor.py:186} INFO - Started process (PID=3977) to work on /home/fawzan/airflow/.venv/lib/python3.10/site-packages/airflow/example_dags/tutorial_dag.py
[2024-11-06T18:18:02.012+0700] {processor.py:914} INFO - Processing file /home/fawzan/airflow/.venv/lib/python3.10/site-packages/airflow/example_dags/tutorial_dag.py for tasks to queue
[2024-11-06T18:18:02.013+0700] {logging_mixin.py:190} INFO - [2024-11-06T18:18:02.013+0700] {dagbag.py:588} INFO - Filling up the DagBag from /home/fawzan/airflow/.venv/lib/python3.10/site-packages/airflow/example_dags/tutorial_dag.py
[2024-11-06T18:18:02.019+0700] {processor.py:925} INFO - DAG(s) 'tutorial_dag' retrieved from /home/fawzan/airflow/.venv/lib/python3.10/site-packages/airflow/example_dags/tutorial_dag.py
[2024-11-06T18:18:02.027+0700] {logging_mixin.py:190} INFO - [2024-11-06T18:18:02.027+0700] {dag.py:3239} INFO - Sync 1 DAGs
[2024-11-06T18:18:02.033+0700] {logging_mixin.py:190} INFO - [2024-11-06T18:18:02.033+0700] {dag.py:4180} INFO - Setting next_dagrun for tutorial_dag to None, run_after=None
[2024-11-06T18:18:02.045+0700] {processor.py:208} INFO - Processing /home/fawzan/airflow/.venv/lib/python3.10/site-packages/airflow/example_dags/tutorial_dag.py took 0.042 seconds
[2024-11-06T18:18:54.331+0700] {processor.py:186} INFO - Started process (PID=4078) to work on /home/fawzan/airflow/.venv/lib/python3.10/site-packages/airflow/example_dags/tutorial_dag.py
[2024-11-06T18:18:54.334+0700] {processor.py:914} INFO - Processing file /home/fawzan/airflow/.venv/lib/python3.10/site-packages/airflow/example_dags/tutorial_dag.py for tasks to queue
[2024-11-06T18:18:54.336+0700] {logging_mixin.py:190} INFO - [2024-11-06T18:18:54.336+0700] {dagbag.py:588} INFO - Filling up the DagBag from /home/fawzan/airflow/.venv/lib/python3.10/site-packages/airflow/example_dags/tutorial_dag.py
[2024-11-06T18:18:54.341+0700] {processor.py:925} INFO - DAG(s) 'tutorial_dag' retrieved from /home/fawzan/airflow/.venv/lib/python3.10/site-packages/airflow/example_dags/tutorial_dag.py
[2024-11-06T18:18:54.349+0700] {logging_mixin.py:190} INFO - [2024-11-06T18:18:54.348+0700] {dag.py:3239} INFO - Sync 1 DAGs
[2024-11-06T18:18:54.355+0700] {logging_mixin.py:190} INFO - [2024-11-06T18:18:54.355+0700] {dag.py:4180} INFO - Setting next_dagrun for tutorial_dag to None, run_after=None
[2024-11-06T18:18:54.366+0700] {processor.py:208} INFO - Processing /home/fawzan/airflow/.venv/lib/python3.10/site-packages/airflow/example_dags/tutorial_dag.py took 0.038 seconds
[2024-11-06T18:19:46.709+0700] {processor.py:186} INFO - Started process (PID=4179) to work on /home/fawzan/airflow/.venv/lib/python3.10/site-packages/airflow/example_dags/tutorial_dag.py
[2024-11-06T18:19:46.711+0700] {processor.py:914} INFO - Processing file /home/fawzan/airflow/.venv/lib/python3.10/site-packages/airflow/example_dags/tutorial_dag.py for tasks to queue
[2024-11-06T18:19:46.713+0700] {logging_mixin.py:190} INFO - [2024-11-06T18:19:46.713+0700] {dagbag.py:588} INFO - Filling up the DagBag from /home/fawzan/airflow/.venv/lib/python3.10/site-packages/airflow/example_dags/tutorial_dag.py
[2024-11-06T18:19:46.720+0700] {processor.py:925} INFO - DAG(s) 'tutorial_dag' retrieved from /home/fawzan/airflow/.venv/lib/python3.10/site-packages/airflow/example_dags/tutorial_dag.py
[2024-11-06T18:19:46.730+0700] {logging_mixin.py:190} INFO - [2024-11-06T18:19:46.730+0700] {dag.py:3239} INFO - Sync 1 DAGs
[2024-11-06T18:19:46.737+0700] {logging_mixin.py:190} INFO - [2024-11-06T18:19:46.736+0700] {dag.py:4180} INFO - Setting next_dagrun for tutorial_dag to None, run_after=None
[2024-11-06T18:19:46.748+0700] {processor.py:208} INFO - Processing /home/fawzan/airflow/.venv/lib/python3.10/site-packages/airflow/example_dags/tutorial_dag.py took 0.045 seconds
[2024-11-06T18:20:43.402+0700] {processor.py:186} INFO - Started process (PID=4282) to work on /home/fawzan/airflow/.venv/lib/python3.10/site-packages/airflow/example_dags/tutorial_dag.py
[2024-11-06T18:20:43.405+0700] {processor.py:914} INFO - Processing file /home/fawzan/airflow/.venv/lib/python3.10/site-packages/airflow/example_dags/tutorial_dag.py for tasks to queue
[2024-11-06T18:20:43.407+0700] {logging_mixin.py:190} INFO - [2024-11-06T18:20:43.407+0700] {dagbag.py:588} INFO - Filling up the DagBag from /home/fawzan/airflow/.venv/lib/python3.10/site-packages/airflow/example_dags/tutorial_dag.py
[2024-11-06T18:20:43.414+0700] {processor.py:925} INFO - DAG(s) 'tutorial_dag' retrieved from /home/fawzan/airflow/.venv/lib/python3.10/site-packages/airflow/example_dags/tutorial_dag.py
[2024-11-06T18:20:43.424+0700] {logging_mixin.py:190} INFO - [2024-11-06T18:20:43.424+0700] {dag.py:3239} INFO - Sync 1 DAGs
[2024-11-06T18:20:43.431+0700] {logging_mixin.py:190} INFO - [2024-11-06T18:20:43.431+0700] {dag.py:4180} INFO - Setting next_dagrun for tutorial_dag to None, run_after=None
[2024-11-06T18:20:43.443+0700] {processor.py:208} INFO - Processing /home/fawzan/airflow/.venv/lib/python3.10/site-packages/airflow/example_dags/tutorial_dag.py took 0.047 seconds
[2024-11-06T18:21:52.805+0700] {processor.py:186} INFO - Started process (PID=4497) to work on /home/fawzan/airflow/.venv/lib/python3.10/site-packages/airflow/example_dags/tutorial_dag.py
[2024-11-06T18:21:52.808+0700] {processor.py:914} INFO - Processing file /home/fawzan/airflow/.venv/lib/python3.10/site-packages/airflow/example_dags/tutorial_dag.py for tasks to queue
[2024-11-06T18:21:52.810+0700] {logging_mixin.py:190} INFO - [2024-11-06T18:21:52.810+0700] {dagbag.py:588} INFO - Filling up the DagBag from /home/fawzan/airflow/.venv/lib/python3.10/site-packages/airflow/example_dags/tutorial_dag.py
[2024-11-06T18:21:52.818+0700] {processor.py:925} INFO - DAG(s) 'tutorial_dag' retrieved from /home/fawzan/airflow/.venv/lib/python3.10/site-packages/airflow/example_dags/tutorial_dag.py
[2024-11-06T18:21:52.828+0700] {logging_mixin.py:190} INFO - [2024-11-06T18:21:52.828+0700] {dag.py:3239} INFO - Sync 1 DAGs
[2024-11-06T18:21:52.835+0700] {logging_mixin.py:190} INFO - [2024-11-06T18:21:52.834+0700] {dag.py:4180} INFO - Setting next_dagrun for tutorial_dag to None, run_after=None
[2024-11-06T18:21:52.846+0700] {processor.py:208} INFO - Processing /home/fawzan/airflow/.venv/lib/python3.10/site-packages/airflow/example_dags/tutorial_dag.py took 0.048 seconds
[2024-11-06T18:22:49.922+0700] {processor.py:186} INFO - Started process (PID=4629) to work on /home/fawzan/airflow/.venv/lib/python3.10/site-packages/airflow/example_dags/tutorial_dag.py
[2024-11-06T18:22:49.925+0700] {processor.py:914} INFO - Processing file /home/fawzan/airflow/.venv/lib/python3.10/site-packages/airflow/example_dags/tutorial_dag.py for tasks to queue
[2024-11-06T18:22:49.927+0700] {logging_mixin.py:190} INFO - [2024-11-06T18:22:49.927+0700] {dagbag.py:588} INFO - Filling up the DagBag from /home/fawzan/airflow/.venv/lib/python3.10/site-packages/airflow/example_dags/tutorial_dag.py
[2024-11-06T18:22:49.935+0700] {processor.py:925} INFO - DAG(s) 'tutorial_dag' retrieved from /home/fawzan/airflow/.venv/lib/python3.10/site-packages/airflow/example_dags/tutorial_dag.py
[2024-11-06T18:22:49.945+0700] {logging_mixin.py:190} INFO - [2024-11-06T18:22:49.945+0700] {dag.py:3239} INFO - Sync 1 DAGs
[2024-11-06T18:22:49.952+0700] {logging_mixin.py:190} INFO - [2024-11-06T18:22:49.951+0700] {dag.py:4180} INFO - Setting next_dagrun for tutorial_dag to None, run_after=None
[2024-11-06T18:22:49.964+0700] {processor.py:208} INFO - Processing /home/fawzan/airflow/.venv/lib/python3.10/site-packages/airflow/example_dags/tutorial_dag.py took 0.047 seconds
[2024-11-06T18:23:44.806+0700] {processor.py:186} INFO - Started process (PID=4722) to work on /home/fawzan/airflow/.venv/lib/python3.10/site-packages/airflow/example_dags/tutorial_dag.py
[2024-11-06T18:23:44.809+0700] {processor.py:914} INFO - Processing file /home/fawzan/airflow/.venv/lib/python3.10/site-packages/airflow/example_dags/tutorial_dag.py for tasks to queue
[2024-11-06T18:23:44.811+0700] {logging_mixin.py:190} INFO - [2024-11-06T18:23:44.811+0700] {dagbag.py:588} INFO - Filling up the DagBag from /home/fawzan/airflow/.venv/lib/python3.10/site-packages/airflow/example_dags/tutorial_dag.py
[2024-11-06T18:23:44.818+0700] {processor.py:925} INFO - DAG(s) 'tutorial_dag' retrieved from /home/fawzan/airflow/.venv/lib/python3.10/site-packages/airflow/example_dags/tutorial_dag.py
[2024-11-06T18:23:44.828+0700] {logging_mixin.py:190} INFO - [2024-11-06T18:23:44.828+0700] {dag.py:3239} INFO - Sync 1 DAGs
[2024-11-06T18:23:44.835+0700] {logging_mixin.py:190} INFO - [2024-11-06T18:23:44.835+0700] {dag.py:4180} INFO - Setting next_dagrun for tutorial_dag to None, run_after=None
[2024-11-06T18:23:44.847+0700] {processor.py:208} INFO - Processing /home/fawzan/airflow/.venv/lib/python3.10/site-packages/airflow/example_dags/tutorial_dag.py took 0.047 seconds
[2024-11-06T18:32:26.747+0700] {processor.py:186} INFO - Started process (PID=5147) to work on /home/fawzan/airflow/.venv/lib/python3.10/site-packages/airflow/example_dags/tutorial_dag.py
[2024-11-06T18:32:26.748+0700] {processor.py:914} INFO - Processing file /home/fawzan/airflow/.venv/lib/python3.10/site-packages/airflow/example_dags/tutorial_dag.py for tasks to queue
[2024-11-06T18:32:26.750+0700] {logging_mixin.py:190} INFO - [2024-11-06T18:32:26.750+0700] {dagbag.py:588} INFO - Filling up the DagBag from /home/fawzan/airflow/.venv/lib/python3.10/site-packages/airflow/example_dags/tutorial_dag.py
[2024-11-06T18:32:26.755+0700] {processor.py:925} INFO - DAG(s) 'tutorial_dag' retrieved from /home/fawzan/airflow/.venv/lib/python3.10/site-packages/airflow/example_dags/tutorial_dag.py
[2024-11-06T18:32:26.764+0700] {logging_mixin.py:190} INFO - [2024-11-06T18:32:26.764+0700] {dag.py:3239} INFO - Sync 1 DAGs
[2024-11-06T18:32:26.770+0700] {logging_mixin.py:190} INFO - [2024-11-06T18:32:26.770+0700] {dag.py:4180} INFO - Setting next_dagrun for tutorial_dag to None, run_after=None
[2024-11-06T18:32:26.782+0700] {processor.py:208} INFO - Processing /home/fawzan/airflow/.venv/lib/python3.10/site-packages/airflow/example_dags/tutorial_dag.py took 0.041 seconds
[2024-11-06T18:33:25.648+0700] {processor.py:186} INFO - Started process (PID=5263) to work on /home/fawzan/airflow/.venv/lib/python3.10/site-packages/airflow/example_dags/tutorial_dag.py
[2024-11-06T18:33:25.651+0700] {processor.py:914} INFO - Processing file /home/fawzan/airflow/.venv/lib/python3.10/site-packages/airflow/example_dags/tutorial_dag.py for tasks to queue
[2024-11-06T18:33:25.654+0700] {logging_mixin.py:190} INFO - [2024-11-06T18:33:25.653+0700] {dagbag.py:588} INFO - Filling up the DagBag from /home/fawzan/airflow/.venv/lib/python3.10/site-packages/airflow/example_dags/tutorial_dag.py
[2024-11-06T18:33:25.661+0700] {processor.py:925} INFO - DAG(s) 'tutorial_dag' retrieved from /home/fawzan/airflow/.venv/lib/python3.10/site-packages/airflow/example_dags/tutorial_dag.py
[2024-11-06T18:33:25.671+0700] {logging_mixin.py:190} INFO - [2024-11-06T18:33:25.670+0700] {dag.py:3239} INFO - Sync 1 DAGs
[2024-11-06T18:33:25.677+0700] {logging_mixin.py:190} INFO - [2024-11-06T18:33:25.677+0700] {dag.py:4180} INFO - Setting next_dagrun for tutorial_dag to None, run_after=None
[2024-11-06T18:33:25.689+0700] {processor.py:208} INFO - Processing /home/fawzan/airflow/.venv/lib/python3.10/site-packages/airflow/example_dags/tutorial_dag.py took 0.046 seconds
