[2024-11-06T17:07:38.777+0700] {processor.py:186} INFO - Started process (PID=3760) to work on /home/fawzan/airflow/.venv/lib/python3.10/site-packages/airflow/example_dags/tutorial_objectstorage.py
[2024-11-06T17:07:38.778+0700] {processor.py:914} INFO - Processing file /home/fawzan/airflow/.venv/lib/python3.10/site-packages/airflow/example_dags/tutorial_objectstorage.py for tasks to queue
[2024-11-06T17:07:38.780+0700] {logging_mixin.py:190} INFO - [2024-11-06T17:07:38.780+0700] {dagbag.py:588} INFO - Filling up the DagBag from /home/fawzan/airflow/.venv/lib/python3.10/site-packages/airflow/example_dags/tutorial_objectstorage.py
[2024-11-06T17:07:38.788+0700] {processor.py:925} INFO - DAG(s) 'tutorial_objectstorage' retrieved from /home/fawzan/airflow/.venv/lib/python3.10/site-packages/airflow/example_dags/tutorial_objectstorage.py
[2024-11-06T17:07:38.847+0700] {logging_mixin.py:190} INFO - [2024-11-06T17:07:38.847+0700] {override.py:1900} INFO - Created Permission View: can edit on DAG:tutorial_objectstorage
[2024-11-06T17:07:38.854+0700] {logging_mixin.py:190} INFO - [2024-11-06T17:07:38.854+0700] {override.py:1900} INFO - Created Permission View: can delete on DAG:tutorial_objectstorage
[2024-11-06T17:07:38.861+0700] {logging_mixin.py:190} INFO - [2024-11-06T17:07:38.860+0700] {override.py:1900} INFO - Created Permission View: can read on DAG:tutorial_objectstorage
[2024-11-06T17:07:38.873+0700] {logging_mixin.py:190} INFO - [2024-11-06T17:07:38.872+0700] {override.py:1900} INFO - Created Permission View: can delete on DAG Run:tutorial_objectstorage
[2024-11-06T17:07:38.882+0700] {logging_mixin.py:190} INFO - [2024-11-06T17:07:38.882+0700] {override.py:1900} INFO - Created Permission View: can create on DAG Run:tutorial_objectstorage
[2024-11-06T17:07:38.889+0700] {logging_mixin.py:190} INFO - [2024-11-06T17:07:38.889+0700] {override.py:1900} INFO - Created Permission View: menu access on DAG Run:tutorial_objectstorage
[2024-11-06T17:07:38.897+0700] {logging_mixin.py:190} INFO - [2024-11-06T17:07:38.897+0700] {override.py:1900} INFO - Created Permission View: can read on DAG Run:tutorial_objectstorage
[2024-11-06T17:07:38.898+0700] {logging_mixin.py:190} INFO - [2024-11-06T17:07:38.898+0700] {dag.py:3239} INFO - Sync 1 DAGs
[2024-11-06T17:07:38.907+0700] {logging_mixin.py:190} INFO - [2024-11-06T17:07:38.906+0700] {dag.py:3262} INFO - Creating ORM DAG for tutorial_objectstorage
[2024-11-06T17:07:38.907+0700] {logging_mixin.py:190} INFO - [2024-11-06T17:07:38.907+0700] {dag.py:4180} INFO - Setting next_dagrun for tutorial_objectstorage to None, run_after=None
[2024-11-06T17:07:38.918+0700] {processor.py:208} INFO - Processing /home/fawzan/airflow/.venv/lib/python3.10/site-packages/airflow/example_dags/tutorial_objectstorage.py took 0.146 seconds
[2024-11-06T17:13:12.147+0700] {processor.py:186} INFO - Started process (PID=3965) to work on /home/fawzan/airflow/.venv/lib/python3.10/site-packages/airflow/example_dags/tutorial_objectstorage.py
[2024-11-06T17:13:12.151+0700] {processor.py:914} INFO - Processing file /home/fawzan/airflow/.venv/lib/python3.10/site-packages/airflow/example_dags/tutorial_objectstorage.py for tasks to queue
[2024-11-06T17:13:12.152+0700] {logging_mixin.py:190} INFO - [2024-11-06T17:13:12.152+0700] {dagbag.py:588} INFO - Filling up the DagBag from /home/fawzan/airflow/.venv/lib/python3.10/site-packages/airflow/example_dags/tutorial_objectstorage.py
[2024-11-06T17:13:12.160+0700] {processor.py:925} INFO - DAG(s) 'tutorial_objectstorage' retrieved from /home/fawzan/airflow/.venv/lib/python3.10/site-packages/airflow/example_dags/tutorial_objectstorage.py
[2024-11-06T17:13:12.172+0700] {logging_mixin.py:190} INFO - [2024-11-06T17:13:12.171+0700] {dag.py:3239} INFO - Sync 1 DAGs
[2024-11-06T17:13:12.178+0700] {logging_mixin.py:190} INFO - [2024-11-06T17:13:12.178+0700] {dag.py:4180} INFO - Setting next_dagrun for tutorial_objectstorage to None, run_after=None
[2024-11-06T17:13:12.190+0700] {processor.py:208} INFO - Processing /home/fawzan/airflow/.venv/lib/python3.10/site-packages/airflow/example_dags/tutorial_objectstorage.py took 0.047 seconds
[2024-11-06T17:14:08.468+0700] {processor.py:186} INFO - Started process (PID=4046) to work on /home/fawzan/airflow/.venv/lib/python3.10/site-packages/airflow/example_dags/tutorial_objectstorage.py
[2024-11-06T17:14:08.471+0700] {processor.py:914} INFO - Processing file /home/fawzan/airflow/.venv/lib/python3.10/site-packages/airflow/example_dags/tutorial_objectstorage.py for tasks to queue
[2024-11-06T17:14:08.473+0700] {logging_mixin.py:190} INFO - [2024-11-06T17:14:08.473+0700] {dagbag.py:588} INFO - Filling up the DagBag from /home/fawzan/airflow/.venv/lib/python3.10/site-packages/airflow/example_dags/tutorial_objectstorage.py
[2024-11-06T17:14:08.482+0700] {processor.py:925} INFO - DAG(s) 'tutorial_objectstorage' retrieved from /home/fawzan/airflow/.venv/lib/python3.10/site-packages/airflow/example_dags/tutorial_objectstorage.py
[2024-11-06T17:14:08.492+0700] {logging_mixin.py:190} INFO - [2024-11-06T17:14:08.491+0700] {dag.py:3239} INFO - Sync 1 DAGs
[2024-11-06T17:14:08.498+0700] {logging_mixin.py:190} INFO - [2024-11-06T17:14:08.498+0700] {dag.py:4180} INFO - Setting next_dagrun for tutorial_objectstorage to None, run_after=None
[2024-11-06T17:14:08.511+0700] {processor.py:208} INFO - Processing /home/fawzan/airflow/.venv/lib/python3.10/site-packages/airflow/example_dags/tutorial_objectstorage.py took 0.048 seconds
[2024-11-06T17:15:01.159+0700] {processor.py:186} INFO - Started process (PID=4126) to work on /home/fawzan/airflow/.venv/lib/python3.10/site-packages/airflow/example_dags/tutorial_objectstorage.py
[2024-11-06T17:15:01.160+0700] {processor.py:914} INFO - Processing file /home/fawzan/airflow/.venv/lib/python3.10/site-packages/airflow/example_dags/tutorial_objectstorage.py for tasks to queue
[2024-11-06T17:15:01.163+0700] {logging_mixin.py:190} INFO - [2024-11-06T17:15:01.163+0700] {dagbag.py:588} INFO - Filling up the DagBag from /home/fawzan/airflow/.venv/lib/python3.10/site-packages/airflow/example_dags/tutorial_objectstorage.py
[2024-11-06T17:15:01.171+0700] {processor.py:925} INFO - DAG(s) 'tutorial_objectstorage' retrieved from /home/fawzan/airflow/.venv/lib/python3.10/site-packages/airflow/example_dags/tutorial_objectstorage.py
[2024-11-06T17:15:01.180+0700] {logging_mixin.py:190} INFO - [2024-11-06T17:15:01.180+0700] {dag.py:3239} INFO - Sync 1 DAGs
[2024-11-06T17:15:01.187+0700] {logging_mixin.py:190} INFO - [2024-11-06T17:15:01.187+0700] {dag.py:4180} INFO - Setting next_dagrun for tutorial_objectstorage to None, run_after=None
[2024-11-06T17:15:01.199+0700] {processor.py:208} INFO - Processing /home/fawzan/airflow/.venv/lib/python3.10/site-packages/airflow/example_dags/tutorial_objectstorage.py took 0.045 seconds
[2024-11-06T17:15:54.217+0700] {processor.py:186} INFO - Started process (PID=4180) to work on /home/fawzan/airflow/.venv/lib/python3.10/site-packages/airflow/example_dags/tutorial_objectstorage.py
[2024-11-06T17:15:54.220+0700] {processor.py:914} INFO - Processing file /home/fawzan/airflow/.venv/lib/python3.10/site-packages/airflow/example_dags/tutorial_objectstorage.py for tasks to queue
[2024-11-06T17:15:54.222+0700] {logging_mixin.py:190} INFO - [2024-11-06T17:15:54.221+0700] {dagbag.py:588} INFO - Filling up the DagBag from /home/fawzan/airflow/.venv/lib/python3.10/site-packages/airflow/example_dags/tutorial_objectstorage.py
[2024-11-06T17:15:54.230+0700] {processor.py:925} INFO - DAG(s) 'tutorial_objectstorage' retrieved from /home/fawzan/airflow/.venv/lib/python3.10/site-packages/airflow/example_dags/tutorial_objectstorage.py
[2024-11-06T17:15:54.238+0700] {logging_mixin.py:190} INFO - [2024-11-06T17:15:54.238+0700] {dag.py:3239} INFO - Sync 1 DAGs
[2024-11-06T17:15:54.244+0700] {logging_mixin.py:190} INFO - [2024-11-06T17:15:54.244+0700] {dag.py:4180} INFO - Setting next_dagrun for tutorial_objectstorage to None, run_after=None
[2024-11-06T17:15:54.256+0700] {processor.py:208} INFO - Processing /home/fawzan/airflow/.venv/lib/python3.10/site-packages/airflow/example_dags/tutorial_objectstorage.py took 0.044 seconds
[2024-11-06T18:13:01.283+0700] {processor.py:186} INFO - Started process (PID=2699) to work on /home/fawzan/airflow/.venv/lib/python3.10/site-packages/airflow/example_dags/tutorial_objectstorage.py
[2024-11-06T18:13:01.287+0700] {processor.py:914} INFO - Processing file /home/fawzan/airflow/.venv/lib/python3.10/site-packages/airflow/example_dags/tutorial_objectstorage.py for tasks to queue
[2024-11-06T18:13:01.289+0700] {logging_mixin.py:190} INFO - [2024-11-06T18:13:01.288+0700] {dagbag.py:588} INFO - Filling up the DagBag from /home/fawzan/airflow/.venv/lib/python3.10/site-packages/airflow/example_dags/tutorial_objectstorage.py
[2024-11-06T18:13:01.298+0700] {processor.py:925} INFO - DAG(s) 'tutorial_objectstorage' retrieved from /home/fawzan/airflow/.venv/lib/python3.10/site-packages/airflow/example_dags/tutorial_objectstorage.py
[2024-11-06T18:13:01.310+0700] {logging_mixin.py:190} INFO - [2024-11-06T18:13:01.310+0700] {dag.py:3239} INFO - Sync 1 DAGs
[2024-11-06T18:13:01.317+0700] {logging_mixin.py:190} INFO - [2024-11-06T18:13:01.316+0700] {dag.py:4180} INFO - Setting next_dagrun for tutorial_objectstorage to None, run_after=None
[2024-11-06T18:13:01.329+0700] {processor.py:208} INFO - Processing /home/fawzan/airflow/.venv/lib/python3.10/site-packages/airflow/example_dags/tutorial_objectstorage.py took 0.051 seconds
[2024-11-06T18:13:56.539+0700] {processor.py:186} INFO - Started process (PID=3276) to work on /home/fawzan/airflow/.venv/lib/python3.10/site-packages/airflow/example_dags/tutorial_objectstorage.py
[2024-11-06T18:13:56.540+0700] {processor.py:914} INFO - Processing file /home/fawzan/airflow/.venv/lib/python3.10/site-packages/airflow/example_dags/tutorial_objectstorage.py for tasks to queue
[2024-11-06T18:13:56.541+0700] {logging_mixin.py:190} INFO - [2024-11-06T18:13:56.541+0700] {dagbag.py:588} INFO - Filling up the DagBag from /home/fawzan/airflow/.venv/lib/python3.10/site-packages/airflow/example_dags/tutorial_objectstorage.py
[2024-11-06T18:13:56.546+0700] {processor.py:925} INFO - DAG(s) 'tutorial_objectstorage' retrieved from /home/fawzan/airflow/.venv/lib/python3.10/site-packages/airflow/example_dags/tutorial_objectstorage.py
[2024-11-06T18:13:56.554+0700] {logging_mixin.py:190} INFO - [2024-11-06T18:13:56.554+0700] {dag.py:3239} INFO - Sync 1 DAGs
[2024-11-06T18:13:56.561+0700] {logging_mixin.py:190} INFO - [2024-11-06T18:13:56.561+0700] {dag.py:4180} INFO - Setting next_dagrun for tutorial_objectstorage to None, run_after=None
[2024-11-06T18:13:56.573+0700] {processor.py:208} INFO - Processing /home/fawzan/airflow/.venv/lib/python3.10/site-packages/airflow/example_dags/tutorial_objectstorage.py took 0.038 seconds
[2024-11-06T18:14:47.996+0700] {processor.py:186} INFO - Started process (PID=3419) to work on /home/fawzan/airflow/.venv/lib/python3.10/site-packages/airflow/example_dags/tutorial_objectstorage.py
[2024-11-06T18:14:47.997+0700] {processor.py:914} INFO - Processing file /home/fawzan/airflow/.venv/lib/python3.10/site-packages/airflow/example_dags/tutorial_objectstorage.py for tasks to queue
[2024-11-06T18:14:48.000+0700] {logging_mixin.py:190} INFO - [2024-11-06T18:14:48.000+0700] {dagbag.py:588} INFO - Filling up the DagBag from /home/fawzan/airflow/.venv/lib/python3.10/site-packages/airflow/example_dags/tutorial_objectstorage.py
[2024-11-06T18:14:48.008+0700] {processor.py:925} INFO - DAG(s) 'tutorial_objectstorage' retrieved from /home/fawzan/airflow/.venv/lib/python3.10/site-packages/airflow/example_dags/tutorial_objectstorage.py
[2024-11-06T18:14:48.016+0700] {logging_mixin.py:190} INFO - [2024-11-06T18:14:48.016+0700] {dag.py:3239} INFO - Sync 1 DAGs
[2024-11-06T18:14:48.022+0700] {logging_mixin.py:190} INFO - [2024-11-06T18:14:48.022+0700] {dag.py:4180} INFO - Setting next_dagrun for tutorial_objectstorage to None, run_after=None
[2024-11-06T18:14:48.034+0700] {processor.py:208} INFO - Processing /home/fawzan/airflow/.venv/lib/python3.10/site-packages/airflow/example_dags/tutorial_objectstorage.py took 0.043 seconds
[2024-11-06T18:15:37.254+0700] {processor.py:186} INFO - Started process (PID=3537) to work on /home/fawzan/airflow/.venv/lib/python3.10/site-packages/airflow/example_dags/tutorial_objectstorage.py
[2024-11-06T18:15:37.255+0700] {processor.py:914} INFO - Processing file /home/fawzan/airflow/.venv/lib/python3.10/site-packages/airflow/example_dags/tutorial_objectstorage.py for tasks to queue
[2024-11-06T18:15:37.256+0700] {logging_mixin.py:190} INFO - [2024-11-06T18:15:37.256+0700] {dagbag.py:588} INFO - Filling up the DagBag from /home/fawzan/airflow/.venv/lib/python3.10/site-packages/airflow/example_dags/tutorial_objectstorage.py
[2024-11-06T18:15:37.261+0700] {processor.py:925} INFO - DAG(s) 'tutorial_objectstorage' retrieved from /home/fawzan/airflow/.venv/lib/python3.10/site-packages/airflow/example_dags/tutorial_objectstorage.py
[2024-11-06T18:15:37.270+0700] {logging_mixin.py:190} INFO - [2024-11-06T18:15:37.269+0700] {dag.py:3239} INFO - Sync 1 DAGs
[2024-11-06T18:15:37.277+0700] {logging_mixin.py:190} INFO - [2024-11-06T18:15:37.277+0700] {dag.py:4180} INFO - Setting next_dagrun for tutorial_objectstorage to None, run_after=None
[2024-11-06T18:15:37.289+0700] {processor.py:208} INFO - Processing /home/fawzan/airflow/.venv/lib/python3.10/site-packages/airflow/example_dags/tutorial_objectstorage.py took 0.039 seconds
[2024-11-06T18:16:17.017+0700] {processor.py:186} INFO - Started process (PID=3728) to work on /home/fawzan/airflow/.venv/lib/python3.10/site-packages/airflow/example_dags/tutorial_objectstorage.py
[2024-11-06T18:16:17.021+0700] {processor.py:914} INFO - Processing file /home/fawzan/airflow/.venv/lib/python3.10/site-packages/airflow/example_dags/tutorial_objectstorage.py for tasks to queue
[2024-11-06T18:16:17.025+0700] {logging_mixin.py:190} INFO - [2024-11-06T18:16:17.025+0700] {dagbag.py:588} INFO - Filling up the DagBag from /home/fawzan/airflow/.venv/lib/python3.10/site-packages/airflow/example_dags/tutorial_objectstorage.py
[2024-11-06T18:16:17.038+0700] {processor.py:925} INFO - DAG(s) 'tutorial_objectstorage' retrieved from /home/fawzan/airflow/.venv/lib/python3.10/site-packages/airflow/example_dags/tutorial_objectstorage.py
[2024-11-06T18:16:17.052+0700] {logging_mixin.py:190} INFO - [2024-11-06T18:16:17.051+0700] {dag.py:3239} INFO - Sync 1 DAGs
[2024-11-06T18:16:17.058+0700] {logging_mixin.py:190} INFO - [2024-11-06T18:16:17.058+0700] {dag.py:4180} INFO - Setting next_dagrun for tutorial_objectstorage to None, run_after=None
[2024-11-06T18:16:17.071+0700] {processor.py:208} INFO - Processing /home/fawzan/airflow/.venv/lib/python3.10/site-packages/airflow/example_dags/tutorial_objectstorage.py took 0.061 seconds
[2024-11-06T18:16:58.403+0700] {processor.py:186} INFO - Started process (PID=3816) to work on /home/fawzan/airflow/.venv/lib/python3.10/site-packages/airflow/example_dags/tutorial_objectstorage.py
[2024-11-06T18:16:58.406+0700] {processor.py:914} INFO - Processing file /home/fawzan/airflow/.venv/lib/python3.10/site-packages/airflow/example_dags/tutorial_objectstorage.py for tasks to queue
[2024-11-06T18:16:58.408+0700] {logging_mixin.py:190} INFO - [2024-11-06T18:16:58.408+0700] {dagbag.py:588} INFO - Filling up the DagBag from /home/fawzan/airflow/.venv/lib/python3.10/site-packages/airflow/example_dags/tutorial_objectstorage.py
[2024-11-06T18:16:58.417+0700] {processor.py:925} INFO - DAG(s) 'tutorial_objectstorage' retrieved from /home/fawzan/airflow/.venv/lib/python3.10/site-packages/airflow/example_dags/tutorial_objectstorage.py
[2024-11-06T18:16:58.427+0700] {logging_mixin.py:190} INFO - [2024-11-06T18:16:58.427+0700] {dag.py:3239} INFO - Sync 1 DAGs
[2024-11-06T18:16:58.433+0700] {logging_mixin.py:190} INFO - [2024-11-06T18:16:58.433+0700] {dag.py:4180} INFO - Setting next_dagrun for tutorial_objectstorage to None, run_after=None
[2024-11-06T18:16:58.447+0700] {processor.py:208} INFO - Processing /home/fawzan/airflow/.venv/lib/python3.10/site-packages/airflow/example_dags/tutorial_objectstorage.py took 0.050 seconds
[2024-11-06T18:17:51.181+0700] {processor.py:186} INFO - Started process (PID=3957) to work on /home/fawzan/airflow/.venv/lib/python3.10/site-packages/airflow/example_dags/tutorial_objectstorage.py
[2024-11-06T18:17:51.185+0700] {processor.py:914} INFO - Processing file /home/fawzan/airflow/.venv/lib/python3.10/site-packages/airflow/example_dags/tutorial_objectstorage.py for tasks to queue
[2024-11-06T18:17:51.187+0700] {logging_mixin.py:190} INFO - [2024-11-06T18:17:51.186+0700] {dagbag.py:588} INFO - Filling up the DagBag from /home/fawzan/airflow/.venv/lib/python3.10/site-packages/airflow/example_dags/tutorial_objectstorage.py
[2024-11-06T18:17:51.195+0700] {processor.py:925} INFO - DAG(s) 'tutorial_objectstorage' retrieved from /home/fawzan/airflow/.venv/lib/python3.10/site-packages/airflow/example_dags/tutorial_objectstorage.py
[2024-11-06T18:17:51.213+0700] {logging_mixin.py:190} INFO - [2024-11-06T18:17:51.213+0700] {dag.py:3239} INFO - Sync 1 DAGs
[2024-11-06T18:17:51.220+0700] {logging_mixin.py:190} INFO - [2024-11-06T18:17:51.220+0700] {dag.py:4180} INFO - Setting next_dagrun for tutorial_objectstorage to None, run_after=None
[2024-11-06T18:17:51.234+0700] {processor.py:208} INFO - Processing /home/fawzan/airflow/.venv/lib/python3.10/site-packages/airflow/example_dags/tutorial_objectstorage.py took 0.059 seconds
[2024-11-06T18:18:41.750+0700] {processor.py:186} INFO - Started process (PID=4055) to work on /home/fawzan/airflow/.venv/lib/python3.10/site-packages/airflow/example_dags/tutorial_objectstorage.py
[2024-11-06T18:18:41.753+0700] {processor.py:914} INFO - Processing file /home/fawzan/airflow/.venv/lib/python3.10/site-packages/airflow/example_dags/tutorial_objectstorage.py for tasks to queue
[2024-11-06T18:18:41.755+0700] {logging_mixin.py:190} INFO - [2024-11-06T18:18:41.755+0700] {dagbag.py:588} INFO - Filling up the DagBag from /home/fawzan/airflow/.venv/lib/python3.10/site-packages/airflow/example_dags/tutorial_objectstorage.py
[2024-11-06T18:18:41.764+0700] {processor.py:925} INFO - DAG(s) 'tutorial_objectstorage' retrieved from /home/fawzan/airflow/.venv/lib/python3.10/site-packages/airflow/example_dags/tutorial_objectstorage.py
[2024-11-06T18:18:41.774+0700] {logging_mixin.py:190} INFO - [2024-11-06T18:18:41.773+0700] {dag.py:3239} INFO - Sync 1 DAGs
[2024-11-06T18:18:41.781+0700] {logging_mixin.py:190} INFO - [2024-11-06T18:18:41.780+0700] {dag.py:4180} INFO - Setting next_dagrun for tutorial_objectstorage to None, run_after=None
[2024-11-06T18:18:41.792+0700] {processor.py:208} INFO - Processing /home/fawzan/airflow/.venv/lib/python3.10/site-packages/airflow/example_dags/tutorial_objectstorage.py took 0.048 seconds
[2024-11-06T18:19:35.107+0700] {processor.py:186} INFO - Started process (PID=4158) to work on /home/fawzan/airflow/.venv/lib/python3.10/site-packages/airflow/example_dags/tutorial_objectstorage.py
[2024-11-06T18:19:35.109+0700] {processor.py:914} INFO - Processing file /home/fawzan/airflow/.venv/lib/python3.10/site-packages/airflow/example_dags/tutorial_objectstorage.py for tasks to queue
[2024-11-06T18:19:35.111+0700] {logging_mixin.py:190} INFO - [2024-11-06T18:19:35.111+0700] {dagbag.py:588} INFO - Filling up the DagBag from /home/fawzan/airflow/.venv/lib/python3.10/site-packages/airflow/example_dags/tutorial_objectstorage.py
[2024-11-06T18:19:35.121+0700] {processor.py:925} INFO - DAG(s) 'tutorial_objectstorage' retrieved from /home/fawzan/airflow/.venv/lib/python3.10/site-packages/airflow/example_dags/tutorial_objectstorage.py
[2024-11-06T18:19:35.133+0700] {logging_mixin.py:190} INFO - [2024-11-06T18:19:35.133+0700] {dag.py:3239} INFO - Sync 1 DAGs
[2024-11-06T18:19:35.140+0700] {logging_mixin.py:190} INFO - [2024-11-06T18:19:35.140+0700] {dag.py:4180} INFO - Setting next_dagrun for tutorial_objectstorage to None, run_after=None
[2024-11-06T18:19:35.152+0700] {processor.py:208} INFO - Processing /home/fawzan/airflow/.venv/lib/python3.10/site-packages/airflow/example_dags/tutorial_objectstorage.py took 0.050 seconds
[2024-11-06T18:20:30.667+0700] {processor.py:186} INFO - Started process (PID=4256) to work on /home/fawzan/airflow/.venv/lib/python3.10/site-packages/airflow/example_dags/tutorial_objectstorage.py
[2024-11-06T18:20:30.670+0700] {processor.py:914} INFO - Processing file /home/fawzan/airflow/.venv/lib/python3.10/site-packages/airflow/example_dags/tutorial_objectstorage.py for tasks to queue
[2024-11-06T18:20:30.672+0700] {logging_mixin.py:190} INFO - [2024-11-06T18:20:30.672+0700] {dagbag.py:588} INFO - Filling up the DagBag from /home/fawzan/airflow/.venv/lib/python3.10/site-packages/airflow/example_dags/tutorial_objectstorage.py
[2024-11-06T18:20:30.681+0700] {processor.py:925} INFO - DAG(s) 'tutorial_objectstorage' retrieved from /home/fawzan/airflow/.venv/lib/python3.10/site-packages/airflow/example_dags/tutorial_objectstorage.py
[2024-11-06T18:20:30.690+0700] {logging_mixin.py:190} INFO - [2024-11-06T18:20:30.690+0700] {dag.py:3239} INFO - Sync 1 DAGs
[2024-11-06T18:20:30.697+0700] {logging_mixin.py:190} INFO - [2024-11-06T18:20:30.697+0700] {dag.py:4180} INFO - Setting next_dagrun for tutorial_objectstorage to None, run_after=None
[2024-11-06T18:20:30.709+0700] {processor.py:208} INFO - Processing /home/fawzan/airflow/.venv/lib/python3.10/site-packages/airflow/example_dags/tutorial_objectstorage.py took 0.047 seconds
[2024-11-06T18:21:41.214+0700] {processor.py:186} INFO - Started process (PID=4477) to work on /home/fawzan/airflow/.venv/lib/python3.10/site-packages/airflow/example_dags/tutorial_objectstorage.py
[2024-11-06T18:21:41.217+0700] {processor.py:914} INFO - Processing file /home/fawzan/airflow/.venv/lib/python3.10/site-packages/airflow/example_dags/tutorial_objectstorage.py for tasks to queue
[2024-11-06T18:21:41.220+0700] {logging_mixin.py:190} INFO - [2024-11-06T18:21:41.219+0700] {dagbag.py:588} INFO - Filling up the DagBag from /home/fawzan/airflow/.venv/lib/python3.10/site-packages/airflow/example_dags/tutorial_objectstorage.py
[2024-11-06T18:21:41.229+0700] {processor.py:925} INFO - DAG(s) 'tutorial_objectstorage' retrieved from /home/fawzan/airflow/.venv/lib/python3.10/site-packages/airflow/example_dags/tutorial_objectstorage.py
[2024-11-06T18:21:41.238+0700] {logging_mixin.py:190} INFO - [2024-11-06T18:21:41.238+0700] {dag.py:3239} INFO - Sync 1 DAGs
[2024-11-06T18:21:41.245+0700] {logging_mixin.py:190} INFO - [2024-11-06T18:21:41.245+0700] {dag.py:4180} INFO - Setting next_dagrun for tutorial_objectstorage to None, run_after=None
[2024-11-06T18:21:41.257+0700] {processor.py:208} INFO - Processing /home/fawzan/airflow/.venv/lib/python3.10/site-packages/airflow/example_dags/tutorial_objectstorage.py took 0.047 seconds
[2024-11-06T18:22:37.538+0700] {processor.py:186} INFO - Started process (PID=4602) to work on /home/fawzan/airflow/.venv/lib/python3.10/site-packages/airflow/example_dags/tutorial_objectstorage.py
[2024-11-06T18:22:37.541+0700] {processor.py:914} INFO - Processing file /home/fawzan/airflow/.venv/lib/python3.10/site-packages/airflow/example_dags/tutorial_objectstorage.py for tasks to queue
[2024-11-06T18:22:37.544+0700] {logging_mixin.py:190} INFO - [2024-11-06T18:22:37.543+0700] {dagbag.py:588} INFO - Filling up the DagBag from /home/fawzan/airflow/.venv/lib/python3.10/site-packages/airflow/example_dags/tutorial_objectstorage.py
[2024-11-06T18:22:37.552+0700] {processor.py:925} INFO - DAG(s) 'tutorial_objectstorage' retrieved from /home/fawzan/airflow/.venv/lib/python3.10/site-packages/airflow/example_dags/tutorial_objectstorage.py
[2024-11-06T18:22:37.561+0700] {logging_mixin.py:190} INFO - [2024-11-06T18:22:37.561+0700] {dag.py:3239} INFO - Sync 1 DAGs
[2024-11-06T18:22:37.568+0700] {logging_mixin.py:190} INFO - [2024-11-06T18:22:37.568+0700] {dag.py:4180} INFO - Setting next_dagrun for tutorial_objectstorage to None, run_after=None
[2024-11-06T18:22:37.580+0700] {processor.py:208} INFO - Processing /home/fawzan/airflow/.venv/lib/python3.10/site-packages/airflow/example_dags/tutorial_objectstorage.py took 0.047 seconds
[2024-11-06T18:23:32.228+0700] {processor.py:186} INFO - Started process (PID=4700) to work on /home/fawzan/airflow/.venv/lib/python3.10/site-packages/airflow/example_dags/tutorial_objectstorage.py
[2024-11-06T18:23:32.231+0700] {processor.py:914} INFO - Processing file /home/fawzan/airflow/.venv/lib/python3.10/site-packages/airflow/example_dags/tutorial_objectstorage.py for tasks to queue
[2024-11-06T18:23:32.233+0700] {logging_mixin.py:190} INFO - [2024-11-06T18:23:32.233+0700] {dagbag.py:588} INFO - Filling up the DagBag from /home/fawzan/airflow/.venv/lib/python3.10/site-packages/airflow/example_dags/tutorial_objectstorage.py
[2024-11-06T18:23:32.242+0700] {processor.py:925} INFO - DAG(s) 'tutorial_objectstorage' retrieved from /home/fawzan/airflow/.venv/lib/python3.10/site-packages/airflow/example_dags/tutorial_objectstorage.py
[2024-11-06T18:23:32.251+0700] {logging_mixin.py:190} INFO - [2024-11-06T18:23:32.251+0700] {dag.py:3239} INFO - Sync 1 DAGs
[2024-11-06T18:23:32.258+0700] {logging_mixin.py:190} INFO - [2024-11-06T18:23:32.257+0700] {dag.py:4180} INFO - Setting next_dagrun for tutorial_objectstorage to None, run_after=None
[2024-11-06T18:23:32.270+0700] {processor.py:208} INFO - Processing /home/fawzan/airflow/.venv/lib/python3.10/site-packages/airflow/example_dags/tutorial_objectstorage.py took 0.047 seconds
[2024-11-06T18:24:28.356+0700] {processor.py:186} INFO - Started process (PID=4817) to work on /home/fawzan/airflow/.venv/lib/python3.10/site-packages/airflow/example_dags/tutorial_objectstorage.py
[2024-11-06T18:24:28.360+0700] {processor.py:914} INFO - Processing file /home/fawzan/airflow/.venv/lib/python3.10/site-packages/airflow/example_dags/tutorial_objectstorage.py for tasks to queue
[2024-11-06T18:24:28.362+0700] {logging_mixin.py:190} INFO - [2024-11-06T18:24:28.362+0700] {dagbag.py:588} INFO - Filling up the DagBag from /home/fawzan/airflow/.venv/lib/python3.10/site-packages/airflow/example_dags/tutorial_objectstorage.py
[2024-11-06T18:24:28.372+0700] {processor.py:925} INFO - DAG(s) 'tutorial_objectstorage' retrieved from /home/fawzan/airflow/.venv/lib/python3.10/site-packages/airflow/example_dags/tutorial_objectstorage.py
[2024-11-06T18:24:28.382+0700] {logging_mixin.py:190} INFO - [2024-11-06T18:24:28.382+0700] {dag.py:3239} INFO - Sync 1 DAGs
[2024-11-06T18:24:28.389+0700] {logging_mixin.py:190} INFO - [2024-11-06T18:24:28.389+0700] {dag.py:4180} INFO - Setting next_dagrun for tutorial_objectstorage to None, run_after=None
[2024-11-06T18:24:28.402+0700] {processor.py:208} INFO - Processing /home/fawzan/airflow/.venv/lib/python3.10/site-packages/airflow/example_dags/tutorial_objectstorage.py took 0.052 seconds
[2024-11-06T18:32:14.600+0700] {processor.py:186} INFO - Started process (PID=5115) to work on /home/fawzan/airflow/.venv/lib/python3.10/site-packages/airflow/example_dags/tutorial_objectstorage.py
[2024-11-06T18:32:14.603+0700] {processor.py:914} INFO - Processing file /home/fawzan/airflow/.venv/lib/python3.10/site-packages/airflow/example_dags/tutorial_objectstorage.py for tasks to queue
[2024-11-06T18:32:14.605+0700] {logging_mixin.py:190} INFO - [2024-11-06T18:32:14.605+0700] {dagbag.py:588} INFO - Filling up the DagBag from /home/fawzan/airflow/.venv/lib/python3.10/site-packages/airflow/example_dags/tutorial_objectstorage.py
[2024-11-06T18:32:14.613+0700] {processor.py:925} INFO - DAG(s) 'tutorial_objectstorage' retrieved from /home/fawzan/airflow/.venv/lib/python3.10/site-packages/airflow/example_dags/tutorial_objectstorage.py
[2024-11-06T18:32:14.623+0700] {logging_mixin.py:190} INFO - [2024-11-06T18:32:14.623+0700] {dag.py:3239} INFO - Sync 1 DAGs
[2024-11-06T18:32:14.629+0700] {logging_mixin.py:190} INFO - [2024-11-06T18:32:14.629+0700] {dag.py:4180} INFO - Setting next_dagrun for tutorial_objectstorage to None, run_after=None
[2024-11-06T18:32:14.644+0700] {processor.py:208} INFO - Processing /home/fawzan/airflow/.venv/lib/python3.10/site-packages/airflow/example_dags/tutorial_objectstorage.py took 0.050 seconds
[2024-11-06T18:33:12.772+0700] {processor.py:186} INFO - Started process (PID=5243) to work on /home/fawzan/airflow/.venv/lib/python3.10/site-packages/airflow/example_dags/tutorial_objectstorage.py
[2024-11-06T18:33:12.775+0700] {processor.py:914} INFO - Processing file /home/fawzan/airflow/.venv/lib/python3.10/site-packages/airflow/example_dags/tutorial_objectstorage.py for tasks to queue
[2024-11-06T18:33:12.778+0700] {logging_mixin.py:190} INFO - [2024-11-06T18:33:12.777+0700] {dagbag.py:588} INFO - Filling up the DagBag from /home/fawzan/airflow/.venv/lib/python3.10/site-packages/airflow/example_dags/tutorial_objectstorage.py
[2024-11-06T18:33:12.786+0700] {processor.py:925} INFO - DAG(s) 'tutorial_objectstorage' retrieved from /home/fawzan/airflow/.venv/lib/python3.10/site-packages/airflow/example_dags/tutorial_objectstorage.py
[2024-11-06T18:33:12.794+0700] {logging_mixin.py:190} INFO - [2024-11-06T18:33:12.794+0700] {dag.py:3239} INFO - Sync 1 DAGs
[2024-11-06T18:33:12.801+0700] {logging_mixin.py:190} INFO - [2024-11-06T18:33:12.801+0700] {dag.py:4180} INFO - Setting next_dagrun for tutorial_objectstorage to None, run_after=None
[2024-11-06T18:33:12.813+0700] {processor.py:208} INFO - Processing /home/fawzan/airflow/.venv/lib/python3.10/site-packages/airflow/example_dags/tutorial_objectstorage.py took 0.048 seconds
