[2024-11-06T17:07:52.701+0700] {processor.py:186} INFO - Started process (PID=3813) to work on /home/fawzan/airflow/.venv/lib/python3.10/site-packages/airflow/example_dags/tutorial.py
[2024-11-06T17:07:52.702+0700] {processor.py:914} INFO - Processing file /home/fawzan/airflow/.venv/lib/python3.10/site-packages/airflow/example_dags/tutorial.py for tasks to queue
[2024-11-06T17:07:52.703+0700] {logging_mixin.py:190} INFO - [2024-11-06T17:07:52.703+0700] {dagbag.py:588} INFO - Filling up the DagBag from /home/fawzan/airflow/.venv/lib/python3.10/site-packages/airflow/example_dags/tutorial.py
[2024-11-06T17:07:52.707+0700] {processor.py:925} INFO - DAG(s) 'tutorial' retrieved from /home/fawzan/airflow/.venv/lib/python3.10/site-packages/airflow/example_dags/tutorial.py
[2024-11-06T17:07:52.764+0700] {logging_mixin.py:190} INFO - [2024-11-06T17:07:52.763+0700] {override.py:1900} INFO - Created Permission View: can edit on DAG:tutorial
[2024-11-06T17:07:52.771+0700] {logging_mixin.py:190} INFO - [2024-11-06T17:07:52.771+0700] {override.py:1900} INFO - Created Permission View: can delete on DAG:tutorial
[2024-11-06T17:07:52.776+0700] {logging_mixin.py:190} INFO - [2024-11-06T17:07:52.776+0700] {override.py:1900} INFO - Created Permission View: can read on DAG:tutorial
[2024-11-06T17:07:52.786+0700] {logging_mixin.py:190} INFO - [2024-11-06T17:07:52.786+0700] {override.py:1900} INFO - Created Permission View: can delete on DAG Run:tutorial
[2024-11-06T17:07:52.791+0700] {logging_mixin.py:190} INFO - [2024-11-06T17:07:52.791+0700] {override.py:1900} INFO - Created Permission View: can create on DAG Run:tutorial
[2024-11-06T17:07:52.799+0700] {logging_mixin.py:190} INFO - [2024-11-06T17:07:52.798+0700] {override.py:1900} INFO - Created Permission View: menu access on DAG Run:tutorial
[2024-11-06T17:07:52.806+0700] {logging_mixin.py:190} INFO - [2024-11-06T17:07:52.805+0700] {override.py:1900} INFO - Created Permission View: can read on DAG Run:tutorial
[2024-11-06T17:07:52.806+0700] {logging_mixin.py:190} INFO - [2024-11-06T17:07:52.806+0700] {dag.py:3239} INFO - Sync 1 DAGs
[2024-11-06T17:07:52.820+0700] {logging_mixin.py:190} INFO - [2024-11-06T17:07:52.820+0700] {dag.py:3262} INFO - Creating ORM DAG for tutorial
[2024-11-06T17:07:52.829+0700] {logging_mixin.py:190} INFO - [2024-11-06T17:07:52.829+0700] {dag.py:4180} INFO - Setting next_dagrun for tutorial to 2024-11-05 00:00:00+00:00, run_after=2024-11-06 00:00:00+00:00
[2024-11-06T17:07:52.847+0700] {processor.py:208} INFO - Processing /home/fawzan/airflow/.venv/lib/python3.10/site-packages/airflow/example_dags/tutorial.py took 0.149 seconds
[2024-11-06T17:13:23.625+0700] {processor.py:186} INFO - Started process (PID=3995) to work on /home/fawzan/airflow/.venv/lib/python3.10/site-packages/airflow/example_dags/tutorial.py
[2024-11-06T17:13:23.629+0700] {processor.py:914} INFO - Processing file /home/fawzan/airflow/.venv/lib/python3.10/site-packages/airflow/example_dags/tutorial.py for tasks to queue
[2024-11-06T17:13:23.631+0700] {logging_mixin.py:190} INFO - [2024-11-06T17:13:23.630+0700] {dagbag.py:588} INFO - Filling up the DagBag from /home/fawzan/airflow/.venv/lib/python3.10/site-packages/airflow/example_dags/tutorial.py
[2024-11-06T17:13:23.638+0700] {processor.py:925} INFO - DAG(s) 'tutorial' retrieved from /home/fawzan/airflow/.venv/lib/python3.10/site-packages/airflow/example_dags/tutorial.py
[2024-11-06T17:13:23.648+0700] {logging_mixin.py:190} INFO - [2024-11-06T17:13:23.648+0700] {dag.py:3239} INFO - Sync 1 DAGs
[2024-11-06T17:13:23.660+0700] {logging_mixin.py:190} INFO - [2024-11-06T17:13:23.660+0700] {dag.py:4180} INFO - Setting next_dagrun for tutorial to 2024-11-05 00:00:00+00:00, run_after=2024-11-06 00:00:00+00:00
[2024-11-06T17:13:23.672+0700] {processor.py:208} INFO - Processing /home/fawzan/airflow/.venv/lib/python3.10/site-packages/airflow/example_dags/tutorial.py took 0.052 seconds
[2024-11-06T17:14:20.557+0700] {processor.py:186} INFO - Started process (PID=4067) to work on /home/fawzan/airflow/.venv/lib/python3.10/site-packages/airflow/example_dags/tutorial.py
[2024-11-06T17:14:20.559+0700] {processor.py:914} INFO - Processing file /home/fawzan/airflow/.venv/lib/python3.10/site-packages/airflow/example_dags/tutorial.py for tasks to queue
[2024-11-06T17:14:20.560+0700] {logging_mixin.py:190} INFO - [2024-11-06T17:14:20.560+0700] {dagbag.py:588} INFO - Filling up the DagBag from /home/fawzan/airflow/.venv/lib/python3.10/site-packages/airflow/example_dags/tutorial.py
[2024-11-06T17:14:20.564+0700] {processor.py:925} INFO - DAG(s) 'tutorial' retrieved from /home/fawzan/airflow/.venv/lib/python3.10/site-packages/airflow/example_dags/tutorial.py
[2024-11-06T17:14:20.573+0700] {logging_mixin.py:190} INFO - [2024-11-06T17:14:20.573+0700] {dag.py:3239} INFO - Sync 1 DAGs
[2024-11-06T17:14:20.584+0700] {logging_mixin.py:190} INFO - [2024-11-06T17:14:20.584+0700] {dag.py:4180} INFO - Setting next_dagrun for tutorial to 2024-11-05 00:00:00+00:00, run_after=2024-11-06 00:00:00+00:00
[2024-11-06T17:14:20.596+0700] {processor.py:208} INFO - Processing /home/fawzan/airflow/.venv/lib/python3.10/site-packages/airflow/example_dags/tutorial.py took 0.044 seconds
[2024-11-06T17:15:13.190+0700] {processor.py:186} INFO - Started process (PID=4139) to work on /home/fawzan/airflow/.venv/lib/python3.10/site-packages/airflow/example_dags/tutorial.py
[2024-11-06T17:15:13.193+0700] {processor.py:914} INFO - Processing file /home/fawzan/airflow/.venv/lib/python3.10/site-packages/airflow/example_dags/tutorial.py for tasks to queue
[2024-11-06T17:15:13.194+0700] {logging_mixin.py:190} INFO - [2024-11-06T17:15:13.194+0700] {dagbag.py:588} INFO - Filling up the DagBag from /home/fawzan/airflow/.venv/lib/python3.10/site-packages/airflow/example_dags/tutorial.py
[2024-11-06T17:15:13.198+0700] {processor.py:925} INFO - DAG(s) 'tutorial' retrieved from /home/fawzan/airflow/.venv/lib/python3.10/site-packages/airflow/example_dags/tutorial.py
[2024-11-06T17:15:13.207+0700] {logging_mixin.py:190} INFO - [2024-11-06T17:15:13.207+0700] {dag.py:3239} INFO - Sync 1 DAGs
[2024-11-06T17:15:13.218+0700] {logging_mixin.py:190} INFO - [2024-11-06T17:15:13.218+0700] {dag.py:4180} INFO - Setting next_dagrun for tutorial to 2024-11-05 00:00:00+00:00, run_after=2024-11-06 00:00:00+00:00
[2024-11-06T17:15:13.232+0700] {processor.py:208} INFO - Processing /home/fawzan/airflow/.venv/lib/python3.10/site-packages/airflow/example_dags/tutorial.py took 0.046 seconds
[2024-11-06T17:16:06.821+0700] {processor.py:186} INFO - Started process (PID=4203) to work on /home/fawzan/airflow/.venv/lib/python3.10/site-packages/airflow/example_dags/tutorial.py
[2024-11-06T17:16:06.824+0700] {processor.py:914} INFO - Processing file /home/fawzan/airflow/.venv/lib/python3.10/site-packages/airflow/example_dags/tutorial.py for tasks to queue
[2024-11-06T17:16:06.826+0700] {logging_mixin.py:190} INFO - [2024-11-06T17:16:06.826+0700] {dagbag.py:588} INFO - Filling up the DagBag from /home/fawzan/airflow/.venv/lib/python3.10/site-packages/airflow/example_dags/tutorial.py
[2024-11-06T17:16:06.833+0700] {processor.py:925} INFO - DAG(s) 'tutorial' retrieved from /home/fawzan/airflow/.venv/lib/python3.10/site-packages/airflow/example_dags/tutorial.py
[2024-11-06T17:16:06.843+0700] {logging_mixin.py:190} INFO - [2024-11-06T17:16:06.842+0700] {dag.py:3239} INFO - Sync 1 DAGs
[2024-11-06T17:16:06.853+0700] {logging_mixin.py:190} INFO - [2024-11-06T17:16:06.852+0700] {dag.py:4180} INFO - Setting next_dagrun for tutorial to 2024-11-05 00:00:00+00:00, run_after=2024-11-06 00:00:00+00:00
[2024-11-06T17:16:06.864+0700] {processor.py:208} INFO - Processing /home/fawzan/airflow/.venv/lib/python3.10/site-packages/airflow/example_dags/tutorial.py took 0.047 seconds
[2024-11-06T18:13:12.688+0700] {processor.py:186} INFO - Started process (PID=2723) to work on /home/fawzan/airflow/.venv/lib/python3.10/site-packages/airflow/example_dags/tutorial.py
[2024-11-06T18:13:12.691+0700] {processor.py:914} INFO - Processing file /home/fawzan/airflow/.venv/lib/python3.10/site-packages/airflow/example_dags/tutorial.py for tasks to queue
[2024-11-06T18:13:12.694+0700] {logging_mixin.py:190} INFO - [2024-11-06T18:13:12.693+0700] {dagbag.py:588} INFO - Filling up the DagBag from /home/fawzan/airflow/.venv/lib/python3.10/site-packages/airflow/example_dags/tutorial.py
[2024-11-06T18:13:12.701+0700] {processor.py:925} INFO - DAG(s) 'tutorial' retrieved from /home/fawzan/airflow/.venv/lib/python3.10/site-packages/airflow/example_dags/tutorial.py
[2024-11-06T18:13:12.712+0700] {logging_mixin.py:190} INFO - [2024-11-06T18:13:12.712+0700] {dag.py:3239} INFO - Sync 1 DAGs
[2024-11-06T18:13:12.725+0700] {logging_mixin.py:190} INFO - [2024-11-06T18:13:12.725+0700] {dag.py:4180} INFO - Setting next_dagrun for tutorial to 2024-11-05 00:00:00+00:00, run_after=2024-11-06 00:00:00+00:00
[2024-11-06T18:13:12.738+0700] {processor.py:208} INFO - Processing /home/fawzan/airflow/.venv/lib/python3.10/site-packages/airflow/example_dags/tutorial.py took 0.056 seconds
[2024-11-06T18:14:09.455+0700] {processor.py:186} INFO - Started process (PID=3324) to work on /home/fawzan/airflow/.venv/lib/python3.10/site-packages/airflow/example_dags/tutorial.py
[2024-11-06T18:14:09.458+0700] {processor.py:914} INFO - Processing file /home/fawzan/airflow/.venv/lib/python3.10/site-packages/airflow/example_dags/tutorial.py for tasks to queue
[2024-11-06T18:14:09.460+0700] {logging_mixin.py:190} INFO - [2024-11-06T18:14:09.460+0700] {dagbag.py:588} INFO - Filling up the DagBag from /home/fawzan/airflow/.venv/lib/python3.10/site-packages/airflow/example_dags/tutorial.py
[2024-11-06T18:14:09.469+0700] {processor.py:925} INFO - DAG(s) 'tutorial' retrieved from /home/fawzan/airflow/.venv/lib/python3.10/site-packages/airflow/example_dags/tutorial.py
[2024-11-06T18:14:09.481+0700] {logging_mixin.py:190} INFO - [2024-11-06T18:14:09.481+0700] {dag.py:3239} INFO - Sync 1 DAGs
[2024-11-06T18:14:09.492+0700] {logging_mixin.py:190} INFO - [2024-11-06T18:14:09.492+0700] {dag.py:4180} INFO - Setting next_dagrun for tutorial to 2024-11-05 00:00:00+00:00, run_after=2024-11-06 00:00:00+00:00
[2024-11-06T18:14:09.504+0700] {processor.py:208} INFO - Processing /home/fawzan/airflow/.venv/lib/python3.10/site-packages/airflow/example_dags/tutorial.py took 0.054 seconds
[2024-11-06T18:14:59.041+0700] {processor.py:186} INFO - Started process (PID=3469) to work on /home/fawzan/airflow/.venv/lib/python3.10/site-packages/airflow/example_dags/tutorial.py
[2024-11-06T18:14:59.043+0700] {processor.py:914} INFO - Processing file /home/fawzan/airflow/.venv/lib/python3.10/site-packages/airflow/example_dags/tutorial.py for tasks to queue
[2024-11-06T18:14:59.045+0700] {logging_mixin.py:190} INFO - [2024-11-06T18:14:59.045+0700] {dagbag.py:588} INFO - Filling up the DagBag from /home/fawzan/airflow/.venv/lib/python3.10/site-packages/airflow/example_dags/tutorial.py
[2024-11-06T18:14:59.051+0700] {processor.py:925} INFO - DAG(s) 'tutorial' retrieved from /home/fawzan/airflow/.venv/lib/python3.10/site-packages/airflow/example_dags/tutorial.py
[2024-11-06T18:14:59.059+0700] {logging_mixin.py:190} INFO - [2024-11-06T18:14:59.059+0700] {dag.py:3239} INFO - Sync 1 DAGs
[2024-11-06T18:14:59.070+0700] {logging_mixin.py:190} INFO - [2024-11-06T18:14:59.070+0700] {dag.py:4180} INFO - Setting next_dagrun for tutorial to 2024-11-05 00:00:00+00:00, run_after=2024-11-06 00:00:00+00:00
[2024-11-06T18:14:59.085+0700] {processor.py:208} INFO - Processing /home/fawzan/airflow/.venv/lib/python3.10/site-packages/airflow/example_dags/tutorial.py took 0.050 seconds
[2024-11-06T18:15:56.122+0700] {processor.py:186} INFO - Started process (PID=3625) to work on /home/fawzan/airflow/.venv/lib/python3.10/site-packages/airflow/example_dags/tutorial.py
[2024-11-06T18:15:56.123+0700] {processor.py:914} INFO - Processing file /home/fawzan/airflow/.venv/lib/python3.10/site-packages/airflow/example_dags/tutorial.py for tasks to queue
[2024-11-06T18:15:56.124+0700] {logging_mixin.py:190} INFO - [2024-11-06T18:15:56.124+0700] {dagbag.py:588} INFO - Filling up the DagBag from /home/fawzan/airflow/.venv/lib/python3.10/site-packages/airflow/example_dags/tutorial.py
[2024-11-06T18:15:56.130+0700] {processor.py:925} INFO - DAG(s) 'tutorial' retrieved from /home/fawzan/airflow/.venv/lib/python3.10/site-packages/airflow/example_dags/tutorial.py
[2024-11-06T18:15:56.138+0700] {logging_mixin.py:190} INFO - [2024-11-06T18:15:56.138+0700] {dag.py:3239} INFO - Sync 1 DAGs
[2024-11-06T18:15:56.149+0700] {logging_mixin.py:190} INFO - [2024-11-06T18:15:56.149+0700] {dag.py:4180} INFO - Setting next_dagrun for tutorial to 2024-11-05 00:00:00+00:00, run_after=2024-11-06 00:00:00+00:00
[2024-11-06T18:15:56.161+0700] {processor.py:208} INFO - Processing /home/fawzan/airflow/.venv/lib/python3.10/site-packages/airflow/example_dags/tutorial.py took 0.046 seconds
[2024-11-06T18:17:12.387+0700] {processor.py:186} INFO - Started process (PID=3859) to work on /home/fawzan/airflow/.venv/lib/python3.10/site-packages/airflow/example_dags/tutorial.py
[2024-11-06T18:17:12.390+0700] {processor.py:914} INFO - Processing file /home/fawzan/airflow/.venv/lib/python3.10/site-packages/airflow/example_dags/tutorial.py for tasks to queue
[2024-11-06T18:17:12.392+0700] {logging_mixin.py:190} INFO - [2024-11-06T18:17:12.392+0700] {dagbag.py:588} INFO - Filling up the DagBag from /home/fawzan/airflow/.venv/lib/python3.10/site-packages/airflow/example_dags/tutorial.py
[2024-11-06T18:17:12.397+0700] {processor.py:925} INFO - DAG(s) 'tutorial' retrieved from /home/fawzan/airflow/.venv/lib/python3.10/site-packages/airflow/example_dags/tutorial.py
[2024-11-06T18:17:12.405+0700] {logging_mixin.py:190} INFO - [2024-11-06T18:17:12.405+0700] {dag.py:3239} INFO - Sync 1 DAGs
[2024-11-06T18:17:12.416+0700] {logging_mixin.py:190} INFO - [2024-11-06T18:17:12.416+0700] {dag.py:4180} INFO - Setting next_dagrun for tutorial to 2024-11-05 00:00:00+00:00, run_after=2024-11-06 00:00:00+00:00
[2024-11-06T18:17:12.430+0700] {processor.py:208} INFO - Processing /home/fawzan/airflow/.venv/lib/python3.10/site-packages/airflow/example_dags/tutorial.py took 0.049 seconds
[2024-11-06T18:18:03.144+0700] {processor.py:186} INFO - Started process (PID=3978) to work on /home/fawzan/airflow/.venv/lib/python3.10/site-packages/airflow/example_dags/tutorial.py
[2024-11-06T18:18:03.147+0700] {processor.py:914} INFO - Processing file /home/fawzan/airflow/.venv/lib/python3.10/site-packages/airflow/example_dags/tutorial.py for tasks to queue
[2024-11-06T18:18:03.149+0700] {logging_mixin.py:190} INFO - [2024-11-06T18:18:03.149+0700] {dagbag.py:588} INFO - Filling up the DagBag from /home/fawzan/airflow/.venv/lib/python3.10/site-packages/airflow/example_dags/tutorial.py
[2024-11-06T18:18:03.157+0700] {processor.py:925} INFO - DAG(s) 'tutorial' retrieved from /home/fawzan/airflow/.venv/lib/python3.10/site-packages/airflow/example_dags/tutorial.py
[2024-11-06T18:18:03.165+0700] {logging_mixin.py:190} INFO - [2024-11-06T18:18:03.165+0700] {dag.py:3239} INFO - Sync 1 DAGs
[2024-11-06T18:18:03.175+0700] {logging_mixin.py:190} INFO - [2024-11-06T18:18:03.175+0700] {dag.py:4180} INFO - Setting next_dagrun for tutorial to 2024-11-05 00:00:00+00:00, run_after=2024-11-06 00:00:00+00:00
[2024-11-06T18:18:03.187+0700] {processor.py:208} INFO - Processing /home/fawzan/airflow/.venv/lib/python3.10/site-packages/airflow/example_dags/tutorial.py took 0.047 seconds
[2024-11-06T18:18:55.525+0700] {processor.py:186} INFO - Started process (PID=4080) to work on /home/fawzan/airflow/.venv/lib/python3.10/site-packages/airflow/example_dags/tutorial.py
[2024-11-06T18:18:55.528+0700] {processor.py:914} INFO - Processing file /home/fawzan/airflow/.venv/lib/python3.10/site-packages/airflow/example_dags/tutorial.py for tasks to queue
[2024-11-06T18:18:55.531+0700] {logging_mixin.py:190} INFO - [2024-11-06T18:18:55.530+0700] {dagbag.py:588} INFO - Filling up the DagBag from /home/fawzan/airflow/.venv/lib/python3.10/site-packages/airflow/example_dags/tutorial.py
[2024-11-06T18:18:55.538+0700] {processor.py:925} INFO - DAG(s) 'tutorial' retrieved from /home/fawzan/airflow/.venv/lib/python3.10/site-packages/airflow/example_dags/tutorial.py
[2024-11-06T18:18:55.550+0700] {logging_mixin.py:190} INFO - [2024-11-06T18:18:55.550+0700] {dag.py:3239} INFO - Sync 1 DAGs
[2024-11-06T18:18:55.561+0700] {logging_mixin.py:190} INFO - [2024-11-06T18:18:55.561+0700] {dag.py:4180} INFO - Setting next_dagrun for tutorial to 2024-11-05 00:00:00+00:00, run_after=2024-11-06 00:00:00+00:00
[2024-11-06T18:18:55.573+0700] {processor.py:208} INFO - Processing /home/fawzan/airflow/.venv/lib/python3.10/site-packages/airflow/example_dags/tutorial.py took 0.053 seconds
[2024-11-06T18:19:47.899+0700] {processor.py:186} INFO - Started process (PID=4180) to work on /home/fawzan/airflow/.venv/lib/python3.10/site-packages/airflow/example_dags/tutorial.py
[2024-11-06T18:19:47.900+0700] {processor.py:914} INFO - Processing file /home/fawzan/airflow/.venv/lib/python3.10/site-packages/airflow/example_dags/tutorial.py for tasks to queue
[2024-11-06T18:19:47.903+0700] {logging_mixin.py:190} INFO - [2024-11-06T18:19:47.902+0700] {dagbag.py:588} INFO - Filling up the DagBag from /home/fawzan/airflow/.venv/lib/python3.10/site-packages/airflow/example_dags/tutorial.py
[2024-11-06T18:19:47.910+0700] {processor.py:925} INFO - DAG(s) 'tutorial' retrieved from /home/fawzan/airflow/.venv/lib/python3.10/site-packages/airflow/example_dags/tutorial.py
[2024-11-06T18:19:47.921+0700] {logging_mixin.py:190} INFO - [2024-11-06T18:19:47.921+0700] {dag.py:3239} INFO - Sync 1 DAGs
[2024-11-06T18:19:47.932+0700] {logging_mixin.py:190} INFO - [2024-11-06T18:19:47.932+0700] {dag.py:4180} INFO - Setting next_dagrun for tutorial to 2024-11-05 00:00:00+00:00, run_after=2024-11-06 00:00:00+00:00
[2024-11-06T18:19:47.944+0700] {processor.py:208} INFO - Processing /home/fawzan/airflow/.venv/lib/python3.10/site-packages/airflow/example_dags/tutorial.py took 0.050 seconds
[2024-11-06T18:20:44.596+0700] {processor.py:186} INFO - Started process (PID=4283) to work on /home/fawzan/airflow/.venv/lib/python3.10/site-packages/airflow/example_dags/tutorial.py
[2024-11-06T18:20:44.599+0700] {processor.py:914} INFO - Processing file /home/fawzan/airflow/.venv/lib/python3.10/site-packages/airflow/example_dags/tutorial.py for tasks to queue
[2024-11-06T18:20:44.601+0700] {logging_mixin.py:190} INFO - [2024-11-06T18:20:44.601+0700] {dagbag.py:588} INFO - Filling up the DagBag from /home/fawzan/airflow/.venv/lib/python3.10/site-packages/airflow/example_dags/tutorial.py
[2024-11-06T18:20:44.608+0700] {processor.py:925} INFO - DAG(s) 'tutorial' retrieved from /home/fawzan/airflow/.venv/lib/python3.10/site-packages/airflow/example_dags/tutorial.py
[2024-11-06T18:20:44.618+0700] {logging_mixin.py:190} INFO - [2024-11-06T18:20:44.618+0700] {dag.py:3239} INFO - Sync 1 DAGs
[2024-11-06T18:20:44.628+0700] {logging_mixin.py:190} INFO - [2024-11-06T18:20:44.628+0700] {dag.py:4180} INFO - Setting next_dagrun for tutorial to 2024-11-05 00:00:00+00:00, run_after=2024-11-06 00:00:00+00:00
[2024-11-06T18:20:44.645+0700] {processor.py:208} INFO - Processing /home/fawzan/airflow/.venv/lib/python3.10/site-packages/airflow/example_dags/tutorial.py took 0.055 seconds
[2024-11-06T18:21:54.002+0700] {processor.py:186} INFO - Started process (PID=4499) to work on /home/fawzan/airflow/.venv/lib/python3.10/site-packages/airflow/example_dags/tutorial.py
[2024-11-06T18:21:54.005+0700] {processor.py:914} INFO - Processing file /home/fawzan/airflow/.venv/lib/python3.10/site-packages/airflow/example_dags/tutorial.py for tasks to queue
[2024-11-06T18:21:54.008+0700] {logging_mixin.py:190} INFO - [2024-11-06T18:21:54.007+0700] {dagbag.py:588} INFO - Filling up the DagBag from /home/fawzan/airflow/.venv/lib/python3.10/site-packages/airflow/example_dags/tutorial.py
[2024-11-06T18:21:54.015+0700] {processor.py:925} INFO - DAG(s) 'tutorial' retrieved from /home/fawzan/airflow/.venv/lib/python3.10/site-packages/airflow/example_dags/tutorial.py
[2024-11-06T18:21:54.025+0700] {logging_mixin.py:190} INFO - [2024-11-06T18:21:54.025+0700] {dag.py:3239} INFO - Sync 1 DAGs
[2024-11-06T18:21:54.037+0700] {logging_mixin.py:190} INFO - [2024-11-06T18:21:54.037+0700] {dag.py:4180} INFO - Setting next_dagrun for tutorial to 2024-11-05 00:00:00+00:00, run_after=2024-11-06 00:00:00+00:00
[2024-11-06T18:21:54.049+0700] {processor.py:208} INFO - Processing /home/fawzan/airflow/.venv/lib/python3.10/site-packages/airflow/example_dags/tutorial.py took 0.053 seconds
[2024-11-06T18:22:50.307+0700] {processor.py:186} INFO - Started process (PID=4631) to work on /home/fawzan/airflow/.venv/lib/python3.10/site-packages/airflow/example_dags/tutorial.py
[2024-11-06T18:22:50.310+0700] {processor.py:914} INFO - Processing file /home/fawzan/airflow/.venv/lib/python3.10/site-packages/airflow/example_dags/tutorial.py for tasks to queue
[2024-11-06T18:22:50.312+0700] {logging_mixin.py:190} INFO - [2024-11-06T18:22:50.312+0700] {dagbag.py:588} INFO - Filling up the DagBag from /home/fawzan/airflow/.venv/lib/python3.10/site-packages/airflow/example_dags/tutorial.py
[2024-11-06T18:22:50.320+0700] {processor.py:925} INFO - DAG(s) 'tutorial' retrieved from /home/fawzan/airflow/.venv/lib/python3.10/site-packages/airflow/example_dags/tutorial.py
[2024-11-06T18:22:50.331+0700] {logging_mixin.py:190} INFO - [2024-11-06T18:22:50.330+0700] {dag.py:3239} INFO - Sync 1 DAGs
[2024-11-06T18:22:50.341+0700] {logging_mixin.py:190} INFO - [2024-11-06T18:22:50.341+0700] {dag.py:4180} INFO - Setting next_dagrun for tutorial to 2024-11-05 00:00:00+00:00, run_after=2024-11-06 00:00:00+00:00
[2024-11-06T18:22:50.353+0700] {processor.py:208} INFO - Processing /home/fawzan/airflow/.venv/lib/python3.10/site-packages/airflow/example_dags/tutorial.py took 0.051 seconds
[2024-11-06T18:23:45.795+0700] {processor.py:186} INFO - Started process (PID=4724) to work on /home/fawzan/airflow/.venv/lib/python3.10/site-packages/airflow/example_dags/tutorial.py
[2024-11-06T18:23:45.797+0700] {processor.py:914} INFO - Processing file /home/fawzan/airflow/.venv/lib/python3.10/site-packages/airflow/example_dags/tutorial.py for tasks to queue
[2024-11-06T18:23:45.799+0700] {logging_mixin.py:190} INFO - [2024-11-06T18:23:45.798+0700] {dagbag.py:588} INFO - Filling up the DagBag from /home/fawzan/airflow/.venv/lib/python3.10/site-packages/airflow/example_dags/tutorial.py
[2024-11-06T18:23:45.806+0700] {processor.py:925} INFO - DAG(s) 'tutorial' retrieved from /home/fawzan/airflow/.venv/lib/python3.10/site-packages/airflow/example_dags/tutorial.py
[2024-11-06T18:23:45.816+0700] {logging_mixin.py:190} INFO - [2024-11-06T18:23:45.816+0700] {dag.py:3239} INFO - Sync 1 DAGs
[2024-11-06T18:23:45.827+0700] {logging_mixin.py:190} INFO - [2024-11-06T18:23:45.827+0700] {dag.py:4180} INFO - Setting next_dagrun for tutorial to 2024-11-05 00:00:00+00:00, run_after=2024-11-06 00:00:00+00:00
[2024-11-06T18:23:45.839+0700] {processor.py:208} INFO - Processing /home/fawzan/airflow/.venv/lib/python3.10/site-packages/airflow/example_dags/tutorial.py took 0.049 seconds
[2024-11-06T18:32:27.977+0700] {processor.py:186} INFO - Started process (PID=5148) to work on /home/fawzan/airflow/.venv/lib/python3.10/site-packages/airflow/example_dags/tutorial.py
[2024-11-06T18:32:27.980+0700] {processor.py:914} INFO - Processing file /home/fawzan/airflow/.venv/lib/python3.10/site-packages/airflow/example_dags/tutorial.py for tasks to queue
[2024-11-06T18:32:27.983+0700] {logging_mixin.py:190} INFO - [2024-11-06T18:32:27.982+0700] {dagbag.py:588} INFO - Filling up the DagBag from /home/fawzan/airflow/.venv/lib/python3.10/site-packages/airflow/example_dags/tutorial.py
[2024-11-06T18:32:27.991+0700] {processor.py:925} INFO - DAG(s) 'tutorial' retrieved from /home/fawzan/airflow/.venv/lib/python3.10/site-packages/airflow/example_dags/tutorial.py
[2024-11-06T18:32:28.007+0700] {logging_mixin.py:190} INFO - [2024-11-06T18:32:28.007+0700] {dag.py:3239} INFO - Sync 1 DAGs
[2024-11-06T18:32:28.023+0700] {logging_mixin.py:190} INFO - [2024-11-06T18:32:28.023+0700] {dag.py:4180} INFO - Setting next_dagrun for tutorial to 2024-11-05 00:00:00+00:00, run_after=2024-11-06 00:00:00+00:00
[2024-11-06T18:32:28.035+0700] {processor.py:208} INFO - Processing /home/fawzan/airflow/.venv/lib/python3.10/site-packages/airflow/example_dags/tutorial.py took 0.066 seconds
[2024-11-06T18:33:26.833+0700] {processor.py:186} INFO - Started process (PID=5265) to work on /home/fawzan/airflow/.venv/lib/python3.10/site-packages/airflow/example_dags/tutorial.py
[2024-11-06T18:33:26.836+0700] {processor.py:914} INFO - Processing file /home/fawzan/airflow/.venv/lib/python3.10/site-packages/airflow/example_dags/tutorial.py for tasks to queue
[2024-11-06T18:33:26.838+0700] {logging_mixin.py:190} INFO - [2024-11-06T18:33:26.838+0700] {dagbag.py:588} INFO - Filling up the DagBag from /home/fawzan/airflow/.venv/lib/python3.10/site-packages/airflow/example_dags/tutorial.py
[2024-11-06T18:33:26.845+0700] {processor.py:925} INFO - DAG(s) 'tutorial' retrieved from /home/fawzan/airflow/.venv/lib/python3.10/site-packages/airflow/example_dags/tutorial.py
[2024-11-06T18:33:26.854+0700] {logging_mixin.py:190} INFO - [2024-11-06T18:33:26.854+0700] {dag.py:3239} INFO - Sync 1 DAGs
[2024-11-06T18:33:26.865+0700] {logging_mixin.py:190} INFO - [2024-11-06T18:33:26.865+0700] {dag.py:4180} INFO - Setting next_dagrun for tutorial to 2024-11-05 00:00:00+00:00, run_after=2024-11-06 00:00:00+00:00
[2024-11-06T18:33:26.876+0700] {processor.py:208} INFO - Processing /home/fawzan/airflow/.venv/lib/python3.10/site-packages/airflow/example_dags/tutorial.py took 0.048 seconds
