[2024-11-07T12:03:55.929+0700] {local_task_job_runner.py:123} INFO - ::group::Pre task execution logs
[2024-11-07T12:03:55.936+0700] {taskinstance.py:2612} INFO - Dependencies all met for dep_context=non-requeueable deps ti=<TaskInstance: rocket_launch_pipeline.extract_images scheduled__2024-01-03T00:00:00+00:00 [queued]>
[2024-11-07T12:03:55.940+0700] {taskinstance.py:2612} INFO - Dependencies all met for dep_context=requeueable deps ti=<TaskInstance: rocket_launch_pipeline.extract_images scheduled__2024-01-03T00:00:00+00:00 [queued]>
[2024-11-07T12:03:55.940+0700] {taskinstance.py:2865} INFO - Starting attempt 1 of 4
[2024-11-07T12:03:55.951+0700] {taskinstance.py:2888} INFO - Executing <Task(PythonOperator): extract_images> on 2024-01-03 00:00:00+00:00
[2024-11-07T12:03:55.954+0700] {standard_task_runner.py:72} INFO - Started process 33110 to run task
[2024-11-07T12:03:55.956+0700] {standard_task_runner.py:104} INFO - Running: ['airflow', 'tasks', 'run', 'rocket_launch_pipeline', 'extract_images', 'scheduled__2024-01-03T00:00:00+00:00', '--job-id', '75', '--raw', '--subdir', 'DAGS_FOLDER/dag.py', '--cfg-path', '/tmp/tmp9hwli952']
[2024-11-07T12:03:55.957+0700] {standard_task_runner.py:105} INFO - Job 75: Subtask extract_images
[2024-11-07T12:03:55.985+0700] {task_command.py:467} INFO - Running <TaskInstance: rocket_launch_pipeline.extract_images scheduled__2024-01-03T00:00:00+00:00 [running]> on host fawzan-HP-Pavilion-x360-2-in-1-Laptop-14-ek1xxx
[2024-11-07T12:03:56.016+0700] {taskinstance.py:3131} INFO - Exporting env vars: AIRFLOW_CTX_DAG_OWNER='airflow' AIRFLOW_CTX_DAG_ID='rocket_launch_pipeline' AIRFLOW_CTX_TASK_ID='extract_images' AIRFLOW_CTX_EXECUTION_DATE='2024-01-03T00:00:00+00:00' AIRFLOW_CTX_TRY_NUMBER='1' AIRFLOW_CTX_DAG_RUN_ID='scheduled__2024-01-03T00:00:00+00:00'
[2024-11-07T12:03:56.017+0700] {logging_mixin.py:190} INFO - Task instance is in running state
[2024-11-07T12:03:56.017+0700] {logging_mixin.py:190} INFO -  Previous state of the Task instance: queued
[2024-11-07T12:03:56.018+0700] {logging_mixin.py:190} INFO - Current task name:extract_images state:running start_date:2024-11-07 05:03:55.936527+00:00
[2024-11-07T12:03:56.018+0700] {logging_mixin.py:190} INFO - Dag name:rocket_launch_pipeline and current dag run status:running
[2024-11-07T12:03:56.018+0700] {taskinstance.py:731} INFO - ::endgroup::
[2024-11-07T12:04:16.686+0700] {python.py:240} INFO - Done. Returned value was: None
[2024-11-07T12:04:16.693+0700] {taskinstance.py:340} INFO - ::group::Post task execution logs
[2024-11-07T12:04:16.693+0700] {taskinstance.py:352} INFO - Marking task as SUCCESS. dag_id=rocket_launch_pipeline, task_id=extract_images, run_id=scheduled__2024-01-03T00:00:00+00:00, execution_date=20240103T000000, start_date=20241107T050355, end_date=20241107T050416
[2024-11-07T12:04:16.702+0700] {logging_mixin.py:190} INFO - Task instance in success state
[2024-11-07T12:04:16.702+0700] {logging_mixin.py:190} INFO -  Previous state of the Task instance: running
[2024-11-07T12:04:16.702+0700] {logging_mixin.py:190} INFO - Dag name:rocket_launch_pipeline queued_at:2024-11-06 11:15:50.904345+00:00
[2024-11-07T12:04:16.703+0700] {logging_mixin.py:190} INFO - Task hostname:fawzan-HP-Pavilion-x360-2-in-1-Laptop-14-ek1xxx operator:PythonOperator
[2024-11-07T12:04:16.718+0700] {local_task_job_runner.py:266} INFO - Task exited with return code 0
[2024-11-07T12:04:16.732+0700] {taskinstance.py:3900} INFO - 0 downstream tasks scheduled from follow-on schedule check
[2024-11-07T12:04:16.733+0700] {local_task_job_runner.py:245} INFO - ::endgroup::
