[2024-11-06T17:07:57.862+0700] {processor.py:186} INFO - Started process (PID=3827) to work on /home/fawzan/airflow/.venv/lib/python3.10/site-packages/airflow/example_dags/plugins/decreasing_priority_weight_strategy.py
[2024-11-06T17:07:57.862+0700] {processor.py:914} INFO - Processing file /home/fawzan/airflow/.venv/lib/python3.10/site-packages/airflow/example_dags/plugins/decreasing_priority_weight_strategy.py for tasks to queue
[2024-11-06T17:07:57.863+0700] {logging_mixin.py:190} INFO - [2024-11-06T17:07:57.863+0700] {dagbag.py:588} INFO - Filling up the DagBag from /home/fawzan/airflow/.venv/lib/python3.10/site-packages/airflow/example_dags/plugins/decreasing_priority_weight_strategy.py
[2024-11-06T17:07:57.864+0700] {processor.py:927} WARNING - No viable dags retrieved from /home/fawzan/airflow/.venv/lib/python3.10/site-packages/airflow/example_dags/plugins/decreasing_priority_weight_strategy.py
[2024-11-06T17:07:57.869+0700] {processor.py:208} INFO - Processing /home/fawzan/airflow/.venv/lib/python3.10/site-packages/airflow/example_dags/plugins/decreasing_priority_weight_strategy.py took 0.012 seconds
[2024-11-06T17:13:28.627+0700] {processor.py:186} INFO - Started process (PID=4000) to work on /home/fawzan/airflow/.venv/lib/python3.10/site-packages/airflow/example_dags/plugins/decreasing_priority_weight_strategy.py
[2024-11-06T17:13:28.630+0700] {processor.py:914} INFO - Processing file /home/fawzan/airflow/.venv/lib/python3.10/site-packages/airflow/example_dags/plugins/decreasing_priority_weight_strategy.py for tasks to queue
[2024-11-06T17:13:28.632+0700] {logging_mixin.py:190} INFO - [2024-11-06T17:13:28.632+0700] {dagbag.py:588} INFO - Filling up the DagBag from /home/fawzan/airflow/.venv/lib/python3.10/site-packages/airflow/example_dags/plugins/decreasing_priority_weight_strategy.py
[2024-11-06T17:13:28.634+0700] {processor.py:927} WARNING - No viable dags retrieved from /home/fawzan/airflow/.venv/lib/python3.10/site-packages/airflow/example_dags/plugins/decreasing_priority_weight_strategy.py
[2024-11-06T17:13:28.642+0700] {processor.py:208} INFO - Processing /home/fawzan/airflow/.venv/lib/python3.10/site-packages/airflow/example_dags/plugins/decreasing_priority_weight_strategy.py took 0.021 seconds
[2024-11-06T17:14:25.317+0700] {processor.py:186} INFO - Started process (PID=4072) to work on /home/fawzan/airflow/.venv/lib/python3.10/site-packages/airflow/example_dags/plugins/decreasing_priority_weight_strategy.py
[2024-11-06T17:14:25.320+0700] {processor.py:914} INFO - Processing file /home/fawzan/airflow/.venv/lib/python3.10/site-packages/airflow/example_dags/plugins/decreasing_priority_weight_strategy.py for tasks to queue
[2024-11-06T17:14:25.323+0700] {logging_mixin.py:190} INFO - [2024-11-06T17:14:25.322+0700] {dagbag.py:588} INFO - Filling up the DagBag from /home/fawzan/airflow/.venv/lib/python3.10/site-packages/airflow/example_dags/plugins/decreasing_priority_weight_strategy.py
[2024-11-06T17:14:25.325+0700] {processor.py:927} WARNING - No viable dags retrieved from /home/fawzan/airflow/.venv/lib/python3.10/site-packages/airflow/example_dags/plugins/decreasing_priority_weight_strategy.py
[2024-11-06T17:14:25.334+0700] {processor.py:208} INFO - Processing /home/fawzan/airflow/.venv/lib/python3.10/site-packages/airflow/example_dags/plugins/decreasing_priority_weight_strategy.py took 0.022 seconds
[2024-11-06T17:15:18.358+0700] {processor.py:186} INFO - Started process (PID=4144) to work on /home/fawzan/airflow/.venv/lib/python3.10/site-packages/airflow/example_dags/plugins/decreasing_priority_weight_strategy.py
[2024-11-06T17:15:18.361+0700] {processor.py:914} INFO - Processing file /home/fawzan/airflow/.venv/lib/python3.10/site-packages/airflow/example_dags/plugins/decreasing_priority_weight_strategy.py for tasks to queue
[2024-11-06T17:15:18.363+0700] {logging_mixin.py:190} INFO - [2024-11-06T17:15:18.362+0700] {dagbag.py:588} INFO - Filling up the DagBag from /home/fawzan/airflow/.venv/lib/python3.10/site-packages/airflow/example_dags/plugins/decreasing_priority_weight_strategy.py
[2024-11-06T17:15:18.364+0700] {processor.py:927} WARNING - No viable dags retrieved from /home/fawzan/airflow/.venv/lib/python3.10/site-packages/airflow/example_dags/plugins/decreasing_priority_weight_strategy.py
[2024-11-06T17:15:18.370+0700] {processor.py:208} INFO - Processing /home/fawzan/airflow/.venv/lib/python3.10/site-packages/airflow/example_dags/plugins/decreasing_priority_weight_strategy.py took 0.016 seconds
[2024-11-06T17:16:11.069+0700] {processor.py:186} INFO - Started process (PID=4208) to work on /home/fawzan/airflow/.venv/lib/python3.10/site-packages/airflow/example_dags/plugins/decreasing_priority_weight_strategy.py
[2024-11-06T17:16:11.072+0700] {processor.py:914} INFO - Processing file /home/fawzan/airflow/.venv/lib/python3.10/site-packages/airflow/example_dags/plugins/decreasing_priority_weight_strategy.py for tasks to queue
[2024-11-06T17:16:11.075+0700] {logging_mixin.py:190} INFO - [2024-11-06T17:16:11.074+0700] {dagbag.py:588} INFO - Filling up the DagBag from /home/fawzan/airflow/.venv/lib/python3.10/site-packages/airflow/example_dags/plugins/decreasing_priority_weight_strategy.py
[2024-11-06T17:16:11.078+0700] {processor.py:927} WARNING - No viable dags retrieved from /home/fawzan/airflow/.venv/lib/python3.10/site-packages/airflow/example_dags/plugins/decreasing_priority_weight_strategy.py
[2024-11-06T17:16:11.089+0700] {processor.py:208} INFO - Processing /home/fawzan/airflow/.venv/lib/python3.10/site-packages/airflow/example_dags/plugins/decreasing_priority_weight_strategy.py took 0.027 seconds
[2024-11-06T18:13:17.617+0700] {processor.py:186} INFO - Started process (PID=2734) to work on /home/fawzan/airflow/.venv/lib/python3.10/site-packages/airflow/example_dags/plugins/decreasing_priority_weight_strategy.py
[2024-11-06T18:13:17.620+0700] {processor.py:914} INFO - Processing file /home/fawzan/airflow/.venv/lib/python3.10/site-packages/airflow/example_dags/plugins/decreasing_priority_weight_strategy.py for tasks to queue
[2024-11-06T18:13:17.622+0700] {logging_mixin.py:190} INFO - [2024-11-06T18:13:17.622+0700] {dagbag.py:588} INFO - Filling up the DagBag from /home/fawzan/airflow/.venv/lib/python3.10/site-packages/airflow/example_dags/plugins/decreasing_priority_weight_strategy.py
[2024-11-06T18:13:17.625+0700] {processor.py:927} WARNING - No viable dags retrieved from /home/fawzan/airflow/.venv/lib/python3.10/site-packages/airflow/example_dags/plugins/decreasing_priority_weight_strategy.py
[2024-11-06T18:13:17.633+0700] {processor.py:208} INFO - Processing /home/fawzan/airflow/.venv/lib/python3.10/site-packages/airflow/example_dags/plugins/decreasing_priority_weight_strategy.py took 0.023 seconds
[2024-11-06T18:14:13.294+0700] {processor.py:186} INFO - Started process (PID=3331) to work on /home/fawzan/airflow/.venv/lib/python3.10/site-packages/airflow/example_dags/plugins/decreasing_priority_weight_strategy.py
[2024-11-06T18:14:13.297+0700] {processor.py:914} INFO - Processing file /home/fawzan/airflow/.venv/lib/python3.10/site-packages/airflow/example_dags/plugins/decreasing_priority_weight_strategy.py for tasks to queue
[2024-11-06T18:14:13.300+0700] {logging_mixin.py:190} INFO - [2024-11-06T18:14:13.299+0700] {dagbag.py:588} INFO - Filling up the DagBag from /home/fawzan/airflow/.venv/lib/python3.10/site-packages/airflow/example_dags/plugins/decreasing_priority_weight_strategy.py
[2024-11-06T18:14:13.302+0700] {processor.py:927} WARNING - No viable dags retrieved from /home/fawzan/airflow/.venv/lib/python3.10/site-packages/airflow/example_dags/plugins/decreasing_priority_weight_strategy.py
[2024-11-06T18:14:13.311+0700] {processor.py:208} INFO - Processing /home/fawzan/airflow/.venv/lib/python3.10/site-packages/airflow/example_dags/plugins/decreasing_priority_weight_strategy.py took 0.022 seconds
[2024-11-06T18:15:04.608+0700] {processor.py:186} INFO - Started process (PID=3477) to work on /home/fawzan/airflow/.venv/lib/python3.10/site-packages/airflow/example_dags/plugins/decreasing_priority_weight_strategy.py
[2024-11-06T18:15:04.611+0700] {processor.py:914} INFO - Processing file /home/fawzan/airflow/.venv/lib/python3.10/site-packages/airflow/example_dags/plugins/decreasing_priority_weight_strategy.py for tasks to queue
[2024-11-06T18:15:04.614+0700] {logging_mixin.py:190} INFO - [2024-11-06T18:15:04.613+0700] {dagbag.py:588} INFO - Filling up the DagBag from /home/fawzan/airflow/.venv/lib/python3.10/site-packages/airflow/example_dags/plugins/decreasing_priority_weight_strategy.py
[2024-11-06T18:15:04.616+0700] {processor.py:927} WARNING - No viable dags retrieved from /home/fawzan/airflow/.venv/lib/python3.10/site-packages/airflow/example_dags/plugins/decreasing_priority_weight_strategy.py
[2024-11-06T18:15:04.625+0700] {processor.py:208} INFO - Processing /home/fawzan/airflow/.venv/lib/python3.10/site-packages/airflow/example_dags/plugins/decreasing_priority_weight_strategy.py took 0.021 seconds
[2024-11-06T18:16:24.436+0700] {processor.py:186} INFO - Started process (PID=3742) to work on /home/fawzan/airflow/.venv/lib/python3.10/site-packages/airflow/example_dags/plugins/decreasing_priority_weight_strategy.py
[2024-11-06T18:16:24.439+0700] {processor.py:914} INFO - Processing file /home/fawzan/airflow/.venv/lib/python3.10/site-packages/airflow/example_dags/plugins/decreasing_priority_weight_strategy.py for tasks to queue
[2024-11-06T18:16:24.442+0700] {logging_mixin.py:190} INFO - [2024-11-06T18:16:24.442+0700] {dagbag.py:588} INFO - Filling up the DagBag from /home/fawzan/airflow/.venv/lib/python3.10/site-packages/airflow/example_dags/plugins/decreasing_priority_weight_strategy.py
[2024-11-06T18:16:24.444+0700] {processor.py:927} WARNING - No viable dags retrieved from /home/fawzan/airflow/.venv/lib/python3.10/site-packages/airflow/example_dags/plugins/decreasing_priority_weight_strategy.py
[2024-11-06T18:16:24.453+0700] {processor.py:208} INFO - Processing /home/fawzan/airflow/.venv/lib/python3.10/site-packages/airflow/example_dags/plugins/decreasing_priority_weight_strategy.py took 0.022 seconds
[2024-11-06T18:17:16.562+0700] {processor.py:186} INFO - Started process (PID=3884) to work on /home/fawzan/airflow/.venv/lib/python3.10/site-packages/airflow/example_dags/plugins/decreasing_priority_weight_strategy.py
[2024-11-06T18:17:16.565+0700] {processor.py:914} INFO - Processing file /home/fawzan/airflow/.venv/lib/python3.10/site-packages/airflow/example_dags/plugins/decreasing_priority_weight_strategy.py for tasks to queue
[2024-11-06T18:17:16.567+0700] {logging_mixin.py:190} INFO - [2024-11-06T18:17:16.566+0700] {dagbag.py:588} INFO - Filling up the DagBag from /home/fawzan/airflow/.venv/lib/python3.10/site-packages/airflow/example_dags/plugins/decreasing_priority_weight_strategy.py
[2024-11-06T18:17:16.569+0700] {processor.py:927} WARNING - No viable dags retrieved from /home/fawzan/airflow/.venv/lib/python3.10/site-packages/airflow/example_dags/plugins/decreasing_priority_weight_strategy.py
[2024-11-06T18:17:16.578+0700] {processor.py:208} INFO - Processing /home/fawzan/airflow/.venv/lib/python3.10/site-packages/airflow/example_dags/plugins/decreasing_priority_weight_strategy.py took 0.020 seconds
[2024-11-06T18:18:07.813+0700] {processor.py:186} INFO - Started process (PID=3985) to work on /home/fawzan/airflow/.venv/lib/python3.10/site-packages/airflow/example_dags/plugins/decreasing_priority_weight_strategy.py
[2024-11-06T18:18:07.817+0700] {processor.py:914} INFO - Processing file /home/fawzan/airflow/.venv/lib/python3.10/site-packages/airflow/example_dags/plugins/decreasing_priority_weight_strategy.py for tasks to queue
[2024-11-06T18:18:07.819+0700] {logging_mixin.py:190} INFO - [2024-11-06T18:18:07.819+0700] {dagbag.py:588} INFO - Filling up the DagBag from /home/fawzan/airflow/.venv/lib/python3.10/site-packages/airflow/example_dags/plugins/decreasing_priority_weight_strategy.py
[2024-11-06T18:18:07.821+0700] {processor.py:927} WARNING - No viable dags retrieved from /home/fawzan/airflow/.venv/lib/python3.10/site-packages/airflow/example_dags/plugins/decreasing_priority_weight_strategy.py
[2024-11-06T18:18:07.829+0700] {processor.py:208} INFO - Processing /home/fawzan/airflow/.venv/lib/python3.10/site-packages/airflow/example_dags/plugins/decreasing_priority_weight_strategy.py took 0.023 seconds
[2024-11-06T18:18:59.934+0700] {processor.py:186} INFO - Started process (PID=4088) to work on /home/fawzan/airflow/.venv/lib/python3.10/site-packages/airflow/example_dags/plugins/decreasing_priority_weight_strategy.py
[2024-11-06T18:18:59.937+0700] {processor.py:914} INFO - Processing file /home/fawzan/airflow/.venv/lib/python3.10/site-packages/airflow/example_dags/plugins/decreasing_priority_weight_strategy.py for tasks to queue
[2024-11-06T18:18:59.939+0700] {logging_mixin.py:190} INFO - [2024-11-06T18:18:59.939+0700] {dagbag.py:588} INFO - Filling up the DagBag from /home/fawzan/airflow/.venv/lib/python3.10/site-packages/airflow/example_dags/plugins/decreasing_priority_weight_strategy.py
[2024-11-06T18:18:59.941+0700] {processor.py:927} WARNING - No viable dags retrieved from /home/fawzan/airflow/.venv/lib/python3.10/site-packages/airflow/example_dags/plugins/decreasing_priority_weight_strategy.py
[2024-11-06T18:18:59.951+0700] {processor.py:208} INFO - Processing /home/fawzan/airflow/.venv/lib/python3.10/site-packages/airflow/example_dags/plugins/decreasing_priority_weight_strategy.py took 0.022 seconds
[2024-11-06T18:19:53.836+0700] {processor.py:186} INFO - Started process (PID=4189) to work on /home/fawzan/airflow/.venv/lib/python3.10/site-packages/airflow/example_dags/plugins/decreasing_priority_weight_strategy.py
[2024-11-06T18:19:53.840+0700] {processor.py:914} INFO - Processing file /home/fawzan/airflow/.venv/lib/python3.10/site-packages/airflow/example_dags/plugins/decreasing_priority_weight_strategy.py for tasks to queue
[2024-11-06T18:19:53.842+0700] {logging_mixin.py:190} INFO - [2024-11-06T18:19:53.841+0700] {dagbag.py:588} INFO - Filling up the DagBag from /home/fawzan/airflow/.venv/lib/python3.10/site-packages/airflow/example_dags/plugins/decreasing_priority_weight_strategy.py
[2024-11-06T18:19:53.844+0700] {processor.py:927} WARNING - No viable dags retrieved from /home/fawzan/airflow/.venv/lib/python3.10/site-packages/airflow/example_dags/plugins/decreasing_priority_weight_strategy.py
[2024-11-06T18:19:53.853+0700] {processor.py:208} INFO - Processing /home/fawzan/airflow/.venv/lib/python3.10/site-packages/airflow/example_dags/plugins/decreasing_priority_weight_strategy.py took 0.022 seconds
[2024-11-06T18:20:49.318+0700] {processor.py:186} INFO - Started process (PID=4300) to work on /home/fawzan/airflow/.venv/lib/python3.10/site-packages/airflow/example_dags/plugins/decreasing_priority_weight_strategy.py
[2024-11-06T18:20:49.321+0700] {processor.py:914} INFO - Processing file /home/fawzan/airflow/.venv/lib/python3.10/site-packages/airflow/example_dags/plugins/decreasing_priority_weight_strategy.py for tasks to queue
[2024-11-06T18:20:49.324+0700] {logging_mixin.py:190} INFO - [2024-11-06T18:20:49.323+0700] {dagbag.py:588} INFO - Filling up the DagBag from /home/fawzan/airflow/.venv/lib/python3.10/site-packages/airflow/example_dags/plugins/decreasing_priority_weight_strategy.py
[2024-11-06T18:20:49.326+0700] {processor.py:927} WARNING - No viable dags retrieved from /home/fawzan/airflow/.venv/lib/python3.10/site-packages/airflow/example_dags/plugins/decreasing_priority_weight_strategy.py
[2024-11-06T18:20:49.334+0700] {processor.py:208} INFO - Processing /home/fawzan/airflow/.venv/lib/python3.10/site-packages/airflow/example_dags/plugins/decreasing_priority_weight_strategy.py took 0.020 seconds
[2024-11-06T18:21:59.179+0700] {processor.py:186} INFO - Started process (PID=4508) to work on /home/fawzan/airflow/.venv/lib/python3.10/site-packages/airflow/example_dags/plugins/decreasing_priority_weight_strategy.py
[2024-11-06T18:21:59.182+0700] {processor.py:914} INFO - Processing file /home/fawzan/airflow/.venv/lib/python3.10/site-packages/airflow/example_dags/plugins/decreasing_priority_weight_strategy.py for tasks to queue
[2024-11-06T18:21:59.184+0700] {logging_mixin.py:190} INFO - [2024-11-06T18:21:59.184+0700] {dagbag.py:588} INFO - Filling up the DagBag from /home/fawzan/airflow/.venv/lib/python3.10/site-packages/airflow/example_dags/plugins/decreasing_priority_weight_strategy.py
[2024-11-06T18:21:59.186+0700] {processor.py:927} WARNING - No viable dags retrieved from /home/fawzan/airflow/.venv/lib/python3.10/site-packages/airflow/example_dags/plugins/decreasing_priority_weight_strategy.py
[2024-11-06T18:21:59.196+0700] {processor.py:208} INFO - Processing /home/fawzan/airflow/.venv/lib/python3.10/site-packages/airflow/example_dags/plugins/decreasing_priority_weight_strategy.py took 0.023 seconds
[2024-11-06T18:22:56.268+0700] {processor.py:186} INFO - Started process (PID=4638) to work on /home/fawzan/airflow/.venv/lib/python3.10/site-packages/airflow/example_dags/plugins/decreasing_priority_weight_strategy.py
[2024-11-06T18:22:56.271+0700] {processor.py:914} INFO - Processing file /home/fawzan/airflow/.venv/lib/python3.10/site-packages/airflow/example_dags/plugins/decreasing_priority_weight_strategy.py for tasks to queue
[2024-11-06T18:22:56.273+0700] {logging_mixin.py:190} INFO - [2024-11-06T18:22:56.273+0700] {dagbag.py:588} INFO - Filling up the DagBag from /home/fawzan/airflow/.venv/lib/python3.10/site-packages/airflow/example_dags/plugins/decreasing_priority_weight_strategy.py
[2024-11-06T18:22:56.275+0700] {processor.py:927} WARNING - No viable dags retrieved from /home/fawzan/airflow/.venv/lib/python3.10/site-packages/airflow/example_dags/plugins/decreasing_priority_weight_strategy.py
[2024-11-06T18:22:56.285+0700] {processor.py:208} INFO - Processing /home/fawzan/airflow/.venv/lib/python3.10/site-packages/airflow/example_dags/plugins/decreasing_priority_weight_strategy.py took 0.022 seconds
[2024-11-06T18:23:50.996+0700] {processor.py:186} INFO - Started process (PID=4730) to work on /home/fawzan/airflow/.venv/lib/python3.10/site-packages/airflow/example_dags/plugins/decreasing_priority_weight_strategy.py
[2024-11-06T18:23:51.000+0700] {processor.py:914} INFO - Processing file /home/fawzan/airflow/.venv/lib/python3.10/site-packages/airflow/example_dags/plugins/decreasing_priority_weight_strategy.py for tasks to queue
[2024-11-06T18:23:51.002+0700] {logging_mixin.py:190} INFO - [2024-11-06T18:23:51.001+0700] {dagbag.py:588} INFO - Filling up the DagBag from /home/fawzan/airflow/.venv/lib/python3.10/site-packages/airflow/example_dags/plugins/decreasing_priority_weight_strategy.py
[2024-11-06T18:23:51.004+0700] {processor.py:927} WARNING - No viable dags retrieved from /home/fawzan/airflow/.venv/lib/python3.10/site-packages/airflow/example_dags/plugins/decreasing_priority_weight_strategy.py
[2024-11-06T18:23:51.013+0700] {processor.py:208} INFO - Processing /home/fawzan/airflow/.venv/lib/python3.10/site-packages/airflow/example_dags/plugins/decreasing_priority_weight_strategy.py took 0.022 seconds
[2024-11-06T18:32:33.137+0700] {processor.py:186} INFO - Started process (PID=5156) to work on /home/fawzan/airflow/.venv/lib/python3.10/site-packages/airflow/example_dags/plugins/decreasing_priority_weight_strategy.py
[2024-11-06T18:32:33.140+0700] {processor.py:914} INFO - Processing file /home/fawzan/airflow/.venv/lib/python3.10/site-packages/airflow/example_dags/plugins/decreasing_priority_weight_strategy.py for tasks to queue
[2024-11-06T18:32:33.143+0700] {logging_mixin.py:190} INFO - [2024-11-06T18:32:33.142+0700] {dagbag.py:588} INFO - Filling up the DagBag from /home/fawzan/airflow/.venv/lib/python3.10/site-packages/airflow/example_dags/plugins/decreasing_priority_weight_strategy.py
[2024-11-06T18:32:33.145+0700] {processor.py:927} WARNING - No viable dags retrieved from /home/fawzan/airflow/.venv/lib/python3.10/site-packages/airflow/example_dags/plugins/decreasing_priority_weight_strategy.py
[2024-11-06T18:32:33.152+0700] {processor.py:208} INFO - Processing /home/fawzan/airflow/.venv/lib/python3.10/site-packages/airflow/example_dags/plugins/decreasing_priority_weight_strategy.py took 0.022 seconds
[2024-11-06T18:33:31.988+0700] {processor.py:186} INFO - Started process (PID=5273) to work on /home/fawzan/airflow/.venv/lib/python3.10/site-packages/airflow/example_dags/plugins/decreasing_priority_weight_strategy.py
[2024-11-06T18:33:31.991+0700] {processor.py:914} INFO - Processing file /home/fawzan/airflow/.venv/lib/python3.10/site-packages/airflow/example_dags/plugins/decreasing_priority_weight_strategy.py for tasks to queue
[2024-11-06T18:33:31.993+0700] {logging_mixin.py:190} INFO - [2024-11-06T18:33:31.992+0700] {dagbag.py:588} INFO - Filling up the DagBag from /home/fawzan/airflow/.venv/lib/python3.10/site-packages/airflow/example_dags/plugins/decreasing_priority_weight_strategy.py
[2024-11-06T18:33:31.995+0700] {processor.py:927} WARNING - No viable dags retrieved from /home/fawzan/airflow/.venv/lib/python3.10/site-packages/airflow/example_dags/plugins/decreasing_priority_weight_strategy.py
[2024-11-06T18:33:32.004+0700] {processor.py:208} INFO - Processing /home/fawzan/airflow/.venv/lib/python3.10/site-packages/airflow/example_dags/plugins/decreasing_priority_weight_strategy.py took 0.021 seconds
