[2024-11-06T17:07:55.086+0700] {processor.py:186} INFO - Started process (PID=3824) to work on /home/fawzan/airflow/.venv/lib/python3.10/site-packages/airflow/example_dags/plugins/event_listener.py
[2024-11-06T17:07:55.087+0700] {processor.py:914} INFO - Processing file /home/fawzan/airflow/.venv/lib/python3.10/site-packages/airflow/example_dags/plugins/event_listener.py for tasks to queue
[2024-11-06T17:07:55.088+0700] {logging_mixin.py:190} INFO - [2024-11-06T17:07:55.088+0700] {dagbag.py:588} INFO - Filling up the DagBag from /home/fawzan/airflow/.venv/lib/python3.10/site-packages/airflow/example_dags/plugins/event_listener.py
[2024-11-06T17:07:55.089+0700] {processor.py:927} WARNING - No viable dags retrieved from /home/fawzan/airflow/.venv/lib/python3.10/site-packages/airflow/example_dags/plugins/event_listener.py
[2024-11-06T17:07:55.094+0700] {processor.py:208} INFO - Processing /home/fawzan/airflow/.venv/lib/python3.10/site-packages/airflow/example_dags/plugins/event_listener.py took 0.012 seconds
[2024-11-06T17:13:25.916+0700] {processor.py:186} INFO - Started process (PID=3997) to work on /home/fawzan/airflow/.venv/lib/python3.10/site-packages/airflow/example_dags/plugins/event_listener.py
[2024-11-06T17:13:25.919+0700] {processor.py:914} INFO - Processing file /home/fawzan/airflow/.venv/lib/python3.10/site-packages/airflow/example_dags/plugins/event_listener.py for tasks to queue
[2024-11-06T17:13:25.921+0700] {logging_mixin.py:190} INFO - [2024-11-06T17:13:25.921+0700] {dagbag.py:588} INFO - Filling up the DagBag from /home/fawzan/airflow/.venv/lib/python3.10/site-packages/airflow/example_dags/plugins/event_listener.py
[2024-11-06T17:13:25.923+0700] {processor.py:927} WARNING - No viable dags retrieved from /home/fawzan/airflow/.venv/lib/python3.10/site-packages/airflow/example_dags/plugins/event_listener.py
[2024-11-06T17:13:25.931+0700] {processor.py:208} INFO - Processing /home/fawzan/airflow/.venv/lib/python3.10/site-packages/airflow/example_dags/plugins/event_listener.py took 0.020 seconds
[2024-11-06T17:14:22.871+0700] {processor.py:186} INFO - Started process (PID=4069) to work on /home/fawzan/airflow/.venv/lib/python3.10/site-packages/airflow/example_dags/plugins/event_listener.py
[2024-11-06T17:14:22.874+0700] {processor.py:914} INFO - Processing file /home/fawzan/airflow/.venv/lib/python3.10/site-packages/airflow/example_dags/plugins/event_listener.py for tasks to queue
[2024-11-06T17:14:22.876+0700] {logging_mixin.py:190} INFO - [2024-11-06T17:14:22.875+0700] {dagbag.py:588} INFO - Filling up the DagBag from /home/fawzan/airflow/.venv/lib/python3.10/site-packages/airflow/example_dags/plugins/event_listener.py
[2024-11-06T17:14:22.878+0700] {processor.py:927} WARNING - No viable dags retrieved from /home/fawzan/airflow/.venv/lib/python3.10/site-packages/airflow/example_dags/plugins/event_listener.py
[2024-11-06T17:14:22.887+0700] {processor.py:208} INFO - Processing /home/fawzan/airflow/.venv/lib/python3.10/site-packages/airflow/example_dags/plugins/event_listener.py took 0.021 seconds
[2024-11-06T17:15:15.490+0700] {processor.py:186} INFO - Started process (PID=4141) to work on /home/fawzan/airflow/.venv/lib/python3.10/site-packages/airflow/example_dags/plugins/event_listener.py
[2024-11-06T17:15:15.493+0700] {processor.py:914} INFO - Processing file /home/fawzan/airflow/.venv/lib/python3.10/site-packages/airflow/example_dags/plugins/event_listener.py for tasks to queue
[2024-11-06T17:15:15.495+0700] {logging_mixin.py:190} INFO - [2024-11-06T17:15:15.495+0700] {dagbag.py:588} INFO - Filling up the DagBag from /home/fawzan/airflow/.venv/lib/python3.10/site-packages/airflow/example_dags/plugins/event_listener.py
[2024-11-06T17:15:15.497+0700] {processor.py:927} WARNING - No viable dags retrieved from /home/fawzan/airflow/.venv/lib/python3.10/site-packages/airflow/example_dags/plugins/event_listener.py
[2024-11-06T17:15:15.506+0700] {processor.py:208} INFO - Processing /home/fawzan/airflow/.venv/lib/python3.10/site-packages/airflow/example_dags/plugins/event_listener.py took 0.022 seconds
[2024-11-06T17:16:08.529+0700] {processor.py:186} INFO - Started process (PID=4205) to work on /home/fawzan/airflow/.venv/lib/python3.10/site-packages/airflow/example_dags/plugins/event_listener.py
[2024-11-06T17:16:08.529+0700] {processor.py:914} INFO - Processing file /home/fawzan/airflow/.venv/lib/python3.10/site-packages/airflow/example_dags/plugins/event_listener.py for tasks to queue
[2024-11-06T17:16:08.531+0700] {logging_mixin.py:190} INFO - [2024-11-06T17:16:08.531+0700] {dagbag.py:588} INFO - Filling up the DagBag from /home/fawzan/airflow/.venv/lib/python3.10/site-packages/airflow/example_dags/plugins/event_listener.py
[2024-11-06T17:16:08.533+0700] {processor.py:927} WARNING - No viable dags retrieved from /home/fawzan/airflow/.venv/lib/python3.10/site-packages/airflow/example_dags/plugins/event_listener.py
[2024-11-06T17:16:08.540+0700] {processor.py:208} INFO - Processing /home/fawzan/airflow/.venv/lib/python3.10/site-packages/airflow/example_dags/plugins/event_listener.py took 0.018 seconds
[2024-11-06T18:13:14.176+0700] {processor.py:186} INFO - Started process (PID=2726) to work on /home/fawzan/airflow/.venv/lib/python3.10/site-packages/airflow/example_dags/plugins/event_listener.py
[2024-11-06T18:13:14.177+0700] {processor.py:914} INFO - Processing file /home/fawzan/airflow/.venv/lib/python3.10/site-packages/airflow/example_dags/plugins/event_listener.py for tasks to queue
[2024-11-06T18:13:14.179+0700] {logging_mixin.py:190} INFO - [2024-11-06T18:13:14.178+0700] {dagbag.py:588} INFO - Filling up the DagBag from /home/fawzan/airflow/.venv/lib/python3.10/site-packages/airflow/example_dags/plugins/event_listener.py
[2024-11-06T18:13:14.181+0700] {processor.py:927} WARNING - No viable dags retrieved from /home/fawzan/airflow/.venv/lib/python3.10/site-packages/airflow/example_dags/plugins/event_listener.py
[2024-11-06T18:13:14.189+0700] {processor.py:208} INFO - Processing /home/fawzan/airflow/.venv/lib/python3.10/site-packages/airflow/example_dags/plugins/event_listener.py took 0.020 seconds
[2024-11-06T18:14:10.776+0700] {processor.py:186} INFO - Started process (PID=3328) to work on /home/fawzan/airflow/.venv/lib/python3.10/site-packages/airflow/example_dags/plugins/event_listener.py
[2024-11-06T18:14:10.776+0700] {processor.py:914} INFO - Processing file /home/fawzan/airflow/.venv/lib/python3.10/site-packages/airflow/example_dags/plugins/event_listener.py for tasks to queue
[2024-11-06T18:14:10.778+0700] {logging_mixin.py:190} INFO - [2024-11-06T18:14:10.778+0700] {dagbag.py:588} INFO - Filling up the DagBag from /home/fawzan/airflow/.venv/lib/python3.10/site-packages/airflow/example_dags/plugins/event_listener.py
[2024-11-06T18:14:10.780+0700] {processor.py:927} WARNING - No viable dags retrieved from /home/fawzan/airflow/.venv/lib/python3.10/site-packages/airflow/example_dags/plugins/event_listener.py
[2024-11-06T18:14:10.788+0700] {processor.py:208} INFO - Processing /home/fawzan/airflow/.venv/lib/python3.10/site-packages/airflow/example_dags/plugins/event_listener.py took 0.018 seconds
[2024-11-06T18:15:01.170+0700] {processor.py:186} INFO - Started process (PID=3474) to work on /home/fawzan/airflow/.venv/lib/python3.10/site-packages/airflow/example_dags/plugins/event_listener.py
[2024-11-06T18:15:01.173+0700] {processor.py:914} INFO - Processing file /home/fawzan/airflow/.venv/lib/python3.10/site-packages/airflow/example_dags/plugins/event_listener.py for tasks to queue
[2024-11-06T18:15:01.176+0700] {logging_mixin.py:190} INFO - [2024-11-06T18:15:01.175+0700] {dagbag.py:588} INFO - Filling up the DagBag from /home/fawzan/airflow/.venv/lib/python3.10/site-packages/airflow/example_dags/plugins/event_listener.py
[2024-11-06T18:15:01.178+0700] {processor.py:927} WARNING - No viable dags retrieved from /home/fawzan/airflow/.venv/lib/python3.10/site-packages/airflow/example_dags/plugins/event_listener.py
[2024-11-06T18:15:01.187+0700] {processor.py:208} INFO - Processing /home/fawzan/airflow/.venv/lib/python3.10/site-packages/airflow/example_dags/plugins/event_listener.py took 0.022 seconds
[2024-11-06T18:15:59.630+0700] {processor.py:186} INFO - Started process (PID=3645) to work on /home/fawzan/airflow/.venv/lib/python3.10/site-packages/airflow/example_dags/plugins/event_listener.py
[2024-11-06T18:15:59.634+0700] {processor.py:914} INFO - Processing file /home/fawzan/airflow/.venv/lib/python3.10/site-packages/airflow/example_dags/plugins/event_listener.py for tasks to queue
[2024-11-06T18:15:59.636+0700] {logging_mixin.py:190} INFO - [2024-11-06T18:15:59.635+0700] {dagbag.py:588} INFO - Filling up the DagBag from /home/fawzan/airflow/.venv/lib/python3.10/site-packages/airflow/example_dags/plugins/event_listener.py
[2024-11-06T18:15:59.637+0700] {processor.py:927} WARNING - No viable dags retrieved from /home/fawzan/airflow/.venv/lib/python3.10/site-packages/airflow/example_dags/plugins/event_listener.py
[2024-11-06T18:15:59.644+0700] {processor.py:208} INFO - Processing /home/fawzan/airflow/.venv/lib/python3.10/site-packages/airflow/example_dags/plugins/event_listener.py took 0.019 seconds
[2024-11-06T18:17:13.947+0700] {processor.py:186} INFO - Started process (PID=3861) to work on /home/fawzan/airflow/.venv/lib/python3.10/site-packages/airflow/example_dags/plugins/event_listener.py
[2024-11-06T18:17:13.950+0700] {processor.py:914} INFO - Processing file /home/fawzan/airflow/.venv/lib/python3.10/site-packages/airflow/example_dags/plugins/event_listener.py for tasks to queue
[2024-11-06T18:17:13.952+0700] {logging_mixin.py:190} INFO - [2024-11-06T18:17:13.952+0700] {dagbag.py:588} INFO - Filling up the DagBag from /home/fawzan/airflow/.venv/lib/python3.10/site-packages/airflow/example_dags/plugins/event_listener.py
[2024-11-06T18:17:13.954+0700] {processor.py:927} WARNING - No viable dags retrieved from /home/fawzan/airflow/.venv/lib/python3.10/site-packages/airflow/example_dags/plugins/event_listener.py
[2024-11-06T18:17:13.964+0700] {processor.py:208} INFO - Processing /home/fawzan/airflow/.venv/lib/python3.10/site-packages/airflow/example_dags/plugins/event_listener.py took 0.023 seconds
[2024-11-06T18:18:04.596+0700] {processor.py:186} INFO - Started process (PID=3982) to work on /home/fawzan/airflow/.venv/lib/python3.10/site-packages/airflow/example_dags/plugins/event_listener.py
[2024-11-06T18:18:04.599+0700] {processor.py:914} INFO - Processing file /home/fawzan/airflow/.venv/lib/python3.10/site-packages/airflow/example_dags/plugins/event_listener.py for tasks to queue
[2024-11-06T18:18:04.601+0700] {logging_mixin.py:190} INFO - [2024-11-06T18:18:04.601+0700] {dagbag.py:588} INFO - Filling up the DagBag from /home/fawzan/airflow/.venv/lib/python3.10/site-packages/airflow/example_dags/plugins/event_listener.py
[2024-11-06T18:18:04.604+0700] {processor.py:927} WARNING - No viable dags retrieved from /home/fawzan/airflow/.venv/lib/python3.10/site-packages/airflow/example_dags/plugins/event_listener.py
[2024-11-06T18:18:04.612+0700] {processor.py:208} INFO - Processing /home/fawzan/airflow/.venv/lib/python3.10/site-packages/airflow/example_dags/plugins/event_listener.py took 0.021 seconds
[2024-11-06T18:18:57.336+0700] {processor.py:186} INFO - Started process (PID=4083) to work on /home/fawzan/airflow/.venv/lib/python3.10/site-packages/airflow/example_dags/plugins/event_listener.py
[2024-11-06T18:18:57.339+0700] {processor.py:914} INFO - Processing file /home/fawzan/airflow/.venv/lib/python3.10/site-packages/airflow/example_dags/plugins/event_listener.py for tasks to queue
[2024-11-06T18:18:57.341+0700] {logging_mixin.py:190} INFO - [2024-11-06T18:18:57.341+0700] {dagbag.py:588} INFO - Filling up the DagBag from /home/fawzan/airflow/.venv/lib/python3.10/site-packages/airflow/example_dags/plugins/event_listener.py
[2024-11-06T18:18:57.344+0700] {processor.py:927} WARNING - No viable dags retrieved from /home/fawzan/airflow/.venv/lib/python3.10/site-packages/airflow/example_dags/plugins/event_listener.py
[2024-11-06T18:18:57.353+0700] {processor.py:208} INFO - Processing /home/fawzan/airflow/.venv/lib/python3.10/site-packages/airflow/example_dags/plugins/event_listener.py took 0.022 seconds
[2024-11-06T18:19:50.271+0700] {processor.py:186} INFO - Started process (PID=4183) to work on /home/fawzan/airflow/.venv/lib/python3.10/site-packages/airflow/example_dags/plugins/event_listener.py
[2024-11-06T18:19:50.272+0700] {processor.py:914} INFO - Processing file /home/fawzan/airflow/.venv/lib/python3.10/site-packages/airflow/example_dags/plugins/event_listener.py for tasks to queue
[2024-11-06T18:19:50.274+0700] {logging_mixin.py:190} INFO - [2024-11-06T18:19:50.273+0700] {dagbag.py:588} INFO - Filling up the DagBag from /home/fawzan/airflow/.venv/lib/python3.10/site-packages/airflow/example_dags/plugins/event_listener.py
[2024-11-06T18:19:50.276+0700] {processor.py:927} WARNING - No viable dags retrieved from /home/fawzan/airflow/.venv/lib/python3.10/site-packages/airflow/example_dags/plugins/event_listener.py
[2024-11-06T18:19:50.285+0700] {processor.py:208} INFO - Processing /home/fawzan/airflow/.venv/lib/python3.10/site-packages/airflow/example_dags/plugins/event_listener.py took 0.019 seconds
[2024-11-06T18:20:46.206+0700] {processor.py:186} INFO - Started process (PID=4286) to work on /home/fawzan/airflow/.venv/lib/python3.10/site-packages/airflow/example_dags/plugins/event_listener.py
[2024-11-06T18:20:46.210+0700] {processor.py:914} INFO - Processing file /home/fawzan/airflow/.venv/lib/python3.10/site-packages/airflow/example_dags/plugins/event_listener.py for tasks to queue
[2024-11-06T18:20:46.212+0700] {logging_mixin.py:190} INFO - [2024-11-06T18:20:46.211+0700] {dagbag.py:588} INFO - Filling up the DagBag from /home/fawzan/airflow/.venv/lib/python3.10/site-packages/airflow/example_dags/plugins/event_listener.py
[2024-11-06T18:20:46.214+0700] {processor.py:927} WARNING - No viable dags retrieved from /home/fawzan/airflow/.venv/lib/python3.10/site-packages/airflow/example_dags/plugins/event_listener.py
[2024-11-06T18:20:46.222+0700] {processor.py:208} INFO - Processing /home/fawzan/airflow/.venv/lib/python3.10/site-packages/airflow/example_dags/plugins/event_listener.py took 0.022 seconds
[2024-11-06T18:21:56.384+0700] {processor.py:186} INFO - Started process (PID=4503) to work on /home/fawzan/airflow/.venv/lib/python3.10/site-packages/airflow/example_dags/plugins/event_listener.py
[2024-11-06T18:21:56.387+0700] {processor.py:914} INFO - Processing file /home/fawzan/airflow/.venv/lib/python3.10/site-packages/airflow/example_dags/plugins/event_listener.py for tasks to queue
[2024-11-06T18:21:56.389+0700] {logging_mixin.py:190} INFO - [2024-11-06T18:21:56.389+0700] {dagbag.py:588} INFO - Filling up the DagBag from /home/fawzan/airflow/.venv/lib/python3.10/site-packages/airflow/example_dags/plugins/event_listener.py
[2024-11-06T18:21:56.391+0700] {processor.py:927} WARNING - No viable dags retrieved from /home/fawzan/airflow/.venv/lib/python3.10/site-packages/airflow/example_dags/plugins/event_listener.py
[2024-11-06T18:21:56.401+0700] {processor.py:208} INFO - Processing /home/fawzan/airflow/.venv/lib/python3.10/site-packages/airflow/example_dags/plugins/event_listener.py took 0.022 seconds
[2024-11-06T18:22:52.689+0700] {processor.py:186} INFO - Started process (PID=4633) to work on /home/fawzan/airflow/.venv/lib/python3.10/site-packages/airflow/example_dags/plugins/event_listener.py
[2024-11-06T18:22:52.692+0700] {processor.py:914} INFO - Processing file /home/fawzan/airflow/.venv/lib/python3.10/site-packages/airflow/example_dags/plugins/event_listener.py for tasks to queue
[2024-11-06T18:22:52.694+0700] {logging_mixin.py:190} INFO - [2024-11-06T18:22:52.694+0700] {dagbag.py:588} INFO - Filling up the DagBag from /home/fawzan/airflow/.venv/lib/python3.10/site-packages/airflow/example_dags/plugins/event_listener.py
[2024-11-06T18:22:52.697+0700] {processor.py:927} WARNING - No viable dags retrieved from /home/fawzan/airflow/.venv/lib/python3.10/site-packages/airflow/example_dags/plugins/event_listener.py
[2024-11-06T18:22:52.706+0700] {processor.py:208} INFO - Processing /home/fawzan/airflow/.venv/lib/python3.10/site-packages/airflow/example_dags/plugins/event_listener.py took 0.023 seconds
[2024-11-06T18:23:48.183+0700] {processor.py:186} INFO - Started process (PID=4727) to work on /home/fawzan/airflow/.venv/lib/python3.10/site-packages/airflow/example_dags/plugins/event_listener.py
[2024-11-06T18:23:48.186+0700] {processor.py:914} INFO - Processing file /home/fawzan/airflow/.venv/lib/python3.10/site-packages/airflow/example_dags/plugins/event_listener.py for tasks to queue
[2024-11-06T18:23:48.188+0700] {logging_mixin.py:190} INFO - [2024-11-06T18:23:48.188+0700] {dagbag.py:588} INFO - Filling up the DagBag from /home/fawzan/airflow/.venv/lib/python3.10/site-packages/airflow/example_dags/plugins/event_listener.py
[2024-11-06T18:23:48.191+0700] {processor.py:927} WARNING - No viable dags retrieved from /home/fawzan/airflow/.venv/lib/python3.10/site-packages/airflow/example_dags/plugins/event_listener.py
[2024-11-06T18:23:48.200+0700] {processor.py:208} INFO - Processing /home/fawzan/airflow/.venv/lib/python3.10/site-packages/airflow/example_dags/plugins/event_listener.py took 0.023 seconds
[2024-11-06T18:32:30.387+0700] {processor.py:186} INFO - Started process (PID=5152) to work on /home/fawzan/airflow/.venv/lib/python3.10/site-packages/airflow/example_dags/plugins/event_listener.py
[2024-11-06T18:32:30.390+0700] {processor.py:914} INFO - Processing file /home/fawzan/airflow/.venv/lib/python3.10/site-packages/airflow/example_dags/plugins/event_listener.py for tasks to queue
[2024-11-06T18:32:30.393+0700] {logging_mixin.py:190} INFO - [2024-11-06T18:32:30.392+0700] {dagbag.py:588} INFO - Filling up the DagBag from /home/fawzan/airflow/.venv/lib/python3.10/site-packages/airflow/example_dags/plugins/event_listener.py
[2024-11-06T18:32:30.395+0700] {processor.py:927} WARNING - No viable dags retrieved from /home/fawzan/airflow/.venv/lib/python3.10/site-packages/airflow/example_dags/plugins/event_listener.py
[2024-11-06T18:32:30.404+0700] {processor.py:208} INFO - Processing /home/fawzan/airflow/.venv/lib/python3.10/site-packages/airflow/example_dags/plugins/event_listener.py took 0.023 seconds
[2024-11-06T18:33:28.403+0700] {processor.py:186} INFO - Started process (PID=5267) to work on /home/fawzan/airflow/.venv/lib/python3.10/site-packages/airflow/example_dags/plugins/event_listener.py
[2024-11-06T18:33:28.406+0700] {processor.py:914} INFO - Processing file /home/fawzan/airflow/.venv/lib/python3.10/site-packages/airflow/example_dags/plugins/event_listener.py for tasks to queue
[2024-11-06T18:33:28.408+0700] {logging_mixin.py:190} INFO - [2024-11-06T18:33:28.408+0700] {dagbag.py:588} INFO - Filling up the DagBag from /home/fawzan/airflow/.venv/lib/python3.10/site-packages/airflow/example_dags/plugins/event_listener.py
[2024-11-06T18:33:28.411+0700] {processor.py:927} WARNING - No viable dags retrieved from /home/fawzan/airflow/.venv/lib/python3.10/site-packages/airflow/example_dags/plugins/event_listener.py
[2024-11-06T18:33:28.419+0700] {processor.py:208} INFO - Processing /home/fawzan/airflow/.venv/lib/python3.10/site-packages/airflow/example_dags/plugins/event_listener.py took 0.023 seconds
