[2024-11-06T17:07:56.707+0700] {processor.py:186} INFO - Started process (PID=3826) to work on /home/fawzan/airflow/.venv/lib/python3.10/site-packages/airflow/example_dags/plugins/listener_plugin.py
[2024-11-06T17:07:56.708+0700] {processor.py:914} INFO - Processing file /home/fawzan/airflow/.venv/lib/python3.10/site-packages/airflow/example_dags/plugins/listener_plugin.py for tasks to queue
[2024-11-06T17:07:56.710+0700] {logging_mixin.py:190} INFO - [2024-11-06T17:07:56.709+0700] {dagbag.py:588} INFO - Filling up the DagBag from /home/fawzan/airflow/.venv/lib/python3.10/site-packages/airflow/example_dags/plugins/listener_plugin.py
[2024-11-06T17:07:56.711+0700] {processor.py:927} WARNING - No viable dags retrieved from /home/fawzan/airflow/.venv/lib/python3.10/site-packages/airflow/example_dags/plugins/listener_plugin.py
[2024-11-06T17:07:56.719+0700] {processor.py:208} INFO - Processing /home/fawzan/airflow/.venv/lib/python3.10/site-packages/airflow/example_dags/plugins/listener_plugin.py took 0.017 seconds
[2024-11-06T17:13:28.208+0700] {processor.py:186} INFO - Started process (PID=3999) to work on /home/fawzan/airflow/.venv/lib/python3.10/site-packages/airflow/example_dags/plugins/listener_plugin.py
[2024-11-06T17:13:28.212+0700] {processor.py:914} INFO - Processing file /home/fawzan/airflow/.venv/lib/python3.10/site-packages/airflow/example_dags/plugins/listener_plugin.py for tasks to queue
[2024-11-06T17:13:28.214+0700] {logging_mixin.py:190} INFO - [2024-11-06T17:13:28.213+0700] {dagbag.py:588} INFO - Filling up the DagBag from /home/fawzan/airflow/.venv/lib/python3.10/site-packages/airflow/example_dags/plugins/listener_plugin.py
[2024-11-06T17:13:28.216+0700] {processor.py:927} WARNING - No viable dags retrieved from /home/fawzan/airflow/.venv/lib/python3.10/site-packages/airflow/example_dags/plugins/listener_plugin.py
[2024-11-06T17:13:28.224+0700] {processor.py:208} INFO - Processing /home/fawzan/airflow/.venv/lib/python3.10/site-packages/airflow/example_dags/plugins/listener_plugin.py took 0.021 seconds
[2024-11-06T17:14:24.178+0700] {processor.py:186} INFO - Started process (PID=4071) to work on /home/fawzan/airflow/.venv/lib/python3.10/site-packages/airflow/example_dags/plugins/listener_plugin.py
[2024-11-06T17:14:24.182+0700] {processor.py:914} INFO - Processing file /home/fawzan/airflow/.venv/lib/python3.10/site-packages/airflow/example_dags/plugins/listener_plugin.py for tasks to queue
[2024-11-06T17:14:24.184+0700] {logging_mixin.py:190} INFO - [2024-11-06T17:14:24.183+0700] {dagbag.py:588} INFO - Filling up the DagBag from /home/fawzan/airflow/.venv/lib/python3.10/site-packages/airflow/example_dags/plugins/listener_plugin.py
[2024-11-06T17:14:24.186+0700] {processor.py:927} WARNING - No viable dags retrieved from /home/fawzan/airflow/.venv/lib/python3.10/site-packages/airflow/example_dags/plugins/listener_plugin.py
[2024-11-06T17:14:24.194+0700] {processor.py:208} INFO - Processing /home/fawzan/airflow/.venv/lib/python3.10/site-packages/airflow/example_dags/plugins/listener_plugin.py took 0.022 seconds
[2024-11-06T17:15:17.194+0700] {processor.py:186} INFO - Started process (PID=4143) to work on /home/fawzan/airflow/.venv/lib/python3.10/site-packages/airflow/example_dags/plugins/listener_plugin.py
[2024-11-06T17:15:17.194+0700] {processor.py:914} INFO - Processing file /home/fawzan/airflow/.venv/lib/python3.10/site-packages/airflow/example_dags/plugins/listener_plugin.py for tasks to queue
[2024-11-06T17:15:17.196+0700] {logging_mixin.py:190} INFO - [2024-11-06T17:15:17.195+0700] {dagbag.py:588} INFO - Filling up the DagBag from /home/fawzan/airflow/.venv/lib/python3.10/site-packages/airflow/example_dags/plugins/listener_plugin.py
[2024-11-06T17:15:17.197+0700] {processor.py:927} WARNING - No viable dags retrieved from /home/fawzan/airflow/.venv/lib/python3.10/site-packages/airflow/example_dags/plugins/listener_plugin.py
[2024-11-06T17:15:17.204+0700] {processor.py:208} INFO - Processing /home/fawzan/airflow/.venv/lib/python3.10/site-packages/airflow/example_dags/plugins/listener_plugin.py took 0.015 seconds
[2024-11-06T17:16:10.109+0700] {processor.py:186} INFO - Started process (PID=4207) to work on /home/fawzan/airflow/.venv/lib/python3.10/site-packages/airflow/example_dags/plugins/listener_plugin.py
[2024-11-06T17:16:10.112+0700] {processor.py:914} INFO - Processing file /home/fawzan/airflow/.venv/lib/python3.10/site-packages/airflow/example_dags/plugins/listener_plugin.py for tasks to queue
[2024-11-06T17:16:10.114+0700] {logging_mixin.py:190} INFO - [2024-11-06T17:16:10.114+0700] {dagbag.py:588} INFO - Filling up the DagBag from /home/fawzan/airflow/.venv/lib/python3.10/site-packages/airflow/example_dags/plugins/listener_plugin.py
[2024-11-06T17:16:10.115+0700] {processor.py:927} WARNING - No viable dags retrieved from /home/fawzan/airflow/.venv/lib/python3.10/site-packages/airflow/example_dags/plugins/listener_plugin.py
[2024-11-06T17:16:10.121+0700] {processor.py:208} INFO - Processing /home/fawzan/airflow/.venv/lib/python3.10/site-packages/airflow/example_dags/plugins/listener_plugin.py took 0.015 seconds
[2024-11-06T18:13:16.471+0700] {processor.py:186} INFO - Started process (PID=2728) to work on /home/fawzan/airflow/.venv/lib/python3.10/site-packages/airflow/example_dags/plugins/listener_plugin.py
[2024-11-06T18:13:16.474+0700] {processor.py:914} INFO - Processing file /home/fawzan/airflow/.venv/lib/python3.10/site-packages/airflow/example_dags/plugins/listener_plugin.py for tasks to queue
[2024-11-06T18:13:16.477+0700] {logging_mixin.py:190} INFO - [2024-11-06T18:13:16.476+0700] {dagbag.py:588} INFO - Filling up the DagBag from /home/fawzan/airflow/.venv/lib/python3.10/site-packages/airflow/example_dags/plugins/listener_plugin.py
[2024-11-06T18:13:16.479+0700] {processor.py:927} WARNING - No viable dags retrieved from /home/fawzan/airflow/.venv/lib/python3.10/site-packages/airflow/example_dags/plugins/listener_plugin.py
[2024-11-06T18:13:16.486+0700] {processor.py:208} INFO - Processing /home/fawzan/airflow/.venv/lib/python3.10/site-packages/airflow/example_dags/plugins/listener_plugin.py took 0.022 seconds
[2024-11-06T18:14:13.060+0700] {processor.py:186} INFO - Started process (PID=3330) to work on /home/fawzan/airflow/.venv/lib/python3.10/site-packages/airflow/example_dags/plugins/listener_plugin.py
[2024-11-06T18:14:13.063+0700] {processor.py:914} INFO - Processing file /home/fawzan/airflow/.venv/lib/python3.10/site-packages/airflow/example_dags/plugins/listener_plugin.py for tasks to queue
[2024-11-06T18:14:13.065+0700] {logging_mixin.py:190} INFO - [2024-11-06T18:14:13.065+0700] {dagbag.py:588} INFO - Filling up the DagBag from /home/fawzan/airflow/.venv/lib/python3.10/site-packages/airflow/example_dags/plugins/listener_plugin.py
[2024-11-06T18:14:13.067+0700] {processor.py:927} WARNING - No viable dags retrieved from /home/fawzan/airflow/.venv/lib/python3.10/site-packages/airflow/example_dags/plugins/listener_plugin.py
[2024-11-06T18:14:13.077+0700] {processor.py:208} INFO - Processing /home/fawzan/airflow/.venv/lib/python3.10/site-packages/airflow/example_dags/plugins/listener_plugin.py took 0.022 seconds
[2024-11-06T18:15:03.462+0700] {processor.py:186} INFO - Started process (PID=3476) to work on /home/fawzan/airflow/.venv/lib/python3.10/site-packages/airflow/example_dags/plugins/listener_plugin.py
[2024-11-06T18:15:03.465+0700] {processor.py:914} INFO - Processing file /home/fawzan/airflow/.venv/lib/python3.10/site-packages/airflow/example_dags/plugins/listener_plugin.py for tasks to queue
[2024-11-06T18:15:03.467+0700] {logging_mixin.py:190} INFO - [2024-11-06T18:15:03.467+0700] {dagbag.py:588} INFO - Filling up the DagBag from /home/fawzan/airflow/.venv/lib/python3.10/site-packages/airflow/example_dags/plugins/listener_plugin.py
[2024-11-06T18:15:03.469+0700] {processor.py:927} WARNING - No viable dags retrieved from /home/fawzan/airflow/.venv/lib/python3.10/site-packages/airflow/example_dags/plugins/listener_plugin.py
[2024-11-06T18:15:03.479+0700] {processor.py:208} INFO - Processing /home/fawzan/airflow/.venv/lib/python3.10/site-packages/airflow/example_dags/plugins/listener_plugin.py took 0.022 seconds
[2024-11-06T18:16:03.321+0700] {processor.py:186} INFO - Started process (PID=3664) to work on /home/fawzan/airflow/.venv/lib/python3.10/site-packages/airflow/example_dags/plugins/listener_plugin.py
[2024-11-06T18:16:03.325+0700] {processor.py:914} INFO - Processing file /home/fawzan/airflow/.venv/lib/python3.10/site-packages/airflow/example_dags/plugins/listener_plugin.py for tasks to queue
[2024-11-06T18:16:03.327+0700] {logging_mixin.py:190} INFO - [2024-11-06T18:16:03.327+0700] {dagbag.py:588} INFO - Filling up the DagBag from /home/fawzan/airflow/.venv/lib/python3.10/site-packages/airflow/example_dags/plugins/listener_plugin.py
[2024-11-06T18:16:03.329+0700] {processor.py:927} WARNING - No viable dags retrieved from /home/fawzan/airflow/.venv/lib/python3.10/site-packages/airflow/example_dags/plugins/listener_plugin.py
[2024-11-06T18:16:03.338+0700] {processor.py:208} INFO - Processing /home/fawzan/airflow/.venv/lib/python3.10/site-packages/airflow/example_dags/plugins/listener_plugin.py took 0.024 seconds
[2024-11-06T18:17:15.417+0700] {processor.py:186} INFO - Started process (PID=3873) to work on /home/fawzan/airflow/.venv/lib/python3.10/site-packages/airflow/example_dags/plugins/listener_plugin.py
[2024-11-06T18:17:15.420+0700] {processor.py:914} INFO - Processing file /home/fawzan/airflow/.venv/lib/python3.10/site-packages/airflow/example_dags/plugins/listener_plugin.py for tasks to queue
[2024-11-06T18:17:15.422+0700] {logging_mixin.py:190} INFO - [2024-11-06T18:17:15.422+0700] {dagbag.py:588} INFO - Filling up the DagBag from /home/fawzan/airflow/.venv/lib/python3.10/site-packages/airflow/example_dags/plugins/listener_plugin.py
[2024-11-06T18:17:15.424+0700] {processor.py:927} WARNING - No viable dags retrieved from /home/fawzan/airflow/.venv/lib/python3.10/site-packages/airflow/example_dags/plugins/listener_plugin.py
[2024-11-06T18:17:15.433+0700] {processor.py:208} INFO - Processing /home/fawzan/airflow/.venv/lib/python3.10/site-packages/airflow/example_dags/plugins/listener_plugin.py took 0.021 seconds
[2024-11-06T18:18:06.668+0700] {processor.py:186} INFO - Started process (PID=3984) to work on /home/fawzan/airflow/.venv/lib/python3.10/site-packages/airflow/example_dags/plugins/listener_plugin.py
[2024-11-06T18:18:06.671+0700] {processor.py:914} INFO - Processing file /home/fawzan/airflow/.venv/lib/python3.10/site-packages/airflow/example_dags/plugins/listener_plugin.py for tasks to queue
[2024-11-06T18:18:06.673+0700] {logging_mixin.py:190} INFO - [2024-11-06T18:18:06.673+0700] {dagbag.py:588} INFO - Filling up the DagBag from /home/fawzan/airflow/.venv/lib/python3.10/site-packages/airflow/example_dags/plugins/listener_plugin.py
[2024-11-06T18:18:06.675+0700] {processor.py:927} WARNING - No viable dags retrieved from /home/fawzan/airflow/.venv/lib/python3.10/site-packages/airflow/example_dags/plugins/listener_plugin.py
[2024-11-06T18:18:06.683+0700] {processor.py:208} INFO - Processing /home/fawzan/airflow/.venv/lib/python3.10/site-packages/airflow/example_dags/plugins/listener_plugin.py took 0.021 seconds
[2024-11-06T18:18:59.216+0700] {processor.py:186} INFO - Started process (PID=4087) to work on /home/fawzan/airflow/.venv/lib/python3.10/site-packages/airflow/example_dags/plugins/listener_plugin.py
[2024-11-06T18:18:59.219+0700] {processor.py:914} INFO - Processing file /home/fawzan/airflow/.venv/lib/python3.10/site-packages/airflow/example_dags/plugins/listener_plugin.py for tasks to queue
[2024-11-06T18:18:59.222+0700] {logging_mixin.py:190} INFO - [2024-11-06T18:18:59.221+0700] {dagbag.py:588} INFO - Filling up the DagBag from /home/fawzan/airflow/.venv/lib/python3.10/site-packages/airflow/example_dags/plugins/listener_plugin.py
[2024-11-06T18:18:59.224+0700] {processor.py:927} WARNING - No viable dags retrieved from /home/fawzan/airflow/.venv/lib/python3.10/site-packages/airflow/example_dags/plugins/listener_plugin.py
[2024-11-06T18:18:59.233+0700] {processor.py:208} INFO - Processing /home/fawzan/airflow/.venv/lib/python3.10/site-packages/airflow/example_dags/plugins/listener_plugin.py took 0.022 seconds
[2024-11-06T18:19:52.646+0700] {processor.py:186} INFO - Started process (PID=4187) to work on /home/fawzan/airflow/.venv/lib/python3.10/site-packages/airflow/example_dags/plugins/listener_plugin.py
[2024-11-06T18:19:52.649+0700] {processor.py:914} INFO - Processing file /home/fawzan/airflow/.venv/lib/python3.10/site-packages/airflow/example_dags/plugins/listener_plugin.py for tasks to queue
[2024-11-06T18:19:52.651+0700] {logging_mixin.py:190} INFO - [2024-11-06T18:19:52.651+0700] {dagbag.py:588} INFO - Filling up the DagBag from /home/fawzan/airflow/.venv/lib/python3.10/site-packages/airflow/example_dags/plugins/listener_plugin.py
[2024-11-06T18:19:52.653+0700] {processor.py:927} WARNING - No viable dags retrieved from /home/fawzan/airflow/.venv/lib/python3.10/site-packages/airflow/example_dags/plugins/listener_plugin.py
[2024-11-06T18:19:52.663+0700] {processor.py:208} INFO - Processing /home/fawzan/airflow/.venv/lib/python3.10/site-packages/airflow/example_dags/plugins/listener_plugin.py took 0.022 seconds
[2024-11-06T18:20:47.431+0700] {processor.py:186} INFO - Started process (PID=4289) to work on /home/fawzan/airflow/.venv/lib/python3.10/site-packages/airflow/example_dags/plugins/listener_plugin.py
[2024-11-06T18:20:47.434+0700] {processor.py:914} INFO - Processing file /home/fawzan/airflow/.venv/lib/python3.10/site-packages/airflow/example_dags/plugins/listener_plugin.py for tasks to queue
[2024-11-06T18:20:47.436+0700] {logging_mixin.py:190} INFO - [2024-11-06T18:20:47.436+0700] {dagbag.py:588} INFO - Filling up the DagBag from /home/fawzan/airflow/.venv/lib/python3.10/site-packages/airflow/example_dags/plugins/listener_plugin.py
[2024-11-06T18:20:47.438+0700] {processor.py:927} WARNING - No viable dags retrieved from /home/fawzan/airflow/.venv/lib/python3.10/site-packages/airflow/example_dags/plugins/listener_plugin.py
[2024-11-06T18:20:47.447+0700] {processor.py:208} INFO - Processing /home/fawzan/airflow/.venv/lib/python3.10/site-packages/airflow/example_dags/plugins/listener_plugin.py took 0.022 seconds
[2024-11-06T18:21:57.992+0700] {processor.py:186} INFO - Started process (PID=4507) to work on /home/fawzan/airflow/.venv/lib/python3.10/site-packages/airflow/example_dags/plugins/listener_plugin.py
[2024-11-06T18:21:57.996+0700] {processor.py:914} INFO - Processing file /home/fawzan/airflow/.venv/lib/python3.10/site-packages/airflow/example_dags/plugins/listener_plugin.py for tasks to queue
[2024-11-06T18:21:57.998+0700] {logging_mixin.py:190} INFO - [2024-11-06T18:21:57.997+0700] {dagbag.py:588} INFO - Filling up the DagBag from /home/fawzan/airflow/.venv/lib/python3.10/site-packages/airflow/example_dags/plugins/listener_plugin.py
[2024-11-06T18:21:58.000+0700] {processor.py:927} WARNING - No viable dags retrieved from /home/fawzan/airflow/.venv/lib/python3.10/site-packages/airflow/example_dags/plugins/listener_plugin.py
[2024-11-06T18:21:58.009+0700] {processor.py:208} INFO - Processing /home/fawzan/airflow/.venv/lib/python3.10/site-packages/airflow/example_dags/plugins/listener_plugin.py took 0.023 seconds
[2024-11-06T18:22:55.078+0700] {processor.py:186} INFO - Started process (PID=4637) to work on /home/fawzan/airflow/.venv/lib/python3.10/site-packages/airflow/example_dags/plugins/listener_plugin.py
[2024-11-06T18:22:55.081+0700] {processor.py:914} INFO - Processing file /home/fawzan/airflow/.venv/lib/python3.10/site-packages/airflow/example_dags/plugins/listener_plugin.py for tasks to queue
[2024-11-06T18:22:55.083+0700] {logging_mixin.py:190} INFO - [2024-11-06T18:22:55.083+0700] {dagbag.py:588} INFO - Filling up the DagBag from /home/fawzan/airflow/.venv/lib/python3.10/site-packages/airflow/example_dags/plugins/listener_plugin.py
[2024-11-06T18:22:55.085+0700] {processor.py:927} WARNING - No viable dags retrieved from /home/fawzan/airflow/.venv/lib/python3.10/site-packages/airflow/example_dags/plugins/listener_plugin.py
[2024-11-06T18:22:55.094+0700] {processor.py:208} INFO - Processing /home/fawzan/airflow/.venv/lib/python3.10/site-packages/airflow/example_dags/plugins/listener_plugin.py took 0.022 seconds
[2024-11-06T18:23:50.562+0700] {processor.py:186} INFO - Started process (PID=4729) to work on /home/fawzan/airflow/.venv/lib/python3.10/site-packages/airflow/example_dags/plugins/listener_plugin.py
[2024-11-06T18:23:50.565+0700] {processor.py:914} INFO - Processing file /home/fawzan/airflow/.venv/lib/python3.10/site-packages/airflow/example_dags/plugins/listener_plugin.py for tasks to queue
[2024-11-06T18:23:50.568+0700] {logging_mixin.py:190} INFO - [2024-11-06T18:23:50.567+0700] {dagbag.py:588} INFO - Filling up the DagBag from /home/fawzan/airflow/.venv/lib/python3.10/site-packages/airflow/example_dags/plugins/listener_plugin.py
[2024-11-06T18:23:50.570+0700] {processor.py:927} WARNING - No viable dags retrieved from /home/fawzan/airflow/.venv/lib/python3.10/site-packages/airflow/example_dags/plugins/listener_plugin.py
[2024-11-06T18:23:50.579+0700] {processor.py:208} INFO - Processing /home/fawzan/airflow/.venv/lib/python3.10/site-packages/airflow/example_dags/plugins/listener_plugin.py took 0.023 seconds
[2024-11-06T18:32:31.939+0700] {processor.py:186} INFO - Started process (PID=5154) to work on /home/fawzan/airflow/.venv/lib/python3.10/site-packages/airflow/example_dags/plugins/listener_plugin.py
[2024-11-06T18:32:31.942+0700] {processor.py:914} INFO - Processing file /home/fawzan/airflow/.venv/lib/python3.10/site-packages/airflow/example_dags/plugins/listener_plugin.py for tasks to queue
[2024-11-06T18:32:31.944+0700] {logging_mixin.py:190} INFO - [2024-11-06T18:32:31.943+0700] {dagbag.py:588} INFO - Filling up the DagBag from /home/fawzan/airflow/.venv/lib/python3.10/site-packages/airflow/example_dags/plugins/listener_plugin.py
[2024-11-06T18:32:31.945+0700] {processor.py:927} WARNING - No viable dags retrieved from /home/fawzan/airflow/.venv/lib/python3.10/site-packages/airflow/example_dags/plugins/listener_plugin.py
[2024-11-06T18:32:31.951+0700] {processor.py:208} INFO - Processing /home/fawzan/airflow/.venv/lib/python3.10/site-packages/airflow/example_dags/plugins/listener_plugin.py took 0.015 seconds
[2024-11-06T18:33:30.794+0700] {processor.py:186} INFO - Started process (PID=5271) to work on /home/fawzan/airflow/.venv/lib/python3.10/site-packages/airflow/example_dags/plugins/listener_plugin.py
[2024-11-06T18:33:30.797+0700] {processor.py:914} INFO - Processing file /home/fawzan/airflow/.venv/lib/python3.10/site-packages/airflow/example_dags/plugins/listener_plugin.py for tasks to queue
[2024-11-06T18:33:30.800+0700] {logging_mixin.py:190} INFO - [2024-11-06T18:33:30.799+0700] {dagbag.py:588} INFO - Filling up the DagBag from /home/fawzan/airflow/.venv/lib/python3.10/site-packages/airflow/example_dags/plugins/listener_plugin.py
[2024-11-06T18:33:30.801+0700] {processor.py:927} WARNING - No viable dags retrieved from /home/fawzan/airflow/.venv/lib/python3.10/site-packages/airflow/example_dags/plugins/listener_plugin.py
[2024-11-06T18:33:30.810+0700] {processor.py:208} INFO - Processing /home/fawzan/airflow/.venv/lib/python3.10/site-packages/airflow/example_dags/plugins/listener_plugin.py took 0.022 seconds
