[2024-11-06T17:07:56.192+0700] {processor.py:186} INFO - Started process (PID=3825) to work on /home/fawzan/airflow/.venv/lib/python3.10/site-packages/airflow/example_dags/plugins/workday.py
[2024-11-06T17:07:56.193+0700] {processor.py:914} INFO - Processing file /home/fawzan/airflow/.venv/lib/python3.10/site-packages/airflow/example_dags/plugins/workday.py for tasks to queue
[2024-11-06T17:07:56.194+0700] {logging_mixin.py:190} INFO - [2024-11-06T17:07:56.194+0700] {dagbag.py:588} INFO - Filling up the DagBag from /home/fawzan/airflow/.venv/lib/python3.10/site-packages/airflow/example_dags/plugins/workday.py
[2024-11-06T17:07:56.196+0700] {logging_mixin.py:190} INFO - [2024-11-06T17:07:56.196+0700] {workday.py:41} WARNING - Could not import pandas. Holidays will not be considered.
[2024-11-06T17:07:56.196+0700] {processor.py:927} WARNING - No viable dags retrieved from /home/fawzan/airflow/.venv/lib/python3.10/site-packages/airflow/example_dags/plugins/workday.py
[2024-11-06T17:07:56.202+0700] {processor.py:208} INFO - Processing /home/fawzan/airflow/.venv/lib/python3.10/site-packages/airflow/example_dags/plugins/workday.py took 0.017 seconds
[2024-11-06T17:13:27.060+0700] {processor.py:186} INFO - Started process (PID=3998) to work on /home/fawzan/airflow/.venv/lib/python3.10/site-packages/airflow/example_dags/plugins/workday.py
[2024-11-06T17:13:27.063+0700] {processor.py:914} INFO - Processing file /home/fawzan/airflow/.venv/lib/python3.10/site-packages/airflow/example_dags/plugins/workday.py for tasks to queue
[2024-11-06T17:13:27.065+0700] {logging_mixin.py:190} INFO - [2024-11-06T17:13:27.064+0700] {dagbag.py:588} INFO - Filling up the DagBag from /home/fawzan/airflow/.venv/lib/python3.10/site-packages/airflow/example_dags/plugins/workday.py
[2024-11-06T17:13:27.067+0700] {logging_mixin.py:190} INFO - [2024-11-06T17:13:27.067+0700] {workday.py:41} WARNING - Could not import pandas. Holidays will not be considered.
[2024-11-06T17:13:27.068+0700] {processor.py:927} WARNING - No viable dags retrieved from /home/fawzan/airflow/.venv/lib/python3.10/site-packages/airflow/example_dags/plugins/workday.py
[2024-11-06T17:13:27.076+0700] {processor.py:208} INFO - Processing /home/fawzan/airflow/.venv/lib/python3.10/site-packages/airflow/example_dags/plugins/workday.py took 0.022 seconds
[2024-11-06T17:14:24.014+0700] {processor.py:186} INFO - Started process (PID=4070) to work on /home/fawzan/airflow/.venv/lib/python3.10/site-packages/airflow/example_dags/plugins/workday.py
[2024-11-06T17:14:24.017+0700] {processor.py:914} INFO - Processing file /home/fawzan/airflow/.venv/lib/python3.10/site-packages/airflow/example_dags/plugins/workday.py for tasks to queue
[2024-11-06T17:14:24.019+0700] {logging_mixin.py:190} INFO - [2024-11-06T17:14:24.019+0700] {dagbag.py:588} INFO - Filling up the DagBag from /home/fawzan/airflow/.venv/lib/python3.10/site-packages/airflow/example_dags/plugins/workday.py
[2024-11-06T17:14:24.021+0700] {logging_mixin.py:190} INFO - [2024-11-06T17:14:24.021+0700] {workday.py:41} WARNING - Could not import pandas. Holidays will not be considered.
[2024-11-06T17:14:24.022+0700] {processor.py:927} WARNING - No viable dags retrieved from /home/fawzan/airflow/.venv/lib/python3.10/site-packages/airflow/example_dags/plugins/workday.py
[2024-11-06T17:14:24.028+0700] {processor.py:208} INFO - Processing /home/fawzan/airflow/.venv/lib/python3.10/site-packages/airflow/example_dags/plugins/workday.py took 0.019 seconds
[2024-11-06T17:15:16.635+0700] {processor.py:186} INFO - Started process (PID=4142) to work on /home/fawzan/airflow/.venv/lib/python3.10/site-packages/airflow/example_dags/plugins/workday.py
[2024-11-06T17:15:16.638+0700] {processor.py:914} INFO - Processing file /home/fawzan/airflow/.venv/lib/python3.10/site-packages/airflow/example_dags/plugins/workday.py for tasks to queue
[2024-11-06T17:15:16.640+0700] {logging_mixin.py:190} INFO - [2024-11-06T17:15:16.639+0700] {dagbag.py:588} INFO - Filling up the DagBag from /home/fawzan/airflow/.venv/lib/python3.10/site-packages/airflow/example_dags/plugins/workday.py
[2024-11-06T17:15:16.642+0700] {logging_mixin.py:190} INFO - [2024-11-06T17:15:16.642+0700] {workday.py:41} WARNING - Could not import pandas. Holidays will not be considered.
[2024-11-06T17:15:16.642+0700] {processor.py:927} WARNING - No viable dags retrieved from /home/fawzan/airflow/.venv/lib/python3.10/site-packages/airflow/example_dags/plugins/workday.py
[2024-11-06T17:15:16.648+0700] {processor.py:208} INFO - Processing /home/fawzan/airflow/.venv/lib/python3.10/site-packages/airflow/example_dags/plugins/workday.py took 0.020 seconds
[2024-11-06T17:16:09.694+0700] {processor.py:186} INFO - Started process (PID=4206) to work on /home/fawzan/airflow/.venv/lib/python3.10/site-packages/airflow/example_dags/plugins/workday.py
[2024-11-06T17:16:09.697+0700] {processor.py:914} INFO - Processing file /home/fawzan/airflow/.venv/lib/python3.10/site-packages/airflow/example_dags/plugins/workday.py for tasks to queue
[2024-11-06T17:16:09.699+0700] {logging_mixin.py:190} INFO - [2024-11-06T17:16:09.699+0700] {dagbag.py:588} INFO - Filling up the DagBag from /home/fawzan/airflow/.venv/lib/python3.10/site-packages/airflow/example_dags/plugins/workday.py
[2024-11-06T17:16:09.702+0700] {logging_mixin.py:190} INFO - [2024-11-06T17:16:09.702+0700] {workday.py:41} WARNING - Could not import pandas. Holidays will not be considered.
[2024-11-06T17:16:09.702+0700] {processor.py:927} WARNING - No viable dags retrieved from /home/fawzan/airflow/.venv/lib/python3.10/site-packages/airflow/example_dags/plugins/workday.py
[2024-11-06T17:16:09.710+0700] {processor.py:208} INFO - Processing /home/fawzan/airflow/.venv/lib/python3.10/site-packages/airflow/example_dags/plugins/workday.py took 0.021 seconds
[2024-11-06T18:13:15.318+0700] {processor.py:186} INFO - Started process (PID=2727) to work on /home/fawzan/airflow/.venv/lib/python3.10/site-packages/airflow/example_dags/plugins/workday.py
[2024-11-06T18:13:15.321+0700] {processor.py:914} INFO - Processing file /home/fawzan/airflow/.venv/lib/python3.10/site-packages/airflow/example_dags/plugins/workday.py for tasks to queue
[2024-11-06T18:13:15.323+0700] {logging_mixin.py:190} INFO - [2024-11-06T18:13:15.322+0700] {dagbag.py:588} INFO - Filling up the DagBag from /home/fawzan/airflow/.venv/lib/python3.10/site-packages/airflow/example_dags/plugins/workday.py
[2024-11-06T18:13:15.325+0700] {logging_mixin.py:190} INFO - [2024-11-06T18:13:15.325+0700] {workday.py:41} WARNING - Could not import pandas. Holidays will not be considered.
[2024-11-06T18:13:15.326+0700] {processor.py:927} WARNING - No viable dags retrieved from /home/fawzan/airflow/.venv/lib/python3.10/site-packages/airflow/example_dags/plugins/workday.py
[2024-11-06T18:13:15.335+0700] {processor.py:208} INFO - Processing /home/fawzan/airflow/.venv/lib/python3.10/site-packages/airflow/example_dags/plugins/workday.py took 0.022 seconds
[2024-11-06T18:14:11.915+0700] {processor.py:186} INFO - Started process (PID=3329) to work on /home/fawzan/airflow/.venv/lib/python3.10/site-packages/airflow/example_dags/plugins/workday.py
[2024-11-06T18:14:11.918+0700] {processor.py:914} INFO - Processing file /home/fawzan/airflow/.venv/lib/python3.10/site-packages/airflow/example_dags/plugins/workday.py for tasks to queue
[2024-11-06T18:14:11.921+0700] {logging_mixin.py:190} INFO - [2024-11-06T18:14:11.920+0700] {dagbag.py:588} INFO - Filling up the DagBag from /home/fawzan/airflow/.venv/lib/python3.10/site-packages/airflow/example_dags/plugins/workday.py
[2024-11-06T18:14:11.924+0700] {logging_mixin.py:190} INFO - [2024-11-06T18:14:11.923+0700] {workday.py:41} WARNING - Could not import pandas. Holidays will not be considered.
[2024-11-06T18:14:11.924+0700] {processor.py:927} WARNING - No viable dags retrieved from /home/fawzan/airflow/.venv/lib/python3.10/site-packages/airflow/example_dags/plugins/workday.py
[2024-11-06T18:14:11.933+0700] {processor.py:208} INFO - Processing /home/fawzan/airflow/.venv/lib/python3.10/site-packages/airflow/example_dags/plugins/workday.py took 0.023 seconds
[2024-11-06T18:15:02.323+0700] {processor.py:186} INFO - Started process (PID=3475) to work on /home/fawzan/airflow/.venv/lib/python3.10/site-packages/airflow/example_dags/plugins/workday.py
[2024-11-06T18:15:02.326+0700] {processor.py:914} INFO - Processing file /home/fawzan/airflow/.venv/lib/python3.10/site-packages/airflow/example_dags/plugins/workday.py for tasks to queue
[2024-11-06T18:15:02.328+0700] {logging_mixin.py:190} INFO - [2024-11-06T18:15:02.328+0700] {dagbag.py:588} INFO - Filling up the DagBag from /home/fawzan/airflow/.venv/lib/python3.10/site-packages/airflow/example_dags/plugins/workday.py
[2024-11-06T18:15:02.331+0700] {logging_mixin.py:190} INFO - [2024-11-06T18:15:02.331+0700] {workday.py:41} WARNING - Could not import pandas. Holidays will not be considered.
[2024-11-06T18:15:02.331+0700] {processor.py:927} WARNING - No viable dags retrieved from /home/fawzan/airflow/.venv/lib/python3.10/site-packages/airflow/example_dags/plugins/workday.py
[2024-11-06T18:15:02.340+0700] {processor.py:208} INFO - Processing /home/fawzan/airflow/.venv/lib/python3.10/site-packages/airflow/example_dags/plugins/workday.py took 0.022 seconds
[2024-11-06T18:16:01.534+0700] {processor.py:186} INFO - Started process (PID=3654) to work on /home/fawzan/airflow/.venv/lib/python3.10/site-packages/airflow/example_dags/plugins/workday.py
[2024-11-06T18:16:01.535+0700] {processor.py:914} INFO - Processing file /home/fawzan/airflow/.venv/lib/python3.10/site-packages/airflow/example_dags/plugins/workday.py for tasks to queue
[2024-11-06T18:16:01.536+0700] {logging_mixin.py:190} INFO - [2024-11-06T18:16:01.536+0700] {dagbag.py:588} INFO - Filling up the DagBag from /home/fawzan/airflow/.venv/lib/python3.10/site-packages/airflow/example_dags/plugins/workday.py
[2024-11-06T18:16:01.539+0700] {logging_mixin.py:190} INFO - [2024-11-06T18:16:01.539+0700] {workday.py:41} WARNING - Could not import pandas. Holidays will not be considered.
[2024-11-06T18:16:01.539+0700] {processor.py:927} WARNING - No viable dags retrieved from /home/fawzan/airflow/.venv/lib/python3.10/site-packages/airflow/example_dags/plugins/workday.py
[2024-11-06T18:16:01.546+0700] {processor.py:208} INFO - Processing /home/fawzan/airflow/.venv/lib/python3.10/site-packages/airflow/example_dags/plugins/workday.py took 0.016 seconds
[2024-11-06T18:17:15.106+0700] {processor.py:186} INFO - Started process (PID=3872) to work on /home/fawzan/airflow/.venv/lib/python3.10/site-packages/airflow/example_dags/plugins/workday.py
[2024-11-06T18:17:15.110+0700] {processor.py:914} INFO - Processing file /home/fawzan/airflow/.venv/lib/python3.10/site-packages/airflow/example_dags/plugins/workday.py for tasks to queue
[2024-11-06T18:17:15.112+0700] {logging_mixin.py:190} INFO - [2024-11-06T18:17:15.111+0700] {dagbag.py:588} INFO - Filling up the DagBag from /home/fawzan/airflow/.venv/lib/python3.10/site-packages/airflow/example_dags/plugins/workday.py
[2024-11-06T18:17:15.114+0700] {logging_mixin.py:190} INFO - [2024-11-06T18:17:15.114+0700] {workday.py:41} WARNING - Could not import pandas. Holidays will not be considered.
[2024-11-06T18:17:15.115+0700] {processor.py:927} WARNING - No viable dags retrieved from /home/fawzan/airflow/.venv/lib/python3.10/site-packages/airflow/example_dags/plugins/workday.py
[2024-11-06T18:17:15.123+0700] {processor.py:208} INFO - Processing /home/fawzan/airflow/.venv/lib/python3.10/site-packages/airflow/example_dags/plugins/workday.py took 0.021 seconds
[2024-11-06T18:18:05.510+0700] {processor.py:186} INFO - Started process (PID=3983) to work on /home/fawzan/airflow/.venv/lib/python3.10/site-packages/airflow/example_dags/plugins/workday.py
[2024-11-06T18:18:05.511+0700] {processor.py:914} INFO - Processing file /home/fawzan/airflow/.venv/lib/python3.10/site-packages/airflow/example_dags/plugins/workday.py for tasks to queue
[2024-11-06T18:18:05.513+0700] {logging_mixin.py:190} INFO - [2024-11-06T18:18:05.512+0700] {dagbag.py:588} INFO - Filling up the DagBag from /home/fawzan/airflow/.venv/lib/python3.10/site-packages/airflow/example_dags/plugins/workday.py
[2024-11-06T18:18:05.515+0700] {logging_mixin.py:190} INFO - [2024-11-06T18:18:05.515+0700] {workday.py:41} WARNING - Could not import pandas. Holidays will not be considered.
[2024-11-06T18:18:05.516+0700] {processor.py:927} WARNING - No viable dags retrieved from /home/fawzan/airflow/.venv/lib/python3.10/site-packages/airflow/example_dags/plugins/workday.py
[2024-11-06T18:18:05.523+0700] {processor.py:208} INFO - Processing /home/fawzan/airflow/.venv/lib/python3.10/site-packages/airflow/example_dags/plugins/workday.py took 0.018 seconds
[2024-11-06T18:18:58.026+0700] {processor.py:186} INFO - Started process (PID=4085) to work on /home/fawzan/airflow/.venv/lib/python3.10/site-packages/airflow/example_dags/plugins/workday.py
[2024-11-06T18:18:58.029+0700] {processor.py:914} INFO - Processing file /home/fawzan/airflow/.venv/lib/python3.10/site-packages/airflow/example_dags/plugins/workday.py for tasks to queue
[2024-11-06T18:18:58.031+0700] {logging_mixin.py:190} INFO - [2024-11-06T18:18:58.030+0700] {dagbag.py:588} INFO - Filling up the DagBag from /home/fawzan/airflow/.venv/lib/python3.10/site-packages/airflow/example_dags/plugins/workday.py
[2024-11-06T18:18:58.033+0700] {logging_mixin.py:190} INFO - [2024-11-06T18:18:58.033+0700] {workday.py:41} WARNING - Could not import pandas. Holidays will not be considered.
[2024-11-06T18:18:58.034+0700] {processor.py:927} WARNING - No viable dags retrieved from /home/fawzan/airflow/.venv/lib/python3.10/site-packages/airflow/example_dags/plugins/workday.py
[2024-11-06T18:18:58.043+0700] {processor.py:208} INFO - Processing /home/fawzan/airflow/.venv/lib/python3.10/site-packages/airflow/example_dags/plugins/workday.py took 0.023 seconds
[2024-11-06T18:19:51.462+0700] {processor.py:186} INFO - Started process (PID=4185) to work on /home/fawzan/airflow/.venv/lib/python3.10/site-packages/airflow/example_dags/plugins/workday.py
[2024-11-06T18:19:51.466+0700] {processor.py:914} INFO - Processing file /home/fawzan/airflow/.venv/lib/python3.10/site-packages/airflow/example_dags/plugins/workday.py for tasks to queue
[2024-11-06T18:19:51.468+0700] {logging_mixin.py:190} INFO - [2024-11-06T18:19:51.467+0700] {dagbag.py:588} INFO - Filling up the DagBag from /home/fawzan/airflow/.venv/lib/python3.10/site-packages/airflow/example_dags/plugins/workday.py
[2024-11-06T18:19:51.470+0700] {logging_mixin.py:190} INFO - [2024-11-06T18:19:51.470+0700] {workday.py:41} WARNING - Could not import pandas. Holidays will not be considered.
[2024-11-06T18:19:51.471+0700] {processor.py:927} WARNING - No viable dags retrieved from /home/fawzan/airflow/.venv/lib/python3.10/site-packages/airflow/example_dags/plugins/workday.py
[2024-11-06T18:19:51.480+0700] {processor.py:208} INFO - Processing /home/fawzan/airflow/.venv/lib/python3.10/site-packages/airflow/example_dags/plugins/workday.py took 0.023 seconds
[2024-11-06T18:20:46.436+0700] {processor.py:186} INFO - Started process (PID=4287) to work on /home/fawzan/airflow/.venv/lib/python3.10/site-packages/airflow/example_dags/plugins/workday.py
[2024-11-06T18:20:46.437+0700] {processor.py:914} INFO - Processing file /home/fawzan/airflow/.venv/lib/python3.10/site-packages/airflow/example_dags/plugins/workday.py for tasks to queue
[2024-11-06T18:20:46.438+0700] {logging_mixin.py:190} INFO - [2024-11-06T18:20:46.438+0700] {dagbag.py:588} INFO - Filling up the DagBag from /home/fawzan/airflow/.venv/lib/python3.10/site-packages/airflow/example_dags/plugins/workday.py
[2024-11-06T18:20:46.441+0700] {logging_mixin.py:190} INFO - [2024-11-06T18:20:46.441+0700] {workday.py:41} WARNING - Could not import pandas. Holidays will not be considered.
[2024-11-06T18:20:46.441+0700] {processor.py:927} WARNING - No viable dags retrieved from /home/fawzan/airflow/.venv/lib/python3.10/site-packages/airflow/example_dags/plugins/workday.py
[2024-11-06T18:20:46.449+0700] {processor.py:208} INFO - Processing /home/fawzan/airflow/.venv/lib/python3.10/site-packages/airflow/example_dags/plugins/workday.py took 0.018 seconds
[2024-11-06T18:21:56.804+0700] {processor.py:186} INFO - Started process (PID=4505) to work on /home/fawzan/airflow/.venv/lib/python3.10/site-packages/airflow/example_dags/plugins/workday.py
[2024-11-06T18:21:56.807+0700] {processor.py:914} INFO - Processing file /home/fawzan/airflow/.venv/lib/python3.10/site-packages/airflow/example_dags/plugins/workday.py for tasks to queue
[2024-11-06T18:21:56.809+0700] {logging_mixin.py:190} INFO - [2024-11-06T18:21:56.809+0700] {dagbag.py:588} INFO - Filling up the DagBag from /home/fawzan/airflow/.venv/lib/python3.10/site-packages/airflow/example_dags/plugins/workday.py
[2024-11-06T18:21:56.812+0700] {logging_mixin.py:190} INFO - [2024-11-06T18:21:56.811+0700] {workday.py:41} WARNING - Could not import pandas. Holidays will not be considered.
[2024-11-06T18:21:56.812+0700] {processor.py:927} WARNING - No viable dags retrieved from /home/fawzan/airflow/.venv/lib/python3.10/site-packages/airflow/example_dags/plugins/workday.py
[2024-11-06T18:21:56.821+0700] {processor.py:208} INFO - Processing /home/fawzan/airflow/.venv/lib/python3.10/site-packages/airflow/example_dags/plugins/workday.py took 0.023 seconds
[2024-11-06T18:22:53.880+0700] {processor.py:186} INFO - Started process (PID=4635) to work on /home/fawzan/airflow/.venv/lib/python3.10/site-packages/airflow/example_dags/plugins/workday.py
[2024-11-06T18:22:53.883+0700] {processor.py:914} INFO - Processing file /home/fawzan/airflow/.venv/lib/python3.10/site-packages/airflow/example_dags/plugins/workday.py for tasks to queue
[2024-11-06T18:22:53.885+0700] {logging_mixin.py:190} INFO - [2024-11-06T18:22:53.885+0700] {dagbag.py:588} INFO - Filling up the DagBag from /home/fawzan/airflow/.venv/lib/python3.10/site-packages/airflow/example_dags/plugins/workday.py
[2024-11-06T18:22:53.888+0700] {logging_mixin.py:190} INFO - [2024-11-06T18:22:53.887+0700] {workday.py:41} WARNING - Could not import pandas. Holidays will not be considered.
[2024-11-06T18:22:53.888+0700] {processor.py:927} WARNING - No viable dags retrieved from /home/fawzan/airflow/.venv/lib/python3.10/site-packages/airflow/example_dags/plugins/workday.py
[2024-11-06T18:22:53.897+0700] {processor.py:208} INFO - Processing /home/fawzan/airflow/.venv/lib/python3.10/site-packages/airflow/example_dags/plugins/workday.py took 0.023 seconds
[2024-11-06T18:23:49.370+0700] {processor.py:186} INFO - Started process (PID=4728) to work on /home/fawzan/airflow/.venv/lib/python3.10/site-packages/airflow/example_dags/plugins/workday.py
[2024-11-06T18:23:49.373+0700] {processor.py:914} INFO - Processing file /home/fawzan/airflow/.venv/lib/python3.10/site-packages/airflow/example_dags/plugins/workday.py for tasks to queue
[2024-11-06T18:23:49.376+0700] {logging_mixin.py:190} INFO - [2024-11-06T18:23:49.375+0700] {dagbag.py:588} INFO - Filling up the DagBag from /home/fawzan/airflow/.venv/lib/python3.10/site-packages/airflow/example_dags/plugins/workday.py
[2024-11-06T18:23:49.379+0700] {logging_mixin.py:190} INFO - [2024-11-06T18:23:49.378+0700] {workday.py:41} WARNING - Could not import pandas. Holidays will not be considered.
[2024-11-06T18:23:49.379+0700] {processor.py:927} WARNING - No viable dags retrieved from /home/fawzan/airflow/.venv/lib/python3.10/site-packages/airflow/example_dags/plugins/workday.py
[2024-11-06T18:23:49.388+0700] {processor.py:208} INFO - Processing /home/fawzan/airflow/.venv/lib/python3.10/site-packages/airflow/example_dags/plugins/workday.py took 0.023 seconds
[2024-11-06T18:32:31.569+0700] {processor.py:186} INFO - Started process (PID=5153) to work on /home/fawzan/airflow/.venv/lib/python3.10/site-packages/airflow/example_dags/plugins/workday.py
[2024-11-06T18:32:31.572+0700] {processor.py:914} INFO - Processing file /home/fawzan/airflow/.venv/lib/python3.10/site-packages/airflow/example_dags/plugins/workday.py for tasks to queue
[2024-11-06T18:32:31.574+0700] {logging_mixin.py:190} INFO - [2024-11-06T18:32:31.574+0700] {dagbag.py:588} INFO - Filling up the DagBag from /home/fawzan/airflow/.venv/lib/python3.10/site-packages/airflow/example_dags/plugins/workday.py
[2024-11-06T18:32:31.577+0700] {logging_mixin.py:190} INFO - [2024-11-06T18:32:31.577+0700] {workday.py:41} WARNING - Could not import pandas. Holidays will not be considered.
[2024-11-06T18:32:31.577+0700] {processor.py:927} WARNING - No viable dags retrieved from /home/fawzan/airflow/.venv/lib/python3.10/site-packages/airflow/example_dags/plugins/workday.py
[2024-11-06T18:32:31.586+0700] {processor.py:208} INFO - Processing /home/fawzan/airflow/.venv/lib/python3.10/site-packages/airflow/example_dags/plugins/workday.py took 0.022 seconds
[2024-11-06T18:33:29.600+0700] {processor.py:186} INFO - Started process (PID=5269) to work on /home/fawzan/airflow/.venv/lib/python3.10/site-packages/airflow/example_dags/plugins/workday.py
[2024-11-06T18:33:29.603+0700] {processor.py:914} INFO - Processing file /home/fawzan/airflow/.venv/lib/python3.10/site-packages/airflow/example_dags/plugins/workday.py for tasks to queue
[2024-11-06T18:33:29.605+0700] {logging_mixin.py:190} INFO - [2024-11-06T18:33:29.605+0700] {dagbag.py:588} INFO - Filling up the DagBag from /home/fawzan/airflow/.venv/lib/python3.10/site-packages/airflow/example_dags/plugins/workday.py
[2024-11-06T18:33:29.608+0700] {logging_mixin.py:190} INFO - [2024-11-06T18:33:29.608+0700] {workday.py:41} WARNING - Could not import pandas. Holidays will not be considered.
[2024-11-06T18:33:29.608+0700] {processor.py:927} WARNING - No viable dags retrieved from /home/fawzan/airflow/.venv/lib/python3.10/site-packages/airflow/example_dags/plugins/workday.py
[2024-11-06T18:33:29.617+0700] {processor.py:208} INFO - Processing /home/fawzan/airflow/.venv/lib/python3.10/site-packages/airflow/example_dags/plugins/workday.py took 0.023 seconds
