[2024-11-27T21:51:59.080+0700] {local_task_job_runner.py:123} INFO - ::group::Pre task execution logs
[2024-11-27T21:51:59.086+0700] {taskinstance.py:2612} INFO - Dependencies all met for dep_context=non-requeueable deps ti=<TaskInstance: rocket_launch_pipeline.fetch_rocket_data manual__2024-11-06T11:24:16.537614+00:00 [queued]>
[2024-11-27T21:51:59.089+0700] {taskinstance.py:2612} INFO - Dependencies all met for dep_context=requeueable deps ti=<TaskInstance: rocket_launch_pipeline.fetch_rocket_data manual__2024-11-06T11:24:16.537614+00:00 [queued]>
[2024-11-27T21:51:59.089+0700] {taskinstance.py:2865} INFO - Starting attempt 1 of 4
[2024-11-27T21:51:59.098+0700] {taskinstance.py:2888} INFO - Executing <Task(BashOperator): fetch_rocket_data> on 2024-11-06 11:24:16.537614+00:00
[2024-11-27T21:51:59.100+0700] {standard_task_runner.py:72} INFO - Started process 32920 to run task
[2024-11-27T21:51:59.102+0700] {standard_task_runner.py:104} INFO - Running: ['airflow', 'tasks', 'run', 'rocket_launch_pipeline', 'fetch_rocket_data', 'manual__2024-11-06T11:24:16.537614+00:00', '--job-id', '88', '--raw', '--subdir', 'DAGS_FOLDER/dag.py', '--cfg-path', '/tmp/tmpm6v0yj5w']
[2024-11-27T21:51:59.102+0700] {standard_task_runner.py:105} INFO - Job 88: Subtask fetch_rocket_data
[2024-11-27T21:51:59.124+0700] {task_command.py:467} INFO - Running <TaskInstance: rocket_launch_pipeline.fetch_rocket_data manual__2024-11-06T11:24:16.537614+00:00 [running]> on host Web-container
[2024-11-27T21:51:59.158+0700] {taskinstance.py:3131} INFO - Exporting env vars: AIRFLOW_CTX_DAG_OWNER='airflow' AIRFLOW_CTX_DAG_ID='rocket_launch_pipeline' AIRFLOW_CTX_TASK_ID='fetch_rocket_data' AIRFLOW_CTX_EXECUTION_DATE='2024-11-06T11:24:16.537614+00:00' AIRFLOW_CTX_TRY_NUMBER='1' AIRFLOW_CTX_DAG_RUN_ID='manual__2024-11-06T11:24:16.537614+00:00'
[2024-11-27T21:51:59.158+0700] {logging_mixin.py:190} INFO - Task instance is in running state
[2024-11-27T21:51:59.159+0700] {logging_mixin.py:190} INFO -  Previous state of the Task instance: queued
[2024-11-27T21:51:59.159+0700] {logging_mixin.py:190} INFO - Current task name:fetch_rocket_data state:running start_date:2024-11-27 14:51:59.086595+00:00
[2024-11-27T21:51:59.159+0700] {logging_mixin.py:190} INFO - Dag name:rocket_launch_pipeline and current dag run status:running
[2024-11-27T21:51:59.159+0700] {taskinstance.py:731} INFO - ::endgroup::
[2024-11-27T21:51:59.159+0700] {subprocess.py:63} INFO - Tmp dir root location: /tmp
[2024-11-27T21:51:59.159+0700] {subprocess.py:75} INFO - Running command: ['/usr/bin/bash', '-c', 'curl -L -o /tmp/launches.json https://ll.thespacedevs.com/2.2.0/launch/upcoming']
[2024-11-27T21:51:59.163+0700] {subprocess.py:86} INFO - Output:
[2024-11-27T21:51:59.166+0700] {subprocess.py:93} INFO -   % Total    % Received % Xferd  Average Speed   Time    Time     Time  Current
[2024-11-27T21:51:59.166+0700] {subprocess.py:93} INFO -                                  Dload  Upload   Total   Spent    Left  Speed
[2024-11-27T21:52:00.537+0700] {subprocess.py:93} INFO -   0     0    0     0    0     0      0      0 --:--:-- --:--:-- --:--:--     0  0     0    0     0    0     0      0      0 --:--:-- --:--:-- --:--:--     0  0     0    0     0    0     0      0      0 --:--:--  0:00:01 --:--:--     0
[2024-11-27T21:52:01.173+0700] {subprocess.py:93} INFO - 100 42006  100 42006    0     0  20934      0  0:00:02  0:00:02 --:--:-- 20934100 42006  100 42006    0     0  20934      0  0:00:02  0:00:02 --:--:--     0
[2024-11-27T21:52:01.175+0700] {subprocess.py:97} INFO - Command exited with return code 0
[2024-11-27T21:52:01.193+0700] {taskinstance.py:340} INFO - ::group::Post task execution logs
[2024-11-27T21:52:01.194+0700] {taskinstance.py:352} INFO - Marking task as SUCCESS. dag_id=rocket_launch_pipeline, task_id=fetch_rocket_data, run_id=manual__2024-11-06T11:24:16.537614+00:00, execution_date=20241106T112416, start_date=20241127T145159, end_date=20241127T145201
[2024-11-27T21:52:01.206+0700] {logging_mixin.py:190} INFO - Task instance in success state
[2024-11-27T21:52:01.207+0700] {logging_mixin.py:190} INFO -  Previous state of the Task instance: running
[2024-11-27T21:52:01.207+0700] {logging_mixin.py:190} INFO - Dag name:rocket_launch_pipeline queued_at:2024-11-06 11:24:16.548574+00:00
[2024-11-27T21:52:01.207+0700] {logging_mixin.py:190} INFO - Task hostname:Web-container operator:BashOperator
[2024-11-27T21:52:01.244+0700] {local_task_job_runner.py:266} INFO - Task exited with return code 0
[2024-11-27T21:52:01.268+0700] {taskinstance.py:3900} INFO - 1 downstream tasks scheduled from follow-on schedule check
[2024-11-27T21:52:01.272+0700] {local_task_job_runner.py:245} INFO - ::endgroup::
[2024-11-27T21:53:22.937+0700] {local_task_job_runner.py:123} INFO - ::group::Pre task execution logs
[2024-11-27T21:53:22.943+0700] {taskinstance.py:2602} INFO - Dependencies not met for <TaskInstance: rocket_launch_pipeline.fetch_rocket_data manual__2024-11-06T11:24:16.537614+00:00 [success]>, dependency 'Task Instance State' FAILED: Task is in the 'success' state.
[2024-11-27T21:53:22.944+0700] {local_task_job_runner.py:166} INFO - Task is not able to be run
